match
match_id 1639335741024_af
match_time 1639335741029
num_bots 1
##MatchConfig
mode FRIENDLY
num_rounds 200
random_seed 42
move_time_limit 1000
coin_spawn_period 5
coin_spawn_volume 2
##MapConfig
map_size 73 22
view_radius 5
mining_radius 1
attack_radius 4
block 9 0
block 10 0
block 11 0
block 12 0
block 13 0
block 43 0
block 44 0
block 45 0
block 46 0
block 47 0
block 0 1
block 9 1
block 10 1
block 11 1
block 12 1
block 13 1
block 43 1
block 44 1
block 45 1
block 46 1
block 47 1
block 68 1
block 69 1
block 70 1
block 71 1
block 72 1
block 0 2
block 9 2
block 10 2
block 11 2
block 12 2
block 13 2
block 43 2
block 44 2
block 45 2
block 46 2
block 47 2
block 51 2
block 52 2
block 53 2
block 54 2
block 55 2
block 56 2
block 57 2
block 68 2
block 69 2
block 70 2
block 71 2
block 72 2
block 0 3
block 9 3
block 10 3
block 11 3
block 12 3
block 13 3
block 23 3
block 24 3
block 25 3
block 26 3
block 43 3
block 44 3
block 45 3
block 46 3
block 47 3
block 51 3
block 52 3
block 53 3
block 54 3
block 55 3
block 56 3
block 57 3
block 68 3
block 69 3
block 70 3
block 71 3
block 72 3
block 0 4
block 9 4
block 10 4
block 11 4
block 12 4
block 13 4
block 23 4
block 24 4
block 25 4
block 26 4
block 27 4
block 28 4
block 29 4
block 30 4
block 43 4
block 44 4
block 45 4
block 46 4
block 47 4
block 51 4
block 52 4
block 53 4
block 54 4
block 55 4
block 56 4
block 57 4
block 68 4
block 69 4
block 70 4
block 71 4
block 72 4
block 23 5
block 24 5
block 25 5
block 26 5
block 27 5
block 28 5
block 29 5
block 30 5
block 51 5
block 52 5
block 53 5
block 54 5
block 55 5
block 56 5
block 57 5
block 58 5
block 59 5
block 0 6
block 1 6
block 27 6
block 28 6
block 29 6
block 30 6
block 31 6
block 32 6
block 33 6
block 34 6
block 35 6
block 51 6
block 52 6
block 53 6
block 54 6
block 55 6
block 56 6
block 57 6
block 58 6
block 59 6
block 71 6
block 72 6
block 0 7
block 1 7
block 19 7
block 20 7
block 21 7
block 22 7
block 27 7
block 28 7
block 29 7
block 30 7
block 31 7
block 32 7
block 33 7
block 34 7
block 35 7
block 51 7
block 52 7
block 53 7
block 54 7
block 55 7
block 56 7
block 57 7
block 58 7
block 59 7
block 71 7
block 72 7
block 0 8
block 1 8
block 19 8
block 20 8
block 21 8
block 22 8
block 27 8
block 28 8
block 29 8
block 30 8
block 31 8
block 32 8
block 33 8
block 34 8
block 35 8
block 52 8
block 53 8
block 54 8
block 57 8
block 58 8
block 59 8
block 61 8
block 62 8
block 63 8
block 64 8
block 65 8
block 66 8
block 71 8
block 72 8
block 0 9
block 1 9
block 27 9
block 28 9
block 29 9
block 30 9
block 31 9
block 32 9
block 33 9
block 34 9
block 35 9
block 52 9
block 53 9
block 54 9
block 60 9
block 61 9
block 62 9
block 63 9
block 64 9
block 65 9
block 66 9
block 71 9
block 72 9
block 0 10
block 1 10
block 29 10
block 30 10
block 31 10
block 32 10
block 34 10
block 35 10
block 52 10
block 53 10
block 54 10
block 60 10
block 61 10
block 71 10
block 72 10
block 29 11
block 30 11
block 31 11
block 32 11
block 56 11
block 57 11
block 58 11
block 59 11
block 60 11
block 61 11
block 25 12
block 26 12
block 27 12
block 28 12
block 29 12
block 47 12
block 48 12
block 51 12
block 52 12
block 53 12
block 54 12
block 55 12
block 56 12
block 57 12
block 58 12
block 59 12
block 60 12
block 61 12
block 0 13
block 1 13
block 2 13
block 25 13
block 26 13
block 27 13
block 28 13
block 29 13
block 47 13
block 48 13
block 51 13
block 52 13
block 53 13
block 54 13
block 55 13
block 56 13
block 57 13
block 58 13
block 59 13
block 60 13
block 61 13
block 71 13
block 72 13
block 0 14
block 1 14
block 2 14
block 6 14
block 7 14
block 8 14
block 9 14
block 10 14
block 11 14
block 12 14
block 14 14
block 15 14
block 16 14
block 17 14
block 18 14
block 19 14
block 20 14
block 25 14
block 26 14
block 27 14
block 28 14
block 29 14
block 35 14
block 36 14
block 47 14
block 48 14
block 51 14
block 52 14
block 53 14
block 54 14
block 55 14
block 56 14
block 57 14
block 58 14
block 59 14
block 60 14
block 61 14
block 71 14
block 72 14
block 6 15
block 7 15
block 8 15
block 9 15
block 10 15
block 11 15
block 12 15
block 14 15
block 15 15
block 16 15
block 17 15
block 18 15
block 19 15
block 20 15
block 25 15
block 26 15
block 27 15
block 28 15
block 29 15
block 35 15
block 36 15
block 47 15
block 48 15
block 51 15
block 52 15
block 53 15
block 54 15
block 55 15
block 56 15
block 57 15
block 58 15
block 59 15
block 60 15
block 61 15
block 6 16
block 7 16
block 8 16
block 9 16
block 10 16
block 11 16
block 12 16
block 14 16
block 15 16
block 16 16
block 17 16
block 18 16
block 19 16
block 20 16
block 25 16
block 26 16
block 27 16
block 28 16
block 29 16
block 35 16
block 36 16
block 51 16
block 52 16
block 53 16
block 54 16
block 55 16
block 56 16
block 57 16
block 58 16
block 59 16
block 60 16
block 61 16
block 70 16
block 71 16
block 6 17
block 7 17
block 8 17
block 9 17
block 10 17
block 11 17
block 12 17
block 14 17
block 15 17
block 16 17
block 17 17
block 18 17
block 19 17
block 20 17
block 35 17
block 36 17
block 51 17
block 52 17
block 53 17
block 54 17
block 55 17
block 56 17
block 57 17
block 70 17
block 71 17
block 6 18
block 7 18
block 8 18
block 9 18
block 10 18
block 11 18
block 12 18
block 14 18
block 15 18
block 16 18
block 17 18
block 18 18
block 19 18
block 20 18
block 47 18
block 48 18
block 49 18
block 50 18
block 51 18
block 52 18
block 53 18
block 54 18
block 55 18
block 56 18
block 57 18
block 70 18
block 71 18
block 6 19
block 7 19
block 8 19
block 9 19
block 10 19
block 11 19
block 12 19
block 14 19
block 15 19
block 16 19
block 17 19
block 18 19
block 19 19
block 20 19
block 39 19
block 40 19
block 41 19
block 42 19
block 43 19
block 44 19
block 47 19
block 48 19
block 49 19
block 50 19
block 51 19
block 52 19
block 53 19
block 70 19
block 71 19
block 9 20
block 10 20
block 11 20
block 12 20
block 13 20
block 14 20
block 15 20
block 16 20
block 17 20
block 18 20
block 19 20
block 20 20
block 39 20
block 40 20
block 41 20
block 42 20
block 43 20
block 44 20
block 47 20
block 48 20
block 49 20
block 50 20
block 51 20
block 52 20
block 53 20
block 9 21
block 10 21
block 11 21
block 12 21
block 13 21
block 39 21
block 40 21
block 41 21
block 42 21
block 43 21
block 44 21
block 45 21
block 46 21
block 47 21
block 48 21
block 49 21
block 50 21
block 51 21
block 52 21
block 53 21
##BotsAndCoinsInfo
bot_name 0 starter-bot
bot 0 66 14
bot_coins 0 0
coin 13 15
coin 60 6
round 1
bot 0 66 15
round 2
bot 0 66 16
round 3
bot 0 66 17
round 4
bot 0 66 18
round 5
bot 0 66 19
coin 13 16
coin 60 5
round 6
bot 0 66 20
round 7
bot 0 66 21
round 8
bot 0 65 20
round 9
bot 0 65 19
round 10
bot 0 65 18
coin 30 19
coin 42 2
round 11
bot 0 65 17
round 12
bot 0 65 16
round 13
bot 0 65 15
round 14
bot 0 65 14
round 15
bot 0 65 13
coin 38 2
coin 34 19
round 16
bot 0 65 12
round 17
bot 0 65 11
round 18
bot 0 65 10
round 19
round 20
coin 54 19
coin 18 2
round 21
round 22
round 23
round 24
round 25
coin 65 18
coin 7 3
round 26
round 27
round 28
round 29
round 30
coin 30 0
coin 42 0
round 31
round 32
round 33
round 34
round 35
coin 8 0
coin 64 21
round 36
round 37
round 38
round 39
round 40
coin 65 20
coin 7 1
round 41
round 42
round 43
round 44
round 45
coin 49 9
coin 23 12
round 46
round 47
round 48
round 49
round 50
coin 54 11
coin 18 10
round 51
round 52
round 53
round 54
round 55
coin 69 9
coin 3 12
round 56
round 57
round 58
round 59
round 60
coin 72 19
coin 1 2
round 61
round 62
round 63
round 64
round 65
coin 31 5
coin 41 16
round 66
round 67
round 68
round 69
round 70
coin 29 18
coin 42 3
round 71
round 72
round 73
round 74
round 75
coin 58 4
coin 13 17
round 76
round 77
round 78
round 79
round 80
coin 15 13
coin 56 8
round 81
round 82
round 83
round 84
round 85
coin 58 3
coin 13 18
round 86
round 87
round 88
round 89
round 90
coin 57 10
coin 15 11
round 91
round 92
round 93
round 94
round 95
coin 50 4
coin 22 17
round 96
round 97
round 98
round 99
round 100
coin 37 3
coin 35 18
round 101
round 102
round 103
round 104
round 105
coin 50 13
coin 23 8
round 106
round 107
round 108
round 109
round 110
coin 12 6
coin 62 15
round 111
round 112
round 113
round 114
round 115
coin 55 8
coin 17 13
round 116
round 117
round 118
round 119
round 120
coin 53 11
coin 19 10
round 121
round 122
round 123
round 124
round 125
coin 48 2
coin 24 19
round 126
round 127
round 128
round 129
round 130
coin 28 3
coin 44 18
round 131
round 132
round 133
round 134
round 135
coin 26 2
coin 46 19
round 136
round 137
round 138
round 139
round 140
coin 65 17
coin 7 4
round 141
round 142
round 143
round 144
round 145
coin 37 15
coin 36 6
round 146
round 147
round 148
round 149
round 150
coin 4 3
coin 68 18
round 151
round 152
round 153
round 154
round 155
coin 35 19
coin 37 2
round 156
round 157
round 158
round 159
round 160
coin 24 6
coin 49 15
round 161
round 162
round 163
round 164
round 165
coin 48 3
coin 24 18
round 166
round 167
round 168
round 169
round 170
coin 63 15
coin 9 6
round 171
round 172
round 173
round 174
round 175
coin 64 13
coin 8 8
round 176
round 177
round 178
round 179
round 180
coin 9 13
coin 63 7
round 181
round 182
round 183
round 184
round 185
coin 6 5
coin 66 16
round 186
round 187
round 188
round 189
round 190
coin 14 8
coin 58 10
round 191
round 192
round 193
round 194
round 195
coin 2 21
coin 70 0
round 196
round 197
round 198
round 199
round 200
coin 43 14
coin 26 7
match_over 0
