match
match_id 1639475318279_ad
match_time 1639475318282
num_bots 1
##MatchConfig
mode FRIENDLY
num_rounds 200
random_seed 42
move_time_limit 1000
coin_spawn_period 5
coin_spawn_volume 2
##MapConfig
map_size 74 20
view_radius 5
mining_radius 1
attack_radius 4
block 0 0
block 7 0
block 8 0
block 9 0
block 10 0
block 11 0
block 12 0
block 13 0
block 24 0
block 25 0
block 26 0
block 27 0
block 28 0
block 29 0
block 30 0
block 45 0
block 46 0
block 47 0
block 48 0
block 70 0
block 71 0
block 72 0
block 73 0
block 7 1
block 8 1
block 10 1
block 11 1
block 24 1
block 25 1
block 26 1
block 27 1
block 28 1
block 29 1
block 30 1
block 45 1
block 46 1
block 47 1
block 48 1
block 10 2
block 11 2
block 45 2
block 46 2
block 47 2
block 48 2
block 10 3
block 11 3
block 45 3
block 46 3
block 47 3
block 48 3
block 10 4
block 11 4
block 10 5
block 11 5
block 14 6
block 15 6
block 16 6
block 56 6
block 57 6
block 58 6
block 59 6
block 60 6
block 61 6
block 14 7
block 15 7
block 16 7
block 47 7
block 48 7
block 49 7
block 50 7
block 51 7
block 52 7
block 56 7
block 57 7
block 58 7
block 59 7
block 60 7
block 61 7
block 16 8
block 17 8
block 33 8
block 34 8
block 35 8
block 39 8
block 40 8
block 41 8
block 42 8
block 43 8
block 47 8
block 48 8
block 49 8
block 50 8
block 51 8
block 52 8
block 56 8
block 57 8
block 58 8
block 59 8
block 60 8
block 61 8
block 16 9
block 17 9
block 33 9
block 34 9
block 35 9
block 39 9
block 40 9
block 41 9
block 42 9
block 43 9
block 56 9
block 57 9
block 58 9
block 59 9
block 60 9
block 61 9
block 0 10
block 16 10
block 17 10
block 18 10
block 19 10
block 20 10
block 33 10
block 34 10
block 35 10
block 39 10
block 40 10
block 41 10
block 42 10
block 43 10
block 56 10
block 57 10
block 58 10
block 59 10
block 60 10
block 61 10
block 68 10
block 69 10
block 70 10
block 71 10
block 72 10
block 73 10
block 0 11
block 13 11
block 14 11
block 15 11
block 16 11
block 17 11
block 18 11
block 19 11
block 20 11
block 33 11
block 34 11
block 35 11
block 39 11
block 40 11
block 41 11
block 42 11
block 43 11
block 60 11
block 61 11
block 62 11
block 63 11
block 64 11
block 65 11
block 68 11
block 69 11
block 70 11
block 71 11
block 72 11
block 73 11
block 13 12
block 14 12
block 15 12
block 16 12
block 17 12
block 18 12
block 19 12
block 20 12
block 33 12
block 34 12
block 35 12
block 39 12
block 40 12
block 41 12
block 42 12
block 43 12
block 60 12
block 61 12
block 62 12
block 63 12
block 64 12
block 65 12
block 13 13
block 14 13
block 15 13
block 16 13
block 17 13
block 18 13
block 19 13
block 20 13
block 39 13
block 40 13
block 41 13
block 42 13
block 43 13
block 60 13
block 61 13
block 62 13
block 63 13
block 64 13
block 65 13
block 13 14
block 14 14
block 15 14
block 16 14
block 17 14
block 18 14
block 19 14
block 20 14
block 42 14
block 43 14
block 60 14
block 61 14
block 62 14
block 63 14
block 64 14
block 65 14
block 7 15
block 8 15
block 13 15
block 14 15
block 15 15
block 16 15
block 17 15
block 18 15
block 19 15
block 20 15
block 42 15
block 43 15
block 0 16
block 7 16
block 8 16
block 13 16
block 14 16
block 15 16
block 16 16
block 17 16
block 42 16
block 43 16
block 58 16
block 59 16
block 60 16
block 61 16
block 62 16
block 63 16
block 64 16
block 70 16
block 71 16
block 72 16
block 73 16
block 0 17
block 7 17
block 8 17
block 9 17
block 10 17
block 11 17
block 12 17
block 13 17
block 14 17
block 15 17
block 16 17
block 17 17
block 45 17
block 46 17
block 47 17
block 48 17
block 52 17
block 53 17
block 54 17
block 55 17
block 58 17
block 59 17
block 60 17
block 61 17
block 62 17
block 63 17
block 64 17
block 70 17
block 71 17
block 72 17
block 73 17
block 0 18
block 7 18
block 8 18
block 9 18
block 10 18
block 11 18
block 12 18
block 13 18
block 15 18
block 16 18
block 17 18
block 18 18
block 19 18
block 20 18
block 21 18
block 45 18
block 46 18
block 47 18
block 48 18
block 52 18
block 53 18
block 54 18
block 55 18
block 58 18
block 59 18
block 60 18
block 61 18
block 62 18
block 63 18
block 64 18
block 70 18
block 71 18
block 72 18
block 73 18
block 0 19
block 7 19
block 8 19
block 9 19
block 10 19
block 11 19
block 12 19
block 13 19
block 15 19
block 16 19
block 17 19
block 18 19
block 19 19
block 20 19
block 21 19
block 24 19
block 25 19
block 26 19
block 27 19
block 28 19
block 29 19
block 30 19
block 45 19
block 46 19
block 47 19
block 48 19
block 52 19
block 53 19
block 54 19
block 55 19
block 70 19
block 71 19
block 72 19
block 73 19
##BotsAndCoinsInfo
bot_name 0 starter-bot
bot 0 51 11
bot_coins 0 0
coin 14 3
coin 59 15
round 1
bot 0 51 12
round 2
bot 0 51 13
round 3
bot 0 51 14
round 4
bot 0 51 15
round 5
bot 0 51 16
coin 2 4
coin 71 15
round 6
bot 0 51 17
round 7
bot 0 51 18
round 8
bot 0 51 19
round 9
bot 0 50 18
round 10
bot 0 50 17
coin 48 5
coin 25 14
round 11
bot 0 50 16
round 12
bot 0 50 15
round 13
bot 0 50 14
round 14
bot 0 50 13
round 15
bot 0 50 12
coin 11 16
coin 62 3
round 16
bot 0 50 11
round 17
bot 0 50 10
round 18
bot 0 50 9
round 19
bot 0 49 9
round 20
bot 0 48 9
coin 57 13
coin 17 6
round 21
bot 0 47 9
round 22
bot 0 46 9
round 23
round 24
round 25
coin 64 2
coin 9 16
round 26
round 27
round 28
round 29
round 30
coin 24 12
coin 49 6
round 31
round 32
round 33
round 34
round 35
coin 48 12
coin 25 7
round 36
round 37
round 38
round 39
round 40
bot 0 46 8
coin 30 10
coin 44 9
round 41
bot 0 46 7
round 42
bot 0 46 6
round 43
bot 0 46 5
round 44
bot 0 46 4
round 45
bot 0 45 4
coin 65 9
coin 8 10
round 46
bot 0 44 4
round 47
bot 0 44 3
round 48
bot 0 44 2
round 49
bot 0 44 1
round 50
bot 0 44 0
coin 62 2
coin 10 16
round 51
bot 0 43 1
round 52
bot 0 43 2
round 53
bot 0 43 3
round 54
bot 0 43 4
round 55
bot 0 43 5
coin 40 14
coin 33 5
round 56
bot 0 43 6
round 57
bot 0 43 7
round 58
bot 0 42 7
round 59
bot 0 41 7
round 60
bot 0 40 7
coin 7 2
coin 66 17
round 61
bot 0 39 7
round 62
bot 0 38 7
round 63
bot 0 38 8
round 64
bot 0 38 9
round 65
bot 0 38 10
coin 44 18
coin 29 2
round 66
bot 0 38 11
round 67
bot 0 38 12
round 68
bot 0 38 13
round 69
bot 0 38 14
round 70
bot 0 38 15
coin 19 6
coin 54 13
round 71
bot 0 38 16
round 72
bot 0 38 17
round 73
bot 0 38 18
round 74
bot 0 38 19
round 75
bot 0 37 18
coin 68 16
coin 5 3
round 76
bot 0 37 17
round 77
bot 0 37 16
round 78
bot 0 37 15
round 79
bot 0 37 14
round 80
bot 0 37 13
coin 20 5
coin 53 14
round 81
bot 0 37 12
round 82
bot 0 37 11
round 83
bot 0 37 10
round 84
bot 0 37 9
round 85
bot 0 37 8
coin 37 7
coin 36 12
round 86
bot 0 37 7
coin_collected 37 7 0
bot_coins 0 1
round 87
bot 0 37 6
round 88
bot 0 37 5
round 89
bot 0 37 4
round 90
bot 0 37 3
coin 10 13
coin 63 6
round 91
bot 0 37 2
round 92
bot 0 37 1
round 93
bot 0 37 0
round 94
bot 0 36 1
round 95
bot 0 36 2
coin 59 4
coin 12 15
round 96
bot 0 36 3
round 97
bot 0 36 4
round 98
bot 0 36 5
round 99
bot 0 36 6
round 100
bot 0 36 7
coin 23 5
coin 50 14
round 101
bot 0 36 8
round 102
bot 0 36 9
round 103
bot 0 36 10
round 104
bot 0 36 11
coin_collected 36 12 0
bot_coins 0 2
round 105
bot 0 36 12
coin 18 17
coin 55 2
round 106
bot 0 36 13
round 107
bot 0 36 14
round 108
bot 0 36 15
round 109
bot 0 36 16
round 110
bot 0 36 17
coin 1 14
coin 72 5
round 111
bot 0 36 18
round 112
bot 0 36 19
round 113
bot 0 35 18
round 114
bot 0 35 17
round 115
bot 0 35 16
coin 57 15
coin 16 4
round 116
bot 0 35 15
round 117
bot 0 35 14
round 118
bot 0 35 13
round 119
bot 0 34 13
round 120
bot 0 33 13
coin 65 3
coin 9 15
round 121
bot 0 32 13
round 122
bot 0 32 12
round 123
bot 0 32 11
round 124
bot 0 32 10
round 125
bot 0 32 9
coin 71 1
coin 2 18
round 126
bot 0 32 8
round 127
bot 0 32 7
round 128
bot 0 32 6
round 129
bot 0 32 5
coin_collected 33 5 0
bot_coins 0 3
round 130
coin 40 16
coin 33 3
round 131
round 132
match_over 0
round 133
