match
match_id 1639214395967_li
match_time 1639214395971
num_bots 1
##MatchConfig
mode FRIENDLY
num_rounds 200
random_seed 42
move_time_limit 1000
coin_spawn_period 5
coin_spawn_volume 2
##MapConfig
map_size 71 26
view_radius 6
mining_radius 1
attack_radius 3
block 25 2
block 26 2
block 27 2
block 28 2
block 29 2
block 25 3
block 26 3
block 27 3
block 28 3
block 29 3
block 25 4
block 26 4
block 27 4
block 28 4
block 29 4
block 25 5
block 26 5
block 27 5
block 28 5
block 29 5
block 25 6
block 26 6
block 27 6
block 28 6
block 29 6
block 25 7
block 26 7
block 27 7
block 28 7
block 29 7
block 0 8
block 1 8
block 69 8
block 70 8
block 0 9
block 1 9
block 69 9
block 70 9
block 0 10
block 1 10
block 69 10
block 70 10
block 0 11
block 1 11
block 69 11
block 70 11
block 0 12
block 1 12
block 37 12
block 38 12
block 69 12
block 70 12
block 0 13
block 1 13
block 37 13
block 38 13
block 69 13
block 70 13
block 0 14
block 1 14
block 37 14
block 38 14
block 69 14
block 70 14
block 37 15
block 38 15
block 62 15
block 63 15
block 64 15
block 65 15
block 66 15
block 67 15
block 37 16
block 38 16
block 62 16
block 63 16
block 64 16
block 65 16
block 66 16
block 67 16
block 37 17
block 38 17
block 62 17
block 63 17
block 64 17
block 65 17
block 66 17
block 67 17
block 37 18
block 38 18
block 62 18
block 63 18
block 64 18
block 65 18
block 66 18
block 67 18
block 16 19
block 17 19
block 62 19
block 63 19
block 64 19
block 65 19
block 66 19
block 67 19
block 16 20
block 17 20
block 62 20
block 63 20
block 64 20
block 65 20
block 66 20
block 67 20
block 16 21
block 17 21
block 16 22
block 17 22
block 49 22
block 50 22
block 49 23
block 50 23
##BotsAndCoinsInfo
bot_name 0 starter-bot
bot 0 45 20
bot_coins 0 0
coin 18 7
coin 52 18
round 1
bot 0 45 21
round 2
bot 0 45 22
round 3
bot 0 45 23
round 4
bot 0 45 24
round 5
bot 0 45 25
coin 11 12
coin 59 13
round 6
bot 0 45 24
round 7
bot 0 45 23
round 8
bot 0 45 22
round 9
bot 0 45 21
round 10
bot 0 45 20
coin 15 17
coin 55 8
round 11
bot 0 45 19
round 12
bot 0 45 18
round 13
bot 0 45 17
round 14
bot 0 45 16
round 15
bot 0 45 15
coin 41 16
coin 29 9
round 16
bot 0 45 14
round 17
bot 0 45 13
round 18
bot 0 45 12
round 19
bot 0 45 11
round 20
bot 0 45 10
coin 30 15
coin 40 10
round 21
bot 0 45 9
round 22
bot 0 45 8
round 23
bot 0 45 7
round 24
bot 0 45 6
round 25
bot 0 45 5
coin 20 0
coin 50 25
round 26
bot 0 45 4
round 27
bot 0 45 3
round 28
bot 0 45 2
round 29
bot 0 45 1
round 30
bot 0 45 0
coin 47 6
coin 23 19
round 31
bot 0 45 25
round 32
bot 0 45 24
round 33
bot 0 45 23
round 34
bot 0 45 22
round 35
bot 0 45 21
coin 52 4
coin 18 21
round 36
bot 0 45 20
round 37
bot 0 45 19
round 38
bot 0 45 18
round 39
bot 0 45 17
round 40
bot 0 45 16
coin 5 8
coin 68 17
round 41
bot 0 45 15
round 42
bot 0 45 14
round 43
bot 0 45 13
round 44
bot 0 45 12
round 45
bot 0 45 11
coin 32 25
coin 38 0
round 46
bot 0 45 10
round 47
bot 0 45 9
round 48
bot 0 45 8
round 49
bot 0 45 7
round 50
bot 0 45 6
coin 61 17
coin 9 8
round 51
bot 0 45 5
round 52
bot 0 45 4
round 53
bot 0 45 3
round 54
bot 0 45 2
round 55
bot 0 45 1
coin 32 17
coin 38 8
round 56
bot 0 45 0
round 57
bot 0 45 25
round 58
bot 0 45 24
round 59
bot 0 45 23
round 60
bot 0 45 22
coin 35 21
coin 35 4
round 61
bot 0 45 21
round 62
bot 0 45 20
round 63
bot 0 45 19
round 64
bot 0 45 18
round 65
bot 0 45 17
coin 43 6
coin 27 19
round 66
bot 0 45 16
round 67
bot 0 45 15
round 68
bot 0 45 14
round 69
bot 0 45 13
round 70
bot 0 45 12
coin 44 24
coin 26 1
round 71
bot 0 45 11
round 72
bot 0 45 10
round 73
bot 0 45 9
round 74
bot 0 45 8
round 75
bot 0 45 7
coin 25 10
coin 45 15
round 76
bot 0 45 6
round 77
bot 0 45 5
round 78
bot 0 45 4
round 79
bot 0 45 3
round 80
bot 0 45 2
coin 8 7
coin 61 18
round 81
bot 0 45 1
round 82
bot 0 45 0
round 83
bot 0 45 25
round 84
bot 0 45 24
coin_collected 44 24 0
bot_coins 0 1
round 85
bot 0 45 23
coin 19 21
coin 51 4
round 86
bot 0 45 22
round 87
bot 0 45 21
round 88
bot 0 45 20
round 89
bot 0 45 19
round 90
bot 0 45 18
coin 46 11
coin 24 14
round 91
bot 0 45 17
round 92
bot 0 45 16
coin_collected 45 15 0
bot_coins 0 2
round 93
bot 0 45 15
round 94
bot 0 45 14
round 95
bot 0 45 13
coin 59 10
coin 11 15
round 96
bot 0 45 12
round 97
bot 0 45 11
coin_collected 46 11 0
bot_coins 0 3
round 98
bot 0 45 10
round 99
bot 0 45 9
round 100
bot 0 45 8
coin 56 5
coin 14 20
round 101
bot 0 45 7
round 102
bot 0 45 6
round 103
bot 0 45 5
round 104
bot 0 45 4
round 105
bot 0 45 3
coin 35 3
coin 35 22
round 106
bot 0 45 2
round 107
bot 0 45 1
round 108
bot 0 45 0
round 109
bot 0 45 25
round 110
bot 0 45 24
coin 8 2
coin 62 23
round 111
bot 0 45 23
round 112
bot 0 45 22
round 113
bot 0 45 21
round 114
bot 0 45 20
round 115
bot 0 45 19
coin 65 21
coin 5 4
round 116
bot 0 45 18
round 117
bot 0 45 17
round 118
bot 0 45 16
round 119
bot 0 45 15
round 120
bot 0 45 14
coin 64 23
coin 6 2
round 121
bot 0 45 13
round 122
bot 0 45 12
round 123
bot 0 45 11
round 124
bot 0 45 10
round 125
bot 0 45 9
coin 8 18
coin 62 7
round 126
bot 0 45 8
round 127
bot 0 45 7
round 128
bot 0 45 6
round 129
bot 0 45 5
round 130
bot 0 45 4
coin 39 2
coin 31 23
round 131
bot 0 45 3
round 132
bot 0 45 2
round 133
bot 0 45 1
round 134
bot 0 45 0
round 135
bot 0 45 25
coin 9 16
coin 61 9
round 136
bot 0 45 24
round 137
bot 0 45 23
round 138
bot 0 45 22
round 139
bot 0 45 21
round 140
bot 0 45 20
coin 39 15
coin 31 10
round 141
bot 0 45 19
round 142
bot 0 45 18
round 143
bot 0 45 17
round 144
bot 0 45 16
round 145
bot 0 45 15
coin 59 1
coin 11 24
round 146
bot 0 45 14
round 147
bot 0 45 13
round 148
bot 0 45 12
round 149
bot 0 45 11
round 150
bot 0 45 10
coin 2 9
coin 68 16
round 151
bot 0 45 9
round 152
bot 0 45 8
round 153
bot 0 45 7
round 154
bot 0 45 6
round 155
bot 0 45 5
coin 58 9
coin 12 16
round 156
bot 0 45 4
round 157
bot 0 45 3
round 158
bot 0 45 2
round 159
bot 0 45 1
round 160
bot 0 45 0
coin 39 6
coin 31 19
round 161
bot 0 45 25
round 162
bot 0 45 24
round 163
bot 0 45 23
round 164
bot 0 45 22
round 165
bot 0 45 21
coin 69 15
coin 2 10
round 166
bot 0 45 20
round 167
bot 0 45 19
round 168
bot 0 45 18
round 169
bot 0 45 17
round 170
bot 0 45 16
coin 36 5
coin 34 20
round 171
bot 0 45 15
round 172
bot 0 45 14
round 173
bot 0 45 13
round 174
bot 0 45 12
round 175
bot 0 45 11
coin 50 21
coin 20 4
round 176
bot 0 45 10
round 177
bot 0 45 9
round 178
bot 0 45 8
round 179
bot 0 45 7
round 180
bot 0 45 6
coin 35 13
coin 35 12
round 181
bot 0 45 5
round 182
bot 0 45 4
round 183
bot 0 45 3
round 184
bot 0 45 2
round 185
bot 0 45 1
coin 16 7
coin 54 18
round 186
bot 0 45 0
round 187
bot 0 45 25
round 188
bot 0 45 24
round 189
bot 0 45 23
round 190
bot 0 45 22
coin 40 20
coin 30 5
round 191
bot 0 45 21
round 192
bot 0 45 20
round 193
bot 0 45 19
round 194
bot 0 45 18
round 195
bot 0 45 17
coin 4 21
coin 66 4
round 196
bot 0 45 16
round 197
bot 0 45 15
round 198
bot 0 45 14
round 199
bot 0 45 13
round 200
bot 0 45 12
coin 59 24
coin 11 1
match_over 0
