match
match_id 1639175277954_fd
match_time 1639175277956
num_bots 1
##MatchConfig
mode FRIENDLY
num_rounds 200
random_seed 42
move_time_limit 1000
coin_spawn_period 5
coin_spawn_volume 2
##MapConfig
map_size 66 29
view_radius 5
mining_radius 1
attack_radius 4
block 47 0
block 48 0
block 49 0
block 58 0
block 59 0
block 60 0
block 61 0
block 62 0
block 63 0
block 64 0
block 58 1
block 59 1
block 60 1
block 61 1
block 62 1
block 63 1
block 64 1
block 43 3
block 44 3
block 45 3
block 46 3
block 47 3
block 43 4
block 44 4
block 45 4
block 46 4
block 47 4
block 27 5
block 28 5
block 29 5
block 43 5
block 44 5
block 45 5
block 46 5
block 47 5
block 27 6
block 28 6
block 29 6
block 43 6
block 44 6
block 45 6
block 46 6
block 47 6
block 3 7
block 4 7
block 27 7
block 28 7
block 29 7
block 30 7
block 31 7
block 3 8
block 4 8
block 26 8
block 27 8
block 28 8
block 29 8
block 30 8
block 31 8
block 32 8
block 3 9
block 4 9
block 26 9
block 27 9
block 28 9
block 29 9
block 30 9
block 31 9
block 32 9
block 3 10
block 4 10
block 26 10
block 27 10
block 28 10
block 29 10
block 30 10
block 31 10
block 32 10
block 62 10
block 63 10
block 64 10
block 26 11
block 27 11
block 28 11
block 29 11
block 30 11
block 31 11
block 32 11
block 55 11
block 56 11
block 57 11
block 58 11
block 59 11
block 60 11
block 61 11
block 62 11
block 63 11
block 64 11
block 12 12
block 13 12
block 14 12
block 15 12
block 16 12
block 17 12
block 18 12
block 20 12
block 21 12
block 26 12
block 27 12
block 28 12
block 29 12
block 30 12
block 31 12
block 32 12
block 55 12
block 56 12
block 57 12
block 58 12
block 59 12
block 60 12
block 61 12
block 10 13
block 11 13
block 12 13
block 13 13
block 14 13
block 15 13
block 16 13
block 17 13
block 18 13
block 20 13
block 21 13
block 22 13
block 29 13
block 30 13
block 31 13
block 55 13
block 56 13
block 57 13
block 58 13
block 59 13
block 60 13
block 61 13
block 1 14
block 2 14
block 3 14
block 4 14
block 5 14
block 10 14
block 11 14
block 12 14
block 14 14
block 15 14
block 16 14
block 17 14
block 18 14
block 19 14
block 20 14
block 21 14
block 22 14
block 45 14
block 46 14
block 47 14
block 48 14
block 49 14
block 50 14
block 51 14
block 55 14
block 56 14
block 57 14
block 58 14
block 59 14
block 60 14
block 61 14
block 1 15
block 2 15
block 3 15
block 4 15
block 5 15
block 10 15
block 11 15
block 12 15
block 14 15
block 15 15
block 16 15
block 17 15
block 18 15
block 19 15
block 20 15
block 21 15
block 22 15
block 45 15
block 46 15
block 47 15
block 48 15
block 49 15
block 50 15
block 51 15
block 10 16
block 11 16
block 12 16
block 14 16
block 15 16
block 16 16
block 17 16
block 18 16
block 19 16
block 20 16
block 21 16
block 28 16
block 29 16
block 30 16
block 31 16
block 45 16
block 46 16
block 47 16
block 48 16
block 49 16
block 50 16
block 51 16
block 1 17
block 2 17
block 10 17
block 11 17
block 12 17
block 14 17
block 15 17
block 16 17
block 17 17
block 18 17
block 19 17
block 20 17
block 21 17
block 28 17
block 29 17
block 30 17
block 31 17
block 45 17
block 46 17
block 47 17
block 48 17
block 49 17
block 50 17
block 51 17
block 1 18
block 2 18
block 3 18
block 4 18
block 5 18
block 6 18
block 10 18
block 11 18
block 12 18
block 14 18
block 15 18
block 16 18
block 17 18
block 18 18
block 19 18
block 20 18
block 21 18
block 46 18
block 47 18
block 1 19
block 2 19
block 3 19
block 4 19
block 5 19
block 6 19
block 10 19
block 11 19
block 12 19
block 13 19
block 14 19
block 15 19
block 16 19
block 17 19
block 18 19
block 19 19
block 20 19
block 46 19
block 47 19
block 1 20
block 2 20
block 3 20
block 4 20
block 5 20
block 6 20
block 10 20
block 11 20
block 12 20
block 13 20
block 14 20
block 15 20
block 16 20
block 17 20
block 18 20
block 19 20
block 20 20
block 46 20
block 47 20
block 2 21
block 3 21
block 4 21
block 5 21
block 6 21
block 10 21
block 11 21
block 12 21
block 13 21
block 14 21
block 26 21
block 27 21
block 28 21
block 45 21
block 46 21
block 47 21
block 48 21
block 49 21
block 50 21
block 51 21
block 2 22
block 3 22
block 4 22
block 5 22
block 6 22
block 10 22
block 11 22
block 12 22
block 13 22
block 14 22
block 26 22
block 27 22
block 28 22
block 45 22
block 46 22
block 47 22
block 48 22
block 49 22
block 50 22
block 51 22
block 57 22
block 58 22
block 59 22
block 60 22
block 61 22
block 62 22
block 63 22
block 2 23
block 3 23
block 4 23
block 5 23
block 6 23
block 10 23
block 11 23
block 12 23
block 13 23
block 14 23
block 26 23
block 27 23
block 28 23
block 45 23
block 46 23
block 47 23
block 48 23
block 49 23
block 50 23
block 51 23
block 57 23
block 58 23
block 59 23
block 60 23
block 61 23
block 62 23
block 63 23
block 0 24
block 1 24
block 2 24
block 3 24
block 4 24
block 5 24
block 6 24
block 10 24
block 11 24
block 12 24
block 13 24
block 14 24
block 32 24
block 33 24
block 34 24
block 35 24
block 36 24
block 45 24
block 46 24
block 47 24
block 48 24
block 49 24
block 50 24
block 51 24
block 57 24
block 58 24
block 59 24
block 60 24
block 61 24
block 62 24
block 63 24
block 65 24
block 0 25
block 1 25
block 2 25
block 3 25
block 4 25
block 5 25
block 32 25
block 33 25
block 34 25
block 35 25
block 36 25
block 45 25
block 46 25
block 47 25
block 48 25
block 49 25
block 50 25
block 51 25
block 57 25
block 58 25
block 59 25
block 60 25
block 61 25
block 62 25
block 63 25
block 65 25
block 32 26
block 33 26
block 34 26
block 35 26
block 36 26
block 47 26
block 48 26
block 49 26
block 57 26
block 58 26
block 59 26
block 60 26
block 61 26
block 62 26
block 63 26
block 64 26
block 65 26
block 30 27
block 31 27
block 32 27
block 33 27
block 34 27
block 35 27
block 36 27
block 47 27
block 48 27
block 49 27
block 57 27
block 58 27
block 59 27
block 60 27
block 61 27
block 62 27
block 63 27
block 64 27
block 65 27
block 30 28
block 31 28
block 32 28
block 33 28
block 34 28
block 35 28
block 36 28
block 47 28
block 48 28
block 49 28
block 57 28
block 58 28
block 59 28
block 60 28
block 61 28
block 62 28
block 63 28
##BotsAndCoinsInfo
bot_name 0 starter-bot
bot 0 32 1
bot_coins 0 0
coin 62 9
coin 3 17
round 1
bot 0 32 2
round 2
bot 0 32 3
round 3
bot 0 32 4
round 4
bot 0 32 5
round 5
bot 0 32 6
coin 30 15
coin 35 13
round 6
bot 0 32 7
round 7
round 8
round 9
round 10
coin 36 23
coin 30 5
round 11
round 12
round 13
round 14
round 15
coin 23 8
coin 42 20
round 16
round 17
round 18
round 19
round 20
coin 43 25
coin 22 3
round 21
round 22
round 23
round 24
round 25
coin 44 22
coin 21 6
round 26
round 27
round 28
round 29
round 30
coin 24 15
coin 41 13
round 31
round 32
round 33
round 34
round 35
coin 1 21
coin 64 7
round 36
round 37
round 38
round 39
round 40
coin 48 1
coin 17 27
round 41
round 42
round 43
round 44
round 45
coin 55 2
coin 10 26
round 46
round 47
round 48
round 49
round 50
coin 31 26
coin 34 2
round 51
round 52
round 53
round 54
round 55
coin 13 18
coin 52 10
round 56
round 57
round 58
round 59
round 60
coin 23 19
coin 42 9
round 61
round 62
round 63
round 64
round 65
coin 10 8
coin 55 20
round 66
round 67
round 68
round 69
round 70
coin 37 11
coin 28 18
round 71
round 72
round 73
round 74
round 75
coin 22 1
coin 43 27
round 76
round 77
round 78
round 79
round 80
coin 56 16
coin 9 12
round 81
round 82
round 83
round 84
round 85
coin 65 8
coin 0 20
round 86
round 87
round 88
round 89
round 90
coin 54 27
coin 11 1
round 91
round 92
round 93
round 94
round 95
coin 43 22
coin 22 6
round 96
round 97
round 98
round 99
round 100
coin 35 22
coin 30 6
round 101
round 102
round 103
round 104
round 105
coin 23 23
coin 42 5
round 106
round 107
round 108
round 109
round 110
coin 65 15
coin 0 13
round 111
round 112
round 113
round 114
round 115
coin 1 0
coin 64 28
round 116
round 117
round 118
round 119
round 120
coin 7 14
coin 58 15
round 121
round 122
round 123
round 124
round 125
coin 37 2
coin 28 26
round 126
round 127
round 128
round 129
round 130
coin 8 10
coin 57 18
round 131
round 132
round 133
round 134
round 135
coin 0 19
coin 65 9
round 136
round 137
round 138
round 139
round 140
coin 55 22
coin 10 6
round 141
round 142
round 143
round 144
round 145
coin 26 5
coin 39 23
round 146
round 147
round 148
round 149
round 150
coin 1 6
coin 64 22
round 151
round 152
round 153
round 154
round 155
coin 26 20
coin 39 8
round 156
round 157
round 158
round 159
round 160
coin 26 13
coin 39 15
round 161
round 162
round 163
round 164
round 165
coin 38 25
coin 27 3
round 166
round 167
round 168
round 169
round 170
coin 45 7
coin 20 21
round 171
round 172
round 173
round 174
round 175
coin 16 21
coin 49 7
round 176
round 177
round 178
round 179
round 180
coin 13 5
coin 52 23
round 181
round 182
round 183
round 184
round 185
coin 1 23
coin 64 5
round 186
round 187
round 188
round 189
round 190
coin 62 6
coin 1 22
round 191
round 192
round 193
round 194
round 195
coin 65 11
coin 0 17
round 196
round 197
round 198
round 199
round 200
coin 54 4
coin 11 25
match_over 0
