match
match_id 1639405558877_ca
match_time 1639405558879
num_bots 1
##MatchConfig
mode FRIENDLY
num_rounds 200
random_seed 42
move_time_limit 1000
coin_spawn_period 5
coin_spawn_volume 2
##MapConfig
map_size 65 26
view_radius 6
mining_radius 2
attack_radius 3
block 17 0
block 18 0
block 19 0
block 20 0
block 47 0
block 48 0
block 49 0
block 50 0
block 51 0
block 52 0
block 17 1
block 18 1
block 19 1
block 20 1
block 47 1
block 48 1
block 49 1
block 50 1
block 51 1
block 52 1
block 17 2
block 18 2
block 19 2
block 20 2
block 47 2
block 48 2
block 49 2
block 50 2
block 51 2
block 52 2
block 17 3
block 18 3
block 19 3
block 20 3
block 45 4
block 46 4
block 47 4
block 48 4
block 49 4
block 50 4
block 45 5
block 46 5
block 47 5
block 48 5
block 49 5
block 50 5
block 22 6
block 23 6
block 24 6
block 37 6
block 38 6
block 39 6
block 40 6
block 0 7
block 1 7
block 21 7
block 22 7
block 23 7
block 24 7
block 25 7
block 37 7
block 38 7
block 39 7
block 40 7
block 62 7
block 63 7
block 64 7
block 0 8
block 1 8
block 21 8
block 22 8
block 23 8
block 24 8
block 25 8
block 37 8
block 38 8
block 39 8
block 40 8
block 62 8
block 63 8
block 64 8
block 0 9
block 1 9
block 21 9
block 22 9
block 23 9
block 24 9
block 25 9
block 37 9
block 38 9
block 39 9
block 40 9
block 62 9
block 63 9
block 64 9
block 0 10
block 1 10
block 21 10
block 22 10
block 23 10
block 24 10
block 25 10
block 37 10
block 38 10
block 39 10
block 40 10
block 62 10
block 63 10
block 64 10
block 0 11
block 1 11
block 21 11
block 22 11
block 23 11
block 24 11
block 25 11
block 37 11
block 38 11
block 39 11
block 40 11
block 62 11
block 63 11
block 64 11
block 0 12
block 1 12
block 2 12
block 3 12
block 38 12
block 39 12
block 40 12
block 41 12
block 42 12
block 62 12
block 63 12
block 64 12
block 0 13
block 1 13
block 2 13
block 3 13
block 38 13
block 39 13
block 40 13
block 41 13
block 42 13
block 62 13
block 63 13
block 64 13
block 0 14
block 1 14
block 2 14
block 3 14
block 18 14
block 19 14
block 38 14
block 39 14
block 40 14
block 41 14
block 42 14
block 43 14
block 44 14
block 45 14
block 46 14
block 62 14
block 63 14
block 64 14
block 0 15
block 1 15
block 2 15
block 3 15
block 18 15
block 19 15
block 38 15
block 39 15
block 40 15
block 41 15
block 42 15
block 43 15
block 44 15
block 45 15
block 46 15
block 62 15
block 63 15
block 64 15
block 0 16
block 1 16
block 2 16
block 3 16
block 10 16
block 11 16
block 12 16
block 13 16
block 14 16
block 15 16
block 18 16
block 19 16
block 40 16
block 41 16
block 42 16
block 43 16
block 44 16
block 45 16
block 46 16
block 51 16
block 52 16
block 62 16
block 63 16
block 64 16
block 0 17
block 1 17
block 2 17
block 3 17
block 10 17
block 11 17
block 12 17
block 13 17
block 14 17
block 15 17
block 18 17
block 19 17
block 40 17
block 41 17
block 42 17
block 43 17
block 44 17
block 45 17
block 46 17
block 51 17
block 52 17
block 62 17
block 63 17
block 64 17
block 10 18
block 11 18
block 12 18
block 13 18
block 14 18
block 15 18
block 18 18
block 19 18
block 28 18
block 29 18
block 51 18
block 52 18
block 11 19
block 12 19
block 13 19
block 28 19
block 29 19
block 11 20
block 12 20
block 13 20
block 28 20
block 29 20
block 30 20
block 31 20
block 32 20
block 33 20
block 34 20
block 35 20
block 11 21
block 12 21
block 13 21
block 28 21
block 29 21
block 30 21
block 31 21
block 32 21
block 33 21
block 34 21
block 35 21
block 28 22
block 29 22
block 30 22
block 31 22
block 32 22
block 33 22
block 34 22
block 35 22
block 47 22
block 48 22
block 49 22
block 50 22
block 51 22
block 52 22
block 28 23
block 29 23
block 47 23
block 48 23
block 49 23
block 50 23
block 51 23
block 52 23
block 28 24
block 29 24
block 47 24
block 48 24
block 49 24
block 50 24
block 51 24
block 52 24
block 47 25
block 48 25
block 49 25
block 50 25
block 51 25
block 52 25
##BotsAndCoinsInfo
bot_name 0 starter-bot
bot 0 25 20
bot_coins 0 0
coin 0 6
coin 64 19
round 1
bot 0 25 21
round 2
bot 0 25 22
round 3
bot 0 25 23
round 4
bot 0 25 24
round 5
bot 0 25 25
coin 48 12
coin 16 13
round 6
bot 0 24 24
round 7
bot 0 24 23
round 8
bot 0 24 22
round 9
bot 0 24 21
round 10
bot 0 24 20
coin 0 18
coin 64 6
round 11
bot 0 24 19
round 12
bot 0 24 18
round 13
bot 0 24 17
round 14
bot 0 24 16
round 15
bot 0 24 15
coin 64 18
coin 1 6
round 16
bot 0 24 14
round 17
bot 0 24 13
round 18
bot 0 24 12
round 19
bot 0 23 12
round 20
bot 0 22 12
coin 29 15
coin 35 10
round 21
bot 0 21 12
round 22
bot 0 20 12
round 23
round 24
round 25
coin 53 0
coin 11 25
round 26
round 27
round 28
round 29
round 30
coin 21 6
coin 43 19
round 31
round 32
round 33
round 34
round 35
coin 46 3
coin 18 22
round 36
round 37
round 38
round 39
round 40
coin 61 8
coin 3 18
round 41
round 42
round 43
round 44
round 45
coin 63 25
coin 1 0
round 46
round 47
round 48
round 49
round 50
coin 40 18
coin 25 6
round 51
round 52
round 53
round 54
round 55
coin 26 17
coin 36 8
round 56
round 57
round 58
round 59
round 60
coin 38 21
coin 26 4
round 61
round 62
round 63
round 64
round 65
coin 26 6
coin 38 19
round 66
round 67
round 68
round 69
round 70
coin 32 24
coin 32 1
round 71
round 72
round 73
round 74
round 75
coin 26 10
coin 37 15
round 76
round 77
round 78
round 79
round 80
coin 5 7
coin 59 18
round 81
round 82
round 83
round 84
round 85
coin 7 21
coin 57 4
round 86
round 87
round 88
round 89
round 90
coin 32 11
coin 32 14
round 91
round 92
round 93
round 94
round 95
coin 28 10
coin 36 15
round 96
round 97
round 98
round 99
round 100
coin 44 5
coin 20 20
round 101
round 102
round 103
round 104
round 105
coin 8 3
coin 56 22
round 106
round 107
round 108
round 109
round 110
coin 15 2
coin 49 21
round 111
round 112
round 113
round 114
round 115
coin 42 21
coin 22 4
round 116
round 117
round 118
round 119
round 120
coin 27 23
coin 37 2
round 121
round 122
round 123
round 124
round 125
coin 48 18
coin 16 7
round 126
round 127
round 128
round 129
round 130
coin 3 2
coin 61 23
round 131
round 132
round 133
round 134
round 135
coin 39 16
coin 26 9
round 136
round 137
bot 0 19 13
round 138
round 139
bot 0 18 12
round 140
bot 0 17 13
coin_collected 16 13 0
bot_coins 0 1
coin 38 16
coin 26 8
round 141
bot 0 17 12
round 142
bot 0 17 11
round 143
bot 0 16 10
round 144
bot 0 15 9
round 145
bot 0 16 8
coin_collected 16 7 0
bot_coins 0 2
coin 36 1
coin 28 25
round 146
bot 0 16 7
round 147
bot 0 15 6
round 148
bot 0 14 5
round 149
bot 0 15 4
coin_collected 15 2 0
bot_coins 0 3
round 150
bot 0 15 3
coin 32 9
coin 32 16
round 151
bot 0 15 2
round 152
bot 0 14 3
round 153
bot 0 13 4
round 154
bot 0 12 5
round 155
coin 33 9
coin 31 16
round 156
round 157
match_over 0
round 158
