match
match_id 1639168141853_bh
match_time 1639168141857
num_bots 1
##MatchConfig
mode FRIENDLY
num_rounds 200
random_seed 42
move_time_limit 1000
coin_spawn_period 5
coin_spawn_volume 2
##MapConfig
map_size 76 39
view_radius 6
mining_radius 1
attack_radius 4
block 67 0
block 68 0
block 69 0
block 70 0
block 71 0
block 67 1
block 68 1
block 69 1
block 70 1
block 71 1
block 67 2
block 68 2
block 69 2
block 70 2
block 71 2
block 67 3
block 68 3
block 69 3
block 70 3
block 71 3
block 48 4
block 49 4
block 48 5
block 49 5
block 48 6
block 49 6
block 38 8
block 39 8
block 40 8
block 41 8
block 42 8
block 43 8
block 38 9
block 39 9
block 40 9
block 41 9
block 42 9
block 43 9
block 38 10
block 39 10
block 40 10
block 41 10
block 42 10
block 43 10
block 38 11
block 39 11
block 40 11
block 41 11
block 42 11
block 43 11
block 14 27
block 15 27
block 16 27
block 17 27
block 18 27
block 14 28
block 15 28
block 16 28
block 17 28
block 18 28
block 41 32
block 42 32
block 43 32
block 44 32
block 45 32
block 46 32
block 41 33
block 42 33
block 43 33
block 44 33
block 45 33
block 46 33
block 29 35
block 30 35
block 31 35
block 32 35
block 33 35
block 29 36
block 30 36
block 31 36
block 32 36
block 33 36
block 29 37
block 30 37
block 31 37
block 32 37
block 33 37
block 67 37
block 68 37
block 69 37
block 70 37
block 71 37
block 29 38
block 30 38
block 31 38
block 32 38
block 33 38
block 67 38
block 68 38
block 69 38
block 70 38
block 71 38
##BotsAndCoinsInfo
bot_name 0 starter-bot
bot 0 17 15
bot_coins 0 0
coin 26 33
coin 50 5
round 1
bot 0 17 16
round 2
bot 0 17 17
round 3
bot 0 17 18
round 4
bot 0 17 19
round 5
bot 0 17 20
coin 12 38
coin 63 0
round 6
bot 0 17 21
round 7
bot 0 17 22
round 8
bot 0 17 23
round 9
bot 0 17 24
round 10
bot 0 17 25
coin 6 4
coin 69 34
round 11
bot 0 17 26
round 12
round 13
round 14
round 15
coin 25 29
coin 50 9
round 16
round 17
round 18
round 19
round 20
coin 51 2
coin 24 36
round 21
round 22
round 23
round 24
round 25
coin 42 26
coin 33 12
round 26
round 27
round 28
round 29
round 30
coin 12 6
coin 63 32
round 31
round 32
round 33
round 34
round 35
coin 64 17
coin 11 21
round 36
round 37
round 38
round 39
round 40
coin 68 21
coin 7 17
round 41
round 42
round 43
round 44
round 45
coin 11 38
coin 64 0
round 46
round 47
round 48
round 49
round 50
coin 40 4
coin 35 34
round 51
round 52
round 53
round 54
round 55
coin 54 30
coin 21 8
round 56
round 57
round 58
round 59
round 60
coin 47 21
coin 28 17
round 61
round 62
round 63
round 64
round 65
coin 6 19
coin 69 19
round 66
round 67
round 68
round 69
round 70
coin 67 24
coin 8 14
round 71
round 72
round 73
round 74
round 75
coin 38 36
coin 37 2
round 76
round 77
round 78
round 79
round 80
coin 62 20
coin 13 18
round 81
round 82
round 83
round 84
round 85
coin 25 8
coin 50 30
round 86
round 87
round 88
round 89
round 90
coin 60 37
coin 15 1
round 91
round 92
round 93
round 94
round 95
coin 1 36
coin 74 2
round 96
round 97
round 98
round 99
round 100
coin 27 31
coin 48 7
round 101
round 102
round 103
round 104
round 105
coin 75 16
coin 0 22
round 106
round 107
round 108
round 109
round 110
coin 31 15
coin 44 23
round 111
round 112
round 113
round 114
round 115
coin 63 8
coin 12 30
round 116
round 117
round 118
round 119
round 120
coin 17 10
coin 58 28
round 121
round 122
round 123
round 124
round 125
coin 53 5
coin 22 33
round 126
round 127
round 128
round 129
round 130
coin 66 28
coin 9 10
round 131
round 132
round 133
round 134
round 135
coin 4 16
coin 71 22
round 136
round 137
round 138
round 139
round 140
coin 57 28
coin 18 10
round 141
round 142
round 143
round 144
round 145
coin 45 27
coin 30 11
round 146
round 147
round 148
round 149
round 150
coin 9 35
coin 66 3
round 151
round 152
round 153
round 154
round 155
coin 0 23
coin 75 15
round 156
round 157
round 158
round 159
round 160
coin 26 32
coin 49 7
round 161
round 162
round 163
round 164
round 165
coin 59 28
coin 16 10
round 166
round 167
round 168
round 169
round 170
coin 15 18
coin 60 20
round 171
round 172
round 173
round 174
round 175
coin 34 8
coin 41 30
round 176
round 177
round 178
round 179
round 180
coin 61 13
coin 14 25
round 181
round 182
round 183
round 184
round 185
coin 57 20
coin 18 18
round 186
round 187
round 188
round 189
round 190
coin 18 7
coin 57 31
round 191
round 192
round 193
round 194
round 195
coin 45 21
coin 30 17
round 196
round 197
round 198
round 199
round 200
coin 4 37
coin 72 1
match_over 0
