match
match_id 1639179112003_iv
match_time 1639179112006
num_bots 1
##MatchConfig
mode FRIENDLY
num_rounds 200
random_seed 42
move_time_limit 1000
coin_spawn_period 5
coin_spawn_volume 2
##MapConfig
map_size 70 24
view_radius 5
mining_radius 2
attack_radius 4
block 44 0
block 45 0
block 44 1
block 45 1
block 44 2
block 45 2
block 57 2
block 58 2
block 59 2
block 60 2
block 61 2
block 62 2
block 63 2
block 0 3
block 1 3
block 2 3
block 3 3
block 4 3
block 44 3
block 45 3
block 57 3
block 58 3
block 59 3
block 60 3
block 61 3
block 62 3
block 63 3
block 68 3
block 69 3
block 0 4
block 1 4
block 2 4
block 3 4
block 4 4
block 44 4
block 45 4
block 57 4
block 58 4
block 59 4
block 60 4
block 61 4
block 62 4
block 63 4
block 68 4
block 69 4
block 0 5
block 1 5
block 2 5
block 3 5
block 4 5
block 57 5
block 58 5
block 59 5
block 60 5
block 61 5
block 62 5
block 63 5
block 68 5
block 69 5
block 0 6
block 1 6
block 2 6
block 3 6
block 4 6
block 57 6
block 58 6
block 59 6
block 60 6
block 61 6
block 62 6
block 63 6
block 68 6
block 69 6
block 31 7
block 32 7
block 33 7
block 34 7
block 35 7
block 57 7
block 58 7
block 59 7
block 60 7
block 61 7
block 62 7
block 63 7
block 31 8
block 32 8
block 33 8
block 34 8
block 35 8
block 31 9
block 32 9
block 33 9
block 34 9
block 35 9
block 31 10
block 32 10
block 33 10
block 34 10
block 35 10
block 31 11
block 32 11
block 33 11
block 34 11
block 35 11
block 31 12
block 32 12
block 33 17
block 34 17
block 35 17
block 36 17
block 37 17
block 38 17
block 12 18
block 13 18
block 33 18
block 34 18
block 35 18
block 36 18
block 37 18
block 38 18
block 12 19
block 13 19
block 33 19
block 34 19
block 35 19
block 36 19
block 37 19
block 38 19
block 33 20
block 34 20
block 35 20
block 36 20
block 37 20
block 38 20
block 57 20
block 58 20
block 57 21
block 58 21
block 18 22
block 19 22
block 20 22
block 21 22
block 22 22
block 23 22
block 24 22
block 44 22
block 45 22
block 57 22
block 58 22
block 18 23
block 19 23
block 20 23
block 21 23
block 22 23
block 23 23
block 24 23
block 44 23
block 45 23
##BotsAndCoinsInfo
bot_name 0 starter-bot
bot 0 36 4
bot_coins 0 0
coin 50 3
coin 19 20
round 1
bot 0 36 5
round 2
bot 0 36 6
round 3
bot 0 36 7
round 4
bot 0 36 8
round 5
bot 0 36 9
coin 48 20
coin 21 3
round 6
bot 0 36 10
round 7
bot 0 36 11
round 8
bot 0 36 12
round 9
bot 0 36 13
round 10
bot 0 36 14
coin 40 13
coin 29 10
round 11
bot 0 36 15
round 12
bot 0 36 16
round 13
bot 0 35 15
round 14
bot 0 35 16
round 15
bot 0 34 15
coin 15 14
coin 54 9
round 16
bot 0 34 16
round 17
bot 0 33 15
round 18
bot 0 33 16
round 19
bot 0 32 15
round 20
bot 0 32 16
coin 67 5
coin 2 18
round 21
bot 0 32 17
round 22
bot 0 32 18
round 23
bot 0 32 19
round 24
bot 0 32 20
round 25
bot 0 32 21
coin 52 14
coin 17 9
round 26
bot 0 32 22
round 27
bot 0 32 23
round 28
bot 0 31 22
round 29
bot 0 31 21
round 30
bot 0 31 20
coin 56 12
coin 13 11
round 31
bot 0 31 19
round 32
bot 0 31 18
round 33
bot 0 31 17
round 34
bot 0 31 16
round 35
bot 0 31 15
coin 36 8
coin 33 15
round 36
bot 0 31 14
round 37
bot 0 31 13
round 38
round 39
round 40
coin 56 18
coin 13 5
round 41
round 42
round 43
round 44
round 45
coin 63 17
coin 6 6
round 46
round 47
round 48
round 49
round 50
coin 40 7
coin 29 16
round 51
round 52
round 53
round 54
round 55
coin 36 9
coin 33 14
round 56
round 57
round 58
round 59
round 60
coin 63 9
coin 6 14
round 61
round 62
round 63
round 64
round 65
coin 0 10
coin 69 13
round 66
round 67
round 68
round 69
round 70
coin 67 6
coin 2 17
round 71
round 72
round 73
round 74
round 75
coin 40 12
coin 29 11
round 76
round 77
round 78
round 79
round 80
coin 30 5
coin 39 18
round 81
round 82
round 83
round 84
round 85
coin 17 23
coin 52 0
round 86
round 87
round 88
round 89
round 90
coin 12 13
coin 57 10
round 91
round 92
round 93
round 94
round 95
coin 63 12
coin 6 11
round 96
round 97
round 98
round 99
round 100
coin 69 1
coin 0 22
round 101
round 102
round 103
round 104
round 105
coin 63 1
coin 6 22
round 106
round 107
round 108
round 109
round 110
coin 45 6
coin 24 17
round 111
round 112
round 113
round 114
round 115
coin 27 23
coin 42 0
round 116
round 117
round 118
round 119
round 120
coin 27 19
coin 42 4
round 121
round 122
round 123
round 124
round 125
coin 33 6
coin 36 16
round 126
round 127
round 128
round 129
round 130
coin 56 4
coin 14 19
round 131
round 132
round 133
round 134
round 135
coin 30 10
coin 39 13
round 136
round 137
round 138
round 139
round 140
coin 63 19
coin 6 4
round 141
round 142
round 143
round 144
round 145
coin 1 2
coin 68 21
round 146
round 147
round 148
round 149
round 150
coin 7 11
coin 62 12
round 151
round 152
round 153
round 154
round 155
coin 32 1
coin 37 22
round 156
round 157
round 158
round 159
round 160
coin 64 2
coin 5 21
round 161
round 162
round 163
round 164
round 165
coin 48 7
coin 21 16
round 166
round 167
round 168
round 169
round 170
coin 55 3
coin 14 20
round 171
round 172
round 173
round 174
round 175
coin 10 5
coin 59 18
round 176
round 177
round 178
round 179
round 180
coin 53 13
coin 16 10
round 181
round 182
round 183
round 184
round 185
coin 43 5
coin 26 18
round 186
round 187
round 188
round 189
round 190
coin 26 4
coin 43 19
round 191
round 192
round 193
round 194
round 195
coin 45 21
coin 24 2
round 196
round 197
round 198
round 199
round 200
coin 30 11
coin 39 12
match_over 0
