match
match_id 1639338632600_ax
match_time 1639338632606
num_bots 1
##MatchConfig
mode FRIENDLY
num_rounds 200
random_seed 42
move_time_limit 1000
coin_spawn_period 5
coin_spawn_volume 2
##MapConfig
map_size 53 39
view_radius 5
mining_radius 2
attack_radius 3
block 7 0
block 8 0
block 9 0
block 10 0
block 11 0
block 12 0
block 29 0
block 30 0
block 39 0
block 40 0
block 41 0
block 42 0
block 43 0
block 7 1
block 8 1
block 9 1
block 10 1
block 11 1
block 12 1
block 29 1
block 30 1
block 39 1
block 40 1
block 41 1
block 42 1
block 43 1
block 21 2
block 22 2
block 23 2
block 24 2
block 11 3
block 12 3
block 13 3
block 14 3
block 21 3
block 22 3
block 23 3
block 24 3
block 11 4
block 12 4
block 13 4
block 14 4
block 21 4
block 22 4
block 23 4
block 24 4
block 11 5
block 12 5
block 13 5
block 14 5
block 21 5
block 22 5
block 23 5
block 24 5
block 28 5
block 29 5
block 11 6
block 12 6
block 13 6
block 14 6
block 21 6
block 22 6
block 23 6
block 24 6
block 28 6
block 29 6
block 11 7
block 12 7
block 13 7
block 14 7
block 17 8
block 18 8
block 19 8
block 20 8
block 21 8
block 22 8
block 23 8
block 24 8
block 25 8
block 26 8
block 17 9
block 18 9
block 19 9
block 20 9
block 21 9
block 22 9
block 23 9
block 24 9
block 25 9
block 26 9
block 17 10
block 18 10
block 19 10
block 20 10
block 21 10
block 22 10
block 23 10
block 24 10
block 25 10
block 26 10
block 17 11
block 18 11
block 19 11
block 20 11
block 21 11
block 22 11
block 23 11
block 24 11
block 25 11
block 26 11
block 17 12
block 18 12
block 19 12
block 20 12
block 21 12
block 22 12
block 42 12
block 43 12
block 44 12
block 45 12
block 46 12
block 47 12
block 48 12
block 7 13
block 8 13
block 9 13
block 10 13
block 11 13
block 17 13
block 18 13
block 19 13
block 20 13
block 21 13
block 22 13
block 42 13
block 43 13
block 44 13
block 45 13
block 46 13
block 47 13
block 48 13
block 7 14
block 8 14
block 9 14
block 10 14
block 11 14
block 30 14
block 31 14
block 32 14
block 7 15
block 8 15
block 9 15
block 10 15
block 11 15
block 30 15
block 31 15
block 32 15
block 33 15
block 34 15
block 35 15
block 36 15
block 7 16
block 8 16
block 9 16
block 10 16
block 11 16
block 30 16
block 31 16
block 32 16
block 33 16
block 34 16
block 35 16
block 36 16
block 0 17
block 7 17
block 8 17
block 9 17
block 10 17
block 11 17
block 19 17
block 20 17
block 21 17
block 22 17
block 23 17
block 30 17
block 31 17
block 32 17
block 33 17
block 34 17
block 35 17
block 36 17
block 52 17
block 0 18
block 6 18
block 7 18
block 8 18
block 9 18
block 10 18
block 11 18
block 19 18
block 20 18
block 21 18
block 22 18
block 23 18
block 30 18
block 31 18
block 32 18
block 33 18
block 34 18
block 35 18
block 36 18
block 52 18
block 0 19
block 6 19
block 7 19
block 8 19
block 9 19
block 10 19
block 19 19
block 20 19
block 21 19
block 22 19
block 23 19
block 30 19
block 31 19
block 32 19
block 33 19
block 34 19
block 52 19
block 6 20
block 7 20
block 8 20
block 9 20
block 10 20
block 19 20
block 20 20
block 21 20
block 22 20
block 23 20
block 30 20
block 31 20
block 32 20
block 33 20
block 34 20
block 29 21
block 30 21
block 31 21
block 32 21
block 33 21
block 34 21
block 20 22
block 21 22
block 22 22
block 23 22
block 24 22
block 29 22
block 30 22
block 31 22
block 32 22
block 33 22
block 20 23
block 21 23
block 22 23
block 23 23
block 24 23
block 29 23
block 30 23
block 31 23
block 32 23
block 33 23
block 20 24
block 21 24
block 22 24
block 23 24
block 24 24
block 29 24
block 30 24
block 31 24
block 32 24
block 33 24
block 46 24
block 47 24
block 48 24
block 49 24
block 20 25
block 21 25
block 22 25
block 23 25
block 24 25
block 46 25
block 47 25
block 48 25
block 49 25
block 2 26
block 3 26
block 4 26
block 5 26
block 6 26
block 7 26
block 8 26
block 20 26
block 21 26
block 22 26
block 23 26
block 24 26
block 46 26
block 47 26
block 48 26
block 49 26
block 2 27
block 3 27
block 4 27
block 5 27
block 6 27
block 7 27
block 8 27
block 18 27
block 19 27
block 20 27
block 21 27
block 22 27
block 23 27
block 24 27
block 46 27
block 47 27
block 48 27
block 49 27
block 2 28
block 3 28
block 4 28
block 5 28
block 6 28
block 7 28
block 8 28
block 18 28
block 19 28
block 20 28
block 21 28
block 22 28
block 23 28
block 24 28
block 46 28
block 47 28
block 48 28
block 49 28
block 2 29
block 3 29
block 4 29
block 5 29
block 6 29
block 7 29
block 8 29
block 18 29
block 19 29
block 20 29
block 21 29
block 22 29
block 23 29
block 24 29
block 46 29
block 47 29
block 48 29
block 49 29
block 50 29
block 51 29
block 2 30
block 3 30
block 4 30
block 5 30
block 6 30
block 7 30
block 8 30
block 18 30
block 19 30
block 20 30
block 21 30
block 22 30
block 23 30
block 24 30
block 46 30
block 47 30
block 48 30
block 49 30
block 50 30
block 51 30
block 2 31
block 3 31
block 4 31
block 5 31
block 6 31
block 7 31
block 8 31
block 18 31
block 19 31
block 20 31
block 21 31
block 22 31
block 23 31
block 24 31
block 2 32
block 3 32
block 4 32
block 5 32
block 6 32
block 7 32
block 8 32
block 18 32
block 19 32
block 20 32
block 21 32
block 22 32
block 23 32
block 24 32
block 29 32
block 30 32
block 31 32
block 32 32
block 33 32
block 49 32
block 50 32
block 51 32
block 52 32
block 4 33
block 5 33
block 18 33
block 19 33
block 20 33
block 21 33
block 22 33
block 23 33
block 24 33
block 29 33
block 30 33
block 31 33
block 32 33
block 33 33
block 34 33
block 35 33
block 36 33
block 49 33
block 50 33
block 51 33
block 52 33
block 4 34
block 5 34
block 29 34
block 30 34
block 31 34
block 32 34
block 33 34
block 34 34
block 35 34
block 36 34
block 4 35
block 5 35
block 29 35
block 30 35
block 31 35
block 32 35
block 33 35
block 34 35
block 35 35
block 36 35
block 39 35
block 40 35
block 41 35
block 42 35
block 43 35
block 4 36
block 5 36
block 7 36
block 8 36
block 9 36
block 10 36
block 11 36
block 12 36
block 29 36
block 30 36
block 31 36
block 32 36
block 33 36
block 34 36
block 35 36
block 36 36
block 39 36
block 40 36
block 41 36
block 42 36
block 43 36
block 1 37
block 2 37
block 4 37
block 5 37
block 7 37
block 8 37
block 9 37
block 10 37
block 11 37
block 12 37
block 29 37
block 30 37
block 31 37
block 32 37
block 33 37
block 34 37
block 35 37
block 36 37
block 39 37
block 40 37
block 41 37
block 42 37
block 43 37
block 1 38
block 2 38
block 4 38
block 5 38
block 7 38
block 8 38
block 9 38
block 10 38
block 11 38
block 12 38
block 29 38
block 30 38
block 39 38
block 40 38
block 41 38
block 42 38
block 43 38
##BotsAndCoinsInfo
bot_name 0 starter-bot
bot 0 35 14
bot_coins 0 0
coin 34 32
coin 18 6
round 1
bot 0 34 14
round 2
bot 0 33 14
round 3
bot 0 32 13
round 4
bot 0 31 13
round 5
bot 0 30 13
coin 6 38
coin 46 0
round 6
bot 0 29 13
round 7
bot 0 29 14
round 8
bot 0 29 15
round 9
bot 0 29 16
round 10
bot 0 29 17
coin 19 4
coin 35 32
round 11
bot 0 29 18
round 12
bot 0 29 19
round 13
bot 0 29 20
round 14
bot 0 28 20
round 15
bot 0 28 21
coin 45 29
coin 7 9
round 16
bot 0 28 22
round 17
bot 0 28 23
round 18
bot 0 28 24
round 19
bot 0 28 25
round 20
bot 0 28 26
coin 14 2
coin 38 36
round 21
bot 0 28 27
round 22
bot 0 28 28
round 23
bot 0 28 29
round 24
bot 0 28 30
round 25
bot 0 28 31
coin 3 25
coin 49 13
round 26
bot 0 28 32
round 27
bot 0 28 33
round 28
bot 0 28 34
round 29
bot 0 28 35
round 30
bot 0 28 36
coin 20 6
coin 32 31
round 31
bot 0 28 37
round 32
bot 0 28 38
round 33
bot 0 27 37
round 34
bot 0 27 36
round 35
bot 0 27 35
coin 35 19
coin 17 19
round 36
bot 0 27 34
round 37
bot 0 27 33
round 38
bot 0 27 32
round 39
bot 0 27 31
round 40
bot 0 27 30
coin 34 22
coin 18 16
round 41
bot 0 27 29
round 42
bot 0 27 28
round 43
bot 0 27 27
round 44
bot 0 27 26
round 45
bot 0 27 25
coin 38 38
coin 14 0
round 46
bot 0 27 24
round 47
bot 0 27 23
round 48
bot 0 27 22
round 49
bot 0 27 21
round 50
bot 0 27 20
coin 39 4
coin 13 34
round 51
bot 0 27 19
round 52
bot 0 27 18
round 53
bot 0 27 17
round 54
bot 0 27 16
round 55
bot 0 27 15
coin 21 34
coin 31 4
round 56
bot 0 27 14
round 57
bot 0 27 13
round 58
bot 0 27 12
round 59
bot 0 27 11
round 60
bot 0 27 10
coin 42 21
coin 12 17
round 61
bot 0 27 9
round 62
bot 0 27 8
round 63
bot 0 27 7
round 64
bot 0 27 6
round 65
bot 0 27 5
coin 35 20
coin 17 18
round 66
bot 0 27 4
round 67
bot 0 27 3
round 68
bot 0 27 2
round 69
bot 0 27 1
round 70
bot 0 27 0
coin 27 24
coin 25 14
round 71
bot 0 26 1
round 72
bot 0 26 2
round 73
bot 0 26 3
round 74
bot 0 26 4
round 75
bot 0 26 5
coin 24 36
coin 28 2
round 76
bot 0 26 6
round 77
bot 0 26 7
round 78
bot 0 25 7
round 79
bot 0 24 7
round 80
bot 0 23 7
coin 43 20
coin 11 19
round 81
bot 0 22 7
round 82
bot 0 21 7
coin_collected 20 6 0
bot_coins 0 1
round 83
bot 0 20 7
round 84
bot 0 19 7
coin_collected 18 6 0
bot_coins 0 2
round 85
bot 0 18 7
coin 26 7
coin 26 31
round 86
bot 0 17 7
round 87
bot 0 16 7
round 88
bot 0 16 8
round 89
bot 0 16 9
round 90
bot 0 16 10
coin 46 37
coin 6 1
round 91
bot 0 16 11
round 92
bot 0 16 12
round 93
bot 0 16 13
round 94
bot 0 16 14
round 95
bot 0 16 15
coin 28 36
coin 24 1
round 96
bot 0 16 16
coin_collected 18 16 0
bot_coins 0 3
round 97
bot 0 16 17
coin_collected 17 18 0
bot_coins 0 4
round 98
bot 0 16 18
coin_collected 17 19 0
bot_coins 0 5
round 99
bot 0 16 19
round 100
bot 0 16 20
coin 32 30
coin 20 7
round 101
bot 0 16 21
round 102
bot 0 16 22
round 103
bot 0 16 23
round 104
bot 0 16 24
round 105
bot 0 16 25
coin 27 16
coin 25 22
round 106
bot 0 16 26
round 107
bot 0 16 27
round 108
bot 0 16 28
round 109
bot 0 16 29
round 110
bot 0 16 30
coin 6 15
coin 46 23
round 111
bot 0 16 31
round 112
bot 0 16 32
round 113
bot 0 16 33
round 114
bot 0 16 34
round 115
bot 0 16 35
coin 0 8
coin 52 30
round 116
bot 0 16 36
round 117
bot 0 16 37
round 118
bot 0 16 38
round 119
bot 0 15 37
round 120
bot 0 15 36
coin 44 10
coin 9 28
round 121
bot 0 15 35
round 122
bot 0 15 34
coin_collected 13 34 0
bot_coins 0 6
round 123
bot 0 15 33
round 124
bot 0 15 32
round 125
bot 0 15 31
coin 46 5
coin 6 33
round 126
bot 0 15 30
round 127
bot 0 15 29
round 128
bot 0 15 28
round 129
bot 0 15 27
round 130
bot 0 15 26
coin 50 28
coin 2 10
round 131
bot 0 15 25
round 132
bot 0 15 24
round 133
bot 0 15 23
round 134
bot 0 15 22
round 135
bot 0 15 21
coin 19 16
coin 34 23
round 136
bot 0 15 20
round 137
bot 0 15 19
round 138
bot 0 15 18
round 139
bot 0 15 17
round 140
bot 0 15 16
coin 45 28
coin 7 10
round 141
bot 0 15 15
round 142
bot 0 15 14
round 143
bot 0 15 13
round 144
bot 0 15 12
round 145
bot 0 15 11
coin 32 27
coin 20 14
round 146
bot 0 15 10
round 147
bot 0 15 9
round 148
bot 0 15 8
round 149
bot 0 15 7
round 150
bot 0 15 6
coin 39 34
coin 13 2
round 151
bot 0 15 5
round 152
bot 0 15 4
round 153
bot 0 15 3
coin_collected 14 2 0
bot_coins 0 7
round 154
bot 0 15 2
coin_collected 13 2 0
bot_coins 0 8
round 155
bot 0 15 1
coin_collected 14 0 0
bot_coins 0 9
coin 52 22
coin 0 16
round 156
bot 0 15 0
round 157
bot 0 14 1
round 158
bot 0 14 2
round 159
bot 0 13 2
round 160
bot 0 12 2
coin 2 33
coin 50 5
round 161
bot 0 11 2
round 162
bot 0 10 2
round 163
bot 0 10 3
round 164
bot 0 10 4
round 165
bot 0 10 5
coin 9 29
coin 43 9
round 166
bot 0 10 6
round 167
bot 0 10 7
round 168
bot 0 10 8
round 169
bot 0 10 9
round 170
bot 0 10 10
coin 15 18
coin 37 20
round 171
bot 0 10 11
round 172
bot 0 10 12
round 173
bot 0 9 12
round 174
bot 0 8 12
round 175
bot 0 7 12
coin_collected 7 10 0
bot_coins 0 10
coin 27 8
coin 25 30
round 176
bot 0 6 12
round 177
bot 0 6 13
coin_collected 6 15 0
bot_coins 0 11
round 178
bot 0 6 14
round 179
bot 0 6 15
round 180
bot 0 6 16
coin 29 13
coin 25 25
round 181
bot 0 6 17
round 182
bot 0 5 17
round 183
bot 0 5 18
round 184
bot 0 5 19
round 185
bot 0 5 20
coin 0 20
coin 51 18
round 186
bot 0 5 21
round 187
bot 0 5 22
round 188
bot 0 5 23
round 189
bot 0 5 24
round 190
bot 0 5 25
coin_collected 3 25 0
bot_coins 0 12
coin 49 7
coin 3 33
round 191
bot 0 4 25
round 192
bot 0 3 25
round 193
bot 0 2 25
round 194
bot 0 1 25
round 195
bot 0 1 26
coin 16 21
coin 37 17
round 196
bot 0 1 27
round 197
bot 0 1 28
round 198
bot 0 1 29
round 199
bot 0 1 30
coin_collected 52 30 0
bot_coins 0 13
round 200
bot 0 1 31
coin 52 37
coin 0 1
match_over 0
