match
match_id 1639171789111_dm
match_time 1639171789119
num_bots 1
##MatchConfig
mode FRIENDLY
num_rounds 200
random_seed 42
move_time_limit 1000
coin_spawn_period 5
coin_spawn_volume 2
##MapConfig
map_size 70 30
view_radius 6
mining_radius 2
attack_radius 4
block 49 0
block 50 0
block 51 0
block 52 0
block 53 0
block 10 3
block 11 3
block 12 3
block 36 3
block 37 3
block 38 3
block 39 3
block 40 3
block 41 3
block 42 3
block 8 4
block 9 4
block 10 4
block 11 4
block 12 4
block 36 4
block 37 4
block 38 4
block 39 4
block 40 4
block 41 4
block 42 4
block 8 5
block 9 5
block 10 5
block 11 5
block 12 5
block 36 5
block 37 5
block 38 5
block 39 5
block 40 5
block 41 5
block 42 5
block 8 6
block 9 6
block 10 6
block 11 6
block 12 6
block 36 6
block 37 6
block 38 6
block 39 6
block 40 6
block 41 6
block 42 6
block 7 7
block 8 7
block 9 7
block 10 7
block 11 7
block 12 7
block 36 7
block 37 7
block 38 7
block 39 7
block 40 7
block 41 7
block 42 7
block 7 8
block 8 8
block 9 8
block 10 8
block 11 8
block 12 8
block 7 9
block 8 9
block 7 10
block 8 10
block 7 11
block 8 11
block 18 11
block 19 11
block 20 11
block 7 12
block 8 12
block 18 12
block 19 12
block 20 12
block 42 12
block 43 12
block 44 12
block 45 12
block 7 13
block 8 13
block 42 13
block 43 13
block 44 13
block 45 13
block 46 13
block 49 13
block 50 13
block 42 14
block 43 14
block 44 14
block 45 14
block 46 14
block 49 14
block 50 14
block 52 14
block 53 14
block 54 14
block 55 14
block 56 14
block 57 14
block 45 15
block 46 15
block 49 15
block 50 15
block 52 15
block 53 15
block 54 15
block 55 15
block 56 15
block 57 15
block 45 16
block 46 16
block 49 16
block 50 16
block 5 17
block 6 17
block 7 17
block 8 17
block 9 17
block 10 17
block 49 17
block 50 17
block 1 18
block 2 18
block 3 18
block 4 18
block 5 18
block 6 18
block 7 18
block 8 18
block 9 18
block 10 18
block 49 18
block 50 18
block 1 19
block 2 19
block 3 19
block 4 19
block 5 19
block 6 19
block 7 19
block 8 19
block 9 19
block 10 19
block 49 19
block 50 19
block 0 20
block 1 20
block 2 20
block 5 20
block 6 20
block 7 20
block 8 20
block 9 20
block 10 20
block 57 20
block 58 20
block 59 20
block 60 20
block 61 20
block 62 20
block 0 21
block 1 21
block 2 21
block 5 21
block 6 21
block 7 21
block 8 21
block 9 21
block 10 21
block 57 21
block 58 21
block 59 21
block 60 21
block 61 21
block 62 21
block 0 22
block 1 22
block 2 22
block 5 22
block 6 22
block 7 22
block 8 22
block 9 22
block 10 22
block 29 22
block 30 22
block 31 22
block 32 22
block 33 22
block 57 22
block 58 22
block 59 22
block 60 22
block 61 22
block 62 22
block 0 23
block 1 23
block 2 23
block 3 23
block 4 23
block 5 23
block 6 23
block 7 23
block 8 23
block 9 23
block 10 23
block 29 23
block 30 23
block 31 23
block 32 23
block 33 23
block 57 23
block 58 23
block 59 23
block 60 23
block 61 23
block 62 23
block 69 23
block 0 24
block 1 24
block 2 24
block 3 24
block 4 24
block 29 24
block 30 24
block 31 24
block 32 24
block 33 24
block 57 24
block 58 24
block 59 24
block 60 24
block 61 24
block 62 24
block 69 24
block 0 25
block 1 25
block 2 25
block 3 25
block 4 25
block 29 25
block 30 25
block 31 25
block 32 25
block 33 25
block 69 25
block 0 26
block 1 26
block 2 26
block 3 26
block 4 26
block 29 26
block 30 26
block 31 26
block 32 26
block 33 26
block 69 26
block 0 27
block 1 27
block 2 27
block 3 27
block 4 27
block 29 27
block 30 27
block 31 27
block 32 27
block 33 27
block 69 27
block 0 28
block 1 28
block 2 28
block 3 28
block 4 28
block 49 28
block 50 28
block 51 28
block 52 28
block 53 28
block 69 28
block 49 29
block 50 29
block 51 29
block 52 29
block 53 29
##BotsAndCoinsInfo
bot_name 0 starter-bot
bot 0 26 26
bot_coins 0 0
coin 50 3
coin 19 26
round 1
bot 0 26 27
round 2
bot 0 26 28
round 3
bot 0 26 29
round 4
bot 0 25 29
round 5
bot 0 25 28
coin 48 14
coin 21 15
round 6
bot 0 25 27
round 7
bot 0 25 26
round 8
bot 0 25 25
round 9
bot 0 25 24
round 10
bot 0 25 23
coin 40 25
coin 29 4
round 11
bot 0 25 22
round 12
bot 0 25 21
round 13
bot 0 25 20
round 14
bot 0 25 19
round 15
bot 0 25 18
coin 15 8
coin 54 21
round 16
bot 0 25 17
round 17
bot 0 25 16
round 18
bot 0 25 15
round 19
bot 0 25 14
round 20
bot 0 25 13
coin 69 22
coin 0 7
round 21
bot 0 25 12
round 22
bot 0 25 11
round 23
bot 0 25 10
round 24
bot 0 25 9
round 25
bot 0 25 8
coin 52 2
coin 17 27
round 26
bot 0 25 7
round 27
bot 0 25 6
round 28
bot 0 25 5
round 29
bot 0 25 4
round 30
bot 0 25 3
coin 56 12
coin 13 17
round 31
bot 0 25 2
round 32
bot 0 25 1
round 33
bot 0 25 0
round 34
bot 0 24 0
round 35
bot 0 24 1
coin 36 2
coin 33 28
round 36
bot 0 24 2
round 37
bot 0 24 3
round 38
bot 0 24 4
round 39
bot 0 24 5
round 40
bot 0 24 6
coin 56 0
coin 13 29
round 41
bot 0 24 7
round 42
bot 0 24 8
round 43
bot 0 24 9
round 44
bot 0 24 10
round 45
bot 0 24 11
coin 63 29
coin 6 0
round 46
bot 0 24 12
round 47
bot 0 24 13
round 48
bot 0 24 14
round 49
bot 0 24 15
round 50
bot 0 24 16
coin 40 13
coin 29 16
round 51
bot 0 24 17
round 52
bot 0 24 18
round 53
bot 0 24 19
round 54
bot 0 24 20
round 55
bot 0 24 21
coin 35 3
coin 34 26
round 56
bot 0 24 22
round 57
bot 0 24 23
round 58
bot 0 24 24
round 59
bot 0 24 25
round 60
bot 0 24 26
coin 63 21
coin 6 8
round 61
bot 0 24 27
round 62
bot 0 24 28
round 63
bot 0 24 29
round 64
bot 0 23 29
round 65
bot 0 23 28
coin 0 29
coin 69 0
round 66
bot 0 23 27
round 67
bot 0 23 26
round 68
bot 0 23 25
round 69
bot 0 23 24
round 70
bot 0 23 23
coin 67 6
coin 3 22
round 71
bot 0 23 22
round 72
bot 0 23 21
round 73
bot 0 23 20
round 74
bot 0 23 19
round 75
bot 0 23 18
coin 40 8
coin 29 21
round 76
bot 0 23 17
round 77
bot 0 23 16
round 78
bot 0 23 15
coin_collected 21 15 0
bot_coins 0 1
round 79
bot 0 23 14
round 80
bot 0 23 13
coin 30 5
coin 39 24
round 81
bot 0 23 12
round 82
bot 0 23 11
round 83
bot 0 23 10
round 84
bot 0 23 9
round 85
bot 0 23 8
coin 17 17
coin 52 12
round 86
bot 0 23 7
round 87
bot 0 23 6
round 88
bot 0 23 5
round 89
bot 0 23 4
round 90
bot 0 23 3
coin 12 13
coin 57 16
round 91
bot 0 23 2
round 92
bot 0 23 1
round 93
bot 0 23 0
round 94
round 95
coin 63 24
coin 6 5
round 96
match_over 0
round 97
