match
match_id 1639339273290_ab
match_time 1639339273294
num_bots 1
##MatchConfig
mode FRIENDLY
num_rounds 200
random_seed 42
move_time_limit 1000
coin_spawn_period 5
coin_spawn_volume 2
##MapConfig
map_size 66 22
view_radius 5
mining_radius 2
attack_radius 4
block 2 0
block 3 0
block 4 0
block 5 0
block 6 0
block 10 0
block 11 0
block 12 0
block 13 0
block 14 0
block 40 0
block 41 0
block 42 0
block 43 0
block 44 0
block 45 0
block 2 1
block 3 1
block 4 1
block 5 1
block 6 1
block 11 1
block 12 1
block 13 1
block 14 1
block 15 1
block 28 1
block 29 1
block 50 1
block 51 1
block 52 1
block 53 1
block 54 1
block 55 1
block 11 2
block 12 2
block 13 2
block 14 2
block 15 2
block 28 2
block 29 2
block 50 2
block 51 2
block 52 2
block 53 2
block 54 2
block 55 2
block 24 3
block 25 3
block 26 3
block 28 3
block 29 3
block 41 3
block 42 3
block 43 3
block 50 3
block 51 3
block 52 3
block 53 3
block 54 3
block 55 3
block 56 3
block 57 3
block 58 3
block 59 3
block 24 4
block 25 4
block 26 4
block 41 4
block 42 4
block 43 4
block 50 4
block 51 4
block 52 4
block 53 4
block 54 4
block 55 4
block 56 4
block 57 4
block 58 4
block 59 4
block 24 5
block 25 5
block 26 5
block 41 5
block 42 5
block 43 5
block 50 5
block 51 5
block 52 5
block 53 5
block 54 5
block 55 5
block 56 5
block 57 5
block 58 5
block 59 5
block 24 6
block 25 6
block 26 6
block 41 6
block 42 6
block 43 6
block 50 6
block 51 6
block 52 6
block 53 6
block 54 6
block 55 6
block 56 6
block 57 6
block 58 6
block 59 6
block 24 7
block 25 7
block 26 7
block 41 7
block 42 7
block 43 7
block 50 7
block 51 7
block 52 7
block 53 7
block 54 7
block 55 7
block 41 8
block 42 8
block 43 8
block 52 8
block 53 8
block 54 8
block 55 8
block 56 8
block 57 8
block 41 9
block 42 9
block 43 9
block 52 9
block 53 9
block 54 9
block 55 9
block 56 9
block 57 9
block 52 10
block 53 10
block 54 10
block 55 10
block 56 10
block 57 10
block 58 10
block 1 11
block 2 11
block 52 11
block 53 11
block 54 11
block 55 11
block 56 11
block 57 11
block 58 11
block 1 12
block 2 12
block 52 12
block 53 12
block 54 12
block 55 12
block 56 12
block 57 12
block 58 12
block 1 13
block 2 13
block 9 13
block 10 13
block 11 13
block 28 13
block 29 13
block 30 13
block 51 13
block 52 13
block 53 13
block 54 13
block 55 13
block 56 13
block 57 13
block 58 13
block 9 14
block 10 14
block 11 14
block 28 14
block 29 14
block 30 14
block 51 14
block 52 14
block 53 14
block 54 14
block 55 14
block 56 14
block 9 15
block 10 15
block 11 15
block 28 15
block 29 15
block 30 15
block 51 15
block 52 15
block 53 15
block 54 15
block 55 15
block 56 15
block 9 16
block 10 16
block 11 16
block 12 16
block 13 16
block 14 16
block 15 16
block 16 16
block 28 16
block 29 16
block 30 16
block 51 16
block 52 16
block 53 16
block 54 16
block 55 16
block 56 16
block 0 17
block 1 17
block 2 17
block 3 17
block 4 17
block 11 17
block 12 17
block 13 17
block 14 17
block 15 17
block 16 17
block 28 17
block 29 17
block 30 17
block 51 17
block 52 17
block 53 17
block 54 17
block 55 17
block 0 18
block 1 18
block 2 18
block 3 18
block 4 18
block 11 18
block 12 18
block 13 18
block 14 18
block 15 18
block 16 18
block 19 18
block 20 18
block 21 18
block 22 18
block 23 18
block 24 18
block 25 18
block 40 18
block 41 18
block 42 18
block 43 18
block 44 18
block 45 18
block 51 18
block 52 18
block 53 18
block 54 18
block 55 18
block 11 19
block 12 19
block 13 19
block 14 19
block 15 19
block 16 19
block 19 19
block 20 19
block 21 19
block 22 19
block 23 19
block 24 19
block 25 19
block 40 19
block 41 19
block 42 19
block 43 19
block 44 19
block 45 19
block 51 19
block 52 19
block 53 19
block 54 19
block 55 19
block 2 20
block 3 20
block 4 20
block 5 20
block 6 20
block 10 20
block 11 20
block 12 20
block 13 20
block 14 20
block 40 20
block 41 20
block 42 20
block 43 20
block 44 20
block 45 20
block 51 20
block 52 20
block 53 20
block 54 20
block 55 20
block 2 21
block 3 21
block 4 21
block 5 21
block 6 21
block 10 21
block 11 21
block 12 21
block 13 21
block 14 21
block 40 21
block 41 21
block 42 21
block 43 21
block 44 21
block 45 21
block 51 21
block 52 21
block 53 21
block 54 21
block 55 21
##BotsAndCoinsInfo
bot_name 0 starter-bot
bot 0 6 5
bot_coins 0 0
coin 62 15
coin 3 6
round 1
bot 0 6 6
round 2
bot 0 6 7
round 3
bot 0 6 8
round 4
bot 0 6 9
round 5
bot 0 6 10
coin 31 16
coin 34 5
round 6
bot 0 6 11
round 7
bot 0 6 12
round 8
bot 0 6 13
round 9
bot 0 6 14
round 10
bot 0 6 15
coin 36 19
coin 30 2
round 11
bot 0 6 16
round 12
bot 0 6 17
round 13
bot 0 6 18
round 14
bot 0 6 19
round 15
bot 0 5 19
coin 23 2
coin 42 17
round 16
bot 0 4 19
round 17
bot 0 3 19
round 18
bot 0 2 19
round 19
bot 0 1 19
round 20
bot 0 1 20
coin 43 17
coin 22 4
round 21
bot 0 1 21
round 22
bot 0 0 20
round 23
bot 0 0 19
round 24
bot 0 65 19
round 25
bot 0 65 18
coin 44 17
coin 21 4
round 26
bot 0 65 17
round 27
bot 0 65 16
round 28
bot 0 65 15
round 29
bot 0 65 14
round 30
bot 0 65 13
coin 24 0
coin 41 1
round 31
bot 0 65 12
round 32
bot 0 65 11
round 33
bot 0 65 10
round 34
bot 0 65 9
round 35
bot 0 65 8
coin 1 0
coin 64 21
round 36
bot 0 65 7
round 37
bot 0 65 6
round 38
bot 0 65 5
round 39
bot 0 65 4
round 40
bot 0 65 3
coin 48 20
coin 17 1
round 41
bot 0 65 2
round 42
bot 0 65 1
round 43
bot 0 65 0
coin_collected 1 0 0
bot_coins 0 1
coin_collected 64 21 0
bot_coins 0 2
round 44
bot 0 64 1
round 45
bot 0 64 2
coin 56 7
coin 8 14
round 46
bot 0 64 3
round 47
bot 0 64 4
round 48
bot 0 64 5
round 49
bot 0 64 6
round 50
bot 0 64 7
coin 32 15
coin 33 6
round 51
bot 0 64 8
round 52
bot 0 64 9
round 53
bot 0 64 10
round 54
bot 0 64 11
round 55
bot 0 64 12
coin 14 9
coin 51 12
round 56
bot 0 64 13
round 57
bot 0 64 14
round 58
bot 0 64 15
coin_collected 62 15 0
bot_coins 0 3
round 59
bot 0 64 16
round 60
bot 0 64 17
coin 23 20
coin 42 1
round 61
bot 0 64 18
round 62
bot 0 64 19
round 63
bot 0 64 20
round 64
bot 0 64 21
round 65
bot 0 63 20
coin 10 6
coin 57 15
round 66
bot 0 63 19
round 67
bot 0 63 18
round 68
bot 0 63 17
round 69
bot 0 63 16
round 70
bot 0 63 15
coin 37 18
coin 28 4
round 71
bot 0 63 14
round 72
bot 0 63 13
round 73
bot 0 63 12
round 74
bot 0 63 11
round 75
bot 0 63 10
coin 22 3
coin 43 16
round 76
bot 0 63 9
round 77
bot 0 63 8
round 78
bot 0 63 7
round 79
bot 0 63 6
round 80
bot 0 63 5
coin 57 14
coin 8 7
round 81
bot 0 63 4
round 82
bot 0 63 3
round 83
bot 0 63 2
round 84
bot 0 63 1
round 85
bot 0 63 0
coin 65 3
coin 0 19
round 86
bot 0 62 1
round 87
bot 0 62 2
round 88
bot 0 62 3
round 89
bot 0 62 4
round 90
bot 0 62 5
coin 51 11
coin 14 10
round 91
bot 0 62 6
round 92
bot 0 62 7
round 93
bot 0 62 8
round 94
bot 0 62 9
round 95
bot 0 62 10
coin 44 4
coin 21 17
round 96
bot 0 62 11
round 97
bot 0 62 12
round 98
bot 0 62 13
round 99
bot 0 62 14
round 100
bot 0 62 15
coin 35 3
coin 30 18
round 101
bot 0 62 16
round 102
bot 0 62 17
round 103
bot 0 62 18
round 104
bot 0 62 19
round 105
bot 0 62 20
coin 23 13
coin 40 8
round 106
bot 0 62 21
round 107
bot 0 61 20
round 108
bot 0 61 19
round 109
bot 0 61 18
round 110
bot 0 61 17
coin 65 6
coin 0 15
round 111
bot 0 61 16
round 112
bot 0 61 15
round 113
bot 0 61 14
round 114
bot 0 61 13
round 115
bot 0 61 12
coin 1 5
coin 64 16
round 116
bot 0 61 11
round 117
bot 0 61 10
round 118
bot 0 61 9
round 119
bot 0 61 8
round 120
bot 0 61 7
coin 7 11
coin 58 9
round 121
bot 0 61 6
round 122
bot 0 61 5
round 123
bot 0 61 4
round 124
bot 0 61 3
round 125
bot 0 61 2
coin 37 2
coin 28 19
round 126
bot 0 61 1
round 127
bot 0 61 0
round 128
bot 0 60 1
round 129
bot 0 60 2
round 130
bot 0 60 3
coin 8 4
coin 57 17
round 131
bot 0 60 4
round 132
bot 0 60 5
round 133
bot 0 60 6
round 134
bot 0 60 7
round 135
bot 0 60 8
coin 2 2
coin 63 19
round 136
bot 0 60 9
coin_collected 58 9 0
bot_coins 0 4
round 137
bot 0 60 10
round 138
bot 0 60 11
round 139
bot 0 60 12
round 140
bot 0 60 13
coin 56 17
coin 9 4
round 141
bot 0 60 14
round 142
bot 0 60 15
round 143
bot 0 60 16
round 144
bot 0 60 17
round 145
bot 0 60 18
coin 27 15
coin 38 6
round 146
bot 0 60 19
round 147
bot 0 60 20
round 148
bot 0 60 21
round 149
bot 0 59 20
round 150
bot 0 59 19
coin 1 3
coin 64 18
round 151
bot 0 59 18
round 152
bot 0 59 17
coin_collected 57 17 0
bot_coins 0 5
round 153
bot 0 59 16
round 154
bot 0 59 15
coin_collected 57 15 0
bot_coins 0 6
round 155
bot 0 59 14
coin_collected 57 14 0
bot_coins 0 7
coin 26 19
coin 39 2
round 156
bot 0 59 13
round 157
bot 0 59 12
round 158
bot 0 59 11
round 159
bot 0 59 10
round 160
bot 0 59 9
coin 27 4
coin 38 17
round 161
bot 0 59 8
round 162
bot 0 59 7
round 163
bot 0 58 7
coin_collected 56 7 0
bot_coins 0 8
round 164
bot 0 57 7
round 165
bot 0 56 7
coin 38 3
coin 27 18
round 166
bot 0 57 7
round 167
bot 0 56 7
round 168
round 169
round 170
coin 45 15
coin 20 6
round 171
round 172
round 173
round 174
round 175
coin 16 13
coin 49 8
round 176
round 177
round 178
round 179
round 180
coin 13 15
coin 51 8
round 181
round 182
round 183
round 184
round 185
coin 2 5
coin 63 16
round 186
round 187
round 188
round 189
round 190
coin 62 8
coin 3 13
round 191
round 192
round 193
round 194
round 195
coin 65 21
coin 0 0
round 196
round 197
round 198
round 199
round 200
coin 57 14
coin 9 7
match_over 0
