match
match_id 1639215227720_mh
match_time 1639215227723
num_bots 1
##MatchConfig
mode FRIENDLY
num_rounds 200
random_seed 42
move_time_limit 1000
coin_spawn_period 5
coin_spawn_volume 2
##MapConfig
map_size 55 31
view_radius 6
mining_radius 2
attack_radius 4
block 0 0
block 1 0
block 7 0
block 8 0
block 9 0
block 10 0
block 11 0
block 12 0
block 13 0
block 25 0
block 26 0
block 27 0
block 28 0
block 54 0
block 0 1
block 1 1
block 7 1
block 8 1
block 9 1
block 10 1
block 11 1
block 12 1
block 13 1
block 25 1
block 26 1
block 27 1
block 28 1
block 54 1
block 0 2
block 1 2
block 11 2
block 12 2
block 13 2
block 14 2
block 15 2
block 25 2
block 26 2
block 27 2
block 28 2
block 54 2
block 0 3
block 1 3
block 11 3
block 12 3
block 13 3
block 14 3
block 15 3
block 25 3
block 26 3
block 27 3
block 28 3
block 54 3
block 0 4
block 1 4
block 2 4
block 53 4
block 54 4
block 0 5
block 1 5
block 2 5
block 53 5
block 54 5
block 0 6
block 1 6
block 2 6
block 3 6
block 4 6
block 35 6
block 36 6
block 37 6
block 38 6
block 39 6
block 53 6
block 54 6
block 0 7
block 1 7
block 2 7
block 3 7
block 4 7
block 35 7
block 36 7
block 37 7
block 38 7
block 39 7
block 53 7
block 54 7
block 0 8
block 1 8
block 2 8
block 3 8
block 4 8
block 53 8
block 54 8
block 0 9
block 1 9
block 2 9
block 3 9
block 4 9
block 14 9
block 15 9
block 45 9
block 46 9
block 47 9
block 48 9
block 49 9
block 50 9
block 51 9
block 53 9
block 54 9
block 0 10
block 1 10
block 2 10
block 3 10
block 4 10
block 14 10
block 15 10
block 45 10
block 46 10
block 47 10
block 48 10
block 49 10
block 50 10
block 51 10
block 0 11
block 1 11
block 2 11
block 3 11
block 4 11
block 9 11
block 10 11
block 11 11
block 12 11
block 13 11
block 14 11
block 15 11
block 20 11
block 21 11
block 22 11
block 23 11
block 27 11
block 28 11
block 29 11
block 30 11
block 0 12
block 1 12
block 2 12
block 3 12
block 4 12
block 9 12
block 10 12
block 11 12
block 12 12
block 13 12
block 14 12
block 15 12
block 20 12
block 21 12
block 22 12
block 23 12
block 24 12
block 27 12
block 28 12
block 29 12
block 30 12
block 2 13
block 3 13
block 4 13
block 5 13
block 6 13
block 7 13
block 8 13
block 9 13
block 10 13
block 11 13
block 12 13
block 13 13
block 14 13
block 15 13
block 20 13
block 21 13
block 22 13
block 23 13
block 24 13
block 27 13
block 28 13
block 29 13
block 30 13
block 2 14
block 3 14
block 4 14
block 5 14
block 6 14
block 7 14
block 8 14
block 9 14
block 10 14
block 11 14
block 12 14
block 13 14
block 14 14
block 15 14
block 20 14
block 21 14
block 22 14
block 23 14
block 24 14
block 27 14
block 28 14
block 29 14
block 30 14
block 33 14
block 34 14
block 35 14
block 9 15
block 10 15
block 11 15
block 12 15
block 13 15
block 14 15
block 15 15
block 20 15
block 21 15
block 22 15
block 23 15
block 24 15
block 27 15
block 28 15
block 29 15
block 30 15
block 33 15
block 34 15
block 35 15
block 9 16
block 10 16
block 11 16
block 12 16
block 13 16
block 14 16
block 15 16
block 20 16
block 21 16
block 22 16
block 23 16
block 24 16
block 25 16
block 33 16
block 34 16
block 35 16
block 9 17
block 10 17
block 11 17
block 12 17
block 13 17
block 14 17
block 15 17
block 20 17
block 21 17
block 22 17
block 23 17
block 24 17
block 25 17
block 1 18
block 2 18
block 3 18
block 4 18
block 5 18
block 10 18
block 11 18
block 12 18
block 13 18
block 19 18
block 20 18
block 21 18
block 22 18
block 23 18
block 24 18
block 25 18
block 1 19
block 2 19
block 3 19
block 4 19
block 5 19
block 10 19
block 11 19
block 12 19
block 13 19
block 19 19
block 20 19
block 21 19
block 22 19
block 23 19
block 24 19
block 25 19
block 1 20
block 2 20
block 3 20
block 4 20
block 5 20
block 10 20
block 11 20
block 12 20
block 13 20
block 19 20
block 20 20
block 21 20
block 22 20
block 23 20
block 41 20
block 42 20
block 43 20
block 44 20
block 45 20
block 46 20
block 47 20
block 10 21
block 11 21
block 12 21
block 13 21
block 19 21
block 20 21
block 21 21
block 22 21
block 23 21
block 41 21
block 42 21
block 43 21
block 44 21
block 45 21
block 46 21
block 47 21
block 48 21
block 49 21
block 50 21
block 28 22
block 29 22
block 30 22
block 31 22
block 41 22
block 42 22
block 43 22
block 44 22
block 45 22
block 46 22
block 47 22
block 48 22
block 49 22
block 50 22
block 0 23
block 6 23
block 7 23
block 28 23
block 29 23
block 30 23
block 31 23
block 41 23
block 42 23
block 43 23
block 44 23
block 45 23
block 46 23
block 47 23
block 48 23
block 49 23
block 50 23
block 51 23
block 52 23
block 53 23
block 54 23
block 0 24
block 6 24
block 7 24
block 28 24
block 29 24
block 30 24
block 31 24
block 41 24
block 42 24
block 43 24
block 44 24
block 45 24
block 46 24
block 47 24
block 48 24
block 49 24
block 50 24
block 51 24
block 52 24
block 53 24
block 54 24
block 0 25
block 6 25
block 7 25
block 28 25
block 29 25
block 30 25
block 31 25
block 41 25
block 42 25
block 43 25
block 44 25
block 45 25
block 46 25
block 47 25
block 48 25
block 49 25
block 50 25
block 51 25
block 52 25
block 53 25
block 54 25
block 0 26
block 6 26
block 7 26
block 14 26
block 15 26
block 16 26
block 17 26
block 18 26
block 19 26
block 20 26
block 28 26
block 29 26
block 30 26
block 31 26
block 51 26
block 52 26
block 53 26
block 54 26
block 0 27
block 6 27
block 7 27
block 14 27
block 15 27
block 16 27
block 17 27
block 18 27
block 19 27
block 20 27
block 21 27
block 22 27
block 23 27
block 24 27
block 28 27
block 29 27
block 30 27
block 31 27
block 32 27
block 33 27
block 34 27
block 35 27
block 51 27
block 52 27
block 53 27
block 54 27
block 0 28
block 1 28
block 19 28
block 20 28
block 21 28
block 22 28
block 23 28
block 24 28
block 31 28
block 32 28
block 33 28
block 34 28
block 35 28
block 51 28
block 52 28
block 53 28
block 54 28
block 0 29
block 1 29
block 19 29
block 20 29
block 21 29
block 22 29
block 23 29
block 24 29
block 25 29
block 26 29
block 27 29
block 28 29
block 31 29
block 32 29
block 33 29
block 34 29
block 35 29
block 40 29
block 41 29
block 54 29
block 0 30
block 1 30
block 19 30
block 20 30
block 21 30
block 22 30
block 23 30
block 24 30
block 25 30
block 26 30
block 27 30
block 28 30
block 31 30
block 32 30
block 33 30
block 34 30
block 35 30
block 40 30
block 41 30
block 54 30
##BotsAndCoinsInfo
bot_name 0 starter-bot
bot 0 15 30
bot_coins 0 0
coin 40 10
coin 14 20
round 1
bot 0 14 29
round 2
bot 0 14 28
round 3
round 4
round 5
coin 8 23
coin 46 7
round 6
round 7
round 8
round 9
round 10
coin 25 28
coin 29 2
round 11
round 12
round 13
round 14
round 15
coin 45 1
coin 9 29
round 16
round 17
round 18
round 19
round 20
coin 53 3
coin 1 27
round 21
round 22
round 23
round 24
round 25
coin 22 0
coin 32 0
round 26
round 27
round 28
round 29
round 30
coin 46 27
coin 8 3
round 31
round 32
round 33
round 34
round 35
coin 46 19
coin 8 11
round 36
round 37
round 38
round 39
round 40
coin 26 21
coin 28 9
round 41
round 42
round 43
round 44
round 45
coin 33 19
coin 21 10
round 46
round 47
round 48
round 49
round 50
coin 10 8
coin 44 19
round 51
round 52
round 53
round 54
round 55
coin 36 18
coin 18 12
round 56
round 57
round 58
round 59
round 60
coin 24 20
coin 30 10
round 61
round 62
round 63
round 64
round 65
coin 9 18
coin 45 12
round 66
round 67
round 68
round 69
round 70
coin 37 21
coin 17 9
round 71
round 72
round 73
round 74
round 75
coin 1 26
coin 52 4
round 76
round 77
round 78
round 79
round 80
coin 45 17
coin 8 12
round 81
round 82
round 83
round 84
round 85
coin 32 22
coin 22 8
round 86
round 87
round 88
round 89
round 90
coin 32 20
coin 22 10
round 91
round 92
round 93
round 94
round 95
coin 43 26
coin 11 4
round 96
round 97
round 98
round 99
round 100
coin 25 20
coin 29 10
round 101
round 102
round 103
round 104
round 105
coin 23 6
coin 32 24
round 106
round 107
round 108
round 109
round 110
coin 10 10
coin 45 19
round 111
round 112
round 113
round 114
round 115
coin 12 29
coin 42 1
round 116
round 117
round 118
round 119
round 120
coin 7 4
coin 47 26
round 121
round 122
round 123
round 124
round 125
coin 48 30
coin 6 0
round 126
round 127
round 128
round 129
round 130
coin 8 2
coin 46 28
round 131
round 132
round 133
round 134
round 135
coin 35 11
coin 18 19
round 136
round 137
round 138
round 139
round 140
coin 33 22
coin 21 8
round 141
round 142
round 143
round 144
round 145
coin 16 14
coin 38 16
round 146
round 147
round 148
round 149
match_over 0
round 150
