match
match_id 1639415168404_er
match_time 1639415168406
num_bots 1
##MatchConfig
mode FRIENDLY
num_rounds 200
random_seed 42
move_time_limit 1000
coin_spawn_period 5
coin_spawn_volume 2
##MapConfig
map_size 76 20
view_radius 6
mining_radius 1
attack_radius 3
block 3 0
block 4 0
block 5 0
block 15 0
block 16 0
block 22 0
block 23 0
block 24 0
block 25 0
block 26 0
block 27 0
block 28 0
block 50 0
block 51 0
block 52 0
block 53 0
block 54 0
block 55 0
block 63 0
block 64 0
block 65 0
block 66 0
block 67 0
block 68 0
block 69 0
block 3 1
block 4 1
block 5 1
block 48 1
block 49 1
block 50 1
block 51 1
block 52 1
block 53 1
block 54 1
block 55 1
block 63 1
block 64 1
block 65 1
block 66 1
block 67 1
block 68 1
block 69 1
block 3 2
block 4 2
block 5 2
block 31 2
block 32 2
block 33 2
block 34 2
block 35 2
block 48 2
block 49 2
block 50 2
block 51 2
block 52 2
block 53 2
block 54 2
block 55 2
block 56 2
block 57 2
block 63 2
block 64 2
block 65 2
block 66 2
block 67 2
block 68 2
block 69 2
block 31 3
block 32 3
block 33 3
block 34 3
block 35 3
block 48 3
block 49 3
block 50 3
block 51 3
block 52 3
block 53 3
block 54 3
block 55 3
block 56 3
block 57 3
block 63 3
block 64 3
block 65 3
block 66 3
block 67 3
block 68 3
block 69 3
block 27 4
block 28 4
block 29 4
block 30 4
block 31 4
block 32 4
block 48 4
block 49 4
block 50 4
block 51 4
block 52 4
block 53 4
block 54 4
block 55 4
block 56 4
block 57 4
block 64 4
block 65 4
block 66 4
block 67 4
block 27 5
block 28 5
block 29 5
block 30 5
block 31 5
block 32 5
block 48 5
block 49 5
block 50 5
block 51 5
block 52 5
block 53 5
block 54 5
block 55 5
block 56 5
block 57 5
block 64 5
block 65 5
block 66 5
block 67 5
block 27 6
block 28 6
block 29 6
block 30 6
block 31 6
block 32 6
block 48 6
block 49 6
block 50 6
block 51 6
block 52 6
block 53 6
block 54 6
block 55 6
block 56 6
block 57 6
block 0 7
block 1 7
block 2 7
block 22 7
block 23 7
block 24 7
block 27 7
block 28 7
block 29 7
block 30 7
block 31 7
block 32 7
block 51 7
block 52 7
block 53 7
block 54 7
block 55 7
block 74 7
block 75 7
block 0 8
block 1 8
block 2 8
block 15 8
block 16 8
block 17 8
block 18 8
block 22 8
block 23 8
block 24 8
block 27 8
block 28 8
block 29 8
block 30 8
block 31 8
block 32 8
block 51 8
block 52 8
block 53 8
block 54 8
block 55 8
block 74 8
block 75 8
block 15 9
block 16 9
block 17 9
block 18 9
block 19 9
block 20 9
block 21 9
block 22 9
block 23 9
block 24 9
block 25 9
block 27 9
block 28 9
block 29 9
block 30 9
block 31 9
block 32 9
block 51 9
block 52 9
block 53 9
block 54 9
block 55 9
block 15 10
block 16 10
block 17 10
block 18 10
block 19 10
block 20 10
block 21 10
block 22 10
block 23 10
block 24 10
block 25 10
block 27 10
block 28 10
block 29 10
block 30 10
block 31 10
block 32 10
block 51 10
block 52 10
block 53 10
block 15 11
block 16 11
block 17 11
block 18 11
block 19 11
block 20 11
block 21 11
block 22 11
block 23 11
block 24 11
block 25 11
block 48 11
block 49 11
block 50 11
block 51 11
block 52 11
block 53 11
block 15 12
block 16 12
block 17 12
block 18 12
block 19 12
block 20 12
block 21 12
block 22 12
block 23 12
block 24 12
block 25 12
block 48 12
block 49 12
block 50 12
block 51 12
block 52 12
block 53 12
block 56 12
block 57 12
block 58 12
block 59 12
block 60 12
block 61 12
block 62 12
block 17 13
block 18 13
block 19 13
block 20 13
block 21 13
block 22 13
block 23 13
block 24 13
block 25 13
block 26 13
block 27 13
block 28 13
block 40 13
block 41 13
block 42 13
block 43 13
block 44 13
block 48 13
block 49 13
block 50 13
block 51 13
block 52 13
block 56 13
block 57 13
block 58 13
block 59 13
block 60 13
block 61 13
block 62 13
block 0 14
block 1 14
block 17 14
block 18 14
block 19 14
block 20 14
block 21 14
block 22 14
block 23 14
block 24 14
block 25 14
block 26 14
block 27 14
block 28 14
block 40 14
block 41 14
block 42 14
block 43 14
block 44 14
block 48 14
block 49 14
block 50 14
block 51 14
block 52 14
block 56 14
block 57 14
block 58 14
block 59 14
block 60 14
block 61 14
block 62 14
block 70 14
block 71 14
block 0 15
block 1 15
block 26 15
block 27 15
block 28 15
block 40 15
block 41 15
block 42 15
block 43 15
block 44 15
block 70 15
block 71 15
block 0 16
block 1 16
block 16 16
block 17 16
block 18 16
block 19 16
block 20 16
block 26 16
block 27 16
block 28 16
block 40 16
block 41 16
block 42 16
block 43 16
block 44 16
block 70 16
block 71 16
block 0 17
block 1 17
block 4 17
block 5 17
block 15 17
block 16 17
block 17 17
block 18 17
block 19 17
block 20 17
block 26 17
block 27 17
block 28 17
block 38 17
block 39 17
block 40 17
block 41 17
block 42 17
block 43 17
block 44 17
block 50 17
block 51 17
block 52 17
block 53 17
block 54 17
block 55 17
block 63 17
block 64 17
block 65 17
block 66 17
block 67 17
block 68 17
block 69 17
block 70 17
block 71 17
block 0 18
block 1 18
block 3 18
block 4 18
block 5 18
block 15 18
block 16 18
block 17 18
block 18 18
block 19 18
block 20 18
block 22 18
block 23 18
block 24 18
block 25 18
block 26 18
block 27 18
block 28 18
block 38 18
block 39 18
block 40 18
block 41 18
block 42 18
block 43 18
block 44 18
block 50 18
block 51 18
block 52 18
block 53 18
block 54 18
block 55 18
block 63 18
block 64 18
block 65 18
block 66 18
block 67 18
block 68 18
block 69 18
block 0 19
block 1 19
block 3 19
block 4 19
block 5 19
block 15 19
block 16 19
block 22 19
block 23 19
block 24 19
block 25 19
block 26 19
block 27 19
block 28 19
block 50 19
block 51 19
block 52 19
block 53 19
block 54 19
block 55 19
block 63 19
block 64 19
block 65 19
block 66 19
block 67 19
block 68 19
block 69 19
##BotsAndCoinsInfo
bot_name 0 martyn
bot 0 13 9
bot_coins 0 0
coin 26 3
coin 49 16
round 1
bot 0 13 10
round 2
bot 0 13 11
round 3
bot 0 13 12
round 4
bot 0 13 13
round 5
bot 0 13 14
coin 12 4
coin 63 15
round 6
bot 0 13 15
round 7
bot 0 13 16
round 8
bot 0 13 17
round 9
bot 0 13 18
round 10
bot 0 13 19
coin 6 5
coin 69 14
round 11
bot 0 12 18
round 12
round 13
round 14
round 15
coin 25 17
coin 49 0
round 16
round 17
round 18
round 19
round 20
coin 53 13
coin 22 6
round 21
round 22
round 23
round 24
round 25
coin 42 2
coin 33 17
round 26
round 27
round 28
round 29
round 30
coin 12 12
coin 63 7
round 31
round 32
round 33
round 34
round 35
coin 64 12
coin 11 7
round 36
round 37
round 38
round 39
round 40
coin 68 10
coin 7 9
round 41
round 42
round 43
round 44
round 45
coin 11 9
coin 64 10
round 46
round 47
round 48
round 49
round 50
coin 40 3
coin 35 16
round 51
round 52
round 53
round 54
round 55
coin 54 13
coin 21 6
round 56
round 57
round 58
round 59
round 60
coin 47 1
coin 29 18
round 61
round 62
round 63
round 64
round 65
coin 6 18
coin 70 1
round 66
round 67
round 68
round 69
round 70
coin 67 6
coin 8 13
round 71
round 72
round 73
round 74
round 75
coin 38 16
coin 37 3
round 76
round 77
round 78
round 79
round 80
coin 62 5
coin 13 14
round 81
round 82
round 83
round 84
round 85
coin 25 7
coin 50 10
round 86
round 87
round 88
round 89
round 90
coin 60 11
coin 15 7
round 91
round 92
round 93
round 94
round 95
coin 1 4
coin 74 15
round 96
round 97
round 98
round 99
round 100
coin 26 5
coin 49 15
round 101
round 102
round 103
round 104
round 105
coin 75 17
coin 0 2
round 106
round 107
round 108
round 109
round 110
coin 31 14
coin 44 5
round 111
round 112
round 113
round 114
round 115
coin 64 15
coin 11 4
round 116
round 117
round 118
round 119
round 120
coin 17 3
coin 58 16
round 121
round 122
round 123
round 124
round 125
coin 56 0
coin 19 19
round 126
round 127
round 128
round 129
round 130
coin 66 16
coin 9 3
round 131
round 132
round 133
round 134
round 135
coin 4 10
coin 71 9
round 136
round 137
round 138
round 139
round 140
coin 57 19
coin 18 0
round 141
round 142
round 143
round 144
round 145
coin 45 3
coin 30 16
round 146
round 147
round 148
round 149
round 150
coin 9 19
coin 62 0
round 151
round 152
round 153
round 154
round 155
coin 0 1
coin 75 18
round 156
round 157
round 158
round 159
round 160
coin 25 15
coin 50 7
round 161
round 162
round 163
round 164
round 165
coin 58 19
coin 17 0
round 166
round 167
round 168
round 169
round 170
coin 14 19
coin 61 0
round 171
round 172
round 173
round 174
round 175
coin 34 1
coin 41 19
round 176
round 177
round 178
round 179
round 180
coin 61 9
coin 14 10
round 181
round 182
round 183
round 184
round 185
coin 57 11
coin 19 8
round 186
round 187
round 188
round 189
round 190
coin 18 1
coin 57 18
round 191
round 192
round 193
round 194
round 195
coin 45 13
coin 33 6
round 196
round 197
round 198
round 199
round 200
coin 4 14
coin 71 5
match_over 0
