match
match_id 1639431239216_ao
match_time 1639431239218
num_bots 1
##MatchConfig
mode FRIENDLY
num_rounds 200
random_seed 42
move_time_limit 1000
coin_spawn_period 5
coin_spawn_volume 2
##MapConfig
map_size 56 24
view_radius 6
mining_radius 2
attack_radius 3
block 31 0
block 32 0
block 33 0
block 34 0
block 35 0
block 37 0
block 38 0
block 39 0
block 40 0
block 41 0
block 42 0
block 43 0
block 44 0
block 45 0
block 46 0
block 47 0
block 0 1
block 1 1
block 2 1
block 3 1
block 31 1
block 32 1
block 33 1
block 34 1
block 35 1
block 43 1
block 44 1
block 45 1
block 46 1
block 47 1
block 55 1
block 0 2
block 1 2
block 2 2
block 3 2
block 31 2
block 32 2
block 33 2
block 34 2
block 35 2
block 43 2
block 44 2
block 45 2
block 46 2
block 47 2
block 55 2
block 0 3
block 1 3
block 2 3
block 3 3
block 31 3
block 32 3
block 33 3
block 34 3
block 35 3
block 44 3
block 45 3
block 46 3
block 47 3
block 55 3
block 0 4
block 1 4
block 2 4
block 3 4
block 31 4
block 32 4
block 33 4
block 34 4
block 35 4
block 44 4
block 45 4
block 46 4
block 47 4
block 48 4
block 49 4
block 50 4
block 51 4
block 53 4
block 54 4
block 55 4
block 0 5
block 1 5
block 2 5
block 3 5
block 11 5
block 12 5
block 13 5
block 14 5
block 15 5
block 16 5
block 31 5
block 32 5
block 33 5
block 34 5
block 35 5
block 44 5
block 45 5
block 46 5
block 47 5
block 48 5
block 49 5
block 50 5
block 51 5
block 53 5
block 54 5
block 55 5
block 0 6
block 1 6
block 2 6
block 3 6
block 11 6
block 12 6
block 13 6
block 14 6
block 15 6
block 16 6
block 34 6
block 35 6
block 44 6
block 45 6
block 46 6
block 47 6
block 48 6
block 49 6
block 50 6
block 51 6
block 53 6
block 54 6
block 55 6
block 0 7
block 1 7
block 2 7
block 3 7
block 4 7
block 5 7
block 6 7
block 7 7
block 11 7
block 12 7
block 13 7
block 14 7
block 15 7
block 16 7
block 25 7
block 26 7
block 27 7
block 28 7
block 44 7
block 45 7
block 46 7
block 47 7
block 48 7
block 49 7
block 50 7
block 53 7
block 54 7
block 55 7
block 0 8
block 1 8
block 2 8
block 3 8
block 4 8
block 5 8
block 6 8
block 7 8
block 11 8
block 12 8
block 13 8
block 14 8
block 15 8
block 16 8
block 25 8
block 26 8
block 27 8
block 28 8
block 36 8
block 37 8
block 38 8
block 40 8
block 41 8
block 42 8
block 44 8
block 45 8
block 46 8
block 47 8
block 48 8
block 49 8
block 50 8
block 53 8
block 54 8
block 55 8
block 0 9
block 1 9
block 2 9
block 3 9
block 4 9
block 5 9
block 6 9
block 7 9
block 11 9
block 12 9
block 13 9
block 14 9
block 15 9
block 16 9
block 25 9
block 26 9
block 27 9
block 28 9
block 36 9
block 37 9
block 38 9
block 40 9
block 41 9
block 42 9
block 44 9
block 45 9
block 46 9
block 47 9
block 48 9
block 49 9
block 50 9
block 53 9
block 54 9
block 55 9
block 0 10
block 1 10
block 2 10
block 3 10
block 4 10
block 5 10
block 6 10
block 7 10
block 11 10
block 12 10
block 13 10
block 14 10
block 15 10
block 16 10
block 25 10
block 26 10
block 27 10
block 28 10
block 36 10
block 37 10
block 38 10
block 40 10
block 41 10
block 42 10
block 44 10
block 45 10
block 46 10
block 47 10
block 48 10
block 49 10
block 50 10
block 53 10
block 54 10
block 55 10
block 2 11
block 3 11
block 4 11
block 5 11
block 6 11
block 7 11
block 19 11
block 20 11
block 21 11
block 22 11
block 23 11
block 24 11
block 25 11
block 26 11
block 27 11
block 28 11
block 36 11
block 37 11
block 38 11
block 40 11
block 41 11
block 42 11
block 44 11
block 45 11
block 46 11
block 47 11
block 48 11
block 2 12
block 3 12
block 4 12
block 5 12
block 6 12
block 7 12
block 19 12
block 20 12
block 21 12
block 22 12
block 23 12
block 24 12
block 25 12
block 26 12
block 27 12
block 28 12
block 29 12
block 36 12
block 37 12
block 38 12
block 40 12
block 41 12
block 42 12
block 44 12
block 45 12
block 46 12
block 47 12
block 48 12
block 4 13
block 5 13
block 6 13
block 7 13
block 8 13
block 9 13
block 10 13
block 19 13
block 20 13
block 21 13
block 22 13
block 23 13
block 24 13
block 25 13
block 26 13
block 27 13
block 28 13
block 29 13
block 36 13
block 37 13
block 38 13
block 40 13
block 41 13
block 42 13
block 4 14
block 5 14
block 6 14
block 7 14
block 8 14
block 9 14
block 10 14
block 19 14
block 20 14
block 21 14
block 22 14
block 23 14
block 24 14
block 25 14
block 26 14
block 27 14
block 28 14
block 29 14
block 30 14
block 31 14
block 32 14
block 33 14
block 36 14
block 37 14
block 38 14
block 40 14
block 41 14
block 42 14
block 51 14
block 52 14
block 53 14
block 23 15
block 24 15
block 25 15
block 26 15
block 27 15
block 28 15
block 29 15
block 30 15
block 31 15
block 32 15
block 33 15
block 46 15
block 47 15
block 48 15
block 51 15
block 52 15
block 53 15
block 25 16
block 26 16
block 27 16
block 28 16
block 29 16
block 30 16
block 31 16
block 32 16
block 33 16
block 39 16
block 40 16
block 41 16
block 42 16
block 43 16
block 46 16
block 47 16
block 48 16
block 25 17
block 26 17
block 27 17
block 28 17
block 29 17
block 39 17
block 40 17
block 41 17
block 42 17
block 43 17
block 46 17
block 47 17
block 48 17
block 49 17
block 50 17
block 51 17
block 52 17
block 3 18
block 4 18
block 5 18
block 6 18
block 25 18
block 26 18
block 27 18
block 28 18
block 29 18
block 39 18
block 40 18
block 41 18
block 42 18
block 43 18
block 44 18
block 45 18
block 46 18
block 47 18
block 48 18
block 49 18
block 50 18
block 51 18
block 52 18
block 3 19
block 4 19
block 5 19
block 6 19
block 37 19
block 38 19
block 39 19
block 40 19
block 41 19
block 42 19
block 43 19
block 44 19
block 45 19
block 46 19
block 47 19
block 48 19
block 49 19
block 50 19
block 51 19
block 52 19
block 3 20
block 4 20
block 5 20
block 6 20
block 37 20
block 38 20
block 39 20
block 40 20
block 41 20
block 42 20
block 43 20
block 44 20
block 45 20
block 46 20
block 47 20
block 48 20
block 49 20
block 50 20
block 51 20
block 52 20
block 3 21
block 4 21
block 5 21
block 6 21
block 37 21
block 38 21
block 39 21
block 40 21
block 41 21
block 42 21
block 43 21
block 44 21
block 45 21
block 46 21
block 47 21
block 48 21
block 49 21
block 50 21
block 51 21
block 52 21
block 37 22
block 38 22
block 39 22
block 40 22
block 41 22
block 42 22
block 43 22
block 44 22
block 45 22
block 46 22
block 47 22
block 48 22
block 49 22
block 50 22
block 51 22
block 52 22
block 31 23
block 32 23
block 33 23
block 34 23
block 35 23
block 37 23
block 38 23
block 39 23
block 40 23
block 41 23
block 42 23
block 43 23
block 44 23
block 45 23
block 46 23
block 47 23
##BotsAndCoinsInfo
bot_name 0 starter-bot
bot 0 42 6
bot_coins 0 0
coin 50 3
coin 5 22
round 1
bot 0 42 7
round 2
bot 0 41 7
round 3
bot 0 40 7
round 4
bot 0 39 7
round 5
bot 0 39 8
coin 48 23
coin 7 0
round 6
bot 0 39 9
round 7
bot 0 39 10
round 8
bot 0 39 11
round 9
bot 0 39 12
round 10
bot 0 39 13
coin 29 11
coin 24 10
round 11
bot 0 39 14
round 12
bot 0 39 15
round 13
bot 0 38 15
round 14
bot 0 38 16
round 15
bot 0 38 17
coin 1 14
coin 52 9
round 16
bot 0 38 18
round 17
bot 0 37 18
round 18
bot 0 36 18
round 19
bot 0 36 19
round 20
bot 0 36 20
coin 54 3
coin 1 20
round 21
bot 0 36 21
round 22
bot 0 36 22
round 23
bot 0 36 23
round 24
bot 0 36 22
round 25
bot 0 35 22
coin 39 14
coin 17 9
round 26
bot 0 34 21
round 27
bot 0 34 20
round 28
bot 0 34 19
round 29
bot 0 34 18
round 30
bot 0 34 17
coin 30 12
coin 23 10
round 31
round 32
round 33
round 34
round 35
coin 36 7
coin 19 16
round 36
round 37
round 38
round 39
round 40
coin 0 18
coin 53 3
round 41
round 42
round 43
round 44
round 45
coin 7 17
coin 48 3
round 46
round 47
round 48
round 49
round 50
coin 40 7
coin 15 16
round 51
round 52
round 53
round 54
round 55
coin 51 9
coin 4 15
round 56
round 57
round 58
round 59
round 60
coin 35 9
coin 20 15
round 61
round 62
round 63
round 64
round 65
coin 14 11
coin 39 12
round 66
round 67
round 68
round 69
round 70
coin 10 6
coin 45 17
round 71
round 72
round 73
round 74
round 75
coin 29 10
coin 24 16
round 76
round 77
round 78
round 79
round 80
coin 30 5
coin 25 19
round 81
round 82
round 83
round 84
round 85
coin 17 23
coin 38 1
round 86
round 87
round 88
round 89
round 90
coin 12 13
coin 43 10
round 91
round 92
round 93
round 94
round 95
coin 49 12
coin 8 11
round 96
round 97
round 98
round 99
round 100
coin 27 1
coin 28 22
round 101
round 102
round 103
round 104
round 105
coin 7 1
coin 49 23
round 106
round 107
round 108
round 109
round 110
coin 31 6
coin 24 17
round 111
round 112
round 113
round 114
round 115
coin 55 23
coin 0 0
round 116
round 117
round 118
round 119
round 120
coin 13 19
coin 42 4
round 121
round 122
round 123
round 124
round 125
coin 33 8
coin 22 15
round 126
round 127
round 128
round 129
round 130
coin 30 4
coin 26 19
round 131
round 132
round 133
round 134
round 135
coin 17 10
coin 39 13
round 136
round 137
round 138
round 139
round 140
coin 49 16
coin 6 6
round 141
round 142
round 143
round 144
round 145
coin 29 3
coin 26 20
round 146
round 147
round 148
round 149
round 150
coin 49 11
coin 8 12
round 151
round 152
round 153
round 154
round 155
coin 30 1
coin 25 22
round 156
round 157
round 158
round 159
round 160
coin 22 2
coin 33 21
round 161
round 162
round 163
round 164
round 165
coin 7 6
coin 49 15
round 166
round 167
round 168
round 169
round 170
coin 54 2
coin 1 21
round 171
round 172
round 173
round 174
round 175
coin 38 5
coin 17 18
round 176
round 177
round 178
round 179
round 180
coin 53 13
coin 1 11
round 181
round 182
round 183
round 184
round 185
coin 29 5
coin 27 19
round 186
round 187
round 188
round 189
round 190
coin 26 4
coin 29 19
round 191
round 192
round 193
round 194
round 195
coin 17 21
coin 38 2
round 196
round 197
round 198
round 199
round 200
coin 16 11
coin 39 11
match_over 0
