match
match_id 1639403110370_bl
match_time 1639403110373
num_bots 1
##MatchConfig
mode FRIENDLY
num_rounds 200
random_seed 42
move_time_limit 1000
coin_spawn_period 5
coin_spawn_volume 2
##MapConfig
map_size 56 29
view_radius 6
mining_radius 1
attack_radius 4
block 0 0
block 1 0
block 33 0
block 34 0
block 35 0
block 51 0
block 52 0
block 53 0
block 54 0
block 55 0
block 0 1
block 33 1
block 34 1
block 35 1
block 51 1
block 52 1
block 53 1
block 54 1
block 55 1
block 22 2
block 23 2
block 24 2
block 25 2
block 26 2
block 27 2
block 28 2
block 33 2
block 34 2
block 35 2
block 22 3
block 23 3
block 24 3
block 25 3
block 26 3
block 27 3
block 28 3
block 22 4
block 23 4
block 24 4
block 25 4
block 26 4
block 27 4
block 28 4
block 22 5
block 23 5
block 24 5
block 25 5
block 26 5
block 27 5
block 28 5
block 31 5
block 32 5
block 33 5
block 34 5
block 35 5
block 22 6
block 23 6
block 24 6
block 25 6
block 26 6
block 27 6
block 28 6
block 31 6
block 32 6
block 33 6
block 34 6
block 35 6
block 22 7
block 23 7
block 24 7
block 25 7
block 26 7
block 27 7
block 28 7
block 2 8
block 3 8
block 4 8
block 5 8
block 6 8
block 10 8
block 11 8
block 22 8
block 23 8
block 24 8
block 25 8
block 26 8
block 27 8
block 28 8
block 47 8
block 48 8
block 49 8
block 50 8
block 51 8
block 52 8
block 0 9
block 1 9
block 2 9
block 3 9
block 4 9
block 5 9
block 6 9
block 10 9
block 11 9
block 38 9
block 39 9
block 47 9
block 48 9
block 49 9
block 50 9
block 51 9
block 52 9
block 0 10
block 1 10
block 10 10
block 11 10
block 38 10
block 39 10
block 47 10
block 48 10
block 49 10
block 50 10
block 51 10
block 52 10
block 0 11
block 1 11
block 24 11
block 25 11
block 26 11
block 27 11
block 28 11
block 29 11
block 30 11
block 38 11
block 39 11
block 47 11
block 48 11
block 49 11
block 50 11
block 51 11
block 52 11
block 53 11
block 54 11
block 55 11
block 24 12
block 25 12
block 26 12
block 27 12
block 28 12
block 29 12
block 30 12
block 38 12
block 39 12
block 47 12
block 48 12
block 49 12
block 50 12
block 51 12
block 52 12
block 53 12
block 54 12
block 55 12
block 24 13
block 25 13
block 26 13
block 27 13
block 28 13
block 29 13
block 30 13
block 38 13
block 39 13
block 47 13
block 48 13
block 49 13
block 50 13
block 51 13
block 52 13
block 53 13
block 54 13
block 55 13
block 24 14
block 25 14
block 26 14
block 27 14
block 28 14
block 29 14
block 30 14
block 31 14
block 32 14
block 33 14
block 34 14
block 36 14
block 37 14
block 38 14
block 39 14
block 40 14
block 49 14
block 50 14
block 51 14
block 52 14
block 53 14
block 54 14
block 55 14
block 0 15
block 1 15
block 2 15
block 3 15
block 4 15
block 24 15
block 25 15
block 26 15
block 27 15
block 28 15
block 29 15
block 30 15
block 31 15
block 32 15
block 33 15
block 34 15
block 36 15
block 37 15
block 38 15
block 39 15
block 40 15
block 41 15
block 42 15
block 43 15
block 44 15
block 49 15
block 50 15
block 51 15
block 52 15
block 53 15
block 54 15
block 55 15
block 0 16
block 1 16
block 2 16
block 3 16
block 4 16
block 24 16
block 25 16
block 26 16
block 27 16
block 28 16
block 29 16
block 30 16
block 31 16
block 32 16
block 33 16
block 34 16
block 36 16
block 37 16
block 38 16
block 39 16
block 40 16
block 41 16
block 42 16
block 43 16
block 44 16
block 49 16
block 50 16
block 51 16
block 52 16
block 53 16
block 54 16
block 55 16
block 0 17
block 1 17
block 2 17
block 3 17
block 4 17
block 5 17
block 6 17
block 7 17
block 31 17
block 32 17
block 33 17
block 34 17
block 36 17
block 37 17
block 38 17
block 39 17
block 40 17
block 41 17
block 42 17
block 43 17
block 44 17
block 49 17
block 50 17
block 51 17
block 52 17
block 53 17
block 54 17
block 55 17
block 0 18
block 3 18
block 4 18
block 5 18
block 6 18
block 7 18
block 31 18
block 32 18
block 33 18
block 34 18
block 36 18
block 37 18
block 38 18
block 39 18
block 40 18
block 41 18
block 42 18
block 43 18
block 44 18
block 53 18
block 54 18
block 55 18
block 0 19
block 3 19
block 4 19
block 5 19
block 6 19
block 7 19
block 41 19
block 42 19
block 43 19
block 44 19
block 53 19
block 54 19
block 55 19
block 0 20
block 4 20
block 5 20
block 37 20
block 38 20
block 39 20
block 41 20
block 42 20
block 43 20
block 44 20
block 53 20
block 54 20
block 55 20
block 0 21
block 4 21
block 5 21
block 9 21
block 10 21
block 11 21
block 12 21
block 13 21
block 14 21
block 37 21
block 38 21
block 39 21
block 43 21
block 44 21
block 53 21
block 54 21
block 55 21
block 0 22
block 9 22
block 10 22
block 11 22
block 12 22
block 13 22
block 14 22
block 30 22
block 31 22
block 32 22
block 37 22
block 38 22
block 39 22
block 43 22
block 44 22
block 53 22
block 54 22
block 55 22
block 30 23
block 31 23
block 32 23
block 37 23
block 38 23
block 39 23
block 43 23
block 44 23
block 30 24
block 31 24
block 32 24
block 37 24
block 38 24
block 39 24
block 43 24
block 44 24
block 21 25
block 22 25
block 23 25
block 24 25
block 25 25
block 26 25
block 27 25
block 30 25
block 31 25
block 32 25
block 37 25
block 38 25
block 39 25
block 43 25
block 44 25
block 21 26
block 22 26
block 23 26
block 24 26
block 25 26
block 26 26
block 27 26
block 30 26
block 31 26
block 32 26
block 33 26
block 34 26
block 35 26
block 37 26
block 38 26
block 39 26
block 43 26
block 44 26
block 21 27
block 22 27
block 23 27
block 24 27
block 25 27
block 26 27
block 27 27
block 30 27
block 31 27
block 32 27
block 33 27
block 34 27
block 35 27
block 43 27
block 44 27
block 0 28
block 1 28
block 30 28
block 31 28
block 32 28
block 33 28
block 34 28
block 35 28
block 51 28
block 52 28
block 53 28
block 54 28
block 55 28
##BotsAndCoinsInfo
bot_name 0 starter-bot
bot 0 30 18
bot_coins 0 0
coin 50 7
coin 6 21
round 1
bot 0 30 19
round 2
bot 0 30 20
round 3
bot 0 30 21
round 4
bot 0 29 21
round 5
bot 0 29 22
coin 48 15
coin 7 13
round 6
bot 0 29 23
round 7
bot 0 29 24
round 8
bot 0 29 25
round 9
bot 0 29 26
round 10
bot 0 29 27
coin 26 23
coin 29 5
round 11
round 12
round 13
round 14
round 15
coin 1 8
coin 52 20
round 16
round 17
round 18
round 19
round 20
coin 55 25
coin 0 3
round 21
round 22
round 23
round 24
round 25
coin 40 22
coin 15 6
round 26
round 27
round 28
round 29
round 30
coin 28 17
coin 27 10
round 31
round 32
round 33
round 34
round 35
coin 36 20
coin 19 8
round 36
round 37
round 38
round 39
round 40
coin 0 2
coin 55 26
round 41
round 42
round 43
round 44
round 45
coin 7 2
coin 48 26
round 46
round 47
round 48
round 49
round 50
coin 40 27
coin 15 1
round 51
round 52
round 53
round 54
round 55
coin 50 19
coin 5 10
round 56
round 57
round 58
round 59
round 60
coin 35 19
coin 20 9
round 61
round 62
round 63
round 64
round 65
coin 14 8
coin 40 20
round 66
round 67
round 68
round 69
round 70
coin 11 11
coin 45 17
round 71
round 72
round 73
round 74
round 75
coin 26 1
coin 29 26
round 76
coin_collected 29 26 0
bot_coins 0 1
round 77
round 78
round 79
round 80
coin 30 17
coin 25 10
round 81
round 82
round 83
round 84
round 85
coin 17 8
coin 38 19
round 86
round 87
round 88
round 89
round 90
coin 12 27
coin 43 1
round 91
round 92
round 93
round 94
round 95
coin 49 22
coin 6 6
round 96
round 97
round 98
round 99
round 100
coin 27 22
coin 29 6
round 101
round 102
round 103
round 104
round 105
coin 7 23
coin 48 5
round 106
round 107
round 108
round 109
round 110
coin 31 13
coin 23 15
round 111
round 112
round 113
round 114
round 115
coin 55 2
coin 0 26
round 116
round 117
round 118
round 119
round 120
coin 13 14
coin 42 14
round 121
round 122
round 123
round 124
round 125
coin 33 3
coin 22 24
round 126
round 127
round 128
round 129
round 130
coin 30 10
coin 25 18
round 131
round 132
round 133
round 134
round 135
coin 16 19
coin 40 9
round 136
round 137
round 138
round 139
round 140
coin 49 23
coin 6 5
round 141
round 142
round 143
round 144
round 145
coin 29 4
coin 26 24
round 146
round 147
round 148
round 149
round 150
coin 49 6
coin 6 22
round 151
round 152
round 153
round 154
round 155
coin 32 20
coin 23 9
round 156
round 157
round 158
round 159
round 160
coin 22 13
coin 35 15
round 161
round 162
round 163
round 164
round 165
coin 6 25
coin 49 3
round 166
round 167
round 168
round 169
round 170
coin 55 5
coin 0 23
round 171
round 172
round 173
round 174
round 175
coin 39 19
coin 16 9
round 176
round 177
round 178
round 179
round 180
coin 53 5
coin 2 23
round 181
round 182
round 183
round 184
round 185
coin 29 24
coin 29 3
round 186
round 187
round 188
round 189
round 190
coin 26 9
coin 29 19
round 191
round 192
round 193
round 194
round 195
coin 17 11
coin 37 19
round 196
round 197
round 198
round 199
round 200
coin 16 4
coin 40 24
match_over 0
