match
match_id 1639175817585_ge
match_time 1639175817588
num_bots 1
##MatchConfig
mode FRIENDLY
num_rounds 200
random_seed 42
move_time_limit 1000
coin_spawn_period 5
coin_spawn_volume 2
##MapConfig
map_size 49 26
view_radius 5
mining_radius 2
attack_radius 4
block 22 3
block 23 3
block 24 3
block 25 3
block 26 3
block 6 4
block 7 4
block 22 4
block 23 4
block 24 4
block 25 4
block 26 4
block 6 5
block 7 5
block 22 5
block 23 5
block 24 5
block 25 5
block 26 5
block 38 5
block 39 5
block 40 5
block 41 5
block 6 6
block 7 6
block 22 6
block 23 6
block 24 6
block 25 6
block 26 6
block 38 6
block 39 6
block 40 6
block 41 6
block 6 7
block 7 7
block 11 7
block 12 7
block 13 7
block 14 7
block 15 7
block 16 7
block 17 7
block 22 7
block 23 7
block 24 7
block 25 7
block 26 7
block 11 8
block 12 8
block 13 8
block 14 8
block 15 8
block 16 8
block 17 8
block 20 8
block 21 8
block 22 8
block 23 8
block 24 8
block 25 8
block 26 8
block 32 8
block 33 8
block 34 8
block 35 8
block 11 9
block 12 9
block 13 9
block 14 9
block 15 9
block 16 9
block 17 9
block 20 9
block 21 9
block 22 9
block 23 9
block 24 9
block 25 9
block 26 9
block 32 9
block 33 9
block 34 9
block 35 9
block 11 10
block 12 10
block 13 10
block 14 10
block 15 10
block 16 10
block 17 10
block 20 10
block 21 10
block 22 10
block 23 10
block 24 10
block 25 10
block 32 10
block 33 10
block 34 10
block 35 10
block 11 11
block 12 11
block 13 11
block 14 11
block 15 11
block 16 11
block 17 11
block 20 11
block 21 11
block 22 11
block 23 11
block 24 11
block 25 11
block 32 11
block 33 11
block 34 11
block 35 11
block 20 12
block 21 12
block 22 12
block 23 12
block 24 12
block 25 12
block 32 12
block 33 12
block 34 12
block 35 12
block 20 13
block 21 13
block 22 13
block 23 13
block 24 13
block 25 13
block 32 13
block 33 13
block 34 13
block 35 13
block 20 14
block 21 14
block 22 14
block 23 14
block 24 14
block 25 14
block 32 14
block 33 14
block 34 14
block 35 14
block 13 19
block 14 19
block 15 19
block 16 19
block 17 19
block 13 20
block 14 20
block 15 20
block 16 20
block 17 20
block 13 21
block 14 21
block 15 21
block 16 21
block 17 21
block 13 22
block 14 22
block 15 22
block 16 22
block 17 22
block 13 23
block 14 23
block 15 23
block 16 23
block 17 23
block 13 24
block 14 24
block 15 24
block 16 24
block 17 24
block 13 25
block 14 25
block 15 25
block 16 25
block 17 25
##BotsAndCoinsInfo
bot_name 0 starter-bot
bot 0 34 23
bot_coins 0 0
coin 29 7
coin 19 18
round 1
bot 0 34 24
round 2
bot 0 34 25
round 3
bot 0 34 0
round 4
bot 0 33 25
round 5
bot 0 32 24
coin 36 12
coin 12 13
round 6
bot 0 31 23
round 7
bot 0 30 22
round 8
bot 0 29 21
round 9
bot 0 28 20
round 10
bot 0 27 19
coin 19 17
coin 29 8
round 11
bot 0 26 18
round 12
bot 0 25 17
round 13
bot 0 25 16
round 14
bot 0 25 15
round 15
coin 1 16
coin 47 9
round 16
round 17
round 18
round 19
round 20
coin 48 15
coin 0 10
round 21
round 22
round 23
round 24
round 25
coin 3 0
coin 45 25
round 26
round 27
round 28
round 29
round 30
coin 28 6
coin 20 19
round 31
round 32
round 33
round 34
round 35
coin 15 4
coin 33 21
round 36
round 37
round 38
round 39
round 40
coin 28 8
coin 20 17
round 41
round 42
round 43
round 44
round 45
coin 0 25
coin 48 0
round 46
round 47
round 48
round 49
round 50
coin 40 17
coin 8 8
round 51
round 52
round 53
round 54
round 55
coin 15 17
coin 33 7
round 56
round 57
round 58
round 59
round 60
coin 28 21
coin 20 4
round 61
round 62
round 63
round 64
round 65
coin 35 6
coin 13 18
round 66
round 67
round 68
round 69
round 70
coin 11 24
coin 37 1
round 71
round 72
round 73
round 74
round 75
coin 26 10
coin 22 15
round 76
round 77
round 78
round 79
round 80
coin 44 7
coin 4 18
round 81
round 82
round 83
round 84
round 85
coin 10 21
coin 38 4
round 86
round 87
round 88
round 89
round 90
coin 19 11
coin 29 14
round 91
round 92
round 93
round 94
round 95
coin 19 10
coin 29 15
round 96
round 97
round 98
round 99
round 100
coin 41 4
coin 7 21
round 101
round 102
round 103
round 104
round 105
coin 0 3
coin 48 22
round 106
round 107
round 108
round 109
round 110
coin 10 2
coin 38 23
round 111
round 112
round 113
round 114
round 115
coin 6 21
coin 42 4
round 116
round 117
round 118
round 119
round 120
coin 48 23
coin 0 2
round 121
round 122
round 123
round 124
round 125
coin 12 18
coin 36 7
round 126
round 127
round 128
round 129
round 130
coin 37 2
coin 11 23
round 131
round 132
round 133
round 134
round 135
coin 16 16
coin 31 9
round 136
round 137
round 138
round 139
round 140
coin 42 15
coin 6 10
round 141
round 142
round 143
round 144
round 145
coin 43 1
coin 5 24
round 146
round 147
round 148
round 149
round 150
coin 0 9
coin 48 16
round 151
round 152
round 153
round 154
round 155
coin 46 9
coin 2 16
round 156
round 157
round 158
round 159
round 160
coin 1 6
coin 47 19
round 161
round 162
round 163
round 164
round 165
coin 34 15
coin 14 12
round 166
round 167
round 168
round 169
round 170
coin 34 5
coin 14 18
round 171
round 172
round 173
round 174
round 175
coin 31 21
coin 17 4
round 176
round 177
round 178
round 179
round 180
coin 4 13
coin 44 12
round 181
round 182
round 183
round 184
round 185
coin 15 6
coin 33 19
round 186
round 187
round 188
round 189
round 190
coin 5 20
coin 43 5
round 191
round 192
round 193
round 194
round 195
coin 11 21
coin 37 4
round 196
round 197
round 198
round 199
round 200
coin 23 24
coin 25 1
match_over 0
