match
match_id 1639169707899_by
match_time 1639169707901
num_bots 1
##MatchConfig
mode FRIENDLY
num_rounds 200
random_seed 42
move_time_limit 1000
coin_spawn_period 5
coin_spawn_volume 2
##MapConfig
map_size 52 38
view_radius 6
mining_radius 1
attack_radius 4
block 22 0
block 23 0
block 24 0
block 25 0
block 26 0
block 27 0
block 38 0
block 39 0
block 40 0
block 41 0
block 42 0
block 43 0
block 22 1
block 23 1
block 24 1
block 25 1
block 26 1
block 27 1
block 38 1
block 39 1
block 40 1
block 41 1
block 42 1
block 43 1
block 22 2
block 23 2
block 24 2
block 25 2
block 26 2
block 27 2
block 38 2
block 39 2
block 40 2
block 41 2
block 42 2
block 43 2
block 12 3
block 13 3
block 14 3
block 22 3
block 23 3
block 24 3
block 25 3
block 26 3
block 27 3
block 38 3
block 39 3
block 40 3
block 41 3
block 42 3
block 43 3
block 12 4
block 13 4
block 14 4
block 22 4
block 23 4
block 24 4
block 25 4
block 26 4
block 27 4
block 12 5
block 13 5
block 14 5
block 23 5
block 24 5
block 25 5
block 12 6
block 13 6
block 14 6
block 23 6
block 24 6
block 25 6
block 42 6
block 43 6
block 44 6
block 45 6
block 46 6
block 47 6
block 12 7
block 13 7
block 14 7
block 23 7
block 24 7
block 25 7
block 42 7
block 43 7
block 44 7
block 45 7
block 46 7
block 47 7
block 2 8
block 3 8
block 4 8
block 23 8
block 24 8
block 25 8
block 42 8
block 43 8
block 44 8
block 45 8
block 46 8
block 47 8
block 2 9
block 3 9
block 4 9
block 15 9
block 16 9
block 17 9
block 18 9
block 19 9
block 23 9
block 24 9
block 25 9
block 42 9
block 43 9
block 44 9
block 45 9
block 46 9
block 47 9
block 2 10
block 3 10
block 4 10
block 15 10
block 16 10
block 17 10
block 18 10
block 19 10
block 23 10
block 24 10
block 25 10
block 33 10
block 34 10
block 35 10
block 36 10
block 42 10
block 43 10
block 44 10
block 45 10
block 46 10
block 47 10
block 2 11
block 3 11
block 4 11
block 15 11
block 16 11
block 17 11
block 18 11
block 19 11
block 23 11
block 24 11
block 25 11
block 33 11
block 34 11
block 35 11
block 36 11
block 40 11
block 41 11
block 42 11
block 43 11
block 44 11
block 45 11
block 46 11
block 2 12
block 3 12
block 4 12
block 15 12
block 16 12
block 17 12
block 18 12
block 19 12
block 33 12
block 34 12
block 35 12
block 36 12
block 40 12
block 41 12
block 42 12
block 43 12
block 44 12
block 45 12
block 46 12
block 2 13
block 3 13
block 4 13
block 33 13
block 34 13
block 35 13
block 36 13
block 40 13
block 41 13
block 42 13
block 43 13
block 44 13
block 45 13
block 46 13
block 2 14
block 3 14
block 4 14
block 33 14
block 34 14
block 35 14
block 36 14
block 40 14
block 41 14
block 42 14
block 43 14
block 44 14
block 45 14
block 46 14
block 33 15
block 34 15
block 35 15
block 36 15
block 40 15
block 41 15
block 42 15
block 43 15
block 44 15
block 45 15
block 46 15
block 33 16
block 34 16
block 35 16
block 36 16
block 40 16
block 41 16
block 42 16
block 43 16
block 44 16
block 45 16
block 46 16
block 13 17
block 14 17
block 15 17
block 16 17
block 17 17
block 18 17
block 40 17
block 41 17
block 42 17
block 43 17
block 44 17
block 45 17
block 46 17
block 11 18
block 12 18
block 13 18
block 14 18
block 15 18
block 16 18
block 17 18
block 18 18
block 45 18
block 46 18
block 47 18
block 48 18
block 49 18
block 50 18
block 51 18
block 0 19
block 11 19
block 12 19
block 13 19
block 14 19
block 15 19
block 16 19
block 17 19
block 18 19
block 45 19
block 46 19
block 47 19
block 48 19
block 49 19
block 50 19
block 51 19
block 0 20
block 11 20
block 12 20
block 13 20
block 14 20
block 15 20
block 16 20
block 17 20
block 18 20
block 20 20
block 21 20
block 22 20
block 23 20
block 24 20
block 25 20
block 26 20
block 41 20
block 42 20
block 43 20
block 44 20
block 45 20
block 46 20
block 47 20
block 48 20
block 49 20
block 50 20
block 51 20
block 0 21
block 11 21
block 12 21
block 13 21
block 14 21
block 15 21
block 16 21
block 17 21
block 18 21
block 20 21
block 21 21
block 22 21
block 23 21
block 24 21
block 25 21
block 26 21
block 41 21
block 42 21
block 43 21
block 44 21
block 49 21
block 50 21
block 51 21
block 0 22
block 11 22
block 12 22
block 13 22
block 14 22
block 15 22
block 16 22
block 17 22
block 18 22
block 49 22
block 50 22
block 51 22
block 0 23
block 13 23
block 14 23
block 15 23
block 16 23
block 17 23
block 18 23
block 49 23
block 50 23
block 51 23
block 37 24
block 38 24
block 39 24
block 40 24
block 41 24
block 42 24
block 37 25
block 38 25
block 39 25
block 40 25
block 41 25
block 42 25
block 47 31
block 48 31
block 43 32
block 44 32
block 45 32
block 46 32
block 47 32
block 48 32
block 43 33
block 44 33
block 45 33
block 46 33
block 47 33
block 48 33
block 43 34
block 44 34
block 45 34
block 46 34
block 47 34
block 48 34
block 43 35
block 44 35
block 45 35
block 46 35
block 47 35
block 48 35
block 22 36
block 23 36
block 24 36
block 25 36
block 26 36
block 27 36
block 28 36
block 38 36
block 39 36
block 40 36
block 41 36
block 42 36
block 43 36
block 44 36
block 45 36
block 46 36
block 47 36
block 48 36
block 22 37
block 23 37
block 24 37
block 25 37
block 26 37
block 27 37
block 28 37
block 38 37
block 39 37
block 40 37
block 41 37
block 42 37
block 43 37
block 44 37
block 45 37
block 46 37
block 47 37
block 48 37
##BotsAndCoinsInfo
bot_name 0 starter-bot
bot 0 39 6
bot_coins 0 0
coin 26 9
coin 25 28
round 1
bot 0 39 7
round 2
bot 0 39 8
round 3
bot 0 39 9
round 4
bot 0 39 10
round 5
bot 0 39 11
coin 48 6
coin 3 31
round 6
bot 0 39 12
round 7
bot 0 39 13
round 8
bot 0 39 14
round 9
bot 0 39 15
round 10
bot 0 39 16
coin 26 15
coin 25 22
round 11
bot 0 39 17
round 12
bot 0 39 18
round 13
bot 0 39 19
round 14
bot 0 39 20
round 15
bot 0 39 21
coin 13 28
coin 38 9
round 16
bot 0 39 22
round 17
bot 0 39 23
round 18
round 19
round 20
coin 3 17
coin 48 21
round 21
round 22
round 23
round 24
round 25
coin 26 14
coin 25 23
round 26
round 27
round 28
round 29
round 30
coin 8 34
coin 44 3
round 31
round 32
round 33
round 34
round 35
coin 20 36
coin 31 1
round 36
round 37
round 38
round 39
round 40
coin 49 36
coin 2 1
round 41
round 42
round 43
round 44
round 45
coin 11 37
coin 40 35
round 46
round 47
round 48
round 49
round 50
coin 39 13
coin 12 24
round 51
round 52
round 53
round 54
round 55
coin 26 7
coin 25 30
round 56
round 57
round 58
round 59
round 60
coin 51 13
coin 0 24
round 61
round 62
round 63
round 64
round 65
coin 38 6
coin 13 31
round 66
round 67
round 68
round 69
round 70
coin 19 22
coin 32 15
round 71
round 72
round 73
round 74
round 75
coin 38 4
coin 13 33
round 76
round 77
round 78
round 79
round 80
coin 18 33
coin 33 4
round 81
round 82
round 83
round 84
round 85
coin 33 37
coin 18 0
round 86
round 87
round 88
round 89
round 90
coin 32 17
coin 19 20
round 91
round 92
round 93
round 94
round 95
coin 41 6
coin 10 31
round 96
round 97
round 98
round 99
round 100
coin 31 31
coin 20 6
round 101
round 102
round 103
round 104
round 105
coin 47 11
coin 4 26
round 106
round 107
round 108
round 109
round 110
coin 14 10
coin 37 27
round 111
round 112
round 113
round 114
round 115
coin 3 23
coin 48 14
round 116
round 117
round 118
round 119
round 120
coin 1 35
coin 50 2
round 121
round 122
round 123
round 124
round 125
coin 9 6
coin 42 31
round 126
round 127
round 128
round 129
round 130
coin 41 10
coin 10 27
round 131
round 132
round 133
round 134
round 135
coin 40 4
coin 11 33
round 136
round 137
round 138
round 139
round 140
coin 26 22
coin 25 15
round 141
round 142
round 143
round 144
round 145
coin 49 35
coin 2 2
round 146
round 147
round 148
round 149
round 150
coin 45 31
coin 6 6
round 151
round 152
round 153
round 154
round 155
coin 32 7
coin 19 30
round 156
round 157
round 158
round 159
round 160
coin 50 34
coin 1 3
round 161
round 162
round 163
round 164
round 165
coin 46 21
coin 5 16
round 166
round 167
round 168
round 169
round 170
coin 35 17
coin 19 21
round 171
round 172
round 173
round 174
round 175
coin 6 3
coin 42 34
round 176
round 177
round 178
round 179
round 180
coin 13 24
coin 38 13
round 181
round 182
round 183
round 184
round 185
coin 13 9
coin 38 28
round 186
round 187
round 188
round 189
round 190
coin 39 14
coin 12 23
round 191
round 192
round 193
round 194
round 195
coin 29 35
coin 21 2
round 196
round 197
round 198
round 199
round 200
coin 41 4
coin 10 33
match_over 0
