match
match_id 1639337964889_ar
match_time 1639337964891
num_bots 1
##MatchConfig
mode FRIENDLY
num_rounds 200
random_seed 42
move_time_limit 1000
coin_spawn_period 5
coin_spawn_volume 2
##MapConfig
map_size 50 34
view_radius 5
mining_radius 2
attack_radius 4
block 0 0
block 1 0
block 2 0
block 3 0
block 4 0
block 5 0
block 27 0
block 28 0
block 49 0
block 0 1
block 1 1
block 2 1
block 25 1
block 26 1
block 27 1
block 28 1
block 49 1
block 0 2
block 1 2
block 2 2
block 25 2
block 26 2
block 43 2
block 44 2
block 45 2
block 46 2
block 47 2
block 49 2
block 18 3
block 19 3
block 20 3
block 25 3
block 26 3
block 27 3
block 28 3
block 29 3
block 30 3
block 43 3
block 44 3
block 45 3
block 46 3
block 47 3
block 18 4
block 19 4
block 20 4
block 25 4
block 26 4
block 27 4
block 28 4
block 29 4
block 30 4
block 43 4
block 44 4
block 45 4
block 46 4
block 47 4
block 18 5
block 19 5
block 20 5
block 25 5
block 26 5
block 27 5
block 28 5
block 29 5
block 30 5
block 43 5
block 44 5
block 45 5
block 46 5
block 47 5
block 48 5
block 18 6
block 19 6
block 20 6
block 25 6
block 26 6
block 27 6
block 28 6
block 29 6
block 30 6
block 43 6
block 44 6
block 45 6
block 46 6
block 47 6
block 48 6
block 18 7
block 19 7
block 20 7
block 25 7
block 26 7
block 27 7
block 28 7
block 29 7
block 30 7
block 43 7
block 44 7
block 45 7
block 46 7
block 47 7
block 48 7
block 18 8
block 19 8
block 20 8
block 43 8
block 44 8
block 45 8
block 46 8
block 47 8
block 36 10
block 37 10
block 38 10
block 39 10
block 40 10
block 1 11
block 2 11
block 3 11
block 4 11
block 5 11
block 6 11
block 7 11
block 36 11
block 37 11
block 38 11
block 39 11
block 40 11
block 1 12
block 2 12
block 3 12
block 4 12
block 5 12
block 6 12
block 7 12
block 1 13
block 2 13
block 3 13
block 4 13
block 5 13
block 6 13
block 7 13
block 13 13
block 14 13
block 15 13
block 16 13
block 17 13
block 18 13
block 19 13
block 1 14
block 2 14
block 3 14
block 4 14
block 5 14
block 6 14
block 7 14
block 13 14
block 14 14
block 15 14
block 16 14
block 17 14
block 18 14
block 19 14
block 26 14
block 27 14
block 28 14
block 38 14
block 39 14
block 40 14
block 41 14
block 42 14
block 43 14
block 44 14
block 1 15
block 2 15
block 3 15
block 4 15
block 5 15
block 6 15
block 7 15
block 10 15
block 11 15
block 12 15
block 13 15
block 14 15
block 15 15
block 16 15
block 17 15
block 18 15
block 19 15
block 26 15
block 27 15
block 28 15
block 32 15
block 33 15
block 38 15
block 39 15
block 40 15
block 41 15
block 42 15
block 43 15
block 44 15
block 0 16
block 1 16
block 10 16
block 11 16
block 12 16
block 13 16
block 14 16
block 15 16
block 16 16
block 17 16
block 18 16
block 19 16
block 20 16
block 21 16
block 26 16
block 27 16
block 28 16
block 32 16
block 33 16
block 38 16
block 39 16
block 40 16
block 41 16
block 42 16
block 43 16
block 44 16
block 0 17
block 1 17
block 10 17
block 11 17
block 12 17
block 13 17
block 14 17
block 15 17
block 16 17
block 17 17
block 18 17
block 19 17
block 20 17
block 21 17
block 26 17
block 27 17
block 28 17
block 32 17
block 33 17
block 38 17
block 39 17
block 40 17
block 41 17
block 42 17
block 43 17
block 44 17
block 0 18
block 1 18
block 13 18
block 14 18
block 15 18
block 16 18
block 17 18
block 18 18
block 19 18
block 20 18
block 21 18
block 32 18
block 33 18
block 38 18
block 39 18
block 40 18
block 41 18
block 42 18
block 43 18
block 44 18
block 0 19
block 1 19
block 13 19
block 14 19
block 19 19
block 20 19
block 21 19
block 32 19
block 33 19
block 38 19
block 39 19
block 40 19
block 41 19
block 42 19
block 43 19
block 44 19
block 47 19
block 48 19
block 49 19
block 0 20
block 1 20
block 13 20
block 14 20
block 32 20
block 33 20
block 38 20
block 39 20
block 40 20
block 41 20
block 42 20
block 43 20
block 44 20
block 45 20
block 46 20
block 47 20
block 48 20
block 49 20
block 0 21
block 1 21
block 13 21
block 14 21
block 32 21
block 33 21
block 38 21
block 39 21
block 40 21
block 41 21
block 42 21
block 43 21
block 44 21
block 45 21
block 46 21
block 0 22
block 1 22
block 13 22
block 14 22
block 30 22
block 31 22
block 32 22
block 38 22
block 39 22
block 40 22
block 41 22
block 42 22
block 43 22
block 44 22
block 45 22
block 46 22
block 14 23
block 15 23
block 30 23
block 31 23
block 32 23
block 38 23
block 39 23
block 40 23
block 41 23
block 42 23
block 43 23
block 44 23
block 45 23
block 46 23
block 12 24
block 13 24
block 14 24
block 15 24
block 30 24
block 31 24
block 32 24
block 38 24
block 39 24
block 40 24
block 41 24
block 42 24
block 43 24
block 44 24
block 45 24
block 46 24
block 12 25
block 13 25
block 14 25
block 15 25
block 30 25
block 31 25
block 32 25
block 38 25
block 39 25
block 40 25
block 41 25
block 42 25
block 43 25
block 44 25
block 45 25
block 46 25
block 10 26
block 11 26
block 12 26
block 13 26
block 14 26
block 15 26
block 30 26
block 31 26
block 32 26
block 34 26
block 35 26
block 36 26
block 37 26
block 38 26
block 39 26
block 40 26
block 41 26
block 42 26
block 43 26
block 44 26
block 10 27
block 11 27
block 12 27
block 14 27
block 15 27
block 30 27
block 31 27
block 32 27
block 34 27
block 35 27
block 36 27
block 37 27
block 38 27
block 39 27
block 40 27
block 7 28
block 8 28
block 9 28
block 10 28
block 11 28
block 12 28
block 13 28
block 14 28
block 15 28
block 30 28
block 31 28
block 32 28
block 34 28
block 35 28
block 36 28
block 37 28
block 38 28
block 39 28
block 40 28
block 7 29
block 8 29
block 9 29
block 10 29
block 11 29
block 12 29
block 13 29
block 27 29
block 28 29
block 34 29
block 35 29
block 36 29
block 37 29
block 38 29
block 39 29
block 40 29
block 0 30
block 1 30
block 2 30
block 27 30
block 28 30
block 34 30
block 35 30
block 36 30
block 37 30
block 38 30
block 39 30
block 40 30
block 49 30
block 0 31
block 1 31
block 2 31
block 27 31
block 28 31
block 49 31
block 0 32
block 1 32
block 2 32
block 27 32
block 28 32
block 49 32
block 0 33
block 1 33
block 2 33
block 3 33
block 4 33
block 5 33
block 27 33
block 28 33
block 49 33
##BotsAndCoinsInfo
bot_name 0 starter-bot
bot 0 28 23
bot_coins 0 0
coin 30 11
coin 19 22
round 1
bot 0 28 24
round 2
bot 0 28 25
round 3
bot 0 28 26
round 4
bot 0 28 27
round 5
bot 0 28 28
coin 48 12
coin 2 21
round 6
bot 0 27 28
round 7
bot 0 26 28
round 8
bot 0 26 29
round 9
bot 0 26 30
round 10
bot 0 26 31
coin 20 9
coin 29 24
round 11
bot 0 26 32
round 12
bot 0 26 33
round 13
bot 0 25 32
round 14
bot 0 25 31
round 15
bot 0 25 30
coin 5 10
coin 47 23
round 16
bot 0 25 29
round 17
bot 0 25 28
round 18
bot 0 25 27
round 19
bot 0 25 26
round 20
bot 0 25 25
coin 17 7
coin 33 26
round 21
bot 0 25 24
round 22
bot 0 25 23
round 23
bot 0 25 22
round 24
bot 0 25 21
round 25
bot 0 25 20
coin 32 12
coin 17 21
round 26
bot 0 25 19
round 27
bot 0 25 18
round 28
bot 0 25 17
round 29
bot 0 25 16
round 30
bot 0 25 15
coin 26 13
coin 23 20
round 31
bot 0 25 14
coin_collected 26 13 0
bot_coins 0 1
round 32
bot 0 25 13
round 33
bot 0 25 12
round 34
bot 0 25 11
round 35
bot 0 25 10
coin 26 13
coin 23 19
round 36
bot 0 25 9
round 37
bot 0 25 8
round 38
bot 0 24 8
round 39
bot 0 24 7
round 40
bot 0 24 6
coin 6 8
coin 43 27
round 41
bot 0 24 5
round 42
bot 0 24 4
round 43
bot 0 24 3
round 44
bot 0 24 2
round 45
bot 0 24 1
coin 43 13
coin 6 20
round 46
bot 0 24 0
round 47
bot 0 23 1
round 48
bot 0 23 2
round 49
bot 0 23 3
round 50
bot 0 23 4
coin 0 11
coin 49 22
round 51
bot 0 23 5
round 52
bot 0 23 6
round 53
bot 0 23 7
round 54
bot 0 23 8
round 55
bot 0 23 9
coin 26 33
coin 23 0
round 56
bot 0 23 10
round 57
bot 0 23 11
round 58
bot 0 23 12
round 59
bot 0 23 13
round 60
bot 0 23 14
coin 43 1
coin 6 32
round 61
bot 0 23 15
round 62
bot 0 23 16
round 63
bot 0 23 17
coin_collected 23 19 0
bot_coins 0 2
round 64
bot 0 23 18
coin_collected 23 20 0
bot_coins 0 3
round 65
bot 0 23 19
coin 30 20
coin 20 13
round 66
bot 0 23 20
round 67
bot 0 23 21
round 68
bot 0 23 22
round 69
bot 0 23 23
round 70
bot 0 23 24
coin 37 32
coin 12 1
round 71
bot 0 23 25
round 72
bot 0 23 26
round 73
bot 0 23 27
round 74
bot 0 23 28
round 75
bot 0 23 29
coin 30 14
coin 19 20
round 76
bot 0 23 30
round 77
bot 0 23 31
round 78
bot 0 23 32
coin_collected 23 0 0
bot_coins 0 4
round 79
bot 0 23 33
round 80
bot 0 22 32
coin 29 25
coin 21 8
round 81
bot 0 22 31
round 82
bot 0 22 30
round 83
bot 0 22 29
round 84
bot 0 22 28
round 85
bot 0 22 27
coin 17 27
coin 32 6
round 86
bot 0 22 26
round 87
bot 0 22 25
round 88
bot 0 22 24
round 89
bot 0 22 23
round 90
bot 0 22 22
coin 12 9
coin 37 24
round 91
bot 0 22 21
round 92
bot 0 22 20
round 93
bot 0 22 19
round 94
bot 0 22 18
round 95
bot 0 22 17
coin 13 2
coin 36 31
round 96
bot 0 22 16
round 97
bot 0 22 15
round 98
bot 0 22 14
round 99
bot 0 22 13
coin_collected 20 13 0
bot_coins 0 5
round 100
bot 0 22 12
coin 29 31
coin 20 2
round 101
bot 0 22 11
round 102
bot 0 22 10
round 103
bot 0 22 9
coin_collected 21 8 0
bot_coins 0 6
coin_collected 20 9 0
bot_coins 0 7
round 104
bot 0 22 8
round 105
bot 0 22 7
coin 23 29
coin 24 4
round 106
bot 0 22 6
round 107
bot 0 22 5
round 108
bot 0 22 4
coin_collected 24 4 0
bot_coins 0 8
round 109
bot 0 22 3
round 110
bot 0 22 2
coin_collected 20 2 0
bot_coins 0 9
coin 25 10
coin 24 23
round 111
bot 0 22 1
round 112
bot 0 22 0
round 113
bot 0 21 1
round 114
bot 0 21 2
round 115
bot 0 21 3
coin 7 19
coin 42 13
round 116
bot 0 21 4
round 117
bot 0 21 5
round 118
bot 0 21 6
round 119
bot 0 21 7
round 120
bot 0 21 8
coin 7 9
coin 42 27
round 121
bot 0 21 9
round 122
bot 0 21 10
round 123
bot 0 21 11
round 124
bot 0 21 12
round 125
bot 0 21 13
coin 42 8
coin 7 25
round 126
bot 0 21 14
round 127
bot 0 21 15
round 128
bot 0 20 15
round 129
bot 0 21 15
round 130
bot 0 20 15
coin 8 14
coin 37 19
round 131
bot 0 21 15
round 132
bot 0 20 15
round 133
bot 0 21 15
round 134
bot 0 20 15
round 135
bot 0 21 15
coin 10 20
coin 39 13
round 136
bot 0 20 15
round 137
bot 0 21 15
round 138
bot 0 20 15
round 139
bot 0 21 15
round 140
bot 0 20 15
coin 13 1
coin 36 32
round 141
bot 0 21 15
round 142
bot 0 20 15
round 143
bot 0 21 15
round 144
bot 0 20 15
round 145
bot 0 21 15
coin 11 23
coin 38 9
round 146
bot 0 20 15
round 147
bot 0 21 15
round 148
bot 0 20 15
round 149
bot 0 21 15
round 150
bot 0 20 15
coin 48 8
coin 1 25
round 151
bot 0 21 15
round 152
bot 0 20 15
round 153
bot 0 21 15
round 154
bot 0 20 15
round 155
bot 0 21 15
coin 2 9
coin 47 24
round 156
bot 0 20 15
round 157
bot 0 21 15
round 158
bot 0 20 15
round 159
bot 0 21 15
round 160
bot 0 20 15
coin 44 1
coin 5 32
round 161
bot 0 21 15
round 162
bot 0 20 15
round 163
bot 0 21 15
round 164
bot 0 20 15
round 165
bot 0 21 15
coin 48 11
coin 2 22
round 166
bot 0 20 15
round 167
bot 0 21 15
round 168
bot 0 20 15
round 169
bot 0 21 15
round 170
bot 0 20 15
coin 24 3
coin 25 30
round 171
bot 0 21 15
round 172
bot 0 20 15
round 173
bot 0 21 15
round 174
bot 0 20 15
round 175
bot 0 21 15
coin 40 7
coin 9 26
round 176
bot 0 20 15
round 177
bot 0 21 15
round 178
bot 0 20 15
round 179
bot 0 21 15
round 180
bot 0 20 15
coin 3 3
coin 46 30
round 181
bot 0 21 15
round 182
bot 0 20 15
round 183
bot 0 21 15
round 184
bot 0 20 15
round 185
bot 0 21 15
coin 23 7
coin 26 26
round 186
bot 0 20 15
round 187
bot 0 21 15
round 188
bot 0 20 15
round 189
bot 0 21 15
round 190
bot 0 20 15
coin 36 22
coin 13 11
round 191
bot 0 21 15
round 192
bot 0 20 15
round 193
bot 0 21 15
round 194
bot 0 20 15
round 195
bot 0 21 15
coin 25 13
coin 24 20
round 196
bot 0 20 15
round 197
bot 0 21 15
round 198
bot 0 20 15
round 199
bot 0 21 15
round 200
bot 0 20 15
coin 0 23
coin 49 10
match_over 0
