match
match_id 1639168207491_bk
match_time 1639168207495
num_bots 1
##MatchConfig
mode FRIENDLY
num_rounds 200
random_seed 42
move_time_limit 1000
coin_spawn_period 5
coin_spawn_volume 2
##MapConfig
map_size 75 33
view_radius 6
mining_radius 2
attack_radius 3
block 32 0
block 33 0
block 32 1
block 33 1
block 35 1
block 36 1
block 32 2
block 33 2
block 35 2
block 36 2
block 64 2
block 65 2
block 1 3
block 2 3
block 3 3
block 4 3
block 5 3
block 6 3
block 7 3
block 32 3
block 33 3
block 35 3
block 36 3
block 64 3
block 65 3
block 1 4
block 2 4
block 3 4
block 4 4
block 5 4
block 6 4
block 7 4
block 32 4
block 33 4
block 35 4
block 36 4
block 64 4
block 65 4
block 1 5
block 2 5
block 3 5
block 4 5
block 5 5
block 6 5
block 7 5
block 35 5
block 36 5
block 64 5
block 65 5
block 30 6
block 31 6
block 32 6
block 33 6
block 64 6
block 65 6
block 30 7
block 31 7
block 32 7
block 33 7
block 17 8
block 18 8
block 19 8
block 20 8
block 21 8
block 30 8
block 31 8
block 32 8
block 33 8
block 17 9
block 18 9
block 19 9
block 20 9
block 21 9
block 7 10
block 8 10
block 9 10
block 10 10
block 17 10
block 18 10
block 19 10
block 20 10
block 21 10
block 7 11
block 8 11
block 9 11
block 10 11
block 17 11
block 18 11
block 19 11
block 20 11
block 21 11
block 7 12
block 8 12
block 9 12
block 10 12
block 7 13
block 8 13
block 9 13
block 10 13
block 7 14
block 8 14
block 9 14
block 10 14
block 2 15
block 3 15
block 4 15
block 5 15
block 7 15
block 8 15
block 9 15
block 10 15
block 34 15
block 35 15
block 36 15
block 37 15
block 38 15
block 39 15
block 40 15
block 2 16
block 3 16
block 4 16
block 5 16
block 7 16
block 8 16
block 9 16
block 10 16
block 34 16
block 35 16
block 36 16
block 37 16
block 38 16
block 39 16
block 40 16
block 2 17
block 3 17
block 4 17
block 5 17
block 8 19
block 9 19
block 10 19
block 2 20
block 3 20
block 4 20
block 5 20
block 6 20
block 8 20
block 9 20
block 10 20
block 65 20
block 66 20
block 2 21
block 3 21
block 4 21
block 5 21
block 6 21
block 8 21
block 9 21
block 10 21
block 65 21
block 66 21
block 2 22
block 3 22
block 4 22
block 5 22
block 6 22
block 8 22
block 9 22
block 10 22
block 65 22
block 66 22
block 2 23
block 3 23
block 4 23
block 5 23
block 6 23
block 8 23
block 9 23
block 10 23
block 13 23
block 14 23
block 15 23
block 24 23
block 25 23
block 26 23
block 28 23
block 29 23
block 30 23
block 31 23
block 32 23
block 33 23
block 2 24
block 3 24
block 4 24
block 5 24
block 6 24
block 13 24
block 14 24
block 15 24
block 24 24
block 25 24
block 26 24
block 28 24
block 29 24
block 30 24
block 31 24
block 32 24
block 33 24
block 45 24
block 46 24
block 13 25
block 14 25
block 15 25
block 24 25
block 25 25
block 26 25
block 28 25
block 29 25
block 30 25
block 31 25
block 32 25
block 33 25
block 45 25
block 46 25
block 0 26
block 13 26
block 14 26
block 15 26
block 24 26
block 25 26
block 26 26
block 28 26
block 29 26
block 30 26
block 31 26
block 32 26
block 33 26
block 43 26
block 44 26
block 45 26
block 46 26
block 47 26
block 48 26
block 70 26
block 71 26
block 72 26
block 73 26
block 74 26
block 0 27
block 13 27
block 14 27
block 15 27
block 25 27
block 26 27
block 27 27
block 28 27
block 29 27
block 30 27
block 31 27
block 32 27
block 33 27
block 43 27
block 44 27
block 45 27
block 46 27
block 47 27
block 48 27
block 70 27
block 71 27
block 72 27
block 73 27
block 74 27
block 0 28
block 1 28
block 2 28
block 3 28
block 13 28
block 14 28
block 15 28
block 25 28
block 26 28
block 27 28
block 28 28
block 29 28
block 30 28
block 31 28
block 32 28
block 33 28
block 43 28
block 44 28
block 45 28
block 46 28
block 47 28
block 48 28
block 70 28
block 71 28
block 72 28
block 73 28
block 74 28
block 0 29
block 1 29
block 2 29
block 3 29
block 13 29
block 14 29
block 15 29
block 25 29
block 26 29
block 27 29
block 28 29
block 70 29
block 71 29
block 72 29
block 73 29
block 74 29
block 0 30
block 25 30
block 26 30
block 27 30
block 28 30
block 41 30
block 42 30
block 70 30
block 71 30
block 72 30
block 73 30
block 74 30
block 0 31
block 25 31
block 26 31
block 27 31
block 28 31
block 32 31
block 33 31
block 41 31
block 42 31
block 70 31
block 71 31
block 72 31
block 73 31
block 74 31
block 25 32
block 26 32
block 27 32
block 28 32
block 32 32
block 33 32
##BotsAndCoinsInfo
bot_name 0 starter-bot
bot 0 54 30
bot_coins 0 0
coin 5 14
coin 69 18
round 1
bot 0 54 31
round 2
bot 0 54 32
round 3
round 4
round 5
match_over 0
coin 48 5
coin 27 26
round 6
