match
match_id 1639340141120_ao
match_time 1639340141123
num_bots 1
##MatchConfig
mode FRIENDLY
num_rounds 200
random_seed 42
move_time_limit 1000
coin_spawn_period 5
coin_spawn_volume 2
##MapConfig
map_size 50 32
view_radius 6
mining_radius 2
attack_radius 4
block 0 1
block 1 1
block 2 1
block 11 1
block 12 1
block 0 2
block 1 2
block 2 2
block 11 2
block 12 2
block 0 3
block 1 3
block 2 3
block 38 8
block 39 8
block 40 8
block 41 8
block 42 8
block 43 8
block 44 8
block 38 9
block 39 9
block 40 9
block 41 9
block 42 9
block 43 9
block 44 9
block 38 10
block 39 10
block 40 10
block 41 10
block 42 10
block 43 10
block 44 10
block 38 11
block 39 11
block 40 11
block 41 11
block 42 11
block 43 11
block 44 11
block 33 14
block 34 14
block 35 14
block 36 14
block 37 14
block 38 14
block 33 15
block 34 15
block 35 15
block 36 15
block 37 15
block 38 15
block 33 16
block 34 16
block 35 16
block 36 16
block 37 16
block 38 16
block 33 17
block 34 17
block 35 17
block 36 17
block 37 17
block 38 17
block 33 18
block 34 18
block 35 18
block 36 18
block 37 18
block 38 18
block 30 20
block 31 20
block 32 20
block 33 20
block 34 20
block 30 21
block 31 21
block 32 21
block 33 21
block 34 21
block 30 22
block 31 22
block 32 22
block 33 22
block 34 22
block 39 22
block 40 22
block 41 22
block 30 23
block 31 23
block 32 23
block 33 23
block 34 23
block 39 23
block 40 23
block 41 23
block 0 24
block 1 24
block 2 24
block 30 24
block 31 24
block 32 24
block 33 24
block 34 24
block 39 24
block 40 24
block 41 24
block 46 24
block 47 24
block 48 24
block 49 24
block 0 25
block 1 25
block 2 25
block 30 25
block 31 25
block 32 25
block 33 25
block 34 25
block 39 25
block 40 25
block 41 25
block 46 25
block 47 25
block 48 25
block 49 25
block 39 26
block 40 26
block 41 26
block 0 27
block 41 27
block 42 27
block 43 27
block 44 27
block 47 27
block 48 27
block 49 27
block 0 28
block 41 28
block 42 28
block 43 28
block 44 28
block 47 28
block 48 28
block 49 28
block 41 29
block 42 29
block 43 29
block 44 29
block 41 30
block 42 30
block 43 30
block 44 30
##BotsAndCoinsInfo
bot_name 0 starter-bot
bot 0 15 5
bot_coins 0 0
coin 30 1
coin 19 30
round 1
bot 0 15 6
round 2
bot 0 15 7
round 3
bot 0 15 8
round 4
bot 0 15 9
round 5
bot 0 15 10
coin 48 1
coin 1 30
round 6
bot 0 15 11
round 7
bot 0 15 12
round 8
bot 0 15 13
round 9
bot 0 15 14
round 10
bot 0 15 15
coin 20 30
coin 29 1
round 11
bot 0 15 16
round 12
bot 0 15 17
round 13
bot 0 15 18
round 14
bot 0 15 19
round 15
bot 0 15 20
coin 5 22
coin 45 9
round 16
bot 0 15 21
round 17
bot 0 15 22
round 18
bot 0 15 23
round 19
bot 0 15 24
round 20
bot 0 15 25
coin 19 2
coin 30 29
round 21
bot 0 15 26
round 22
bot 0 15 27
round 23
bot 0 15 28
round 24
bot 0 15 29
round 25
bot 0 15 30
coin 32 14
coin 17 17
round 26
bot 0 15 31
round 27
bot 0 14 30
round 28
bot 0 14 29
round 29
bot 0 14 28
round 30
bot 0 14 27
coin 26 12
coin 23 19
round 31
bot 0 14 26
round 32
bot 0 14 25
round 33
bot 0 14 24
round 34
bot 0 14 23
round 35
bot 0 14 22
coin 26 22
coin 23 9
round 36
bot 0 14 21
round 37
bot 0 14 20
round 38
bot 0 14 19
round 39
bot 0 14 18
round 40
bot 0 14 17
coin 6 24
coin 43 7
round 41
bot 0 14 16
round 42
bot 0 14 15
round 43
bot 0 14 14
round 44
bot 0 14 13
round 45
bot 0 14 12
coin 43 31
coin 6 0
round 46
bot 0 14 11
round 47
bot 0 14 10
round 48
bot 0 14 9
round 49
bot 0 14 8
round 50
bot 0 14 7
coin 0 4
coin 49 26
round 51
bot 0 14 6
round 52
bot 0 14 5
round 53
bot 0 14 4
round 54
bot 0 14 3
round 55
bot 0 14 2
coin 26 14
coin 23 17
round 56
bot 0 14 1
round 57
bot 0 14 0
round 58
bot 0 13 1
round 59
bot 0 13 2
round 60
bot 0 13 3
coin 45 29
coin 4 2
round 61
bot 0 13 4
round 62
bot 0 13 5
round 63
bot 0 13 6
round 64
bot 0 13 7
round 65
bot 0 13 8
coin 30 26
coin 19 5
round 66
bot 0 13 9
round 67
bot 0 13 10
round 68
bot 0 13 11
round 69
bot 0 13 12
round 70
bot 0 13 13
coin 37 4
coin 12 27
round 71
bot 0 13 14
round 72
bot 0 13 15
round 73
bot 0 13 16
round 74
bot 0 13 17
round 75
bot 0 13 18
coin 30 10
coin 19 21
round 76
bot 0 13 19
round 77
bot 0 13 20
round 78
bot 0 13 21
round 79
bot 0 13 22
round 80
bot 0 13 23
coin 30 8
coin 19 23
round 81
bot 0 13 24
round 82
bot 0 13 25
round 83
bot 0 13 26
coin_collected 12 27 0
bot_coins 0 1
round 84
bot 0 13 27
round 85
bot 0 13 28
coin 17 11
coin 32 19
round 86
bot 0 13 29
round 87
bot 0 13 30
round 88
bot 0 13 31
round 89
bot 0 12 30
round 90
bot 0 12 29
coin 12 5
coin 37 26
round 91
bot 0 12 28
round 92
bot 0 12 27
round 93
bot 0 12 26
round 94
bot 0 12 25
round 95
bot 0 12 24
coin 13 8
coin 36 23
round 96
bot 0 12 23
round 97
bot 0 12 22
round 98
bot 0 12 21
round 99
bot 0 12 20
round 100
bot 0 12 19
coin 29 20
coin 20 11
round 101
bot 0 12 18
round 102
bot 0 12 17
round 103
bot 0 12 16
round 104
bot 0 12 15
round 105
bot 0 12 14
coin 23 2
coin 26 29
round 106
bot 0 12 13
round 107
bot 0 12 12
round 108
bot 0 12 11
round 109
bot 0 12 10
round 110
bot 0 12 9
coin_collected 13 8 0
bot_coins 0 2
coin 25 2
coin 24 29
round 111
bot 0 12 8
round 112
bot 0 12 7
coin_collected 12 5 0
bot_coins 0 3
round 113
bot 0 12 6
round 114
bot 0 12 5
round 115
bot 0 12 4
coin 7 25
coin 42 6
round 116
bot 0 12 3
round 117
bot 0 11 3
round 118
bot 0 10 3
round 119
bot 0 10 2
round 120
bot 0 10 1
coin 7 10
coin 42 21
round 121
bot 0 10 0
round 122
bot 0 9 1
round 123
bot 0 9 2
round 124
bot 0 9 3
round 125
bot 0 9 4
coin 43 6
coin 6 25
round 126
bot 0 9 5
round 127
bot 0 9 6
round 128
bot 0 9 7
round 129
bot 0 9 8
round 130
bot 0 9 9
coin 8 0
coin 41 31
round 131
bot 0 9 10
coin_collected 7 10 0
bot_coins 0 4
round 132
bot 0 9 11
round 133
bot 0 9 12
round 134
bot 0 9 13
round 135
bot 0 9 14
coin 10 24
coin 39 7
round 136
bot 0 9 15
round 137
bot 0 9 16
round 138
bot 0 9 17
round 139
bot 0 9 18
round 140
bot 0 9 19
coin 13 2
coin 36 29
round 141
bot 0 9 20
round 142
bot 0 9 21
round 143
bot 0 9 22
round 144
bot 0 9 23
coin_collected 10 24 0
bot_coins 0 5
round 145
bot 0 9 24
coin 11 17
coin 39 14
round 146
bot 0 9 25
coin_collected 7 25 0
bot_coins 0 6
round 147
bot 0 9 26
round 148
bot 0 9 27
round 149
bot 0 9 28
round 150
bot 0 9 29
coin 47 26
coin 2 5
round 151
bot 0 9 30
round 152
bot 0 9 31
coin_collected 8 0 0
bot_coins 0 7
round 153
bot 0 8 30
round 154
bot 0 8 29
round 155
bot 0 8 28
coin 2 7
coin 47 23
round 156
bot 0 8 27
round 157
bot 0 8 26
round 158
bot 0 8 25
coin_collected 6 25 0
bot_coins 0 8
round 159
bot 0 8 24
coin_collected 6 24 0
bot_coins 0 9
round 160
bot 0 8 23
coin 44 19
coin 5 12
round 161
bot 0 8 22
round 162
bot 0 8 21
round 163
bot 0 8 20
round 164
bot 0 8 19
round 165
bot 0 8 18
coin 48 6
coin 1 26
round 166
bot 0 8 17
round 167
bot 0 8 16
round 168
bot 0 8 15
round 169
bot 0 8 14
round 170
bot 0 8 13
coin 25 12
coin 24 19
round 171
bot 0 8 12
round 172
bot 0 8 11
round 173
bot 0 8 10
round 174
bot 0 8 9
round 175
bot 0 8 8
coin 40 4
coin 9 27
round 176
bot 0 8 7
round 177
bot 0 8 6
round 178
bot 0 8 5
round 179
bot 0 8 4
round 180
bot 0 8 3
coin 3 13
coin 46 18
round 181
bot 0 8 2
round 182
bot 0 8 1
round 183
bot 0 8 0
coin_collected 6 0 0
bot_coins 0 10
round 184
bot 0 7 1
round 185
bot 0 7 2
coin 23 20
coin 26 11
round 186
bot 0 7 3
round 187
bot 0 7 4
round 188
bot 0 7 5
round 189
bot 0 7 6
round 190
bot 0 7 7
coin 36 22
coin 13 9
round 191
bot 0 7 8
round 192
bot 0 7 9
round 193
bot 0 7 10
round 194
bot 0 7 11
round 195
bot 0 7 12
coin_collected 5 12 0
bot_coins 0 11
coin 25 30
coin 24 1
round 196
bot 0 7 13
round 197
bot 0 7 14
round 198
bot 0 7 15
round 199
bot 0 7 16
round 200
bot 0 7 17
coin 0 17
coin 49 14
match_over 0
