match
match_id 1639172083162_dp
match_time 1639172083164
num_bots 1
##MatchConfig
mode FRIENDLY
num_rounds 200
random_seed 42
move_time_limit 1000
coin_spawn_period 5
coin_spawn_volume 2
##MapConfig
map_size 74 22
view_radius 6
mining_radius 1
attack_radius 3
block 42 0
block 43 0
block 44 0
block 45 0
block 46 0
block 2 6
block 3 6
block 4 6
block 5 6
block 2 7
block 3 7
block 4 7
block 5 7
block 2 8
block 3 8
block 4 8
block 5 8
block 6 8
block 7 8
block 8 8
block 2 9
block 3 9
block 4 9
block 5 9
block 6 9
block 7 9
block 8 9
block 2 10
block 3 10
block 4 10
block 5 10
block 6 10
block 7 10
block 8 10
block 18 12
block 19 12
block 45 12
block 46 12
block 18 13
block 19 13
block 45 13
block 46 13
block 18 14
block 19 14
block 21 14
block 22 14
block 23 14
block 24 14
block 45 14
block 46 14
block 2 15
block 3 15
block 4 15
block 18 15
block 19 15
block 21 15
block 22 15
block 23 15
block 24 15
block 2 16
block 3 16
block 4 16
block 18 16
block 19 16
block 21 16
block 22 16
block 23 16
block 24 16
block 48 16
block 49 16
block 1 17
block 2 17
block 3 17
block 4 17
block 21 17
block 22 17
block 23 17
block 24 17
block 42 17
block 43 17
block 44 17
block 45 17
block 46 17
block 48 17
block 49 17
block 1 18
block 2 18
block 3 18
block 4 18
block 21 18
block 22 18
block 23 18
block 24 18
block 42 18
block 43 18
block 44 18
block 45 18
block 46 18
block 48 18
block 49 18
block 2 19
block 3 19
block 4 19
block 42 19
block 43 19
block 44 19
block 45 19
block 46 19
block 48 19
block 49 19
block 42 20
block 43 20
block 44 20
block 45 20
block 46 20
block 48 20
block 49 20
block 42 21
block 43 21
block 44 21
block 45 21
block 46 21
##BotsAndCoinsInfo
bot_name 0 starter-bot
bot 0 12 6
bot_coins 0 0
coin 14 15
coin 59 6
round 1
bot 0 12 7
round 2
bot 0 12 8
round 3
bot 0 12 9
round 4
bot 0 12 10
round 5
bot 0 12 11
coin 1 16
coin 72 5
round 6
bot 0 12 12
round 7
bot 0 12 13
round 8
bot 0 12 14
round 9
bot 0 12 15
round 10
bot 0 12 16
coin 47 19
coin 26 2
round 11
bot 0 12 17
round 12
bot 0 12 18
round 13
bot 0 12 19
round 14
bot 0 12 20
round 15
bot 0 12 21
coin 11 2
coin 62 19
round 16
round 17
round 18
match_over 0
round 19
