match
match_id 1639428301257_eu
match_time 1639428301259
num_bots 1
##MatchConfig
mode FRIENDLY
num_rounds 200
random_seed 42
move_time_limit 1000
coin_spawn_period 5
coin_spawn_volume 2
##MapConfig
map_size 60 26
view_radius 6
mining_radius 1
attack_radius 4
block 32 0
block 33 0
block 34 0
block 35 0
block 43 1
block 44 1
block 45 1
block 46 1
block 47 1
block 11 2
block 12 2
block 13 2
block 14 2
block 15 2
block 16 2
block 43 2
block 44 2
block 45 2
block 46 2
block 47 2
block 11 3
block 12 3
block 13 3
block 14 3
block 15 3
block 16 3
block 43 3
block 44 3
block 45 3
block 46 3
block 47 3
block 11 4
block 12 4
block 13 4
block 14 4
block 15 4
block 16 4
block 20 4
block 21 4
block 22 4
block 23 4
block 24 4
block 25 4
block 43 4
block 44 4
block 45 4
block 46 4
block 47 4
block 20 5
block 21 5
block 22 5
block 23 5
block 24 5
block 25 5
block 43 5
block 44 5
block 45 5
block 46 5
block 47 5
block 48 5
block 49 5
block 19 6
block 20 6
block 21 6
block 22 6
block 23 6
block 24 6
block 25 6
block 45 6
block 46 6
block 47 6
block 48 6
block 49 6
block 19 7
block 20 7
block 21 7
block 22 7
block 23 7
block 24 7
block 25 7
block 45 7
block 46 7
block 47 7
block 48 7
block 49 7
block 19 8
block 20 8
block 21 8
block 22 8
block 23 8
block 24 8
block 45 8
block 46 8
block 47 8
block 48 8
block 49 8
block 12 9
block 13 9
block 14 9
block 15 9
block 16 9
block 19 9
block 20 9
block 21 9
block 22 9
block 23 9
block 24 9
block 45 9
block 46 9
block 47 9
block 48 9
block 49 9
block 12 10
block 13 10
block 14 10
block 15 10
block 16 10
block 19 10
block 20 10
block 21 10
block 22 10
block 23 10
block 24 10
block 45 10
block 46 10
block 47 10
block 48 10
block 49 10
block 8 11
block 9 11
block 10 11
block 11 11
block 12 11
block 13 11
block 14 11
block 15 11
block 16 11
block 19 11
block 20 11
block 21 11
block 22 11
block 23 11
block 24 11
block 28 11
block 29 11
block 30 11
block 31 11
block 32 11
block 33 11
block 34 11
block 45 11
block 46 11
block 47 11
block 48 11
block 49 11
block 8 12
block 9 12
block 10 12
block 11 12
block 12 12
block 13 12
block 14 12
block 15 12
block 16 12
block 19 12
block 20 12
block 21 12
block 22 12
block 23 12
block 24 12
block 28 12
block 29 12
block 30 12
block 31 12
block 32 12
block 33 12
block 34 12
block 8 13
block 9 13
block 10 13
block 11 13
block 12 13
block 13 13
block 14 13
block 15 13
block 16 13
block 21 13
block 22 13
block 28 13
block 29 13
block 30 13
block 31 13
block 32 13
block 33 13
block 34 13
block 35 13
block 36 13
block 8 14
block 9 14
block 10 14
block 11 14
block 12 14
block 13 14
block 14 14
block 15 14
block 16 14
block 21 14
block 22 14
block 26 14
block 27 14
block 28 14
block 29 14
block 30 14
block 31 14
block 32 14
block 33 14
block 34 14
block 35 14
block 36 14
block 10 15
block 11 15
block 12 15
block 13 15
block 14 15
block 15 15
block 16 15
block 26 15
block 27 15
block 28 15
block 29 15
block 30 15
block 31 15
block 32 15
block 33 15
block 34 15
block 35 15
block 36 15
block 26 16
block 27 16
block 28 16
block 29 16
block 32 16
block 33 16
block 34 16
block 35 16
block 36 16
block 37 16
block 38 16
block 39 16
block 40 16
block 26 17
block 27 17
block 28 17
block 29 17
block 32 17
block 33 17
block 34 17
block 35 17
block 36 17
block 37 17
block 38 17
block 39 17
block 40 17
block 47 17
block 48 17
block 26 18
block 27 18
block 28 18
block 29 18
block 32 18
block 33 18
block 34 18
block 35 18
block 36 18
block 37 18
block 38 18
block 39 18
block 40 18
block 47 18
block 48 18
block 26 19
block 27 19
block 28 19
block 29 19
block 34 19
block 35 19
block 36 19
block 37 19
block 38 19
block 39 19
block 40 19
block 47 19
block 48 19
block 26 20
block 27 20
block 28 20
block 29 20
block 34 20
block 35 20
block 36 20
block 37 20
block 38 20
block 39 20
block 40 20
block 47 20
block 48 20
block 34 21
block 35 21
block 36 21
block 37 21
block 38 21
block 39 21
block 40 21
block 47 21
block 48 21
block 47 22
block 48 22
block 49 22
block 50 22
block 51 22
block 47 23
block 48 23
block 49 23
block 50 23
block 51 23
block 32 24
block 33 24
block 34 24
block 35 24
block 48 24
block 49 24
block 50 24
block 51 24
block 32 25
block 33 25
block 34 25
block 35 25
block 48 25
block 49 25
block 50 25
block 51 25
##BotsAndCoinsInfo
bot_name 0 starter-bot
bot 0 18 15
bot_coins 0 0
coin 50 7
coin 9 18
round 1
bot 0 18 16
round 2
bot 0 18 17
round 3
bot 0 18 18
round 4
bot 0 18 19
round 5
bot 0 18 20
coin 48 12
coin 9 15
round 6
bot 0 18 21
round 7
bot 0 18 22
round 8
bot 0 18 23
round 9
bot 0 18 24
round 10
bot 0 18 25
coin 30 17
coin 29 8
round 11
bot 0 17 24
round 12
bot 0 17 23
round 13
bot 0 17 22
round 14
bot 0 17 21
round 15
bot 0 17 20
coin 5 16
coin 54 9
round 16
bot 0 17 19
round 17
bot 0 17 18
round 18
bot 0 17 17
round 19
bot 0 17 16
round 20
bot 0 17 15
coin 19 15
coin 40 10
round 21
bot 0 18 14
round 22
bot 0 19 15
coin_collected 19 15 0
bot_coins 0 1
round 23
bot 0 19 14
round 24
bot 0 19 13
round 25
bot 0 18 13
coin 2 0
coin 57 25
round 26
bot 0 18 12
round 27
bot 0 18 11
round 28
bot 0 18 10
round 29
bot 0 18 9
round 30
bot 0 18 8
coin 36 6
coin 23 19
round 31
bot 0 18 7
round 32
bot 0 18 6
round 33
bot 0 18 5
round 34
bot 0 18 4
round 35
bot 0 18 3
coin 56 4
coin 3 21
round 36
bot 0 18 2
round 37
bot 0 18 1
round 38
bot 0 18 0
round 39
bot 0 17 1
round 40
bot 0 17 2
coin 36 8
coin 23 17
round 41
bot 0 17 3
round 42
bot 0 17 4
round 43
bot 0 17 5
round 44
bot 0 17 6
round 45
bot 0 17 7
coin 43 25
coin 16 0
round 46
bot 0 17 8
round 47
bot 0 17 9
round 48
bot 0 17 10
round 49
bot 0 17 11
round 50
bot 0 17 12
coin 20 17
coin 39 8
round 51
bot 0 18 13
round 52
bot 0 19 14
round 53
bot 0 20 15
round 54
bot 0 19 16
round 55
bot 0 20 17
coin_collected 20 17 0
bot_coins 0 2
coin 25 17
coin 34 8
round 56
bot 0 21 18
round 57
bot 0 22 19
coin_collected 23 19 0
bot_coins 0 3
round 58
bot 0 23 18
coin_collected 23 17 0
bot_coins 0 4
round 59
bot 0 24 17
coin_collected 25 17 0
bot_coins 0 5
round 60
bot 0 24 18
coin 23 21
coin 36 4
round 61
bot 0 23 19
round 62
bot 0 22 20
round 63
bot 0 23 21
coin_collected 23 21 0
bot_coins 0 6
round 64
bot 0 23 22
round 65
bot 0 23 23
coin 10 6
coin 49 19
round 66
bot 0 23 24
round 67
bot 0 23 25
round 68
bot 0 22 24
round 69
bot 0 22 23
round 70
bot 0 22 22
coin 7 24
coin 52 1
round 71
bot 0 22 21
round 72
bot 0 22 20
round 73
bot 0 22 19
round 74
bot 0 22 18
round 75
bot 0 22 17
coin 10 10
coin 49 15
round 76
bot 0 22 16
round 77
bot 0 22 15
round 78
bot 0 21 15
round 79
bot 0 20 15
round 80
bot 0 20 14
coin 50 8
coin 9 17
round 81
bot 0 20 13
round 82
bot 0 19 13
round 83
bot 0 18 13
round 84
bot 0 18 12
round 85
bot 0 18 11
coin 17 21
coin 42 4
round 86
bot 0 18 10
round 87
bot 0 18 9
round 88
bot 0 18 8
round 89
bot 0 18 7
round 90
bot 0 18 6
coin 11 10
coin 48 15
round 91
bot 0 18 5
round 92
bot 0 17 4
round 93
bot 0 18 5
round 94
bot 0 17 4
round 95
bot 0 17 5
coin 13 8
coin 46 17
round 96
bot 0 16 6
round 97
bot 0 16 5
round 98
bot 0 15 5
round 99
bot 0 14 5
round 100
bot 0 13 5
coin 59 5
coin 0 20
round 101
bot 0 12 5
round 102
bot 0 11 5
round 103
bot 0 10 5
coin_collected 10 6 0
bot_coins 0 7
round 104
bot 0 11 6
round 105
bot 0 12 7
coin 23 3
coin 36 22
round 106
bot 0 13 8
coin_collected 13 8 0
bot_coins 0 8
round 107
round 108
bot 0 14 7
round 109
bot 0 13 8
round 110
coin 35 2
coin 24 23
round 111
bot 0 12 7
round 112
bot 0 11 8
round 113
bot 0 10 9
coin_collected 10 10 0
bot_coins 0 9
round 114
bot 0 11 10
coin_collected 11 10 0
bot_coins 0 10
round 115
coin 7 21
coin 52 4
round 116
bot 0 10 9
round 117
bot 0 10 8
round 118
bot 0 10 7
round 119
bot 0 10 6
round 120
bot 0 10 5
coin 37 23
coin 22 2
round 121
bot 0 10 4
round 122
bot 0 10 3
round 123
bot 0 9 4
round 124
bot 0 9 3
round 125
bot 0 8 4
coin 13 18
coin 44 7
round 126
bot 0 8 3
round 127
bot 0 7 4
round 128
bot 0 7 3
round 129
bot 0 6 2
round 130
bot 0 5 1
coin 38 2
coin 21 23
round 131
bot 0 4 0
round 132
bot 0 3 25
round 133
bot 0 2 24
round 134
bot 0 1 23
round 135
bot 0 2 22
coin 20 16
coin 39 9
round 136
bot 0 1 21
round 137
bot 0 2 20
round 138
bot 0 1 21
round 139
bot 0 2 20
round 140
bot 0 2 21
coin_collected 3 21 0
bot_coins 0 11
coin 13 16
coin 44 9
round 141
bot 0 1 20
coin_collected 0 20 0
bot_coins 0 12
round 142
bot 0 2 19
round 143
bot 0 3 20
round 144
bot 0 4 21
round 145
bot 0 3 20
coin 21 1
coin 38 24
round 146
bot 0 4 21
round 147
bot 0 3 20
round 148
bot 0 4 21
round 149
bot 0 3 20
round 150
bot 0 4 21
coin 37 9
coin 22 16
round 151
bot 0 3 21
round 152
bot 0 2 20
round 153
bot 0 2 21
round 154
bot 0 1 20
round 155
bot 0 2 19
coin 32 9
coin 25 16
round 156
bot 0 3 20
round 157
bot 0 4 21
round 158
bot 0 3 20
round 159
bot 0 4 21
round 160
bot 0 3 20
coin 14 6
coin 45 19
round 161
bot 0 4 21
round 162
bot 0 3 20
round 163
bot 0 2 20
round 164
bot 0 1 19
round 165
bot 0 2 18
coin 38 15
coin 18 10
round 166
bot 0 3 19
round 167
bot 0 4 20
round 168
bot 0 5 21
round 169
bot 0 4 20
round 170
bot 0 5 21
coin 15 5
coin 44 20
round 171
bot 0 4 20
round 172
bot 0 5 21
round 173
bot 0 4 20
round 174
bot 0 4 21
round 175
bot 0 4 22
coin 10 21
coin 49 4
round 176
bot 0 3 21
round 177
bot 0 2 20
round 178
bot 0 2 21
round 179
bot 0 1 20
round 180
bot 0 2 19
coin 14 16
coin 44 10
round 181
bot 0 3 20
round 182
bot 0 4 21
round 183
bot 0 3 20
round 184
bot 0 4 21
round 185
bot 0 3 20
coin 13 7
coin 46 18
round 186
bot 0 4 21
round 187
bot 0 3 20
round 188
bot 0 4 20
round 189
bot 0 5 21
round 190
bot 0 5 22
coin 26 21
coin 33 4
round 191
bot 0 4 21
round 192
bot 0 3 22
round 193
bot 0 2 21
round 194
bot 0 1 20
round 195
bot 0 2 19
coin 5 21
coin 54 4
round 196
round 197
bot 0 3 20
round 198
bot 0 4 21
coin_collected 5 21 0
bot_coins 0 13
round 199
bot 0 3 20
round 200
bot 0 4 21
coin 0 24
coin 59 1
match_over 0
