match
match_id 1639174663850_es
match_time 1639174663852
num_bots 1
##MatchConfig
mode FRIENDLY
num_rounds 200
random_seed 42
move_time_limit 1000
coin_spawn_period 5
coin_spawn_volume 2
##MapConfig
map_size 50 30
view_radius 5
mining_radius 1
attack_radius 4
block 0 0
block 1 0
block 2 0
block 3 0
block 4 0
block 5 0
block 11 0
block 12 0
block 13 0
block 14 0
block 15 0
block 16 0
block 23 0
block 24 0
block 25 0
block 26 0
block 37 0
block 38 0
block 39 0
block 40 0
block 43 0
block 44 0
block 45 0
block 46 0
block 47 0
block 48 0
block 49 0
block 11 1
block 12 1
block 13 1
block 14 1
block 15 1
block 16 1
block 8 2
block 9 2
block 10 2
block 11 2
block 12 2
block 13 2
block 14 2
block 15 2
block 16 2
block 8 3
block 9 3
block 10 3
block 11 3
block 12 3
block 13 3
block 14 3
block 15 3
block 16 3
block 8 4
block 9 4
block 10 4
block 11 4
block 12 4
block 13 4
block 14 4
block 15 4
block 16 4
block 8 5
block 9 5
block 10 5
block 11 5
block 12 5
block 21 5
block 22 5
block 23 5
block 24 5
block 8 6
block 9 6
block 10 6
block 11 6
block 12 6
block 21 6
block 22 6
block 23 6
block 24 6
block 21 7
block 22 7
block 23 7
block 24 7
block 21 8
block 22 8
block 23 8
block 24 8
block 21 9
block 22 9
block 23 9
block 24 9
block 28 9
block 29 9
block 30 9
block 31 9
block 32 9
block 33 9
block 28 10
block 29 10
block 30 10
block 31 10
block 32 10
block 33 10
block 12 12
block 13 12
block 12 13
block 13 13
block 8 14
block 9 14
block 10 14
block 11 14
block 12 14
block 13 14
block 8 15
block 9 15
block 10 15
block 11 15
block 12 15
block 13 15
block 8 16
block 9 16
block 10 16
block 11 16
block 12 16
block 13 16
block 8 17
block 9 17
block 10 17
block 11 17
block 12 17
block 13 17
block 8 18
block 9 18
block 10 18
block 11 18
block 12 18
block 13 18
block 9 19
block 10 19
block 7 20
block 8 20
block 9 20
block 10 20
block 46 20
block 47 20
block 7 21
block 8 21
block 9 21
block 10 21
block 46 21
block 47 21
block 7 22
block 8 22
block 9 22
block 20 22
block 21 22
block 22 22
block 4 23
block 5 23
block 6 23
block 7 23
block 8 23
block 9 23
block 10 23
block 20 23
block 21 23
block 22 23
block 30 23
block 31 23
block 32 23
block 33 23
block 34 23
block 0 24
block 1 24
block 2 24
block 3 24
block 4 24
block 5 24
block 6 24
block 7 24
block 8 24
block 9 24
block 10 24
block 20 24
block 21 24
block 22 24
block 23 24
block 24 24
block 25 24
block 26 24
block 30 24
block 31 24
block 32 24
block 33 24
block 34 24
block 0 25
block 1 25
block 2 25
block 3 25
block 4 25
block 5 25
block 6 25
block 7 25
block 8 25
block 9 25
block 10 25
block 20 25
block 21 25
block 22 25
block 23 25
block 24 25
block 25 25
block 26 25
block 30 25
block 31 25
block 32 25
block 33 25
block 34 25
block 0 26
block 1 26
block 2 26
block 3 26
block 4 26
block 5 26
block 20 26
block 21 26
block 22 26
block 23 26
block 24 26
block 25 26
block 26 26
block 30 26
block 31 26
block 32 26
block 33 26
block 34 26
block 0 27
block 1 27
block 2 27
block 3 27
block 4 27
block 5 27
block 20 27
block 21 27
block 22 27
block 23 27
block 24 27
block 25 27
block 26 27
block 30 27
block 31 27
block 32 27
block 33 27
block 34 27
block 43 27
block 44 27
block 45 27
block 46 27
block 47 27
block 48 27
block 49 27
block 0 28
block 1 28
block 2 28
block 3 28
block 4 28
block 5 28
block 6 28
block 7 28
block 8 28
block 11 28
block 12 28
block 13 28
block 14 28
block 15 28
block 16 28
block 20 28
block 21 28
block 22 28
block 23 28
block 24 28
block 25 28
block 26 28
block 30 28
block 31 28
block 32 28
block 33 28
block 34 28
block 37 28
block 38 28
block 39 28
block 40 28
block 43 28
block 44 28
block 45 28
block 46 28
block 47 28
block 48 28
block 49 28
block 0 29
block 1 29
block 2 29
block 3 29
block 4 29
block 5 29
block 6 29
block 7 29
block 8 29
block 11 29
block 12 29
block 13 29
block 14 29
block 15 29
block 16 29
block 23 29
block 24 29
block 25 29
block 26 29
block 37 29
block 38 29
block 39 29
block 40 29
block 43 29
block 44 29
block 45 29
block 46 29
block 47 29
block 48 29
block 49 29
##BotsAndCoinsInfo
bot_name 0 starter-bot
bot 0 33 8
bot_coins 0 0
coin 30 3
coin 19 26
round 1
round 2
round 3
round 4
round 5
coin 48 14
coin 1 15
round 6
round 7
round 8
round 9
round 10
coin 19 25
coin 30 4
round 11
round 12
round 13
round 14
round 15
coin 5 8
coin 44 21
round 16
round 17
round 18
round 19
round 20
coin 19 23
coin 30 6
round 21
round 22
round 23
round 24
round 25
coin 32 2
coin 17 27
round 26
round 27
round 28
round 29
round 30
coin 26 12
coin 23 17
round 31
round 32
round 33
round 34
round 35
coin 26 2
coin 22 29
round 36
round 37
round 38
round 39
round 40
coin 6 0
coin 42 29
round 41
round 42
round 43
round 44
round 45
coin 42 28
coin 7 1
round 46
round 47
round 48
round 49
round 50
coin 0 13
coin 49 16
round 51
round 52
round 53
round 54
round 55
coin 26 3
coin 23 23
round 56
round 57
round 58
round 59
round 60
coin 43 21
coin 6 8
round 61
round 62
round 63
round 64
round 65
coin 30 29
coin 19 0
round 66
round 67
round 68
round 69
round 70
coin 37 6
coin 12 23
round 71
round 72
round 73
round 74
round 75
coin 30 7
coin 19 22
round 76
round 77
round 78
round 79
round 80
coin 30 5
coin 19 24
round 81
round 82
round 83
round 84
round 85
coin 17 17
coin 32 12
round 86
round 87
round 88
round 89
round 90
coin 11 13
coin 38 16
round 91
round 92
round 93
round 94
round 95
coin 13 24
coin 36 5
round 96
round 97
round 98
round 99
round 100
coin 29 25
coin 20 4
round 101
round 102
round 103
round 104
round 105
coin 25 7
coin 24 22
round 106
round 107
round 108
round 109
round 110
coin 25 23
coin 25 6
round 111
round 112
round 113
round 114
round 115
coin 7 5
coin 42 24
round 116
round 117
round 118
round 119
round 120
coin 7 13
coin 42 16
round 121
round 122
round 123
round 124
round 125
coin 43 20
coin 6 9
round 126
round 127
round 128
round 129
round 130
coin 7 16
coin 42 13
round 131
round 132
round 133
round 134
round 135
coin 10 10
coin 39 19
round 136
round 137
round 138
round 139
round 140
coin 13 19
coin 36 10
round 141
round 142
round 143
round 144
round 145
coin 10 1
coin 39 27
round 146
round 147
round 148
round 149
round 150
coin 47 1
coin 2 1
round 151
round 152
round 153
round 154
round 155
coin 3 1
coin 46 26
round 156
round 157
round 158
round 159
round 160
coin 44 14
coin 5 15
round 161
round 162
round 163
round 164
round 165
coin 48 19
coin 1 10
round 166
round 167
round 168
round 169
round 170
coin 25 9
coin 24 20
round 171
round 172
round 173
round 174
round 175
coin 40 11
coin 8 19
round 176
round 177
round 178
round 179
round 180
coin 3 19
coin 46 10
round 181
round 182
round 183
round 184
round 185
coin 23 22
coin 26 7
round 186
round 187
round 188
round 189
round 190
coin 36 9
coin 13 20
round 191
round 192
round 193
round 194
round 195
coin 25 3
coin 24 23
round 196
round 197
round 198
round 199
round 200
coin 0 4
coin 49 25
match_over 0
