match
match_id 1639214532644_lq
match_time 1639214532647
num_bots 1
##MatchConfig
mode FRIENDLY
num_rounds 200
random_seed 42
move_time_limit 1000
coin_spawn_period 5
coin_spawn_volume 2
##MapConfig
map_size 61 31
view_radius 6
mining_radius 2
attack_radius 3
block 3 0
block 4 0
block 8 0
block 9 0
block 10 0
block 11 0
block 43 0
block 44 0
block 45 0
block 46 0
block 47 0
block 48 0
block 49 0
block 8 1
block 9 1
block 10 1
block 11 1
block 22 1
block 23 1
block 24 1
block 25 1
block 26 1
block 27 1
block 36 1
block 37 1
block 38 1
block 39 1
block 40 1
block 41 1
block 42 1
block 44 1
block 45 1
block 46 1
block 47 1
block 48 1
block 49 1
block 50 1
block 51 1
block 52 1
block 8 2
block 9 2
block 10 2
block 11 2
block 17 2
block 18 2
block 19 2
block 20 2
block 21 2
block 22 2
block 23 2
block 24 2
block 25 2
block 26 2
block 27 2
block 28 2
block 29 2
block 36 2
block 37 2
block 38 2
block 39 2
block 40 2
block 41 2
block 42 2
block 44 2
block 45 2
block 46 2
block 47 2
block 48 2
block 49 2
block 50 2
block 51 2
block 52 2
block 8 3
block 9 3
block 10 3
block 11 3
block 17 3
block 18 3
block 19 3
block 20 3
block 21 3
block 22 3
block 23 3
block 24 3
block 25 3
block 26 3
block 27 3
block 28 3
block 29 3
block 36 3
block 37 3
block 38 3
block 39 3
block 40 3
block 41 3
block 42 3
block 48 3
block 49 3
block 50 3
block 51 3
block 52 3
block 8 4
block 9 4
block 10 4
block 11 4
block 15 4
block 16 4
block 17 4
block 18 4
block 19 4
block 20 4
block 21 4
block 22 4
block 23 4
block 24 4
block 25 4
block 26 4
block 27 4
block 28 4
block 29 4
block 48 4
block 49 4
block 50 4
block 51 4
block 52 4
block 8 5
block 9 5
block 10 5
block 11 5
block 15 5
block 16 5
block 17 5
block 18 5
block 19 5
block 20 5
block 21 5
block 22 5
block 23 5
block 24 5
block 25 5
block 26 5
block 27 5
block 28 5
block 29 5
block 48 5
block 49 5
block 50 5
block 51 5
block 52 5
block 8 6
block 9 6
block 10 6
block 11 6
block 15 6
block 16 6
block 17 6
block 18 6
block 19 6
block 20 6
block 21 6
block 27 6
block 28 6
block 29 6
block 48 6
block 49 6
block 50 6
block 51 6
block 52 6
block 15 7
block 16 7
block 17 7
block 18 7
block 19 7
block 20 7
block 21 7
block 15 8
block 16 8
block 17 8
block 18 8
block 19 8
block 30 8
block 31 8
block 32 8
block 33 8
block 34 8
block 15 9
block 16 9
block 17 9
block 18 9
block 19 9
block 30 9
block 31 9
block 32 9
block 33 9
block 34 9
block 55 9
block 56 9
block 57 9
block 58 9
block 15 10
block 16 10
block 17 10
block 18 10
block 19 10
block 55 10
block 56 10
block 57 10
block 58 10
block 0 11
block 1 11
block 2 11
block 55 11
block 56 11
block 57 11
block 58 11
block 59 11
block 60 11
block 0 12
block 1 12
block 2 12
block 55 12
block 56 12
block 57 12
block 58 12
block 59 12
block 60 12
block 0 13
block 1 13
block 2 13
block 47 13
block 48 13
block 49 13
block 50 13
block 55 13
block 56 13
block 57 13
block 58 13
block 59 13
block 60 13
block 0 14
block 1 14
block 2 14
block 47 14
block 48 14
block 49 14
block 50 14
block 55 14
block 56 14
block 57 14
block 58 14
block 59 14
block 60 14
block 0 15
block 1 15
block 2 15
block 47 15
block 48 15
block 49 15
block 50 15
block 55 15
block 56 15
block 57 15
block 58 15
block 59 15
block 60 15
block 0 16
block 1 16
block 2 16
block 47 16
block 48 16
block 49 16
block 50 16
block 57 16
block 58 16
block 59 16
block 60 16
block 0 17
block 1 17
block 2 17
block 47 17
block 48 17
block 49 17
block 50 17
block 60 17
block 0 18
block 1 18
block 2 18
block 47 18
block 48 18
block 49 18
block 50 18
block 60 18
block 0 19
block 1 19
block 2 19
block 30 19
block 31 19
block 32 19
block 33 19
block 34 19
block 35 19
block 36 19
block 60 19
block 0 20
block 1 20
block 2 20
block 30 20
block 31 20
block 32 20
block 33 20
block 34 20
block 35 20
block 36 20
block 60 20
block 0 21
block 1 21
block 2 21
block 24 21
block 25 21
block 26 21
block 27 21
block 28 21
block 29 21
block 30 21
block 31 21
block 32 21
block 33 21
block 34 21
block 35 21
block 36 21
block 60 21
block 24 22
block 25 22
block 26 22
block 27 22
block 28 22
block 29 22
block 30 22
block 31 22
block 32 22
block 33 22
block 34 22
block 35 22
block 36 22
block 48 22
block 49 22
block 50 22
block 51 22
block 52 22
block 53 22
block 54 22
block 12 23
block 13 23
block 14 23
block 15 23
block 16 23
block 24 23
block 25 23
block 26 23
block 27 23
block 28 23
block 29 23
block 30 23
block 48 23
block 49 23
block 50 23
block 51 23
block 52 23
block 53 23
block 54 23
block 55 23
block 12 24
block 13 24
block 14 24
block 15 24
block 16 24
block 24 24
block 25 24
block 26 24
block 27 24
block 28 24
block 29 24
block 30 24
block 48 24
block 49 24
block 50 24
block 51 24
block 52 24
block 53 24
block 54 24
block 55 24
block 3 25
block 4 25
block 12 25
block 13 25
block 14 25
block 15 25
block 16 25
block 24 25
block 25 25
block 26 25
block 27 25
block 28 25
block 29 25
block 30 25
block 48 25
block 49 25
block 50 25
block 51 25
block 52 25
block 53 25
block 54 25
block 55 25
block 3 26
block 4 26
block 12 26
block 13 26
block 14 26
block 15 26
block 16 26
block 24 26
block 25 26
block 26 26
block 27 26
block 28 26
block 29 26
block 30 26
block 36 26
block 37 26
block 38 26
block 52 26
block 53 26
block 54 26
block 55 26
block 3 27
block 4 27
block 12 27
block 13 27
block 14 27
block 15 27
block 16 27
block 36 27
block 37 27
block 38 27
block 43 27
block 44 27
block 45 27
block 3 28
block 4 28
block 43 28
block 44 28
block 45 28
block 3 29
block 4 29
block 43 29
block 44 29
block 45 29
block 3 30
block 4 30
block 43 30
block 44 30
block 45 30
##BotsAndCoinsInfo
bot_name 0 starter-bot
bot 0 48 21
bot_coins 0 0
coin 5 10
coin 55 20
round 1
round 2
round 3
round 4
round 5
coin 23 23
coin 37 7
round 6
round 7
round 8
round 9
round 10
coin 10 28
coin 50 0
round 11
round 12
round 13
round 14
round 15
coin 55 1
coin 5 29
round 16
round 17
round 18
round 19
round 20
coin 21 1
coin 39 29
round 21
round 22
round 23
round 24
round 25
coin 38 0
coin 22 30
round 26
round 27
round 28
round 29
round 30
coin 23 27
coin 37 4
round 31
round 32
round 33
round 34
round 35
coin 22 19
coin 38 11
round 36
round 37
round 38
round 39
round 40
coin 37 21
coin 23 9
round 41
round 42
round 43
round 44
round 45
coin 41 19
coin 19 11
round 46
round 47
round 48
round 49
round 50
coin 7 8
coin 53 21
round 51
round 52
round 53
round 54
round 55
coin 55 18
coin 5 12
round 56
round 57
round 58
round 59
round 60
coin 19 18
coin 41 12
round 61
round 62
round 63
round 64
round 65
coin 19 17
coin 41 13
round 66
round 67
round 68
round 69
round 70
coin 20 21
coin 40 9
round 71
round 72
round 73
round 74
round 75
coin 50 26
coin 12 4
round 76
round 77
round 78
round 79
round 80
coin 57 17
coin 3 13
round 81
round 82
round 83
round 84
round 85
coin 38 22
coin 22 8
round 86
round 87
round 88
round 89
round 90
coin 20 20
coin 40 10
round 91
round 92
round 93
round 94
round 95
coin 38 24
coin 22 6
round 96
round 97
round 98
round 99
round 100
coin 36 18
coin 24 12
round 101
round 102
round 103
round 104
round 105
coin 47 6
coin 11 24
round 106
round 107
round 108
round 109
round 110
coin 22 12
coin 38 18
round 111
round 112
round 113
round 114
round 115
coin 18 29
coin 42 0
round 116
round 117
round 118
round 119
round 120
coin 7 4
coin 53 27
round 121
round 122
round 123
round 124
round 125
coin 48 30
coin 12 0
round 126
round 127
round 128
round 129
round 130
coin 3 1
coin 57 29
round 131
round 132
match_over 0
round 133
