match
match_id 1639430968603_aj
match_time 1639430968607
num_bots 1
##MatchConfig
mode FRIENDLY
num_rounds 200
random_seed 42
move_time_limit 1000
coin_spawn_period 5
coin_spawn_volume 2
##MapConfig
map_size 59 39
view_radius 6
mining_radius 1
attack_radius 3
block 12 0
block 13 0
block 14 0
block 15 0
block 23 0
block 24 0
block 25 0
block 26 0
block 27 0
block 28 0
block 12 1
block 13 1
block 14 1
block 15 1
block 18 1
block 19 1
block 20 1
block 21 1
block 22 1
block 23 1
block 24 1
block 25 1
block 26 1
block 27 1
block 28 1
block 12 2
block 13 2
block 14 2
block 15 2
block 18 2
block 19 2
block 20 2
block 21 2
block 22 2
block 23 2
block 24 2
block 25 2
block 26 2
block 27 2
block 28 2
block 12 3
block 13 3
block 14 3
block 15 3
block 18 3
block 19 3
block 20 3
block 21 3
block 22 3
block 23 3
block 24 3
block 25 3
block 26 3
block 27 3
block 28 3
block 12 4
block 13 4
block 14 4
block 15 4
block 18 4
block 19 4
block 20 4
block 21 4
block 22 4
block 23 4
block 24 4
block 25 4
block 26 4
block 27 4
block 28 4
block 35 5
block 36 5
block 37 5
block 38 5
block 39 5
block 35 6
block 36 6
block 37 6
block 38 6
block 39 6
block 40 6
block 44 6
block 45 6
block 46 6
block 47 6
block 35 7
block 36 7
block 37 7
block 38 7
block 39 7
block 40 7
block 44 7
block 45 7
block 46 7
block 47 7
block 50 7
block 51 7
block 52 7
block 53 7
block 54 7
block 55 7
block 56 7
block 34 8
block 35 8
block 36 8
block 44 8
block 45 8
block 46 8
block 47 8
block 50 8
block 51 8
block 52 8
block 53 8
block 54 8
block 55 8
block 56 8
block 34 9
block 35 9
block 36 9
block 50 9
block 51 9
block 52 9
block 53 9
block 54 9
block 55 9
block 56 9
block 34 10
block 35 10
block 36 10
block 40 10
block 41 10
block 42 10
block 43 10
block 34 11
block 35 11
block 36 11
block 40 11
block 41 11
block 42 11
block 43 11
block 34 12
block 35 12
block 36 12
block 40 12
block 41 12
block 42 12
block 43 12
block 40 13
block 41 13
block 42 13
block 43 13
block 40 14
block 41 14
block 42 14
block 43 14
block 40 15
block 41 15
block 42 15
block 43 15
block 36 16
block 37 16
block 38 16
block 11 17
block 12 17
block 13 17
block 14 17
block 15 17
block 36 17
block 37 17
block 38 17
block 11 18
block 12 18
block 13 18
block 14 18
block 15 18
block 36 18
block 37 18
block 38 18
block 11 19
block 12 19
block 13 19
block 14 19
block 15 19
block 11 20
block 12 20
block 13 20
block 14 20
block 15 20
block 33 24
block 34 24
block 35 24
block 36 24
block 37 24
block 33 25
block 34 25
block 35 25
block 36 25
block 37 25
block 33 26
block 34 26
block 35 26
block 36 26
block 37 26
block 48 26
block 49 26
block 50 26
block 51 26
block 52 26
block 33 27
block 34 27
block 35 27
block 36 27
block 37 27
block 48 27
block 49 27
block 50 27
block 51 27
block 52 27
block 31 28
block 32 28
block 33 28
block 34 28
block 35 28
block 36 28
block 37 28
block 48 28
block 49 28
block 50 28
block 51 28
block 52 28
block 31 29
block 32 29
block 33 29
block 34 29
block 40 29
block 41 29
block 42 29
block 43 29
block 44 29
block 45 29
block 46 29
block 48 29
block 49 29
block 50 29
block 51 29
block 52 29
block 31 30
block 32 30
block 33 30
block 34 30
block 40 30
block 41 30
block 42 30
block 43 30
block 44 30
block 45 30
block 46 30
block 48 30
block 49 30
block 50 30
block 51 30
block 52 30
block 56 30
block 57 30
block 58 30
block 31 31
block 32 31
block 33 31
block 34 31
block 40 31
block 41 31
block 42 31
block 43 31
block 44 31
block 45 31
block 46 31
block 48 31
block 49 31
block 50 31
block 51 31
block 52 31
block 56 31
block 57 31
block 58 31
block 31 32
block 32 32
block 33 32
block 34 32
block 40 32
block 41 32
block 42 32
block 43 32
block 44 32
block 45 32
block 46 32
block 48 32
block 49 32
block 50 32
block 51 32
block 52 32
block 56 32
block 57 32
block 58 32
block 40 33
block 41 33
block 42 33
block 43 33
block 44 33
block 45 33
block 46 33
block 49 33
block 50 33
block 56 33
block 57 33
block 58 33
block 49 34
block 50 34
block 56 34
block 57 34
block 58 34
block 49 35
block 50 35
block 56 35
block 57 35
block 58 35
block 12 37
block 13 37
block 14 37
block 15 37
block 12 38
block 13 38
block 14 38
block 15 38
block 23 38
block 24 38
block 25 38
block 26 38
block 27 38
block 28 38
##BotsAndCoinsInfo
bot_name 0 starter-bot
bot 0 44 34
bot_coins 0 0
coin 33 33
coin 25 5
round 1
bot 0 44 35
round 2
bot 0 44 36
round 3
bot 0 44 37
round 4
bot 0 44 38
round 5
bot 0 43 37
coin 16 38
coin 42 0
round 6
bot 0 42 36
round 7
bot 0 41 35
round 8
bot 0 42 34
round 9
bot 0 41 34
round 10
bot 0 40 34
coin 9 4
coin 48 34
round 11
bot 0 39 34
round 12
bot 0 39 35
round 13
bot 0 40 34
round 14
bot 0 39 34
round 15
coin 15 29
coin 43 9
round 16
bot 0 39 33
round 17
bot 0 39 32
round 18
bot 0 39 31
round 19
bot 0 39 30
round 20
bot 0 39 29
coin 48 2
coin 10 36
round 21
bot 0 39 28
round 22
bot 0 39 27
round 23
bot 0 39 26
round 24
bot 0 39 25
round 25
bot 0 39 24
coin 11 26
coin 47 12
round 26
bot 0 39 23
round 27
bot 0 39 22
round 28
bot 0 39 21
round 29
bot 0 39 20
round 30
bot 0 39 19
coin 46 5
coin 12 33
round 31
bot 0 39 18
round 32
bot 0 39 17
round 33
bot 0 39 16
round 34
bot 0 39 15
round 35
bot 0 39 14
coin 2 17
coin 56 21
round 36
bot 0 39 13
round 37
bot 0 38 14
round 38
bot 0 38 13
round 39
bot 0 38 12
round 40
bot 0 39 11
coin 31 21
coin 27 17
round 41
bot 0 39 10
round 42
bot 0 40 9
round 43
bot 0 41 8
round 44
bot 0 42 9
coin_collected 43 9 0
bot_coins 0 1
round 45
coin 22 38
coin 36 0
round 46
bot 0 41 8
round 47
bot 0 42 7
round 48
bot 0 43 6
round 49
bot 0 44 5
round 50
bot 0 45 4
coin 38 4
coin 20 34
round 51
bot 0 46 5
coin_collected 46 5 0
bot_coins 0 2
round 52
bot 0 47 4
round 53
bot 0 48 3
coin_collected 48 2 0
bot_coins 0 3
round 54
bot 0 48 2
round 55
bot 0 48 1
coin 36 30
coin 22 8
round 56
bot 0 48 0
round 57
bot 0 47 1
round 58
bot 0 46 0
round 59
bot 0 45 38
round 60
bot 0 44 37
coin 48 21
coin 10 17
round 61
bot 0 43 36
round 62
bot 0 42 35
round 63
bot 0 41 34
round 64
round 65
coin 41 19
coin 17 19
round 66
bot 0 41 35
round 67
bot 0 42 34
round 68
round 69
round 70
bot 0 43 34
coin 53 24
coin 5 14
round 71
round 72
round 73
round 74
bot 0 42 34
round 75
coin 54 36
coin 4 2
round 76
round 77
round 78
round 79
round 80
coin 55 20
coin 3 18
round 81
round 82
bot 0 42 35
round 83
bot 0 41 34
round 84
round 85
coin 6 8
coin 53 30
round 86
round 87
bot 0 41 35
round 88
bot 0 42 34
round 89
round 90
coin 25 37
coin 33 1
round 91
round 92
bot 0 41 35
round 93
round 94
bot 0 42 34
round 95
coin 31 36
coin 29 2
round 96
round 97
round 98
round 99
round 100
coin 4 31
coin 54 6
round 101
round 102
bot 0 41 35
round 103
bot 0 42 34
round 104
round 105
coin 45 16
coin 13 22
round 106
round 107
bot 0 42 35
round 108
bot 0 41 34
round 109
round 110
coin 17 15
coin 41 23
round 111
round 112
bot 0 42 34
round 113
round 114
round 115
coin 5 8
coin 53 31
round 116
bot 0 43 35
round 117
bot 0 42 34
round 118
round 119
round 120
coin 58 10
coin 0 28
round 121
bot 0 41 35
round 122
bot 0 42 34
round 123
round 124
round 125
coin 32 5
coin 26 33
round 126
bot 0 41 34
round 127
round 128
round 129
round 130
coin 53 28
coin 5 10
round 131
round 132
round 133
round 134
bot 0 40 35
round 135
bot 0 39 34
coin 42 16
coin 16 22
round 136
bot 0 38 34
round 137
bot 0 37 33
round 138
bot 0 36 32
round 139
bot 0 35 31
round 140
bot 0 36 30
coin_collected 36 30 0
bot_coins 0 4
coin 11 28
coin 47 10
round 141
bot 0 35 31
round 142
round 143
round 144
round 145
coin 41 27
coin 17 11
round 146
round 147
round 148
round 149
round 150
coin 21 35
coin 37 3
round 151
round 152
round 153
round 154
round 155
coin 14 22
coin 44 16
round 156
round 157
round 158
round 159
round 160
coin 29 32
coin 29 6
round 161
round 162
round 163
round 164
bot 0 36 31
round 165
bot 0 35 32
coin 42 28
coin 16 10
round 166
bot 0 34 33
coin_collected 33 33 0
bot_coins 0 5
round 167
bot 0 33 34
round 168
bot 0 34 33
round 169
bot 0 33 34
round 170
bot 0 34 33
coin 21 18
coin 37 20
round 171
bot 0 33 34
round 172
bot 0 34 33
round 173
round 174
bot 0 33 34
round 175
coin 44 9
coin 14 29
round 176
bot 0 34 33
round 177
bot 0 33 34
round 178
bot 0 34 33
round 179
bot 0 33 34
round 180
bot 0 34 33
coin 0 13
coin 58 25
round 181
bot 0 35 34
round 182
bot 0 36 33
round 183
bot 0 35 32
round 184
bot 0 34 33
round 185
bot 0 33 33
coin 19 20
coin 39 18
round 186
bot 0 32 33
round 187
bot 0 31 33
round 188
bot 0 30 33
round 189
bot 0 29 32
coin_collected 29 32 0
bot_coins 0 6
round 190
bot 0 28 33
coin 26 7
coin 32 33
round 191
bot 0 27 34
round 192
bot 0 26 35
round 193
bot 0 25 34
round 194
bot 0 24 35
round 195
bot 0 23 34
coin 50 21
coin 8 17
round 196
bot 0 22 35
coin_collected 21 35 0
bot_coins 0 7
round 197
bot 0 21 34
coin_collected 20 34 0
bot_coins 0 8
round 198
bot 0 22 35
round 199
bot 0 23 36
round 200
bot 0 24 37
coin_collected 25 37 0
bot_coins 0 9
coin 54 37
coin 4 1
match_over 0
