match
match_id 1639173695740_ed
match_time 1639173695743
num_bots 1
##MatchConfig
mode FRIENDLY
num_rounds 200
random_seed 42
move_time_limit 1000
coin_spawn_period 5
coin_spawn_volume 2
##MapConfig
map_size 60 39
view_radius 5
mining_radius 2
attack_radius 3
block 7 0
block 8 0
block 9 0
block 10 0
block 11 0
block 38 0
block 39 0
block 55 0
block 56 0
block 0 1
block 1 1
block 2 1
block 3 1
block 4 1
block 5 1
block 55 1
block 56 1
block 59 1
block 0 2
block 1 2
block 2 2
block 3 2
block 4 2
block 5 2
block 59 2
block 0 3
block 1 3
block 2 3
block 3 3
block 4 3
block 5 3
block 59 3
block 0 4
block 1 4
block 2 4
block 3 4
block 4 4
block 5 4
block 59 4
block 0 5
block 1 5
block 2 5
block 3 5
block 4 5
block 5 5
block 59 5
block 13 26
block 14 26
block 15 26
block 16 26
block 17 26
block 18 26
block 19 26
block 13 27
block 14 27
block 15 27
block 16 27
block 17 27
block 18 27
block 19 27
block 13 28
block 14 28
block 15 28
block 16 28
block 17 28
block 18 28
block 19 28
block 40 28
block 41 28
block 42 28
block 13 29
block 14 29
block 15 29
block 16 29
block 17 29
block 18 29
block 19 29
block 40 29
block 41 29
block 42 29
block 13 30
block 14 30
block 15 30
block 16 30
block 17 30
block 18 30
block 19 30
block 40 30
block 41 30
block 42 30
block 13 31
block 14 31
block 15 31
block 16 31
block 17 31
block 18 31
block 19 31
block 40 31
block 41 31
block 42 31
block 40 32
block 41 32
block 42 32
block 38 33
block 39 33
block 40 33
block 41 33
block 42 33
block 38 34
block 39 34
block 40 34
block 41 34
block 42 34
block 38 35
block 39 35
block 38 36
block 39 36
block 7 37
block 8 37
block 9 37
block 10 37
block 11 37
block 38 37
block 39 37
block 7 38
block 8 38
block 9 38
block 10 38
block 11 38
block 38 38
block 39 38
##BotsAndCoinsInfo
bot_name 0 starter-bot
bot 0 6 8
bot_coins 0 0
coin 50 33
coin 9 5
round 1
bot 0 6 9
round 2
bot 0 6 10
round 3
bot 0 6 11
round 4
bot 0 6 12
round 5
bot 0 6 13
coin 48 38
coin 11 1
round 6
bot 0 6 14
round 7
bot 0 6 15
round 8
bot 0 6 16
round 9
bot 0 6 17
round 10
bot 0 6 18
coin 30 4
coin 29 34
round 11
bot 0 6 19
round 12
bot 0 6 20
round 13
bot 0 6 21
round 14
bot 0 6 22
round 15
bot 0 6 23
coin 5 29
coin 54 9
round 16
bot 0 6 24
round 17
bot 0 6 25
round 18
bot 0 6 26
round 19
bot 0 6 27
round 20
bot 0 6 28
coin_collected 5 29 0
bot_coins 0 1
coin 19 2
coin 40 36
round 21
bot 0 6 29
round 22
bot 0 6 30
round 23
bot 0 6 31
round 24
bot 0 6 32
round 25
bot 0 6 33
coin 2 26
coin 57 12
round 26
bot 0 6 34
round 27
bot 0 6 35
round 28
bot 0 6 36
round 29
bot 0 6 37
round 30
bot 0 6 38
coin 36 6
coin 23 32
round 31
bot 0 6 0
round 32
bot 0 6 38
round 33
bot 0 6 37
round 34
bot 0 6 38
round 35
bot 0 6 0
coin 56 17
coin 3 21
round 36
bot 0 6 38
round 37
bot 0 6 37
round 38
bot 0 6 38
round 39
bot 0 6 0
round 40
bot 0 6 38
coin 36 21
coin 23 17
round 41
bot 0 6 37
round 42
bot 0 6 38
round 43
bot 0 6 0
round 44
bot 0 6 38
round 45
bot 0 6 37
coin 43 38
coin 16 0
round 46
bot 0 6 38
round 47
bot 0 6 0
round 48
bot 0 6 38
round 49
bot 0 6 37
round 50
bot 0 6 38
coin 20 4
coin 40 35
round 51
bot 0 6 0
round 52
bot 0 6 38
round 53
bot 0 6 37
round 54
bot 0 6 38
round 55
bot 0 6 0
coin 26 30
coin 33 8
round 56
bot 0 6 38
round 57
bot 0 6 37
round 58
bot 0 6 38
round 59
bot 0 6 0
round 60
bot 0 6 38
coin 23 21
coin 36 17
round 61
bot 0 6 37
round 62
bot 0 6 38
round 63
bot 0 6 0
round 64
bot 0 6 38
round 65
bot 0 6 37
coin 10 19
coin 49 19
round 66
bot 0 6 38
round 67
bot 0 6 0
round 68
bot 0 6 38
round 69
bot 0 6 37
round 70
bot 0 6 38
coin 7 24
coin 52 14
round 71
bot 0 6 0
round 72
bot 0 6 38
round 73
bot 0 6 37
round 74
bot 0 6 38
round 75
bot 0 6 0
coin 10 36
coin 49 2
round 76
bot 0 6 38
round 77
bot 0 6 37
round 78
bot 0 6 38
round 79
bot 0 6 0
round 80
bot 0 6 38
coin 50 20
coin 9 18
round 81
bot 0 6 37
round 82
bot 0 6 38
round 83
bot 0 6 0
round 84
bot 0 6 38
round 85
bot 0 6 37
coin 17 8
coin 43 30
round 86
bot 0 6 38
round 87
bot 0 6 0
round 88
bot 0 6 38
round 89
bot 0 6 37
round 90
bot 0 6 38
coin 12 37
coin 47 1
round 91
bot 0 6 0
round 92
bot 0 6 38
round 93
bot 0 6 37
round 94
bot 0 6 38
round 95
bot 0 6 0
coin 13 36
coin 46 2
round 96
bot 0 6 38
round 97
bot 0 6 37
round 98
bot 0 6 38
round 99
bot 0 6 0
round 100
bot 0 6 38
coin 59 31
coin 0 7
round 101
bot 0 6 37
round 102
bot 0 6 38
round 103
bot 0 6 0
round 104
bot 0 6 38
round 105
bot 0 6 37
coin 23 16
coin 36 22
round 106
bot 0 6 38
round 107
bot 0 6 0
round 108
bot 0 6 38
round 109
bot 0 6 37
round 110
bot 0 6 38
coin 35 15
coin 24 23
round 111
bot 0 6 0
round 112
bot 0 6 38
round 113
bot 0 6 37
round 114
bot 0 6 38
round 115
bot 0 6 0
coin 7 8
coin 52 30
round 116
bot 0 6 38
round 117
bot 0 6 37
round 118
bot 0 6 38
round 119
bot 0 6 0
round 120
bot 0 6 38
coin 37 10
coin 22 28
round 121
bot 0 6 37
round 122
bot 0 6 38
round 123
bot 0 6 0
round 124
bot 0 6 38
round 125
bot 0 6 37
coin 13 5
coin 46 33
round 126
bot 0 6 38
round 127
bot 0 6 0
round 128
bot 0 6 38
round 129
bot 0 6 37
round 130
bot 0 6 38
coin 38 28
coin 21 10
round 131
bot 0 6 0
round 132
bot 0 6 38
round 133
bot 0 6 37
round 134
bot 0 6 38
round 135
bot 0 6 0
coin 20 16
coin 39 22
round 136
bot 0 6 38
round 137
bot 0 6 37
round 138
bot 0 6 38
round 139
bot 0 6 0
round 140
bot 0 6 38
coin 12 28
coin 47 10
round 141
bot 0 6 37
round 142
bot 0 6 38
round 143
bot 0 6 0
round 144
bot 0 6 38
round 145
bot 0 6 37
coin 21 27
coin 38 11
round 146
bot 0 6 38
round 147
bot 0 6 0
round 148
bot 0 6 38
round 149
bot 0 6 37
round 150
bot 0 6 38
coin 37 35
coin 22 3
round 151
bot 0 6 0
round 152
bot 0 6 38
round 153
bot 0 6 37
round 154
bot 0 6 38
round 155
bot 0 6 0
coin 32 22
coin 27 16
round 156
bot 0 6 38
round 157
bot 0 6 37
round 158
bot 0 6 38
round 159
bot 0 6 0
round 160
bot 0 6 38
coin 14 32
coin 45 6
round 161
bot 0 6 37
round 162
bot 0 6 38
round 163
bot 0 6 0
round 164
bot 0 6 38
round 165
bot 0 6 37
coin 38 29
coin 21 9
round 166
bot 0 6 38
round 167
bot 0 6 0
round 168
bot 0 6 38
round 169
bot 0 6 37
round 170
bot 0 6 38
coin 15 18
coin 44 20
round 171
bot 0 6 0
round 172
bot 0 6 38
round 173
bot 0 6 37
round 174
bot 0 6 38
round 175
bot 0 6 0
coin 10 8
coin 49 30
round 176
bot 0 6 38
round 177
bot 0 6 37
round 178
bot 0 6 38
round 179
bot 0 6 0
round 180
bot 0 6 38
coin 13 13
coin 46 25
round 181
bot 0 6 37
round 182
bot 0 6 38
round 183
bot 0 6 0
round 184
bot 0 6 38
round 185
bot 0 6 37
coin 13 20
coin 46 18
round 186
bot 0 6 38
round 187
bot 0 6 0
round 188
bot 0 6 38
round 189
bot 0 6 37
round 190
bot 0 6 38
coin 26 7
coin 33 31
round 191
bot 0 6 0
round 192
bot 0 6 38
round 193
bot 0 6 37
round 194
bot 0 6 38
round 195
bot 0 6 0
coin 5 21
coin 54 17
round 196
bot 0 6 38
round 197
bot 0 6 37
round 198
bot 0 6 38
round 199
bot 0 6 0
round 200
bot 0 6 38
coin 0 37
coin 58 1
match_over 0
