match
match_id 1639175668717_fu
match_time 1639175668718
num_bots 1
##MatchConfig
mode FRIENDLY
num_rounds 200
random_seed 42
move_time_limit 1000
coin_spawn_period 5
coin_spawn_volume 2
##MapConfig
map_size 59 22
view_radius 5
mining_radius 2
attack_radius 3
block 33 0
block 34 0
block 35 0
block 36 0
block 37 0
block 38 0
block 33 1
block 34 1
block 35 1
block 36 1
block 37 1
block 38 1
block 39 1
block 40 1
block 33 2
block 34 2
block 35 2
block 36 2
block 37 2
block 38 2
block 39 2
block 40 2
block 33 3
block 34 3
block 35 3
block 36 3
block 37 3
block 38 3
block 39 3
block 40 3
block 33 4
block 34 4
block 35 4
block 36 4
block 37 4
block 38 4
block 39 4
block 40 4
block 15 5
block 16 5
block 17 5
block 18 5
block 19 5
block 20 5
block 33 5
block 34 5
block 35 5
block 36 5
block 37 5
block 38 5
block 15 6
block 16 6
block 17 6
block 18 6
block 19 6
block 20 6
block 15 7
block 16 7
block 17 7
block 18 7
block 19 7
block 20 7
block 25 7
block 26 7
block 27 7
block 28 7
block 29 7
block 2 8
block 3 8
block 4 8
block 14 8
block 15 8
block 16 8
block 17 8
block 18 8
block 19 8
block 20 8
block 25 8
block 26 8
block 27 8
block 28 8
block 29 8
block 38 8
block 39 8
block 40 8
block 41 8
block 42 8
block 2 9
block 3 9
block 4 9
block 12 9
block 13 9
block 14 9
block 15 9
block 16 9
block 17 9
block 18 9
block 19 9
block 20 9
block 25 9
block 26 9
block 27 9
block 28 9
block 29 9
block 38 9
block 39 9
block 40 9
block 41 9
block 42 9
block 2 10
block 3 10
block 4 10
block 8 10
block 9 10
block 10 10
block 11 10
block 12 10
block 13 10
block 14 10
block 15 10
block 16 10
block 17 10
block 18 10
block 19 10
block 20 10
block 25 10
block 26 10
block 27 10
block 28 10
block 29 10
block 38 10
block 39 10
block 40 10
block 41 10
block 42 10
block 2 11
block 3 11
block 4 11
block 8 11
block 9 11
block 10 11
block 11 11
block 12 11
block 13 11
block 14 11
block 15 11
block 16 11
block 17 11
block 18 11
block 19 11
block 20 11
block 25 11
block 26 11
block 27 11
block 28 11
block 29 11
block 38 11
block 39 11
block 40 11
block 41 11
block 42 11
block 52 11
block 53 11
block 2 12
block 3 12
block 4 12
block 8 12
block 9 12
block 10 12
block 11 12
block 12 12
block 13 12
block 14 12
block 15 12
block 16 12
block 17 12
block 18 12
block 25 12
block 26 12
block 27 12
block 28 12
block 29 12
block 38 12
block 39 12
block 40 12
block 41 12
block 42 12
block 52 12
block 53 12
block 2 13
block 3 13
block 4 13
block 8 13
block 9 13
block 10 13
block 11 13
block 12 13
block 13 13
block 14 13
block 15 13
block 16 13
block 17 13
block 18 13
block 38 13
block 39 13
block 40 13
block 41 13
block 42 13
block 52 13
block 53 13
block 12 14
block 13 14
block 14 14
block 15 14
block 16 14
block 17 14
block 18 14
block 38 14
block 39 14
block 40 14
block 41 14
block 42 14
block 52 14
block 53 14
block 12 15
block 13 15
block 14 15
block 15 15
block 16 15
block 17 15
block 18 15
block 46 15
block 47 15
block 48 15
block 49 15
block 52 15
block 53 15
block 46 16
block 47 16
block 48 16
block 49 16
block 46 17
block 47 17
block 48 17
block 49 17
block 46 18
block 47 18
block 48 18
block 49 18
##BotsAndCoinsInfo
bot_name 0 starter-bot
bot 0 24 19
bot_coins 0 0
coin 33 15
coin 25 6
round 1
bot 0 24 20
round 2
bot 0 24 21
round 3
bot 0 24 0
round 4
round 5
coin 15 16
coin 43 5
round 6
match_over 0
round 7
