match
match_id 1639175932789_gi
match_time 1639175932791
num_bots 1
##MatchConfig
mode FRIENDLY
num_rounds 200
random_seed 42
move_time_limit 1000
coin_spawn_period 5
coin_spawn_volume 2
##MapConfig
map_size 76 27
view_radius 6
mining_radius 1
attack_radius 4
block 22 0
block 23 0
block 24 0
block 25 0
block 26 0
block 27 0
block 28 0
block 36 0
block 37 0
block 38 0
block 39 0
block 40 0
block 41 0
block 42 0
block 53 0
block 54 0
block 55 0
block 56 0
block 57 0
block 58 0
block 59 0
block 25 1
block 26 1
block 27 1
block 28 1
block 36 1
block 37 1
block 38 1
block 39 1
block 40 1
block 41 1
block 42 1
block 25 2
block 26 2
block 27 2
block 28 2
block 36 2
block 37 2
block 38 2
block 39 2
block 40 2
block 41 2
block 42 2
block 58 2
block 59 2
block 60 2
block 61 2
block 62 2
block 63 2
block 14 3
block 15 3
block 16 3
block 17 3
block 18 3
block 19 3
block 21 3
block 22 3
block 23 3
block 25 3
block 26 3
block 27 3
block 28 3
block 58 3
block 59 3
block 60 3
block 61 3
block 62 3
block 63 3
block 66 3
block 67 3
block 68 3
block 5 4
block 6 4
block 14 4
block 15 4
block 16 4
block 17 4
block 18 4
block 19 4
block 21 4
block 22 4
block 23 4
block 25 4
block 26 4
block 27 4
block 28 4
block 34 4
block 35 4
block 36 4
block 37 4
block 38 4
block 39 4
block 40 4
block 41 4
block 42 4
block 43 4
block 44 4
block 66 4
block 67 4
block 68 4
block 5 5
block 6 5
block 14 5
block 15 5
block 16 5
block 17 5
block 18 5
block 19 5
block 21 5
block 22 5
block 23 5
block 25 5
block 26 5
block 27 5
block 28 5
block 34 5
block 35 5
block 36 5
block 37 5
block 38 5
block 39 5
block 40 5
block 41 5
block 42 5
block 43 5
block 44 5
block 5 6
block 6 6
block 14 6
block 15 6
block 16 6
block 17 6
block 18 6
block 19 6
block 21 6
block 22 6
block 23 6
block 34 6
block 35 6
block 36 6
block 37 6
block 38 6
block 39 6
block 40 6
block 41 6
block 42 6
block 43 6
block 44 6
block 5 7
block 6 7
block 7 7
block 8 7
block 9 7
block 10 7
block 11 7
block 12 7
block 17 7
block 18 7
block 34 7
block 35 7
block 36 7
block 37 7
block 38 7
block 39 7
block 40 7
block 41 7
block 42 7
block 43 7
block 44 7
block 45 7
block 46 7
block 47 7
block 48 7
block 49 7
block 5 8
block 6 8
block 7 8
block 8 8
block 9 8
block 10 8
block 11 8
block 12 8
block 17 8
block 18 8
block 34 8
block 35 8
block 36 8
block 37 8
block 38 8
block 39 8
block 40 8
block 41 8
block 42 8
block 43 8
block 44 8
block 45 8
block 46 8
block 47 8
block 48 8
block 49 8
block 5 9
block 6 9
block 7 9
block 8 9
block 9 9
block 10 9
block 11 9
block 12 9
block 17 9
block 18 9
block 20 9
block 21 9
block 22 9
block 23 9
block 34 9
block 35 9
block 36 9
block 37 9
block 38 9
block 39 9
block 40 9
block 41 9
block 42 9
block 43 9
block 44 9
block 45 9
block 46 9
block 47 9
block 48 9
block 49 9
block 5 10
block 6 10
block 9 10
block 10 10
block 11 10
block 12 10
block 20 10
block 21 10
block 22 10
block 23 10
block 34 10
block 35 10
block 36 10
block 37 10
block 38 10
block 39 10
block 40 10
block 41 10
block 42 10
block 43 10
block 44 10
block 45 10
block 46 10
block 47 10
block 48 10
block 49 10
block 69 10
block 70 10
block 71 10
block 72 10
block 73 10
block 0 11
block 1 11
block 2 11
block 3 11
block 4 11
block 5 11
block 20 11
block 21 11
block 22 11
block 23 11
block 45 11
block 46 11
block 47 11
block 48 11
block 49 11
block 69 11
block 70 11
block 71 11
block 72 11
block 73 11
block 0 12
block 1 12
block 2 12
block 3 12
block 4 12
block 5 12
block 20 12
block 21 12
block 22 12
block 23 12
block 45 12
block 46 12
block 47 12
block 48 12
block 49 12
block 69 12
block 70 12
block 71 12
block 72 12
block 73 12
block 0 13
block 1 13
block 2 13
block 3 13
block 4 13
block 5 13
block 20 13
block 21 13
block 22 13
block 23 13
block 25 13
block 26 13
block 27 13
block 28 13
block 29 13
block 30 13
block 31 13
block 32 13
block 33 13
block 45 13
block 46 13
block 47 13
block 48 13
block 49 13
block 69 13
block 70 13
block 71 13
block 72 13
block 73 13
block 0 14
block 1 14
block 20 14
block 21 14
block 22 14
block 23 14
block 25 14
block 26 14
block 27 14
block 28 14
block 29 14
block 30 14
block 31 14
block 32 14
block 33 14
block 69 14
block 70 14
block 71 14
block 72 14
block 73 14
block 74 14
block 75 14
block 0 15
block 1 15
block 20 15
block 21 15
block 22 15
block 23 15
block 25 15
block 26 15
block 27 15
block 28 15
block 29 15
block 30 15
block 31 15
block 32 15
block 33 15
block 69 15
block 70 15
block 71 15
block 72 15
block 73 15
block 74 15
block 75 15
block 38 16
block 39 16
block 38 17
block 39 17
block 38 18
block 39 18
block 38 19
block 39 19
block 38 20
block 39 20
block 42 20
block 43 20
block 44 20
block 45 20
block 42 21
block 43 21
block 44 21
block 45 21
block 48 21
block 49 21
block 50 21
block 51 21
block 52 21
block 53 21
block 54 21
block 55 21
block 56 21
block 57 21
block 58 21
block 59 21
block 42 22
block 43 22
block 44 22
block 45 22
block 48 22
block 49 22
block 50 22
block 51 22
block 52 22
block 53 22
block 54 22
block 55 22
block 56 22
block 57 22
block 58 22
block 59 22
block 9 23
block 10 23
block 11 23
block 12 23
block 42 23
block 43 23
block 44 23
block 45 23
block 48 23
block 49 23
block 50 23
block 51 23
block 52 23
block 53 23
block 54 23
block 55 23
block 56 23
block 57 23
block 58 23
block 59 23
block 9 24
block 10 24
block 11 24
block 12 24
block 22 24
block 23 24
block 24 24
block 25 24
block 26 24
block 27 24
block 28 24
block 53 24
block 54 24
block 55 24
block 56 24
block 57 24
block 58 24
block 59 24
block 22 25
block 23 25
block 24 25
block 25 25
block 26 25
block 27 25
block 28 25
block 53 25
block 54 25
block 55 25
block 56 25
block 57 25
block 58 25
block 59 25
block 22 26
block 23 26
block 24 26
block 25 26
block 26 26
block 27 26
block 28 26
block 53 26
block 54 26
block 55 26
block 56 26
block 57 26
block 58 26
block 59 26
##BotsAndCoinsInfo
bot_name 0 starter-bot
bot 0 57 18
bot_coins 0 0
coin 24 3
coin 51 24
round 1
bot 0 57 19
round 2
bot 0 57 20
round 3
round 4
round 5
coin 12 17
coin 63 9
round 6
round 7
round 8
round 9
round 10
coin 6 16
coin 68 10
round 11
round 12
round 13
round 14
round 15
coin 25 20
coin 50 6
round 16
round 17
round 18
round 19
round 20
coin 51 2
coin 24 23
round 21
round 22
round 23
round 24
round 25
coin 42 26
coin 33 0
round 26
round 27
round 28
round 29
round 30
coin 13 9
coin 62 17
round 31
round 32
round 33
round 34
round 35
coin 64 5
coin 11 21
round 36
round 37
round 38
round 39
round 40
coin 68 6
coin 7 20
round 41
round 42
round 43
round 44
round 45
coin 11 6
coin 64 20
round 46
round 47
round 48
round 49
round 50
coin 40 3
coin 35 23
round 51
round 52
round 53
round 54
round 55
coin 52 24
coin 23 2
round 56
round 57
round 58
round 59
round 60
coin 47 0
coin 29 26
round 61
round 62
round 63
round 64
round 65
coin 6 22
coin 69 4
round 66
round 67
round 68
round 69
round 70
coin 67 2
coin 8 24
round 71
round 72
round 73
round 74
round 75
coin 38 21
coin 37 3
round 76
round 77
round 78
round 79
round 80
coin 62 23
coin 13 3
round 81
round 82
round 83
round 84
round 85
coin 24 14
coin 51 12
round 86
round 87
round 88
round 89
round 90
coin 60 7
coin 15 19
round 91
round 92
round 93
round 94
round 95
coin 1 21
coin 74 5
round 96
round 97
round 98
round 99
round 100
coin 27 22
coin 48 4
round 101
match_over 0
round 102
