match
match_id 1639168920182_bv
match_time 1639168920184
num_bots 1
##MatchConfig
mode FRIENDLY
num_rounds 200
random_seed 42
move_time_limit 1000
coin_spawn_period 5
coin_spawn_volume 2
##MapConfig
map_size 66 24
view_radius 6
mining_radius 2
attack_radius 3
block 43 0
block 44 0
block 45 0
block 16 4
block 17 4
block 18 4
block 19 4
block 20 4
block 21 4
block 35 4
block 36 4
block 37 4
block 38 4
block 39 4
block 40 4
block 41 4
block 16 5
block 17 5
block 18 5
block 19 5
block 20 5
block 21 5
block 35 5
block 36 5
block 37 5
block 38 5
block 39 5
block 40 5
block 41 5
block 0 6
block 1 6
block 2 6
block 19 6
block 20 6
block 21 6
block 35 6
block 36 6
block 37 6
block 38 6
block 39 6
block 40 6
block 41 6
block 62 6
block 63 6
block 64 6
block 65 6
block 0 7
block 1 7
block 2 7
block 35 7
block 36 7
block 37 7
block 38 7
block 39 7
block 40 7
block 41 7
block 50 7
block 51 7
block 58 7
block 59 7
block 60 7
block 61 7
block 62 7
block 63 7
block 64 7
block 65 7
block 0 8
block 1 8
block 2 8
block 16 8
block 17 8
block 18 8
block 19 8
block 20 8
block 21 8
block 35 8
block 36 8
block 37 8
block 38 8
block 39 8
block 40 8
block 41 8
block 50 8
block 51 8
block 58 8
block 59 8
block 60 8
block 61 8
block 62 8
block 63 8
block 64 8
block 65 8
block 0 9
block 1 9
block 2 9
block 16 9
block 17 9
block 18 9
block 19 9
block 20 9
block 21 9
block 35 9
block 36 9
block 37 9
block 38 9
block 39 9
block 40 9
block 41 9
block 50 9
block 51 9
block 52 9
block 53 9
block 54 9
block 62 9
block 63 9
block 64 9
block 65 9
block 16 10
block 17 10
block 18 10
block 19 10
block 20 10
block 21 10
block 32 10
block 33 10
block 34 10
block 50 10
block 51 10
block 52 10
block 53 10
block 54 10
block 16 11
block 17 11
block 18 11
block 19 11
block 20 11
block 21 11
block 32 11
block 33 11
block 34 11
block 50 11
block 51 11
block 52 11
block 53 11
block 54 11
block 16 12
block 17 12
block 18 12
block 19 12
block 20 12
block 21 12
block 32 12
block 33 12
block 34 12
block 50 12
block 51 12
block 52 12
block 53 12
block 54 12
block 16 13
block 17 13
block 18 13
block 19 13
block 20 13
block 21 13
block 44 13
block 45 13
block 46 13
block 47 13
block 48 13
block 49 13
block 50 13
block 16 14
block 17 14
block 18 14
block 19 14
block 20 14
block 21 14
block 44 14
block 45 14
block 46 14
block 47 14
block 48 14
block 49 14
block 50 14
block 16 15
block 17 15
block 18 15
block 19 15
block 20 15
block 21 15
block 28 15
block 29 15
block 30 15
block 31 15
block 44 15
block 45 15
block 46 15
block 47 15
block 48 15
block 49 15
block 50 15
block 0 16
block 1 16
block 2 16
block 3 16
block 4 16
block 5 16
block 16 16
block 17 16
block 18 16
block 19 16
block 20 16
block 21 16
block 28 16
block 29 16
block 30 16
block 31 16
block 44 16
block 45 16
block 46 16
block 47 16
block 48 16
block 49 16
block 50 16
block 63 16
block 64 16
block 65 16
block 0 17
block 1 17
block 2 17
block 3 17
block 4 17
block 5 17
block 6 17
block 7 17
block 8 17
block 9 17
block 10 17
block 11 17
block 16 17
block 17 17
block 18 17
block 19 17
block 20 17
block 21 17
block 28 17
block 29 17
block 30 17
block 31 17
block 44 17
block 45 17
block 46 17
block 47 17
block 48 17
block 49 17
block 50 17
block 63 17
block 64 17
block 65 17
block 6 18
block 7 18
block 8 18
block 9 18
block 10 18
block 11 18
block 16 18
block 17 18
block 18 18
block 19 18
block 20 18
block 21 18
block 28 18
block 29 18
block 30 18
block 31 18
block 43 18
block 44 18
block 45 18
block 6 19
block 7 19
block 8 19
block 9 19
block 10 19
block 14 19
block 15 19
block 16 19
block 17 19
block 18 19
block 19 19
block 20 19
block 21 19
block 28 19
block 29 19
block 30 19
block 31 19
block 43 19
block 44 19
block 45 19
block 6 20
block 7 20
block 8 20
block 9 20
block 10 20
block 13 20
block 14 20
block 15 20
block 16 20
block 17 20
block 18 20
block 19 20
block 20 20
block 21 20
block 28 20
block 29 20
block 30 20
block 31 20
block 43 20
block 44 20
block 45 20
block 13 21
block 14 21
block 43 21
block 44 21
block 45 21
block 43 22
block 44 22
block 45 22
block 43 23
block 44 23
block 45 23
##BotsAndCoinsInfo
bot_name 0 starter-bot
bot 0 34 16
bot_coins 0 0
coin 62 3
coin 3 20
round 1
bot 0 34 17
round 2
bot 0 34 18
round 3
bot 0 34 19
round 4
bot 0 34 20
round 5
bot 0 34 21
coin 30 21
coin 35 2
round 6
bot 0 34 22
round 7
bot 0 34 23
round 8
round 9
round 10
coin 36 13
coin 29 10
round 11
round 12
round 13
round 14
round 15
coin 23 14
coin 42 9
round 16
round 17
round 18
round 19
round 20
coin 43 5
coin 22 18
round 21
round 22
round 23
round 24
round 25
coin 43 14
coin 22 9
round 26
round 27
round 28
round 29
round 30
coin 24 12
coin 41 11
round 31
round 32
round 33
round 34
round 35
coin 3 8
coin 62 15
round 36
round 37
round 38
round 39
round 40
coin 48 18
coin 17 6
round 41
round 42
round 43
round 44
round 45
coin 55 17
coin 10 6
round 46
round 47
round 48
round 49
round 50
coin 32 7
coin 33 16
round 51
round 52
round 53
round 54
round 55
coin 14 9
coin 51 14
round 56
round 57
round 58
round 59
round 60
coin 23 9
coin 42 14
round 61
round 62
round 63
round 64
round 65
coin 10 10
coin 55 13
round 66
round 67
round 68
round 69
round 70
coin 34 6
coin 32 17
round 71
round 72
round 73
round 74
round 75
coin 22 12
coin 43 11
round 76
round 77
round 78
round 79
round 80
coin 56 5
coin 9 16
round 81
round 82
round 83
round 84
round 85
coin 65 23
coin 0 0
round 86
round 87
round 88
round 89
round 90
coin 54 13
coin 11 10
round 91
round 92
round 93
round 94
round 95
coin 43 12
coin 22 11
round 96
round 97
round 98
round 99
round 100
coin 35 1
coin 30 22
round 101
round 102
round 103
round 104
round 105
coin 23 1
coin 42 22
round 106
round 107
round 108
round 109
round 110
coin 65 5
coin 0 18
round 111
round 112
round 113
round 114
round 115
coin 1 23
coin 64 0
round 116
round 117
round 118
round 119
round 120
coin 7 21
coin 58 2
round 121
round 122
round 123
round 124
round 125
coin 37 10
coin 28 13
round 126
round 127
round 128
round 129
round 130
coin 8 4
coin 57 19
round 131
round 132
round 133
round 134
round 135
match_over 0
coin 2 10
coin 63 13
round 136
