match
match_id 1639324743207_ad
match_time 1639324743211
num_bots 1
##MatchConfig
mode FRIENDLY
num_rounds 200
random_seed 42
move_time_limit 1000
coin_spawn_period 5
coin_spawn_volume 2
##MapConfig
map_size 70 36
view_radius 5
mining_radius 1
attack_radius 3
block 10 0
block 11 0
block 12 0
block 13 0
block 14 0
block 15 0
block 16 0
block 32 0
block 33 0
block 34 0
block 10 1
block 11 1
block 12 1
block 13 1
block 14 1
block 15 1
block 16 1
block 20 1
block 21 1
block 22 1
block 23 1
block 24 1
block 25 1
block 26 1
block 32 1
block 33 1
block 34 1
block 37 1
block 38 1
block 39 1
block 10 2
block 11 2
block 12 2
block 13 2
block 14 2
block 15 2
block 16 2
block 20 2
block 21 2
block 22 2
block 23 2
block 24 2
block 25 2
block 26 2
block 37 2
block 38 2
block 39 2
block 20 3
block 21 3
block 22 3
block 23 3
block 24 3
block 25 3
block 26 3
block 37 3
block 38 3
block 39 3
block 0 4
block 1 4
block 20 4
block 21 4
block 22 4
block 23 4
block 24 4
block 25 4
block 26 4
block 37 4
block 38 4
block 39 4
block 66 4
block 67 4
block 68 4
block 69 4
block 0 5
block 1 5
block 37 5
block 38 5
block 39 5
block 40 5
block 41 5
block 66 5
block 67 5
block 68 5
block 69 5
block 0 6
block 1 6
block 37 6
block 38 6
block 39 6
block 40 6
block 41 6
block 66 6
block 67 6
block 68 6
block 69 6
block 0 7
block 1 7
block 37 7
block 38 7
block 39 7
block 40 7
block 41 7
block 52 7
block 53 7
block 66 7
block 67 7
block 68 7
block 69 7
block 0 8
block 1 8
block 2 8
block 3 8
block 39 8
block 40 8
block 41 8
block 52 8
block 53 8
block 62 8
block 63 8
block 64 8
block 65 8
block 66 8
block 67 8
block 68 8
block 0 9
block 1 9
block 2 9
block 3 9
block 39 9
block 40 9
block 41 9
block 52 9
block 53 9
block 62 9
block 63 9
block 64 9
block 65 9
block 66 9
block 67 9
block 68 9
block 0 10
block 1 10
block 2 10
block 3 10
block 39 10
block 40 10
block 41 10
block 52 10
block 53 10
block 62 10
block 63 10
block 64 10
block 65 10
block 66 10
block 67 10
block 68 10
block 0 11
block 1 11
block 2 11
block 3 11
block 52 11
block 53 11
block 62 11
block 63 11
block 64 11
block 65 11
block 66 11
block 67 11
block 68 11
block 33 12
block 34 12
block 35 12
block 48 12
block 49 12
block 50 12
block 52 12
block 53 12
block 62 12
block 63 12
block 64 12
block 65 12
block 66 12
block 67 12
block 68 12
block 15 13
block 16 13
block 17 13
block 18 13
block 19 13
block 20 13
block 33 13
block 34 13
block 35 13
block 48 13
block 49 13
block 50 13
block 62 13
block 63 13
block 64 13
block 65 13
block 66 13
block 67 13
block 68 13
block 14 14
block 15 14
block 16 14
block 17 14
block 18 14
block 19 14
block 20 14
block 27 14
block 28 14
block 33 14
block 34 14
block 35 14
block 48 14
block 49 14
block 50 14
block 62 14
block 63 14
block 64 14
block 65 14
block 66 14
block 67 14
block 68 14
block 14 15
block 15 15
block 16 15
block 17 15
block 18 15
block 19 15
block 20 15
block 27 15
block 28 15
block 33 15
block 34 15
block 35 15
block 48 15
block 49 15
block 50 15
block 0 16
block 1 16
block 2 16
block 3 16
block 4 16
block 5 16
block 6 16
block 14 16
block 15 16
block 16 16
block 17 16
block 18 16
block 19 16
block 20 16
block 21 16
block 22 16
block 23 16
block 24 16
block 33 16
block 34 16
block 35 16
block 48 16
block 49 16
block 50 16
block 0 17
block 1 17
block 2 17
block 3 17
block 4 17
block 5 17
block 6 17
block 14 17
block 15 17
block 16 17
block 17 17
block 21 17
block 22 17
block 23 17
block 24 17
block 48 17
block 49 17
block 50 17
block 0 18
block 1 18
block 2 18
block 3 18
block 4 18
block 5 18
block 6 18
block 14 18
block 15 18
block 16 18
block 17 18
block 21 18
block 22 18
block 23 18
block 24 18
block 48 18
block 49 18
block 50 18
block 0 19
block 1 19
block 2 19
block 3 19
block 4 19
block 5 19
block 6 19
block 21 19
block 22 19
block 23 19
block 24 19
block 59 19
block 60 19
block 61 19
block 62 19
block 63 19
block 64 19
block 65 19
block 21 20
block 22 20
block 23 20
block 24 20
block 45 20
block 46 20
block 47 20
block 48 20
block 59 20
block 60 20
block 61 20
block 62 20
block 63 20
block 64 20
block 65 20
block 21 21
block 22 21
block 23 21
block 24 21
block 45 21
block 46 21
block 47 21
block 48 21
block 59 21
block 60 21
block 61 21
block 62 21
block 63 21
block 64 21
block 65 21
block 9 22
block 10 22
block 11 22
block 56 22
block 57 22
block 58 22
block 59 22
block 60 22
block 61 22
block 62 22
block 63 22
block 64 22
block 65 22
block 9 23
block 10 23
block 11 23
block 21 23
block 22 23
block 23 23
block 24 23
block 25 23
block 26 23
block 27 23
block 56 23
block 57 23
block 58 23
block 59 23
block 60 23
block 61 23
block 62 23
block 63 23
block 64 23
block 65 23
block 9 24
block 10 24
block 11 24
block 21 24
block 22 24
block 23 24
block 24 24
block 25 24
block 26 24
block 27 24
block 56 24
block 57 24
block 58 24
block 59 24
block 60 24
block 61 24
block 62 24
block 63 24
block 9 25
block 10 25
block 11 25
block 21 25
block 22 25
block 23 25
block 24 25
block 25 25
block 26 25
block 27 25
block 57 25
block 58 25
block 59 25
block 60 25
block 61 25
block 62 25
block 63 25
block 9 26
block 10 26
block 11 26
block 21 26
block 22 26
block 23 26
block 24 26
block 25 26
block 26 26
block 27 26
block 46 26
block 47 26
block 57 26
block 58 26
block 59 26
block 60 26
block 61 26
block 62 26
block 63 26
block 46 27
block 47 27
block 46 28
block 47 28
block 3 31
block 4 31
block 5 31
block 3 32
block 4 32
block 5 32
block 44 32
block 45 32
block 3 33
block 4 33
block 5 33
block 44 33
block 45 33
block 3 34
block 4 34
block 5 34
block 44 34
block 45 34
block 3 35
block 4 35
block 5 35
block 10 35
block 11 35
block 12 35
block 13 35
block 14 35
block 15 35
block 16 35
block 44 35
block 45 35
##BotsAndCoinsInfo
bot_name 0 starter-bot
bot 0 69 18
bot_coins 0 0
coin 50 3
coin 19 32
round 1
bot 0 69 19
round 2
bot 0 69 20
round 3
bot 0 69 21
round 4
bot 0 69 22
round 5
bot 0 69 23
coin 48 8
coin 21 27
round 6
bot 0 69 24
round 7
bot 0 69 25
round 8
bot 0 69 26
round 9
bot 0 69 27
round 10
bot 0 69 28
coin 40 25
coin 29 10
round 11
bot 0 69 29
round 12
bot 0 69 30
round 13
bot 0 69 31
round 14
bot 0 69 32
round 15
bot 0 69 33
coin 15 3
coin 54 32
round 16
bot 0 69 34
round 17
bot 0 69 35
round 18
bot 0 68 34
round 19
bot 0 68 33
round 20
bot 0 68 32
coin 69 29
coin 2 6
round 21
bot 0 68 31
round 22
bot 0 68 30
round 23
bot 0 68 29
coin_collected 69 29 0
bot_coins 0 1
round 24
bot 0 68 28
round 25
bot 0 68 27
coin 52 26
coin 17 9
round 26
bot 0 68 26
round 27
bot 0 68 25
round 28
bot 0 68 24
round 29
bot 0 68 23
round 30
bot 0 68 22
coin 56 0
coin 13 34
round 31
bot 0 68 21
round 32
bot 0 68 20
round 33
bot 0 68 19
round 34
bot 0 68 18
round 35
bot 0 68 17
coin 36 32
coin 33 3
round 36
bot 0 68 16
round 37
bot 0 68 15
round 38
round 39
round 40
coin 56 6
coin 13 29
round 41
round 42
round 43
round 44
round 45
coin 63 17
coin 7 18
round 46
round 47
round 48
round 49
round 50
coin 40 31
coin 29 4
round 51
round 52
round 53
round 54
round 55
coin 36 33
coin 33 2
round 56
round 57
round 58
round 59
round 60
coin 63 7
coin 6 28
round 61
round 62
round 63
round 64
round 65
coin 0 22
coin 69 13
round 66
round 67
round 68
round 69
round 70
coin 67 30
coin 2 5
round 71
round 72
round 73
round 74
round 75
coin 40 12
coin 29 23
round 76
round 77
round 78
round 79
round 80
coin 30 5
coin 39 30
round 81
round 82
round 83
round 84
round 85
coin 17 23
coin 52 13
round 86
round 87
round 88
round 89
round 90
coin 12 25
coin 57 10
round 91
round 92
round 93
round 94
round 95
coin 61 12
coin 8 23
round 96
round 97
round 98
round 99
round 100
coin 69 14
coin 0 21
round 101
round 102
round 103
round 104
round 105
coin 64 25
coin 5 10
round 106
round 107
round 108
round 109
round 110
coin 45 6
coin 24 29
round 111
round 112
round 113
round 114
round 115
coin 27 11
coin 42 24
round 116
round 117
round 118
round 119
round 120
coin 27 7
coin 42 28
round 121
round 122
round 123
round 124
round 125
coin 33 32
coin 36 3
round 126
round 127
round 128
round 129
round 130
coin 58 4
coin 11 31
round 131
round 132
round 133
round 134
round 135
coin 30 34
coin 39 0
round 136
round 137
round 138
round 139
round 140
coin 63 31
coin 6 4
round 141
round 142
round 143
round 144
round 145
coin 1 27
coin 69 8
round 146
round 147
round 148
round 149
round 150
coin 7 23
coin 61 11
round 151
round 152
round 153
round 154
round 155
coin 32 13
coin 37 22
round 156
round 157
round 158
round 159
round 160
coin 64 15
coin 5 20
round 161
round 162
round 163
round 164
round 165
coin 48 31
coin 21 5
round 166
round 167
round 168
round 169
round 170
coin 55 27
coin 14 8
round 171
round 172
round 173
round 174
round 175
coin 10 5
coin 59 30
round 176
round 177
round 178
round 179
round 180
coin 53 25
coin 16 10
round 181
round 182
round 183
round 184
round 185
coin 43 5
coin 26 30
round 186
round 187
round 188
round 189
round 190
coin 26 16
coin 43 19
round 191
round 192
round 193
round 194
round 195
coin 46 33
coin 23 0
round 196
round 197
round 198
round 199
round 200
coin 30 10
coin 39 25
match_over 0
