match
match_id 1639170776478_cz
match_time 1639170776480
num_bots 1
##MatchConfig
mode FRIENDLY
num_rounds 200
random_seed 42
move_time_limit 1000
coin_spawn_period 5
coin_spawn_volume 2
##MapConfig
map_size 48 28
view_radius 5
mining_radius 1
attack_radius 3
block 0 0
block 5 0
block 6 0
block 7 0
block 26 0
block 27 0
block 28 0
block 47 0
block 5 1
block 6 1
block 7 1
block 2 2
block 3 2
block 4 2
block 5 2
block 6 2
block 7 2
block 8 2
block 9 2
block 10 2
block 11 2
block 12 2
block 13 2
block 14 2
block 15 2
block 2 3
block 3 3
block 4 3
block 5 3
block 6 3
block 7 3
block 8 3
block 9 3
block 10 3
block 11 3
block 12 3
block 13 3
block 14 3
block 15 3
block 2 4
block 3 4
block 4 4
block 5 4
block 6 4
block 8 4
block 9 4
block 10 4
block 11 4
block 12 4
block 13 4
block 14 4
block 15 4
block 39 4
block 40 4
block 41 4
block 42 4
block 43 4
block 8 5
block 9 5
block 10 5
block 11 5
block 12 5
block 13 5
block 14 5
block 15 5
block 39 5
block 40 5
block 41 5
block 42 5
block 43 5
block 8 6
block 9 6
block 10 6
block 11 6
block 12 6
block 13 6
block 14 6
block 15 6
block 22 6
block 23 6
block 24 6
block 25 6
block 26 6
block 28 6
block 29 6
block 30 6
block 39 6
block 40 6
block 41 6
block 42 6
block 43 6
block 44 6
block 14 7
block 15 7
block 16 7
block 17 7
block 22 7
block 23 7
block 24 7
block 25 7
block 26 7
block 28 7
block 29 7
block 30 7
block 39 7
block 40 7
block 41 7
block 42 7
block 43 7
block 44 7
block 14 8
block 15 8
block 16 8
block 17 8
block 22 8
block 23 8
block 24 8
block 25 8
block 26 8
block 28 8
block 29 8
block 30 8
block 14 9
block 15 9
block 16 9
block 17 9
block 22 9
block 23 9
block 24 9
block 25 9
block 26 9
block 14 10
block 15 10
block 16 10
block 17 10
block 12 11
block 13 11
block 14 11
block 15 11
block 16 11
block 17 11
block 12 12
block 13 12
block 14 12
block 15 12
block 16 12
block 17 12
block 12 13
block 13 13
block 14 13
block 15 13
block 16 13
block 17 13
block 42 13
block 43 13
block 44 13
block 12 14
block 13 14
block 14 14
block 15 14
block 16 14
block 17 14
block 24 14
block 25 14
block 29 14
block 30 14
block 42 14
block 43 14
block 44 14
block 12 15
block 13 15
block 14 15
block 15 15
block 16 15
block 17 15
block 22 15
block 23 15
block 24 15
block 25 15
block 26 15
block 29 15
block 30 15
block 42 15
block 43 15
block 44 15
block 7 16
block 8 16
block 9 16
block 10 16
block 11 16
block 12 16
block 13 16
block 14 16
block 15 16
block 16 16
block 17 16
block 22 16
block 23 16
block 24 16
block 25 16
block 26 16
block 29 16
block 30 16
block 42 16
block 43 16
block 44 16
block 7 17
block 8 17
block 9 17
block 10 17
block 11 17
block 12 17
block 13 17
block 14 17
block 15 17
block 16 17
block 17 17
block 29 17
block 30 17
block 7 18
block 8 18
block 9 18
block 10 18
block 11 18
block 29 18
block 30 18
block 0 19
block 1 19
block 2 19
block 3 19
block 4 19
block 5 19
block 6 19
block 7 19
block 8 19
block 9 19
block 10 19
block 11 19
block 19 19
block 20 19
block 21 19
block 22 19
block 23 19
block 29 19
block 30 19
block 0 20
block 1 20
block 2 20
block 3 20
block 4 20
block 5 20
block 6 20
block 16 20
block 17 20
block 19 20
block 20 20
block 21 20
block 22 20
block 23 20
block 0 21
block 1 21
block 2 21
block 3 21
block 4 21
block 5 21
block 6 21
block 16 21
block 17 21
block 19 21
block 20 21
block 21 21
block 22 21
block 23 21
block 24 21
block 19 22
block 20 22
block 21 22
block 22 22
block 23 22
block 24 22
block 21 23
block 22 23
block 23 23
block 24 23
block 21 24
block 22 24
block 23 24
block 24 24
block 33 24
block 34 24
block 35 24
block 36 24
block 37 24
block 38 24
block 39 24
block 4 25
block 5 25
block 10 25
block 11 25
block 12 25
block 13 25
block 14 25
block 15 25
block 19 25
block 20 25
block 21 25
block 22 25
block 23 25
block 24 25
block 25 25
block 26 25
block 27 25
block 28 25
block 33 25
block 34 25
block 35 25
block 36 25
block 37 25
block 38 25
block 39 25
block 0 26
block 4 26
block 5 26
block 10 26
block 11 26
block 12 26
block 13 26
block 14 26
block 15 26
block 19 26
block 20 26
block 21 26
block 22 26
block 23 26
block 24 26
block 25 26
block 26 26
block 27 26
block 28 26
block 33 26
block 34 26
block 35 26
block 36 26
block 37 26
block 38 26
block 39 26
block 47 26
block 0 27
block 26 27
block 27 27
block 28 27
block 47 27
##BotsAndCoinsInfo
bot_name 0 starter-bot
bot 0 1 10
bot_coins 0 0
coin 26 19
coin 21 8
round 1
round 2
round 3
round 4
round 5
coin 0 24
coin 47 3
round 6
round 7
round 8
round 9
round 10
coin 18 25
coin 29 2
round 11
round 12
round 13
round 14
round 15
coin 18 10
coin 28 17
round 16
round 17
round 18
round 19
round 20
coin 31 17
coin 18 9
round 21
round 22
round 23
round 24
round 25
coin 14 18
coin 33 9
round 26
round 27
round 28
round 29
round 30
coin 12 0
coin 35 27
round 31
round 32
round 33
round 34
round 35
coin 44 24
coin 1 3
round 36
round 37
round 38
round 39
round 40
coin 24 27
coin 23 0
round 41
round 42
bot 0 1 11
round 43
round 44
round 45
match_over 0
coin 7 9
coin 40 18
round 46
