match
match_id 1639407355293_cu
match_time 1639407355295
num_bots 1
##MatchConfig
mode FRIENDLY
num_rounds 200
random_seed 42
move_time_limit 1000
coin_spawn_period 5
coin_spawn_volume 2
##MapConfig
map_size 49 27
view_radius 5
mining_radius 1
attack_radius 3
block 19 0
block 20 0
block 21 0
block 22 0
block 23 0
block 19 1
block 20 1
block 21 1
block 22 1
block 32 9
block 33 9
block 0 10
block 1 10
block 32 10
block 33 10
block 34 10
block 35 10
block 36 10
block 37 10
block 38 10
block 46 10
block 47 10
block 48 10
block 0 11
block 1 11
block 23 11
block 24 11
block 25 11
block 26 11
block 32 11
block 33 11
block 34 11
block 35 11
block 36 11
block 37 11
block 38 11
block 46 11
block 47 11
block 48 11
block 0 12
block 1 12
block 10 12
block 11 12
block 12 12
block 13 12
block 23 12
block 24 12
block 25 12
block 26 12
block 32 12
block 33 12
block 34 12
block 35 12
block 36 12
block 37 12
block 38 12
block 46 12
block 47 12
block 48 12
block 0 13
block 1 13
block 10 13
block 11 13
block 12 13
block 13 13
block 23 13
block 24 13
block 25 13
block 26 13
block 35 13
block 36 13
block 46 13
block 47 13
block 48 13
block 35 14
block 36 14
block 35 15
block 36 15
block 35 16
block 36 16
block 7 17
block 8 17
block 9 17
block 10 17
block 11 17
block 12 17
block 7 18
block 8 18
block 9 18
block 10 18
block 11 18
block 12 18
block 7 19
block 8 19
block 9 19
block 10 19
block 11 19
block 12 19
block 1 20
block 2 20
block 3 20
block 4 20
block 5 20
block 6 20
block 7 20
block 8 20
block 9 20
block 10 20
block 11 20
block 12 20
block 1 21
block 2 21
block 3 21
block 4 21
block 5 21
block 6 21
block 1 22
block 2 22
block 3 22
block 4 22
block 5 22
block 6 22
block 1 23
block 2 23
block 3 23
block 4 23
block 5 23
block 6 23
block 19 23
block 20 23
block 21 23
block 22 23
block 23 23
block 1 24
block 2 24
block 3 24
block 4 24
block 5 24
block 6 24
block 19 24
block 20 24
block 21 24
block 22 24
block 23 24
block 19 25
block 20 25
block 21 25
block 22 25
block 23 25
block 19 26
block 20 26
block 21 26
block 22 26
block 23 26
##BotsAndCoinsInfo
bot_name 0 starter-bot
bot 0 48 17
bot_coins 0 0
coin 29 3
coin 18 23
round 1
bot 0 48 18
round 2
bot 0 48 19
round 3
bot 0 48 20
round 4
bot 0 48 21
round 5
bot 0 48 22
coin 34 17
coin 14 9
round 6
bot 0 48 23
round 7
bot 0 48 24
round 8
bot 0 48 25
round 9
bot 0 48 26
round 10
bot 0 47 25
coin 19 16
coin 29 10
round 11
bot 0 47 24
round 12
bot 0 47 23
round 13
bot 0 47 22
round 14
bot 0 47 21
round 15
bot 0 47 20
coin 0 20
coin 48 6
round 16
bot 0 46 19
round 17
bot 0 45 20
round 18
bot 0 44 19
round 19
bot 0 44 18
round 20
bot 0 44 17
coin 48 2
coin 0 24
round 21
bot 0 44 16
round 22
bot 0 44 15
round 23
bot 0 44 14
round 24
bot 0 44 13
round 25
bot 0 44 12
coin 3 26
coin 45 0
round 26
bot 0 44 11
round 27
bot 0 44 10
round 28
bot 0 44 9
round 29
bot 0 44 8
round 30
bot 0 45 7
coin 28 9
coin 20 17
round 31
bot 0 46 6
round 32
bot 0 47 5
round 33
bot 0 48 6
coin_collected 48 6 0
bot_coins 0 1
round 34
bot 0 47 5
round 35
bot 0 48 4
coin 15 5
coin 33 21
round 36
bot 0 48 3
coin_collected 48 2 0
bot_coins 0 2
round 37
bot 0 47 2
round 38
bot 0 46 1
round 39
bot 0 46 0
coin_collected 45 0 0
bot_coins 0 3
round 40
bot 0 45 1
coin 28 6
coin 20 20
round 41
bot 0 44 2
round 42
bot 0 44 3
round 43
bot 0 44 4
round 44
bot 0 44 5
round 45
bot 0 44 6
coin 0 8
coin 48 18
round 46
bot 0 44 7
round 47
bot 0 44 8
round 48
bot 0 44 9
round 49
bot 0 44 10
round 50
bot 0 44 11
coin 40 4
coin 8 22
round 51
bot 0 44 12
round 52
bot 0 44 13
round 53
bot 0 44 14
round 54
bot 0 44 15
round 55
bot 0 44 16
coin 15 24
coin 33 2
round 56
bot 0 45 17
round 57
bot 0 45 18
round 58
bot 0 44 19
round 59
bot 0 45 18
round 60
bot 0 44 19
coin 28 0
coin 18 26
round 61
bot 0 45 18
round 62
bot 0 44 19
round 63
bot 0 43 18
round 64
bot 0 43 19
round 65
bot 0 43 20
coin 35 22
coin 13 4
round 66
bot 0 43 21
round 67
bot 0 43 22
round 68
bot 0 43 23
round 69
bot 0 43 24
round 70
bot 0 43 25
coin 11 3
coin 37 23
round 71
bot 0 43 26
round 72
bot 0 42 25
round 73
bot 0 42 24
round 74
bot 0 42 23
round 75
bot 0 42 22
coin 26 21
coin 22 5
round 76
bot 0 42 21
round 77
bot 0 42 20
round 78
bot 0 42 19
round 79
bot 0 42 18
round 80
bot 0 42 17
coin 44 23
coin 4 3
round 81
bot 0 42 16
round 82
bot 0 42 15
round 83
bot 0 42 14
round 84
bot 0 42 13
round 85
bot 0 42 12
coin 10 14
coin 39 12
round 86
bot 0 41 11
round 87
bot 0 40 12
coin_collected 39 12 0
bot_coins 0 4
round 88
bot 0 40 11
round 89
bot 0 40 10
round 90
bot 0 40 9
coin 19 7
coin 29 19
round 91
bot 0 40 8
round 92
bot 0 39 7
round 93
bot 0 40 6
round 94
bot 0 39 5
round 95
bot 0 40 4
coin_collected 40 4 0
bot_coins 0 5
coin 21 21
coin 27 5
round 96
bot 0 40 3
round 97
bot 0 40 2
round 98
bot 0 40 1
round 99
bot 0 40 0
round 100
bot 0 39 1
coin 41 22
coin 7 4
round 101
bot 0 39 2
round 102
bot 0 39 3
round 103
bot 0 39 4
round 104
bot 0 39 5
round 105
bot 0 39 6
coin 0 25
coin 48 1
round 106
bot 0 39 7
round 107
bot 0 39 8
round 108
bot 0 39 9
round 109
bot 0 39 10
round 110
bot 0 39 11
coin 10 24
coin 38 2
round 111
bot 0 39 12
round 112
bot 0 39 13
round 113
bot 0 39 14
round 114
bot 0 39 15
round 115
bot 0 39 16
coin 6 19
coin 42 7
round 116
bot 0 39 17
round 117
bot 0 39 18
round 118
bot 0 40 19
round 119
bot 0 41 20
round 120
bot 0 40 21
coin 48 7
coin 0 19
round 121
bot 0 41 22
coin_collected 41 22 0
bot_coins 0 6
round 122
bot 0 42 23
round 123
bot 0 43 22
round 124
bot 0 44 23
coin_collected 44 23 0
bot_coins 0 7
round 125
bot 0 44 24
coin 12 14
coin 37 13
round 126
bot 0 44 25
round 127
bot 0 44 26
round 128
bot 0 45 25
round 129
bot 0 44 24
round 130
bot 0 43 23
coin 37 4
coin 11 22
round 131
bot 0 43 22
round 132
bot 0 43 21
round 133
bot 0 43 20
round 134
bot 0 43 19
round 135
bot 0 43 18
coin 16 7
coin 32 19
round 136
bot 0 43 17
round 137
bot 0 43 16
round 138
bot 0 43 15
round 139
bot 0 43 14
round 140
bot 0 43 13
coin 42 4
coin 7 22
round 141
bot 0 43 12
round 142
bot 0 43 11
round 143
bot 0 42 10
round 144
bot 0 41 9
round 145
bot 0 42 8
coin_collected 42 7 0
bot_coins 0 8
coin 43 18
coin 5 8
round 146
bot 0 41 7
round 147
bot 0 42 6
round 148
bot 0 41 5
round 149
bot 0 40 4
round 150
bot 0 39 3
coin 0 14
coin 48 14
round 151
bot 0 38 2
coin_collected 38 2 0
bot_coins 0 9
round 152
bot 0 39 3
round 153
bot 0 40 4
round 154
bot 0 41 3
round 155
bot 0 42 4
coin_collected 42 4 0
bot_coins 0 10
coin 45 13
coin 3 13
round 156
bot 0 42 3
round 157
bot 0 42 2
round 158
bot 0 42 1
round 159
bot 0 42 0
round 160
bot 0 41 1
coin 0 23
coin 48 3
round 161
bot 0 41 2
round 162
bot 0 40 3
round 163
bot 0 39 4
round 164
bot 0 38 3
round 165
bot 0 37 4
coin_collected 37 4 0
bot_coins 0 11
coin 34 22
coin 14 4
round 166
bot 0 36 3
round 167
bot 0 35 2
round 168
bot 0 34 1
round 169
bot 0 33 2
coin_collected 33 2 0
bot_coins 0 12
round 170
bot 0 32 3
coin 34 9
coin 14 17
round 171
bot 0 32 4
round 172
bot 0 31 5
round 173
bot 0 31 6
round 174
bot 0 30 7
round 175
bot 0 29 8
coin 31 5
coin 17 21
round 176
bot 0 28 9
coin_collected 28 9 0
bot_coins 0 13
round 177
bot 0 29 10
coin_collected 29 10 0
bot_coins 0 14
round 178
bot 0 28 9
round 179
bot 0 27 8
round 180
bot 0 28 7
coin_collected 28 6 0
bot_coins 0 15
coin 4 7
coin 44 19
round 181
bot 0 27 6
coin_collected 27 5 0
bot_coins 0 16
round 182
bot 0 28 5
round 183
bot 0 29 4
coin_collected 29 3 0
bot_coins 0 17
round 184
bot 0 30 5
coin_collected 31 5 0
bot_coins 0 18
round 185
bot 0 30 6
coin 15 23
coin 33 3
round 186
bot 0 30 7
round 187
bot 0 31 8
round 188
round 189
round 190
coin 5 25
coin 43 1
round 191
bot 0 32 8
round 192
bot 0 31 8
round 193
bot 0 30 7
round 194
bot 0 31 8
round 195
bot 0 30 7
coin 10 6
coin 38 20
round 196
bot 0 31 6
round 197
bot 0 32 7
round 198
bot 0 33 8
round 199
bot 0 32 8
round 200
bot 0 31 8
coin 23 19
coin 25 7
match_over 0
