match
match_id 1639175671231_fv
match_time 1639175671234
num_bots 1
##MatchConfig
mode FRIENDLY
num_rounds 200
random_seed 42
move_time_limit 1000
coin_spawn_period 5
coin_spawn_volume 2
##MapConfig
map_size 67 28
view_radius 5
mining_radius 2
attack_radius 4
block 56 0
block 57 0
block 13 1
block 14 1
block 56 1
block 57 1
block 8 2
block 9 2
block 10 2
block 11 2
block 13 2
block 14 2
block 8 3
block 9 3
block 10 3
block 11 3
block 13 3
block 14 3
block 8 4
block 9 4
block 10 4
block 11 4
block 50 4
block 51 4
block 52 4
block 53 4
block 54 4
block 8 5
block 9 5
block 10 5
block 11 5
block 19 5
block 20 5
block 21 5
block 22 5
block 50 5
block 51 5
block 52 5
block 53 5
block 54 5
block 19 6
block 20 6
block 21 6
block 22 6
block 50 6
block 51 6
block 52 6
block 53 6
block 54 6
block 11 7
block 12 7
block 13 7
block 14 7
block 19 7
block 20 7
block 21 7
block 22 7
block 11 8
block 12 8
block 13 8
block 14 8
block 19 8
block 20 8
block 21 8
block 22 8
block 11 9
block 12 9
block 13 9
block 14 9
block 19 9
block 20 9
block 21 9
block 22 9
block 19 10
block 20 10
block 21 10
block 22 10
block 19 11
block 20 11
block 21 11
block 22 11
block 19 12
block 20 12
block 21 12
block 22 12
block 56 13
block 57 13
block 58 13
block 59 13
block 56 14
block 57 14
block 58 14
block 59 14
block 13 19
block 14 19
block 15 19
block 16 19
block 17 19
block 18 19
block 19 19
block 20 19
block 13 20
block 14 20
block 15 20
block 16 20
block 17 20
block 18 20
block 19 20
block 20 20
block 13 21
block 14 21
block 15 21
block 16 21
block 17 21
block 18 21
block 19 21
block 20 21
block 13 22
block 14 22
block 15 22
block 16 22
block 17 22
block 18 22
block 19 22
block 20 22
block 13 23
block 14 23
block 15 23
block 16 23
block 17 23
block 18 23
block 19 23
block 20 23
block 16 24
block 17 24
block 18 24
block 19 24
block 20 24
block 32 24
block 33 24
block 34 24
block 35 24
block 36 24
block 32 25
block 33 25
block 34 25
block 35 25
block 36 25
block 32 26
block 33 26
block 34 26
block 35 26
block 36 26
##BotsAndCoinsInfo
bot_name 0 starter-bot
bot 0 44 16
bot_coins 0 0
coin 41 19
coin 25 8
round 1
bot 0 44 17
round 2
bot 0 44 18
round 3
bot 0 44 19
round 4
bot 0 44 20
round 5
bot 0 44 21
coin 23 24
coin 43 3
round 6
bot 0 44 22
round 7
bot 0 44 23
round 8
bot 0 44 24
round 9
bot 0 44 25
round 10
bot 0 44 26
coin 12 25
coin 54 2
round 11
bot 0 44 27
round 12
bot 0 44 0
round 13
round 14
round 15
match_over 0
coin 66 10
coin 0 17
round 16
