match
match_id 1639172440092_dx
match_time 1639172440095
num_bots 1
##MatchConfig
mode FRIENDLY
num_rounds 200
random_seed 42
move_time_limit 1000
coin_spawn_period 5
coin_spawn_volume 2
##MapConfig
map_size 55 30
view_radius 6
mining_radius 2
attack_radius 3
block 20 0
block 21 0
block 22 0
block 23 0
block 24 0
block 49 0
block 50 0
block 51 0
block 52 0
block 20 1
block 21 1
block 22 1
block 23 1
block 24 1
block 31 1
block 32 1
block 33 1
block 34 1
block 35 1
block 36 1
block 37 1
block 38 1
block 39 1
block 40 1
block 41 1
block 42 1
block 43 1
block 44 1
block 49 1
block 50 1
block 51 1
block 52 1
block 20 2
block 21 2
block 22 2
block 23 2
block 24 2
block 31 2
block 32 2
block 33 2
block 34 2
block 35 2
block 36 2
block 37 2
block 38 2
block 39 2
block 40 2
block 41 2
block 42 2
block 43 2
block 44 2
block 49 2
block 50 2
block 51 2
block 52 2
block 0 3
block 1 3
block 2 3
block 3 3
block 4 3
block 31 3
block 32 3
block 33 3
block 34 3
block 35 3
block 36 3
block 37 3
block 38 3
block 39 3
block 40 3
block 41 3
block 49 3
block 50 3
block 51 3
block 52 3
block 54 3
block 0 4
block 1 4
block 2 4
block 3 4
block 4 4
block 31 4
block 32 4
block 33 4
block 34 4
block 35 4
block 36 4
block 37 4
block 49 4
block 50 4
block 51 4
block 52 4
block 54 4
block 0 5
block 1 5
block 2 5
block 3 5
block 4 5
block 6 5
block 7 5
block 31 5
block 32 5
block 33 5
block 34 5
block 35 5
block 36 5
block 37 5
block 54 5
block 0 6
block 1 6
block 2 6
block 3 6
block 4 6
block 6 6
block 7 6
block 28 6
block 29 6
block 30 6
block 31 6
block 32 6
block 33 6
block 34 6
block 35 6
block 36 6
block 37 6
block 54 6
block 6 7
block 7 7
block 28 7
block 29 7
block 30 7
block 31 7
block 32 7
block 6 8
block 7 8
block 6 9
block 7 9
block 6 10
block 7 10
block 46 10
block 47 10
block 48 10
block 49 10
block 50 10
block 51 10
block 46 11
block 47 11
block 48 11
block 49 11
block 50 11
block 51 11
block 46 12
block 47 12
block 48 12
block 49 12
block 50 12
block 51 12
block 18 13
block 19 13
block 20 13
block 21 13
block 22 13
block 18 14
block 19 14
block 20 14
block 21 14
block 22 14
block 18 15
block 19 15
block 20 15
block 21 15
block 22 15
block 18 16
block 19 16
block 20 16
block 21 16
block 22 16
block 18 17
block 19 17
block 20 17
block 21 17
block 22 17
block 25 17
block 26 17
block 4 18
block 5 18
block 6 18
block 7 18
block 8 18
block 9 18
block 15 18
block 16 18
block 18 18
block 19 18
block 20 18
block 21 18
block 22 18
block 25 18
block 26 18
block 4 19
block 5 19
block 6 19
block 7 19
block 8 19
block 9 19
block 15 19
block 16 19
block 25 19
block 26 19
block 4 20
block 5 20
block 6 20
block 7 20
block 8 20
block 9 20
block 15 20
block 16 20
block 25 20
block 26 20
block 0 21
block 1 21
block 2 21
block 3 21
block 4 21
block 5 21
block 25 21
block 26 21
block 0 22
block 1 22
block 2 22
block 3 22
block 4 22
block 5 22
block 25 22
block 26 22
block 0 23
block 1 23
block 2 23
block 3 23
block 4 23
block 5 23
block 13 23
block 14 23
block 25 23
block 26 23
block 13 24
block 14 24
block 24 24
block 25 24
block 26 24
block 27 24
block 28 24
block 29 24
block 30 24
block 0 25
block 13 25
block 14 25
block 24 25
block 25 25
block 26 25
block 27 25
block 28 25
block 29 25
block 30 25
block 53 25
block 54 25
block 0 26
block 13 26
block 14 26
block 24 26
block 25 26
block 26 26
block 27 26
block 28 26
block 29 26
block 30 26
block 53 26
block 54 26
block 13 27
block 14 27
block 13 28
block 14 28
block 20 28
block 21 28
block 22 28
block 23 28
block 24 28
block 13 29
block 14 29
block 20 29
block 21 29
block 22 29
block 23 29
block 24 29
block 49 29
block 50 29
block 51 29
block 52 29
##BotsAndCoinsInfo
bot_name 0 starter-bot
bot 0 34 22
bot_coins 0 0
coin 40 4
coin 15 25
round 1
bot 0 34 23
round 2
bot 0 34 24
round 3
bot 0 34 25
round 4
bot 0 34 26
round 5
bot 0 34 27
coin 8 14
coin 46 15
round 6
bot 0 34 28
round 7
bot 0 34 29
round 8
round 9
round 10
coin 25 27
coin 29 2
round 11
round 12
round 13
round 14
round 15
coin 45 8
coin 9 21
round 16
round 17
round 18
round 19
round 20
coin 54 23
coin 0 7
round 21
round 22
round 23
round 24
round 25
coin 22 3
coin 32 26
round 26
round 27
round 28
round 29
round 30
coin 45 12
coin 9 17
round 31
round 32
round 33
round 34
round 35
coin 46 2
coin 8 27
round 36
round 37
round 38
round 39
round 40
coin 26 0
coin 28 29
round 41
round 42
round 43
round 44
round 45
coin 33 29
coin 19 0
round 46
coin_collected 33 29 0
bot_coins 0 1
round 47
round 48
round 49
round 50
coin 10 13
coin 44 16
round 51
round 52
round 53
round 54
round 55
coin 38 4
coin 16 25
round 56
round 57
round 58
round 59
round 60
coin 23 21
coin 31 8
round 61
round 62
round 63
round 64
round 65
coin 10 28
coin 45 1
round 66
round 67
round 68
round 69
round 70
coin 38 6
coin 16 23
round 71
round 72
round 73
round 74
round 75
coin 1 7
coin 53 22
round 76
round 77
round 78
round 79
round 80
coin 45 5
coin 9 24
round 81
round 82
round 83
match_over 0
round 84
