match
match_id 1639073988518_ag
match_time 1639073988521
num_bots 1
##MatchConfig
mode FRIENDLY
num_rounds 200
random_seed 42
move_time_limit 1000
coin_spawn_period 5
coin_spawn_volume 2
##MapConfig
map_size 73 35
view_radius 5
mining_radius 1
attack_radius 4
block 39 0
block 40 0
block 41 0
block 42 0
block 43 0
block 59 2
block 60 2
block 61 2
block 59 3
block 60 3
block 61 3
block 67 3
block 68 3
block 69 3
block 23 4
block 24 4
block 25 4
block 26 4
block 27 4
block 28 4
block 29 4
block 30 4
block 31 4
block 32 4
block 59 4
block 60 4
block 61 4
block 67 4
block 68 4
block 69 4
block 23 5
block 24 5
block 25 5
block 26 5
block 27 5
block 28 5
block 29 5
block 30 5
block 31 5
block 32 5
block 59 5
block 60 5
block 61 5
block 67 5
block 68 5
block 69 5
block 23 6
block 24 6
block 25 6
block 26 6
block 27 6
block 28 6
block 29 6
block 30 6
block 31 6
block 32 6
block 59 6
block 60 6
block 61 6
block 67 6
block 68 6
block 69 6
block 23 7
block 24 7
block 25 7
block 26 7
block 27 7
block 28 7
block 29 7
block 30 7
block 31 7
block 32 7
block 59 7
block 60 7
block 61 7
block 67 7
block 68 7
block 69 7
block 23 8
block 24 8
block 25 8
block 26 8
block 27 8
block 28 8
block 29 8
block 30 8
block 31 8
block 32 8
block 35 8
block 36 8
block 37 8
block 38 8
block 57 8
block 58 8
block 59 8
block 60 8
block 61 8
block 67 8
block 68 8
block 69 8
block 27 9
block 28 9
block 29 9
block 30 9
block 31 9
block 32 9
block 35 9
block 36 9
block 37 9
block 38 9
block 57 9
block 58 9
block 59 9
block 60 9
block 67 9
block 68 9
block 69 9
block 27 10
block 28 10
block 29 10
block 30 10
block 31 10
block 32 10
block 35 10
block 36 10
block 37 10
block 38 10
block 43 10
block 44 10
block 45 10
block 57 10
block 58 10
block 59 10
block 60 10
block 35 11
block 36 11
block 37 11
block 38 11
block 43 11
block 44 11
block 45 11
block 57 11
block 58 11
block 59 11
block 60 11
block 43 12
block 44 12
block 45 12
block 57 12
block 58 12
block 59 12
block 60 12
block 57 13
block 58 13
block 59 13
block 60 13
block 57 14
block 58 14
block 59 14
block 60 14
block 59 16
block 60 16
block 61 16
block 62 16
block 63 16
block 59 17
block 60 17
block 61 17
block 62 17
block 63 17
block 56 18
block 57 18
block 58 18
block 59 18
block 60 18
block 61 18
block 62 18
block 63 18
block 32 19
block 33 19
block 34 19
block 35 19
block 56 19
block 57 19
block 58 19
block 59 19
block 60 19
block 61 19
block 62 19
block 63 19
block 26 20
block 27 20
block 28 20
block 29 20
block 30 20
block 31 20
block 32 20
block 33 20
block 34 20
block 35 20
block 56 20
block 57 20
block 58 20
block 59 20
block 60 20
block 61 20
block 62 20
block 63 20
block 26 21
block 27 21
block 28 21
block 29 21
block 30 21
block 31 21
block 32 21
block 33 21
block 34 21
block 35 21
block 56 21
block 57 21
block 58 21
block 59 21
block 60 21
block 61 21
block 62 21
block 63 21
block 32 22
block 33 22
block 34 22
block 35 22
block 56 22
block 57 22
block 58 22
block 59 22
block 60 22
block 61 22
block 62 22
block 63 22
block 11 23
block 12 23
block 13 23
block 14 23
block 15 23
block 16 23
block 32 23
block 33 23
block 34 23
block 35 23
block 56 23
block 57 23
block 58 23
block 59 23
block 60 23
block 61 23
block 62 23
block 11 24
block 12 24
block 13 24
block 14 24
block 15 24
block 16 24
block 32 24
block 33 24
block 34 24
block 35 24
block 56 24
block 57 24
block 58 24
block 59 24
block 60 24
block 61 24
block 62 24
block 11 25
block 12 25
block 13 25
block 14 25
block 15 25
block 16 25
block 32 25
block 33 25
block 34 25
block 35 25
block 11 26
block 12 26
block 13 26
block 14 26
block 15 26
block 16 26
block 53 26
block 54 26
block 55 26
block 56 26
block 11 27
block 12 27
block 13 27
block 14 27
block 15 27
block 16 27
block 22 27
block 23 27
block 24 27
block 53 27
block 54 27
block 55 27
block 56 27
block 11 28
block 12 28
block 13 28
block 14 28
block 15 28
block 16 28
block 22 28
block 23 28
block 24 28
block 53 28
block 54 28
block 55 28
block 56 28
block 53 29
block 54 29
block 55 29
block 56 29
block 32 30
block 33 30
block 53 30
block 54 30
block 55 30
block 56 30
block 32 31
block 33 31
block 36 31
block 37 31
block 38 31
block 39 31
block 40 31
block 53 31
block 54 31
block 55 31
block 56 31
block 32 32
block 33 32
block 36 32
block 37 32
block 38 32
block 39 32
block 40 32
block 41 32
block 42 32
block 43 32
block 36 33
block 37 33
block 38 33
block 39 33
block 40 33
block 41 33
block 42 33
block 43 33
block 39 34
block 40 34
block 41 34
block 42 34
block 43 34
##BotsAndCoinsInfo
bot_name 0 starter-bot
bot 0 8 24
bot_coins 0 0
coin 12 33
coin 60 1
round 1
bot 0 9 25
round 2
bot 0 10 26
round 3
round 4
round 5
coin 17 24
coin 55 10
round 6
round 7
round 8
round 9
round 10
coin 30 25
coin 42 9
round 11
round 12
round 13
round 14
round 15
bot 0 9 25
coin 38 3
coin 34 31
round 16
bot 0 8 24
round 17
bot 0 7 23
round 18
bot 0 6 22
round 19
bot 0 5 21
round 20
bot 0 4 20
coin 53 3
coin 19 31
round 21
bot 0 5 20
round 22
bot 0 6 20
round 23
bot 0 7 20
round 24
bot 0 8 20
round 25
bot 0 9 20
coin 65 32
coin 7 2
round 26
bot 0 10 20
round 27
bot 0 11 20
round 28
bot 0 11 19
round 29
bot 0 11 18
round 30
bot 0 11 17
coin 33 7
coin 39 27
round 31
bot 0 11 16
round 32
bot 0 11 15
round 33
bot 0 11 14
round 34
bot 0 11 13
round 35
bot 0 11 12
coin 10 17
coin 64 17
round 36
bot 0 11 11
round 37
bot 0 11 10
round 38
round 39
round 40
coin 65 5
coin 7 29
round 41
round 42
round 43
round 44
round 45
coin 49 9
coin 23 25
round 46
round 47
bot 0 10 11
round 48
bot 0 9 12
round 49
bot 0 8 13
round 50
bot 0 7 14
coin 54 8
coin 18 26
round 51
bot 0 6 15
round 52
bot 0 5 16
round 53
bot 0 4 17
round 54
round 55
coin 69 23
coin 3 11
round 56
round 57
round 58
round 59
round 60
coin 72 16
coin 0 18
round 61
bot 0 3 17
round 62
bot 0 2 17
round 63
bot 0 1 17
round 64
bot 0 0 17
coin_collected 0 18 0
bot_coins 0 1
round 65
bot 0 72 17
coin_collected 72 16 0
bot_coins 0 2
coin 31 3
coin 41 31
round 66
bot 0 71 17
round 67
bot 0 70 17
round 68
bot 0 69 17
round 69
bot 0 68 17
round 70
bot 0 67 17
coin 29 26
coin 43 8
round 71
bot 0 66 17
round 72
bot 0 65 17
coin_collected 64 17 0
bot_coins 0 3
round 73
bot 0 64 17
round 74
round 75
coin 56 6
coin 16 29
round 76
round 77
round 78
round 79
round 80
coin 15 10
coin 57 25
round 81
round 82
round 83
round 84
round 85
bot 0 64 16
coin 57 32
coin 15 2
round 86
bot 0 64 15
round 87
bot 0 64 14
round 88
bot 0 64 13
round 89
bot 0 64 12
round 90
bot 0 64 11
coin 57 33
coin 15 1
round 91
bot 0 63 10
round 92
bot 0 62 9
round 93
round 94
round 95
coin 51 34
coin 21 0
round 96
round 97
round 98
bot 0 61 10
round 99
round 100
coin 37 5
coin 35 29
round 101
round 102
round 103
round 104
round 105
coin 52 7
coin 20 27
round 106
round 107
round 108
round 109
round 110
coin 12 14
coin 58 17
round 111
round 112
round 113
round 114
round 115
bot 0 61 9
coin 57 30
coin 15 4
round 116
round 117
round 118
round 119
round 120
coin 53 4
coin 19 30
round 121
round 122
round 123
round 124
round 125
coin 46 0
coin 26 34
round 126
round 127
round 128
bot 0 62 8
round 129
bot 0 63 7
round 130
bot 0 64 6
coin 28 1
coin 44 33
round 131
bot 0 65 5
coin_collected 65 5 0
bot_coins 0 4
round 132
bot 0 66 4
round 133
round 134
round 135
coin 26 0
coin 46 34
round 136
round 137
bot 0 65 5
round 138
bot 0 64 6
round 139
bot 0 63 7
round 140
bot 0 62 8
coin 65 14
coin 7 20
round 141
bot 0 61 9
round 142
round 143
round 144
round 145
coin 37 3
coin 35 31
round 146
round 147
round 148
round 149
round 150
coin 4 19
coin 68 15
round 151
round 152
round 153
round 154
bot 0 61 10
round 155
bot 0 61 11
coin 35 16
coin 37 18
round 156
bot 0 61 12
round 157
bot 0 61 13
round 158
bot 0 61 14
round 159
bot 0 61 15
round 160
coin 24 9
coin 48 25
round 161
round 162
bot 0 62 15
round 163
bot 0 63 15
round 164
bot 0 64 15
round 165
bot 0 65 15
coin_collected 65 14 0
bot_coins 0 5
coin 47 4
coin 25 30
round 166
bot 0 66 15
round 167
bot 0 67 15
coin_collected 68 15 0
bot_coins 0 6
round 168
bot 0 68 15
round 169
bot 0 69 15
round 170
bot 0 68 14
coin 64 19
coin 8 15
round 171
bot 0 67 13
round 172
bot 0 66 12
round 173
bot 0 65 11
round 174
bot 0 64 10
round 175
bot 0 63 9
coin 64 1
coin 8 33
round 176
round 177
round 178
round 179
round 180
coin 9 14
coin 64 20
round 181
round 182
round 183
round 184
round 185
coin 6 33
coin 66 1
round 186
round 187
round 188
round 189
round 190
coin 14 0
coin 58 34
round 191
round 192
round 193
round 194
bot 0 62 8
round 195
coin 2 28
coin 70 6
round 196
round 197
round 198
round 199
round 200
coin 43 29
coin 29 3
match_over 0
