match
match_id 1639407363163_cv
match_time 1639407363167
num_bots 1
##MatchConfig
mode FRIENDLY
num_rounds 200
random_seed 42
move_time_limit 1000
coin_spawn_period 5
coin_spawn_volume 2
##MapConfig
map_size 61 34
view_radius 5
mining_radius 1
attack_radius 4
block 13 0
block 14 0
block 15 0
block 16 0
block 17 0
block 18 0
block 19 0
block 30 0
block 31 0
block 32 0
block 33 0
block 34 0
block 35 0
block 46 0
block 47 0
block 48 0
block 49 0
block 50 0
block 51 0
block 52 0
block 54 1
block 55 1
block 54 2
block 55 2
block 54 3
block 55 3
block 48 4
block 49 4
block 50 4
block 51 4
block 54 4
block 55 4
block 32 5
block 33 5
block 34 5
block 35 5
block 36 5
block 37 5
block 48 5
block 49 5
block 50 5
block 51 5
block 54 5
block 55 5
block 32 6
block 33 6
block 34 6
block 35 6
block 36 6
block 37 6
block 48 6
block 49 6
block 50 6
block 51 6
block 54 6
block 55 6
block 12 7
block 13 7
block 32 7
block 33 7
block 34 7
block 35 7
block 36 7
block 37 7
block 48 7
block 49 7
block 50 7
block 51 7
block 5 8
block 6 8
block 7 8
block 8 8
block 9 8
block 10 8
block 11 8
block 12 8
block 13 8
block 32 8
block 33 8
block 34 8
block 35 8
block 36 8
block 37 8
block 40 8
block 41 8
block 42 8
block 43 8
block 44 8
block 48 8
block 49 8
block 50 8
block 51 8
block 5 9
block 6 9
block 7 9
block 8 9
block 9 9
block 10 9
block 11 9
block 12 9
block 32 9
block 33 9
block 34 9
block 35 9
block 36 9
block 37 9
block 40 9
block 41 9
block 42 9
block 43 9
block 44 9
block 48 9
block 49 9
block 50 9
block 51 9
block 5 10
block 6 10
block 7 10
block 8 10
block 9 10
block 10 10
block 11 10
block 12 10
block 13 10
block 14 10
block 32 10
block 33 10
block 34 10
block 35 10
block 36 10
block 37 10
block 40 10
block 41 10
block 42 10
block 43 10
block 44 10
block 48 10
block 49 10
block 50 10
block 51 10
block 5 11
block 6 11
block 7 11
block 8 11
block 9 11
block 10 11
block 11 11
block 13 11
block 14 11
block 32 11
block 33 11
block 34 11
block 35 11
block 36 11
block 37 11
block 12 12
block 13 12
block 14 12
block 15 12
block 16 12
block 17 12
block 18 12
block 12 13
block 13 13
block 14 13
block 15 13
block 16 13
block 17 13
block 18 13
block 29 13
block 30 13
block 31 13
block 12 14
block 13 14
block 14 14
block 15 14
block 16 14
block 17 14
block 18 14
block 29 14
block 30 14
block 31 14
block 12 15
block 13 15
block 14 15
block 15 15
block 16 15
block 17 15
block 18 15
block 1 16
block 2 16
block 3 16
block 11 16
block 12 16
block 13 16
block 14 16
block 15 16
block 16 16
block 17 16
block 18 16
block 19 16
block 20 16
block 21 16
block 1 17
block 2 17
block 3 17
block 11 17
block 12 17
block 19 17
block 20 17
block 21 17
block 11 18
block 12 18
block 19 18
block 20 18
block 21 18
block 11 19
block 12 19
block 19 19
block 20 19
block 21 19
block 19 20
block 20 20
block 21 20
block 22 20
block 23 20
block 24 20
block 25 20
block 36 20
block 37 20
block 38 20
block 39 20
block 40 20
block 41 20
block 42 20
block 45 20
block 46 20
block 47 20
block 48 20
block 49 20
block 22 21
block 23 21
block 24 21
block 25 21
block 36 21
block 37 21
block 38 21
block 39 21
block 40 21
block 41 21
block 42 21
block 45 21
block 46 21
block 47 21
block 48 21
block 49 21
block 22 22
block 23 22
block 24 22
block 25 22
block 36 22
block 37 22
block 38 22
block 39 22
block 40 22
block 41 22
block 42 22
block 45 22
block 46 22
block 47 22
block 48 22
block 49 22
block 0 23
block 1 23
block 14 23
block 15 23
block 16 23
block 17 23
block 18 23
block 19 23
block 22 23
block 23 23
block 24 23
block 25 23
block 36 23
block 37 23
block 38 23
block 39 23
block 40 23
block 41 23
block 42 23
block 45 23
block 46 23
block 47 23
block 48 23
block 49 23
block 60 23
block 0 24
block 1 24
block 14 24
block 15 24
block 16 24
block 17 24
block 18 24
block 19 24
block 36 24
block 37 24
block 38 24
block 39 24
block 40 24
block 41 24
block 42 24
block 48 24
block 49 24
block 53 24
block 54 24
block 55 24
block 60 24
block 0 25
block 1 25
block 14 25
block 15 25
block 16 25
block 17 25
block 18 25
block 19 25
block 50 25
block 51 25
block 52 25
block 53 25
block 54 25
block 55 25
block 60 25
block 0 26
block 1 26
block 14 26
block 15 26
block 16 26
block 17 26
block 18 26
block 19 26
block 50 26
block 51 26
block 52 26
block 53 26
block 54 26
block 55 26
block 60 26
block 0 27
block 1 27
block 14 27
block 15 27
block 16 27
block 17 27
block 18 27
block 19 27
block 42 27
block 43 27
block 44 27
block 45 27
block 46 27
block 47 27
block 50 27
block 51 27
block 52 27
block 53 27
block 54 27
block 55 27
block 60 27
block 14 28
block 15 28
block 16 28
block 17 28
block 18 28
block 19 28
block 42 28
block 43 28
block 44 28
block 45 28
block 46 28
block 47 28
block 50 28
block 51 28
block 52 28
block 53 28
block 54 28
block 55 28
block 13 29
block 14 29
block 15 29
block 16 29
block 17 29
block 18 29
block 19 29
block 42 29
block 43 29
block 44 29
block 45 29
block 46 29
block 47 29
block 50 29
block 51 29
block 52 29
block 53 29
block 54 29
block 55 29
block 13 30
block 14 30
block 15 30
block 16 30
block 17 30
block 18 30
block 19 30
block 42 30
block 43 30
block 44 30
block 45 30
block 46 30
block 47 30
block 53 30
block 54 30
block 55 30
block 13 31
block 14 31
block 15 31
block 16 31
block 17 31
block 18 31
block 19 31
block 42 31
block 43 31
block 44 31
block 45 31
block 46 31
block 47 31
block 13 32
block 14 32
block 15 32
block 16 32
block 17 32
block 18 32
block 19 32
block 30 32
block 31 32
block 32 32
block 33 32
block 34 32
block 35 32
block 46 32
block 47 32
block 48 32
block 49 32
block 50 32
block 51 32
block 52 32
block 13 33
block 14 33
block 15 33
block 16 33
block 17 33
block 18 33
block 19 33
block 30 33
block 31 33
block 32 33
block 33 33
block 34 33
block 35 33
block 46 33
block 47 33
block 48 33
block 49 33
block 50 33
block 51 33
block 52 33
##BotsAndCoinsInfo
bot_name 0 starter-bot
bot 0 31 23
bot_coins 0 0
coin 5 12
coin 55 21
round 1
bot 0 31 24
round 2
bot 0 31 25
round 3
bot 0 31 26
round 4
bot 0 31 27
round 5
bot 0 31 28
coin 25 12
coin 35 21
round 6
bot 0 31 29
round 7
bot 0 31 30
round 8
bot 0 31 31
round 9
bot 0 30 31
round 10
bot 0 29 31
coin 10 7
coin 49 26
round 11
bot 0 29 32
round 12
bot 0 29 33
round 13
bot 0 28 32
round 14
bot 0 28 31
round 15
bot 0 28 30
coin 55 12
coin 5 21
round 16
bot 0 28 29
round 17
bot 0 28 28
round 18
bot 0 28 27
round 19
bot 0 28 26
round 20
bot 0 28 25
coin 21 7
coin 39 26
round 21
bot 0 28 24
round 22
bot 0 28 23
round 23
bot 0 28 22
round 24
bot 0 28 21
round 25
bot 0 28 20
coin 38 12
coin 21 21
round 26
bot 0 28 19
round 27
bot 0 28 18
round 28
bot 0 28 17
round 29
bot 0 28 16
round 30
bot 0 28 15
coin 23 14
coin 37 19
round 31
bot 0 27 14
round 32
bot 0 26 13
round 33
bot 0 25 14
round 34
bot 0 24 13
round 35
bot 0 23 14
coin_collected 23 14 0
bot_coins 0 1
coin 22 14
coin 38 19
round 36
bot 0 23 13
round 37
bot 0 22 14
coin_collected 22 14 0
bot_coins 0 2
round 38
bot 0 23 13
round 39
bot 0 24 12
coin_collected 25 12 0
bot_coins 0 3
round 40
bot 0 24 11
coin 38 8
coin 22 25
round 41
bot 0 24 10
round 42
bot 0 23 9
round 43
bot 0 22 8
round 44
bot 0 21 7
coin_collected 21 7 0
bot_coins 0 4
round 45
bot 0 21 6
coin 41 15
coin 18 18
round 46
bot 0 21 5
round 47
bot 0 21 4
round 48
bot 0 21 3
round 49
bot 0 21 2
round 50
bot 0 21 1
coin 7 12
coin 53 21
round 51
bot 0 21 0
round 52
bot 0 20 1
round 53
bot 0 20 2
round 54
bot 0 20 3
round 55
bot 0 20 4
coin 55 33
coin 5 0
round 56
bot 0 20 5
round 57
bot 0 20 6
round 58
bot 0 20 7
round 59
bot 0 20 8
round 60
bot 0 20 9
coin 19 1
coin 41 32
round 61
bot 0 20 10
round 62
bot 0 20 11
round 63
bot 0 20 12
round 64
bot 0 20 13
round 65
bot 0 20 14
coin 19 21
coin 41 12
round 66
bot 0 19 15
round 67
round 68
round 69
round 70
coin 20 32
coin 40 1
round 71
round 72
bot 0 20 15
round 73
round 74
round 75
coin 50 14
coin 10 19
round 76
bot 0 21 14
round 77
bot 0 21 13
round 78
bot 0 21 12
round 79
bot 0 21 11
round 80
bot 0 21 10
coin 57 25
coin 3 8
round 81
bot 0 21 9
round 82
bot 0 21 8
round 83
bot 0 21 7
round 84
bot 0 21 6
round 85
bot 0 21 5
coin 38 27
coin 22 6
round 86
bot 0 20 4
round 87
bot 0 19 3
round 88
bot 0 18 2
round 89
bot 0 19 1
coin_collected 19 1 0
bot_coins 0 5
round 90
bot 0 18 1
coin 20 9
coin 40 25
round 91
bot 0 17 1
round 92
bot 0 16 1
round 93
bot 0 15 1
round 94
bot 0 14 1
round 95
bot 0 13 1
coin 38 2
coin 22 31
round 96
bot 0 12 1
round 97
bot 0 12 0
round 98
bot 0 11 1
round 99
bot 0 11 2
round 100
bot 0 11 3
coin 36 31
coin 24 2
round 101
bot 0 10 4
round 102
bot 0 9 5
round 103
bot 0 10 6
coin_collected 10 7 0
bot_coins 0 6
round 104
bot 0 10 7
round 105
bot 0 9 7
coin 48 29
coin 12 4
round 106
bot 0 8 7
round 107
bot 0 7 7
round 108
bot 0 6 7
round 109
bot 0 5 7
round 110
bot 0 4 7
coin 22 10
coin 38 25
round 111
bot 0 3 8
coin_collected 3 8 0
bot_coins 0 7
round 112
bot 0 4 9
round 113
round 114
round 115
coin 18 19
coin 42 14
round 116
round 117
bot 0 3 9
round 118
bot 0 4 10
round 119
round 120
coin 9 7
coin 51 24
round 121
round 122
bot 0 3 10
round 123
bot 0 4 11
round 124
bot 0 5 12
coin_collected 5 12 0
bot_coins 0 8
round 125
coin 47 8
coin 13 25
round 126
round 127
round 128
bot 0 5 13
round 129
bot 0 6 12
coin_collected 7 12 0
bot_coins 0 9
round 130
bot 0 6 13
coin 3 14
coin 57 19
round 131
bot 0 5 14
round 132
bot 0 4 13
round 133
bot 0 3 14
coin_collected 3 14 0
bot_coins 0 10
round 134
bot 0 3 15
round 135
bot 0 2 15
coin 36 19
coin 24 14
round 136
bot 0 1 15
round 137
bot 0 0 15
round 138
bot 0 0 16
round 139
bot 0 0 17
round 140
bot 0 1 18
coin 28 1
coin 32 31
round 141
bot 0 1 19
round 142
bot 0 1 20
round 143
bot 0 2 21
round 144
bot 0 3 20
round 145
bot 0 4 21
coin_collected 5 21 0
bot_coins 0 11
coin 24 24
coin 38 9
round 146
bot 0 4 22
round 147
bot 0 4 23
round 148
bot 0 4 24
round 149
bot 0 4 25
round 150
bot 0 4 26
coin 20 7
coin 40 26
round 151
bot 0 4 27
round 152
bot 0 4 28
round 153
bot 0 4 29
round 154
bot 0 4 30
round 155
bot 0 5 29
coin 47 9
coin 13 24
round 156
bot 0 5 30
round 157
bot 0 4 29
round 158
bot 0 4 30
round 159
bot 0 5 29
round 160
bot 0 5 30
coin 21 2
coin 39 31
round 161
bot 0 4 29
round 162
bot 0 4 30
round 163
bot 0 5 29
round 164
bot 0 5 30
round 165
bot 0 4 29
coin 51 11
coin 9 22
round 166
bot 0 5 29
round 167
bot 0 6 30
round 168
bot 0 5 29
round 169
bot 0 4 30
round 170
bot 0 3 31
coin 47 3
coin 12 30
round 171
bot 0 4 30
round 172
bot 0 5 29
round 173
round 174
bot 0 4 30
round 175
coin 17 7
coin 43 26
round 176
bot 0 3 31
round 177
bot 0 4 30
round 178
bot 0 3 29
round 179
bot 0 3 30
round 180
bot 0 4 29
coin 47 2
coin 12 31
round 181
bot 0 5 30
round 182
bot 0 5 31
round 183
bot 0 4 30
round 184
bot 0 3 31
round 185
bot 0 4 30
coin 22 7
coin 38 26
round 186
bot 0 5 30
round 187
bot 0 5 29
round 188
bot 0 5 28
round 189
bot 0 5 29
round 190
bot 0 4 28
coin 18 22
coin 42 11
round 191
bot 0 4 29
round 192
bot 0 4 30
round 193
bot 0 3 29
round 194
bot 0 3 30
round 195
bot 0 4 29
coin 56 13
coin 4 20
round 196
bot 0 4 30
round 197
bot 0 3 29
round 198
bot 0 3 30
round 199
bot 0 4 29
round 200
bot 0 5 30
coin 47 24
coin 13 9
match_over 0
