match
match_id 1639176243706_gy
match_time 1639176243710
num_bots 1
##MatchConfig
mode FRIENDLY
num_rounds 200
random_seed 42
move_time_limit 1000
coin_spawn_period 5
coin_spawn_volume 2
##MapConfig
map_size 72 37
view_radius 6
mining_radius 1
attack_radius 3
block 43 2
block 44 2
block 45 2
block 46 2
block 43 3
block 44 3
block 45 3
block 46 3
block 43 4
block 44 4
block 45 4
block 46 4
block 3 5
block 4 5
block 5 5
block 6 5
block 7 5
block 8 5
block 43 5
block 44 5
block 45 5
block 46 5
block 3 6
block 4 6
block 5 6
block 6 6
block 7 6
block 8 6
block 43 6
block 44 6
block 45 6
block 46 6
block 3 7
block 4 7
block 5 7
block 6 7
block 7 7
block 8 7
block 43 7
block 44 7
block 45 7
block 46 7
block 3 8
block 4 8
block 5 8
block 6 8
block 7 8
block 8 8
block 43 8
block 44 8
block 45 8
block 46 8
block 61 8
block 62 8
block 63 8
block 64 8
block 3 9
block 4 9
block 5 9
block 6 9
block 7 9
block 8 9
block 61 9
block 62 9
block 63 9
block 64 9
block 61 10
block 62 10
block 63 10
block 64 10
block 31 11
block 32 11
block 33 11
block 34 11
block 35 11
block 61 11
block 62 11
block 63 11
block 64 11
block 31 12
block 32 12
block 33 12
block 34 12
block 35 12
block 61 12
block 62 12
block 63 12
block 64 12
block 31 13
block 32 13
block 33 13
block 34 13
block 35 13
block 61 13
block 62 13
block 63 13
block 64 13
block 31 14
block 32 14
block 33 14
block 34 14
block 35 14
block 61 14
block 62 14
block 63 14
block 64 14
block 31 15
block 32 15
block 33 15
block 34 15
block 35 15
block 31 16
block 32 16
block 33 16
block 34 16
block 35 16
block 31 17
block 32 17
block 33 17
block 34 17
block 35 17
block 57 17
block 58 17
block 59 17
block 60 17
block 61 17
block 57 18
block 58 18
block 59 18
block 60 18
block 61 18
block 57 19
block 58 19
block 59 19
block 60 19
block 61 19
block 57 20
block 58 20
block 59 20
block 60 20
block 61 20
block 57 21
block 58 21
block 59 21
block 60 21
block 61 21
block 57 22
block 58 22
block 59 22
block 60 22
block 61 22
block 55 26
block 56 26
block 57 26
block 58 26
block 59 26
block 55 27
block 56 27
block 57 27
block 58 27
block 59 27
block 55 28
block 56 28
block 57 28
block 58 28
block 59 28
block 55 29
block 56 29
block 57 29
block 58 29
block 59 29
block 55 30
block 56 30
block 57 30
block 58 30
block 59 30
block 22 31
block 23 31
block 24 31
block 25 31
block 55 31
block 56 31
block 57 31
block 58 31
block 59 31
block 22 32
block 23 32
block 24 32
block 25 32
block 55 32
block 56 32
block 57 32
block 58 32
block 59 32
block 22 33
block 23 33
block 24 33
block 25 33
block 22 34
block 23 34
block 24 34
block 25 34
block 22 35
block 23 35
block 24 35
block 25 35
block 22 36
block 23 36
block 24 36
block 25 36
##BotsAndCoinsInfo
bot_name 0 starter-bot
bot 0 29 4
bot_coins 0 0
coin 26 14
coin 45 22
round 1
bot 0 29 5
round 2
bot 0 29 6
round 3
bot 0 29 7
round 4
bot 0 29 8
round 5
bot 0 29 9
coin 0 10
coin 71 26
round 6
bot 0 29 10
round 7
bot 0 29 11
round 8
bot 0 29 12
round 9
bot 0 29 13
round 10
bot 0 29 14
coin 18 8
coin 53 28
round 11
bot 0 29 15
round 12
bot 0 29 16
round 13
bot 0 29 17
round 14
bot 0 29 18
round 15
bot 0 29 19
coin 41 14
coin 30 22
round 16
bot 0 29 20
round 17
bot 0 29 21
round 18
bot 0 29 22
coin_collected 30 22 0
bot_coins 0 1
round 19
bot 0 29 23
round 20
bot 0 29 24
coin 7 0
coin 64 36
round 21
bot 0 29 25
round 22
bot 0 29 26
round 23
bot 0 29 27
round 24
bot 0 29 28
round 25
bot 0 29 29
coin 38 21
coin 30 15
round 26
bot 0 29 30
round 27
bot 0 29 31
round 28
bot 0 29 32
round 29
bot 0 29 33
round 30
bot 0 29 34
coin 60 16
coin 11 20
round 31
bot 0 29 35
round 32
bot 0 29 36
round 33
bot 0 29 0
round 34
bot 0 28 36
round 35
bot 0 28 35
coin 44 9
coin 27 27
round 36
bot 0 28 34
round 37
bot 0 28 33
round 38
bot 0 28 32
round 39
bot 0 28 31
round 40
bot 0 28 30
coin 24 14
coin 47 22
round 41
bot 0 28 29
round 42
bot 0 28 28
round 43
bot 0 28 27
coin_collected 27 27 0
bot_coins 0 2
round 44
bot 0 28 26
round 45
bot 0 28 25
coin 55 1
coin 16 35
round 46
bot 0 28 24
round 47
bot 0 28 23
round 48
bot 0 28 22
round 49
bot 0 28 21
round 50
bot 0 28 20
coin 32 36
coin 39 0
round 51
bot 0 28 19
round 52
bot 0 28 18
round 53
bot 0 28 17
round 54
bot 0 28 16
round 55
bot 0 28 15
coin 26 25
coin 45 11
round 56
bot 0 28 14
round 57
bot 0 28 13
round 58
bot 0 28 12
round 59
bot 0 28 11
round 60
bot 0 28 10
coin 59 16
coin 12 20
round 61
bot 0 28 9
round 62
bot 0 28 8
round 63
bot 0 28 7
round 64
bot 0 28 6
round 65
bot 0 28 5
coin 70 0
coin 1 36
round 66
bot 0 28 4
round 67
bot 0 28 3
round 68
bot 0 28 2
round 69
bot 0 28 1
round 70
bot 0 28 0
coin 19 16
coin 52 20
round 71
bot 0 27 1
round 72
bot 0 27 2
round 73
bot 0 27 3
round 74
bot 0 27 4
round 75
bot 0 27 5
coin 58 33
coin 13 3
round 76
bot 0 27 6
round 77
bot 0 27 7
round 78
bot 0 27 8
round 79
bot 0 27 9
round 80
bot 0 27 10
coin 38 26
coin 33 10
round 81
bot 0 27 11
round 82
bot 0 27 12
round 83
bot 0 27 13
round 84
bot 0 27 14
coin_collected 26 14 0
bot_coins 0 3
round 85
bot 0 27 15
coin 65 23
coin 6 13
round 86
bot 0 27 16
round 87
bot 0 27 17
round 88
bot 0 27 18
round 89
bot 0 27 19
round 90
bot 0 27 20
coin 12 31
coin 59 5
round 91
bot 0 27 21
round 92
bot 0 27 22
round 93
bot 0 27 23
round 94
bot 0 27 24
round 95
bot 0 27 25
coin_collected 26 25 0
bot_coins 0 4
coin 25 16
coin 46 20
round 96
bot 0 27 26
round 97
bot 0 27 27
round 98
bot 0 27 28
round 99
bot 0 27 29
round 100
bot 0 27 30
coin 59 24
coin 12 12
round 101
bot 0 27 31
round 102
bot 0 27 32
round 103
bot 0 27 33
round 104
bot 0 27 34
round 105
bot 0 27 35
coin 0 26
coin 71 10
round 106
bot 0 27 36
round 107
bot 0 27 0
round 108
bot 0 26 36
round 109
bot 0 26 35
round 110
bot 0 26 34
coin 23 22
coin 48 14
round 111
bot 0 26 33
round 112
bot 0 26 32
round 113
bot 0 26 31
round 114
bot 0 26 30
round 115
bot 0 26 29
coin 31 2
coin 40 34
round 116
bot 0 26 28
round 117
bot 0 26 27
round 118
bot 0 26 26
round 119
bot 0 26 25
round 120
bot 0 26 24
coin 37 20
coin 34 18
round 121
bot 0 26 23
round 122
bot 0 26 22
round 123
bot 0 26 21
round 124
bot 0 26 20
round 125
bot 0 26 19
coin 49 22
coin 22 14
round 126
bot 0 26 18
round 127
bot 0 26 17
round 128
bot 0 26 16
coin_collected 25 16 0
bot_coins 0 5
round 129
bot 0 26 15
round 130
bot 0 26 14
coin 62 26
coin 9 10
round 131
bot 0 26 13
round 132
bot 0 26 12
round 133
bot 0 26 11
round 134
bot 0 26 10
round 135
bot 0 26 9
coin 8 36
coin 63 0
round 136
bot 0 26 8
round 137
bot 0 26 7
round 138
bot 0 26 6
round 139
bot 0 26 5
round 140
bot 0 26 4
coin 1 29
coin 70 7
round 141
bot 0 26 3
round 142
bot 0 26 2
round 143
bot 0 26 1
round 144
bot 0 26 0
round 145
bot 0 25 1
coin 21 34
coin 50 2
round 146
bot 0 25 2
round 147
bot 0 25 3
round 148
bot 0 25 4
round 149
bot 0 25 5
round 150
bot 0 25 6
coin 1 12
coin 70 24
round 151
bot 0 25 7
round 152
bot 0 25 8
round 153
bot 0 25 9
round 154
bot 0 25 10
round 155
bot 0 25 11
coin 56 18
coin 15 18
round 156
bot 0 25 12
round 157
bot 0 25 13
round 158
bot 0 25 14
coin_collected 24 14 0
bot_coins 0 6
round 159
bot 0 25 15
round 160
bot 0 25 16
coin 62 22
coin 9 14
round 161
bot 0 25 17
round 162
bot 0 25 18
round 163
bot 0 25 19
round 164
bot 0 25 20
round 165
bot 0 25 21
coin 14 10
coin 57 25
round 166
bot 0 25 22
round 167
bot 0 25 23
round 168
bot 0 25 24
round 169
bot 0 25 25
round 170
bot 0 25 26
coin 39 19
coin 32 18
round 171
bot 0 25 27
round 172
bot 0 25 28
round 173
bot 0 25 29
round 174
bot 0 25 30
round 175
coin 46 21
coin 25 15
round 176
round 177
round 178
round 179
round 180
coin 13 18
coin 58 16
round 181
round 182
round 183
round 184
round 185
coin 61 31
coin 10 5
round 186
round 187
round 188
round 189
round 190
coin 50 20
coin 21 16
round 191
round 192
round 193
round 194
round 195
coin 65 27
coin 6 10
round 196
round 197
round 198
round 199
round 200
coin 48 31
coin 23 5
match_over 0
