match
match_id 1639175770196_gc
match_time 1639175770199
num_bots 1
##MatchConfig
mode FRIENDLY
num_rounds 200
random_seed 42
move_time_limit 1000
coin_spawn_period 5
coin_spawn_volume 2
##MapConfig
map_size 76 29
view_radius 5
mining_radius 2
attack_radius 3
block 67 1
block 68 1
block 69 1
block 70 1
block 71 1
block 72 1
block 73 1
block 19 2
block 20 2
block 21 2
block 67 2
block 68 2
block 69 2
block 70 2
block 71 2
block 72 2
block 73 2
block 3 3
block 4 3
block 5 3
block 6 3
block 7 3
block 8 3
block 19 3
block 20 3
block 21 3
block 67 3
block 68 3
block 69 3
block 70 3
block 71 3
block 72 3
block 73 3
block 3 4
block 4 4
block 5 4
block 6 4
block 7 4
block 8 4
block 19 4
block 20 4
block 21 4
block 67 4
block 68 4
block 69 4
block 70 4
block 71 4
block 72 4
block 73 4
block 3 5
block 4 5
block 5 5
block 6 5
block 7 5
block 8 5
block 19 5
block 20 5
block 21 5
block 61 5
block 62 5
block 63 5
block 64 5
block 65 5
block 66 5
block 67 5
block 68 5
block 69 5
block 70 5
block 71 5
block 72 5
block 73 5
block 3 6
block 4 6
block 5 6
block 6 6
block 7 6
block 8 6
block 19 6
block 20 6
block 21 6
block 61 6
block 62 6
block 63 6
block 64 6
block 65 6
block 66 6
block 67 6
block 68 6
block 69 6
block 70 6
block 71 6
block 72 6
block 73 6
block 3 7
block 4 7
block 5 7
block 6 7
block 7 7
block 8 7
block 13 7
block 14 7
block 19 7
block 20 7
block 21 7
block 67 7
block 68 7
block 69 7
block 70 7
block 71 7
block 72 7
block 73 7
block 3 8
block 4 8
block 5 8
block 6 8
block 7 8
block 8 8
block 13 8
block 14 8
block 13 9
block 14 9
block 35 9
block 36 9
block 37 9
block 38 9
block 39 9
block 23 10
block 24 10
block 25 10
block 26 10
block 35 10
block 36 10
block 37 10
block 38 10
block 39 10
block 23 11
block 24 11
block 25 11
block 26 11
block 35 11
block 36 11
block 37 11
block 38 11
block 39 11
block 42 11
block 43 11
block 44 11
block 23 12
block 24 12
block 25 12
block 26 12
block 35 12
block 36 12
block 37 12
block 38 12
block 39 12
block 42 12
block 43 12
block 44 12
block 35 13
block 36 13
block 37 13
block 38 13
block 39 13
block 5 16
block 6 16
block 7 16
block 8 16
block 9 16
block 10 16
block 5 17
block 6 17
block 7 17
block 8 17
block 9 17
block 10 17
block 5 18
block 6 18
block 7 18
block 8 18
block 9 18
block 10 18
block 11 19
block 12 19
block 13 19
block 14 19
block 11 20
block 12 20
block 13 20
block 14 20
block 11 21
block 12 21
block 13 21
block 14 21
##BotsAndCoinsInfo
bot_name 0 starter-bot
bot 0 0 13
bot_coins 0 0
coin 26 9
coin 49 19
round 1
bot 0 0 14
round 2
bot 0 0 15
round 3
bot 0 0 16
round 4
bot 0 0 17
round 5
bot 0 0 18
coin 12 15
coin 63 13
round 6
bot 0 0 19
round 7
bot 0 0 20
round 8
bot 0 0 21
round 9
bot 0 0 22
round 10
bot 0 0 23
coin 6 23
coin 69 8
round 11
bot 0 0 24
round 12
bot 0 0 25
round 13
bot 0 0 26
round 14
bot 0 0 27
round 15
bot 0 0 28
coin 25 8
coin 50 20
round 16
bot 0 0 0
round 17
bot 0 75 28
round 18
bot 0 75 27
round 19
bot 0 75 26
round 20
bot 0 75 25
coin 51 25
coin 24 3
round 21
bot 0 75 24
round 22
bot 0 75 23
round 23
bot 0 75 22
round 24
bot 0 75 21
round 25
bot 0 75 20
coin 42 22
coin 33 6
round 26
bot 0 75 19
round 27
bot 0 75 18
round 28
bot 0 75 17
round 29
bot 0 75 16
round 30
bot 0 75 15
coin 12 16
coin 63 12
round 31
bot 0 75 14
round 32
bot 0 75 13
round 33
bot 0 75 12
round 34
bot 0 75 11
round 35
bot 0 75 10
coin 64 20
coin 11 8
round 36
bot 0 75 9
round 37
bot 0 75 8
round 38
bot 0 75 7
round 39
bot 0 75 6
round 40
bot 0 75 5
coin 68 0
coin 7 28
round 41
bot 0 75 4
round 42
bot 0 75 3
round 43
bot 0 75 2
round 44
bot 0 75 1
round 45
bot 0 75 0
coin 11 2
coin 64 26
round 46
bot 0 74 1
round 47
bot 0 74 2
round 48
bot 0 74 3
round 49
bot 0 74 4
round 50
bot 0 74 5
coin 40 27
coin 35 1
round 51
bot 0 74 6
round 52
bot 0 74 7
round 53
bot 0 74 8
round 54
bot 0 74 9
round 55
bot 0 74 10
coin 54 19
coin 21 9
round 56
bot 0 74 11
round 57
bot 0 74 12
round 58
bot 0 74 13
round 59
bot 0 74 14
round 60
bot 0 74 15
coin 47 19
coin 28 9
round 61
bot 0 74 16
round 62
bot 0 74 17
round 63
bot 0 74 18
round 64
bot 0 74 19
round 65
bot 0 74 20
coin 6 9
coin 69 19
round 66
bot 0 74 21
round 67
bot 0 74 22
round 68
bot 0 74 23
round 69
bot 0 74 24
round 70
bot 0 74 25
coin 67 11
coin 8 19
round 71
bot 0 74 26
round 72
bot 0 74 27
round 73
bot 0 74 28
round 74
bot 0 74 0
round 75
bot 0 73 28
coin 38 1
coin 37 27
round 76
bot 0 73 27
round 77
bot 0 73 26
round 78
bot 0 73 25
round 79
bot 0 73 24
round 80
bot 0 73 23
coin 62 16
coin 13 12
round 81
bot 0 73 22
round 82
bot 0 73 21
round 83
bot 0 73 20
round 84
bot 0 73 19
round 85
bot 0 73 18
coin 26 8
coin 49 20
round 86
bot 0 73 17
round 87
bot 0 73 16
round 88
bot 0 73 15
round 89
bot 0 73 14
round 90
bot 0 73 13
coin 60 27
coin 15 1
round 91
bot 0 73 12
round 92
bot 0 73 11
round 93
bot 0 73 10
round 94
bot 0 73 9
round 95
bot 0 73 8
coin 1 22
coin 74 6
round 96
round 97
round 98
round 99
round 100
coin 27 22
coin 48 6
round 101
round 102
round 103
round 104
round 105
coin 75 23
coin 0 5
round 106
round 107
round 108
round 109
round 110
coin 31 15
coin 44 13
round 111
round 112
round 113
round 114
round 115
coin 63 0
coin 12 28
round 116
round 117
round 118
round 119
round 120
coin 17 14
coin 58 14
round 121
round 122
round 123
round 124
round 125
coin 53 2
coin 22 26
round 126
round 127
round 128
round 129
round 130
coin 66 10
coin 9 19
round 131
round 132
round 133
round 134
round 135
coin 4 19
coin 71 9
round 136
round 137
round 138
round 139
round 140
coin 57 22
coin 18 6
round 141
round 142
round 143
round 144
round 145
coin 45 5
coin 30 23
round 146
round 147
round 148
round 149
round 150
coin 9 6
coin 66 22
round 151
round 152
round 153
round 154
round 155
coin 0 20
coin 75 8
round 156
coin_collected 75 8 0
bot_coins 0 1
round 157
round 158
round 159
round 160
coin 26 13
coin 49 15
round 161
round 162
round 163
round 164
round 165
coin 58 25
coin 17 3
round 166
round 167
round 168
round 169
round 170
coin 15 5
coin 60 23
round 171
round 172
round 173
round 174
round 175
coin 34 18
coin 41 10
round 176
round 177
round 178
round 179
round 180
coin 60 5
coin 15 23
round 181
round 182
round 183
round 184
round 185
coin 57 24
coin 18 4
round 186
round 187
round 188
round 189
round 190
coin 18 7
coin 57 21
round 191
round 192
round 193
round 194
round 195
coin 45 11
coin 30 17
round 196
round 197
round 198
round 199
round 200
coin 4 2
coin 71 26
match_over 0
