match
match_id 1639214188921_le
match_time 1639214188924
num_bots 1
##MatchConfig
mode FRIENDLY
num_rounds 200
random_seed 42
move_time_limit 1000
coin_spawn_period 5
coin_spawn_volume 2
##MapConfig
map_size 69 30
view_radius 6
mining_radius 1
attack_radius 4
block 24 0
block 25 0
block 26 0
block 33 0
block 34 0
block 35 0
block 36 0
block 58 0
block 59 0
block 60 0
block 61 0
block 62 0
block 63 0
block 24 1
block 25 1
block 26 1
block 33 1
block 34 1
block 35 1
block 36 1
block 58 1
block 59 1
block 60 1
block 61 1
block 62 1
block 63 1
block 33 2
block 34 2
block 35 2
block 36 2
block 33 3
block 34 3
block 35 3
block 36 3
block 4 4
block 5 4
block 6 4
block 7 4
block 8 4
block 4 5
block 5 5
block 6 5
block 7 5
block 8 5
block 55 5
block 56 5
block 57 5
block 58 5
block 59 5
block 4 6
block 5 6
block 6 6
block 7 6
block 8 6
block 55 6
block 56 6
block 57 6
block 58 6
block 59 6
block 55 7
block 56 7
block 57 7
block 58 7
block 59 7
block 55 8
block 56 8
block 57 8
block 58 8
block 59 8
block 55 9
block 56 9
block 57 9
block 58 9
block 59 9
block 6 10
block 7 10
block 14 10
block 15 10
block 16 10
block 17 10
block 18 10
block 19 10
block 55 10
block 56 10
block 57 10
block 58 10
block 59 10
block 6 11
block 7 11
block 14 11
block 15 11
block 16 11
block 17 11
block 18 11
block 19 11
block 55 11
block 56 11
block 57 11
block 58 11
block 59 11
block 14 12
block 15 12
block 16 12
block 17 12
block 18 12
block 19 12
block 44 12
block 45 12
block 46 12
block 47 12
block 48 12
block 58 12
block 59 12
block 14 13
block 15 13
block 16 13
block 17 13
block 18 13
block 19 13
block 44 13
block 45 13
block 46 13
block 47 13
block 48 13
block 56 13
block 57 13
block 58 13
block 59 13
block 44 14
block 45 14
block 46 14
block 47 14
block 48 14
block 56 14
block 57 14
block 58 14
block 59 14
block 44 15
block 45 15
block 46 15
block 47 15
block 48 15
block 58 15
block 59 15
block 44 16
block 45 16
block 46 16
block 47 16
block 48 16
block 50 17
block 51 17
block 50 18
block 51 18
block 50 19
block 51 19
block 1 20
block 2 20
block 3 20
block 4 20
block 50 20
block 51 20
block 1 21
block 2 21
block 3 21
block 4 21
block 50 21
block 51 21
block 1 22
block 2 22
block 3 22
block 4 22
block 59 22
block 60 22
block 61 22
block 62 22
block 1 23
block 2 23
block 3 23
block 4 23
block 59 23
block 60 23
block 61 23
block 62 23
block 36 24
block 37 24
block 38 24
block 39 24
block 40 24
block 41 24
block 42 24
block 43 24
block 59 24
block 60 24
block 61 24
block 62 24
block 36 25
block 37 25
block 38 25
block 39 25
block 40 25
block 41 25
block 42 25
block 43 25
block 58 25
block 59 25
block 60 25
block 61 25
block 62 25
block 63 25
block 36 26
block 37 26
block 38 26
block 39 26
block 40 26
block 58 26
block 59 26
block 60 26
block 61 26
block 62 26
block 63 26
block 36 27
block 37 27
block 38 27
block 39 27
block 40 27
block 58 27
block 59 27
block 60 27
block 61 27
block 62 27
block 63 27
block 58 28
block 59 28
block 60 28
block 61 28
block 62 28
block 63 28
block 24 29
block 25 29
block 26 29
block 33 29
block 34 29
block 35 29
block 36 29
block 58 29
block 59 29
block 60 29
block 61 29
block 62 29
block 63 29
##BotsAndCoinsInfo
bot_name 0 starter-bot
bot 0 27 15
bot_coins 0 0
coin 29 3
coin 39 28
round 1
bot 0 27 16
round 2
bot 0 27 17
round 3
bot 0 27 18
round 4
bot 0 27 19
round 5
bot 0 27 20
coin 9 14
coin 59 16
round 6
bot 0 27 21
round 7
bot 0 27 22
round 8
bot 0 27 23
round 9
bot 0 27 24
round 10
bot 0 27 25
coin 30 25
coin 38 4
round 11
bot 0 27 26
round 12
bot 0 27 27
round 13
bot 0 27 28
round 14
bot 0 27 29
round 15
bot 0 26 28
coin 5 8
coin 63 21
round 16
bot 0 26 27
round 17
bot 0 26 26
round 18
bot 0 26 25
round 19
bot 0 26 24
round 20
bot 0 26 23
coin 7 23
coin 61 6
round 21
bot 0 26 22
round 22
bot 0 26 21
round 23
bot 0 26 20
round 24
bot 0 26 19
round 25
bot 0 26 18
coin 23 2
coin 45 27
round 26
bot 0 26 17
round 27
bot 0 26 16
round 28
bot 0 26 15
round 29
bot 0 26 14
round 30
bot 0 26 13
coin 49 12
coin 19 17
round 31
bot 0 26 12
round 32
bot 0 26 11
round 33
bot 0 26 10
round 34
bot 0 26 9
round 35
bot 0 26 8
coin 59 2
coin 9 27
round 36
bot 0 26 7
round 37
bot 0 26 6
round 38
bot 0 26 5
round 39
bot 0 26 4
round 40
bot 0 26 3
coin 32 0
coin 36 28
round 41
bot 0 26 2
round 42
round 43
round 44
round 45
coin 46 29
coin 22 0
round 46
round 47
round 48
round 49
round 50
coin 14 14
coin 54 15
round 51
round 52
round 53
round 54
round 55
coin 23 3
coin 45 26
round 56
round 57
round 58
round 59
round 60
coin 26 21
coin 42 8
round 61
round 62
round 63
round 64
round 65
coin 64 28
coin 4 1
round 66
round 67
round 68
round 69
round 70
coin 60 6
coin 8 23
round 71
round 72
round 73
round 74
round 75
coin 43 6
coin 25 23
round 76
round 77
round 78
round 79
round 80
coin 65 5
coin 3 24
round 81
round 82
round 83
round 84
round 85
coin 62 17
coin 6 12
round 86
round 87
round 88
round 89
round 90
coin 42 13
coin 26 16
round 91
round 92
round 93
round 94
round 95
coin 7 24
coin 61 5
round 96
round 97
round 98
round 99
round 100
coin 32 25
coin 36 4
round 101
round 102
round 103
round 104
round 105
coin 14 7
coin 54 22
round 106
round 107
round 108
round 109
round 110
coin 41 23
coin 27 6
round 111
round 112
round 113
round 114
round 115
coin 37 5
coin 31 24
round 116
round 117
round 118
round 119
round 120
coin 25 13
coin 43 16
round 121
round 122
round 123
round 124
round 125
coin 37 20
coin 31 9
round 126
round 127
round 128
round 129
round 130
coin 32 16
coin 36 13
round 131
round 132
round 133
round 134
round 135
coin 68 10
coin 0 19
round 136
round 137
round 138
round 139
round 140
coin 28 19
coin 40 10
round 141
round 142
round 143
round 144
round 145
coin 9 3
coin 57 26
round 146
round 147
round 148
round 149
round 150
coin 4 29
coin 64 0
round 151
round 152
round 153
round 154
round 155
coin 62 2
coin 6 27
round 156
round 157
round 158
round 159
round 160
coin 43 14
coin 25 15
round 161
round 162
round 163
round 164
round 165
coin 35 19
coin 33 10
round 166
round 167
round 168
round 169
round 170
coin 42 9
coin 26 20
round 171
round 172
round 173
round 174
round 175
coin 40 11
coin 28 18
round 176
round 177
round 178
round 179
round 180
coin 67 19
coin 1 10
round 181
round 182
round 183
round 184
round 185
coin 58 23
coin 10 6
round 186
round 187
round 188
round 189
round 190
coin 53 10
coin 15 19
round 191
round 192
round 193
round 194
round 195
coin 24 3
coin 44 26
round 196
round 197
round 198
round 199
round 200
coin 15 4
coin 53 25
match_over 0
