match
match_id 1639216649247_nn
match_time 1639216649251
num_bots 1
##MatchConfig
mode FRIENDLY
num_rounds 200
random_seed 42
move_time_limit 1000
coin_spawn_period 5
coin_spawn_volume 2
##MapConfig
map_size 75 36
view_radius 5
mining_radius 1
attack_radius 4
block 20 0
block 21 0
block 0 1
block 1 1
block 2 1
block 3 1
block 73 1
block 74 1
block 0 2
block 1 2
block 2 2
block 3 2
block 73 2
block 74 2
block 0 3
block 1 3
block 2 3
block 3 3
block 73 3
block 74 3
block 0 4
block 1 4
block 2 4
block 3 4
block 18 4
block 19 4
block 20 4
block 67 4
block 68 4
block 69 4
block 70 4
block 71 4
block 72 4
block 73 4
block 74 4
block 0 5
block 1 5
block 2 5
block 3 5
block 18 5
block 19 5
block 20 5
block 67 5
block 68 5
block 69 5
block 70 5
block 71 5
block 72 5
block 73 5
block 74 5
block 0 6
block 1 6
block 2 6
block 3 6
block 18 6
block 19 6
block 20 6
block 67 6
block 68 6
block 69 6
block 70 6
block 71 6
block 72 6
block 73 6
block 74 6
block 0 7
block 1 7
block 2 7
block 3 7
block 18 7
block 19 7
block 20 7
block 67 7
block 68 7
block 69 7
block 70 7
block 71 7
block 72 7
block 73 7
block 74 7
block 18 8
block 19 8
block 20 8
block 67 8
block 68 8
block 69 8
block 70 8
block 71 8
block 72 8
block 73 8
block 40 12
block 41 12
block 42 12
block 43 12
block 44 12
block 45 12
block 46 12
block 40 13
block 41 13
block 42 13
block 43 13
block 44 13
block 45 13
block 46 13
block 27 14
block 28 14
block 29 14
block 30 14
block 31 14
block 32 14
block 33 14
block 40 14
block 41 14
block 42 14
block 43 14
block 44 14
block 45 14
block 46 14
block 27 15
block 28 15
block 29 15
block 30 15
block 31 15
block 32 15
block 33 15
block 40 15
block 41 15
block 42 15
block 43 15
block 44 15
block 45 15
block 46 15
block 47 15
block 48 15
block 49 15
block 40 16
block 41 16
block 42 16
block 43 16
block 44 16
block 45 16
block 46 16
block 47 16
block 48 16
block 49 16
block 1 17
block 2 17
block 3 17
block 4 17
block 5 17
block 6 17
block 40 17
block 41 17
block 42 17
block 43 17
block 44 17
block 45 17
block 46 17
block 47 17
block 48 17
block 49 17
block 0 18
block 1 18
block 2 18
block 3 18
block 4 18
block 5 18
block 6 18
block 40 18
block 41 18
block 42 18
block 43 18
block 44 18
block 45 18
block 46 18
block 0 19
block 1 19
block 2 19
block 3 19
block 4 19
block 5 19
block 6 19
block 0 20
block 1 20
block 2 20
block 3 20
block 4 20
block 5 20
block 6 20
block 0 21
block 1 21
block 2 21
block 3 21
block 4 21
block 5 21
block 6 21
block 0 22
block 1 22
block 2 22
block 3 22
block 4 22
block 5 22
block 6 22
block 19 22
block 20 22
block 21 22
block 22 22
block 23 22
block 24 22
block 25 22
block 0 23
block 1 23
block 2 23
block 3 23
block 4 23
block 5 23
block 6 23
block 19 23
block 20 23
block 21 23
block 22 23
block 23 23
block 24 23
block 25 23
block 0 24
block 1 24
block 2 24
block 3 24
block 4 24
block 5 24
block 6 24
block 19 24
block 20 24
block 21 24
block 22 24
block 23 24
block 24 24
block 25 24
block 2 25
block 3 25
block 4 25
block 5 25
block 19 25
block 20 25
block 21 25
block 22 25
block 23 25
block 24 25
block 25 25
block 45 25
block 46 25
block 47 25
block 48 25
block 55 25
block 56 25
block 2 26
block 3 26
block 4 26
block 5 26
block 45 26
block 46 26
block 47 26
block 48 26
block 55 26
block 56 26
block 55 27
block 56 27
block 36 28
block 37 28
block 38 28
block 39 28
block 40 28
block 41 28
block 55 28
block 56 28
block 15 29
block 16 29
block 17 29
block 18 29
block 19 29
block 36 29
block 37 29
block 38 29
block 39 29
block 40 29
block 41 29
block 55 29
block 56 29
block 15 30
block 16 30
block 17 30
block 18 30
block 19 30
block 36 30
block 37 30
block 38 30
block 39 30
block 40 30
block 41 30
block 15 31
block 16 31
block 17 31
block 18 31
block 19 31
block 15 32
block 16 32
block 17 32
block 18 32
block 19 32
block 15 33
block 16 33
block 17 33
block 18 33
block 19 33
block 15 34
block 16 34
block 17 34
block 18 34
block 19 34
block 20 34
block 21 34
block 32 34
block 33 34
block 34 34
block 35 34
block 20 35
block 21 35
block 32 35
block 33 35
block 34 35
block 35 35
##BotsAndCoinsInfo
bot_name 0 starter-bot
bot 0 49 4
bot_coins 0 0
coin 5 3
coin 69 32
round 1
bot 0 49 5
round 2
bot 0 49 6
round 3
bot 0 49 7
round 4
bot 0 49 8
round 5
bot 0 49 9
coin 48 8
coin 26 27
round 6
bot 0 49 10
round 7
bot 0 49 11
round 8
bot 0 49 12
round 9
bot 0 49 13
round 10
bot 0 49 14
coin 45 24
coin 29 11
round 11
round 12
round 13
round 14
round 15
coin 5 2
coin 69 33
round 16
round 17
round 18
round 19
round 20
coin 20 29
coin 54 6
round 21
round 22
round 23
round 24
round 25
coin 32 26
coin 42 9
round 26
round 27
round 28
round 29
round 30
coin 51 0
coin 23 35
round 31
round 32
round 33
round 34
round 35
coin 26 32
coin 48 3
round 36
round 37
round 38
round 39
round 40
coin 6 6
coin 68 29
round 41
round 42
round 43
round 44
round 45
coin 43 19
coin 31 16
round 46
round 47
round 48
round 49
round 50
coin 50 31
coin 24 4
round 51
round 52
round 53
round 54
round 55
coin 26 33
coin 48 2
round 56
round 57
round 58
round 59
round 60
coin 68 9
coin 6 26
round 61
round 62
round 63
round 64
round 65
coin 55 22
coin 19 13
round 66
round 67
round 68
round 69
round 70
coin 37 31
coin 37 4
round 71
round 72
round 73
round 74
round 75
coin 55 12
coin 18 23
round 76
round 77
round 78
round 79
round 80
coin 5 5
coin 69 30
round 81
round 82
round 83
round 84
round 85
match_over 0
coin 17 23
coin 57 12
round 86
