match
match_id 1639180961420_jj
match_time 1639180961422
num_bots 1
##MatchConfig
mode FRIENDLY
num_rounds 200
random_seed 42
move_time_limit 1000
coin_spawn_period 5
coin_spawn_volume 2
##MapConfig
map_size 73 20
view_radius 6
mining_radius 2
attack_radius 3
block 4 0
block 5 0
block 6 0
block 36 0
block 37 0
block 45 0
block 46 0
block 47 0
block 48 0
block 49 0
block 50 0
block 67 0
block 68 0
block 69 0
block 70 0
block 4 1
block 5 1
block 6 1
block 26 1
block 27 1
block 28 1
block 29 1
block 30 1
block 31 1
block 32 1
block 33 1
block 36 1
block 37 1
block 38 1
block 39 1
block 40 1
block 41 1
block 42 1
block 43 1
block 44 1
block 45 1
block 46 1
block 47 1
block 48 1
block 49 1
block 50 1
block 60 1
block 61 1
block 62 1
block 67 1
block 68 1
block 69 1
block 70 1
block 1 2
block 2 2
block 3 2
block 4 2
block 5 2
block 6 2
block 7 2
block 8 2
block 26 2
block 27 2
block 28 2
block 29 2
block 30 2
block 31 2
block 32 2
block 33 2
block 36 2
block 37 2
block 38 2
block 39 2
block 40 2
block 41 2
block 42 2
block 43 2
block 44 2
block 45 2
block 46 2
block 47 2
block 48 2
block 49 2
block 50 2
block 60 2
block 61 2
block 62 2
block 67 2
block 68 2
block 69 2
block 70 2
block 1 3
block 2 3
block 3 3
block 4 3
block 5 3
block 6 3
block 7 3
block 8 3
block 26 3
block 27 3
block 28 3
block 29 3
block 30 3
block 31 3
block 32 3
block 33 3
block 36 3
block 37 3
block 38 3
block 39 3
block 40 3
block 41 3
block 42 3
block 43 3
block 44 3
block 45 3
block 46 3
block 47 3
block 48 3
block 49 3
block 50 3
block 60 3
block 61 3
block 62 3
block 1 4
block 2 4
block 3 4
block 4 4
block 5 4
block 6 4
block 26 4
block 27 4
block 28 4
block 29 4
block 30 4
block 31 4
block 32 4
block 33 4
block 36 4
block 37 4
block 38 4
block 39 4
block 40 4
block 41 4
block 42 4
block 43 4
block 44 4
block 45 4
block 46 4
block 47 4
block 48 4
block 49 4
block 50 4
block 60 4
block 61 4
block 62 4
block 63 4
block 64 4
block 65 4
block 66 4
block 1 5
block 2 5
block 3 5
block 4 5
block 5 5
block 6 5
block 37 5
block 38 5
block 39 5
block 40 5
block 41 5
block 42 5
block 43 5
block 45 5
block 46 5
block 47 5
block 48 5
block 49 5
block 50 5
block 63 5
block 64 5
block 65 5
block 66 5
block 1 6
block 2 6
block 3 6
block 4 6
block 5 6
block 6 6
block 37 6
block 38 6
block 39 6
block 40 6
block 41 6
block 42 6
block 43 6
block 44 6
block 45 6
block 46 6
block 47 6
block 48 6
block 49 6
block 50 6
block 63 6
block 64 6
block 65 6
block 66 6
block 37 7
block 38 7
block 40 7
block 41 7
block 42 7
block 43 7
block 44 7
block 45 7
block 46 7
block 47 7
block 48 7
block 40 8
block 41 8
block 42 8
block 43 8
block 44 8
block 45 8
block 46 8
block 47 8
block 48 8
block 13 9
block 14 9
block 15 9
block 16 9
block 17 9
block 40 9
block 41 9
block 42 9
block 43 9
block 44 9
block 45 9
block 46 9
block 47 9
block 48 9
block 13 10
block 14 10
block 15 10
block 16 10
block 17 10
block 40 10
block 41 10
block 42 10
block 43 10
block 44 10
block 45 10
block 46 10
block 47 10
block 48 10
block 60 10
block 61 10
block 62 10
block 63 10
block 64 10
block 65 10
block 66 10
block 0 11
block 24 11
block 25 11
block 26 11
block 40 11
block 41 11
block 42 11
block 43 11
block 44 11
block 45 11
block 46 11
block 47 11
block 48 11
block 60 11
block 61 11
block 62 11
block 63 11
block 64 11
block 65 11
block 66 11
block 68 11
block 69 11
block 70 11
block 71 11
block 72 11
block 0 12
block 24 12
block 25 12
block 26 12
block 27 12
block 28 12
block 29 12
block 30 12
block 43 12
block 44 12
block 45 12
block 46 12
block 47 12
block 48 12
block 60 12
block 61 12
block 62 12
block 63 12
block 64 12
block 65 12
block 66 12
block 68 12
block 69 12
block 70 12
block 71 12
block 72 12
block 0 13
block 26 13
block 27 13
block 28 13
block 29 13
block 30 13
block 34 13
block 35 13
block 36 13
block 37 13
block 38 13
block 60 13
block 61 13
block 62 13
block 63 13
block 64 13
block 65 13
block 66 13
block 68 13
block 69 13
block 70 13
block 71 13
block 72 13
block 0 14
block 2 14
block 3 14
block 4 14
block 5 14
block 6 14
block 26 14
block 27 14
block 28 14
block 29 14
block 30 14
block 34 14
block 35 14
block 36 14
block 37 14
block 38 14
block 68 14
block 69 14
block 70 14
block 71 14
block 72 14
block 0 15
block 2 15
block 3 15
block 4 15
block 5 15
block 6 15
block 26 15
block 27 15
block 28 15
block 29 15
block 30 15
block 34 15
block 35 15
block 36 15
block 37 15
block 38 15
block 68 15
block 69 15
block 70 15
block 71 15
block 72 15
block 0 16
block 11 16
block 12 16
block 13 16
block 26 16
block 27 16
block 28 16
block 29 16
block 30 16
block 34 16
block 35 16
block 36 16
block 37 16
block 38 16
block 42 16
block 43 16
block 44 16
block 68 16
block 69 16
block 70 16
block 71 16
block 72 16
block 11 17
block 12 17
block 13 17
block 34 17
block 35 17
block 36 17
block 37 17
block 38 17
block 42 17
block 43 17
block 44 17
block 11 18
block 12 18
block 13 18
block 42 18
block 43 18
block 44 18
block 67 18
block 68 18
block 69 18
block 70 18
block 4 19
block 5 19
block 6 19
block 11 19
block 12 19
block 13 19
block 67 19
block 68 19
block 69 19
block 70 19
##BotsAndCoinsInfo
bot_name 0 starter-bot
bot 0 56 18
bot_coins 0 0
coin 12 3
coin 60 16
round 1
bot 0 56 19
round 2
bot 0 55 18
round 3
bot 0 55 17
round 4
bot 0 55 16
round 5
bot 0 55 15
coin 16 4
coin 56 15
round 6
bot 0 55 14
coin_collected 56 15 0
bot_coins 0 1
round 7
bot 0 55 13
round 8
bot 0 55 12
round 9
bot 0 55 11
round 10
bot 0 55 10
coin 30 5
coin 42 14
round 11
bot 0 55 9
round 12
bot 0 55 8
round 13
bot 0 55 7
round 14
bot 0 55 6
round 15
bot 0 55 5
coin 38 18
coin 34 1
round 16
bot 0 55 4
round 17
bot 0 55 3
round 18
bot 0 55 2
round 19
bot 0 55 1
round 20
bot 0 55 0
coin 53 13
coin 19 6
round 21
bot 0 54 1
round 22
bot 0 54 2
round 23
bot 0 54 3
round 24
bot 0 54 4
round 25
bot 0 54 5
coin 65 2
coin 7 17
round 26
bot 0 54 6
round 27
bot 0 54 7
round 28
bot 0 54 8
round 29
bot 0 54 9
round 30
bot 0 54 10
coin 31 12
coin 39 7
round 31
bot 0 54 11
round 32
bot 0 54 12
coin_collected 53 13 0
bot_coins 0 2
round 33
bot 0 54 13
round 34
bot 0 54 14
round 35
bot 0 54 15
coin 10 12
coin 62 7
round 36
bot 0 54 16
round 37
bot 0 54 17
round 38
bot 0 54 18
round 39
bot 0 54 19
round 40
bot 0 53 18
coin 65 9
coin 7 10
round 41
bot 0 53 17
round 42
bot 0 53 16
round 43
bot 0 53 15
round 44
bot 0 53 14
round 45
bot 0 53 13
coin 49 9
coin 23 10
round 46
bot 0 53 12
round 47
bot 0 53 11
round 48
bot 0 53 10
round 49
bot 0 53 9
round 50
bot 0 53 8
coin 54 3
coin 18 16
round 51
bot 0 53 7
round 52
bot 0 53 6
round 53
bot 0 53 5
round 54
bot 0 53 4
coin_collected 54 3 0
bot_coins 0 3
round 55
bot 0 53 3
coin 67 13
coin 5 7
round 56
bot 0 53 2
round 57
bot 0 53 1
round 58
bot 0 53 0
round 59
bot 0 52 1
round 60
bot 0 52 2
coin 72 1
coin 0 18
round 61
bot 0 52 3
round 62
bot 0 52 4
round 63
bot 0 52 5
round 64
bot 0 52 6
round 65
bot 0 52 7
coin 31 18
coin 41 0
round 66
bot 0 52 8
round 67
bot 0 52 9
round 68
bot 0 52 10
round 69
bot 0 52 11
round 70
bot 0 52 12
coin 29 6
coin 43 13
round 71
bot 0 52 13
round 72
bot 0 52 14
round 73
bot 0 52 15
round 74
bot 0 52 16
round 75
bot 0 52 17
coin 56 16
coin 16 3
round 76
bot 0 52 18
round 77
bot 0 52 19
round 78
bot 0 51 18
round 79
bot 0 51 17
round 80
bot 0 51 16
coin 15 5
coin 57 14
round 81
bot 0 51 15
round 82
bot 0 51 14
round 83
bot 0 51 13
round 84
bot 0 51 12
round 85
bot 0 51 11
coin 57 7
coin 15 12
round 86
bot 0 51 10
round 87
bot 0 51 9
coin_collected 49 9 0
bot_coins 0 4
round 88
bot 0 51 8
round 89
bot 0 51 7
round 90
bot 0 51 6
coin 57 13
coin 15 6
round 91
bot 0 51 5
round 92
bot 0 51 4
round 93
bot 0 51 3
round 94
bot 0 51 2
round 95
bot 0 51 1
coin 51 4
coin 21 15
round 96
bot 0 51 0
round 97
bot 0 51 1
round 98
bot 0 51 2
coin_collected 51 4 0
bot_coins 0 5
round 99
bot 0 51 3
round 100
bot 0 51 4
coin 36 5
coin 36 12
round 101
bot 0 51 5
round 102
bot 0 51 6
round 103
bot 0 51 7
round 104
bot 0 50 8
round 105
bot 0 50 9
coin 52 17
coin 20 2
round 106
bot 0 50 10
round 107
bot 0 50 11
round 108
bot 0 50 12
round 109
bot 0 50 13
round 110
bot 0 50 14
coin 12 14
coin 60 5
round 111
bot 0 50 15
round 112
bot 0 50 16
round 113
bot 0 50 17
coin_collected 52 17 0
bot_coins 0 6
round 114
bot 0 50 18
round 115
bot 0 50 19
coin 55 15
coin 17 4
round 116
bot 0 49 18
round 117
bot 0 49 17
round 118
bot 0 49 16
round 119
bot 0 49 15
round 120
bot 0 49 14
coin 53 3
coin 19 16
round 121
bot 0 49 13
round 122
bot 0 49 12
round 123
bot 0 49 11
round 124
bot 0 49 10
round 125
bot 0 49 9
coin 46 19
coin 26 0
round 126
bot 0 49 8
round 127
bot 0 49 7
round 128
round 129
round 130
coin 28 17
coin 44 0
round 131
round 132
round 133
round 134
round 135
coin 26 10
coin 49 9
round 136
coin_collected 49 9 0
bot_coins 0 7
round 137
round 138
round 139
round 140
coin 65 19
coin 7 0
round 141
round 142
round 143
round 144
round 145
coin 35 3
coin 37 18
round 146
round 147
round 148
round 149
round 150
coin 4 18
coin 66 1
round 151
round 152
round 153
round 154
round 155
coin 35 1
coin 36 18
round 156
round 157
round 158
round 159
round 160
coin 24 14
coin 50 7
round 161
coin_collected 50 7 0
bot_coins 0 8
round 162
round 163
round 164
round 165
coin 47 19
coin 25 0
round 166
round 167
round 168
round 169
round 170
coin 63 19
coin 9 0
round 171
round 172
round 173
round 174
round 175
coin 64 1
coin 8 18
round 176
round 177
round 178
round 179
round 180
coin 9 9
coin 63 9
round 181
round 182
round 183
round 184
round 185
coin 6 13
coin 66 7
round 186
round 187
round 188
round 189
round 190
coin 14 0
coin 58 19
round 191
round 192
round 193
round 194
round 195
coin 2 13
coin 70 6
round 196
round 197
round 198
round 199
round 200
coin 43 14
coin 29 5
match_over 0
