match
match_id 1639171566002_dj
match_time 1639171566005
num_bots 1
##MatchConfig
mode FRIENDLY
num_rounds 200
random_seed 42
move_time_limit 1000
coin_spawn_period 5
coin_spawn_volume 2
##MapConfig
map_size 75 32
view_radius 5
mining_radius 1
attack_radius 3
block 33 0
block 34 0
block 68 0
block 69 0
block 70 0
block 30 1
block 31 1
block 32 1
block 33 1
block 68 1
block 69 1
block 70 1
block 30 2
block 31 2
block 32 2
block 33 2
block 66 2
block 67 2
block 68 2
block 69 2
block 70 2
block 30 3
block 31 3
block 32 3
block 33 3
block 66 3
block 67 3
block 68 3
block 69 3
block 70 3
block 30 4
block 31 4
block 32 4
block 33 4
block 66 4
block 67 4
block 68 4
block 69 4
block 70 4
block 30 5
block 31 5
block 32 5
block 33 5
block 66 5
block 67 5
block 11 6
block 12 6
block 13 6
block 14 6
block 15 6
block 16 6
block 17 6
block 26 6
block 27 6
block 30 6
block 31 6
block 32 6
block 33 6
block 43 6
block 44 6
block 45 6
block 46 6
block 62 6
block 63 6
block 64 6
block 65 6
block 66 6
block 67 6
block 68 6
block 11 7
block 12 7
block 13 7
block 14 7
block 15 7
block 16 7
block 17 7
block 26 7
block 27 7
block 43 7
block 44 7
block 45 7
block 46 7
block 62 7
block 63 7
block 64 7
block 65 7
block 66 7
block 67 7
block 68 7
block 11 8
block 12 8
block 13 8
block 14 8
block 15 8
block 16 8
block 17 8
block 26 8
block 27 8
block 43 8
block 44 8
block 45 8
block 46 8
block 62 8
block 63 8
block 64 8
block 65 8
block 66 8
block 67 8
block 68 8
block 11 9
block 12 9
block 13 9
block 14 9
block 15 9
block 16 9
block 17 9
block 26 9
block 27 9
block 34 9
block 35 9
block 36 9
block 37 9
block 38 9
block 39 9
block 43 9
block 44 9
block 45 9
block 46 9
block 34 10
block 35 10
block 36 10
block 37 10
block 38 10
block 39 10
block 43 10
block 44 10
block 45 10
block 46 10
block 65 10
block 66 10
block 67 10
block 68 10
block 69 10
block 70 10
block 71 10
block 34 11
block 35 11
block 36 11
block 37 11
block 38 11
block 39 11
block 65 11
block 66 11
block 67 11
block 68 11
block 69 11
block 70 11
block 71 11
block 65 12
block 66 12
block 67 12
block 68 12
block 69 12
block 70 12
block 71 12
block 24 13
block 25 13
block 26 13
block 27 13
block 28 13
block 29 13
block 36 13
block 37 13
block 38 13
block 39 13
block 65 13
block 66 13
block 67 13
block 68 13
block 69 13
block 70 13
block 71 13
block 24 14
block 25 14
block 26 14
block 27 14
block 28 14
block 29 14
block 36 14
block 37 14
block 38 14
block 39 14
block 59 14
block 60 14
block 65 14
block 66 14
block 67 14
block 68 14
block 69 14
block 70 14
block 71 14
block 24 15
block 25 15
block 26 15
block 27 15
block 28 15
block 29 15
block 36 15
block 37 15
block 38 15
block 39 15
block 59 15
block 60 15
block 65 15
block 66 15
block 67 15
block 68 15
block 69 15
block 70 15
block 71 15
block 24 16
block 25 16
block 26 16
block 27 16
block 28 16
block 29 16
block 31 16
block 32 16
block 33 16
block 34 16
block 35 16
block 36 16
block 37 16
block 38 16
block 39 16
block 59 16
block 60 16
block 70 16
block 71 16
block 24 17
block 25 17
block 26 17
block 27 17
block 28 17
block 29 17
block 31 17
block 32 17
block 33 17
block 34 17
block 35 17
block 36 17
block 37 17
block 38 17
block 39 17
block 40 17
block 41 17
block 42 17
block 43 17
block 44 17
block 45 17
block 59 17
block 60 17
block 70 17
block 71 17
block 24 18
block 25 18
block 26 18
block 27 18
block 28 18
block 29 18
block 31 18
block 32 18
block 33 18
block 34 18
block 35 18
block 36 18
block 37 18
block 38 18
block 39 18
block 40 18
block 41 18
block 42 18
block 43 18
block 44 18
block 45 18
block 59 18
block 60 18
block 70 18
block 71 18
block 24 19
block 25 19
block 26 19
block 27 19
block 28 19
block 29 19
block 36 19
block 37 19
block 38 19
block 39 19
block 59 19
block 60 19
block 63 19
block 64 19
block 65 19
block 66 19
block 67 19
block 68 19
block 69 19
block 70 19
block 71 19
block 20 20
block 21 20
block 22 20
block 23 20
block 63 20
block 64 20
block 65 20
block 66 20
block 67 20
block 68 20
block 69 20
block 20 21
block 21 21
block 22 21
block 23 21
block 63 21
block 64 21
block 65 21
block 66 21
block 67 21
block 68 21
block 69 21
block 72 21
block 73 21
block 74 21
block 20 22
block 21 22
block 22 22
block 23 22
block 37 22
block 38 22
block 39 22
block 40 22
block 41 22
block 42 22
block 43 22
block 63 22
block 64 22
block 65 22
block 66 22
block 67 22
block 68 22
block 69 22
block 72 22
block 73 22
block 74 22
block 20 23
block 21 23
block 22 23
block 23 23
block 37 23
block 38 23
block 39 23
block 40 23
block 41 23
block 42 23
block 43 23
block 63 23
block 64 23
block 65 23
block 66 23
block 67 23
block 68 23
block 69 23
block 20 24
block 21 24
block 22 24
block 23 24
block 37 24
block 38 24
block 39 24
block 40 24
block 41 24
block 42 24
block 43 24
block 63 24
block 64 24
block 65 24
block 66 24
block 67 24
block 68 24
block 69 24
block 20 25
block 21 25
block 22 25
block 23 25
block 34 25
block 35 25
block 36 25
block 37 25
block 38 25
block 39 25
block 40 25
block 41 25
block 42 25
block 43 25
block 62 25
block 63 25
block 64 25
block 65 25
block 20 26
block 21 26
block 22 26
block 23 26
block 33 26
block 34 26
block 35 26
block 36 26
block 37 26
block 38 26
block 39 26
block 40 26
block 41 26
block 42 26
block 43 26
block 62 26
block 63 26
block 64 26
block 65 26
block 33 27
block 34 27
block 35 27
block 36 27
block 37 27
block 38 27
block 39 27
block 40 27
block 41 27
block 42 27
block 43 27
block 62 27
block 63 27
block 64 27
block 65 27
block 24 28
block 25 28
block 33 28
block 34 28
block 35 28
block 36 28
block 37 28
block 38 28
block 39 28
block 40 28
block 41 28
block 42 28
block 43 28
block 62 28
block 63 28
block 64 28
block 65 28
block 24 29
block 25 29
block 33 29
block 34 29
block 35 29
block 36 29
block 37 29
block 39 29
block 40 29
block 41 29
block 42 29
block 43 29
block 33 30
block 34 30
block 35 30
block 36 30
block 37 30
block 68 30
block 69 30
block 70 30
block 33 31
block 34 31
block 35 31
block 36 31
block 37 31
block 68 31
block 69 31
block 70 31
##BotsAndCoinsInfo
bot_name 0 starter-bot
bot 0 0 30
bot_coins 0 0
coin 5 1
coin 69 29
round 1
bot 0 0 31
round 2
bot 0 0 0
round 3
bot 0 0 1
round 4
bot 0 0 2
round 5
bot 0 0 3
coin 48 1
coin 26 30
round 6
bot 0 0 4
round 7
bot 0 0 5
round 8
bot 0 0 6
round 9
bot 0 0 7
round 10
bot 0 0 8
coin 45 30
coin 29 1
round 11
bot 0 0 9
round 12
bot 0 0 10
round 13
bot 0 0 11
round 14
bot 0 0 12
round 15
bot 0 0 13
coin 5 22
coin 69 9
round 16
bot 0 0 14
round 17
bot 0 0 15
round 18
bot 0 0 16
round 19
bot 0 0 17
round 20
bot 0 0 18
coin 19 2
coin 55 29
round 21
bot 0 0 19
round 22
bot 0 0 20
round 23
bot 0 0 21
round 24
bot 0 0 22
round 25
bot 0 0 23
coin 32 14
coin 42 16
round 26
bot 0 0 24
round 27
bot 0 0 25
round 28
bot 0 0 26
round 29
bot 0 0 27
round 30
bot 0 0 28
coin 51 12
coin 23 19
round 31
bot 0 0 29
round 32
bot 0 0 30
round 33
bot 0 0 31
round 34
bot 0 0 0
round 35
bot 0 0 1
coin 26 22
coin 48 9
round 36
bot 0 0 2
round 37
bot 0 0 3
round 38
bot 0 0 4
round 39
bot 0 0 5
round 40
bot 0 0 6
coin 6 24
coin 69 7
round 41
bot 0 0 7
round 42
bot 0 0 8
round 43
bot 0 0 9
round 44
bot 0 0 10
round 45
bot 0 0 11
coin 43 31
coin 31 0
round 46
bot 0 0 12
round 47
bot 0 0 13
round 48
bot 0 0 14
round 49
bot 0 0 15
round 50
bot 0 0 16
coin 50 4
coin 24 27
round 51
bot 0 0 17
round 52
bot 0 0 18
round 53
bot 0 0 19
round 54
bot 0 0 20
round 55
bot 0 0 21
coin 26 12
coin 48 19
round 56
bot 0 0 22
round 57
bot 0 0 23
round 58
bot 0 0 24
round 59
bot 0 0 25
round 60
bot 0 0 26
coin 68 29
coin 6 2
round 61
bot 0 0 27
round 62
bot 0 0 28
round 63
bot 0 0 29
round 64
bot 0 0 30
round 65
bot 0 0 31
coin 55 25
coin 19 6
round 66
bot 0 0 0
round 67
bot 0 0 1
round 68
bot 0 0 2
round 69
bot 0 0 3
round 70
bot 0 0 4
coin 37 4
coin 38 29
round 71
bot 0 0 5
round 72
bot 0 0 6
round 73
bot 0 0 7
round 74
bot 0 0 8
round 75
bot 0 0 9
coin 55 10
coin 19 21
round 76
bot 0 0 10
round 77
bot 0 0 11
round 78
bot 0 0 12
round 79
bot 0 0 13
round 80
bot 0 0 14
coin 5 8
coin 70 23
round 81
bot 0 0 15
round 82
bot 0 0 16
round 83
bot 0 0 17
round 84
bot 0 0 18
round 85
bot 0 0 19
coin 17 11
coin 57 20
round 86
bot 0 0 20
round 87
bot 0 0 21
round 88
bot 0 0 22
round 89
bot 0 0 23
round 90
bot 0 0 24
coin 12 5
coin 61 26
round 91
bot 0 0 25
round 92
bot 0 0 26
round 93
bot 0 0 27
round 94
bot 0 0 28
round 95
bot 0 0 29
coin 13 10
coin 61 21
round 96
bot 0 0 30
round 97
bot 0 0 31
round 98
bot 0 0 0
round 99
bot 0 0 1
round 100
bot 0 0 2
coin 29 20
coin 45 11
round 101
bot 0 0 3
round 102
bot 0 0 4
round 103
bot 0 0 5
round 104
bot 0 0 6
round 105
bot 0 0 7
coin 23 2
coin 51 29
round 106
bot 0 0 8
round 107
bot 0 0 9
round 108
bot 0 0 10
round 109
bot 0 0 11
round 110
bot 0 0 12
coin 50 2
coin 23 29
round 111
bot 0 0 13
round 112
bot 0 0 14
round 113
bot 0 0 15
round 114
bot 0 0 16
round 115
bot 0 0 17
coin 7 25
coin 68 5
round 116
bot 0 0 18
round 117
bot 0 0 19
round 118
bot 0 0 20
round 119
bot 0 0 21
round 120
bot 0 0 22
coin 7 10
coin 70 21
round 121
bot 0 0 23
round 122
bot 0 0 24
round 123
bot 0 0 25
round 124
bot 0 0 26
round 125
bot 0 0 27
coin 42 6
coin 32 25
round 126
bot 0 0 28
round 127
bot 0 0 29
round 128
bot 0 0 30
round 129
bot 0 0 31
round 130
bot 0 0 0
coin 8 0
coin 66 31
round 131
bot 0 0 1
round 132
bot 0 0 2
round 133
bot 0 0 3
round 134
bot 0 0 4
round 135
bot 0 0 5
coin 35 24
coin 39 7
round 136
bot 0 0 6
round 137
bot 0 0 7
round 138
bot 0 0 8
round 139
bot 0 0 9
round 140
bot 0 0 10
coin 13 2
coin 61 29
round 141
bot 0 0 11
round 142
bot 0 0 12
round 143
bot 0 0 13
round 144
bot 0 0 14
round 145
bot 0 0 15
coin 35 19
coin 39 12
round 146
bot 0 0 16
round 147
bot 0 0 17
round 148
bot 0 0 18
round 149
bot 0 0 19
round 150
bot 0 0 20
coin 22 27
coin 52 4
round 151
bot 0 0 21
round 152
bot 0 0 22
round 153
bot 0 0 23
round 154
bot 0 0 24
round 155
bot 0 0 25
coin 2 7
coin 72 24
round 156
bot 0 0 26
round 157
bot 0 0 27
round 158
bot 0 0 28
round 159
bot 0 0 29
round 160
bot 0 0 30
coin 44 19
coin 30 12
round 161
bot 0 0 31
round 162
bot 0 0 0
round 163
bot 0 0 1
round 164
bot 0 0 2
round 165
bot 0 0 3
coin 23 6
coin 51 25
round 166
bot 0 0 4
round 167
bot 0 0 5
round 168
bot 0 0 6
round 169
bot 0 0 7
round 170
bot 0 0 8
coin 0 12
coin 74 19
round 171
bot 0 0 9
round 172
bot 0 0 10
round 173
bot 0 0 11
coin_collected 0 12 0
bot_coins 0 1
round 174
bot 0 0 12
round 175
bot 0 0 13
coin 40 4
coin 32 27
round 176
bot 0 0 14
round 177
bot 0 0 15
round 178
bot 0 0 16
round 179
bot 0 0 17
round 180
bot 0 0 18
coin 28 12
coin 46 19
round 181
bot 0 0 19
coin_collected 74 19 0
bot_coins 0 2
round 182
bot 0 0 20
round 183
bot 0 0 21
round 184
bot 0 0 22
round 185
bot 0 0 23
coin 73 20
coin 1 11
round 186
bot 0 0 24
round 187
bot 0 0 25
round 188
bot 0 0 26
round 189
bot 0 0 27
round 190
bot 0 0 28
coin 11 22
coin 63 9
round 191
bot 0 0 29
round 192
bot 0 0 30
round 193
bot 0 0 31
round 194
bot 0 0 0
round 195
bot 0 0 1
coin 50 30
coin 24 1
round 196
bot 0 0 2
round 197
bot 0 0 3
round 198
bot 0 0 4
round 199
bot 0 0 5
round 200
bot 0 0 6
coin 0 17
coin 74 14
match_over 0
