match
match_id 1639415031992_ep
match_time 1639415032007
num_bots 1
##MatchConfig
mode FRIENDLY
num_rounds 200
random_seed 42
move_time_limit 1000
coin_spawn_period 5
coin_spawn_volume 2
##MapConfig
map_size 66 29
view_radius 6
mining_radius 1
attack_radius 3
block 30 0
block 31 0
block 32 0
block 33 0
block 34 0
block 35 0
block 36 0
block 42 0
block 43 0
block 44 0
block 45 0
block 46 0
block 47 0
block 48 0
block 49 0
block 50 0
block 30 1
block 31 1
block 32 1
block 33 1
block 34 1
block 35 1
block 36 1
block 42 1
block 43 1
block 44 1
block 45 1
block 46 1
block 47 1
block 48 1
block 49 1
block 50 1
block 10 2
block 11 2
block 12 2
block 13 2
block 14 2
block 30 2
block 31 2
block 32 2
block 33 2
block 34 2
block 35 2
block 36 2
block 45 2
block 46 2
block 47 2
block 48 2
block 49 2
block 50 2
block 10 3
block 11 3
block 12 3
block 13 3
block 14 3
block 30 3
block 31 3
block 32 3
block 33 3
block 34 3
block 35 3
block 36 3
block 45 3
block 46 3
block 47 3
block 48 3
block 49 3
block 50 3
block 60 3
block 61 3
block 62 3
block 63 3
block 10 4
block 11 4
block 12 4
block 13 4
block 14 4
block 30 4
block 31 4
block 32 4
block 33 4
block 34 4
block 35 4
block 36 4
block 45 4
block 46 4
block 47 4
block 48 4
block 49 4
block 50 4
block 51 4
block 52 4
block 53 4
block 60 4
block 61 4
block 62 4
block 63 4
block 10 5
block 11 5
block 12 5
block 13 5
block 14 5
block 30 5
block 31 5
block 32 5
block 33 5
block 34 5
block 35 5
block 36 5
block 49 5
block 50 5
block 51 5
block 52 5
block 53 5
block 60 5
block 61 5
block 62 5
block 63 5
block 10 6
block 11 6
block 12 6
block 13 6
block 14 6
block 60 6
block 61 6
block 62 6
block 63 6
block 10 7
block 11 7
block 12 7
block 13 7
block 14 7
block 60 7
block 61 7
block 62 7
block 63 7
block 10 8
block 11 8
block 12 8
block 13 8
block 14 8
block 60 8
block 61 8
block 62 8
block 63 8
block 60 9
block 61 9
block 62 9
block 63 9
block 47 13
block 48 13
block 49 13
block 50 13
block 2 14
block 3 14
block 4 14
block 5 14
block 6 14
block 7 14
block 32 14
block 33 14
block 47 14
block 48 14
block 49 14
block 50 14
block 2 15
block 3 15
block 4 15
block 5 15
block 6 15
block 7 15
block 32 15
block 33 15
block 2 16
block 3 16
block 4 16
block 5 16
block 6 16
block 7 16
block 32 16
block 33 16
block 2 17
block 3 17
block 4 17
block 5 17
block 6 17
block 7 17
block 12 17
block 13 17
block 32 17
block 33 17
block 12 18
block 13 18
block 32 18
block 33 18
block 56 18
block 57 18
block 58 18
block 59 18
block 60 18
block 61 18
block 62 18
block 12 19
block 13 19
block 32 19
block 33 19
block 56 19
block 57 19
block 58 19
block 59 19
block 60 19
block 61 19
block 62 19
block 12 20
block 13 20
block 32 20
block 33 20
block 56 20
block 57 20
block 58 20
block 59 20
block 60 20
block 61 20
block 62 20
block 12 21
block 13 21
block 56 21
block 57 21
block 58 21
block 59 21
block 60 21
block 61 21
block 62 21
block 12 22
block 13 22
block 14 22
block 15 22
block 16 22
block 24 22
block 25 22
block 56 22
block 57 22
block 58 22
block 59 22
block 60 22
block 61 22
block 62 22
block 14 23
block 15 23
block 16 23
block 18 23
block 19 23
block 20 23
block 21 23
block 22 23
block 24 23
block 25 23
block 56 23
block 57 23
block 58 23
block 59 23
block 60 23
block 61 23
block 62 23
block 14 24
block 15 24
block 16 24
block 18 24
block 19 24
block 20 24
block 21 24
block 22 24
block 56 24
block 57 24
block 58 24
block 59 24
block 60 24
block 61 24
block 62 24
block 14 25
block 15 25
block 16 25
block 18 25
block 19 25
block 20 25
block 21 25
block 22 25
block 42 25
block 43 25
block 44 25
block 45 25
block 46 25
block 47 25
block 48 25
block 56 25
block 57 25
block 58 25
block 59 25
block 14 26
block 15 26
block 16 26
block 42 26
block 43 26
block 44 26
block 45 26
block 46 26
block 47 26
block 48 26
block 56 26
block 57 26
block 58 26
block 59 26
block 42 27
block 43 27
block 44 27
block 45 27
block 46 27
block 47 27
block 48 27
block 49 27
block 50 27
block 56 27
block 57 27
block 58 27
block 59 27
block 30 28
block 31 28
block 32 28
block 33 28
block 34 28
block 35 28
block 36 28
block 42 28
block 43 28
block 44 28
block 45 28
block 46 28
block 47 28
block 48 28
block 49 28
block 50 28
##BotsAndCoinsInfo
bot_name 0 martyn
bot 0 53 15
bot_coins 0 0
coin 62 10
coin 3 18
round 1
bot 0 53 16
round 2
bot 0 53 17
round 3
bot 0 53 18
round 4
bot 0 53 19
round 5
bot 0 53 20
coin 30 15
coin 35 13
round 6
bot 0 53 21
round 7
bot 0 53 22
round 8
bot 0 53 23
round 9
bot 0 53 24
round 10
bot 0 53 25
coin 36 23
coin 29 5
round 11
bot 0 53 26
round 12
bot 0 53 27
round 13
bot 0 53 28
round 14
bot 0 52 27
round 15
bot 0 52 26
coin 23 8
coin 42 20
round 16
bot 0 52 25
round 17
bot 0 52 24
round 18
bot 0 52 23
round 19
bot 0 52 22
round 20
bot 0 52 21
coin 43 24
coin 22 4
round 21
bot 0 52 20
round 22
bot 0 52 19
round 23
bot 0 52 18
round 24
bot 0 52 17
round 25
bot 0 52 16
coin 44 22
coin 21 6
round 26
bot 0 52 15
round 27
bot 0 52 14
round 28
bot 0 52 13
round 29
bot 0 52 12
round 30
bot 0 52 11
coin 24 15
coin 41 13
round 31
bot 0 52 10
round 32
bot 0 52 9
round 33
bot 0 52 8
round 34
bot 0 52 7
round 35
bot 0 52 6
coin 2 20
coin 64 8
round 36
bot 0 51 6
round 37
bot 0 50 6
round 38
bot 0 49 6
round 39
bot 0 48 6
round 40
bot 0 48 5
coin 51 1
coin 14 27
round 41
bot 0 47 5
round 42
bot 0 46 5
round 43
bot 0 45 5
round 44
bot 0 44 5
round 45
bot 0 44 4
coin 55 2
coin 10 26
round 46
bot 0 45 5
round 47
bot 0 44 5
round 48
bot 0 44 4
round 49
bot 0 45 5
round 50
bot 0 44 5
coin 32 27
coin 33 27
round 51
bot 0 44 4
round 52
bot 0 45 5
round 53
bot 0 44 5
round 54
bot 0 44 4
round 55
bot 0 45 5
coin 14 19
coin 51 9
round 56
bot 0 44 5
round 57
bot 0 44 4
round 58
bot 0 45 5
round 59
bot 0 46 5
round 60
bot 0 47 5
coin 23 19
coin 42 9
round 61
round 62
round 63
round 64
round 65
coin 9 8
coin 55 20
round 66
round 67
round 68
round 69
round 70
coin 37 11
coin 28 17
round 71
round 72
round 73
round 74
round 75
coin 22 1
coin 41 27
round 76
round 77
round 78
round 79
round 80
coin 56 16
coin 9 12
round 81
round 82
round 83
round 84
round 85
coin 65 8
coin 0 20
round 86
round 87
round 88
round 89
round 90
coin 54 27
coin 11 1
round 91
round 92
round 93
round 94
round 95
coin 43 22
coin 22 6
round 96
round 97
round 98
round 99
round 100
coin 35 22
coin 30 6
round 101
round 102
round 103
round 104
round 105
coin 23 23
coin 42 5
round 106
round 107
round 108
round 109
round 110
coin 65 15
coin 0 13
round 111
round 112
round 113
round 114
round 115
coin 1 0
coin 64 28
round 116
round 117
round 118
round 119
round 120
coin 7 13
coin 58 15
round 121
round 122
round 123
round 124
round 125
coin 37 2
coin 28 26
round 126
round 127
round 128
round 129
round 130
coin 8 10
coin 57 17
round 131
round 132
round 133
round 134
round 135
coin 2 19
coin 63 10
round 136
round 137
round 138
round 139
round 140
coin 55 22
coin 9 6
round 141
round 142
round 143
round 144
round 145
coin 27 5
coin 38 23
round 146
round 147
round 148
round 149
round 150
coin 1 6
coin 64 22
round 151
round 152
round 153
round 154
round 155
coin 26 20
coin 39 8
round 156
round 157
round 158
round 159
round 160
coin 26 13
coin 39 15
round 161
round 162
round 163
round 164
round 165
coin 38 25
coin 27 3
round 166
round 167
round 168
round 169
round 170
coin 45 5
coin 20 22
round 171
round 172
round 173
round 174
round 175
coin 16 18
coin 49 10
round 176
round 177
round 178
round 179
round 180
coin 15 5
coin 50 23
round 181
round 182
round 183
round 184
round 185
coin 1 24
coin 64 4
round 186
round 187
round 188
round 189
round 190
coin 64 6
coin 1 22
round 191
round 192
round 193
round 194
round 195
coin 65 11
coin 0 17
round 196
round 197
round 198
round 199
round 200
coin 54 4
coin 11 24
match_over 0
