match
match_id 1639404391086_br
match_time 1639404391088
num_bots 1
##MatchConfig
mode FRIENDLY
num_rounds 200
random_seed 42
move_time_limit 1000
coin_spawn_period 5
coin_spawn_volume 2
##MapConfig
map_size 57 23
view_radius 6
mining_radius 2
attack_radius 4
block 29 0
block 30 0
block 31 0
block 46 0
block 47 0
block 48 0
block 49 0
block 50 0
block 29 1
block 30 1
block 31 1
block 46 1
block 47 1
block 48 1
block 49 1
block 50 1
block 19 2
block 20 2
block 21 2
block 22 2
block 23 2
block 24 2
block 25 2
block 29 2
block 30 2
block 31 2
block 46 2
block 47 2
block 48 2
block 49 2
block 50 2
block 4 3
block 5 3
block 6 3
block 7 3
block 19 3
block 20 3
block 21 3
block 22 3
block 23 3
block 24 3
block 25 3
block 29 3
block 30 3
block 31 3
block 46 3
block 47 3
block 48 3
block 49 3
block 50 3
block 4 4
block 5 4
block 6 4
block 7 4
block 19 4
block 20 4
block 21 4
block 22 4
block 23 4
block 24 4
block 25 4
block 46 4
block 47 4
block 48 4
block 49 4
block 50 4
block 19 5
block 20 5
block 21 5
block 22 5
block 23 5
block 24 5
block 25 5
block 46 5
block 47 5
block 48 5
block 49 5
block 50 5
block 21 6
block 22 6
block 23 6
block 24 6
block 21 7
block 22 7
block 23 7
block 24 7
block 46 7
block 47 7
block 48 7
block 49 7
block 50 7
block 21 8
block 22 8
block 23 8
block 24 8
block 46 8
block 47 8
block 48 8
block 49 8
block 50 8
block 51 8
block 52 8
block 53 8
block 21 9
block 22 9
block 23 9
block 24 9
block 46 9
block 47 9
block 48 9
block 49 9
block 50 9
block 51 9
block 52 9
block 53 9
block 21 10
block 22 10
block 23 10
block 24 10
block 46 10
block 47 10
block 48 10
block 49 10
block 50 10
block 51 10
block 52 10
block 53 10
block 21 11
block 22 11
block 23 11
block 24 11
block 44 11
block 45 11
block 46 11
block 47 11
block 48 11
block 49 11
block 50 11
block 51 11
block 52 11
block 53 11
block 17 12
block 18 12
block 19 12
block 20 12
block 21 12
block 22 12
block 23 12
block 44 12
block 45 12
block 46 12
block 47 12
block 48 12
block 49 12
block 50 12
block 51 12
block 52 12
block 53 12
block 17 13
block 18 13
block 19 13
block 20 13
block 21 13
block 22 13
block 23 13
block 29 13
block 30 13
block 31 13
block 44 13
block 45 13
block 46 13
block 47 13
block 48 13
block 49 13
block 50 13
block 51 13
block 52 13
block 0 14
block 1 14
block 17 14
block 18 14
block 19 14
block 20 14
block 21 14
block 22 14
block 23 14
block 29 14
block 30 14
block 31 14
block 44 14
block 45 14
block 46 14
block 49 14
block 50 14
block 51 14
block 52 14
block 53 14
block 54 14
block 55 14
block 56 14
block 0 15
block 1 15
block 17 15
block 18 15
block 19 15
block 20 15
block 21 15
block 22 15
block 23 15
block 29 15
block 30 15
block 31 15
block 36 15
block 37 15
block 38 15
block 39 15
block 40 15
block 41 15
block 44 15
block 45 15
block 46 15
block 53 15
block 54 15
block 55 15
block 56 15
block 17 16
block 18 16
block 19 16
block 20 16
block 21 16
block 22 16
block 23 16
block 29 16
block 30 16
block 31 16
block 36 16
block 37 16
block 38 16
block 39 16
block 40 16
block 41 16
block 44 16
block 45 16
block 46 16
block 50 16
block 51 16
block 52 16
block 53 16
block 17 17
block 18 17
block 19 17
block 20 17
block 21 17
block 22 17
block 23 17
block 36 17
block 37 17
block 38 17
block 39 17
block 40 17
block 41 17
block 50 17
block 51 17
block 52 17
block 53 17
block 0 18
block 1 18
block 2 18
block 17 18
block 18 18
block 19 18
block 20 18
block 21 18
block 22 18
block 23 18
block 36 18
block 37 18
block 38 18
block 39 18
block 40 18
block 41 18
block 54 18
block 55 18
block 56 18
block 0 19
block 1 19
block 2 19
block 36 19
block 37 19
block 38 19
block 39 19
block 40 19
block 41 19
block 54 19
block 55 19
block 56 19
block 0 20
block 1 20
block 2 20
block 36 20
block 37 20
block 38 20
block 39 20
block 40 20
block 41 20
block 54 20
block 55 20
block 56 20
block 0 21
block 1 21
block 2 21
block 29 21
block 30 21
block 31 21
block 36 21
block 37 21
block 38 21
block 39 21
block 40 21
block 41 21
block 54 21
block 55 21
block 56 21
block 29 22
block 30 22
block 31 22
block 46 22
block 47 22
block 48 22
block 49 22
block 50 22
##BotsAndCoinsInfo
bot_name 0 starter-bot
bot 0 19 20
bot_coins 0 0
coin 26 4
coin 30 18
round 1
bot 0 19 21
round 2
bot 0 19 22
round 3
bot 0 18 21
round 4
bot 0 18 20
round 5
bot 0 18 19
coin 12 10
coin 43 12
round 6
bot 0 17 19
round 7
bot 0 16 19
round 8
bot 0 16 18
round 9
bot 0 16 17
round 10
bot 0 16 16
coin 6 5
coin 50 18
round 11
bot 0 16 15
round 12
bot 0 16 14
round 13
bot 0 15 13
round 14
bot 0 14 12
round 15
bot 0 13 11
coin_collected 12 10 0
bot_coins 0 1
coin 44 20
coin 12 2
round 16
bot 0 13 10
round 17
bot 0 13 9
round 18
bot 0 13 8
round 19
bot 0 13 7
round 20
bot 0 12 8
coin 13 14
coin 43 8
round 21
bot 0 12 7
round 22
bot 0 11 6
round 23
bot 0 12 5
round 24
bot 0 11 4
round 25
bot 0 12 3
coin_collected 12 2 0
bot_coins 0 2
coin 24 15
coin 32 7
round 26
bot 0 12 2
round 27
bot 0 12 1
round 28
bot 0 12 0
round 29
bot 0 11 1
round 30
bot 0 11 2
coin 12 21
coin 44 1
round 31
bot 0 11 3
round 32
bot 0 12 4
round 33
bot 0 12 5
round 34
bot 0 12 6
round 35
bot 0 12 7
coin 26 6
coin 30 17
round 36
bot 0 12 8
round 37
bot 0 12 9
round 38
bot 0 13 10
round 39
bot 0 12 11
round 40
bot 0 13 12
coin_collected 13 14 0
bot_coins 0 3
coin 32 15
coin 25 7
round 41
bot 0 13 13
round 42
bot 0 13 14
round 43
bot 0 13 15
round 44
bot 0 13 16
round 45
bot 0 13 17
coin 49 16
coin 7 6
round 46
bot 0 12 18
round 47
bot 0 11 19
round 48
bot 0 12 20
coin_collected 12 21 0
bot_coins 0 4
round 49
bot 0 12 21
round 50
bot 0 12 22
coin 2 22
coin 54 0
round 51
bot 0 11 21
round 52
bot 0 11 20
round 53
bot 0 11 19
round 54
bot 0 11 18
round 55
bot 0 11 17
coin 35 21
coin 21 1
round 56
bot 0 11 16
round 57
bot 0 11 15
round 58
bot 0 11 14
round 59
bot 0 11 13
round 60
bot 0 11 12
coin 45 0
coin 11 22
round 61
bot 0 11 11
round 62
bot 0 11 10
round 63
bot 0 11 9
round 64
bot 0 10 8
round 65
bot 0 9 7
coin 25 20
coin 32 2
round 66
bot 0 8 6
coin_collected 7 6 0
bot_coins 0 5
round 67
bot 0 8 5
coin_collected 6 5 0
bot_coins 0 6
round 68
bot 0 8 4
round 69
bot 0 9 5
round 70
bot 0 9 4
coin 10 11
coin 45 10
round 71
bot 0 10 5
round 72
bot 0 10 4
round 73
bot 0 11 5
round 74
bot 0 11 4
round 75
bot 0 10 5
coin 18 4
coin 35 18
round 76
bot 0 10 4
round 77
bot 0 11 5
round 78
bot 0 11 4
round 79
bot 0 10 5
round 80
bot 0 10 4
coin 5 5
coin 51 18
round 81
bot 0 11 5
round 82
bot 0 11 4
round 83
bot 0 10 5
round 84
bot 0 10 4
round 85
bot 0 11 5
coin 44 18
coin 12 4
round 86
bot 0 11 4
coin_collected 12 4 0
bot_coins 0 7
round 87
bot 0 10 5
round 88
bot 0 10 4
round 89
bot 0 11 5
round 90
bot 0 11 4
coin 3 8
coin 53 13
round 91
bot 0 10 5
round 92
bot 0 10 4
round 93
bot 0 11 5
round 94
bot 0 11 4
round 95
bot 0 10 5
coin 1 1
coin 55 22
round 96
bot 0 10 4
round 97
bot 0 11 5
round 98
bot 0 11 4
round 99
bot 0 10 5
round 100
bot 0 10 4
coin 8 16
coin 48 6
round 101
bot 0 11 5
round 102
bot 0 11 4
round 103
bot 0 10 5
round 104
bot 0 10 4
round 105
bot 0 11 5
coin 56 22
coin 0 0
round 106
bot 0 11 4
round 107
bot 0 10 5
round 108
bot 0 10 4
round 109
bot 0 11 5
round 110
bot 0 11 4
coin 50 15
coin 6 7
round 111
bot 0 10 5
round 112
bot 0 10 4
round 113
bot 0 11 5
round 114
bot 0 11 4
round 115
bot 0 10 5
coin 25 16
coin 31 6
round 116
bot 0 10 4
round 117
bot 0 11 5
round 118
bot 0 11 4
round 119
bot 0 10 5
round 120
bot 0 10 4
coin 55 3
coin 3 19
round 121
bot 0 11 5
round 122
bot 0 11 4
round 123
bot 0 10 5
round 124
bot 0 10 4
round 125
bot 0 11 5
coin 34 3
coin 22 19
round 126
bot 0 11 4
round 127
bot 0 10 5
round 128
bot 0 10 4
round 129
bot 0 11 5
round 130
bot 0 11 4
coin 47 6
coin 9 16
round 131
bot 0 10 5
round 132
bot 0 10 4
round 133
bot 0 11 5
round 134
bot 0 11 4
round 135
bot 0 10 5
coin 24 12
coin 32 10
round 136
bot 0 10 4
round 137
bot 0 11 5
round 138
bot 0 11 4
round 139
bot 0 10 5
round 140
bot 0 10 4
coin 19 6
coin 37 14
round 141
bot 0 11 5
round 142
bot 0 11 4
round 143
bot 0 10 5
round 144
bot 0 10 4
round 145
bot 0 11 5
coin 45 22
coin 11 0
round 146
bot 0 11 4
round 147
bot 0 10 5
round 148
bot 0 10 4
round 149
bot 0 11 5
round 150
bot 0 11 4
coin 28 1
coin 28 21
round 151
bot 0 10 5
round 152
bot 0 10 4
round 153
bot 0 11 5
round 154
bot 0 11 4
round 155
bot 0 10 5
coin 38 14
coin 18 8
round 156
bot 0 10 4
round 157
bot 0 11 5
round 158
bot 0 11 4
round 159
bot 0 10 5
round 160
bot 0 10 4
coin 26 1
coin 30 20
round 161
bot 0 11 5
round 162
bot 0 11 4
round 163
bot 0 10 5
round 164
bot 0 10 4
round 165
bot 0 11 5
coin 20 6
coin 35 16
round 166
bot 0 11 4
round 167
bot 0 10 5
round 168
bot 0 10 4
round 169
bot 0 11 5
round 170
bot 0 11 4
coin 15 11
coin 41 11
round 171
bot 0 10 5
round 172
bot 0 10 4
round 173
bot 0 11 5
round 174
bot 0 11 4
round 175
bot 0 10 5
coin 34 10
coin 24 13
round 176
bot 0 10 4
round 177
bot 0 11 5
round 178
bot 0 11 4
round 179
bot 0 10 5
round 180
bot 0 10 4
coin 4 1
coin 52 21
round 181
bot 0 11 5
round 182
bot 0 11 4
round 183
bot 0 10 5
round 184
bot 0 10 4
round 185
bot 0 11 5
coin 19 19
coin 37 3
round 186
bot 0 11 4
round 187
bot 0 10 5
round 188
bot 0 10 4
round 189
bot 0 11 5
round 190
bot 0 11 4
coin 56 2
coin 0 22
round 191
bot 0 10 5
round 192
bot 0 10 4
round 193
bot 0 11 5
round 194
bot 0 11 4
round 195
bot 0 10 5
coin 26 7
coin 28 15
round 196
bot 0 10 4
round 197
bot 0 11 5
round 198
bot 0 11 4
round 199
bot 0 10 5
round 200
bot 0 10 4
coin 42 11
coin 14 11
match_over 0
