match
match_id 1639325934551_am
match_time 1639325934555
num_bots 1
##MatchConfig
mode FRIENDLY
num_rounds 200
random_seed 42
move_time_limit 1000
coin_spawn_period 5
coin_spawn_volume 2
##MapConfig
map_size 64 38
view_radius 5
mining_radius 1
attack_radius 4
block 3 0
block 4 0
block 5 0
block 48 0
block 49 0
block 50 0
block 48 1
block 49 1
block 50 1
block 0 2
block 1 2
block 2 2
block 61 2
block 62 2
block 63 2
block 0 3
block 1 3
block 2 3
block 61 3
block 62 3
block 63 3
block 0 4
block 1 4
block 2 4
block 61 4
block 62 4
block 63 4
block 0 5
block 1 5
block 2 5
block 61 5
block 62 5
block 63 5
block 0 6
block 1 6
block 2 6
block 61 6
block 62 6
block 63 6
block 2 12
block 3 12
block 4 12
block 5 12
block 6 12
block 2 13
block 3 13
block 4 13
block 5 13
block 6 13
block 2 14
block 3 14
block 4 14
block 5 14
block 6 14
block 2 15
block 3 15
block 4 15
block 5 15
block 6 15
block 2 16
block 3 16
block 4 16
block 5 16
block 6 16
block 2 17
block 3 17
block 4 17
block 5 17
block 6 17
block 58 20
block 59 20
block 60 20
block 61 20
block 62 20
block 58 21
block 59 21
block 60 21
block 61 21
block 62 21
block 50 24
block 51 24
block 52 24
block 53 24
block 50 25
block 51 25
block 52 25
block 53 25
block 50 26
block 51 26
block 52 26
block 53 26
block 54 26
block 55 26
block 56 26
block 57 26
block 50 27
block 51 27
block 52 27
block 53 27
block 54 27
block 55 27
block 56 27
block 57 27
block 50 28
block 51 28
block 52 28
block 53 28
block 55 28
block 56 28
block 57 28
block 55 29
block 56 29
block 57 29
block 49 32
block 50 32
block 51 32
block 52 32
block 53 32
block 54 32
block 49 33
block 50 33
block 51 33
block 52 33
block 53 33
block 54 33
block 49 34
block 50 34
block 51 34
block 52 34
block 53 34
block 54 34
block 49 35
block 50 35
block 51 35
block 52 35
block 53 35
block 54 35
block 48 36
block 49 36
block 50 36
block 51 36
block 52 36
block 53 36
block 54 36
block 3 37
block 4 37
block 5 37
block 48 37
block 49 37
block 50 37
block 51 37
block 52 37
block 53 37
block 54 37
##BotsAndCoinsInfo
bot_name 0 starter-bot
bot 0 59 14
bot_coins 0 0
coin 46 9
coin 17 28
round 1
bot 0 59 15
round 2
bot 0 59 16
round 3
bot 0 59 17
round 4
bot 0 59 18
round 5
bot 0 59 19
coin 43 6
coin 20 31
round 6
round 7
round 8
round 9
round 10
coin 19 15
coin 44 22
round 11
round 12
round 13
round 14
round 15
coin 18 28
coin 45 9
round 16
round 17
round 18
round 19
round 20
coin 42 17
coin 21 20
round 21
round 22
round 23
round 24
round 25
coin 57 14
coin 6 23
round 26
round 27
round 28
round 29
round 30
coin 23 34
coin 40 3
round 31
round 32
round 33
round 34
round 35
coin 17 36
coin 46 1
round 36
round 37
round 38
round 39
round 40
coin 29 36
coin 34 1
round 41
round 42
round 43
round 44
round 45
coin 51 0
coin 12 37
round 46
round 47
round 48
round 49
round 50
coin 58 13
coin 5 24
round 51
round 52
round 53
round 54
round 55
coin 27 7
coin 36 30
round 56
round 57
round 58
round 59
round 60
coin 47 13
coin 16 24
round 61
round 62
round 63
round 64
round 65
coin 24 6
coin 39 31
round 66
round 67
round 68
round 69
round 70
coin 11 22
coin 52 15
round 71
round 72
round 73
round 74
round 75
coin 38 4
coin 25 33
round 76
round 77
round 78
round 79
round 80
coin 13 33
coin 50 4
round 81
round 82
round 83
round 84
round 85
coin 52 0
coin 11 37
round 86
round 87
round 88
round 89
round 90
coin 11 17
coin 52 20
round 91
round 92
round 93
round 94
round 95
coin 37 6
coin 26 31
round 96
round 97
round 98
round 99
round 100
coin 48 31
coin 15 6
round 101
round 102
round 103
round 104
round 105
coin 36 11
coin 27 26
round 106
round 107
round 108
round 109
round 110
coin 37 10
coin 26 27
round 111
round 112
round 113
round 114
round 115
coin 48 23
coin 15 14
round 116
round 117
round 118
round 119
round 120
coin 2 35
coin 60 2
round 121
round 122
round 123
round 124
round 125
coin 22 6
coin 41 31
round 126
round 127
round 128
round 129
round 130
coin 52 12
coin 11 25
round 131
round 132
round 133
round 134
round 135
coin 26 4
coin 37 33
round 136
round 137
round 138
round 139
round 140
coin 63 21
coin 0 16
round 141
round 142
round 143
round 144
round 145
coin 45 35
coin 18 2
round 146
round 147
round 148
round 149
round 150
coin 30 31
coin 33 6
round 151
round 152
round 153
round 154
round 155
coin 18 7
coin 45 30
round 156
round 157
round 158
round 159
round 160
coin 60 34
coin 3 3
round 161
round 162
round 163
round 164
round 165
coin 52 21
coin 11 16
round 166
round 167
round 168
round 169
round 170
coin 40 17
coin 23 20
round 171
round 172
round 173
round 174
round 175
coin 23 3
coin 40 34
round 176
round 177
round 178
round 179
round 180
coin 23 23
coin 40 14
round 181
round 182
round 183
round 184
round 185
coin 27 9
coin 36 28
round 186
round 187
round 188
round 189
round 190
coin 29 14
coin 34 23
round 191
round 192
round 193
round 194
round 195
coin 30 35
coin 33 2
round 196
round 197
round 198
round 199
round 200
coin 30 2
coin 33 35
match_over 0
