match
match_id 1639432253865_af
match_time 1639432253869
num_bots 1
##MatchConfig
mode FRIENDLY
num_rounds 200
random_seed 42
move_time_limit 1000
coin_spawn_period 5
coin_spawn_volume 2
##MapConfig
map_size 76 28
view_radius 5
mining_radius 2
attack_radius 4
block 0 0
block 10 0
block 11 0
block 46 0
block 47 0
block 48 0
block 49 0
block 50 0
block 51 0
block 64 0
block 65 0
block 71 0
block 72 0
block 73 0
block 74 0
block 75 0
block 0 1
block 10 1
block 11 1
block 27 1
block 28 1
block 29 1
block 30 1
block 31 1
block 32 1
block 46 1
block 47 1
block 48 1
block 49 1
block 50 1
block 51 1
block 64 1
block 65 1
block 71 1
block 72 1
block 73 1
block 74 1
block 75 1
block 10 2
block 11 2
block 27 2
block 28 2
block 29 2
block 30 2
block 31 2
block 32 2
block 27 3
block 28 3
block 29 3
block 30 3
block 31 3
block 32 3
block 27 4
block 28 4
block 29 4
block 30 4
block 31 4
block 32 4
block 67 4
block 68 4
block 69 4
block 70 4
block 71 4
block 72 4
block 73 4
block 27 5
block 28 5
block 29 5
block 30 5
block 31 5
block 32 5
block 67 5
block 68 5
block 69 5
block 70 5
block 71 5
block 72 5
block 73 5
block 24 6
block 25 6
block 26 6
block 27 6
block 28 6
block 29 6
block 30 6
block 31 6
block 32 6
block 67 6
block 68 6
block 69 6
block 70 6
block 71 6
block 72 6
block 73 6
block 24 7
block 25 7
block 26 7
block 27 7
block 28 7
block 29 7
block 30 7
block 31 7
block 32 7
block 45 7
block 46 7
block 47 7
block 48 7
block 49 7
block 64 7
block 65 7
block 66 7
block 67 7
block 68 7
block 69 7
block 70 7
block 73 7
block 74 7
block 75 7
block 24 8
block 25 8
block 26 8
block 27 8
block 28 8
block 29 8
block 45 8
block 46 8
block 47 8
block 48 8
block 49 8
block 64 8
block 65 8
block 66 8
block 67 8
block 68 8
block 69 8
block 70 8
block 73 8
block 74 8
block 75 8
block 24 9
block 25 9
block 26 9
block 27 9
block 28 9
block 29 9
block 64 9
block 65 9
block 66 9
block 67 9
block 68 9
block 69 9
block 70 9
block 73 9
block 74 9
block 75 9
block 0 10
block 20 10
block 21 10
block 22 10
block 24 10
block 25 10
block 26 10
block 27 10
block 28 10
block 29 10
block 46 10
block 47 10
block 72 10
block 73 10
block 74 10
block 75 10
block 0 11
block 20 11
block 21 11
block 22 11
block 24 11
block 25 11
block 26 11
block 27 11
block 28 11
block 29 11
block 33 11
block 34 11
block 35 11
block 36 11
block 37 11
block 38 11
block 46 11
block 47 11
block 72 11
block 73 11
block 74 11
block 75 11
block 0 12
block 19 12
block 20 12
block 21 12
block 22 12
block 23 12
block 24 12
block 25 12
block 26 12
block 27 12
block 28 12
block 29 12
block 33 12
block 34 12
block 35 12
block 36 12
block 37 12
block 38 12
block 46 12
block 47 12
block 55 12
block 56 12
block 57 12
block 58 12
block 59 12
block 60 12
block 61 12
block 65 12
block 66 12
block 67 12
block 68 12
block 69 12
block 70 12
block 73 12
block 74 12
block 75 12
block 0 13
block 19 13
block 20 13
block 21 13
block 22 13
block 23 13
block 33 13
block 34 13
block 35 13
block 36 13
block 37 13
block 46 13
block 47 13
block 55 13
block 56 13
block 57 13
block 58 13
block 59 13
block 60 13
block 61 13
block 65 13
block 66 13
block 67 13
block 68 13
block 69 13
block 70 13
block 73 13
block 74 13
block 75 13
block 0 14
block 20 14
block 21 14
block 22 14
block 33 14
block 34 14
block 35 14
block 36 14
block 37 14
block 55 14
block 56 14
block 57 14
block 58 14
block 59 14
block 60 14
block 61 14
block 65 14
block 66 14
block 67 14
block 68 14
block 69 14
block 70 14
block 73 14
block 74 14
block 75 14
block 0 15
block 20 15
block 21 15
block 22 15
block 60 15
block 61 15
block 65 15
block 66 15
block 67 15
block 68 15
block 69 15
block 70 15
block 73 15
block 74 15
block 75 15
block 0 16
block 60 16
block 61 16
block 65 16
block 66 16
block 67 16
block 68 16
block 69 16
block 70 16
block 73 16
block 74 16
block 75 16
block 0 17
block 1 17
block 2 17
block 60 17
block 61 17
block 73 17
block 74 17
block 75 17
block 1 18
block 2 18
block 1 19
block 2 19
block 35 19
block 36 19
block 37 19
block 1 20
block 2 20
block 35 20
block 36 20
block 37 20
block 1 21
block 2 21
block 7 21
block 8 21
block 9 21
block 10 21
block 11 21
block 12 21
block 13 21
block 35 21
block 36 21
block 37 21
block 56 21
block 57 21
block 58 21
block 59 21
block 60 21
block 61 21
block 62 21
block 7 22
block 8 22
block 9 22
block 10 22
block 11 22
block 12 22
block 13 22
block 35 22
block 36 22
block 37 22
block 43 22
block 44 22
block 56 22
block 57 22
block 58 22
block 59 22
block 60 22
block 61 22
block 62 22
block 0 23
block 7 23
block 8 23
block 9 23
block 10 23
block 11 23
block 12 23
block 13 23
block 35 23
block 36 23
block 37 23
block 43 23
block 44 23
block 71 23
block 72 23
block 73 23
block 74 23
block 75 23
block 0 24
block 35 24
block 36 24
block 37 24
block 58 24
block 59 24
block 71 24
block 72 24
block 73 24
block 74 24
block 75 24
block 0 25
block 1 25
block 2 25
block 3 25
block 4 25
block 35 25
block 36 25
block 37 25
block 46 25
block 47 25
block 48 25
block 49 25
block 50 25
block 51 25
block 58 25
block 59 25
block 64 25
block 65 25
block 71 25
block 72 25
block 73 25
block 74 25
block 75 25
block 0 26
block 1 26
block 2 26
block 3 26
block 4 26
block 46 26
block 47 26
block 48 26
block 49 26
block 50 26
block 51 26
block 58 26
block 59 26
block 64 26
block 65 26
block 71 26
block 72 26
block 73 26
block 74 26
block 75 26
block 0 27
block 46 27
block 47 27
block 48 27
block 49 27
block 50 27
block 51 27
block 64 27
block 65 27
block 71 27
block 72 27
block 73 27
block 74 27
block 75 27
##BotsAndCoinsInfo
bot_name 0 starter-bot
bot 0 56 20
bot_coins 0 0
coin 26 19
coin 49 9
round 1
bot 0 55 20
round 2
bot 0 55 21
round 3
bot 0 55 22
round 4
bot 0 55 23
round 5
bot 0 55 24
coin 12 24
coin 63 3
round 6
bot 0 55 25
round 7
bot 0 55 26
round 8
bot 0 55 27
round 9
bot 0 54 27
round 10
bot 0 53 27
coin 6 25
coin 69 2
round 11
bot 0 52 27
round 12
bot 0 52 26
round 13
bot 0 52 25
round 14
bot 0 52 24
round 15
bot 0 51 24
coin 23 10
coin 52 17
round 16
bot 0 50 24
round 17
bot 0 49 24
round 18
bot 0 48 24
round 19
bot 0 47 24
round 20
bot 0 46 24
coin 51 17
coin 23 11
round 21
bot 0 45 24
round 22
bot 0 44 24
round 23
bot 0 43 24
round 24
bot 0 42 24
round 25
bot 0 41 24
coin 42 18
coin 33 9
round 26
bot 0 40 24
round 27
bot 0 39 24
round 28
bot 0 38 24
round 29
bot 0 38 23
round 30
bot 0 38 22
coin 12 0
coin 63 27
round 31
bot 0 38 21
round 32
bot 0 38 20
round 33
bot 0 39 19
round 34
bot 0 40 18
coin_collected 42 18 0
bot_coins 0 1
round 35
bot 0 39 18
coin 64 24
coin 11 3
round 36
bot 0 38 18
round 37
bot 0 37 18
round 38
bot 0 36 18
round 39
bot 0 35 18
round 40
bot 0 34 18
coin 68 26
coin 7 1
round 41
bot 0 33 18
round 42
bot 0 32 18
round 43
bot 0 31 18
round 44
bot 0 30 18
round 45
bot 0 29 19
coin 11 9
coin 64 18
round 46
bot 0 28 18
round 47
bot 0 27 19
coin_collected 26 19 0
bot_coins 0 2
round 48
bot 0 26 19
round 49
bot 0 25 19
round 50
bot 0 24 19
coin 40 15
coin 35 10
round 51
bot 0 23 19
round 52
bot 0 22 19
round 53
bot 0 21 19
round 54
bot 0 20 19
round 55
bot 0 19 19
coin 54 9
coin 21 18
round 56
bot 0 20 18
coin_collected 21 18 0
bot_coins 0 3
round 57
bot 0 19 18
round 58
bot 0 18 18
round 59
bot 0 17 18
round 60
bot 0 16 18
coin 47 9
coin 28 18
round 61
bot 0 15 18
round 62
bot 0 14 18
round 63
bot 0 13 18
round 64
bot 0 12 18
round 65
bot 0 11 18
coin 6 10
coin 69 17
round 66
bot 0 10 18
round 67
bot 0 9 18
round 68
bot 0 8 18
round 69
bot 0 7 18
round 70
bot 0 6 18
coin 67 26
coin 8 1
round 71
bot 0 5 18
round 72
bot 0 4 18
round 73
bot 0 3 18
round 74
bot 0 3 17
round 75
bot 0 3 16
coin 38 20
coin 37 7
round 76
bot 0 2 16
round 77
bot 0 1 16
round 78
bot 0 1 15
round 79
bot 0 1 14
round 80
bot 0 1 13
coin 62 17
coin 13 10
round 81
bot 0 1 12
round 82
bot 0 1 11
round 83
bot 0 1 10
round 84
bot 0 1 9
round 85
bot 0 0 9
coin 25 13
coin 50 14
round 86
round 87
round 88
round 89
bot 0 1 10
round 90
bot 0 1 9
coin 60 5
coin 15 22
round 91
bot 0 0 9
round 92
round 93
round 94
round 95
bot 0 1 9
coin 0 20
coin 0 7
round 96
bot 0 0 8
coin_collected 0 7 0
bot_coins 0 4
round 97
round 98
round 99
round 100
bot 0 0 7
coin 26 5
coin 49 22
round 101
round 102
round 103
round 104
bot 0 75 6
round 105
bot 0 74 6
coin 75 21
coin 0 6
round 106
coin_collected 0 6 0
bot_coins 0 5
round 107
bot 0 74 5
round 108
bot 0 74 4
round 109
bot 0 74 3
round 110
bot 0 73 3
coin 31 14
coin 44 13
round 111
bot 0 72 2
round 112
round 113
round 114
round 115
bot 0 71 3
coin 63 23
coin 12 4
round 116
bot 0 70 2
coin_collected 69 2 0
bot_coins 0 6
round 117
bot 0 69 2
round 118
bot 0 68 3
round 119
bot 0 67 3
round 120
bot 0 66 3
coin 17 3
coin 57 24
round 121
bot 0 65 3
coin_collected 63 3 0
bot_coins 0 7
round 122
bot 0 64 4
round 123
bot 0 63 5
round 124
bot 0 62 4
round 125
bot 0 61 5
coin_collected 60 5 0
bot_coins 0 8
coin 53 0
coin 22 27
round 126
bot 0 60 5
round 127
bot 0 59 5
round 128
bot 0 58 5
round 129
bot 0 57 5
round 130
bot 0 56 5
coin 66 6
coin 9 20
round 131
bot 0 55 6
round 132
bot 0 54 7
coin_collected 54 9 0
bot_coins 0 9
round 133
bot 0 53 7
round 134
bot 0 52 8
round 135
bot 0 51 9
coin_collected 49 9 0
bot_coins 0 10
coin 4 14
coin 71 13
round 136
bot 0 50 8
round 137
bot 0 49 9
coin_collected 47 9 0
bot_coins 0 11
round 138
bot 0 48 9
round 139
bot 0 47 9
round 140
bot 0 46 9
coin 57 7
coin 18 20
round 141
bot 0 45 10
round 142
bot 0 44 11
coin_collected 44 13 0
bot_coins 0 12
round 143
bot 0 43 11
round 144
bot 0 42 11
round 145
bot 0 41 12
coin 45 3
coin 30 24
round 146
bot 0 40 13
coin_collected 40 15 0
bot_coins 0 13
round 147
bot 0 39 13
round 148
bot 0 38 13
round 149
round 150
coin 9 19
coin 66 10
round 151
round 152
round 153
round 154
round 155
coin 0 9
coin 75 18
round 156
round 157
round 158
round 159
round 160
coin 26 2
coin 49 24
round 161
round 162
round 163
round 164
round 165
coin 58 11
coin 17 16
round 166
round 167
round 168
round 169
round 170
coin 15 19
coin 60 8
round 171
round 172
bot 0 39 12
round 173
round 174
round 175
coin 34 1
coin 41 26
round 176
bot 0 40 11
round 177
bot 0 39 11
round 178
bot 0 38 10
round 179
bot 0 37 9
coin_collected 37 7 0
bot_coins 0 14
round 180
bot 0 36 8
coin 61 20
coin 14 7
round 181
bot 0 35 9
coin_collected 35 10 0
bot_coins 0 15
coin_collected 33 9 0
bot_coins 0 16
round 182
bot 0 34 9
round 183
bot 0 33 9
round 184
bot 0 32 9
round 185
bot 0 31 9
coin 57 5
coin 18 22
round 186
bot 0 30 9
round 187
bot 0 30 8
round 188
bot 0 30 9
round 189
round 190
coin 18 0
coin 57 27
round 191
bot 0 30 8
round 192
bot 0 30 9
round 193
round 194
round 195
coin 45 21
coin 30 8
round 196
coin_collected 30 8 0
bot_coins 0 17
round 197
round 198
round 199
round 200
bot 0 31 10
coin 4 22
coin 71 7
match_over 0
