match
match_id 1639172005210_dn
match_time 1639172005213
num_bots 1
##MatchConfig
mode FRIENDLY
num_rounds 200
random_seed 42
move_time_limit 1000
coin_spawn_period 5
coin_spawn_volume 2
##MapConfig
map_size 55 28
view_radius 5
mining_radius 2
attack_radius 4
block 31 0
block 32 0
block 33 0
block 47 0
block 48 0
block 3 1
block 4 1
block 5 1
block 17 1
block 18 1
block 19 1
block 31 1
block 32 1
block 33 1
block 47 1
block 48 1
block 3 2
block 4 2
block 5 2
block 17 2
block 18 2
block 19 2
block 31 2
block 32 2
block 33 2
block 47 2
block 48 2
block 49 2
block 50 2
block 3 3
block 4 3
block 5 3
block 8 3
block 9 3
block 10 3
block 11 3
block 12 3
block 13 3
block 14 3
block 17 3
block 18 3
block 19 3
block 22 3
block 23 3
block 24 3
block 31 3
block 32 3
block 33 3
block 47 3
block 48 3
block 49 3
block 50 3
block 51 3
block 3 4
block 4 4
block 5 4
block 8 4
block 9 4
block 10 4
block 11 4
block 12 4
block 13 4
block 14 4
block 22 4
block 23 4
block 24 4
block 26 4
block 27 4
block 28 4
block 29 4
block 30 4
block 31 4
block 32 4
block 33 4
block 49 4
block 50 4
block 51 4
block 3 5
block 4 5
block 5 5
block 8 5
block 9 5
block 10 5
block 11 5
block 12 5
block 13 5
block 14 5
block 22 5
block 23 5
block 24 5
block 26 5
block 27 5
block 28 5
block 29 5
block 30 5
block 31 5
block 32 5
block 33 5
block 49 5
block 50 5
block 51 5
block 3 6
block 4 6
block 5 6
block 8 6
block 9 6
block 10 6
block 11 6
block 12 6
block 13 6
block 14 6
block 22 6
block 23 6
block 24 6
block 26 6
block 27 6
block 28 6
block 29 6
block 30 6
block 31 6
block 3 7
block 4 7
block 5 7
block 8 7
block 9 7
block 10 7
block 11 7
block 12 7
block 13 7
block 14 7
block 26 7
block 27 7
block 28 7
block 29 7
block 30 7
block 31 7
block 18 8
block 19 8
block 20 8
block 21 8
block 26 8
block 27 8
block 28 8
block 29 8
block 30 8
block 31 8
block 32 8
block 33 8
block 34 8
block 18 9
block 19 9
block 20 9
block 21 9
block 26 9
block 27 9
block 28 9
block 29 9
block 30 9
block 31 9
block 32 9
block 33 9
block 34 9
block 18 10
block 19 10
block 20 10
block 21 10
block 31 10
block 32 10
block 33 10
block 34 10
block 35 10
block 36 10
block 37 10
block 4 11
block 5 11
block 18 11
block 19 11
block 20 11
block 21 11
block 32 11
block 33 11
block 34 11
block 35 11
block 36 11
block 37 11
block 4 12
block 5 12
block 4 13
block 5 13
block 4 14
block 5 14
block 4 15
block 5 15
block 4 16
block 5 16
block 12 16
block 13 16
block 14 16
block 15 16
block 16 16
block 17 16
block 18 16
block 44 16
block 45 16
block 46 16
block 47 16
block 48 16
block 49 16
block 12 17
block 13 17
block 14 17
block 15 17
block 16 17
block 17 17
block 18 17
block 27 17
block 28 17
block 44 17
block 45 17
block 46 17
block 47 17
block 48 17
block 49 17
block 12 18
block 13 18
block 14 18
block 15 18
block 16 18
block 17 18
block 18 18
block 25 18
block 26 18
block 27 18
block 28 18
block 44 18
block 45 18
block 46 18
block 47 18
block 48 18
block 49 18
block 10 19
block 11 19
block 12 19
block 13 19
block 14 19
block 15 19
block 16 19
block 17 19
block 18 19
block 25 19
block 26 19
block 27 19
block 28 19
block 39 19
block 40 19
block 41 19
block 42 19
block 43 19
block 44 19
block 45 19
block 46 19
block 47 19
block 48 19
block 49 19
block 10 20
block 11 20
block 12 20
block 13 20
block 14 20
block 15 20
block 16 20
block 17 20
block 18 20
block 25 20
block 26 20
block 27 20
block 28 20
block 39 20
block 40 20
block 41 20
block 42 20
block 43 20
block 44 20
block 45 20
block 46 20
block 47 20
block 48 20
block 49 20
block 10 21
block 11 21
block 12 21
block 13 21
block 19 21
block 20 21
block 21 21
block 22 21
block 23 21
block 24 21
block 25 21
block 26 21
block 27 21
block 28 21
block 39 21
block 40 21
block 41 21
block 42 21
block 43 21
block 44 21
block 45 21
block 46 21
block 47 21
block 48 21
block 49 21
block 10 22
block 11 22
block 12 22
block 13 22
block 19 22
block 20 22
block 21 22
block 22 22
block 23 22
block 24 22
block 25 22
block 26 22
block 27 22
block 28 22
block 39 22
block 40 22
block 41 22
block 42 22
block 43 22
block 44 22
block 45 22
block 46 22
block 47 22
block 48 22
block 49 22
block 10 23
block 11 23
block 12 23
block 13 23
block 19 23
block 20 23
block 21 23
block 22 23
block 23 23
block 24 23
block 25 23
block 26 23
block 27 23
block 39 23
block 40 23
block 41 23
block 42 23
block 43 23
block 44 23
block 45 23
block 46 23
block 47 23
block 48 23
block 49 23
block 5 24
block 6 24
block 7 24
block 8 24
block 9 24
block 10 24
block 11 24
block 12 24
block 13 24
block 19 24
block 20 24
block 21 24
block 22 24
block 23 24
block 24 24
block 25 24
block 26 24
block 27 24
block 39 24
block 40 24
block 41 24
block 42 24
block 43 24
block 44 24
block 45 24
block 46 24
block 47 24
block 48 24
block 49 24
block 5 25
block 6 25
block 7 25
block 8 25
block 9 25
block 10 25
block 11 25
block 12 25
block 13 25
block 39 25
block 40 25
block 41 25
block 42 25
block 43 25
block 44 25
block 45 25
block 46 25
block 47 25
block 48 25
block 49 25
block 5 26
block 6 26
block 7 26
block 8 26
block 9 26
block 10 26
block 47 26
block 48 26
block 5 27
block 6 27
block 7 27
block 8 27
block 9 27
block 10 27
block 31 27
block 32 27
block 33 27
block 47 27
block 48 27
##BotsAndCoinsInfo
bot_name 0 starter-bot
bot 0 20 15
bot_coins 0 0
coin 40 18
coin 14 9
round 1
bot 0 20 16
round 2
bot 0 20 17
round 3
bot 0 20 18
round 4
bot 0 20 19
round 5
bot 0 20 20
coin 8 23
coin 46 4
round 6
round 7
round 8
round 9
round 10
coin 25 25
coin 29 2
round 11
round 12
round 13
round 14
round 15
coin 45 10
coin 9 17
round 16
round 17
round 18
round 19
round 20
coin 54 17
coin 0 10
round 21
round 22
round 23
round 24
round 25
coin 22 18
coin 32 7
round 26
round 27
round 28
round 29
round 30
coin 46 0
coin 8 0
round 31
round 32
round 33
round 34
round 35
coin 46 26
coin 8 1
round 36
round 37
round 38
round 39
round 40
coin 26 26
coin 28 1
round 41
round 42
round 43
round 44
round 45
coin 35 9
coin 19 18
round 46
round 47
round 48
round 49
round 50
coin 10 15
coin 44 12
round 51
round 52
round 53
round 54
round 55
coin 36 9
coin 19 19
round 56
coin_collected 19 19 0
bot_coins 0 1
round 57
round 58
round 59
round 60
coin 23 9
coin 31 18
round 61
round 62
round 63
round 64
round 65
coin 10 10
coin 43 17
round 66
round 67
round 68
round 69
round 70
coin 37 26
coin 16 1
round 71
round 72
round 73
round 74
round 75
coin 0 20
coin 54 7
round 76
round 77
round 78
round 79
round 80
coin 45 15
coin 9 12
round 81
round 82
round 83
round 84
round 85
coin 31 11
coin 23 16
round 86
round 87
round 88
round 89
round 90
coin 32 6
coin 22 20
round 91
coin_collected 22 20 0
bot_coins 0 2
round 92
round 93
round 94
round 95
coin 43 18
coin 11 9
round 96
round 97
round 98
round 99
round 100
coin 25 5
coin 29 22
round 101
round 102
round 103
round 104
round 105
coin 23 20
coin 33 7
round 106
round 107
round 108
round 109
round 110
coin 10 14
coin 44 13
round 111
round 112
round 113
round 114
round 115
coin 14 23
coin 40 4
round 116
round 117
round 118
round 119
round 120
coin 7 3
coin 45 26
round 121
round 122
round 123
round 124
round 125
coin 49 0
coin 4 27
round 126
round 127
round 128
round 129
round 130
coin 8 8
coin 46 15
round 131
round 132
round 133
round 134
round 135
coin 35 14
coin 19 13
round 136
round 137
round 138
round 139
round 140
coin 34 7
coin 19 20
round 141
coin_collected 19 20 0
bot_coins 0 3
round 142
round 143
round 144
round 145
coin 16 3
coin 38 24
round 146
round 147
round 148
round 149
round 150
coin 11 18
coin 43 9
round 151
round 152
round 153
round 154
round 155
coin 37 9
coin 19 19
round 156
coin_collected 19 19 0
bot_coins 0 4
round 157
round 158
round 159
round 160
coin 6 2
coin 49 26
round 161
round 162
round 163
round 164
round 165
coin 38 11
coin 16 15
round 166
round 167
round 168
round 169
round 170
coin 42 18
coin 12 9
round 171
round 172
round 173
round 174
round 175
coin 6 1
coin 49 27
round 176
round 177
round 178
round 179
round 180
coin 14 21
coin 40 6
round 181
round 182
round 183
round 184
round 185
coin 21 5
coin 33 22
round 186
round 187
round 188
round 189
round 190
coin 51 0
coin 3 27
round 191
round 192
round 193
round 194
round 195
coin 9 21
coin 45 6
round 196
round 197
round 198
round 199
round 200
coin 9 22
coin 45 5
match_over 0
