match
match_id 1639404765875_bv
match_time 1639404765881
num_bots 1
##MatchConfig
mode FRIENDLY
num_rounds 200
random_seed 42
move_time_limit 1000
coin_spawn_period 5
coin_spawn_volume 2
##MapConfig
map_size 53 39
view_radius 5
mining_radius 2
attack_radius 4
block 9 0
block 10 0
block 11 0
block 12 0
block 13 0
block 17 0
block 18 0
block 19 0
block 20 0
block 21 0
block 23 0
block 24 0
block 25 0
block 32 0
block 33 0
block 34 0
block 35 0
block 38 0
block 39 0
block 40 0
block 41 0
block 42 0
block 43 0
block 44 0
block 45 0
block 46 0
block 47 0
block 48 0
block 49 0
block 9 1
block 10 1
block 11 1
block 12 1
block 13 1
block 17 1
block 18 1
block 19 1
block 20 1
block 21 1
block 22 1
block 23 1
block 24 1
block 25 1
block 26 1
block 32 1
block 33 1
block 34 1
block 35 1
block 42 1
block 43 1
block 44 1
block 45 1
block 46 1
block 47 1
block 48 1
block 9 2
block 10 2
block 11 2
block 12 2
block 13 2
block 21 2
block 22 2
block 23 2
block 24 2
block 25 2
block 26 2
block 27 2
block 28 2
block 29 2
block 30 2
block 32 2
block 33 2
block 34 2
block 35 2
block 42 2
block 43 2
block 44 2
block 45 2
block 46 2
block 26 3
block 27 3
block 28 3
block 29 3
block 30 3
block 32 3
block 33 3
block 34 3
block 35 3
block 42 3
block 43 3
block 44 3
block 45 3
block 46 3
block 26 4
block 27 4
block 28 4
block 29 4
block 30 4
block 32 4
block 33 4
block 34 4
block 35 4
block 33 5
block 34 5
block 46 7
block 47 7
block 48 7
block 27 8
block 28 8
block 29 8
block 30 8
block 31 8
block 32 8
block 46 8
block 47 8
block 48 8
block 23 9
block 24 9
block 25 9
block 26 9
block 27 9
block 28 9
block 29 9
block 30 9
block 31 9
block 32 9
block 40 9
block 41 9
block 42 9
block 43 9
block 44 9
block 46 9
block 47 9
block 48 9
block 23 10
block 24 10
block 25 10
block 26 10
block 27 10
block 28 10
block 40 10
block 41 10
block 42 10
block 43 10
block 44 10
block 46 10
block 47 10
block 48 10
block 23 11
block 24 11
block 25 11
block 26 11
block 27 11
block 28 11
block 40 11
block 41 11
block 42 11
block 43 11
block 44 11
block 46 11
block 47 11
block 48 11
block 23 12
block 24 12
block 25 12
block 26 12
block 27 12
block 28 12
block 46 12
block 47 12
block 48 12
block 23 13
block 24 13
block 25 13
block 26 13
block 27 13
block 28 13
block 46 13
block 47 13
block 48 13
block 21 14
block 22 14
block 23 14
block 24 14
block 25 14
block 26 14
block 27 14
block 28 14
block 21 15
block 22 15
block 23 15
block 24 15
block 25 15
block 26 15
block 27 15
block 28 15
block 50 15
block 51 15
block 52 15
block 21 16
block 22 16
block 26 16
block 27 16
block 50 16
block 51 16
block 52 16
block 26 17
block 27 17
block 26 18
block 27 18
block 26 19
block 27 19
block 28 19
block 29 19
block 26 20
block 27 20
block 28 20
block 29 20
block 27 21
block 28 21
block 29 21
block 27 22
block 28 22
block 29 22
block 47 23
block 48 23
block 49 23
block 47 24
block 48 24
block 49 24
block 6 25
block 7 25
block 3 26
block 4 26
block 5 26
block 6 26
block 7 26
block 30 26
block 31 26
block 32 26
block 33 26
block 3 27
block 4 27
block 5 27
block 6 27
block 7 27
block 30 27
block 31 27
block 32 27
block 33 27
block 3 28
block 4 28
block 5 28
block 6 28
block 30 28
block 31 28
block 32 28
block 33 28
block 3 29
block 4 29
block 5 29
block 6 29
block 30 29
block 31 29
block 32 29
block 33 29
block 2 30
block 3 30
block 4 30
block 5 30
block 6 30
block 30 30
block 31 30
block 32 30
block 33 30
block 2 31
block 3 31
block 4 31
block 5 31
block 6 31
block 30 31
block 31 31
block 32 31
block 33 31
block 2 32
block 3 32
block 4 32
block 5 32
block 6 32
block 2 33
block 3 33
block 4 33
block 5 33
block 6 33
block 47 33
block 48 33
block 49 33
block 2 34
block 3 34
block 4 34
block 5 34
block 6 34
block 43 34
block 44 34
block 47 34
block 48 34
block 49 34
block 2 35
block 3 35
block 23 35
block 24 35
block 25 35
block 43 35
block 44 35
block 47 35
block 48 35
block 49 35
block 2 36
block 3 36
block 23 36
block 24 36
block 25 36
block 42 36
block 43 36
block 44 36
block 45 36
block 46 36
block 47 36
block 48 36
block 49 36
block 9 37
block 10 37
block 11 37
block 12 37
block 13 37
block 17 37
block 18 37
block 19 37
block 20 37
block 23 37
block 24 37
block 25 37
block 42 37
block 43 37
block 44 37
block 45 37
block 46 37
block 47 37
block 48 37
block 49 37
block 9 38
block 10 38
block 11 38
block 12 38
block 13 38
block 17 38
block 18 38
block 19 38
block 20 38
block 21 38
block 23 38
block 24 38
block 25 38
block 38 38
block 39 38
block 40 38
block 41 38
block 42 38
block 43 38
block 44 38
block 45 38
block 46 38
block 47 38
block 48 38
block 49 38
##BotsAndCoinsInfo
bot_name 0 starter-bot
bot 0 50 34
bot_coins 0 0
coin 34 33
coin 18 5
round 1
round 2
round 3
round 4
round 5
coin 5 38
coin 47 2
round 6
round 7
round 8
round 9
round 10
coin 19 4
coin 33 34
round 11
round 12
round 13
round 14
round 15
coin 45 29
coin 7 9
round 16
round 17
round 18
round 19
round 20
coin 14 2
coin 38 36
round 21
round 22
round 23
round 24
round 25
coin 3 25
coin 49 13
round 26
round 27
round 28
round 29
round 30
coin 20 6
coin 32 32
round 31
round 32
round 33
round 34
round 35
coin 34 17
coin 18 21
round 36
round 37
round 38
round 39
round 40
coin 34 21
coin 18 17
round 41
round 42
round 43
round 44
round 45
coin 40 37
coin 12 3
round 46
round 47
round 48
round 49
round 50
coin 39 4
coin 13 34
round 51
round 52
round 53
round 54
round 55
coin 21 30
coin 31 7
round 56
round 57
round 58
round 59
round 60
coin 42 21
coin 10 17
round 61
round 62
round 63
round 64
round 65
coin 34 19
coin 18 19
round 66
round 67
round 68
round 69
round 70
coin 27 24
coin 25 16
round 71
round 72
round 73
round 74
round 75
coin 24 34
coin 28 5
round 76
round 77
round 78
round 79
round 80
coin 43 20
coin 9 18
round 81
round 82
round 83
round 84
round 85
coin 26 8
coin 26 30
round 86
bot 0 50 35
round 87
bot 0 50 36
round 88
bot 0 50 37
round 89
bot 0 50 38
round 90
coin 46 35
coin 6 3
round 91
round 92
round 93
match_over 0
round 94
