match
match_id 1639175560035_fn
match_time 1639175560036
num_bots 1
##MatchConfig
mode FRIENDLY
num_rounds 200
random_seed 42
move_time_limit 1000
coin_spawn_period 5
coin_spawn_volume 2
##MapConfig
map_size 64 21
view_radius 6
mining_radius 1
attack_radius 3
block 30 0
block 31 0
block 32 0
block 33 0
block 34 0
block 37 0
block 38 0
block 39 0
block 40 0
block 41 0
block 43 0
block 44 0
block 45 0
block 46 0
block 47 0
block 48 0
block 49 0
block 50 0
block 51 0
block 52 0
block 53 0
block 54 0
block 30 1
block 31 1
block 32 1
block 33 1
block 34 1
block 37 1
block 38 1
block 39 1
block 40 1
block 41 1
block 43 1
block 44 1
block 45 1
block 46 1
block 47 1
block 48 1
block 49 1
block 50 1
block 51 1
block 30 2
block 31 2
block 32 2
block 33 2
block 34 2
block 37 2
block 38 2
block 39 2
block 40 2
block 41 2
block 43 2
block 44 2
block 45 2
block 46 2
block 47 2
block 48 2
block 49 2
block 50 2
block 51 2
block 52 2
block 53 2
block 44 3
block 45 3
block 46 3
block 47 3
block 48 3
block 49 3
block 50 3
block 51 3
block 52 3
block 53 3
block 13 4
block 14 4
block 44 4
block 45 4
block 46 4
block 47 4
block 48 4
block 49 4
block 50 4
block 51 4
block 52 4
block 53 4
block 13 5
block 14 5
block 33 5
block 34 5
block 35 5
block 36 5
block 37 5
block 38 5
block 39 5
block 40 5
block 44 5
block 45 5
block 46 5
block 47 5
block 48 5
block 49 5
block 50 5
block 51 5
block 52 5
block 53 5
block 13 6
block 14 6
block 22 6
block 23 6
block 24 6
block 25 6
block 26 6
block 27 6
block 28 6
block 33 6
block 34 6
block 35 6
block 36 6
block 37 6
block 38 6
block 39 6
block 40 6
block 44 6
block 45 6
block 46 6
block 47 6
block 48 6
block 49 6
block 50 6
block 51 6
block 52 6
block 53 6
block 54 6
block 13 7
block 14 7
block 22 7
block 23 7
block 24 7
block 25 7
block 26 7
block 27 7
block 28 7
block 33 7
block 34 7
block 35 7
block 36 7
block 37 7
block 38 7
block 39 7
block 40 7
block 44 7
block 45 7
block 46 7
block 47 7
block 48 7
block 49 7
block 50 7
block 51 7
block 52 7
block 53 7
block 54 7
block 22 8
block 23 8
block 24 8
block 25 8
block 26 8
block 27 8
block 28 8
block 33 8
block 34 8
block 35 8
block 36 8
block 37 8
block 38 8
block 39 8
block 40 8
block 47 8
block 48 8
block 49 8
block 50 8
block 51 8
block 52 8
block 53 8
block 54 8
block 33 9
block 34 9
block 35 9
block 36 9
block 37 9
block 38 9
block 39 9
block 40 9
block 51 9
block 52 9
block 53 9
block 54 9
block 16 10
block 17 10
block 18 10
block 19 10
block 33 10
block 34 10
block 35 10
block 36 10
block 37 10
block 38 10
block 39 10
block 40 10
block 51 10
block 52 10
block 53 10
block 54 10
block 16 11
block 17 11
block 18 11
block 19 11
block 36 11
block 37 11
block 38 11
block 39 11
block 40 11
block 51 11
block 52 11
block 53 11
block 54 11
block 16 12
block 17 12
block 18 12
block 19 12
block 16 13
block 17 13
block 18 13
block 19 13
block 31 13
block 32 13
block 14 14
block 15 14
block 16 14
block 17 14
block 18 14
block 19 14
block 20 14
block 21 14
block 22 14
block 23 14
block 28 14
block 29 14
block 30 14
block 31 14
block 32 14
block 14 15
block 15 15
block 16 15
block 17 15
block 18 15
block 19 15
block 20 15
block 21 15
block 22 15
block 23 15
block 28 15
block 29 15
block 30 15
block 31 15
block 32 15
block 43 15
block 44 15
block 45 15
block 46 15
block 47 15
block 48 15
block 49 15
block 50 15
block 10 16
block 11 16
block 12 16
block 13 16
block 19 16
block 20 16
block 21 16
block 22 16
block 23 16
block 28 16
block 29 16
block 30 16
block 31 16
block 32 16
block 43 16
block 44 16
block 45 16
block 46 16
block 47 16
block 48 16
block 49 16
block 50 16
block 0 17
block 10 17
block 11 17
block 12 17
block 13 17
block 19 17
block 20 17
block 21 17
block 22 17
block 23 17
block 28 17
block 29 17
block 30 17
block 31 17
block 32 17
block 43 17
block 44 17
block 45 17
block 46 17
block 47 17
block 48 17
block 49 17
block 50 17
block 61 17
block 62 17
block 63 17
block 0 18
block 19 18
block 20 18
block 21 18
block 22 18
block 23 18
block 28 18
block 29 18
block 30 18
block 31 18
block 32 18
block 43 18
block 44 18
block 45 18
block 46 18
block 47 18
block 48 18
block 49 18
block 50 18
block 61 18
block 62 18
block 63 18
block 0 19
block 4 19
block 5 19
block 6 19
block 7 19
block 8 19
block 19 19
block 20 19
block 21 19
block 22 19
block 23 19
block 28 19
block 29 19
block 30 19
block 31 19
block 32 19
block 33 19
block 34 19
block 37 19
block 38 19
block 39 19
block 40 19
block 41 19
block 43 19
block 44 19
block 45 19
block 46 19
block 47 19
block 48 19
block 49 19
block 50 19
block 61 19
block 62 19
block 63 19
block 0 20
block 4 20
block 5 20
block 6 20
block 7 20
block 8 20
block 19 20
block 20 20
block 21 20
block 22 20
block 23 20
block 28 20
block 29 20
block 30 20
block 31 20
block 32 20
block 33 20
block 34 20
block 37 20
block 38 20
block 39 20
block 40 20
block 41 20
block 43 20
block 44 20
block 45 20
block 46 20
block 47 20
block 48 20
block 49 20
block 50 20
block 51 20
block 52 20
block 53 20
block 54 20
block 61 20
block 62 20
block 63 20
##BotsAndCoinsInfo
bot_name 0 starter-bot
bot 0 51 14
bot_coins 0 0
coin 46 12
coin 17 8
round 1
bot 0 51 15
round 2
bot 0 51 16
round 3
bot 0 51 17
round 4
bot 0 51 18
round 5
bot 0 51 19
coin 42 17
coin 21 3
round 6
round 7
round 8
round 9
round 10
coin 19 4
coin 44 14
round 11
round 12
round 13
round 14
round 15
coin 17 17
coin 43 3
round 16
round 17
round 18
round 19
round 20
coin 42 18
coin 21 2
round 21
round 22
round 23
round 24
round 25
coin 57 11
coin 6 9
round 26
round 27
round 28
round 29
round 30
coin 23 0
coin 42 20
round 31
round 32
round 33
round 34
round 35
coin 17 18
coin 43 4
round 36
round 37
round 38
round 39
round 40
coin 29 12
coin 32 8
round 41
round 42
round 43
round 44
round 45
coin 52 1
coin 11 19
round 46
round 47
round 48
round 49
round 50
coin 58 1
coin 5 18
round 51
round 52
round 53
round 54
round 55
coin 27 9
coin 36 12
round 56
round 57
round 58
round 59
round 60
coin 47 9
coin 15 11
round 61
round 62
round 63
round 64
round 65
coin 24 10
coin 41 10
round 66
round 67
round 68
round 69
round 70
coin 11 12
coin 50 9
round 71
round 72
round 73
round 74
round 75
coin 38 4
coin 25 16
round 76
round 77
round 78
round 79
round 80
coin 14 17
coin 53 1
round 81
round 82
round 83
round 84
round 85
coin 52 12
coin 11 8
round 86
round 87
round 88
round 89
round 90
coin 11 18
coin 54 2
round 91
round 92
round 93
round 94
round 95
coin 37 4
coin 26 16
round 96
round 97
round 98
round 99
round 100
coin 51 18
coin 12 2
round 101
coin_collected 51 18 0
bot_coins 0 1
round 102
round 103
round 104
round 105
coin 36 4
coin 27 16
round 106
round 107
round 108
round 109
round 110
coin 36 0
coin 27 20
round 111
round 112
round 113
round 114
round 115
coin 52 19
coin 11 1
round 116
coin_collected 52 19 0
bot_coins 0 2
round 117
round 118
round 119
round 120
coin 2 10
coin 61 10
round 121
round 122
round 123
round 124
round 125
coin 22 13
coin 41 7
round 126
round 127
round 128
round 129
round 130
coin 54 1
coin 9 19
round 131
round 132
round 133
round 134
round 135
coin 26 5
coin 37 15
round 136
round 137
round 138
round 139
round 140
coin 62 7
coin 1 13
round 141
round 142
round 143
round 144
round 145
coin 43 5
coin 20 13
round 146
round 147
round 148
round 149
round 150
coin 30 5
coin 33 15
round 151
round 152
round 153
round 154
round 155
coin 18 16
coin 43 6
round 156
round 157
round 158
round 159
round 160
coin 60 2
coin 3 18
round 161
round 162
round 163
round 164
round 165
coin 54 4
coin 9 16
round 166
round 167
round 168
round 169
round 170
coin 40 12
coin 23 9
round 171
round 172
round 173
round 174
round 175
coin 22 9
coin 41 11
round 176
round 177
round 178
round 179
round 180
coin 23 5
coin 40 15
round 181
round 182
round 183
round 184
round 185
coin 27 5
coin 36 15
round 186
round 187
round 188
round 189
round 190
coin 29 7
coin 34 13
round 191
round 192
round 193
round 194
round 195
coin 29 0
coin 35 20
round 196
round 197
round 198
round 199
round 200
coin 29 1
coin 35 19
match_over 0
