match
match_id 1639213422043_kg
match_time 1639213422046
num_bots 1
##MatchConfig
mode FRIENDLY
num_rounds 200
random_seed 42
move_time_limit 1000
coin_spawn_period 5
coin_spawn_volume 2
##MapConfig
map_size 49 32
view_radius 6
mining_radius 2
attack_radius 4
block 0 0
block 1 0
block 2 0
block 3 0
block 4 0
block 5 0
block 30 0
block 31 0
block 32 0
block 33 0
block 34 0
block 35 0
block 39 0
block 40 0
block 41 0
block 42 0
block 47 0
block 48 0
block 0 1
block 1 1
block 2 1
block 3 1
block 4 1
block 5 1
block 30 1
block 31 1
block 32 1
block 33 1
block 34 1
block 35 1
block 39 1
block 40 1
block 41 1
block 42 1
block 47 1
block 48 1
block 0 2
block 1 2
block 2 2
block 3 2
block 30 2
block 31 2
block 32 2
block 33 2
block 34 2
block 35 2
block 47 2
block 48 2
block 0 3
block 1 3
block 2 3
block 3 3
block 30 3
block 31 3
block 32 3
block 33 3
block 34 3
block 35 3
block 47 3
block 48 3
block 12 4
block 13 4
block 14 4
block 15 4
block 30 4
block 31 4
block 32 4
block 33 4
block 34 4
block 35 4
block 12 5
block 13 5
block 14 5
block 15 5
block 12 6
block 13 6
block 14 6
block 15 6
block 12 7
block 13 7
block 14 7
block 15 7
block 31 7
block 32 7
block 33 7
block 34 7
block 35 7
block 36 7
block 37 7
block 12 8
block 13 8
block 14 8
block 15 8
block 31 8
block 32 8
block 33 8
block 34 8
block 35 8
block 36 8
block 37 8
block 31 9
block 32 9
block 33 9
block 34 9
block 35 9
block 36 9
block 37 9
block 31 10
block 32 10
block 33 10
block 34 10
block 35 10
block 36 10
block 37 10
block 31 11
block 32 11
block 33 11
block 34 11
block 35 11
block 36 11
block 37 11
block 31 12
block 32 12
block 33 12
block 34 12
block 35 12
block 36 12
block 37 12
block 31 13
block 32 13
block 33 13
block 34 13
block 35 13
block 36 13
block 37 13
block 42 19
block 43 19
block 44 19
block 23 20
block 24 20
block 25 20
block 42 20
block 43 20
block 44 20
block 19 21
block 20 21
block 21 21
block 23 21
block 24 21
block 25 21
block 42 21
block 43 21
block 44 21
block 19 22
block 20 22
block 21 22
block 23 22
block 24 22
block 25 22
block 42 22
block 43 22
block 44 22
block 19 23
block 20 23
block 21 23
block 23 23
block 24 23
block 25 23
block 37 23
block 38 23
block 39 23
block 42 23
block 43 23
block 44 23
block 19 24
block 20 24
block 21 24
block 25 24
block 26 24
block 27 24
block 37 24
block 38 24
block 39 24
block 42 24
block 43 24
block 44 24
block 45 24
block 46 24
block 25 25
block 26 25
block 27 25
block 28 25
block 29 25
block 30 25
block 31 25
block 32 25
block 37 25
block 38 25
block 39 25
block 42 25
block 43 25
block 44 25
block 45 25
block 46 25
block 26 26
block 27 26
block 28 26
block 29 26
block 30 26
block 31 26
block 32 26
block 37 26
block 38 26
block 39 26
block 42 26
block 43 26
block 44 26
block 45 26
block 46 26
block 4 27
block 5 27
block 37 27
block 38 27
block 39 27
block 4 28
block 5 28
block 37 28
block 38 28
block 39 28
block 4 29
block 5 29
block 37 29
block 38 29
block 39 29
block 0 30
block 1 30
block 2 30
block 3 30
block 4 30
block 5 30
block 47 30
block 48 30
block 0 31
block 1 31
block 2 31
block 3 31
block 4 31
block 5 31
block 39 31
block 40 31
block 41 31
block 42 31
block 47 31
block 48 31
##BotsAndCoinsInfo
bot_name 0 starter-bot
bot 0 46 1
bot_coins 0 0
coin 29 1
coin 19 30
round 1
bot 0 46 2
round 2
bot 0 46 3
round 3
bot 0 46 4
round 4
bot 0 46 5
round 5
bot 0 46 6
coin 36 1
coin 12 30
round 6
bot 0 46 7
round 7
bot 0 46 8
round 8
bot 0 46 9
round 9
bot 0 46 10
round 10
bot 0 46 11
coin 20 30
coin 28 1
round 11
bot 0 46 12
round 12
bot 0 46 13
round 13
bot 0 46 14
round 14
bot 0 46 15
round 15
bot 0 46 16
coin 1 22
coin 47 9
round 16
bot 0 46 17
round 17
bot 0 46 18
round 18
bot 0 46 19
round 19
bot 0 46 20
round 20
bot 0 46 21
coin 46 2
coin 2 29
round 21
bot 0 46 22
round 22
bot 0 46 23
round 23
round 24
round 25
coin 3 14
coin 45 17
round 26
round 27
round 28
round 29
round 30
coin 28 12
coin 20 19
round 31
round 32
round 33
round 34
round 35
coin 15 22
coin 33 6
round 36
round 37
round 38
round 39
round 40
coin 28 24
coin 20 7
round 41
round 42
round 43
round 44
round 45
coin 0 29
coin 48 4
round 46
round 47
round 48
round 49
round 50
coin 40 4
coin 8 27
round 51
round 52
round 53
round 54
round 55
coin 15 14
coin 33 17
round 56
round 57
round 58
round 59
round 60
coin 28 29
coin 20 2
round 61
round 62
round 63
round 64
round 65
coin 35 25
coin 11 6
round 66
round 67
round 68
round 69
round 70
coin 11 4
coin 36 27
round 71
round 72
round 73
round 74
round 75
coin 26 10
coin 22 21
round 76
round 77
round 78
round 79
round 80
coin 44 8
coin 4 23
round 81
round 82
round 83
round 84
round 85
coin 10 11
coin 38 20
round 86
round 87
round 88
round 89
round 90
coin 19 5
coin 29 27
round 91
round 92
round 93
round 94
round 95
coin 21 8
coin 27 23
round 96
round 97
round 98
round 99
round 100
coin 41 20
coin 7 11
round 101
round 102
round 103
round 104
round 105
coin 0 4
coin 48 27
round 106
round 107
round 108
round 109
round 110
coin 10 2
coin 38 30
round 111
round 112
round 113
round 114
round 115
coin 6 25
coin 42 6
round 116
round 117
round 118
round 119
round 120
coin 48 10
coin 0 21
round 121
round 122
round 123
round 124
round 125
coin 11 5
coin 36 26
round 126
round 127
round 128
round 129
round 130
coin 37 0
coin 11 31
round 131
round 132
round 133
round 134
round 135
coin 16 24
coin 32 6
round 136
round 137
round 138
round 139
round 140
coin 42 2
coin 6 29
round 141
round 142
round 143
round 144
round 145
coin 43 17
coin 5 14
round 146
round 147
round 148
round 149
round 150
coin 0 27
coin 48 5
round 151
round 152
round 153
round 154
round 155
coin 46 7
coin 2 24
round 156
round 157
round 158
round 159
round 160
coin 1 19
coin 47 12
round 161
round 162
round 163
round 164
round 165
coin 34 6
coin 14 25
round 166
round 167
round 168
round 169
round 170
coin 34 14
coin 14 17
round 171
round 172
round 173
round 174
round 175
coin 31 5
coin 17 26
round 176
round 177
round 178
round 179
round 180
coin 4 13
coin 44 18
round 181
round 182
round 183
round 184
round 185
coin 15 20
coin 33 14
round 186
round 187
round 188
round 189
round 190
coin 5 22
coin 43 9
round 191
round 192
round 193
round 194
round 195
coin 10 30
coin 38 1
round 196
round 197
round 198
round 199
round 200
coin 23 17
coin 25 14
match_over 0
