match
match_id 1639217453296_ny
match_time 1639217453297
num_bots 1
##MatchConfig
mode FRIENDLY
num_rounds 200
random_seed 42
move_time_limit 1000
coin_spawn_period 5
coin_spawn_volume 2
##MapConfig
map_size 65 20
view_radius 5
mining_radius 2
attack_radius 4
block 19 0
block 20 0
block 21 0
block 22 0
block 23 0
block 24 0
block 25 0
block 26 0
block 48 0
block 49 0
block 51 0
block 52 0
block 19 1
block 20 1
block 21 1
block 22 1
block 23 1
block 24 1
block 25 1
block 26 1
block 48 1
block 49 1
block 51 1
block 52 1
block 55 1
block 56 1
block 57 1
block 0 2
block 1 2
block 2 2
block 3 2
block 4 2
block 14 2
block 15 2
block 16 2
block 17 2
block 18 2
block 19 2
block 20 2
block 21 2
block 48 2
block 49 2
block 55 2
block 56 2
block 57 2
block 63 2
block 64 2
block 0 3
block 1 3
block 2 3
block 3 3
block 4 3
block 14 3
block 15 3
block 16 3
block 17 3
block 18 3
block 33 3
block 34 3
block 35 3
block 48 3
block 49 3
block 55 3
block 56 3
block 57 3
block 63 3
block 64 3
block 0 4
block 1 4
block 2 4
block 3 4
block 4 4
block 14 4
block 15 4
block 16 4
block 17 4
block 18 4
block 33 4
block 34 4
block 35 4
block 55 4
block 56 4
block 57 4
block 63 4
block 64 4
block 0 5
block 1 5
block 2 5
block 3 5
block 4 5
block 10 5
block 11 5
block 12 5
block 13 5
block 14 5
block 15 5
block 16 5
block 17 5
block 18 5
block 32 5
block 33 5
block 34 5
block 35 5
block 36 5
block 37 5
block 38 5
block 63 5
block 64 5
block 0 6
block 1 6
block 2 6
block 3 6
block 4 6
block 10 6
block 11 6
block 12 6
block 13 6
block 14 6
block 15 6
block 16 6
block 17 6
block 18 6
block 32 6
block 33 6
block 34 6
block 35 6
block 36 6
block 37 6
block 38 6
block 63 6
block 64 6
block 10 7
block 11 7
block 12 7
block 13 7
block 14 7
block 15 7
block 32 7
block 33 7
block 34 7
block 35 7
block 36 7
block 37 7
block 38 7
block 10 8
block 11 8
block 12 8
block 13 8
block 14 8
block 15 8
block 32 8
block 33 8
block 34 8
block 35 8
block 36 8
block 37 8
block 38 8
block 10 9
block 11 9
block 12 9
block 13 9
block 14 9
block 15 9
block 32 9
block 33 9
block 34 9
block 35 9
block 36 9
block 37 9
block 38 9
block 39 9
block 40 9
block 41 9
block 42 9
block 43 9
block 10 10
block 11 10
block 12 10
block 13 10
block 14 10
block 15 10
block 20 10
block 21 10
block 22 10
block 32 10
block 33 10
block 34 10
block 35 10
block 36 10
block 37 10
block 38 10
block 39 10
block 40 10
block 41 10
block 42 10
block 43 10
block 20 11
block 21 11
block 22 11
block 32 11
block 33 11
block 34 11
block 35 11
block 36 11
block 37 11
block 38 11
block 39 11
block 40 11
block 41 11
block 42 11
block 43 11
block 20 12
block 21 12
block 22 12
block 20 13
block 21 13
block 22 13
block 20 14
block 21 14
block 22 14
block 23 14
block 24 14
block 25 14
block 26 14
block 27 14
block 20 15
block 21 15
block 22 15
block 23 15
block 24 15
block 25 15
block 26 15
block 27 15
block 39 15
block 40 15
block 23 16
block 24 16
block 25 16
block 26 16
block 27 16
block 39 16
block 40 16
block 54 16
block 55 16
block 56 16
block 57 16
block 19 17
block 20 17
block 21 17
block 22 17
block 23 17
block 24 17
block 25 17
block 26 17
block 54 17
block 55 17
block 56 17
block 57 17
block 19 18
block 20 18
block 21 18
block 22 18
block 23 18
block 24 18
block 25 18
block 26 18
block 54 18
block 55 18
block 56 18
block 57 18
block 19 19
block 20 19
block 21 19
block 22 19
block 23 19
block 24 19
block 25 19
block 26 19
block 54 19
block 55 19
block 56 19
block 57 19
##BotsAndCoinsInfo
bot_name 0 starter-bot
bot 0 14 16
bot_coins 0 0
coin 0 1
coin 64 18
round 1
bot 0 14 17
round 2
bot 0 14 18
round 3
bot 0 14 19
round 4
bot 0 13 18
round 5
bot 0 13 17
coin 48 4
coin 16 15
round 6
bot 0 13 16
round 7
bot 0 13 15
round 8
bot 0 13 14
round 9
bot 0 13 13
round 10
bot 0 13 12
coin 0 7
coin 64 12
round 11
bot 0 13 11
round 12
bot 0 12 11
round 13
bot 0 11 11
round 14
bot 0 10 11
round 15
bot 0 9 11
coin 0 18
coin 64 1
round 16
bot 0 9 10
round 17
bot 0 9 9
round 18
bot 0 9 8
round 19
bot 0 9 7
round 20
bot 0 9 6
coin 29 13
coin 36 4
round 21
bot 0 9 5
round 22
bot 0 9 4
round 23
bot 0 9 3
round 24
bot 0 9 2
round 25
bot 0 9 1
coin 52 2
coin 12 17
round 26
bot 0 9 0
round 27
bot 0 8 1
round 28
bot 0 8 2
round 29
bot 0 8 3
round 30
bot 0 8 4
coin 19 12
coin 45 7
round 31
bot 0 8 5
round 32
bot 0 8 6
round 33
bot 0 8 7
round 34
bot 0 8 8
round 35
bot 0 8 9
coin 46 12
coin 18 7
round 36
bot 0 8 10
round 37
bot 0 8 11
round 38
bot 0 8 12
round 39
bot 0 8 13
round 40
bot 0 8 14
coin 61 10
coin 3 9
round 41
bot 0 8 15
round 42
bot 0 8 16
round 43
bot 0 8 17
round 44
bot 0 8 18
round 45
bot 0 8 19
coin 63 9
coin 1 10
round 46
bot 0 7 18
round 47
bot 0 7 17
round 48
bot 0 7 16
round 49
bot 0 7 15
round 50
bot 0 7 14
coin 40 3
coin 22 16
round 51
bot 0 7 13
round 52
bot 0 7 12
round 53
bot 0 7 11
round 54
bot 0 7 10
round 55
bot 0 7 9
coin 26 13
coin 39 6
round 56
bot 0 7 8
round 57
bot 0 7 7
round 58
bot 0 7 6
round 59
bot 0 7 5
round 60
bot 0 7 4
coin 38 1
coin 27 18
round 61
bot 0 7 3
round 62
bot 0 7 2
round 63
bot 0 7 1
round 64
bot 0 7 0
round 65
bot 0 6 1
coin 27 19
coin 37 0
round 66
bot 0 6 2
round 67
bot 0 6 3
round 68
bot 0 6 4
round 69
bot 0 6 5
round 70
bot 0 6 6
coin 31 6
coin 33 13
round 71
bot 0 6 7
round 72
bot 0 6 8
round 73
bot 0 6 9
round 74
bot 0 6 10
round 75
bot 0 6 11
coin 27 17
coin 37 2
round 76
bot 0 6 12
round 77
bot 0 6 13
round 78
bot 0 6 14
round 79
bot 0 6 15
round 80
bot 0 6 16
coin 5 5
coin 59 14
round 81
bot 0 6 17
round 82
bot 0 6 18
round 83
bot 0 6 19
round 84
bot 0 5 18
round 85
bot 0 5 17
coin 7 7
coin 57 12
round 86
bot 0 5 16
round 87
bot 0 5 15
round 88
bot 0 5 14
round 89
bot 0 5 13
round 90
bot 0 5 12
coin 32 13
coin 31 7
round 91
bot 0 5 11
round 92
bot 0 5 10
round 93
bot 0 5 9
coin_collected 3 9 0
bot_coins 0 1
round 94
bot 0 5 8
round 95
bot 0 5 7
coin_collected 5 5 0
bot_coins 0 2
coin_collected 7 7 0
bot_coins 0 3
coin 28 4
coin 36 15
round 96
bot 0 5 6
round 97
bot 0 5 5
round 98
bot 0 5 4
round 99
bot 0 5 3
round 100
bot 0 5 2
coin 44 5
coin 19 14
round 101
bot 0 5 1
round 102
bot 0 5 0
round 103
bot 0 4 1
round 104
bot 0 3 1
round 105
bot 0 2 1
coin_collected 0 1 0
bot_coins 0 4
coin 8 17
coin 58 2
round 106
bot 0 1 1
coin_collected 64 1 0
bot_coins 0 5
round 107
bot 0 0 1
round 108
bot 0 64 1
round 109
bot 0 63 1
round 110
bot 0 62 1
coin 15 14
coin 49 5
round 111
bot 0 62 2
round 112
bot 0 62 3
round 113
bot 0 62 4
round 114
bot 0 62 5
round 115
bot 0 62 6
coin 42 15
coin 22 4
round 116
bot 0 62 7
round 117
bot 0 62 8
coin_collected 63 9 0
bot_coins 0 6
round 118
bot 0 62 9
coin_collected 61 10 0
bot_coins 0 7
round 119
bot 0 62 10
round 120
bot 0 62 11
coin 27 3
coin 37 16
round 121
bot 0 62 12
coin_collected 64 12 0
bot_coins 0 8
round 122
bot 0 62 13
round 123
bot 0 62 14
round 124
bot 0 62 15
round 125
bot 0 62 16
coin 48 19
coin 16 0
round 126
bot 0 62 17
round 127
bot 0 62 18
coin_collected 64 18 0
bot_coins 0 9
round 128
bot 0 62 19
round 129
bot 0 61 18
round 130
bot 0 61 17
coin 3 16
coin 61 3
round 131
bot 0 61 16
round 132
bot 0 61 15
round 133
bot 0 61 14
coin_collected 59 14 0
bot_coins 0 10
round 134
bot 0 61 13
round 135
bot 0 61 12
coin 40 12
coin 24 7
round 136
bot 0 61 11
round 137
bot 0 61 10
round 138
bot 0 61 9
round 139
bot 0 61 8
round 140
bot 0 61 7
coin 38 19
coin 27 0
round 141
bot 0 61 6
round 142
bot 0 61 5
coin_collected 61 3 0
bot_coins 0 11
round 143
bot 0 61 4
round 144
bot 0 61 3
round 145
bot 0 61 2
coin 36 3
coin 28 16
round 146
bot 0 61 1
round 147
bot 0 61 0
round 148
bot 0 60 1
round 149
bot 0 60 2
coin_collected 58 2 0
bot_coins 0 12
round 150
bot 0 60 3
coin 32 19
coin 32 0
round 151
bot 0 60 4
round 152
bot 0 60 5
round 153
bot 0 60 6
round 154
bot 0 60 7
round 155
bot 0 60 8
coin 32 1
coin 32 18
round 156
bot 0 60 9
round 157
bot 0 60 10
round 158
bot 0 60 11
round 159
bot 0 60 12
round 160
bot 0 60 13
coin 24 13
coin 40 6
round 161
bot 0 60 14
round 162
bot 0 60 15
round 163
bot 0 60 16
round 164
bot 0 60 17
round 165
bot 0 60 18
coin 33 19
coin 31 0
round 166
bot 0 60 19
round 167
bot 0 59 18
round 168
bot 0 59 17
round 169
bot 0 59 16
round 170
bot 0 59 15
coin 35 19
coin 29 0
round 171
bot 0 59 14
round 172
bot 0 59 13
round 173
bot 0 59 12
coin_collected 57 12 0
bot_coins 0 13
round 174
bot 0 59 11
round 175
bot 0 59 10
coin 45 1
coin 18 18
round 176
bot 0 59 9
round 177
bot 0 59 8
round 178
bot 0 59 7
round 179
bot 0 59 6
round 180
bot 0 59 5
coin 13 11
coin 51 8
round 181
bot 0 59 4
round 182
bot 0 59 3
round 183
bot 0 59 2
round 184
bot 0 59 1
round 185
bot 0 59 0
coin 13 13
coin 51 6
round 186
bot 0 58 1
round 187
bot 0 58 2
round 188
bot 0 58 3
round 189
bot 0 58 4
round 190
bot 0 58 5
coin 15 0
coin 49 19
round 191
bot 0 58 6
round 192
bot 0 58 7
round 193
bot 0 58 8
round 194
bot 0 58 9
round 195
bot 0 58 10
coin 55 13
coin 9 6
round 196
bot 0 58 11
round 197
bot 0 58 12
round 198
bot 0 58 13
round 199
bot 0 58 14
round 200
bot 0 58 15
coin 40 14
coin 24 5
match_over 0
