match
match_id 1639178238970_hy
match_time 1639178238973
num_bots 1
##MatchConfig
mode FRIENDLY
num_rounds 200
random_seed 42
move_time_limit 1000
coin_spawn_period 5
coin_spawn_volume 2
##MapConfig
map_size 77 36
view_radius 5
mining_radius 2
attack_radius 3
block 31 0
block 32 0
block 33 0
block 34 0
block 35 0
block 36 0
block 37 0
block 48 0
block 49 0
block 50 0
block 51 0
block 52 0
block 54 0
block 55 0
block 56 0
block 57 0
block 58 0
block 64 0
block 65 0
block 66 0
block 67 0
block 68 0
block 69 0
block 70 0
block 31 1
block 32 1
block 33 1
block 34 1
block 35 1
block 36 1
block 37 1
block 48 1
block 49 1
block 50 1
block 51 1
block 52 1
block 31 2
block 32 2
block 33 2
block 34 2
block 35 2
block 36 2
block 37 2
block 48 2
block 49 2
block 50 2
block 51 2
block 52 2
block 63 2
block 64 2
block 65 2
block 41 3
block 42 3
block 43 3
block 44 3
block 45 3
block 63 3
block 64 3
block 65 3
block 41 4
block 42 4
block 43 4
block 44 4
block 45 4
block 63 4
block 64 4
block 65 4
block 53 5
block 54 5
block 55 5
block 56 5
block 63 5
block 64 5
block 65 5
block 50 6
block 51 6
block 52 6
block 53 6
block 54 6
block 55 6
block 56 6
block 63 6
block 64 6
block 65 6
block 50 7
block 51 7
block 52 7
block 53 7
block 54 7
block 55 7
block 56 7
block 63 7
block 64 7
block 65 7
block 30 8
block 31 8
block 32 8
block 33 8
block 50 8
block 51 8
block 52 8
block 53 8
block 54 8
block 55 8
block 56 8
block 63 8
block 64 8
block 65 8
block 30 9
block 31 9
block 32 9
block 33 9
block 50 9
block 51 9
block 52 9
block 53 9
block 54 9
block 55 9
block 30 10
block 31 10
block 32 10
block 33 10
block 50 10
block 51 10
block 52 10
block 53 10
block 54 10
block 55 10
block 30 11
block 31 11
block 32 11
block 33 11
block 50 11
block 51 11
block 52 11
block 53 11
block 54 11
block 55 11
block 30 12
block 31 12
block 32 12
block 33 12
block 50 12
block 51 12
block 52 12
block 53 12
block 54 12
block 55 12
block 30 13
block 31 13
block 32 13
block 33 13
block 50 13
block 51 13
block 52 13
block 53 13
block 54 13
block 55 13
block 56 13
block 57 13
block 58 13
block 30 14
block 31 14
block 32 14
block 33 14
block 55 14
block 56 14
block 57 14
block 58 14
block 55 15
block 56 15
block 57 15
block 58 15
block 30 16
block 31 16
block 55 16
block 56 16
block 57 16
block 58 16
block 0 17
block 1 17
block 2 17
block 3 17
block 4 17
block 30 17
block 31 17
block 55 17
block 56 17
block 57 17
block 58 17
block 76 17
block 0 18
block 1 18
block 2 18
block 3 18
block 4 18
block 30 18
block 31 18
block 55 18
block 56 18
block 57 18
block 58 18
block 76 18
block 0 19
block 1 19
block 2 19
block 3 19
block 4 19
block 55 19
block 56 19
block 57 19
block 58 19
block 76 19
block 33 20
block 34 20
block 35 20
block 36 20
block 37 20
block 57 20
block 58 20
block 8 21
block 9 21
block 10 21
block 11 21
block 33 21
block 34 21
block 35 21
block 36 21
block 37 21
block 8 22
block 9 22
block 10 22
block 11 22
block 33 22
block 34 22
block 35 22
block 36 22
block 37 22
block 8 23
block 9 23
block 10 23
block 11 23
block 33 23
block 34 23
block 35 23
block 36 23
block 37 23
block 8 24
block 9 24
block 10 24
block 11 24
block 33 24
block 34 24
block 35 24
block 36 24
block 37 24
block 8 25
block 9 25
block 10 25
block 11 25
block 8 26
block 9 26
block 10 26
block 11 26
block 8 27
block 9 27
block 10 27
block 11 27
block 65 29
block 66 29
block 67 29
block 65 30
block 66 30
block 67 30
block 0 31
block 1 31
block 2 31
block 3 31
block 4 31
block 5 31
block 64 31
block 65 31
block 66 31
block 67 31
block 68 31
block 69 31
block 76 31
block 0 32
block 1 32
block 2 32
block 3 32
block 4 32
block 5 32
block 64 32
block 65 32
block 66 32
block 67 32
block 68 32
block 69 32
block 76 32
block 0 33
block 1 33
block 2 33
block 3 33
block 4 33
block 5 33
block 64 33
block 65 33
block 66 33
block 67 33
block 68 33
block 69 33
block 75 33
block 76 33
block 0 34
block 1 34
block 2 34
block 3 34
block 4 34
block 5 34
block 64 34
block 65 34
block 66 34
block 67 34
block 68 34
block 69 34
block 75 34
block 76 34
block 0 35
block 1 35
block 2 35
block 3 35
block 4 35
block 5 35
block 31 35
block 32 35
block 33 35
block 34 35
block 35 35
block 36 35
block 37 35
block 54 35
block 55 35
block 56 35
block 57 35
block 58 35
block 64 35
block 65 35
block 66 35
block 67 35
block 68 35
block 69 35
block 70 35
block 76 35
##BotsAndCoinsInfo
bot_name 0 starter-bot
bot 0 57 21
bot_coins 0 0
coin 29 3
coin 47 32
round 1
bot 0 57 22
round 2
bot 0 57 23
round 3
bot 0 57 24
round 4
bot 0 57 25
round 5
bot 0 57 26
coin 41 8
coin 35 27
round 6
bot 0 57 27
round 7
bot 0 57 28
round 8
bot 0 57 29
round 9
bot 0 57 30
round 10
bot 0 57 31
coin 47 25
coin 29 10
round 11
bot 0 57 32
round 12
bot 0 57 33
round 13
bot 0 57 34
round 14
round 15
coin 1 2
coin 75 32
round 16
round 17
round 18
round 19
round 20
coin 76 29
coin 0 6
round 21
round 22
round 23
round 24
round 25
coin 66 26
coin 10 9
round 26
round 27
round 28
round 29
round 30
coin 35 34
coin 41 1
round 31
round 32
round 33
round 34
round 35
coin 57 32
coin 19 3
round 36
coin_collected 57 32 0
bot_coins 0 1
round 37
round 38
round 39
round 40
coin 70 6
coin 6 29
round 41
round 42
round 43
round 44
round 45
coin 0 16
coin 76 20
round 46
round 47
round 48
round 49
round 50
coin 54 31
coin 22 4
round 51
round 52
round 53
round 54
round 55
coin 36 33
coin 40 2
round 56
round 57
round 58
round 59
round 60
coin 56 9
coin 20 26
round 61
round 62
round 63
round 64
round 65
coin 21 22
coin 54 14
round 66
round 67
round 68
round 69
round 70
coin 4 30
coin 72 5
round 71
round 72
round 73
round 74
round 75
coin 34 12
coin 42 23
round 76
round 77
round 78
round 79
round 80
coin 23 5
coin 53 30
round 81
round 82
round 83
round 84
round 85
coin 12 23
coin 64 12
round 86
round 87
round 88
round 89
round 90
coin 54 25
coin 22 10
round 91
round 92
round 93
round 94
round 95
coin 21 12
coin 55 23
round 96
round 97
round 98
round 99
round 100
coin 13 13
coin 63 22
round 101
round 102
round 103
round 104
round 105
coin 56 25
coin 20 10
round 106
round 107
round 108
round 109
round 110
coin 10 6
coin 66 28
round 111
round 112
round 113
round 114
round 115
coin 34 11
coin 42 24
round 116
round 117
round 118
round 119
round 120
coin 62 7
coin 14 28
round 121
round 122
round 123
round 124
round 125
coin 26 32
coin 50 3
round 126
round 127
round 128
round 129
round 130
coin 30 4
coin 46 31
round 131
round 132
round 133
round 134
round 135
coin 2 0
coin 74 35
round 136
round 137
round 138
round 139
round 140
coin 0 30
coin 76 5
round 141
round 142
round 143
round 144
round 145
coin 71 27
coin 5 8
round 146
round 147
round 148
round 149
round 150
coin 56 23
coin 20 12
round 151
round 152
round 153
round 154
round 155
coin 4 13
coin 72 22
round 156
round 157
round 158
round 159
round 160
coin 15 14
coin 61 21
round 161
round 162
round 163
round 164
round 165
coin 27 31
coin 49 4
round 166
round 167
round 168
round 169
round 170
coin 34 27
coin 42 8
round 171
round 172
round 173
round 174
round 175
coin 38 5
coin 38 30
round 176
round 177
round 178
round 179
round 180
coin 46 25
coin 29 11
round 181
round 182
round 183
round 184
round 185
coin 1 5
coin 75 30
round 186
round 187
round 188
round 189
round 190
coin 40 16
coin 36 19
round 191
round 192
round 193
round 194
round 195
coin 10 33
coin 66 2
round 196
round 197
round 198
round 199
round 200
coin 65 10
coin 12 25
match_over 0
