match
match_id 1639217590131_oh
match_time 1639217590134
num_bots 1
##MatchConfig
mode FRIENDLY
num_rounds 200
random_seed 42
move_time_limit 1000
coin_spawn_period 5
coin_spawn_volume 2
##MapConfig
map_size 51 35
view_radius 5
mining_radius 1
attack_radius 3
block 0 0
block 19 0
block 20 0
block 21 0
block 41 0
block 42 0
block 43 0
block 44 0
block 46 0
block 47 0
block 48 0
block 49 0
block 50 0
block 0 1
block 6 1
block 7 1
block 8 1
block 9 1
block 10 1
block 14 1
block 15 1
block 16 1
block 17 1
block 18 1
block 19 1
block 20 1
block 21 1
block 39 1
block 40 1
block 41 1
block 42 1
block 43 1
block 44 1
block 46 1
block 47 1
block 48 1
block 49 1
block 50 1
block 0 2
block 6 2
block 7 2
block 8 2
block 9 2
block 10 2
block 14 2
block 15 2
block 16 2
block 17 2
block 18 2
block 19 2
block 20 2
block 21 2
block 39 2
block 40 2
block 41 2
block 42 2
block 43 2
block 44 2
block 46 2
block 47 2
block 48 2
block 49 2
block 50 2
block 6 3
block 7 3
block 8 3
block 9 3
block 10 3
block 13 3
block 14 3
block 15 3
block 16 3
block 17 3
block 18 3
block 19 3
block 20 3
block 21 3
block 39 3
block 40 3
block 41 3
block 42 3
block 43 3
block 44 3
block 6 4
block 7 4
block 8 4
block 9 4
block 10 4
block 13 4
block 14 4
block 15 4
block 16 4
block 17 4
block 18 4
block 19 4
block 0 5
block 1 5
block 2 5
block 3 5
block 4 5
block 6 5
block 7 5
block 8 5
block 9 5
block 10 5
block 13 5
block 14 5
block 15 5
block 16 5
block 17 5
block 18 5
block 19 5
block 27 5
block 28 5
block 29 5
block 30 5
block 50 5
block 0 6
block 1 6
block 2 6
block 3 6
block 4 6
block 6 6
block 7 6
block 8 6
block 9 6
block 10 6
block 13 6
block 14 6
block 15 6
block 16 6
block 17 6
block 18 6
block 19 6
block 27 6
block 28 6
block 29 6
block 30 6
block 50 6
block 0 7
block 1 7
block 2 7
block 3 7
block 4 7
block 13 7
block 14 7
block 15 7
block 16 7
block 17 7
block 18 7
block 19 7
block 20 7
block 21 7
block 22 7
block 23 7
block 27 7
block 28 7
block 29 7
block 30 7
block 50 7
block 0 8
block 1 8
block 2 8
block 3 8
block 4 8
block 20 8
block 21 8
block 22 8
block 23 8
block 27 8
block 28 8
block 29 8
block 30 8
block 43 8
block 44 8
block 45 8
block 46 8
block 47 8
block 48 8
block 50 8
block 20 9
block 21 9
block 22 9
block 23 9
block 27 9
block 28 9
block 29 9
block 30 9
block 43 9
block 44 9
block 45 9
block 46 9
block 47 9
block 48 9
block 27 10
block 28 10
block 29 10
block 30 10
block 43 10
block 44 10
block 45 10
block 46 10
block 47 10
block 48 10
block 22 11
block 23 11
block 24 11
block 25 11
block 26 11
block 27 11
block 28 11
block 29 11
block 30 11
block 43 11
block 44 11
block 45 11
block 46 11
block 47 11
block 48 11
block 22 12
block 23 12
block 24 12
block 25 12
block 26 12
block 27 12
block 28 12
block 29 12
block 30 12
block 22 13
block 23 13
block 24 13
block 25 13
block 26 13
block 27 13
block 28 13
block 29 13
block 30 13
block 41 13
block 42 13
block 43 13
block 44 13
block 45 13
block 46 13
block 47 13
block 41 14
block 42 14
block 43 14
block 44 14
block 45 14
block 46 14
block 47 14
block 28 15
block 29 15
block 30 15
block 41 15
block 42 15
block 43 15
block 44 15
block 45 15
block 46 15
block 47 15
block 7 16
block 8 16
block 9 16
block 10 16
block 11 16
block 28 16
block 29 16
block 30 16
block 41 16
block 42 16
block 43 16
block 44 16
block 45 16
block 46 16
block 47 16
block 0 17
block 1 17
block 7 17
block 8 17
block 9 17
block 10 17
block 11 17
block 13 17
block 14 17
block 15 17
block 16 17
block 17 17
block 18 17
block 46 17
block 47 17
block 48 17
block 49 17
block 50 17
block 0 18
block 1 18
block 7 18
block 8 18
block 9 18
block 10 18
block 11 18
block 13 18
block 14 18
block 15 18
block 16 18
block 17 18
block 18 18
block 46 18
block 47 18
block 48 18
block 49 18
block 50 18
block 0 19
block 1 19
block 7 19
block 8 19
block 9 19
block 10 19
block 11 19
block 13 19
block 14 19
block 15 19
block 16 19
block 17 19
block 18 19
block 19 19
block 20 19
block 21 19
block 46 19
block 47 19
block 48 19
block 49 19
block 50 19
block 0 20
block 1 20
block 7 20
block 8 20
block 9 20
block 10 20
block 11 20
block 13 20
block 14 20
block 15 20
block 16 20
block 17 20
block 18 20
block 19 20
block 20 20
block 21 20
block 46 20
block 47 20
block 48 20
block 49 20
block 50 20
block 0 21
block 1 21
block 7 21
block 8 21
block 9 21
block 10 21
block 11 21
block 19 21
block 20 21
block 21 21
block 46 21
block 47 21
block 48 21
block 49 21
block 50 21
block 0 22
block 1 22
block 2 22
block 3 22
block 4 22
block 19 22
block 20 22
block 21 22
block 46 22
block 47 22
block 48 22
block 49 22
block 50 22
block 0 23
block 2 23
block 3 23
block 4 23
block 19 23
block 20 23
block 21 23
block 24 23
block 25 23
block 26 23
block 46 23
block 47 23
block 48 23
block 49 23
block 50 23
block 2 24
block 3 24
block 4 24
block 19 24
block 20 24
block 21 24
block 24 24
block 25 24
block 26 24
block 49 24
block 50 24
block 3 25
block 4 25
block 5 25
block 6 25
block 7 25
block 24 25
block 25 25
block 26 25
block 49 25
block 50 25
block 3 26
block 4 26
block 5 26
block 6 26
block 7 26
block 49 26
block 50 26
block 3 27
block 4 27
block 5 27
block 6 27
block 7 27
block 49 27
block 50 27
block 28 28
block 29 28
block 37 28
block 38 28
block 39 28
block 40 28
block 41 28
block 49 28
block 50 28
block 28 29
block 29 29
block 37 29
block 38 29
block 39 29
block 40 29
block 41 29
block 49 29
block 50 29
block 10 30
block 11 30
block 12 30
block 13 30
block 14 30
block 15 30
block 28 30
block 29 30
block 37 30
block 38 30
block 39 30
block 40 30
block 41 30
block 49 30
block 50 30
block 10 31
block 11 31
block 12 31
block 13 31
block 14 31
block 15 31
block 28 31
block 29 31
block 37 31
block 38 31
block 39 31
block 40 31
block 41 31
block 10 32
block 11 32
block 12 32
block 13 32
block 14 32
block 15 32
block 28 32
block 29 32
block 37 32
block 38 32
block 39 32
block 40 32
block 41 32
block 0 33
block 10 33
block 11 33
block 12 33
block 13 33
block 14 33
block 15 33
block 28 33
block 29 33
block 41 33
block 42 33
block 43 33
block 44 33
block 46 33
block 47 33
block 48 33
block 49 33
block 50 33
block 0 34
block 10 34
block 11 34
block 12 34
block 13 34
block 14 34
block 15 34
block 19 34
block 20 34
block 21 34
block 41 34
block 42 34
block 43 34
block 44 34
block 46 34
block 47 34
block 48 34
block 49 34
block 50 34
##BotsAndCoinsInfo
bot_name 0 starter-bot
bot 0 30 25
bot_coins 0 0
coin 26 33
coin 24 1
round 1
bot 0 30 26
round 2
bot 0 30 27
round 3
bot 0 30 28
round 4
bot 0 30 29
round 5
bot 0 30 30
coin 0 24
coin 50 10
round 6
bot 0 30 31
round 7
bot 0 30 32
round 8
bot 0 30 33
round 9
bot 0 30 34
round 10
coin 9 25
coin 41 9
round 11
bot 0 29 0
round 12
bot 0 28 34
round 13
bot 0 27 34
round 14
bot 0 26 0
round 15
bot 0 25 34
coin 17 0
coin 33 34
round 16
bot 0 24 0
coin_collected 24 1 0
bot_coins 0 1
round 17
bot 0 23 34
round 18
bot 0 22 0
round 19
bot 0 22 34
round 20
bot 0 22 33
coin 1 3
coin 49 31
round 21
bot 0 21 33
round 22
bot 0 20 33
round 23
bot 0 19 32
round 24
bot 0 19 31
round 25
bot 0 19 30
coin 16 32
coin 34 2
round 26
bot 0 19 29
round 27
bot 0 19 28
round 28
bot 0 19 27
round 29
bot 0 19 26
round 30
bot 0 19 25
coin 42 7
coin 8 27
round 31
bot 0 18 25
round 32
bot 0 18 24
round 33
bot 0 18 23
round 34
bot 0 18 22
round 35
bot 0 18 21
coin 8 15
coin 42 19
round 36
bot 0 17 21
round 37
bot 0 16 21
round 38
bot 0 15 21
round 39
bot 0 14 21
round 40
bot 0 13 21
coin 3 4
coin 47 30
round 41
bot 0 12 21
round 42
bot 0 12 20
round 43
bot 0 12 19
round 44
bot 0 12 18
round 45
bot 0 12 17
coin 40 9
coin 10 25
round 46
bot 0 12 16
round 47
bot 0 12 15
round 48
bot 0 12 14
round 49
bot 0 12 13
round 50
bot 0 12 12
coin 35 8
coin 15 26
round 51
bot 0 12 11
round 52
bot 0 12 10
round 53
bot 0 12 9
round 54
bot 0 12 8
round 55
bot 0 12 7
coin 23 23
coin 26 10
round 56
bot 0 12 6
round 57
bot 0 12 5
round 58
bot 0 12 4
round 59
bot 0 12 3
round 60
bot 0 12 2
coin 2 16
coin 48 16
round 61
bot 0 12 1
round 62
bot 0 12 0
round 63
bot 0 11 1
round 64
bot 0 11 2
round 65
bot 0 11 3
coin 5 3
coin 45 31
round 66
bot 0 11 4
round 67
bot 0 11 5
round 68
bot 0 11 6
round 69
bot 0 11 7
round 70
bot 0 11 8
coin 19 26
coin 31 8
round 71
bot 0 11 9
round 72
bot 0 11 10
round 73
bot 0 11 11
round 74
bot 0 11 12
round 75
bot 0 11 13
coin 26 6
coin 24 28
round 76
bot 0 11 14
round 77
bot 0 11 15
round 78
bot 0 10 15
round 79
bot 0 9 15
coin_collected 8 15 0
bot_coins 0 2
round 80
bot 0 8 15
coin 38 10
coin 12 24
round 81
bot 0 7 15
round 82
bot 0 6 15
round 83
bot 0 6 16
round 84
bot 0 6 17
round 85
bot 0 6 18
coin 42 32
coin 8 0
round 86
bot 0 6 19
round 87
bot 0 6 20
round 88
bot 0 6 21
round 89
bot 0 6 22
round 90
bot 0 6 23
coin 43 32
coin 7 0
round 91
bot 0 6 24
round 92
bot 0 5 24
round 93
round 94
round 95
coin 1 34
coin 1 0
round 96
round 97
round 98
round 99
round 100
coin 23 5
coin 27 29
round 101
round 102
round 103
round 104
round 105
coin 31 7
coin 19 27
round 106
round 107
round 108
round 109
round 110
coin 14 14
coin 36 20
round 111
round 112
round 113
round 114
round 115
coin 27 30
coin 23 4
round 116
round 117
round 118
round 119
round 120
coin 13 2
coin 36 32
round 121
round 122
round 123
round 124
round 125
coin 22 0
coin 28 34
round 126
round 127
round 128
round 129
round 130
coin 5 1
coin 45 33
round 131
round 132
round 133
round 134
round 135
coin 23 0
coin 27 34
round 136
round 137
round 138
round 139
round 140
coin 34 14
coin 16 21
round 141
round 142
round 143
round 144
round 145
coin 42 4
coin 8 30
round 146
round 147
round 148
round 149
round 150
coin 45 19
coin 5 15
round 151
round 152
round 153
round 154
round 155
coin 20 16
coin 30 18
round 156
round 157
round 158
round 159
round 160
coin 38 9
coin 12 25
round 161
round 162
round 163
round 164
round 165
coin 20 4
coin 30 30
round 166
round 167
round 168
round 169
round 170
coin 2 19
coin 48 15
round 171
round 172
round 173
round 174
round 175
coin 49 3
coin 1 31
round 176
round 177
round 178
round 179
round 180
coin 13 14
coin 37 20
round 181
round 182
round 183
round 184
round 185
coin 22 33
coin 28 1
round 186
round 187
round 188
round 189
round 190
coin 45 0
coin 5 34
round 191
round 192
round 193
round 194
round 195
coin 38 27
coin 12 7
round 196
round 197
round 198
round 199
round 200
coin 24 29
coin 26 5
match_over 0
