match
match_id 1639336924617_ab
match_time 1639336924623
num_bots 1
##MatchConfig
mode FRIENDLY
num_rounds 200
random_seed 42
move_time_limit 1000
coin_spawn_period 5
coin_spawn_volume 2
##MapConfig
map_size 66 35
view_radius 6
mining_radius 1
attack_radius 4
block 2 0
block 3 0
block 2 1
block 3 1
block 2 2
block 3 2
block 10 2
block 11 2
block 12 2
block 13 2
block 14 2
block 15 2
block 27 2
block 28 2
block 29 2
block 30 2
block 2 3
block 3 3
block 10 3
block 11 3
block 12 3
block 13 3
block 14 3
block 15 3
block 27 3
block 28 3
block 29 3
block 30 3
block 1 4
block 2 4
block 3 4
block 4 4
block 5 4
block 6 4
block 7 4
block 10 4
block 11 4
block 12 4
block 13 4
block 14 4
block 15 4
block 27 4
block 28 4
block 29 4
block 30 4
block 1 5
block 2 5
block 3 5
block 4 5
block 5 5
block 6 5
block 7 5
block 10 5
block 11 5
block 12 5
block 13 5
block 14 5
block 15 5
block 27 5
block 28 5
block 29 5
block 30 5
block 39 5
block 40 5
block 41 5
block 42 5
block 43 5
block 44 5
block 45 5
block 1 6
block 2 6
block 3 6
block 4 6
block 5 6
block 6 6
block 7 6
block 10 6
block 11 6
block 12 6
block 13 6
block 14 6
block 15 6
block 27 6
block 28 6
block 29 6
block 30 6
block 39 6
block 40 6
block 41 6
block 42 6
block 43 6
block 44 6
block 45 6
block 1 7
block 2 7
block 3 7
block 4 7
block 5 7
block 6 7
block 7 7
block 11 7
block 12 7
block 13 7
block 27 7
block 28 7
block 29 7
block 30 7
block 39 7
block 40 7
block 41 7
block 42 7
block 43 7
block 44 7
block 45 7
block 1 8
block 2 8
block 3 8
block 4 8
block 5 8
block 6 8
block 7 8
block 11 8
block 12 8
block 13 8
block 39 8
block 40 8
block 41 8
block 42 8
block 43 8
block 44 8
block 45 8
block 1 9
block 2 9
block 3 9
block 4 9
block 5 9
block 6 9
block 7 9
block 14 9
block 15 9
block 16 9
block 17 9
block 18 9
block 39 9
block 40 9
block 41 9
block 42 9
block 43 9
block 44 9
block 45 9
block 54 9
block 55 9
block 56 9
block 1 10
block 2 10
block 3 10
block 4 10
block 5 10
block 6 10
block 7 10
block 14 10
block 15 10
block 16 10
block 17 10
block 18 10
block 39 10
block 40 10
block 41 10
block 42 10
block 43 10
block 44 10
block 45 10
block 54 10
block 55 10
block 56 10
block 14 11
block 15 11
block 16 11
block 17 11
block 18 11
block 32 11
block 33 11
block 39 11
block 40 11
block 41 11
block 42 11
block 43 11
block 44 11
block 45 11
block 50 11
block 51 11
block 14 12
block 15 12
block 16 12
block 17 12
block 18 12
block 32 12
block 33 12
block 50 12
block 51 12
block 14 13
block 15 13
block 16 13
block 17 13
block 18 13
block 32 13
block 33 13
block 50 13
block 51 13
block 0 14
block 14 14
block 15 14
block 16 14
block 17 14
block 18 14
block 32 14
block 33 14
block 50 14
block 51 14
block 64 14
block 65 14
block 0 15
block 64 15
block 65 15
block 0 16
block 21 16
block 22 16
block 23 16
block 24 16
block 25 16
block 64 16
block 65 16
block 0 17
block 21 17
block 22 17
block 23 17
block 24 17
block 25 17
block 64 17
block 65 17
block 21 18
block 22 18
block 23 18
block 24 18
block 25 18
block 21 19
block 22 19
block 23 19
block 24 19
block 25 19
block 21 20
block 22 20
block 23 20
block 24 20
block 25 20
block 21 21
block 22 21
block 23 21
block 24 21
block 25 21
block 50 22
block 51 22
block 52 22
block 53 22
block 54 22
block 0 23
block 1 23
block 50 23
block 51 23
block 52 23
block 53 23
block 54 23
block 64 23
block 65 23
block 0 24
block 1 24
block 50 24
block 51 24
block 52 24
block 53 24
block 54 24
block 64 24
block 65 24
block 50 25
block 51 25
block 52 25
block 53 25
block 54 25
block 6 26
block 7 26
block 8 26
block 36 26
block 37 26
block 38 26
block 39 26
block 40 26
block 41 26
block 50 26
block 51 26
block 52 26
block 53 26
block 54 26
block 6 27
block 7 27
block 8 27
block 36 27
block 37 27
block 38 27
block 39 27
block 40 27
block 41 27
block 52 27
block 53 27
block 54 27
block 6 28
block 7 28
block 8 28
block 36 28
block 37 28
block 38 28
block 39 28
block 40 28
block 41 28
block 52 28
block 53 28
block 54 28
block 6 29
block 7 29
block 8 29
block 6 30
block 7 30
block 8 30
block 6 31
block 7 31
block 8 31
##BotsAndCoinsInfo
bot_name 0 starter-bot
bot 0 27 28
bot_coins 0 0
coin 62 33
coin 4 1
round 1
bot 0 27 29
round 2
bot 0 27 30
round 3
bot 0 27 31
round 4
bot 0 27 32
round 5
bot 0 27 33
coin 30 24
coin 35 10
round 6
bot 0 27 34
round 7
bot 0 26 33
round 8
bot 0 26 32
round 9
bot 0 26 31
round 10
bot 0 26 30
coin 36 25
coin 29 9
round 11
bot 0 26 29
round 12
bot 0 26 28
round 13
bot 0 26 27
round 14
bot 0 26 26
round 15
bot 0 26 25
coin 23 3
coin 42 31
round 16
bot 0 26 24
round 17
bot 0 26 23
round 18
bot 0 26 22
round 19
bot 0 26 21
round 20
bot 0 26 20
coin 43 3
coin 22 31
round 21
bot 0 26 19
round 22
bot 0 26 18
round 23
bot 0 26 17
round 24
bot 0 26 16
round 25
bot 0 26 15
coin 44 32
coin 21 2
round 26
bot 0 26 14
round 27
bot 0 26 13
round 28
bot 0 26 12
round 29
bot 0 26 11
round 30
bot 0 26 10
coin 24 7
coin 42 27
round 31
bot 0 26 9
round 32
bot 0 26 8
round 33
bot 0 26 7
round 34
bot 0 26 6
round 35
bot 0 26 5
coin 2 17
coin 63 17
round 36
bot 0 26 4
round 37
bot 0 26 3
round 38
bot 0 26 2
round 39
bot 0 26 1
round 40
bot 0 26 0
coin 48 5
coin 17 29
round 41
bot 0 25 1
round 42
bot 0 25 2
round 43
bot 0 25 3
round 44
bot 0 25 4
round 45
bot 0 25 5
coin 55 8
coin 10 26
round 46
bot 0 25 6
round 47
bot 0 25 7
coin_collected 24 7 0
bot_coins 0 1
round 48
bot 0 25 8
round 49
bot 0 25 9
round 50
bot 0 25 10
coin 32 8
coin 33 26
round 51
bot 0 25 11
round 52
bot 0 25 12
round 53
bot 0 25 13
round 54
bot 0 25 14
round 55
bot 0 25 15
coin 14 23
coin 52 11
round 56
bot 0 24 15
round 57
bot 0 23 15
round 58
bot 0 22 15
round 59
bot 0 21 15
round 60
bot 0 20 15
coin 23 15
coin 42 19
round 61
bot 0 20 16
round 62
bot 0 20 17
round 63
bot 0 20 18
round 64
bot 0 20 19
round 65
bot 0 20 20
coin 9 3
coin 56 31
round 66
bot 0 20 21
round 67
bot 0 20 22
round 68
bot 0 20 23
round 69
bot 0 20 24
round 70
bot 0 20 25
coin 37 25
coin 28 9
round 71
bot 0 20 26
round 72
bot 0 20 27
round 73
bot 0 20 28
round 74
bot 0 20 29
round 75
bot 0 20 30
coin 22 6
coin 43 28
round 76
bot 0 20 31
round 77
bot 0 20 32
round 78
bot 0 20 33
round 79
bot 0 20 34
round 80
bot 0 19 33
coin 56 11
coin 9 23
round 81
bot 0 19 32
round 82
bot 0 19 31
round 83
bot 0 19 30
round 84
bot 0 19 29
round 85
bot 0 19 28
coin 65 32
coin 0 2
round 86
bot 0 19 27
round 87
bot 0 19 26
round 88
bot 0 19 25
round 89
bot 0 19 24
round 90
bot 0 19 23
coin 54 33
coin 11 1
round 91
bot 0 19 22
round 92
bot 0 19 21
round 93
bot 0 19 20
round 94
bot 0 19 19
round 95
bot 0 19 18
coin 43 34
coin 22 0
round 96
bot 0 19 17
round 97
bot 0 19 16
round 98
bot 0 19 15
round 99
bot 0 19 14
round 100
bot 0 19 13
coin 35 5
coin 30 29
round 101
bot 0 19 12
round 102
bot 0 19 11
round 103
bot 0 19 10
round 104
bot 0 19 9
round 105
bot 0 19 8
coin 23 7
coin 43 27
round 106
bot 0 19 7
round 107
bot 0 19 6
round 108
bot 0 19 5
round 109
bot 0 19 4
round 110
bot 0 19 3
coin 65 13
coin 0 21
round 111
bot 0 19 2
round 112
bot 0 19 1
round 113
bot 0 19 0
round 114
bot 0 18 1
round 115
bot 0 18 2
coin 1 30
coin 64 4
round 116
bot 0 18 3
round 117
bot 0 18 4
round 118
bot 0 18 5
round 119
bot 0 18 6
round 120
bot 0 18 7
coin 7 3
coin 58 31
round 121
bot 0 18 8
round 122
bot 0 17 8
round 123
bot 0 16 8
round 124
bot 0 15 8
round 125
bot 0 14 8
coin 37 0
coin 28 34
round 126
bot 0 13 9
round 127
bot 0 13 10
round 128
bot 0 13 11
round 129
bot 0 13 12
round 130
bot 0 13 13
coin 8 1
coin 57 33
round 131
bot 0 13 14
round 132
bot 0 13 15
round 133
bot 0 13 16
round 134
bot 0 13 17
round 135
bot 0 13 18
coin 1 0
coin 64 34
round 136
bot 0 13 19
round 137
bot 0 13 20
round 138
bot 0 13 21
round 139
bot 0 13 22
round 140
bot 0 13 23
coin_collected 14 23 0
bot_coins 0 2
coin 55 14
coin 10 20
round 141
bot 0 13 24
round 142
bot 0 13 25
round 143
bot 0 13 26
round 144
bot 0 13 27
round 145
bot 0 13 28
coin 26 3
coin 39 31
round 146
bot 0 13 29
round 147
bot 0 13 30
round 148
bot 0 13 31
round 149
bot 0 13 32
round 150
bot 0 13 33
coin 1 19
coin 63 15
round 151
bot 0 13 34
round 152
bot 0 12 33
round 153
bot 0 12 32
round 154
bot 0 12 31
round 155
bot 0 12 30
coin 26 16
coin 39 18
round 156
bot 0 12 29
round 157
bot 0 12 28
round 158
bot 0 12 27
round 159
bot 0 12 26
round 160
bot 0 12 25
coin 26 9
coin 39 25
round 161
bot 0 12 24
round 162
bot 0 12 23
round 163
bot 0 12 22
round 164
bot 0 12 21
round 165
bot 0 12 20
coin 38 4
coin 27 30
round 166
bot 0 12 19
round 167
bot 0 12 18
round 168
bot 0 12 17
round 169
bot 0 12 16
round 170
bot 0 12 15
coin 45 19
coin 20 15
round 171
bot 0 12 14
round 172
bot 0 12 13
round 173
bot 0 12 12
round 174
bot 0 12 11
round 175
bot 0 12 10
coin 16 1
coin 49 33
round 176
bot 0 12 9
round 177
bot 0 11 9
round 178
bot 0 10 9
round 179
bot 0 10 8
round 180
bot 0 10 7
coin 13 14
coin 52 20
round 181
bot 0 9 7
round 182
bot 0 9 6
round 183
bot 0 9 5
round 184
bot 0 9 4
coin_collected 9 3 0
bot_coins 0 3
round 185
bot 0 9 3
coin 1 33
coin 64 1
round 186
bot 0 9 2
round 187
bot 0 9 1
coin_collected 8 1 0
bot_coins 0 4
round 188
bot 0 9 0
round 189
bot 0 8 1
round 190
bot 0 8 2
coin 62 0
coin 3 34
round 191
bot 0 8 3
coin_collected 7 3 0
bot_coins 0 5
round 192
bot 0 8 4
round 193
bot 0 8 5
round 194
bot 0 8 6
round 195
bot 0 8 7
coin 65 28
coin 0 6
round 196
bot 0 8 8
round 197
bot 0 8 9
round 198
bot 0 8 10
round 199
bot 0 8 11
round 200
bot 0 8 12
coin 54 29
coin 9 5
match_over 0
