match
match_id 1639170322646_cv
match_time 1639170322649
num_bots 1
##MatchConfig
mode FRIENDLY
num_rounds 200
random_seed 42
move_time_limit 1000
coin_spawn_period 5
coin_spawn_volume 2
##MapConfig
map_size 59 28
view_radius 5
mining_radius 1
attack_radius 3
block 6 0
block 7 0
block 8 0
block 9 0
block 10 0
block 11 0
block 9 1
block 10 1
block 11 1
block 12 1
block 13 1
block 14 1
block 15 1
block 0 2
block 9 2
block 10 2
block 11 2
block 12 2
block 13 2
block 14 2
block 15 2
block 53 2
block 54 2
block 55 2
block 56 2
block 57 2
block 58 2
block 0 3
block 12 3
block 13 3
block 14 3
block 15 3
block 35 3
block 36 3
block 37 3
block 53 3
block 54 3
block 55 3
block 56 3
block 57 3
block 58 3
block 12 4
block 13 4
block 14 4
block 15 4
block 35 4
block 36 4
block 37 4
block 48 4
block 49 4
block 50 4
block 51 4
block 52 4
block 35 5
block 36 5
block 37 5
block 48 5
block 49 5
block 50 5
block 51 5
block 52 5
block 35 6
block 36 6
block 37 6
block 48 6
block 49 6
block 50 6
block 51 6
block 52 6
block 6 8
block 7 8
block 8 8
block 9 8
block 10 8
block 6 9
block 7 9
block 8 9
block 9 9
block 10 9
block 51 9
block 52 9
block 53 9
block 54 9
block 55 9
block 56 9
block 57 9
block 51 10
block 52 10
block 53 10
block 54 10
block 55 10
block 56 10
block 57 10
block 51 11
block 52 11
block 53 11
block 54 11
block 55 11
block 56 11
block 57 11
block 9 12
block 10 12
block 16 12
block 17 12
block 18 12
block 19 12
block 20 12
block 21 12
block 22 12
block 51 12
block 52 12
block 53 12
block 54 12
block 55 12
block 56 12
block 57 12
block 9 13
block 10 13
block 16 13
block 17 13
block 18 13
block 19 13
block 20 13
block 21 13
block 22 13
block 51 13
block 52 13
block 53 13
block 54 13
block 55 13
block 56 13
block 57 13
block 9 14
block 10 14
block 9 15
block 10 15
block 9 16
block 10 16
block 9 17
block 10 17
block 9 18
block 10 18
block 5 23
block 6 23
block 7 23
block 8 23
block 9 23
block 10 23
block 5 24
block 6 24
block 7 24
block 8 24
block 9 24
block 10 24
block 18 24
block 19 24
block 20 24
block 21 24
block 5 25
block 6 25
block 7 25
block 8 25
block 9 25
block 10 25
block 11 25
block 18 25
block 19 25
block 20 25
block 21 25
block 5 26
block 6 26
block 7 26
block 8 26
block 9 26
block 10 26
block 11 26
block 18 26
block 19 26
block 20 26
block 21 26
block 5 27
block 6 27
block 7 27
block 8 27
block 9 27
block 10 27
block 11 27
##BotsAndCoinsInfo
bot_name 0 starter-bot
bot 0 27 23
bot_coins 0 0
coin 33 19
coin 25 8
round 1
bot 0 27 24
round 2
bot 0 27 25
round 3
bot 0 27 26
round 4
bot 0 27 27
round 5
coin 15 24
coin 43 3
round 6
round 7
match_over 0
round 8
