match
match_id 1639178450995_ij
match_time 1639178450999
num_bots 1
##MatchConfig
mode FRIENDLY
num_rounds 200
random_seed 42
move_time_limit 1000
coin_spawn_period 5
coin_spawn_volume 2
##MapConfig
map_size 75 28
view_radius 5
mining_radius 2
attack_radius 4
block 15 0
block 16 0
block 17 0
block 18 0
block 19 0
block 20 0
block 21 0
block 26 0
block 27 0
block 28 0
block 29 0
block 30 0
block 31 0
block 32 0
block 58 0
block 59 0
block 60 0
block 61 0
block 62 0
block 15 1
block 16 1
block 17 1
block 18 1
block 19 1
block 20 1
block 21 1
block 30 1
block 31 1
block 32 1
block 33 1
block 34 1
block 35 1
block 58 1
block 59 1
block 60 1
block 61 1
block 62 1
block 30 2
block 31 2
block 32 2
block 33 2
block 34 2
block 35 2
block 58 2
block 59 2
block 60 2
block 61 2
block 62 2
block 30 3
block 31 3
block 32 3
block 33 3
block 34 3
block 35 3
block 36 3
block 37 3
block 38 3
block 58 3
block 59 3
block 60 3
block 61 3
block 62 3
block 15 4
block 16 4
block 17 4
block 18 4
block 19 4
block 30 4
block 31 4
block 32 4
block 33 4
block 34 4
block 35 4
block 36 4
block 37 4
block 38 4
block 58 4
block 59 4
block 60 4
block 61 4
block 62 4
block 15 5
block 16 5
block 17 5
block 18 5
block 19 5
block 36 5
block 37 5
block 38 5
block 58 5
block 59 5
block 60 5
block 61 5
block 62 5
block 15 6
block 16 6
block 17 6
block 18 6
block 19 6
block 36 6
block 37 6
block 38 6
block 1 7
block 2 7
block 3 7
block 4 7
block 5 7
block 15 7
block 16 7
block 17 7
block 18 7
block 19 7
block 36 7
block 37 7
block 38 7
block 1 8
block 2 8
block 3 8
block 4 8
block 5 8
block 36 8
block 37 8
block 38 8
block 1 9
block 2 9
block 3 9
block 4 9
block 5 9
block 65 9
block 66 9
block 67 9
block 68 9
block 69 9
block 1 10
block 2 10
block 3 10
block 4 10
block 5 10
block 21 10
block 22 10
block 23 10
block 50 10
block 51 10
block 52 10
block 53 10
block 54 10
block 65 10
block 66 10
block 67 10
block 68 10
block 69 10
block 1 11
block 2 11
block 3 11
block 4 11
block 5 11
block 17 11
block 18 11
block 19 11
block 20 11
block 21 11
block 22 11
block 23 11
block 50 11
block 51 11
block 52 11
block 53 11
block 54 11
block 1 12
block 2 12
block 3 12
block 4 12
block 5 12
block 17 12
block 18 12
block 19 12
block 20 12
block 21 12
block 22 12
block 23 12
block 24 12
block 25 12
block 26 12
block 27 12
block 28 12
block 29 12
block 30 12
block 31 12
block 32 12
block 33 12
block 50 12
block 51 12
block 52 12
block 53 12
block 54 12
block 62 12
block 63 12
block 64 12
block 65 12
block 1 13
block 2 13
block 3 13
block 4 13
block 5 13
block 17 13
block 18 13
block 19 13
block 20 13
block 21 13
block 22 13
block 23 13
block 24 13
block 25 13
block 26 13
block 27 13
block 28 13
block 29 13
block 30 13
block 31 13
block 32 13
block 33 13
block 50 13
block 51 13
block 52 13
block 53 13
block 54 13
block 62 13
block 63 13
block 64 13
block 65 13
block 17 14
block 18 14
block 19 14
block 20 14
block 21 14
block 22 14
block 23 14
block 24 14
block 25 14
block 26 14
block 27 14
block 28 14
block 29 14
block 30 14
block 31 14
block 32 14
block 33 14
block 43 14
block 44 14
block 45 14
block 46 14
block 47 14
block 48 14
block 49 14
block 50 14
block 51 14
block 52 14
block 53 14
block 54 14
block 62 14
block 63 14
block 64 14
block 65 14
block 26 15
block 27 15
block 28 15
block 29 15
block 30 15
block 31 15
block 32 15
block 33 15
block 43 15
block 44 15
block 45 15
block 46 15
block 47 15
block 48 15
block 49 15
block 50 15
block 51 15
block 52 15
block 53 15
block 54 15
block 62 15
block 63 15
block 64 15
block 65 15
block 26 16
block 27 16
block 28 16
block 29 16
block 30 16
block 31 16
block 32 16
block 43 16
block 44 16
block 45 16
block 46 16
block 47 16
block 48 16
block 49 16
block 50 16
block 51 16
block 52 16
block 53 16
block 54 16
block 62 16
block 63 16
block 64 16
block 65 16
block 15 17
block 16 17
block 17 17
block 18 17
block 26 17
block 27 17
block 28 17
block 29 17
block 30 17
block 31 17
block 32 17
block 43 17
block 44 17
block 45 17
block 46 17
block 47 17
block 48 17
block 49 17
block 59 17
block 60 17
block 61 17
block 62 17
block 63 17
block 64 17
block 15 18
block 16 18
block 17 18
block 18 18
block 26 18
block 27 18
block 28 18
block 29 18
block 30 18
block 31 18
block 32 18
block 59 18
block 60 18
block 61 18
block 62 18
block 63 18
block 64 18
block 65 18
block 15 19
block 16 19
block 17 19
block 18 19
block 37 19
block 38 19
block 39 19
block 40 19
block 41 19
block 42 19
block 60 19
block 61 19
block 62 19
block 63 19
block 64 19
block 65 19
block 15 20
block 16 20
block 17 20
block 18 20
block 37 20
block 38 20
block 39 20
block 40 20
block 41 20
block 42 20
block 60 20
block 61 20
block 62 20
block 63 20
block 64 20
block 65 20
block 69 20
block 70 20
block 71 20
block 72 20
block 73 20
block 74 20
block 6 21
block 7 21
block 8 21
block 9 21
block 10 21
block 11 21
block 15 21
block 16 21
block 17 21
block 18 21
block 37 21
block 38 21
block 39 21
block 40 21
block 41 21
block 42 21
block 60 21
block 61 21
block 62 21
block 63 21
block 64 21
block 65 21
block 69 21
block 70 21
block 71 21
block 72 21
block 73 21
block 74 21
block 6 22
block 7 22
block 8 22
block 9 22
block 10 22
block 11 22
block 15 22
block 16 22
block 17 22
block 18 22
block 26 22
block 27 22
block 28 22
block 29 22
block 30 22
block 31 22
block 32 22
block 60 22
block 61 22
block 62 22
block 63 22
block 64 22
block 65 22
block 66 22
block 67 22
block 68 22
block 69 22
block 70 22
block 71 22
block 72 22
block 73 22
block 74 22
block 6 23
block 7 23
block 8 23
block 9 23
block 10 23
block 11 23
block 26 23
block 27 23
block 28 23
block 29 23
block 30 23
block 31 23
block 32 23
block 63 23
block 64 23
block 65 23
block 66 23
block 67 23
block 68 23
block 69 23
block 70 23
block 71 23
block 72 23
block 73 23
block 74 23
block 26 24
block 27 24
block 28 24
block 29 24
block 30 24
block 31 24
block 32 24
block 63 24
block 64 24
block 65 24
block 66 24
block 67 24
block 68 24
block 69 24
block 70 24
block 71 24
block 72 24
block 73 24
block 74 24
block 15 25
block 16 25
block 17 25
block 18 25
block 19 25
block 20 25
block 21 25
block 26 25
block 27 25
block 28 25
block 29 25
block 30 25
block 31 25
block 32 25
block 69 25
block 70 25
block 71 25
block 72 25
block 73 25
block 74 25
block 15 26
block 16 26
block 17 26
block 18 26
block 19 26
block 20 26
block 21 26
block 26 26
block 27 26
block 28 26
block 29 26
block 30 26
block 31 26
block 32 26
block 15 27
block 16 27
block 17 27
block 18 27
block 19 27
block 20 27
block 21 27
block 26 27
block 27 27
block 28 27
block 29 27
block 30 27
block 31 27
block 32 27
##BotsAndCoinsInfo
bot_name 0 starter-bot
bot 0 31 19
bot_coins 0 0
coin 5 19
coin 69 8
round 1
bot 0 31 20
round 2
bot 0 31 21
round 3
round 4
round 5
coin 48 24
coin 26 3
round 6
round 7
round 8
round 9
round 10
coin 45 25
coin 29 2
round 11
round 12
round 13
round 14
round 15
coin 6 10
coin 68 17
round 16
round 17
round 18
round 19
round 20
coin 19 17
coin 55 10
round 21
round 22
round 23
round 24
round 25
coin 32 19
coin 42 8
round 26
round 27
round 28
round 29
round 30
coin 51 0
coin 23 27
round 31
round 32
round 33
round 34
round 35
coin 25 24
coin 49 3
round 36
round 37
round 38
round 39
round 40
coin 6 26
coin 68 1
round 41
round 42
round 43
round 44
round 45
coin 43 9
coin 31 19
round 46
coin_collected 31 19 0
bot_coins 0 1
round 47
round 48
round 49
round 50
coin 50 17
coin 24 10
round 51
round 52
round 53
round 54
round 55
coin 26 9
coin 48 18
round 56
round 57
round 58
round 59
round 60
coin 68 8
coin 6 19
round 61
round 62
round 63
round 64
round 65
coin 55 11
coin 19 16
round 66
round 67
round 68
round 69
round 70
coin 37 26
coin 37 1
round 71
round 72
round 73
round 74
round 75
coin 55 20
coin 19 8
round 76
round 77
round 78
round 79
round 80
coin 5 17
coin 70 10
round 81
round 82
round 83
round 84
round 85
coin 17 10
coin 57 17
round 86
round 87
round 88
round 89
round 90
coin 12 5
coin 62 23
round 91
round 92
round 93
round 94
round 95
coin 13 20
coin 61 7
round 96
round 97
round 98
round 99
round 100
coin 29 5
coin 45 22
round 101
round 102
round 103
round 104
round 105
coin 23 21
coin 51 6
round 106
round 107
round 108
round 109
round 110
coin 49 13
coin 25 15
round 111
round 112
round 113
round 114
round 115
coin 7 24
coin 67 3
round 116
round 117
round 118
round 119
round 120
coin 7 3
coin 67 25
round 121
round 122
round 123
round 124
round 125
coin 43 0
coin 33 27
round 126
round 127
round 128
round 129
round 130
coin 8 8
coin 66 19
round 131
round 132
round 133
round 134
round 135
coin 35 14
coin 39 13
round 136
round 137
round 138
round 139
round 140
coin 13 7
coin 59 20
round 141
round 142
round 143
round 144
round 145
coin 36 2
coin 38 25
round 146
round 147
round 148
round 149
round 150
coin 22 19
coin 52 8
round 151
round 152
round 153
round 154
round 155
coin 0 9
coin 74 18
round 156
round 157
round 158
round 159
round 160
coin 44 2
coin 33 25
round 161
round 162
round 163
round 164
round 165
coin 24 11
coin 51 17
round 166
round 167
round 168
round 169
round 170
coin 0 19
coin 74 8
round 171
round 172
round 173
round 174
round 175
coin 40 1
coin 34 26
round 176
round 177
round 178
round 179
round 180
coin 28 21
coin 46 6
round 181
round 182
round 183
round 184
round 185
coin 73 5
coin 1 22
round 186
round 187
round 188
round 189
round 190
coin 11 0
coin 63 27
round 191
round 192
round 193
round 194
round 195
coin 50 21
coin 24 6
round 196
round 197
round 198
round 199
round 200
coin 0 22
coin 74 5
match_over 0
