match
match_id 1639404761555_bu
match_time 1639404761558
num_bots 1
##MatchConfig
mode FRIENDLY
num_rounds 200
random_seed 42
move_time_limit 1000
coin_spawn_period 5
coin_spawn_volume 2
##MapConfig
map_size 61 31
view_radius 5
mining_radius 1
attack_radius 4
block 16 0
block 17 0
block 18 0
block 19 0
block 20 0
block 26 0
block 27 0
block 28 0
block 29 0
block 30 0
block 31 0
block 32 0
block 33 0
block 34 0
block 35 0
block 36 0
block 37 0
block 50 0
block 51 0
block 52 0
block 53 0
block 16 1
block 17 1
block 26 1
block 27 1
block 28 1
block 29 1
block 30 1
block 31 1
block 32 1
block 33 1
block 34 1
block 35 1
block 36 1
block 37 1
block 50 1
block 51 1
block 52 1
block 53 1
block 16 2
block 17 2
block 26 2
block 27 2
block 28 2
block 29 2
block 30 2
block 31 2
block 32 2
block 33 2
block 34 2
block 35 2
block 36 2
block 37 2
block 42 2
block 43 2
block 50 2
block 51 2
block 52 2
block 53 2
block 13 3
block 14 3
block 15 3
block 16 3
block 17 3
block 18 3
block 26 3
block 27 3
block 28 3
block 29 3
block 30 3
block 31 3
block 32 3
block 33 3
block 34 3
block 42 3
block 43 3
block 50 3
block 51 3
block 52 3
block 53 3
block 54 3
block 55 3
block 56 3
block 57 3
block 58 3
block 59 3
block 60 3
block 0 4
block 1 4
block 13 4
block 14 4
block 15 4
block 16 4
block 17 4
block 18 4
block 50 4
block 51 4
block 52 4
block 53 4
block 54 4
block 55 4
block 56 4
block 57 4
block 58 4
block 59 4
block 60 4
block 0 5
block 1 5
block 13 5
block 14 5
block 15 5
block 16 5
block 17 5
block 18 5
block 54 5
block 55 5
block 56 5
block 57 5
block 58 5
block 59 5
block 60 5
block 0 6
block 1 6
block 13 6
block 14 6
block 15 6
block 16 6
block 17 6
block 18 6
block 54 6
block 55 6
block 56 6
block 57 6
block 58 6
block 59 6
block 60 6
block 54 7
block 55 7
block 56 7
block 58 7
block 59 7
block 60 7
block 15 8
block 16 8
block 17 8
block 18 8
block 19 8
block 54 8
block 55 8
block 56 8
block 58 8
block 59 8
block 60 8
block 15 9
block 16 9
block 17 9
block 18 9
block 19 9
block 58 9
block 59 9
block 60 9
block 15 10
block 16 10
block 17 10
block 18 10
block 19 10
block 15 11
block 16 11
block 17 11
block 18 11
block 19 11
block 15 12
block 16 12
block 17 12
block 18 12
block 19 12
block 15 13
block 16 13
block 17 13
block 18 13
block 19 13
block 15 14
block 16 14
block 17 14
block 18 14
block 19 14
block 24 14
block 25 14
block 26 14
block 24 15
block 25 15
block 26 15
block 20 16
block 21 16
block 22 16
block 23 16
block 24 16
block 25 16
block 26 16
block 20 17
block 21 17
block 22 17
block 23 17
block 20 18
block 21 18
block 22 18
block 23 18
block 20 19
block 21 19
block 22 19
block 23 19
block 20 20
block 21 20
block 22 20
block 23 20
block 9 22
block 10 22
block 11 22
block 9 23
block 10 23
block 11 23
block 19 23
block 20 23
block 9 24
block 10 24
block 11 24
block 19 24
block 20 24
block 0 25
block 1 25
block 2 25
block 3 25
block 4 25
block 9 25
block 10 25
block 11 25
block 12 25
block 13 25
block 14 25
block 15 25
block 16 25
block 18 25
block 19 25
block 20 25
block 0 26
block 1 26
block 2 26
block 3 26
block 4 26
block 9 26
block 10 26
block 11 26
block 12 26
block 13 26
block 14 26
block 15 26
block 16 26
block 18 26
block 19 26
block 20 26
block 0 27
block 1 27
block 2 27
block 3 27
block 4 27
block 9 27
block 10 27
block 11 27
block 12 27
block 13 27
block 14 27
block 15 27
block 16 27
block 18 27
block 19 27
block 20 27
block 34 27
block 35 27
block 36 27
block 37 27
block 0 28
block 1 28
block 2 28
block 3 28
block 4 28
block 9 28
block 10 28
block 11 28
block 12 28
block 13 28
block 14 28
block 15 28
block 16 28
block 18 28
block 19 28
block 20 28
block 26 28
block 27 28
block 28 28
block 29 28
block 30 28
block 31 28
block 32 28
block 34 28
block 35 28
block 36 28
block 37 28
block 16 29
block 17 29
block 18 29
block 19 29
block 20 29
block 26 29
block 27 29
block 28 29
block 29 29
block 30 29
block 31 29
block 32 29
block 34 29
block 35 29
block 36 29
block 37 29
block 50 29
block 51 29
block 52 29
block 53 29
block 16 30
block 17 30
block 18 30
block 19 30
block 20 30
block 26 30
block 27 30
block 28 30
block 29 30
block 30 30
block 31 30
block 32 30
block 33 30
block 34 30
block 35 30
block 36 30
block 37 30
block 50 30
block 51 30
block 52 30
block 53 30
##BotsAndCoinsInfo
bot_name 0 starter-bot
bot 0 38 6
bot_coins 0 0
coin 5 10
coin 55 20
round 1
bot 0 38 7
round 2
bot 0 38 8
round 3
bot 0 38 9
round 4
bot 0 38 10
round 5
bot 0 38 11
coin 25 23
coin 35 7
round 6
bot 0 38 12
round 7
bot 0 38 13
round 8
bot 0 38 14
round 9
bot 0 38 15
round 10
bot 0 38 16
coin 10 29
coin 49 1
round 11
bot 0 38 17
round 12
bot 0 38 18
round 13
bot 0 38 19
round 14
bot 0 38 20
round 15
bot 0 38 21
coin 55 1
coin 5 29
round 16
bot 0 38 22
round 17
bot 0 38 23
round 18
bot 0 38 24
round 19
bot 0 38 25
round 20
bot 0 38 26
coin 21 3
coin 39 27
round 21
bot 0 39 27
coin_collected 39 27 0
bot_coins 0 1
round 22
bot 0 39 28
round 23
bot 0 39 29
round 24
bot 0 39 30
round 25
bot 0 38 29
coin 38 0
coin 22 30
round 26
bot 0 39 28
round 27
bot 0 39 27
round 28
bot 0 38 26
round 29
bot 0 38 25
round 30
bot 0 38 24
coin 23 27
coin 37 3
round 31
bot 0 38 23
round 32
bot 0 38 22
round 33
bot 0 38 21
round 34
round 35
coin 24 19
coin 36 11
round 36
match_over 0
round 37
