match
match_id 1639174060590_eg
match_time 1639174060594
num_bots 1
##MatchConfig
mode FRIENDLY
num_rounds 200
random_seed 42
move_time_limit 1000
coin_spawn_period 5
coin_spawn_volume 2
##MapConfig
map_size 70 35
view_radius 5
mining_radius 1
attack_radius 3
block 58 0
block 59 0
block 47 1
block 48 1
block 58 1
block 59 1
block 47 2
block 48 2
block 58 2
block 59 2
block 58 3
block 59 3
block 58 4
block 59 4
block 28 5
block 29 5
block 30 5
block 31 5
block 32 5
block 33 5
block 34 5
block 58 5
block 59 5
block 18 6
block 19 6
block 20 6
block 28 6
block 29 6
block 30 6
block 31 6
block 32 6
block 33 6
block 34 6
block 18 7
block 19 7
block 20 7
block 28 7
block 29 7
block 30 7
block 31 7
block 32 7
block 33 7
block 34 7
block 28 8
block 29 8
block 30 8
block 31 8
block 32 8
block 33 8
block 34 8
block 28 9
block 29 9
block 30 9
block 31 9
block 32 9
block 33 9
block 34 9
block 57 9
block 58 9
block 28 10
block 29 10
block 30 10
block 31 10
block 32 10
block 33 10
block 34 10
block 57 10
block 58 10
block 13 11
block 14 11
block 15 11
block 16 11
block 30 11
block 31 11
block 32 11
block 33 11
block 34 11
block 35 11
block 57 11
block 58 11
block 13 12
block 14 12
block 15 12
block 16 12
block 30 12
block 31 12
block 32 12
block 33 12
block 34 12
block 35 12
block 57 12
block 58 12
block 64 12
block 65 12
block 13 13
block 14 13
block 15 13
block 16 13
block 30 13
block 31 13
block 32 13
block 33 13
block 34 13
block 35 13
block 50 13
block 51 13
block 52 13
block 53 13
block 54 13
block 57 13
block 58 13
block 64 13
block 65 13
block 13 14
block 14 14
block 15 14
block 16 14
block 30 14
block 31 14
block 32 14
block 33 14
block 34 14
block 35 14
block 50 14
block 51 14
block 52 14
block 53 14
block 54 14
block 57 14
block 58 14
block 64 14
block 65 14
block 67 14
block 68 14
block 69 14
block 13 15
block 14 15
block 15 15
block 16 15
block 30 15
block 31 15
block 32 15
block 33 15
block 34 15
block 35 15
block 50 15
block 51 15
block 52 15
block 53 15
block 54 15
block 57 15
block 58 15
block 64 15
block 65 15
block 67 15
block 68 15
block 69 15
block 13 16
block 14 16
block 15 16
block 16 16
block 30 16
block 31 16
block 32 16
block 33 16
block 34 16
block 35 16
block 50 16
block 51 16
block 52 16
block 53 16
block 54 16
block 67 16
block 68 16
block 69 16
block 13 17
block 14 17
block 15 17
block 16 17
block 33 17
block 34 17
block 35 17
block 50 17
block 51 17
block 52 17
block 53 17
block 54 17
block 50 18
block 51 18
block 52 18
block 53 18
block 54 18
block 59 18
block 60 18
block 61 18
block 62 18
block 12 19
block 13 19
block 14 19
block 15 19
block 16 19
block 17 19
block 59 19
block 60 19
block 61 19
block 62 19
block 12 20
block 13 20
block 14 20
block 15 20
block 16 20
block 17 20
block 40 20
block 41 20
block 12 21
block 13 21
block 14 21
block 15 21
block 16 21
block 17 21
block 40 21
block 41 21
block 40 22
block 41 22
block 40 23
block 41 23
block 40 24
block 41 24
block 8 25
block 9 25
block 10 25
block 11 25
block 12 25
block 13 25
block 36 25
block 37 25
block 38 25
block 39 25
block 40 25
block 41 25
block 8 26
block 9 26
block 10 26
block 11 26
block 12 26
block 13 26
block 36 26
block 37 26
block 38 26
block 39 26
block 40 26
block 41 26
block 8 27
block 9 27
block 10 27
block 11 27
block 12 27
block 13 27
block 36 27
block 37 27
block 38 27
block 39 27
block 40 27
block 41 27
block 8 28
block 9 28
block 10 28
block 11 28
block 12 28
block 13 28
block 36 28
block 37 28
block 38 28
block 39 28
block 40 28
block 41 28
block 8 29
block 9 29
block 10 29
block 11 29
block 12 29
block 13 29
block 12 31
block 13 31
block 14 31
block 15 31
block 16 31
block 12 32
block 13 32
block 14 32
block 15 32
block 16 32
block 58 34
block 59 34
##BotsAndCoinsInfo
bot_name 0 starter-bot
bot 0 4 11
bot_coins 0 0
coin 50 33
coin 19 1
round 1
bot 0 4 12
round 2
bot 0 4 13
round 3
bot 0 4 14
round 4
bot 0 4 15
round 5
bot 0 4 16
coin 48 24
coin 21 10
round 6
bot 0 4 17
round 7
bot 0 4 18
round 8
bot 0 4 19
round 9
bot 0 4 20
round 10
bot 0 4 21
coin 39 24
coin 29 11
round 11
bot 0 4 22
round 12
bot 0 4 23
round 13
bot 0 4 24
round 14
bot 0 4 25
round 15
bot 0 4 26
coin 15 3
coin 54 31
round 16
bot 0 4 27
round 17
bot 0 4 28
round 18
bot 0 4 29
round 19
bot 0 4 30
round 20
bot 0 4 31
coin 69 3
coin 0 31
round 21
bot 0 4 32
round 22
bot 0 4 33
round 23
bot 0 4 34
round 24
round 25
coin 52 32
coin 17 2
round 26
round 27
round 28
round 29
round 30
coin 56 7
coin 14 27
round 31
match_over 0
round 32
