match
match_id 1639216592380_nk
match_time 1639216592382
num_bots 1
##MatchConfig
mode FRIENDLY
num_rounds 200
random_seed 42
move_time_limit 1000
coin_spawn_period 5
coin_spawn_volume 2
##MapConfig
map_size 52 37
view_radius 6
mining_radius 2
attack_radius 4
block 20 0
block 21 0
block 22 0
block 23 0
block 24 0
block 32 0
block 33 0
block 20 1
block 21 1
block 22 1
block 23 1
block 24 1
block 32 1
block 33 1
block 13 2
block 14 2
block 15 2
block 16 2
block 17 2
block 18 2
block 19 2
block 20 2
block 21 2
block 22 2
block 23 2
block 24 2
block 32 2
block 33 2
block 0 3
block 1 3
block 2 3
block 13 3
block 14 3
block 15 3
block 16 3
block 17 3
block 18 3
block 19 3
block 20 3
block 21 3
block 22 3
block 23 3
block 24 3
block 48 3
block 49 3
block 50 3
block 51 3
block 0 4
block 1 4
block 2 4
block 13 4
block 14 4
block 15 4
block 16 4
block 17 4
block 18 4
block 19 4
block 20 4
block 21 4
block 22 4
block 23 4
block 24 4
block 48 4
block 49 4
block 50 4
block 51 4
block 0 5
block 1 5
block 2 5
block 13 5
block 14 5
block 15 5
block 16 5
block 17 5
block 18 5
block 19 5
block 20 5
block 48 5
block 49 5
block 50 5
block 51 5
block 14 6
block 15 6
block 16 6
block 17 6
block 18 6
block 19 6
block 20 6
block 40 6
block 41 6
block 42 6
block 15 7
block 16 7
block 17 7
block 18 7
block 19 7
block 20 7
block 40 7
block 41 7
block 42 7
block 19 8
block 20 8
block 40 8
block 41 8
block 42 8
block 19 9
block 20 9
block 40 9
block 41 9
block 42 9
block 40 10
block 41 10
block 42 10
block 40 11
block 41 11
block 42 11
block 40 12
block 41 12
block 42 12
block 19 16
block 20 16
block 19 17
block 20 17
block 23 18
block 24 18
block 23 19
block 24 19
block 18 20
block 19 20
block 20 20
block 21 20
block 22 20
block 23 20
block 24 20
block 28 20
block 29 20
block 30 20
block 31 20
block 18 21
block 19 21
block 20 21
block 21 21
block 22 21
block 23 21
block 24 21
block 28 21
block 29 21
block 30 21
block 31 21
block 36 21
block 37 21
block 17 22
block 18 22
block 19 22
block 20 22
block 21 22
block 22 22
block 23 22
block 24 22
block 28 22
block 29 22
block 30 22
block 31 22
block 36 22
block 37 22
block 9 23
block 10 23
block 11 23
block 12 23
block 17 23
block 18 23
block 19 23
block 20 23
block 21 23
block 23 23
block 24 23
block 28 23
block 29 23
block 30 23
block 31 23
block 36 23
block 37 23
block 9 24
block 10 24
block 11 24
block 12 24
block 17 24
block 18 24
block 19 24
block 20 24
block 21 24
block 23 24
block 24 24
block 28 24
block 29 24
block 30 24
block 31 24
block 36 24
block 37 24
block 4 25
block 5 25
block 6 25
block 7 25
block 8 25
block 9 25
block 10 25
block 11 25
block 12 25
block 17 25
block 18 25
block 19 25
block 20 25
block 21 25
block 22 25
block 28 25
block 29 25
block 30 25
block 31 25
block 36 25
block 37 25
block 0 26
block 4 26
block 5 26
block 6 26
block 7 26
block 8 26
block 9 26
block 10 26
block 11 26
block 12 26
block 19 26
block 20 26
block 21 26
block 22 26
block 47 26
block 48 26
block 49 26
block 50 26
block 51 26
block 0 27
block 19 27
block 20 27
block 21 27
block 22 27
block 27 27
block 28 27
block 29 27
block 30 27
block 31 27
block 32 27
block 33 27
block 47 27
block 48 27
block 49 27
block 50 27
block 51 27
block 0 28
block 19 28
block 20 28
block 21 28
block 22 28
block 27 28
block 28 28
block 29 28
block 30 28
block 31 28
block 32 28
block 33 28
block 40 28
block 41 28
block 42 28
block 43 28
block 44 28
block 45 28
block 46 28
block 47 28
block 48 28
block 49 28
block 50 28
block 51 28
block 0 29
block 3 29
block 4 29
block 5 29
block 6 29
block 7 29
block 8 29
block 13 29
block 14 29
block 15 29
block 16 29
block 17 29
block 18 29
block 19 29
block 20 29
block 21 29
block 22 29
block 27 29
block 28 29
block 29 29
block 30 29
block 31 29
block 32 29
block 33 29
block 40 29
block 41 29
block 42 29
block 43 29
block 44 29
block 45 29
block 46 29
block 47 29
block 48 29
block 49 29
block 50 29
block 51 29
block 0 30
block 3 30
block 4 30
block 5 30
block 6 30
block 7 30
block 8 30
block 13 30
block 14 30
block 15 30
block 16 30
block 17 30
block 18 30
block 19 30
block 20 30
block 21 30
block 22 30
block 27 30
block 28 30
block 29 30
block 30 30
block 31 30
block 32 30
block 33 30
block 40 30
block 41 30
block 42 30
block 43 30
block 44 30
block 45 30
block 46 30
block 47 30
block 48 30
block 49 30
block 50 30
block 51 30
block 0 31
block 3 31
block 4 31
block 5 31
block 6 31
block 7 31
block 8 31
block 19 31
block 20 31
block 21 31
block 22 31
block 23 31
block 24 31
block 25 31
block 40 31
block 41 31
block 42 31
block 43 31
block 44 31
block 45 31
block 46 31
block 47 31
block 48 31
block 49 31
block 50 31
block 51 31
block 3 32
block 4 32
block 5 32
block 6 32
block 7 32
block 8 32
block 20 32
block 21 32
block 22 32
block 23 32
block 24 32
block 25 32
block 40 32
block 41 32
block 42 32
block 43 32
block 44 32
block 45 32
block 46 32
block 47 32
block 48 32
block 49 32
block 50 32
block 3 33
block 4 33
block 5 33
block 6 33
block 7 33
block 8 33
block 32 33
block 33 33
block 40 33
block 41 33
block 42 33
block 43 33
block 44 33
block 45 33
block 46 33
block 3 34
block 4 34
block 5 34
block 6 34
block 7 34
block 8 34
block 32 34
block 33 34
block 41 34
block 42 34
block 43 34
block 3 35
block 4 35
block 5 35
block 6 35
block 7 35
block 8 35
block 20 35
block 21 35
block 22 35
block 23 35
block 24 35
block 32 35
block 33 35
block 41 35
block 42 35
block 43 35
block 20 36
block 21 36
block 22 36
block 23 36
block 24 36
block 32 36
block 33 36
block 41 36
block 42 36
block 43 36
##BotsAndCoinsInfo
bot_name 0 starter-bot
bot 0 20 33
bot_coins 0 0
coin 26 14
coin 25 22
round 1
bot 0 20 34
round 2
round 3
round 4
round 5
coin 48 10
coin 3 26
round 6
round 7
round 8
round 9
round 10
coin 26 8
coin 25 28
round 11
round 12
round 13
round 14
round 15
coin 13 14
coin 38 22
round 16
round 17
round 18
round 19
round 20
coin 3 0
coin 48 36
round 21
round 22
round 23
round 24
round 25
coin 26 21
coin 25 15
round 26
round 27
round 28
round 29
round 30
coin 8 18
coin 43 18
round 31
round 32
round 33
round 34
round 35
coin 21 9
coin 30 26
round 36
round 37
round 38
round 39
round 40
coin 48 14
coin 3 22
round 41
round 42
round 43
round 44
round 45
coin 11 1
coin 40 35
round 46
round 47
round 48
round 49
round 50
coin 40 36
coin 11 0
round 51
round 52
round 53
round 54
round 55
coin 26 25
coin 25 11
round 56
round 57
round 58
round 59
round 60
coin 51 16
coin 0 20
round 61
round 62
round 63
round 64
round 65
coin 38 0
coin 13 36
round 66
round 67
round 68
round 69
round 70
coin 18 16
coin 33 20
round 71
round 72
round 73
round 74
round 75
coin 38 31
coin 13 6
round 76
round 77
round 78
round 79
round 80
coin 18 26
coin 33 10
round 81
round 82
round 83
round 84
round 85
coin 33 23
coin 18 13
round 86
round 87
round 88
round 89
round 90
coin 32 31
coin 21 5
round 91
round 92
round 93
round 94
round 95
coin 41 16
coin 10 20
round 96
round 97
round 98
round 99
round 100
coin 32 24
coin 19 12
round 101
round 102
round 103
round 104
round 105
coin 47 25
coin 4 11
round 106
round 107
round 108
round 109
round 110
coin 15 22
coin 36 14
round 111
round 112
round 113
round 114
round 115
coin 3 2
coin 48 34
round 116
round 117
round 118
round 119
round 120
coin 1 20
coin 50 16
round 121
round 122
round 123
round 124
round 125
coin 9 22
coin 42 14
round 126
round 127
round 128
round 129
round 130
coin 42 26
coin 9 10
round 131
round 132
round 133
round 134
round 135
coin 40 0
coin 11 36
round 136
round 137
round 138
round 139
round 140
coin 25 29
coin 26 7
round 141
round 142
round 143
round 144
round 145
coin 49 34
coin 2 2
round 146
round 147
round 148
round 149
round 150
coin 45 12
coin 6 24
round 151
round 152
round 153
round 154
round 155
coin 32 18
coin 19 18
round 156
round 157
round 158
round 159
round 160
coin 50 22
coin 1 14
round 161
round 162
round 163
round 164
round 165
coin 46 10
coin 5 27
round 166
round 167
round 168
round 169
round 170
coin 35 19
coin 16 17
round 171
round 172
round 173
round 174
round 175
coin 6 21
coin 45 15
round 176
round 177
round 178
round 179
round 180
coin 13 18
coin 38 18
round 181
round 182
round 183
round 184
round 185
coin 13 31
coin 38 5
round 186
round 187
round 188
round 189
round 190
coin 42 20
coin 9 16
round 191
round 192
round 193
round 194
round 195
coin 29 26
coin 22 10
round 196
round 197
round 198
round 199
round 200
coin 39 31
coin 12 5
match_over 0
