match
match_id 1639168012597_bf
match_time 1639168012602
num_bots 1
##MatchConfig
mode FRIENDLY
num_rounds 200
random_seed 42
move_time_limit 1000
coin_spawn_period 5
coin_spawn_volume 2
##MapConfig
map_size 76 35
view_radius 5
mining_radius 2
attack_radius 3
block 5 0
block 6 0
block 7 0
block 8 0
block 9 0
block 16 0
block 17 0
block 18 0
block 19 0
block 20 0
block 21 0
block 41 0
block 42 0
block 43 0
block 44 0
block 45 0
block 46 0
block 47 0
block 48 0
block 49 0
block 50 0
block 51 0
block 5 1
block 6 1
block 7 1
block 8 1
block 9 1
block 16 1
block 17 1
block 18 1
block 19 1
block 20 1
block 21 1
block 22 1
block 41 1
block 42 1
block 43 1
block 44 1
block 45 1
block 46 1
block 47 1
block 48 1
block 49 1
block 50 1
block 51 1
block 5 2
block 6 2
block 7 2
block 8 2
block 9 2
block 16 2
block 17 2
block 18 2
block 19 2
block 20 2
block 21 2
block 22 2
block 41 2
block 42 2
block 43 2
block 44 2
block 16 3
block 17 3
block 18 3
block 19 3
block 20 3
block 21 3
block 22 3
block 41 3
block 42 3
block 43 3
block 44 3
block 20 4
block 21 4
block 22 4
block 31 4
block 32 4
block 33 4
block 34 4
block 35 4
block 36 4
block 20 5
block 21 5
block 22 5
block 31 5
block 32 5
block 33 5
block 34 5
block 35 5
block 36 5
block 20 6
block 21 6
block 22 6
block 31 6
block 32 6
block 33 6
block 34 6
block 35 6
block 36 6
block 31 7
block 32 7
block 33 7
block 34 7
block 35 7
block 36 7
block 33 8
block 34 8
block 35 8
block 33 9
block 34 9
block 35 9
block 72 9
block 73 9
block 43 10
block 44 10
block 45 10
block 46 10
block 47 10
block 48 10
block 72 10
block 73 10
block 43 11
block 44 11
block 45 11
block 46 11
block 47 11
block 48 11
block 49 11
block 50 11
block 51 11
block 58 11
block 59 11
block 72 11
block 73 11
block 37 12
block 38 12
block 39 12
block 40 12
block 41 12
block 42 12
block 43 12
block 44 12
block 45 12
block 46 12
block 47 12
block 48 12
block 49 12
block 50 12
block 51 12
block 58 12
block 59 12
block 63 12
block 64 12
block 65 12
block 66 12
block 72 12
block 73 12
block 37 13
block 38 13
block 39 13
block 40 13
block 41 13
block 42 13
block 43 13
block 44 13
block 45 13
block 46 13
block 47 13
block 48 13
block 49 13
block 50 13
block 51 13
block 58 13
block 59 13
block 63 13
block 64 13
block 65 13
block 66 13
block 14 14
block 15 14
block 16 14
block 43 14
block 44 14
block 45 14
block 46 14
block 47 14
block 48 14
block 49 14
block 50 14
block 51 14
block 58 14
block 59 14
block 63 14
block 64 14
block 65 14
block 66 14
block 14 15
block 15 15
block 16 15
block 45 15
block 46 15
block 47 15
block 48 15
block 49 15
block 50 15
block 51 15
block 58 15
block 59 15
block 63 15
block 64 15
block 65 15
block 66 15
block 14 16
block 15 16
block 16 16
block 45 16
block 46 16
block 47 16
block 48 16
block 49 16
block 50 16
block 51 16
block 63 16
block 64 16
block 65 16
block 66 16
block 14 17
block 15 17
block 16 17
block 45 17
block 46 17
block 47 17
block 48 17
block 49 17
block 50 17
block 51 17
block 13 18
block 14 18
block 15 18
block 16 18
block 17 18
block 18 18
block 58 18
block 59 18
block 60 18
block 61 18
block 62 18
block 63 18
block 64 18
block 13 19
block 14 19
block 15 19
block 16 19
block 17 19
block 18 19
block 58 19
block 59 19
block 60 19
block 61 19
block 62 19
block 63 19
block 64 19
block 72 19
block 73 19
block 74 19
block 13 20
block 14 20
block 15 20
block 16 20
block 17 20
block 18 20
block 58 20
block 59 20
block 60 20
block 61 20
block 62 20
block 63 20
block 64 20
block 72 20
block 73 20
block 74 20
block 58 21
block 59 21
block 60 21
block 61 21
block 62 21
block 63 21
block 64 21
block 72 21
block 73 21
block 74 21
block 26 22
block 27 22
block 28 22
block 29 22
block 30 22
block 31 22
block 32 22
block 58 22
block 59 22
block 60 22
block 61 22
block 62 22
block 63 22
block 64 22
block 26 23
block 27 23
block 28 23
block 29 23
block 30 23
block 31 23
block 32 23
block 58 23
block 59 23
block 60 23
block 61 23
block 62 23
block 63 23
block 64 23
block 26 24
block 27 24
block 28 24
block 29 24
block 30 24
block 31 24
block 32 24
block 58 24
block 59 24
block 60 24
block 61 24
block 62 24
block 63 24
block 64 24
block 26 25
block 27 25
block 28 25
block 29 25
block 30 25
block 31 25
block 32 25
block 36 25
block 37 25
block 38 25
block 39 25
block 40 25
block 26 26
block 27 26
block 28 26
block 29 26
block 30 26
block 31 26
block 32 26
block 36 26
block 37 26
block 38 26
block 39 26
block 40 26
block 36 27
block 37 27
block 38 27
block 39 27
block 40 27
block 18 28
block 19 28
block 20 28
block 21 28
block 36 28
block 37 28
block 38 28
block 39 28
block 40 28
block 18 29
block 19 29
block 20 29
block 21 29
block 61 29
block 62 29
block 63 29
block 64 29
block 65 29
block 66 29
block 70 29
block 71 29
block 72 29
block 73 29
block 74 29
block 75 29
block 18 30
block 19 30
block 20 30
block 21 30
block 61 30
block 62 30
block 63 30
block 64 30
block 65 30
block 66 30
block 70 30
block 71 30
block 72 30
block 73 30
block 74 30
block 75 30
block 18 31
block 19 31
block 20 31
block 21 31
block 70 31
block 71 31
block 72 31
block 73 31
block 74 31
block 75 31
block 16 32
block 17 32
block 18 32
block 19 32
block 20 32
block 21 32
block 45 32
block 46 32
block 47 32
block 48 32
block 49 32
block 50 32
block 51 32
block 70 32
block 71 32
block 72 32
block 73 32
block 74 32
block 75 32
block 16 33
block 17 33
block 18 33
block 19 33
block 20 33
block 21 33
block 45 33
block 46 33
block 47 33
block 48 33
block 49 33
block 50 33
block 51 33
block 70 33
block 71 33
block 72 33
block 73 33
block 74 33
block 75 33
block 16 34
block 17 34
block 18 34
block 19 34
block 20 34
block 21 34
block 45 34
block 46 34
block 47 34
block 48 34
block 49 34
block 50 34
block 51 34
block 70 34
block 71 34
block 72 34
block 73 34
block 74 34
block 75 34
##BotsAndCoinsInfo
bot_name 0 starter-bot
bot 0 54 6
bot_coins 0 0
coin 26 33
coin 49 2
round 1
bot 0 54 7
round 2
bot 0 54 8
round 3
bot 0 54 9
round 4
bot 0 54 10
round 5
bot 0 54 11
coin 12 24
coin 63 10
round 6
bot 0 54 12
round 7
bot 0 54 13
round 8
bot 0 54 14
round 9
bot 0 54 15
round 10
bot 0 54 16
coin 6 25
coin 69 9
round 11
bot 0 54 17
round 12
bot 0 54 18
round 13
bot 0 54 19
round 14
bot 0 54 20
round 15
bot 0 54 21
coin 25 3
coin 50 31
round 16
bot 0 54 22
round 17
bot 0 54 23
round 18
bot 0 54 24
round 19
bot 0 54 25
round 20
bot 0 54 26
coin 51 3
coin 24 31
round 21
bot 0 54 27
round 22
bot 0 54 28
round 23
bot 0 54 29
round 24
bot 0 54 30
round 25
bot 0 54 31
coin 42 32
coin 33 2
round 26
bot 0 54 32
round 27
bot 0 54 33
round 28
bot 0 54 34
round 29
round 30
coin 12 7
coin 63 27
round 31
match_over 0
round 32
