match
match_id 1639176233359_gw
match_time 1639176233360
num_bots 1
##MatchConfig
mode FRIENDLY
num_rounds 200
random_seed 42
move_time_limit 1000
coin_spawn_period 5
coin_spawn_volume 2
##MapConfig
map_size 48 21
view_radius 6
mining_radius 2
attack_radius 3
block 21 0
block 22 0
block 23 0
block 24 0
block 25 0
block 26 0
block 27 0
block 28 0
block 29 0
block 30 0
block 36 0
block 37 0
block 38 0
block 39 0
block 40 0
block 41 0
block 42 0
block 21 1
block 22 1
block 23 1
block 24 1
block 25 1
block 26 1
block 27 1
block 28 1
block 29 1
block 30 1
block 36 1
block 37 1
block 38 1
block 39 1
block 40 1
block 41 1
block 42 1
block 23 2
block 24 2
block 26 2
block 27 2
block 28 2
block 29 2
block 30 2
block 36 2
block 37 2
block 38 2
block 39 2
block 40 2
block 41 2
block 42 2
block 8 3
block 9 3
block 10 3
block 11 3
block 12 3
block 13 3
block 26 3
block 27 3
block 28 3
block 29 3
block 30 3
block 36 3
block 37 3
block 38 3
block 39 3
block 40 3
block 41 3
block 42 3
block 8 4
block 9 4
block 10 4
block 11 4
block 12 4
block 13 4
block 27 4
block 28 4
block 36 4
block 37 4
block 38 4
block 39 4
block 40 4
block 41 4
block 42 4
block 8 5
block 9 5
block 10 5
block 11 5
block 12 5
block 13 5
block 24 5
block 25 5
block 26 5
block 27 5
block 28 5
block 36 5
block 37 5
block 38 5
block 39 5
block 40 5
block 41 5
block 42 5
block 0 6
block 1 6
block 8 6
block 9 6
block 10 6
block 11 6
block 12 6
block 13 6
block 14 6
block 15 6
block 17 6
block 18 6
block 19 6
block 20 6
block 21 6
block 24 6
block 25 6
block 26 6
block 27 6
block 28 6
block 46 6
block 47 6
block 0 7
block 1 7
block 8 7
block 9 7
block 10 7
block 11 7
block 12 7
block 13 7
block 14 7
block 15 7
block 17 7
block 18 7
block 19 7
block 20 7
block 21 7
block 22 7
block 23 7
block 24 7
block 25 7
block 26 7
block 27 7
block 28 7
block 46 7
block 47 7
block 0 8
block 1 8
block 8 8
block 9 8
block 10 8
block 11 8
block 12 8
block 13 8
block 14 8
block 15 8
block 17 8
block 18 8
block 19 8
block 20 8
block 21 8
block 22 8
block 23 8
block 24 8
block 25 8
block 26 8
block 27 8
block 28 8
block 46 8
block 47 8
block 0 9
block 1 9
block 8 9
block 9 9
block 10 9
block 11 9
block 12 9
block 13 9
block 14 9
block 15 9
block 17 9
block 18 9
block 19 9
block 20 9
block 21 9
block 22 9
block 23 9
block 24 9
block 25 9
block 26 9
block 27 9
block 28 9
block 46 9
block 47 9
block 9 10
block 10 10
block 13 10
block 14 10
block 15 10
block 17 10
block 18 10
block 19 10
block 20 10
block 21 10
block 22 10
block 23 10
block 24 10
block 25 10
block 26 10
block 31 10
block 32 10
block 33 10
block 34 10
block 9 11
block 10 11
block 13 11
block 14 11
block 15 11
block 17 11
block 18 11
block 19 11
block 20 11
block 21 11
block 22 11
block 23 11
block 24 11
block 25 11
block 26 11
block 29 11
block 30 11
block 31 11
block 32 11
block 33 11
block 34 11
block 9 12
block 10 12
block 13 12
block 14 12
block 15 12
block 17 12
block 18 12
block 19 12
block 20 12
block 21 12
block 22 12
block 23 12
block 24 12
block 25 12
block 29 12
block 30 12
block 31 12
block 32 12
block 33 12
block 34 12
block 17 13
block 18 13
block 19 13
block 20 13
block 21 13
block 22 13
block 23 13
block 24 13
block 25 13
block 29 13
block 30 13
block 31 13
block 32 13
block 36 13
block 37 13
block 38 13
block 39 13
block 40 13
block 41 13
block 4 14
block 5 14
block 17 14
block 18 14
block 19 14
block 20 14
block 21 14
block 22 14
block 23 14
block 24 14
block 36 14
block 37 14
block 38 14
block 39 14
block 40 14
block 41 14
block 0 15
block 1 15
block 2 15
block 3 15
block 4 15
block 5 15
block 6 15
block 7 15
block 8 15
block 21 15
block 22 15
block 23 15
block 24 15
block 36 15
block 37 15
block 38 15
block 39 15
block 40 15
block 41 15
block 47 15
block 0 16
block 1 16
block 2 16
block 3 16
block 4 16
block 5 16
block 6 16
block 7 16
block 8 16
block 21 16
block 22 16
block 23 16
block 24 16
block 25 16
block 26 16
block 36 16
block 37 16
block 38 16
block 39 16
block 40 16
block 41 16
block 47 16
block 0 17
block 1 17
block 2 17
block 3 17
block 4 17
block 5 17
block 6 17
block 7 17
block 8 17
block 12 17
block 13 17
block 14 17
block 21 17
block 22 17
block 23 17
block 24 17
block 25 17
block 26 17
block 34 17
block 35 17
block 36 17
block 37 17
block 38 17
block 40 17
block 41 17
block 47 17
block 0 18
block 1 18
block 2 18
block 3 18
block 4 18
block 5 18
block 6 18
block 7 18
block 8 18
block 12 18
block 13 18
block 14 18
block 21 18
block 22 18
block 23 18
block 24 18
block 25 18
block 26 18
block 27 18
block 28 18
block 29 18
block 30 18
block 34 18
block 35 18
block 36 18
block 37 18
block 38 18
block 40 18
block 41 18
block 47 18
block 4 19
block 5 19
block 12 19
block 13 19
block 14 19
block 21 19
block 22 19
block 23 19
block 24 19
block 25 19
block 26 19
block 27 19
block 28 19
block 29 19
block 30 19
block 34 19
block 35 19
block 36 19
block 37 19
block 38 19
block 40 19
block 41 19
block 4 20
block 5 20
block 12 20
block 13 20
block 14 20
block 21 20
block 22 20
block 23 20
block 24 20
block 25 20
block 26 20
block 27 20
block 28 20
block 29 20
block 30 20
block 36 20
block 37 20
block 38 20
block 39 20
block 40 20
block 41 20
block 42 20
##BotsAndCoinsInfo
bot_name 0 starter-bot
bot 0 39 9
bot_coins 0 0
coin 26 12
coin 22 6
round 1
bot 0 39 10
round 2
bot 0 39 11
round 3
bot 0 39 12
round 4
round 5
coin 0 19
coin 47 1
round 6
round 7
round 8
round 9
round 10
coin 18 4
coin 29 16
round 11
round 12
round 13
round 14
round 15
coin 17 17
coin 31 3
round 16
round 17
round 18
round 19
round 20
coin 31 17
coin 16 3
round 21
round 22
round 23
round 24
round 25
coin 14 13
coin 33 7
round 26
round 27
round 28
round 29
round 30
coin 12 0
coin 35 20
round 31
round 32
round 33
round 34
round 35
coin 44 17
coin 3 3
round 36
round 37
round 38
round 39
round 40
coin 26 13
coin 21 5
round 41
round 42
round 43
round 44
round 45
coin 7 2
coin 39 18
round 46
round 47
round 48
round 49
round 50
coin 8 1
coin 39 19
round 51
round 52
round 53
round 54
round 55
coin 27 10
coin 16 10
round 56
round 57
round 58
round 59
round 60
coin 11 10
coin 36 10
round 61
round 62
round 63
round 64
round 65
coin 46 10
coin 1 10
round 66
round 67
round 68
round 69
round 70
coin 43 12
coin 4 8
round 71
round 72
round 73
round 74
round 75
coin 7 6
coin 42 14
round 76
round 77
round 78
round 79
round 80
coin 15 17
coin 32 3
round 81
round 82
round 83
round 84
round 85
coin 41 11
coin 6 9
round 86
round 87
round 88
round 89
round 90
coin 11 19
coin 35 1
round 91
round 92
round 93
round 94
round 95
coin 25 4
coin 20 16
round 96
round 97
round 98
round 99
round 100
coin 11 20
coin 35 0
round 101
round 102
round 103
round 104
round 105
coin 45 7
coin 2 13
round 106
round 107
round 108
round 109
round 110
coin 22 2
coin 27 17
round 111
round 112
round 113
round 114
round 115
coin 7 3
coin 39 17
round 116
round 117
round 118
round 119
round 120
coin 12 10
coin 35 10
round 121
round 122
round 123
round 124
round 125
coin 25 14
coin 23 6
round 126
round 127
round 128
round 129
round 130
coin 35 2
coin 11 18
round 131
round 132
round 133
round 134
round 135
coin 7 7
coin 40 12
round 136
coin_collected 40 12 0
bot_coins 0 1
round 137
round 138
round 139
round 140
coin 2 7
coin 45 13
round 141
round 142
round 143
round 144
round 145
coin 21 3
coin 27 16
round 146
round 147
round 148
round 149
round 150
coin 26 4
coin 20 17
round 151
round 152
round 153
round 154
round 155
match_over 0
coin 32 16
coin 15 4
round 156
