match
match_id 1639325768900_al
match_time 1639325768904
num_bots 1
##MatchConfig
mode FRIENDLY
num_rounds 200
random_seed 42
move_time_limit 1000
coin_spawn_period 5
coin_spawn_volume 2
##MapConfig
map_size 75 31
view_radius 6
mining_radius 1
attack_radius 3
block 3 0
block 4 0
block 5 0
block 6 0
block 7 0
block 0 1
block 1 1
block 2 1
block 3 1
block 4 1
block 5 1
block 6 1
block 7 1
block 74 1
block 0 2
block 1 2
block 2 2
block 3 2
block 4 2
block 5 2
block 6 2
block 7 2
block 74 2
block 0 3
block 1 3
block 2 3
block 74 3
block 0 4
block 1 4
block 2 4
block 74 4
block 0 5
block 1 5
block 2 5
block 74 5
block 0 6
block 1 6
block 2 6
block 72 6
block 73 6
block 74 6
block 72 7
block 73 7
block 72 8
block 73 8
block 18 9
block 19 9
block 20 9
block 21 9
block 22 9
block 23 9
block 24 9
block 18 10
block 19 10
block 20 10
block 21 10
block 22 10
block 23 10
block 24 10
block 33 10
block 34 10
block 35 10
block 18 11
block 19 11
block 20 11
block 21 11
block 22 11
block 23 11
block 24 11
block 33 11
block 34 11
block 35 11
block 18 12
block 19 12
block 20 12
block 21 12
block 22 12
block 23 12
block 24 12
block 33 12
block 34 12
block 35 12
block 18 13
block 19 13
block 20 13
block 21 13
block 22 13
block 23 13
block 24 13
block 33 13
block 34 13
block 35 13
block 18 14
block 19 14
block 20 14
block 21 14
block 22 14
block 23 14
block 24 14
block 41 22
block 42 22
block 43 22
block 41 23
block 42 23
block 43 23
block 41 24
block 42 24
block 43 24
block 41 25
block 42 25
block 43 25
block 41 26
block 42 26
block 43 26
block 3 30
block 4 30
block 5 30
block 6 30
block 7 30
##BotsAndCoinsInfo
bot_name 0 starter-bot
bot 0 0 25
bot_coins 0 0
coin 5 10
coin 69 20
round 1
bot 0 0 26
round 2
bot 0 0 27
round 3
bot 0 0 28
round 4
bot 0 0 29
round 5
bot 0 0 30
coin 48 23
coin 26 7
round 6
bot 0 74 29
round 7
bot 0 74 28
round 8
bot 0 74 27
round 9
bot 0 74 26
round 10
bot 0 74 25
coin 45 28
coin 29 2
round 11
bot 0 74 24
round 12
bot 0 74 23
round 13
bot 0 74 22
round 14
bot 0 74 21
round 15
bot 0 74 20
coin 5 3
coin 69 27
round 16
bot 0 74 19
round 17
bot 0 74 18
round 18
bot 0 74 17
round 19
bot 0 74 16
round 20
bot 0 74 15
coin 19 3
coin 55 27
round 21
bot 0 74 14
round 22
bot 0 74 13
round 23
bot 0 74 12
round 24
bot 0 74 11
round 25
bot 0 74 10
coin 32 0
coin 42 30
round 26
bot 0 74 9
round 27
bot 0 74 8
round 28
bot 0 74 7
round 29
round 30
coin 51 27
coin 23 3
round 31
round 32
round 33
round 34
round 35
coin 26 19
coin 48 11
round 36
round 37
round 38
round 39
round 40
coin 6 21
coin 68 9
round 41
round 42
round 43
round 44
round 45
coin 43 19
coin 31 11
round 46
round 47
round 48
round 49
round 50
coin 50 8
coin 24 22
round 51
round 52
round 53
round 54
round 55
coin 26 18
coin 48 12
round 56
round 57
round 58
round 59
round 60
coin 68 18
coin 6 12
round 61
round 62
round 63
round 64
round 65
coin 55 18
coin 17 12
round 66
round 67
round 68
round 69
round 70
coin 37 21
coin 37 9
round 71
round 72
round 73
round 74
round 75
coin 55 26
coin 19 4
round 76
round 77
round 78
round 79
round 80
coin 5 17
coin 69 13
round 81
round 82
round 83
round 84
round 85
coin 17 22
coin 57 8
round 86
round 87
round 88
round 89
round 90
coin 12 20
coin 62 10
round 91
round 92
round 93
round 94
round 95
coin 13 24
coin 61 6
round 96
round 97
round 98
round 99
round 100
coin 29 19
coin 45 11
round 101
round 102
round 103
round 104
round 105
coin 23 6
coin 51 24
round 106
round 107
round 108
round 109
round 110
coin 50 12
coin 24 18
round 111
round 112
round 113
round 114
round 115
coin 7 29
coin 67 1
round 116
round 117
round 118
round 119
round 120
coin 7 4
coin 67 26
round 121
round 122
round 123
round 124
round 125
coin 43 30
coin 31 0
round 126
round 127
round 128
round 129
round 130
coin 8 1
coin 66 29
round 131
round 132
round 133
round 134
round 135
coin 36 11
coin 38 19
round 136
round 137
round 138
round 139
round 140
coin 13 22
coin 61 8
round 141
round 142
round 143
round 144
round 145
coin 36 14
coin 38 16
round 146
round 147
round 148
round 149
round 150
coin 22 22
coin 52 8
round 151
round 152
round 153
round 154
round 155
coin 2 22
coin 71 8
round 156
round 157
round 158
round 159
round 160
coin 44 27
coin 30 3
round 161
round 162
round 163
round 164
round 165
coin 23 7
coin 51 23
round 166
round 167
round 168
round 169
round 170
coin 73 4
coin 1 26
round 171
round 172
round 173
round 174
round 175
coin 40 17
coin 34 14
round 176
round 177
round 178
round 179
round 180
coin 28 2
coin 46 28
round 181
round 182
round 183
round 184
round 185
coin 73 30
coin 1 0
round 186
round 187
round 188
round 189
round 190
coin 11 13
coin 63 17
round 191
round 192
round 193
round 194
round 195
coin 50 20
coin 25 10
round 196
round 197
round 198
round 199
round 200
coin 0 22
coin 74 8
match_over 0
