match
match_id 1639414250141_ea
match_time 1639414250144
num_bots 1
##MatchConfig
mode FRIENDLY
num_rounds 200
random_seed 42
move_time_limit 1000
coin_spawn_period 5
coin_spawn_volume 2
##MapConfig
map_size 55 36
view_radius 5
mining_radius 2
attack_radius 4
block 39 1
block 40 1
block 41 1
block 42 1
block 43 1
block 44 1
block 39 2
block 40 2
block 41 2
block 42 2
block 43 2
block 44 2
block 1 3
block 2 3
block 3 3
block 4 3
block 39 3
block 40 3
block 41 3
block 42 3
block 43 3
block 44 3
block 1 4
block 2 4
block 3 4
block 4 4
block 39 4
block 40 4
block 41 4
block 42 4
block 43 4
block 44 4
block 1 5
block 2 5
block 3 5
block 4 5
block 14 5
block 15 5
block 16 5
block 17 5
block 18 5
block 29 5
block 30 5
block 31 5
block 32 5
block 33 5
block 34 5
block 35 5
block 39 5
block 40 5
block 41 5
block 42 5
block 43 5
block 44 5
block 1 6
block 2 6
block 3 6
block 4 6
block 14 6
block 15 6
block 16 6
block 17 6
block 18 6
block 29 6
block 30 6
block 31 6
block 32 6
block 33 6
block 34 6
block 35 6
block 39 6
block 40 6
block 41 6
block 42 6
block 43 6
block 44 6
block 1 7
block 2 7
block 3 7
block 4 7
block 14 7
block 15 7
block 16 7
block 17 7
block 18 7
block 28 7
block 29 7
block 30 7
block 31 7
block 32 7
block 33 7
block 34 7
block 35 7
block 39 7
block 40 7
block 41 7
block 42 7
block 43 7
block 44 7
block 47 7
block 48 7
block 1 8
block 2 8
block 3 8
block 4 8
block 14 8
block 15 8
block 16 8
block 17 8
block 18 8
block 28 8
block 29 8
block 30 8
block 31 8
block 32 8
block 33 8
block 34 8
block 35 8
block 36 8
block 37 8
block 42 8
block 43 8
block 44 8
block 45 8
block 46 8
block 47 8
block 48 8
block 28 9
block 29 9
block 30 9
block 31 9
block 32 9
block 33 9
block 34 9
block 35 9
block 36 9
block 37 9
block 42 9
block 43 9
block 44 9
block 45 9
block 46 9
block 47 9
block 28 10
block 29 10
block 30 10
block 31 10
block 32 10
block 33 10
block 34 10
block 35 10
block 36 10
block 37 10
block 42 10
block 43 10
block 44 10
block 45 10
block 46 10
block 47 10
block 1 11
block 2 11
block 3 11
block 4 11
block 19 11
block 20 11
block 21 11
block 22 11
block 23 11
block 24 11
block 25 11
block 28 11
block 29 11
block 30 11
block 31 11
block 32 11
block 33 11
block 34 11
block 35 11
block 36 11
block 37 11
block 42 11
block 43 11
block 44 11
block 45 11
block 46 11
block 47 11
block 1 12
block 2 12
block 3 12
block 4 12
block 19 12
block 20 12
block 21 12
block 22 12
block 23 12
block 24 12
block 25 12
block 28 12
block 29 12
block 30 12
block 31 12
block 32 12
block 33 12
block 36 12
block 37 12
block 42 12
block 43 12
block 44 12
block 45 12
block 46 12
block 47 12
block 1 13
block 2 13
block 3 13
block 4 13
block 16 13
block 17 13
block 18 13
block 19 13
block 20 13
block 21 13
block 22 13
block 23 13
block 24 13
block 25 13
block 36 13
block 37 13
block 42 13
block 43 13
block 44 13
block 45 13
block 46 13
block 47 13
block 1 14
block 2 14
block 3 14
block 4 14
block 16 14
block 17 14
block 18 14
block 19 14
block 20 14
block 21 14
block 22 14
block 23 14
block 24 14
block 25 14
block 36 14
block 37 14
block 42 14
block 43 14
block 44 14
block 45 14
block 46 14
block 47 14
block 1 15
block 2 15
block 3 15
block 4 15
block 16 15
block 17 15
block 18 15
block 19 15
block 20 15
block 21 15
block 22 15
block 1 16
block 2 16
block 3 16
block 4 16
block 16 16
block 17 16
block 18 16
block 19 16
block 20 16
block 21 16
block 22 16
block 1 17
block 2 17
block 3 17
block 4 17
block 16 17
block 17 17
block 18 17
block 19 17
block 20 17
block 21 17
block 22 17
block 16 18
block 17 18
block 18 18
block 19 18
block 20 18
block 21 18
block 22 18
block 32 19
block 33 19
block 34 19
block 35 19
block 36 19
block 37 19
block 38 19
block 32 20
block 33 20
block 34 20
block 35 20
block 36 20
block 37 20
block 38 20
block 32 21
block 33 21
block 34 21
block 35 21
block 36 21
block 37 21
block 38 21
block 32 22
block 33 22
block 34 22
block 35 22
block 36 22
block 37 22
block 38 22
block 18 23
block 19 23
block 20 23
block 21 23
block 22 23
block 23 23
block 24 23
block 32 23
block 33 23
block 34 23
block 35 23
block 36 23
block 37 23
block 38 23
block 18 24
block 19 24
block 20 24
block 21 24
block 22 24
block 23 24
block 24 24
block 0 25
block 1 25
block 2 25
block 3 25
block 4 25
block 5 25
block 0 26
block 1 26
block 2 26
block 3 26
block 4 26
block 5 26
block 0 27
block 1 27
block 2 27
block 3 27
block 4 27
block 5 27
block 0 28
block 1 28
block 2 28
block 3 28
block 4 28
block 5 28
block 24 29
block 25 29
block 24 30
block 25 30
block 24 31
block 25 31
block 38 31
block 39 31
block 40 31
block 41 31
block 42 31
block 43 31
block 24 32
block 25 32
block 38 32
block 39 32
block 40 32
block 41 32
block 42 32
block 43 32
block 15 33
block 16 33
block 17 33
block 18 33
block 24 33
block 25 33
block 15 34
block 16 34
block 17 34
block 18 34
##BotsAndCoinsInfo
bot_name 0 martyn
bot 0 26 13
bot_coins 0 0
coin 38 3
coin 16 32
round 1
bot 0 26 14
round 2
bot 0 26 15
round 3
bot 0 26 16
round 4
bot 0 26 17
round 5
bot 0 26 18
coin 8 8
coin 46 27
round 6
bot 0 26 19
round 7
bot 0 26 20
round 8
bot 0 26 21
round 9
bot 0 26 22
round 10
bot 0 26 23
coin 25 25
coin 27 10
round 11
bot 0 25 24
coin_collected 25 25 0
bot_coins 0 1
round 12
bot 0 25 25
round 13
bot 0 25 26
round 14
bot 0 25 27
round 15
bot 0 25 28
coin 45 2
coin 9 33
round 16
bot 0 24 28
round 17
bot 0 23 28
round 18
bot 0 23 29
round 19
bot 0 23 30
round 20
bot 0 23 31
coin 54 29
coin 0 6
round 21
bot 0 23 32
round 22
bot 0 23 33
round 23
bot 0 23 34
round 24
bot 0 23 35
round 25
bot 0 22 34
coin 22 26
coin 34 12
round 26
bot 0 22 33
round 27
bot 0 22 32
round 28
bot 0 22 31
round 29
bot 0 22 30
round 30
bot 0 21 29
coin 46 0
coin 8 35
round 31
bot 0 22 28
coin_collected 22 26 0
bot_coins 0 2
round 32
bot 0 22 27
round 33
bot 0 22 26
round 34
bot 0 22 25
round 35
bot 0 21 25
coin 46 32
coin 8 3
round 36
bot 0 20 25
round 37
bot 0 19 25
round 38
bot 0 18 25
round 39
bot 0 17 25
round 40
bot 0 17 24
coin 26 6
coin 28 29
round 41
bot 0 17 23
round 42
bot 0 17 22
round 43
bot 0 17 21
round 44
bot 0 17 20
round 45
bot 0 17 19
coin 33 17
coin 21 19
round 46
bot 0 16 19
round 47
bot 0 15 19
round 48
bot 0 15 18
round 49
bot 0 15 17
round 50
bot 0 15 16
coin 10 31
coin 45 4
round 51
bot 0 15 15
round 52
bot 0 15 14
round 53
bot 0 15 13
round 54
bot 0 15 12
round 55
bot 0 15 11
coin 36 33
coin 18 2
round 56
bot 0 15 10
round 57
bot 0 15 9
round 58
bot 0 14 9
round 59
bot 0 13 9
round 60
bot 0 13 8
coin 23 9
coin 31 26
round 61
bot 0 13 7
round 62
bot 0 13 6
round 63
bot 0 13 5
round 64
bot 0 13 4
round 65
bot 0 13 3
coin 10 22
coin 44 15
round 66
bot 0 13 2
round 67
bot 0 13 1
round 68
bot 0 13 0
round 69
round 70
coin 37 30
coin 17 4
round 71
round 72
bot 0 12 1
round 73
bot 0 11 2
round 74
bot 0 10 3
coin_collected 8 3 0
bot_coins 0 3
round 75
bot 0 9 4
coin 0 12
coin 54 23
round 76
bot 0 8 5
round 77
bot 0 7 6
round 78
bot 0 8 7
coin_collected 8 8 0
bot_coins 0 4
round 79
bot 0 7 8
round 80
bot 0 7 9
coin 45 5
coin 9 30
round 81
bot 0 7 10
round 82
bot 0 7 11
round 83
bot 0 7 12
round 84
bot 0 7 13
round 85
bot 0 7 14
coin 31 23
coin 23 10
round 86
bot 0 7 15
round 87
bot 0 7 16
round 88
bot 0 7 17
round 89
bot 0 7 18
round 90
bot 0 7 19
coin 32 25
coin 22 10
round 91
bot 0 8 20
round 92
bot 0 9 21
coin_collected 10 22 0
bot_coins 0 5
round 93
bot 0 9 22
round 94
bot 0 9 23
round 95
bot 0 9 24
coin 41 12
coin 13 23
round 96
bot 0 10 23
round 97
bot 0 11 22
round 98
bot 0 12 23
coin_collected 13 23 0
bot_coins 0 6
round 99
bot 0 12 24
round 100
bot 0 12 25
coin 26 13
coin 28 22
round 101
bot 0 12 26
round 102
bot 0 12 27
round 103
bot 0 11 28
round 104
bot 0 10 29
coin_collected 10 31 0
bot_coins 0 7
coin_collected 9 30 0
bot_coins 0 8
round 105
bot 0 9 30
coin 23 25
coin 31 13
round 106
bot 0 8 31
round 107
bot 0 7 32
round 108
bot 0 8 33
coin_collected 8 35 0
bot_coins 0 9
coin_collected 9 33 0
bot_coins 0 10
round 109
bot 0 8 34
round 110
bot 0 8 35
coin 10 6
coin 44 29
round 111
bot 0 7 34
round 112
bot 0 7 33
round 113
bot 0 7 32
round 114
bot 0 7 31
round 115
bot 0 7 30
coin 12 11
coin 42 24
round 116
bot 0 7 29
round 117
bot 0 7 28
round 118
bot 0 7 27
round 119
bot 0 7 26
round 120
bot 0 7 25
coin 7 7
coin 47 28
round 121
bot 0 7 24
round 122
bot 0 7 23
round 123
bot 0 7 22
round 124
bot 0 7 21
round 125
bot 0 7 20
coin 48 32
coin 6 3
round 126
bot 0 7 19
round 127
bot 0 7 18
round 128
bot 0 7 17
round 129
bot 0 7 16
round 130
bot 0 7 15
coin 8 4
coin 46 31
round 131
bot 0 7 14
round 132
bot 0 7 13
round 133
bot 0 7 12
round 134
bot 0 7 11
round 135
bot 0 6 10
coin 35 34
coin 19 1
round 136
bot 0 7 9
coin_collected 7 7 0
bot_coins 0 11
round 137
bot 0 8 8
round 138
bot 0 7 7
round 139
bot 0 6 6
round 140
bot 0 5 5
coin 33 31
coin 21 4
round 141
bot 0 6 4
coin_collected 8 4 0
bot_coins 0 12
coin_collected 6 3 0
bot_coins 0 13
round 142
bot 0 7 5
round 143
bot 0 8 6
coin_collected 10 6 0
bot_coins 0 14
round 144
bot 0 8 5
round 145
bot 0 8 4
coin 16 27
coin 38 8
round 146
bot 0 8 3
round 147
bot 0 8 2
round 148
bot 0 8 1
round 149
bot 0 8 0
round 150
bot 0 7 1
coin 12 23
coin 41 11
round 151
bot 0 7 2
round 152
bot 0 7 3
round 153
bot 0 7 4
round 154
bot 0 7 5
round 155
bot 0 7 6
coin 38 13
coin 16 22
round 156
bot 0 7 7
round 157
bot 0 7 8
round 158
bot 0 7 9
round 159
bot 0 7 10
round 160
bot 0 7 11
coin 5 14
coin 49 21
round 161
bot 0 6 12
round 162
bot 0 5 13
coin_collected 5 14 0
bot_coins 0 15
round 163
bot 0 5 14
round 164
bot 0 5 15
round 165
bot 0 5 16
coin 37 31
coin 18 4
round 166
bot 0 5 17
round 167
bot 0 5 18
round 168
bot 0 5 19
round 169
bot 0 5 20
round 170
bot 0 5 21
coin 45 27
coin 9 8
round 171
bot 0 5 22
round 172
bot 0 5 23
round 173
bot 0 5 24
round 174
round 175
coin 5 5
coin 49 30
round 176
match_over 0
round 177
