match
match_id 1639171341234_df
match_time 1639171341236
num_bots 1
##MatchConfig
mode FRIENDLY
num_rounds 200
random_seed 42
move_time_limit 1000
coin_spawn_period 5
coin_spawn_volume 2
##MapConfig
map_size 77 24
view_radius 5
mining_radius 2
attack_radius 4
block 11 0
block 12 0
block 29 0
block 30 0
block 31 0
block 32 0
block 33 0
block 34 0
block 35 0
block 50 0
block 51 0
block 52 0
block 53 0
block 54 0
block 55 0
block 56 0
block 57 0
block 58 0
block 59 0
block 62 0
block 63 0
block 64 0
block 65 0
block 66 0
block 67 0
block 68 0
block 11 1
block 12 1
block 29 1
block 30 1
block 31 1
block 32 1
block 33 1
block 34 1
block 35 1
block 53 1
block 54 1
block 55 1
block 56 1
block 57 1
block 58 1
block 59 1
block 62 1
block 63 1
block 64 1
block 65 1
block 66 1
block 67 1
block 68 1
block 11 2
block 12 2
block 29 2
block 30 2
block 31 2
block 32 2
block 33 2
block 34 2
block 35 2
block 62 2
block 63 2
block 64 2
block 65 2
block 66 2
block 67 2
block 68 2
block 69 2
block 70 2
block 11 3
block 12 3
block 29 3
block 30 3
block 31 3
block 32 3
block 33 3
block 34 3
block 35 3
block 62 3
block 63 3
block 64 3
block 65 3
block 66 3
block 67 3
block 68 3
block 69 3
block 70 3
block 29 4
block 30 4
block 31 4
block 32 4
block 33 4
block 34 4
block 35 4
block 55 4
block 56 4
block 57 4
block 58 4
block 59 4
block 60 4
block 68 4
block 69 4
block 70 4
block 29 5
block 30 5
block 31 5
block 32 5
block 33 5
block 34 5
block 35 5
block 55 5
block 56 5
block 57 5
block 58 5
block 59 5
block 60 5
block 29 6
block 30 6
block 31 6
block 32 6
block 33 6
block 34 6
block 35 6
block 55 6
block 56 6
block 57 6
block 58 6
block 59 6
block 60 6
block 55 7
block 56 7
block 57 7
block 58 7
block 59 7
block 60 7
block 62 7
block 63 7
block 64 7
block 65 7
block 36 8
block 37 8
block 55 8
block 56 8
block 57 8
block 58 8
block 59 8
block 60 8
block 62 8
block 63 8
block 64 8
block 65 8
block 36 9
block 37 9
block 55 9
block 56 9
block 57 9
block 58 9
block 59 9
block 60 9
block 62 9
block 63 9
block 64 9
block 65 9
block 20 10
block 21 10
block 22 10
block 23 10
block 24 10
block 25 10
block 36 10
block 37 10
block 62 10
block 63 10
block 64 10
block 65 10
block 20 11
block 21 11
block 22 11
block 23 11
block 24 11
block 25 11
block 36 11
block 37 11
block 62 11
block 63 11
block 64 11
block 65 11
block 11 12
block 12 12
block 36 12
block 37 12
block 62 12
block 63 12
block 64 12
block 65 12
block 11 13
block 12 13
block 36 13
block 37 13
block 62 13
block 63 13
block 64 13
block 65 13
block 0 14
block 1 14
block 2 14
block 36 14
block 37 14
block 74 14
block 75 14
block 76 14
block 0 15
block 1 15
block 2 15
block 74 15
block 75 15
block 76 15
block 0 16
block 1 16
block 2 16
block 71 16
block 72 16
block 73 16
block 74 16
block 75 16
block 76 16
block 0 17
block 1 17
block 2 17
block 71 17
block 72 17
block 73 17
block 74 17
block 75 17
block 76 17
block 0 18
block 1 18
block 2 18
block 74 18
block 75 18
block 76 18
block 7 19
block 8 19
block 9 19
block 10 19
block 7 20
block 8 20
block 9 20
block 10 20
block 7 21
block 8 21
block 9 21
block 10 21
block 53 21
block 54 21
block 55 21
block 56 21
block 57 21
block 58 21
block 59 21
block 7 22
block 8 22
block 9 22
block 10 22
block 50 22
block 51 22
block 52 22
block 53 22
block 54 22
block 55 22
block 56 22
block 57 22
block 58 22
block 59 22
block 7 23
block 8 23
block 9 23
block 10 23
block 11 23
block 12 23
block 50 23
block 51 23
block 52 23
block 53 23
block 54 23
block 55 23
block 56 23
block 57 23
block 58 23
block 59 23
block 62 23
block 63 23
block 64 23
block 65 23
block 66 23
block 67 23
block 68 23
##BotsAndCoinsInfo
bot_name 0 starter-bot
bot 0 1 3
bot_coins 0 0
coin 28 3
coin 48 20
round 1
bot 0 1 4
round 2
bot 0 1 5
round 3
bot 0 1 6
round 4
bot 0 1 7
round 5
bot 0 1 8
coin 41 20
coin 36 3
round 6
bot 0 1 9
round 7
bot 0 1 10
round 8
bot 0 1 11
round 9
bot 0 1 12
round 10
bot 0 1 13
coin 47 13
coin 29 10
round 11
round 12
round 13
round 14
round 15
coin 0 13
coin 76 10
round 16
coin_collected 0 13 0
bot_coins 0 1
round 17
round 18
round 19
round 20
coin 76 5
coin 0 19
round 21
round 22
round 23
round 24
round 25
coin 66 14
coin 10 9
round 26
round 27
round 28
round 29
round 30
coin 35 12
coin 41 11
round 31
round 32
round 33
round 34
round 35
coin 57 10
coin 19 13
round 36
round 37
round 38
round 39
round 40
coin 70 18
coin 6 5
round 41
round 42
round 43
round 44
round 45
coin 1 19
coin 75 4
round 46
round 47
round 48
round 49
round 50
coin 54 7
coin 22 16
round 51
round 52
round 53
round 54
round 55
coin 35 9
coin 41 14
round 56
round 57
round 58
round 59
round 60
coin 56 10
coin 20 13
round 61
round 62
round 63
round 64
round 65
coin 21 9
coin 55 14
round 66
round 67
round 68
round 69
round 70
coin 4 6
coin 72 18
round 71
round 72
round 73
round 74
round 75
coin 33 12
coin 43 11
round 76
round 77
round 78
round 79
round 80
coin 23 5
coin 53 18
round 81
round 82
round 83
round 84
round 85
coin 10 0
coin 66 22
round 86
round 87
round 88
round 89
round 90
coin 54 13
coin 22 9
round 91
round 92
round 93
round 94
round 95
coin 21 12
coin 55 11
round 96
round 97
round 98
round 99
round 100
coin 13 1
coin 63 22
round 101
round 102
round 103
round 104
round 105
coin 56 2
coin 20 21
round 106
round 107
round 108
match_over 0
round 109
