match
match_id 1639414616168_ek
match_time 1639414616174
num_bots 1
##MatchConfig
mode FRIENDLY
num_rounds 200
random_seed 42
move_time_limit 1000
coin_spawn_period 5
coin_spawn_volume 2
##MapConfig
map_size 58 29
view_radius 5
mining_radius 1
attack_radius 4
block 0 0
block 15 0
block 16 0
block 17 0
block 18 0
block 19 0
block 20 0
block 21 0
block 22 0
block 23 0
block 24 0
block 25 0
block 26 0
block 37 0
block 38 0
block 39 0
block 40 0
block 41 0
block 42 0
block 52 0
block 53 0
block 54 0
block 55 0
block 56 0
block 57 0
block 0 1
block 15 1
block 16 1
block 17 1
block 18 1
block 19 1
block 20 1
block 21 1
block 22 1
block 23 1
block 24 1
block 25 1
block 26 1
block 37 1
block 38 1
block 39 1
block 40 1
block 41 1
block 42 1
block 52 1
block 53 1
block 54 1
block 55 1
block 56 1
block 57 1
block 0 2
block 7 2
block 8 2
block 9 2
block 10 2
block 16 2
block 17 2
block 18 2
block 19 2
block 20 2
block 21 2
block 22 2
block 37 2
block 38 2
block 39 2
block 40 2
block 41 2
block 42 2
block 52 2
block 53 2
block 54 2
block 55 2
block 56 2
block 57 2
block 0 3
block 7 3
block 8 3
block 9 3
block 10 3
block 37 3
block 38 3
block 39 3
block 40 3
block 41 3
block 42 3
block 53 3
block 54 3
block 55 3
block 56 3
block 57 3
block 7 4
block 8 4
block 9 4
block 10 4
block 37 4
block 38 4
block 39 4
block 40 4
block 41 4
block 42 4
block 0 5
block 1 5
block 7 5
block 8 5
block 9 5
block 10 5
block 11 5
block 12 5
block 13 5
block 14 5
block 15 5
block 37 5
block 38 5
block 39 5
block 40 5
block 41 5
block 42 5
block 53 5
block 54 5
block 55 5
block 56 5
block 57 5
block 0 6
block 1 6
block 7 6
block 8 6
block 9 6
block 10 6
block 11 6
block 12 6
block 13 6
block 14 6
block 15 6
block 53 6
block 54 6
block 55 6
block 56 6
block 57 6
block 0 7
block 1 7
block 53 7
block 54 7
block 55 7
block 56 7
block 57 7
block 0 8
block 1 8
block 53 8
block 54 8
block 55 8
block 56 8
block 57 8
block 0 9
block 1 9
block 53 9
block 54 9
block 55 9
block 56 9
block 57 9
block 0 10
block 1 10
block 53 10
block 54 10
block 55 10
block 56 10
block 57 10
block 0 14
block 56 14
block 57 14
block 0 15
block 34 15
block 35 15
block 36 15
block 37 15
block 38 15
block 39 15
block 56 15
block 57 15
block 0 16
block 32 16
block 33 16
block 34 16
block 35 16
block 36 16
block 37 16
block 38 16
block 39 16
block 40 16
block 41 16
block 42 16
block 56 16
block 57 16
block 32 17
block 33 17
block 34 17
block 35 17
block 36 17
block 37 17
block 38 17
block 39 17
block 40 17
block 41 17
block 42 17
block 34 18
block 35 18
block 36 18
block 37 18
block 38 18
block 39 18
block 40 18
block 41 18
block 42 18
block 34 19
block 35 19
block 36 19
block 37 19
block 38 19
block 39 19
block 34 20
block 35 20
block 36 20
block 37 20
block 38 20
block 39 20
block 34 21
block 35 21
block 36 21
block 37 21
block 38 21
block 39 21
block 28 22
block 29 22
block 30 22
block 31 22
block 35 22
block 36 22
block 37 22
block 44 22
block 45 22
block 16 23
block 17 23
block 18 23
block 19 23
block 20 23
block 21 23
block 28 23
block 29 23
block 30 23
block 31 23
block 44 23
block 45 23
block 15 24
block 16 24
block 17 24
block 18 24
block 19 24
block 20 24
block 21 24
block 28 24
block 29 24
block 30 24
block 31 24
block 44 24
block 45 24
block 15 25
block 16 25
block 17 25
block 18 25
block 19 25
block 20 25
block 21 25
block 52 25
block 53 25
block 54 25
block 55 25
block 56 25
block 15 26
block 16 26
block 17 26
block 18 26
block 19 26
block 41 26
block 42 26
block 43 26
block 44 26
block 52 26
block 53 26
block 54 26
block 55 26
block 56 26
block 4 27
block 5 27
block 6 27
block 7 27
block 15 27
block 16 27
block 17 27
block 18 27
block 19 27
block 21 27
block 22 27
block 23 27
block 24 27
block 25 27
block 26 27
block 41 27
block 42 27
block 43 27
block 44 27
block 52 27
block 53 27
block 54 27
block 55 27
block 56 27
block 4 28
block 5 28
block 6 28
block 7 28
block 15 28
block 16 28
block 17 28
block 18 28
block 19 28
block 20 28
block 21 28
block 22 28
block 23 28
block 24 28
block 25 28
block 26 28
block 52 28
block 53 28
block 54 28
block 55 28
block 56 28
##BotsAndCoinsInfo
bot_name 0 martyn
bot 0 26 21
bot_coins 0 0
coin 44 9
coin 13 19
round 1
bot 0 26 22
round 2
bot 0 26 23
round 3
bot 0 26 24
round 4
bot 0 26 25
round 5
bot 0 26 26
coin 38 14
coin 19 14
round 6
bot 0 25 26
round 7
bot 0 24 26
round 8
bot 0 23 26
round 9
bot 0 22 26
round 10
bot 0 21 26
coin 42 23
coin 16 5
round 11
bot 0 20 26
round 12
bot 0 20 27
round 13
bot 0 20 26
round 14
round 15
bot 0 20 27
coin 27 8
coin 30 20
round 16
bot 0 20 26
round 17
round 18
bot 0 20 27
round 19
bot 0 20 26
round 20
bot 0 20 27
coin 31 25
coin 26 3
round 21
bot 0 20 26
round 22
round 23
bot 0 20 27
round 24
bot 0 20 26
round 25
coin 26 22
coin 31 6
round 26
bot 0 20 27
round 27
round 28
bot 0 20 26
round 29
round 30
coin 18 15
coin 39 13
round 31
bot 0 20 27
round 32
bot 0 20 26
round 33
bot 0 21 26
round 34
bot 0 20 26
round 35
bot 0 20 27
coin 20 20
coin 37 8
round 36
bot 0 20 26
round 37
bot 0 20 27
round 38
bot 0 20 26
round 39
round 40
coin 20 3
coin 37 25
round 41
bot 0 20 27
round 42
bot 0 20 26
round 43
round 44
bot 0 20 27
round 45
coin 7 1
coin 50 27
round 46
bot 0 20 26
round 47
round 48
bot 0 20 27
round 49
bot 0 20 26
round 50
coin 48 27
coin 9 1
round 51
bot 0 21 26
round 52
bot 0 20 26
round 53
bot 0 20 27
round 54
bot 0 20 26
round 55
bot 0 21 26
coin 28 19
coin 29 9
round 56
bot 0 20 26
round 57
bot 0 20 27
round 58
bot 0 20 26
round 59
round 60
coin 5 19
coin 52 9
round 61
bot 0 20 27
round 62
bot 0 20 26
round 63
round 64
bot 0 20 27
round 65
coin 34 8
coin 23 20
round 66
bot 0 20 26
round 67
round 68
bot 0 20 27
round 69
bot 0 20 26
round 70
coin 9 11
coin 48 17
round 71
round 72
bot 0 20 27
round 73
bot 0 20 26
round 74
bot 0 20 27
round 75
bot 0 20 26
coin 30 1
coin 27 27
round 76
bot 0 21 26
round 77
bot 0 20 26
round 78
bot 0 20 27
round 79
bot 0 20 26
round 80
coin 2 16
coin 55 12
round 81
round 82
bot 0 20 27
round 83
round 84
bot 0 20 26
round 85
coin 47 8
coin 10 20
round 86
bot 0 20 27
round 87
bot 0 20 26
round 88
bot 0 20 27
round 89
bot 0 20 26
round 90
coin 10 27
coin 47 1
round 91
round 92
bot 0 20 27
round 93
bot 0 20 26
round 94
round 95
bot 0 20 27
coin 51 22
coin 6 6
round 96
bot 0 20 26
round 97
round 98
round 99
bot 0 20 27
round 100
coin 43 22
coin 14 7
round 101
bot 0 20 26
round 102
round 103
bot 0 20 27
round 104
bot 0 20 26
round 105
bot 0 20 27
coin 23 23
coin 34 5
round 106
bot 0 20 26
round 107
round 108
round 109
round 110
coin 11 15
coin 46 13
round 111
round 112
round 113
round 114
round 115
coin 20 27
coin 36 1
round 116
coin_collected 20 27 0
bot_coins 0 1
round 117
round 118
round 119
round 120
coin 33 14
coin 24 14
round 121
round 122
round 123
round 124
round 125
coin 57 4
coin 0 24
round 126
round 127
round 128
round 129
round 130
coin 10 10
coin 47 18
round 131
round 132
round 133
round 134
round 135
coin 26 19
coin 31 9
round 136
round 137
round 138
round 139
round 140
coin 25 22
coin 32 6
round 141
round 142
round 143
round 144
bot 0 21 26
round 145
coin 21 5
coin 36 23
round 146
bot 0 20 26
round 147
round 148
round 149
round 150
coin 55 4
coin 2 24
round 151
round 152
bot 0 21 26
round 153
bot 0 20 26
round 154
round 155
coin 52 20
coin 5 8
round 156
round 157
round 158
round 159
bot 0 21 26
round 160
bot 0 20 26
coin 18 13
coin 40 15
round 161
round 162
round 163
round 164
round 165
coin 10 25
coin 47 3
round 166
bot 0 21 26
round 167
bot 0 20 26
round 168
round 169
round 170
coin 3 5
coin 54 23
round 171
round 172
round 173
round 174
round 175
coin 44 18
coin 13 10
round 176
round 177
round 178
round 179
round 180
coin 43 5
coin 14 23
round 181
round 182
round 183
round 184
round 185
coin 49 24
coin 6 4
round 186
round 187
round 188
round 189
round 190
coin 46 6
coin 11 22
round 191
round 192
round 193
round 194
round 195
coin 29 11
coin 28 17
round 196
round 197
bot 0 20 27
round 198
bot 0 20 26
round 199
round 200
coin 2 4
coin 55 24
match_over 0
