match
match_id 1639169817202_bz
match_time 1639169817205
num_bots 1
##MatchConfig
mode FRIENDLY
num_rounds 200
random_seed 42
move_time_limit 1000
coin_spawn_period 5
coin_spawn_volume 2
##MapConfig
map_size 69 34
view_radius 5
mining_radius 1
attack_radius 4
block 17 0
block 18 0
block 19 0
block 20 0
block 21 0
block 22 0
block 23 0
block 32 0
block 33 0
block 34 0
block 35 0
block 36 0
block 37 0
block 38 0
block 53 0
block 54 0
block 55 0
block 56 0
block 57 0
block 58 0
block 59 0
block 7 1
block 8 1
block 9 1
block 10 1
block 11 1
block 12 1
block 17 1
block 18 1
block 19 1
block 20 1
block 21 1
block 22 1
block 23 1
block 32 1
block 33 1
block 34 1
block 35 1
block 36 1
block 37 1
block 38 1
block 50 1
block 51 1
block 52 1
block 53 1
block 54 1
block 55 1
block 56 1
block 57 1
block 58 1
block 59 1
block 7 2
block 8 2
block 9 2
block 10 2
block 11 2
block 12 2
block 17 2
block 18 2
block 19 2
block 20 2
block 21 2
block 22 2
block 23 2
block 50 2
block 51 2
block 52 2
block 53 2
block 55 2
block 56 2
block 59 2
block 60 2
block 61 2
block 62 2
block 7 3
block 8 3
block 9 3
block 10 3
block 11 3
block 12 3
block 17 3
block 18 3
block 19 3
block 20 3
block 21 3
block 22 3
block 23 3
block 41 3
block 42 3
block 43 3
block 44 3
block 50 3
block 51 3
block 52 3
block 53 3
block 54 3
block 55 3
block 56 3
block 59 3
block 60 3
block 61 3
block 62 3
block 64 3
block 65 3
block 66 3
block 67 3
block 68 3
block 7 4
block 8 4
block 9 4
block 10 4
block 11 4
block 12 4
block 17 4
block 18 4
block 19 4
block 20 4
block 21 4
block 22 4
block 23 4
block 41 4
block 42 4
block 43 4
block 44 4
block 50 4
block 51 4
block 52 4
block 53 4
block 54 4
block 55 4
block 56 4
block 59 4
block 60 4
block 61 4
block 62 4
block 64 4
block 65 4
block 66 4
block 67 4
block 68 4
block 5 5
block 6 5
block 7 5
block 8 5
block 9 5
block 10 5
block 11 5
block 12 5
block 21 5
block 22 5
block 23 5
block 24 5
block 25 5
block 26 5
block 41 5
block 42 5
block 43 5
block 44 5
block 50 5
block 51 5
block 52 5
block 53 5
block 54 5
block 55 5
block 56 5
block 59 5
block 60 5
block 61 5
block 62 5
block 64 5
block 65 5
block 66 5
block 67 5
block 68 5
block 5 6
block 6 6
block 7 6
block 8 6
block 9 6
block 10 6
block 21 6
block 22 6
block 23 6
block 24 6
block 25 6
block 26 6
block 41 6
block 42 6
block 43 6
block 44 6
block 51 6
block 52 6
block 53 6
block 54 6
block 55 6
block 56 6
block 59 6
block 60 6
block 61 6
block 62 6
block 5 7
block 6 7
block 7 7
block 8 7
block 9 7
block 10 7
block 16 7
block 17 7
block 18 7
block 21 7
block 22 7
block 23 7
block 24 7
block 25 7
block 26 7
block 41 7
block 42 7
block 43 7
block 44 7
block 59 7
block 60 7
block 61 7
block 62 7
block 5 8
block 6 8
block 7 8
block 8 8
block 9 8
block 10 8
block 16 8
block 17 8
block 18 8
block 21 8
block 22 8
block 23 8
block 24 8
block 25 8
block 26 8
block 27 8
block 41 8
block 42 8
block 43 8
block 44 8
block 59 8
block 60 8
block 61 8
block 62 8
block 5 9
block 6 9
block 7 9
block 8 9
block 9 9
block 10 9
block 16 9
block 17 9
block 18 9
block 21 9
block 22 9
block 23 9
block 24 9
block 25 9
block 26 9
block 27 9
block 41 9
block 42 9
block 43 9
block 44 9
block 59 9
block 60 9
block 61 9
block 62 9
block 5 10
block 6 10
block 7 10
block 8 10
block 9 10
block 10 10
block 17 10
block 18 10
block 19 10
block 20 10
block 21 10
block 22 10
block 23 10
block 24 10
block 25 10
block 26 10
block 27 10
block 59 10
block 60 10
block 61 10
block 62 10
block 17 11
block 18 11
block 19 11
block 20 11
block 21 11
block 22 11
block 23 11
block 24 11
block 25 11
block 26 11
block 27 11
block 40 11
block 41 11
block 42 11
block 12 12
block 13 12
block 14 12
block 15 12
block 17 12
block 18 12
block 19 12
block 20 12
block 21 12
block 22 12
block 23 12
block 40 12
block 41 12
block 42 12
block 12 13
block 13 13
block 14 13
block 15 13
block 17 13
block 18 13
block 19 13
block 20 13
block 21 13
block 22 13
block 23 13
block 40 13
block 41 13
block 42 13
block 1 14
block 2 14
block 12 14
block 13 14
block 14 14
block 15 14
block 17 14
block 18 14
block 19 14
block 20 14
block 21 14
block 22 14
block 23 14
block 40 14
block 41 14
block 42 14
block 1 15
block 2 15
block 18 15
block 19 15
block 20 15
block 21 15
block 1 16
block 2 16
block 18 16
block 19 16
block 20 16
block 21 16
block 57 16
block 58 16
block 59 16
block 60 16
block 61 16
block 62 16
block 18 17
block 19 17
block 20 17
block 21 17
block 57 17
block 58 17
block 59 17
block 60 17
block 61 17
block 62 17
block 18 18
block 19 18
block 20 18
block 21 18
block 57 18
block 58 18
block 59 18
block 60 18
block 61 18
block 62 18
block 26 19
block 27 19
block 57 19
block 58 19
block 59 19
block 60 19
block 61 19
block 62 19
block 26 20
block 27 20
block 57 20
block 58 20
block 59 20
block 60 20
block 61 20
block 62 20
block 58 22
block 59 22
block 60 22
block 61 22
block 62 22
block 63 22
block 64 22
block 58 23
block 59 23
block 60 23
block 61 23
block 62 23
block 63 23
block 64 23
block 27 24
block 28 24
block 29 24
block 30 24
block 31 24
block 32 24
block 55 24
block 56 24
block 57 24
block 58 24
block 59 24
block 60 24
block 61 24
block 62 24
block 63 24
block 64 24
block 27 25
block 28 25
block 29 25
block 30 25
block 31 25
block 32 25
block 55 25
block 56 25
block 57 25
block 58 25
block 59 25
block 60 25
block 61 25
block 62 25
block 63 25
block 64 25
block 0 26
block 1 26
block 2 26
block 3 26
block 27 26
block 28 26
block 29 26
block 30 26
block 31 26
block 32 26
block 41 26
block 42 26
block 43 26
block 44 26
block 45 26
block 46 26
block 55 26
block 56 26
block 57 26
block 58 26
block 59 26
block 60 26
block 61 26
block 62 26
block 63 26
block 64 26
block 67 26
block 68 26
block 0 27
block 1 27
block 2 27
block 3 27
block 27 27
block 28 27
block 29 27
block 30 27
block 41 27
block 42 27
block 43 27
block 44 27
block 45 27
block 46 27
block 55 27
block 56 27
block 57 27
block 58 27
block 59 27
block 60 27
block 61 27
block 62 27
block 63 27
block 64 27
block 67 27
block 68 27
block 0 28
block 1 28
block 2 28
block 3 28
block 27 28
block 28 28
block 29 28
block 30 28
block 55 28
block 56 28
block 57 28
block 67 28
block 68 28
block 0 29
block 1 29
block 2 29
block 3 29
block 27 29
block 28 29
block 29 29
block 30 29
block 67 29
block 68 29
block 0 30
block 1 30
block 2 30
block 3 30
block 27 30
block 28 30
block 29 30
block 30 30
block 67 30
block 68 30
block 27 31
block 28 31
block 29 31
block 30 31
block 17 32
block 18 32
block 19 32
block 20 32
block 21 32
block 22 32
block 23 32
block 32 32
block 33 32
block 34 32
block 35 32
block 36 32
block 37 32
block 38 32
block 17 33
block 18 33
block 19 33
block 20 33
block 21 33
block 22 33
block 23 33
block 32 33
block 33 33
block 34 33
block 35 33
block 36 33
block 37 33
block 38 33
##BotsAndCoinsInfo
bot_name 0 starter-bot
bot 0 15 15
bot_coins 0 0
coin 29 11
coin 39 22
round 1
bot 0 15 16
round 2
bot 0 15 17
round 3
bot 0 15 18
round 4
bot 0 15 19
round 5
bot 0 15 20
coin 9 12
coin 59 21
round 6
bot 0 15 21
round 7
bot 0 15 22
round 8
bot 0 15 23
round 9
bot 0 15 24
round 10
bot 0 15 25
coin 30 9
coin 38 24
round 11
bot 0 15 26
round 12
bot 0 15 27
round 13
bot 0 15 28
round 14
bot 0 15 29
round 15
bot 0 15 30
coin 5 12
coin 63 21
round 16
bot 0 15 31
round 17
bot 0 15 32
round 18
bot 0 15 33
round 19
bot 0 14 33
round 20
bot 0 14 32
coin 4 7
coin 65 26
round 21
bot 0 14 31
round 22
bot 0 14 30
round 23
bot 0 14 29
round 24
bot 0 14 28
round 25
bot 0 14 27
coin 24 12
coin 44 21
round 26
bot 0 14 26
round 27
bot 0 14 25
round 28
bot 0 14 24
round 29
bot 0 14 23
round 30
bot 0 14 22
coin 48 14
coin 20 19
round 31
bot 0 14 21
round 32
bot 0 14 20
round 33
bot 0 14 19
round 34
bot 0 14 18
round 35
bot 0 14 17
coin 59 14
coin 9 19
round 36
bot 0 14 16
round 37
bot 0 14 15
round 38
round 39
round 40
coin 33 8
coin 35 25
round 41
round 42
round 43
round 44
round 45
coin 46 15
coin 22 18
round 46
round 47
round 48
round 49
round 50
coin 14 11
coin 54 22
round 51
round 52
round 53
round 54
round 55
coin 24 33
coin 44 0
round 56
round 57
round 58
round 59
round 60
coin 26 1
coin 42 32
round 61
round 62
round 63
round 64
round 65
coin 61 21
coin 7 12
round 66
round 67
round 68
round 69
round 70
coin 58 32
coin 10 0
round 71
round 72
round 73
round 74
round 75
coin 43 14
coin 25 19
round 76
round 77
round 78
round 79
round 80
coin 65 25
coin 3 8
round 81
round 82
round 83
round 84
round 85
coin 62 28
coin 6 4
round 86
round 87
round 88
round 89
round 90
coin 42 10
coin 26 23
round 91
round 92
round 93
round 94
round 95
coin 6 2
coin 62 31
round 96
round 97
round 98
round 99
round 100
coin 32 31
coin 36 2
round 101
round 102
round 103
round 104
round 105
coin 14 29
coin 54 2
round 106
round 107
round 108
round 109
round 110
coin 41 10
coin 27 23
round 111
round 112
round 113
round 114
round 115
coin 37 19
coin 31 14
round 116
round 117
round 118
round 119
round 120
coin 27 7
coin 40 26
round 121
round 122
round 123
round 124
round 125
coin 37 8
coin 33 25
round 126
round 127
round 128
round 129
round 130
coin 32 14
coin 36 19
round 131
round 132
round 133
round 134
round 135
coin 68 20
coin 0 13
round 136
round 137
round 138
round 139
round 140
coin 28 1
coin 40 32
round 141
round 142
round 143
round 144
round 145
coin 9 23
coin 58 10
round 146
round 147
round 148
round 149
round 150
coin 4 8
coin 65 24
round 151
round 152
round 153
round 154
round 155
coin 63 9
coin 5 24
round 156
round 157
round 158
round 159
round 160
coin 44 2
coin 24 31
round 161
round 162
round 163
round 164
round 165
coin 35 11
coin 33 22
round 166
round 167
round 168
round 169
round 170
coin 42 2
coin 26 31
round 171
round 172
round 173
round 174
round 175
coin 40 7
coin 26 26
round 176
round 177
round 178
round 179
round 180
coin 67 2
coin 1 31
round 181
round 182
round 183
round 184
round 185
coin 58 7
coin 10 26
round 186
round 187
round 188
round 189
round 190
coin 53 22
coin 15 11
round 191
round 192
round 193
round 194
round 195
coin 24 13
coin 44 20
round 196
round 197
round 198
round 199
round 200
coin 15 22
coin 53 11
match_over 0
