match
match_id 1639414409815_eg
match_time 1639414409820
num_bots 1
##MatchConfig
mode FRIENDLY
num_rounds 200
random_seed 42
move_time_limit 1000
coin_spawn_period 5
coin_spawn_volume 2
##MapConfig
map_size 77 35
view_radius 5
mining_radius 2
attack_radius 3
block 17 0
block 18 0
block 19 0
block 20 0
block 24 0
block 25 0
block 26 0
block 17 1
block 18 1
block 19 1
block 20 1
block 24 1
block 25 1
block 26 1
block 47 1
block 48 1
block 49 1
block 50 1
block 51 1
block 52 1
block 53 1
block 54 1
block 55 1
block 56 1
block 57 1
block 59 1
block 60 1
block 61 1
block 62 1
block 67 1
block 68 1
block 17 2
block 18 2
block 19 2
block 20 2
block 24 2
block 25 2
block 26 2
block 47 2
block 48 2
block 49 2
block 50 2
block 51 2
block 52 2
block 53 2
block 54 2
block 55 2
block 56 2
block 57 2
block 59 2
block 60 2
block 61 2
block 62 2
block 67 2
block 68 2
block 0 3
block 1 3
block 2 3
block 3 3
block 4 3
block 5 3
block 6 3
block 47 3
block 48 3
block 49 3
block 50 3
block 51 3
block 52 3
block 53 3
block 54 3
block 55 3
block 56 3
block 57 3
block 59 3
block 60 3
block 61 3
block 62 3
block 0 4
block 1 4
block 2 4
block 3 4
block 4 4
block 5 4
block 6 4
block 47 4
block 48 4
block 49 4
block 50 4
block 51 4
block 52 4
block 53 4
block 54 4
block 55 4
block 56 4
block 57 4
block 59 4
block 60 4
block 61 4
block 62 4
block 64 4
block 65 4
block 0 5
block 1 5
block 2 5
block 3 5
block 4 5
block 5 5
block 6 5
block 33 5
block 34 5
block 35 5
block 36 5
block 47 5
block 48 5
block 49 5
block 50 5
block 51 5
block 52 5
block 53 5
block 54 5
block 55 5
block 56 5
block 57 5
block 64 5
block 65 5
block 0 6
block 1 6
block 2 6
block 3 6
block 4 6
block 5 6
block 6 6
block 7 6
block 33 6
block 34 6
block 35 6
block 36 6
block 47 6
block 48 6
block 49 6
block 50 6
block 51 6
block 52 6
block 53 6
block 54 6
block 55 6
block 56 6
block 57 6
block 64 6
block 65 6
block 0 7
block 1 7
block 2 7
block 3 7
block 4 7
block 5 7
block 6 7
block 7 7
block 33 7
block 34 7
block 35 7
block 36 7
block 64 7
block 65 7
block 3 8
block 4 8
block 5 8
block 6 8
block 33 8
block 34 8
block 35 8
block 36 8
block 64 8
block 65 8
block 66 8
block 67 8
block 68 8
block 3 9
block 4 9
block 5 9
block 6 9
block 33 9
block 34 9
block 35 9
block 36 9
block 64 9
block 65 9
block 66 9
block 67 9
block 68 9
block 3 10
block 4 10
block 5 10
block 6 10
block 65 10
block 66 10
block 67 10
block 68 10
block 62 11
block 63 11
block 64 11
block 65 11
block 66 11
block 67 11
block 68 11
block 62 12
block 63 12
block 64 12
block 65 12
block 66 12
block 67 12
block 68 12
block 59 13
block 60 13
block 61 13
block 62 13
block 63 13
block 64 13
block 65 13
block 66 13
block 67 13
block 68 13
block 38 14
block 39 14
block 40 14
block 41 14
block 59 14
block 60 14
block 61 14
block 62 14
block 63 14
block 64 14
block 65 14
block 66 14
block 38 15
block 39 15
block 40 15
block 41 15
block 48 15
block 49 15
block 50 15
block 51 15
block 52 15
block 59 15
block 60 15
block 61 15
block 38 16
block 39 16
block 40 16
block 41 16
block 48 16
block 49 16
block 50 16
block 51 16
block 52 16
block 23 17
block 24 17
block 25 17
block 38 17
block 39 17
block 40 17
block 41 17
block 48 17
block 49 17
block 50 17
block 51 17
block 52 17
block 56 17
block 57 17
block 58 17
block 59 17
block 60 17
block 23 18
block 24 18
block 25 18
block 48 18
block 49 18
block 50 18
block 51 18
block 52 18
block 56 18
block 57 18
block 58 18
block 59 18
block 60 18
block 23 19
block 24 19
block 25 19
block 48 19
block 49 19
block 50 19
block 51 19
block 52 19
block 56 19
block 57 19
block 58 19
block 59 19
block 60 19
block 5 20
block 6 20
block 7 20
block 8 20
block 9 20
block 10 20
block 11 20
block 23 20
block 24 20
block 25 20
block 48 20
block 49 20
block 50 20
block 51 20
block 52 20
block 56 20
block 57 20
block 58 20
block 59 20
block 60 20
block 5 21
block 6 21
block 7 21
block 8 21
block 9 21
block 10 21
block 11 21
block 48 21
block 49 21
block 50 21
block 51 21
block 52 21
block 5 22
block 6 22
block 7 22
block 8 22
block 9 22
block 10 22
block 11 22
block 69 22
block 70 22
block 71 22
block 5 23
block 6 23
block 7 23
block 8 23
block 9 23
block 10 23
block 11 23
block 26 23
block 27 23
block 28 23
block 29 23
block 30 23
block 31 23
block 33 23
block 34 23
block 35 23
block 36 23
block 69 23
block 70 23
block 71 23
block 0 24
block 26 24
block 27 24
block 28 24
block 29 24
block 30 24
block 31 24
block 33 24
block 34 24
block 35 24
block 36 24
block 48 24
block 49 24
block 50 24
block 69 24
block 70 24
block 71 24
block 74 24
block 75 24
block 76 24
block 0 25
block 26 25
block 27 25
block 28 25
block 29 25
block 30 25
block 31 25
block 33 25
block 34 25
block 35 25
block 36 25
block 45 25
block 46 25
block 47 25
block 48 25
block 49 25
block 50 25
block 69 25
block 70 25
block 71 25
block 74 25
block 75 25
block 76 25
block 0 26
block 26 26
block 27 26
block 28 26
block 29 26
block 30 26
block 31 26
block 35 26
block 36 26
block 37 26
block 38 26
block 39 26
block 45 26
block 46 26
block 47 26
block 74 26
block 75 26
block 76 26
block 0 27
block 26 27
block 27 27
block 28 27
block 29 27
block 30 27
block 31 27
block 35 27
block 36 27
block 37 27
block 38 27
block 39 27
block 44 27
block 45 27
block 46 27
block 47 27
block 74 27
block 75 27
block 76 27
block 0 28
block 35 28
block 36 28
block 37 28
block 38 28
block 39 28
block 44 28
block 45 28
block 46 28
block 47 28
block 74 28
block 75 28
block 76 28
block 35 29
block 36 29
block 37 29
block 38 29
block 39 29
block 45 29
block 46 29
block 47 29
block 35 30
block 36 30
block 37 30
block 38 30
block 39 30
block 45 30
block 46 30
block 47 30
block 24 31
block 25 31
block 26 31
block 35 31
block 36 31
block 37 31
block 38 31
block 39 31
block 60 31
block 61 31
block 62 31
block 63 31
block 24 32
block 25 32
block 26 32
block 35 32
block 36 32
block 37 32
block 38 32
block 39 32
block 60 32
block 61 32
block 62 32
block 63 32
block 24 33
block 25 33
block 26 33
block 60 33
block 61 33
block 62 33
block 63 33
block 24 34
block 25 34
block 26 34
block 60 34
block 61 34
block 62 34
block 63 34
##BotsAndCoinsInfo
bot_name 0 martyn
bot 0 66 25
bot_coins 0 0
coin 29 33
coin 47 0
round 1
bot 0 66 26
round 2
bot 0 66 27
round 3
bot 0 66 28
round 4
bot 0 66 29
round 5
bot 0 66 30
coin 41 24
coin 35 10
round 6
bot 0 66 31
round 7
bot 0 66 32
round 8
bot 0 66 33
round 9
bot 0 66 34
round 10
bot 0 65 33
coin 47 24
coin 29 10
round 11
bot 0 65 32
round 12
bot 0 65 31
round 13
bot 0 65 30
round 14
bot 0 65 29
round 15
bot 0 65 28
coin 1 2
coin 75 32
round 16
bot 0 65 27
round 17
bot 0 65 26
round 18
bot 0 65 25
round 19
bot 0 65 24
round 20
bot 0 65 23
coin 76 3
coin 0 31
round 21
bot 0 65 22
round 22
bot 0 65 21
round 23
bot 0 65 20
round 24
bot 0 65 19
round 25
bot 0 65 18
coin 66 32
coin 10 2
round 26
bot 0 65 17
round 27
bot 0 65 16
round 28
bot 0 65 15
round 29
bot 0 64 15
round 30
bot 0 63 15
coin 37 7
coin 40 27
round 31
bot 0 62 15
round 32
round 33
round 34
round 35
coin 57 16
coin 19 18
round 36
bot 0 62 16
round 37
bot 0 62 17
round 38
bot 0 62 18
round 39
bot 0 62 19
round 40
bot 0 62 20
coin 70 5
coin 6 29
round 41
bot 0 62 21
round 42
bot 0 62 22
round 43
bot 0 62 23
round 44
bot 0 62 24
round 45
bot 0 62 25
coin 0 9
coin 1 25
round 46
round 47
round 48
match_over 0
round 49
