match
match_id 1639172263024_ds
match_time 1639172263027
num_bots 1
##MatchConfig
mode FRIENDLY
num_rounds 200
random_seed 42
move_time_limit 1000
coin_spawn_period 5
coin_spawn_volume 2
##MapConfig
map_size 55 38
view_radius 5
mining_radius 2
attack_radius 3
block 3 0
block 4 0
block 9 0
block 10 0
block 11 0
block 12 0
block 13 0
block 28 0
block 29 0
block 30 0
block 52 0
block 53 0
block 54 0
block 3 1
block 4 1
block 9 1
block 10 1
block 11 1
block 12 1
block 13 1
block 23 1
block 24 1
block 25 1
block 26 1
block 27 1
block 28 1
block 29 1
block 30 1
block 52 1
block 53 1
block 54 1
block 3 2
block 4 2
block 23 2
block 24 2
block 25 2
block 26 2
block 27 2
block 28 2
block 29 2
block 30 2
block 52 2
block 53 2
block 54 2
block 3 3
block 4 3
block 12 3
block 13 3
block 14 3
block 15 3
block 23 3
block 24 3
block 25 3
block 26 3
block 27 3
block 28 3
block 29 3
block 30 3
block 52 3
block 53 3
block 54 3
block 3 4
block 4 4
block 12 4
block 13 4
block 14 4
block 15 4
block 23 4
block 24 4
block 25 4
block 26 4
block 27 4
block 28 4
block 52 4
block 53 4
block 54 4
block 0 5
block 52 5
block 53 5
block 54 5
block 0 6
block 1 6
block 2 6
block 3 6
block 4 6
block 5 6
block 12 6
block 13 6
block 14 6
block 15 6
block 49 6
block 50 6
block 51 6
block 52 6
block 53 6
block 54 6
block 0 7
block 1 7
block 2 7
block 3 7
block 4 7
block 5 7
block 12 7
block 13 7
block 14 7
block 15 7
block 24 7
block 25 7
block 49 7
block 50 7
block 51 7
block 52 7
block 53 7
block 54 7
block 0 8
block 1 8
block 2 8
block 3 8
block 4 8
block 5 8
block 12 8
block 13 8
block 14 8
block 15 8
block 24 8
block 25 8
block 49 8
block 50 8
block 51 8
block 52 8
block 53 8
block 54 8
block 0 9
block 12 9
block 13 9
block 14 9
block 15 9
block 24 9
block 25 9
block 49 9
block 50 9
block 51 9
block 52 9
block 53 9
block 54 9
block 0 10
block 12 10
block 13 10
block 14 10
block 15 10
block 19 10
block 20 10
block 21 10
block 22 10
block 23 10
block 24 10
block 25 10
block 49 10
block 50 10
block 51 10
block 52 10
block 53 10
block 54 10
block 0 11
block 12 11
block 13 11
block 14 11
block 15 11
block 19 11
block 20 11
block 21 11
block 22 11
block 23 11
block 24 11
block 25 11
block 49 11
block 50 11
block 51 11
block 52 11
block 53 11
block 54 11
block 26 15
block 27 15
block 28 15
block 29 15
block 30 15
block 31 15
block 32 15
block 33 15
block 34 15
block 35 15
block 36 15
block 26 16
block 27 16
block 28 16
block 29 16
block 30 16
block 31 16
block 32 16
block 33 16
block 34 16
block 35 16
block 36 16
block 26 17
block 27 17
block 28 17
block 29 17
block 30 17
block 31 17
block 32 17
block 33 17
block 34 17
block 35 17
block 36 17
block 26 18
block 27 18
block 28 18
block 29 18
block 30 18
block 32 18
block 33 18
block 36 18
block 37 18
block 38 18
block 26 19
block 27 19
block 28 19
block 29 19
block 30 19
block 32 19
block 33 19
block 36 19
block 37 19
block 38 19
block 13 20
block 14 20
block 26 20
block 27 20
block 28 20
block 29 20
block 30 20
block 32 20
block 33 20
block 36 20
block 37 20
block 38 20
block 13 21
block 14 21
block 26 21
block 27 21
block 28 21
block 29 21
block 30 21
block 32 21
block 33 21
block 36 21
block 37 21
block 38 21
block 1 22
block 2 22
block 3 22
block 4 22
block 5 22
block 6 22
block 7 22
block 10 22
block 11 22
block 12 22
block 13 22
block 14 22
block 15 22
block 16 22
block 32 22
block 33 22
block 1 23
block 2 23
block 3 23
block 4 23
block 5 23
block 6 23
block 7 23
block 10 23
block 11 23
block 12 23
block 13 23
block 14 23
block 15 23
block 16 23
block 19 23
block 20 23
block 21 23
block 1 24
block 2 24
block 3 24
block 4 24
block 5 24
block 6 24
block 7 24
block 10 24
block 11 24
block 12 24
block 13 24
block 14 24
block 15 24
block 16 24
block 19 24
block 20 24
block 21 24
block 1 25
block 2 25
block 3 25
block 4 25
block 5 25
block 6 25
block 7 25
block 13 25
block 14 25
block 19 25
block 20 25
block 21 25
block 13 26
block 14 26
block 19 26
block 20 26
block 21 26
block 34 26
block 35 26
block 36 26
block 37 26
block 38 26
block 39 26
block 19 27
block 20 27
block 21 27
block 34 27
block 35 27
block 36 27
block 37 27
block 38 27
block 39 27
block 19 28
block 20 28
block 21 28
block 34 28
block 35 28
block 36 28
block 37 28
block 38 28
block 39 28
block 19 29
block 20 29
block 21 29
block 30 29
block 31 29
block 32 29
block 33 29
block 34 29
block 35 29
block 36 29
block 37 29
block 38 29
block 39 29
block 30 30
block 31 30
block 32 30
block 33 30
block 34 30
block 35 30
block 36 30
block 37 30
block 38 30
block 39 30
block 30 31
block 31 31
block 32 31
block 33 31
block 34 31
block 35 31
block 36 31
block 37 31
block 38 31
block 39 31
block 47 31
block 48 31
block 49 31
block 50 31
block 51 31
block 52 31
block 53 31
block 18 32
block 19 32
block 20 32
block 21 32
block 22 32
block 23 32
block 30 32
block 31 32
block 32 32
block 33 32
block 34 32
block 35 32
block 36 32
block 37 32
block 47 32
block 48 32
block 49 32
block 50 32
block 51 32
block 52 32
block 53 32
block 1 33
block 2 33
block 18 33
block 19 33
block 20 33
block 21 33
block 22 33
block 23 33
block 24 33
block 25 33
block 26 33
block 30 33
block 31 33
block 32 33
block 33 33
block 34 33
block 35 33
block 36 33
block 37 33
block 47 33
block 48 33
block 49 33
block 50 33
block 51 33
block 52 33
block 53 33
block 1 34
block 2 34
block 18 34
block 19 34
block 20 34
block 21 34
block 22 34
block 23 34
block 24 34
block 25 34
block 26 34
block 31 34
block 32 34
block 33 34
block 34 34
block 35 34
block 36 34
block 37 34
block 47 34
block 48 34
block 49 34
block 50 34
block 51 34
block 52 34
block 53 34
block 18 35
block 19 35
block 20 35
block 21 35
block 22 35
block 23 35
block 31 35
block 32 35
block 33 35
block 34 35
block 35 35
block 36 35
block 37 35
block 47 35
block 48 35
block 49 35
block 50 35
block 51 35
block 52 35
block 53 35
block 3 36
block 4 36
block 9 36
block 10 36
block 11 36
block 12 36
block 13 36
block 3 37
block 4 37
block 9 37
block 10 37
block 11 37
block 12 37
block 13 37
block 28 37
block 29 37
block 30 37
##BotsAndCoinsInfo
bot_name 0 starter-bot
bot 0 19 8
bot_coins 0 0
coin 40 9
coin 14 28
round 1
bot 0 19 9
round 2
round 3
round 4
round 5
coin 8 6
coin 46 31
round 6
round 7
round 8
round 9
round 10
coin 25 15
coin 29 22
round 11
round 12
round 13
round 14
round 15
coin 45 28
coin 9 9
round 16
round 17
round 18
round 19
round 20
coin 54 17
coin 0 20
round 21
round 22
round 23
round 24
round 25
coin 22 14
coin 32 23
round 26
round 27
round 28
round 29
round 30
coin 46 34
coin 8 3
round 31
round 32
round 33
round 34
round 35
coin 46 36
coin 8 1
round 36
round 37
round 38
round 39
round 40
coin 26 36
coin 27 0
round 41
round 42
round 43
round 44
round 45
coin 33 37
coin 21 0
round 46
round 47
round 48
round 49
round 50
coin 10 13
coin 44 24
round 51
round 52
round 53
round 54
round 55
coin 36 7
coin 18 30
round 56
round 57
round 58
round 59
round 60
coin 23 13
coin 31 24
round 61
round 62
round 63
round 64
round 65
coin 10 6
coin 44 31
round 66
round 67
round 68
round 69
round 70
coin 37 22
coin 17 15
round 71
round 72
round 73
round 74
round 75
coin 0 4
coin 54 33
round 76
round 77
round 78
round 79
round 80
coin 45 33
coin 9 4
round 81
round 82
round 83
round 84
round 85
coin 32 37
coin 22 0
round 86
round 87
round 88
round 89
round 90
coin 31 18
coin 23 19
round 91
round 92
round 93
round 94
round 95
coin 43 6
coin 11 31
round 96
round 97
round 98
round 99
round 100
coin 24 31
coin 30 6
round 101
round 102
round 103
round 104
round 105
coin 23 12
coin 31 25
round 106
round 107
round 108
round 109
round 110
coin 10 10
coin 44 27
round 111
round 112
round 113
round 114
round 115
coin 12 25
coin 42 12
round 116
round 117
round 118
round 119
round 120
coin 7 35
coin 47 2
round 121
round 122
round 123
round 124
round 125
coin 48 6
coin 6 31
round 126
round 127
round 128
round 129
round 130
coin 8 12
coin 46 25
round 131
round 132
round 133
round 134
round 135
coin 35 4
coin 17 33
round 136
round 137
round 138
round 139
round 140
coin 34 21
coin 20 16
round 141
round 142
round 143
round 144
round 145
coin 16 35
coin 38 2
round 146
round 147
round 148
round 149
round 150
coin 12 31
coin 42 6
round 151
match_over 0
round 152
