match
match_id 1639213523762_ki
match_time 1639213523764
num_bots 1
##MatchConfig
mode FRIENDLY
num_rounds 200
random_seed 42
move_time_limit 1000
coin_spawn_period 5
coin_spawn_volume 2
##MapConfig
map_size 69 23
view_radius 6
mining_radius 1
attack_radius 3
block 6 0
block 7 0
block 8 0
block 9 0
block 10 0
block 18 0
block 19 0
block 20 0
block 21 0
block 22 0
block 23 0
block 24 0
block 28 0
block 29 0
block 30 0
block 31 0
block 32 0
block 18 1
block 19 1
block 20 1
block 21 1
block 22 1
block 23 1
block 24 1
block 28 1
block 29 1
block 30 1
block 31 1
block 32 1
block 18 2
block 19 2
block 20 2
block 21 2
block 22 2
block 23 2
block 24 2
block 28 2
block 29 2
block 30 2
block 31 2
block 32 2
block 49 2
block 50 2
block 51 2
block 52 2
block 53 2
block 1 3
block 2 3
block 3 3
block 18 3
block 19 3
block 20 3
block 21 3
block 22 3
block 23 3
block 24 3
block 46 3
block 47 3
block 49 3
block 50 3
block 51 3
block 52 3
block 53 3
block 1 4
block 2 4
block 3 4
block 18 4
block 19 4
block 20 4
block 21 4
block 22 4
block 23 4
block 24 4
block 26 4
block 27 4
block 28 4
block 29 4
block 33 4
block 34 4
block 35 4
block 36 4
block 37 4
block 38 4
block 39 4
block 46 4
block 47 4
block 49 4
block 50 4
block 51 4
block 52 4
block 53 4
block 18 5
block 19 5
block 20 5
block 21 5
block 22 5
block 23 5
block 24 5
block 26 5
block 27 5
block 28 5
block 29 5
block 33 5
block 34 5
block 35 5
block 36 5
block 37 5
block 38 5
block 39 5
block 46 5
block 47 5
block 49 5
block 50 5
block 51 5
block 52 5
block 53 5
block 54 5
block 11 6
block 12 6
block 13 6
block 14 6
block 15 6
block 16 6
block 19 6
block 20 6
block 21 6
block 22 6
block 26 6
block 27 6
block 28 6
block 29 6
block 31 6
block 32 6
block 33 6
block 44 6
block 45 6
block 46 6
block 47 6
block 48 6
block 49 6
block 50 6
block 51 6
block 52 6
block 53 6
block 54 6
block 11 7
block 12 7
block 13 7
block 14 7
block 15 7
block 16 7
block 19 7
block 20 7
block 21 7
block 22 7
block 31 7
block 32 7
block 33 7
block 44 7
block 45 7
block 46 7
block 47 7
block 48 7
block 49 7
block 50 7
block 51 7
block 53 7
block 54 7
block 11 8
block 12 8
block 13 8
block 14 8
block 15 8
block 16 8
block 19 8
block 20 8
block 21 8
block 22 8
block 23 8
block 24 8
block 25 8
block 31 8
block 32 8
block 33 8
block 44 8
block 45 8
block 46 8
block 47 8
block 48 8
block 49 8
block 50 8
block 51 8
block 53 8
block 54 8
block 14 9
block 15 9
block 19 9
block 20 9
block 21 9
block 22 9
block 23 9
block 24 9
block 25 9
block 44 9
block 45 9
block 46 9
block 47 9
block 48 9
block 49 9
block 50 9
block 51 9
block 0 10
block 1 10
block 14 10
block 15 10
block 19 10
block 20 10
block 21 10
block 22 10
block 23 10
block 24 10
block 25 10
block 44 10
block 45 10
block 46 10
block 47 10
block 48 10
block 0 11
block 1 11
block 2 11
block 13 11
block 14 11
block 15 11
block 16 11
block 17 11
block 21 11
block 22 11
block 23 11
block 24 11
block 25 11
block 37 11
block 38 11
block 44 11
block 45 11
block 46 11
block 47 11
block 48 11
block 68 11
block 0 12
block 1 12
block 2 12
block 13 12
block 14 12
block 15 12
block 16 12
block 17 12
block 21 12
block 22 12
block 23 12
block 24 12
block 25 12
block 37 12
block 38 12
block 44 12
block 45 12
block 46 12
block 47 12
block 48 12
block 68 12
block 0 13
block 1 13
block 2 13
block 21 13
block 22 13
block 23 13
block 24 13
block 25 13
block 37 13
block 38 13
block 68 13
block 0 14
block 1 14
block 2 14
block 21 14
block 22 14
block 23 14
block 24 14
block 25 14
block 37 14
block 38 14
block 68 14
block 0 15
block 1 15
block 2 15
block 5 15
block 6 15
block 7 15
block 8 15
block 9 15
block 21 15
block 22 15
block 37 15
block 38 15
block 68 15
block 2 16
block 3 16
block 4 16
block 5 16
block 6 16
block 7 16
block 8 16
block 9 16
block 37 16
block 38 16
block 2 17
block 3 17
block 4 17
block 5 17
block 6 17
block 7 17
block 8 17
block 9 17
block 2 18
block 3 18
block 4 18
block 5 18
block 6 18
block 7 18
block 8 18
block 9 18
block 0 19
block 1 19
block 2 19
block 3 19
block 4 19
block 5 19
block 6 19
block 7 19
block 8 19
block 9 19
block 20 19
block 21 19
block 22 19
block 23 19
block 24 19
block 25 19
block 26 19
block 0 20
block 1 20
block 2 20
block 3 20
block 4 20
block 5 20
block 6 20
block 20 20
block 21 20
block 22 20
block 23 20
block 24 20
block 25 20
block 26 20
block 0 21
block 1 21
block 2 21
block 3 21
block 4 21
block 5 21
block 6 21
block 7 21
block 8 21
block 9 21
block 10 21
block 20 21
block 21 21
block 22 21
block 23 21
block 24 21
block 25 21
block 26 21
block 28 21
block 29 21
block 30 21
block 31 21
block 32 21
block 2 22
block 3 22
block 4 22
block 5 22
block 6 22
block 7 22
block 8 22
block 9 22
block 10 22
block 20 22
block 21 22
block 22 22
block 23 22
block 24 22
block 25 22
block 26 22
block 28 22
block 29 22
block 30 22
block 31 22
block 32 22
##BotsAndCoinsInfo
bot_name 0 starter-bot
bot 0 64 20
bot_coins 0 0
coin 30 4
coin 38 18
round 1
bot 0 64 21
round 2
bot 0 64 22
round 3
bot 0 64 21
round 4
bot 0 64 20
round 5
bot 0 64 19
coin 9 10
coin 59 12
round 6
bot 0 64 18
round 7
bot 0 64 17
round 8
bot 0 64 16
round 9
bot 0 64 15
round 10
bot 0 64 14
coin 30 5
coin 38 17
round 11
bot 0 64 13
round 12
bot 0 64 12
round 13
bot 0 64 11
round 14
bot 0 64 10
round 15
bot 0 64 9
coin 7 20
coin 61 2
round 16
bot 0 64 8
round 17
bot 0 64 7
round 18
bot 0 64 6
round 19
bot 0 64 5
round 20
bot 0 64 4
coin 7 14
coin 61 8
round 21
bot 0 64 3
round 22
bot 0 64 2
round 23
bot 0 64 1
round 24
bot 0 64 0
round 25
bot 0 64 22
coin 23 15
coin 43 7
round 26
bot 0 64 21
round 27
bot 0 64 20
round 28
bot 0 64 19
round 29
bot 0 64 18
round 30
bot 0 64 17
coin 48 21
coin 19 22
round 31
bot 0 64 16
round 32
bot 0 64 15
round 33
bot 0 64 14
round 34
bot 0 64 13
round 35
bot 0 64 12
coin 59 6
coin 10 16
round 36
bot 0 64 11
round 37
bot 0 64 10
round 38
bot 0 64 9
round 39
bot 0 64 8
round 40
bot 0 64 7
coin 33 15
coin 35 7
round 41
bot 0 64 6
round 42
bot 0 64 5
round 43
bot 0 64 4
round 44
bot 0 64 3
round 45
bot 0 64 2
coin 46 16
coin 23 6
round 46
bot 0 64 1
round 47
bot 0 64 0
round 48
bot 0 64 22
round 49
bot 0 64 21
round 50
bot 0 64 20
coin 14 22
coin 54 0
round 51
bot 0 64 19
round 52
bot 0 64 18
round 53
bot 0 64 17
round 54
bot 0 64 16
round 55
bot 0 64 15
coin 25 0
coin 43 22
round 56
bot 0 64 14
round 57
bot 0 64 13
round 58
bot 0 64 12
round 59
bot 0 64 11
round 60
bot 0 64 10
coin 26 0
coin 42 22
round 61
bot 0 64 9
round 62
bot 0 64 8
round 63
bot 0 64 7
round 64
bot 0 64 6
round 65
bot 0 64 5
coin 61 20
coin 7 2
round 66
bot 0 64 4
round 67
bot 0 64 3
round 68
bot 0 64 2
round 69
bot 0 64 1
round 70
bot 0 64 0
coin 58 11
coin 10 11
round 71
bot 0 64 22
round 72
bot 0 64 21
round 73
bot 0 64 20
round 74
bot 0 64 19
round 75
bot 0 64 18
coin 43 4
coin 25 18
round 76
bot 0 64 17
round 77
bot 0 64 16
round 78
bot 0 64 15
round 79
bot 0 64 14
round 80
bot 0 64 13
coin 65 5
coin 1 17
round 81
bot 0 64 12
round 82
bot 0 64 11
round 83
bot 0 64 10
round 84
bot 0 64 9
round 85
bot 0 64 8
coin 62 18
coin 6 4
round 86
bot 0 64 7
round 87
bot 0 64 6
round 88
bot 0 64 5
coin_collected 65 5 0
bot_coins 0 1
round 89
bot 0 64 4
round 90
bot 0 64 3
coin 42 8
coin 26 14
round 91
bot 0 64 2
round 92
bot 0 64 1
round 93
bot 0 64 0
round 94
bot 0 64 22
round 95
bot 0 64 21
coin 7 1
coin 61 21
round 96
bot 0 64 20
round 97
bot 0 64 19
round 98
bot 0 64 18
round 99
bot 0 64 17
round 100
bot 0 64 16
coin 32 16
coin 36 6
round 101
bot 0 64 15
round 102
bot 0 64 14
round 103
bot 0 64 13
round 104
bot 0 64 12
round 105
bot 0 64 11
coin 14 0
coin 54 22
round 106
bot 0 64 10
round 107
bot 0 64 9
round 108
bot 0 64 8
round 109
bot 0 64 7
round 110
bot 0 64 6
coin 41 14
coin 27 8
round 111
bot 0 64 5
round 112
bot 0 64 4
round 113
bot 0 64 3
round 114
bot 0 64 2
round 115
bot 0 64 1
coin 37 17
coin 31 5
round 116
bot 0 64 0
round 117
bot 0 64 22
round 118
bot 0 64 21
round 119
bot 0 64 20
round 120
bot 0 64 19
coin 25 3
coin 43 19
round 121
bot 0 64 18
round 122
bot 0 64 17
round 123
bot 0 64 16
round 124
bot 0 64 15
round 125
bot 0 64 14
coin 37 3
coin 31 19
round 126
bot 0 64 13
round 127
bot 0 64 12
round 128
bot 0 64 11
round 129
bot 0 64 10
round 130
bot 0 64 9
coin 32 5
coin 36 17
round 131
bot 0 64 8
round 132
bot 0 64 7
round 133
bot 0 64 6
round 134
bot 0 64 5
round 135
bot 0 64 4
coin 67 12
coin 2 10
round 136
bot 0 64 3
round 137
bot 0 64 2
round 138
bot 0 64 1
round 139
bot 0 64 0
round 140
bot 0 64 22
coin 28 7
coin 40 15
round 141
bot 0 64 21
round 142
bot 0 64 20
round 143
bot 0 64 19
round 144
bot 0 64 18
round 145
bot 0 64 17
coin 11 22
coin 57 0
round 146
bot 0 64 16
round 147
bot 0 64 15
round 148
bot 0 64 14
round 149
bot 0 64 13
round 150
bot 0 64 12
coin 4 1
coin 64 21
round 151
bot 0 64 11
round 152
bot 0 64 10
round 153
bot 0 64 9
round 154
bot 0 64 8
round 155
bot 0 64 7
coin 62 17
coin 6 5
round 156
bot 0 64 6
round 157
bot 0 64 5
round 158
bot 0 64 4
round 159
bot 0 64 3
round 160
bot 0 64 2
coin 44 1
coin 27 21
round 161
bot 0 64 1
round 162
bot 0 64 0
round 163
bot 0 64 22
coin_collected 64 21 0
bot_coins 0 2
round 164
bot 0 64 21
round 165
bot 0 64 20
coin 35 6
coin 33 16
round 166
bot 0 64 19
round 167
bot 0 64 18
round 168
bot 0 64 17
round 169
bot 0 64 16
round 170
bot 0 64 15
coin 42 11
coin 26 11
round 171
bot 0 64 14
round 172
bot 0 64 13
round 173
bot 0 64 12
round 174
bot 0 64 11
round 175
bot 0 64 10
coin 40 10
coin 28 12
round 176
bot 0 64 9
round 177
bot 0 64 8
round 178
bot 0 64 7
round 179
bot 0 64 6
round 180
bot 0 64 5
coin 67 1
coin 1 22
round 181
bot 0 64 4
round 182
bot 0 64 3
round 183
bot 0 64 2
round 184
bot 0 64 1
round 185
bot 0 64 0
coin 58 19
coin 10 3
round 186
bot 0 64 22
round 187
bot 0 64 21
round 188
bot 0 64 20
round 189
bot 0 64 19
round 190
bot 0 64 18
coin 53 1
coin 15 21
round 191
bot 0 64 17
round 192
bot 0 64 16
round 193
bot 0 64 15
round 194
bot 0 64 14
round 195
bot 0 64 13
coin 23 7
coin 45 15
round 196
bot 0 64 12
round 197
bot 0 64 11
round 198
bot 0 64 10
round 199
bot 0 64 9
round 200
bot 0 64 8
coin 16 10
coin 52 12
match_over 0
