match
match_id 1639169964038_cc
match_time 1639169964045
num_bots 1
##MatchConfig
mode FRIENDLY
num_rounds 200
random_seed 42
move_time_limit 1000
coin_spawn_period 5
coin_spawn_volume 2
##MapConfig
map_size 56 20
view_radius 6
mining_radius 1
attack_radius 3
block 0 0
block 1 0
block 2 0
block 3 0
block 4 0
block 5 0
block 11 0
block 12 0
block 13 0
block 14 0
block 15 0
block 22 0
block 23 0
block 24 0
block 25 0
block 26 0
block 39 0
block 40 0
block 41 0
block 42 0
block 43 0
block 44 0
block 45 0
block 54 0
block 55 0
block 0 1
block 1 1
block 2 1
block 3 1
block 4 1
block 5 1
block 11 1
block 12 1
block 13 1
block 14 1
block 15 1
block 22 1
block 23 1
block 24 1
block 25 1
block 26 1
block 39 1
block 40 1
block 41 1
block 42 1
block 43 1
block 44 1
block 45 1
block 46 1
block 47 1
block 48 1
block 49 1
block 50 1
block 54 1
block 55 1
block 0 2
block 1 2
block 2 2
block 3 2
block 4 2
block 5 2
block 11 2
block 12 2
block 13 2
block 14 2
block 15 2
block 22 2
block 23 2
block 24 2
block 25 2
block 26 2
block 46 2
block 47 2
block 48 2
block 49 2
block 50 2
block 54 2
block 55 2
block 0 3
block 1 3
block 2 3
block 3 3
block 4 3
block 5 3
block 46 3
block 47 3
block 48 3
block 49 3
block 50 3
block 54 3
block 55 3
block 0 4
block 1 4
block 2 4
block 3 4
block 4 4
block 5 4
block 26 4
block 27 4
block 28 4
block 29 4
block 37 4
block 38 4
block 39 4
block 40 4
block 46 4
block 47 4
block 48 4
block 49 4
block 50 4
block 54 4
block 55 4
block 0 5
block 1 5
block 2 5
block 3 5
block 4 5
block 5 5
block 26 5
block 27 5
block 28 5
block 29 5
block 37 5
block 38 5
block 39 5
block 40 5
block 46 5
block 47 5
block 48 5
block 49 5
block 50 5
block 55 5
block 1 6
block 2 6
block 3 6
block 4 6
block 5 6
block 6 6
block 7 6
block 8 6
block 9 6
block 10 6
block 11 6
block 12 6
block 13 6
block 26 6
block 27 6
block 28 6
block 29 6
block 37 6
block 38 6
block 39 6
block 40 6
block 46 6
block 47 6
block 48 6
block 49 6
block 50 6
block 1 7
block 2 7
block 3 7
block 4 7
block 5 7
block 6 7
block 7 7
block 8 7
block 9 7
block 10 7
block 11 7
block 12 7
block 13 7
block 16 7
block 17 7
block 18 7
block 26 7
block 27 7
block 28 7
block 29 7
block 37 7
block 38 7
block 39 7
block 40 7
block 46 7
block 47 7
block 48 7
block 49 7
block 50 7
block 1 8
block 2 8
block 3 8
block 4 8
block 5 8
block 6 8
block 7 8
block 8 8
block 9 8
block 10 8
block 11 8
block 12 8
block 13 8
block 16 8
block 17 8
block 18 8
block 26 8
block 27 8
block 28 8
block 29 8
block 37 8
block 38 8
block 39 8
block 40 8
block 0 9
block 1 9
block 2 9
block 3 9
block 4 9
block 5 9
block 6 9
block 7 9
block 8 9
block 9 9
block 10 9
block 11 9
block 12 9
block 16 9
block 17 9
block 18 9
block 26 9
block 27 9
block 28 9
block 29 9
block 37 9
block 38 9
block 39 9
block 40 9
block 54 9
block 55 9
block 0 10
block 1 10
block 2 10
block 3 10
block 4 10
block 5 10
block 6 10
block 7 10
block 8 10
block 9 10
block 10 10
block 11 10
block 12 10
block 16 10
block 17 10
block 18 10
block 26 10
block 27 10
block 28 10
block 29 10
block 34 10
block 35 10
block 36 10
block 37 10
block 38 10
block 39 10
block 40 10
block 54 10
block 55 10
block 0 11
block 1 11
block 2 11
block 3 11
block 4 11
block 5 11
block 6 11
block 7 11
block 8 11
block 9 11
block 10 11
block 11 11
block 12 11
block 16 11
block 17 11
block 18 11
block 28 11
block 29 11
block 34 11
block 35 11
block 36 11
block 37 11
block 54 11
block 55 11
block 0 12
block 1 12
block 2 12
block 3 12
block 4 12
block 16 12
block 17 12
block 18 12
block 25 12
block 26 12
block 27 12
block 28 12
block 29 12
block 34 12
block 35 12
block 36 12
block 37 12
block 38 12
block 39 12
block 40 12
block 44 12
block 45 12
block 46 12
block 47 12
block 48 12
block 49 12
block 54 12
block 55 12
block 0 13
block 1 13
block 2 13
block 3 13
block 4 13
block 6 13
block 7 13
block 8 13
block 9 13
block 10 13
block 25 13
block 26 13
block 27 13
block 28 13
block 29 13
block 34 13
block 35 13
block 36 13
block 37 13
block 38 13
block 39 13
block 40 13
block 44 13
block 45 13
block 46 13
block 47 13
block 48 13
block 49 13
block 50 13
block 51 13
block 52 13
block 54 13
block 55 13
block 3 14
block 4 14
block 6 14
block 7 14
block 8 14
block 9 14
block 10 14
block 18 14
block 19 14
block 20 14
block 21 14
block 22 14
block 23 14
block 25 14
block 26 14
block 27 14
block 28 14
block 29 14
block 34 14
block 35 14
block 36 14
block 37 14
block 38 14
block 39 14
block 40 14
block 44 14
block 45 14
block 46 14
block 47 14
block 48 14
block 49 14
block 50 14
block 51 14
block 52 14
block 3 15
block 4 15
block 6 15
block 7 15
block 8 15
block 9 15
block 10 15
block 18 15
block 19 15
block 20 15
block 21 15
block 22 15
block 23 15
block 25 15
block 26 15
block 27 15
block 28 15
block 29 15
block 34 15
block 35 15
block 36 15
block 37 15
block 38 15
block 39 15
block 40 15
block 44 15
block 45 15
block 46 15
block 47 15
block 48 15
block 49 15
block 50 15
block 51 15
block 52 15
block 3 16
block 4 16
block 6 16
block 7 16
block 8 16
block 9 16
block 10 16
block 11 16
block 12 16
block 13 16
block 14 16
block 15 16
block 18 16
block 19 16
block 20 16
block 21 16
block 22 16
block 23 16
block 25 16
block 26 16
block 27 16
block 28 16
block 29 16
block 35 16
block 36 16
block 37 16
block 38 16
block 39 16
block 40 16
block 44 16
block 45 16
block 46 16
block 47 16
block 48 16
block 49 16
block 50 16
block 54 16
block 55 16
block 3 17
block 4 17
block 6 17
block 7 17
block 8 17
block 9 17
block 10 17
block 11 17
block 12 17
block 13 17
block 14 17
block 15 17
block 18 17
block 19 17
block 20 17
block 21 17
block 22 17
block 23 17
block 35 17
block 36 17
block 37 17
block 38 17
block 39 17
block 40 17
block 44 17
block 45 17
block 46 17
block 47 17
block 48 17
block 49 17
block 50 17
block 54 17
block 55 17
block 3 18
block 4 18
block 11 18
block 12 18
block 13 18
block 14 18
block 15 18
block 18 18
block 19 18
block 20 18
block 21 18
block 22 18
block 23 18
block 37 18
block 38 18
block 39 18
block 40 18
block 41 18
block 42 18
block 43 18
block 44 18
block 45 18
block 46 18
block 47 18
block 48 18
block 49 18
block 50 18
block 54 18
block 55 18
block 11 19
block 12 19
block 13 19
block 14 19
block 15 19
block 22 19
block 23 19
block 24 19
block 25 19
block 26 19
block 39 19
block 40 19
block 41 19
block 42 19
block 43 19
block 44 19
block 45 19
block 54 19
block 55 19
##BotsAndCoinsInfo
bot_name 0 starter-bot
bot 0 41 8
bot_coins 0 0
coin 51 3
coin 5 16
round 1
bot 0 41 9
round 2
bot 0 41 10
round 3
bot 0 41 11
round 4
bot 0 41 12
round 5
bot 0 41 13
coin 51 4
coin 5 15
round 6
bot 0 41 14
round 7
bot 0 41 15
round 8
bot 0 41 16
round 9
bot 0 41 17
round 10
coin 25 5
coin 30 14
round 11
round 12
round 13
round 14
round 15
coin 1 18
coin 53 1
round 16
round 17
round 18
round 19
round 20
coin 55 14
coin 0 6
round 21
round 22
round 23
round 24
round 25
coin 38 2
coin 17 17
round 26
round 27
round 28
round 29
round 30
coin 27 11
coin 30 8
round 31
round 32
round 33
round 34
round 35
coin 38 11
coin 17 6
round 36
round 37
round 38
round 39
round 40
coin 0 8
coin 53 11
round 41
round 42
round 43
round 44
round 45
coin 7 12
coin 48 8
round 46
round 47
round 48
round 49
round 50
coin 40 3
coin 15 15
round 51
round 52
round 53
round 54
round 55
coin 50 12
coin 6 5
round 56
round 57
round 58
round 59
round 60
coin 35 1
coin 20 19
round 61
round 62
round 63
round 64
round 65
coin 16 18
coin 39 2
round 66
round 67
round 68
round 69
round 70
coin 11 5
coin 43 14
round 71
round 72
round 73
round 74
round 75
coin 26 17
coin 29 2
round 76
round 77
round 78
round 79
round 80
coin 30 5
coin 24 14
round 81
round 82
round 83
round 84
round 85
coin 16 6
coin 41 13
round 86
round 87
round 88
round 89
round 90
coin 12 13
coin 43 6
round 91
round 92
round 93
round 94
round 95
coin 51 5
coin 5 14
round 96
round 97
round 98
round 99
round 100
coin 27 3
coin 28 17
round 101
round 102
round 103
round 104
round 105
coin 7 18
coin 48 0
round 106
round 107
round 108
round 109
round 110
coin 31 14
coin 24 5
round 111
round 112
round 113
round 114
round 115
coin 55 15
coin 55 6
round 116
round 117
round 118
round 119
round 120
coin 13 3
coin 42 16
round 121
round 122
round 123
round 124
round 125
coin 33 0
coin 21 19
round 126
round 127
round 128
round 129
round 130
coin 30 16
coin 25 3
round 131
round 132
round 133
round 134
round 135
coin 15 10
coin 41 9
round 136
round 137
round 138
round 139
round 140
coin 49 19
coin 6 0
round 141
round 142
round 143
round 144
round 145
coin 29 3
coin 27 17
round 146
round 147
round 148
round 149
round 150
coin 49 0
coin 6 19
round 151
round 152
round 153
round 154
round 155
coin 32 1
coin 24 18
round 156
round 157
round 158
round 159
round 160
coin 22 13
coin 33 6
round 161
round 162
round 163
round 164
round 165
coin 7 19
coin 47 0
round 166
round 167
round 168
round 169
round 170
coin 0 19
coin 53 0
round 171
round 172
round 173
round 174
round 175
coin 38 1
coin 17 18
round 176
round 177
round 178
round 179
round 180
coin 53 9
coin 5 12
round 181
round 182
round 183
round 184
round 185
coin 30 13
coin 25 6
round 186
round 187
round 188
round 189
round 190
coin 27 0
coin 28 19
round 191
round 192
round 193
round 194
round 195
coin 17 13
coin 36 6
round 196
round 197
round 198
round 199
round 200
coin 16 14
coin 39 3
match_over 0
