match
match_id 1639178267511_ib
match_time 1639178267512
num_bots 1
##MatchConfig
mode FRIENDLY
num_rounds 200
random_seed 42
move_time_limit 1000
coin_spawn_period 5
coin_spawn_volume 2
##MapConfig
map_size 48 22
view_radius 6
mining_radius 2
attack_radius 4
block 0 0
block 1 0
block 7 0
block 8 0
block 9 0
block 17 0
block 18 0
block 19 0
block 20 0
block 24 0
block 25 0
block 26 0
block 27 0
block 28 0
block 29 0
block 44 0
block 45 0
block 46 0
block 47 0
block 0 1
block 1 1
block 7 1
block 8 1
block 9 1
block 17 1
block 18 1
block 19 1
block 20 1
block 24 1
block 25 1
block 26 1
block 27 1
block 28 1
block 29 1
block 44 1
block 45 1
block 46 1
block 47 1
block 0 2
block 1 2
block 17 2
block 18 2
block 19 2
block 20 2
block 24 2
block 25 2
block 26 2
block 27 2
block 28 2
block 29 2
block 44 2
block 45 2
block 46 2
block 47 2
block 21 3
block 22 3
block 23 3
block 24 3
block 25 3
block 26 3
block 27 3
block 28 3
block 29 3
block 44 3
block 45 3
block 46 3
block 47 3
block 21 4
block 22 4
block 23 4
block 24 4
block 25 4
block 26 4
block 27 4
block 21 5
block 22 5
block 23 5
block 24 5
block 25 5
block 26 5
block 27 5
block 18 6
block 19 6
block 21 6
block 22 6
block 23 6
block 24 6
block 25 6
block 26 6
block 27 6
block 28 6
block 29 6
block 18 7
block 19 7
block 21 7
block 22 7
block 23 7
block 24 7
block 25 7
block 26 7
block 27 7
block 28 7
block 29 7
block 5 8
block 6 8
block 7 8
block 18 8
block 19 8
block 25 8
block 26 8
block 27 8
block 28 8
block 29 8
block 30 8
block 31 8
block 34 8
block 35 8
block 36 8
block 37 8
block 38 8
block 39 8
block 40 8
block 5 9
block 6 9
block 7 9
block 18 9
block 19 9
block 21 9
block 22 9
block 25 9
block 26 9
block 27 9
block 28 9
block 29 9
block 30 9
block 31 9
block 34 9
block 35 9
block 36 9
block 37 9
block 38 9
block 39 9
block 40 9
block 41 9
block 42 9
block 43 9
block 44 9
block 45 9
block 5 10
block 6 10
block 7 10
block 18 10
block 19 10
block 21 10
block 22 10
block 34 10
block 35 10
block 36 10
block 37 10
block 38 10
block 39 10
block 40 10
block 41 10
block 42 10
block 43 10
block 44 10
block 45 10
block 5 11
block 6 11
block 7 11
block 18 11
block 19 11
block 21 11
block 22 11
block 32 11
block 33 11
block 34 11
block 35 11
block 36 11
block 37 11
block 38 11
block 39 11
block 40 11
block 41 11
block 42 11
block 43 11
block 44 11
block 45 11
block 5 12
block 6 12
block 7 12
block 15 12
block 16 12
block 17 12
block 18 12
block 19 12
block 20 12
block 21 12
block 32 12
block 33 12
block 34 12
block 35 12
block 36 12
block 37 12
block 38 12
block 39 12
block 40 12
block 41 12
block 42 12
block 43 12
block 44 12
block 45 12
block 5 13
block 6 13
block 7 13
block 15 13
block 16 13
block 17 13
block 18 13
block 19 13
block 20 13
block 21 13
block 32 13
block 33 13
block 34 13
block 35 13
block 36 13
block 37 13
block 38 13
block 39 13
block 40 13
block 41 13
block 42 13
block 43 13
block 44 13
block 45 13
block 46 13
block 15 14
block 16 14
block 17 14
block 18 14
block 19 14
block 20 14
block 21 14
block 32 14
block 33 14
block 41 14
block 42 14
block 43 14
block 44 14
block 45 14
block 46 14
block 0 15
block 15 15
block 16 15
block 17 15
block 18 15
block 19 15
block 20 15
block 21 15
block 26 15
block 27 15
block 28 15
block 29 15
block 30 15
block 32 15
block 33 15
block 41 15
block 42 15
block 43 15
block 44 15
block 45 15
block 46 15
block 47 15
block 0 16
block 20 16
block 21 16
block 22 16
block 23 16
block 26 16
block 27 16
block 28 16
block 29 16
block 30 16
block 33 16
block 34 16
block 43 16
block 44 16
block 45 16
block 46 16
block 47 16
block 0 17
block 20 17
block 21 17
block 22 17
block 23 17
block 26 17
block 27 17
block 28 17
block 29 17
block 30 17
block 33 17
block 34 17
block 43 17
block 44 17
block 45 17
block 46 17
block 47 17
block 0 18
block 20 18
block 21 18
block 22 18
block 23 18
block 26 18
block 27 18
block 28 18
block 29 18
block 30 18
block 33 18
block 34 18
block 45 18
block 46 18
block 47 18
block 0 19
block 7 19
block 8 19
block 9 19
block 20 19
block 21 19
block 22 19
block 23 19
block 26 19
block 27 19
block 28 19
block 29 19
block 30 19
block 45 19
block 46 19
block 47 19
block 0 20
block 7 20
block 8 20
block 9 20
block 26 20
block 27 20
block 28 20
block 29 20
block 30 20
block 45 20
block 46 20
block 47 20
block 0 21
block 7 21
block 8 21
block 9 21
block 26 21
block 27 21
block 28 21
block 29 21
block 30 21
block 44 21
block 45 21
block 46 21
block 47 21
##BotsAndCoinsInfo
bot_name 0 starter-bot
bot 0 36 4
bot_coins 0 0
coin 26 14
coin 21 8
round 1
bot 0 36 5
round 2
bot 0 36 6
round 3
bot 0 36 7
round 4
round 5
coin 1 16
coin 46 5
round 6
round 7
round 8
round 9
round 10
coin 18 19
coin 30 2
round 11
round 12
round 13
round 14
round 15
coin 16 2
coin 31 19
round 16
round 17
round 18
round 19
round 20
coin 31 17
coin 16 4
round 21
round 22
round 23
round 24
round 25
coin 14 18
coin 33 3
round 26
round 27
round 28
round 29
round 30
coin 12 0
coin 35 21
round 31
round 32
round 33
round 34
round 35
coin 43 0
coin 4 21
round 36
round 37
round 38
round 39
round 40
coin 24 20
coin 23 1
round 41
round 42
round 43
round 44
round 45
coin 8 9
coin 39 14
round 46
round 47
round 48
round 49
round 50
coin 8 15
coin 39 6
round 51
round 52
round 53
round 54
round 55
coin 26 10
coin 20 11
round 56
round 57
round 58
round 59
round 60
coin 11 19
coin 36 2
round 61
round 62
round 63
round 64
round 65
coin 46 6
coin 1 15
round 66
round 67
round 68
round 69
round 70
coin 43 18
coin 4 3
round 71
round 72
round 73
round 74
round 75
coin 10 4
coin 37 17
round 76
round 77
round 78
round 79
round 80
coin 14 13
coin 33 8
round 81
round 82
round 83
round 84
round 85
coin 41 3
coin 6 18
round 86
round 87
round 88
round 89
round 90
coin 12 11
coin 33 10
round 91
round 92
round 93
round 94
round 95
coin 23 2
coin 24 19
round 96
round 97
round 98
round 99
round 100
coin 11 3
coin 36 18
round 101
round 102
round 103
round 104
round 105
coin 47 13
coin 0 8
round 106
round 107
round 108
round 109
round 110
coin 23 8
coin 24 13
round 111
round 112
round 113
round 114
round 115
coin 7 5
coin 40 16
round 116
round 117
round 118
round 119
round 120
coin 13 11
coin 33 9
round 121
round 122
round 123
round 124
round 125
coin 23 0
coin 24 21
round 126
round 127
round 128
round 129
round 130
coin 38 4
coin 9 17
round 131
round 132
round 133
round 134
round 135
coin 8 2
coin 39 19
round 136
round 137
round 138
round 139
round 140
coin 1 17
coin 46 4
round 141
round 142
round 143
round 144
round 145
coin 22 15
coin 24 8
round 146
round 147
round 148
round 149
round 150
coin 28 4
coin 19 17
round 151
round 152
round 153
round 154
round 155
coin 32 19
coin 15 2
round 156
round 157
round 158
round 159
round 160
coin 39 4
coin 8 17
round 161
round 162
round 163
round 164
round 165
coin 14 3
coin 33 19
round 166
round 167
round 168
round 169
round 170
coin 15 16
coin 32 5
round 171
round 172
round 173
round 174
round 175
coin 22 13
coin 24 9
round 176
round 177
round 178
round 179
round 180
coin 13 15
coin 34 6
round 181
round 182
round 183
round 184
round 185
coin 37 5
coin 10 16
round 186
round 187
round 188
round 189
round 190
coin 25 10
coin 22 12
round 191
round 192
round 193
round 194
round 195
coin 17 21
coin 30 0
round 196
round 197
round 198
round 199
round 200
coin 24 14
coin 22 8
match_over 0
