match
match_id 1639335959027_an
match_time 1639335959029
num_bots 1
##MatchConfig
mode FRIENDLY
num_rounds 200
random_seed 42
move_time_limit 1000
coin_spawn_period 5
coin_spawn_volume 2
##MapConfig
map_size 48 27
view_radius 5
mining_radius 1
attack_radius 4
block 16 0
block 17 0
block 18 0
block 19 0
block 22 0
block 23 0
block 24 0
block 25 0
block 26 0
block 27 0
block 43 0
block 44 0
block 16 1
block 17 1
block 18 1
block 19 1
block 22 1
block 23 1
block 24 1
block 25 1
block 26 1
block 27 1
block 16 2
block 17 2
block 18 2
block 19 2
block 22 2
block 23 2
block 24 2
block 25 2
block 26 2
block 27 2
block 16 3
block 17 3
block 18 3
block 19 3
block 22 3
block 23 3
block 24 3
block 25 3
block 26 3
block 27 3
block 22 4
block 23 4
block 24 4
block 25 4
block 26 4
block 27 4
block 16 5
block 17 5
block 18 5
block 16 6
block 17 6
block 18 6
block 34 6
block 35 6
block 36 6
block 37 6
block 38 6
block 39 6
block 40 6
block 16 7
block 17 7
block 18 7
block 34 7
block 35 7
block 36 7
block 37 7
block 38 7
block 39 7
block 40 7
block 16 8
block 17 8
block 18 8
block 34 8
block 35 8
block 36 8
block 37 8
block 38 8
block 39 8
block 40 8
block 16 9
block 17 9
block 18 9
block 34 9
block 35 9
block 36 9
block 37 9
block 38 9
block 39 9
block 40 9
block 0 10
block 1 10
block 2 10
block 3 10
block 4 10
block 5 10
block 16 10
block 17 10
block 18 10
block 0 11
block 1 11
block 2 11
block 3 11
block 4 11
block 5 11
block 16 11
block 17 11
block 18 11
block 0 12
block 1 12
block 2 12
block 3 12
block 4 12
block 5 12
block 15 12
block 16 12
block 17 12
block 18 12
block 19 12
block 0 13
block 1 13
block 2 13
block 3 13
block 4 13
block 5 13
block 15 13
block 16 13
block 17 13
block 18 13
block 19 13
block 20 13
block 21 13
block 22 13
block 0 14
block 1 14
block 2 14
block 3 14
block 4 14
block 5 14
block 15 14
block 16 14
block 17 14
block 18 14
block 19 14
block 20 14
block 21 14
block 22 14
block 0 15
block 1 15
block 2 15
block 3 15
block 4 15
block 5 15
block 15 15
block 16 15
block 17 15
block 18 15
block 19 15
block 20 15
block 21 15
block 22 15
block 18 16
block 19 16
block 20 16
block 21 16
block 22 16
block 24 18
block 25 18
block 26 18
block 27 18
block 28 18
block 29 18
block 30 18
block 24 19
block 25 19
block 26 19
block 27 19
block 28 19
block 29 19
block 30 19
block 24 20
block 25 20
block 26 20
block 27 20
block 28 20
block 29 20
block 30 20
block 24 21
block 25 21
block 26 21
block 27 21
block 28 21
block 29 21
block 30 21
block 1 22
block 2 22
block 3 22
block 4 22
block 5 22
block 6 22
block 24 22
block 25 22
block 26 22
block 27 22
block 28 22
block 29 22
block 30 22
block 40 22
block 41 22
block 42 22
block 43 22
block 1 23
block 2 23
block 3 23
block 4 23
block 5 23
block 6 23
block 24 23
block 25 23
block 26 23
block 27 23
block 28 23
block 29 23
block 30 23
block 40 23
block 41 23
block 42 23
block 43 23
block 2 24
block 3 24
block 4 24
block 5 24
block 6 24
block 24 24
block 25 24
block 26 24
block 27 24
block 28 24
block 29 24
block 30 24
block 40 24
block 41 24
block 42 24
block 43 24
block 44 24
block 2 25
block 3 25
block 4 25
block 5 25
block 6 25
block 43 25
block 44 25
block 2 26
block 3 26
block 4 26
block 5 26
block 6 26
block 16 26
block 17 26
block 18 26
block 19 26
block 43 26
block 44 26
##BotsAndCoinsInfo
bot_name 0 starter-bot
bot 0 28 4
bot_coins 0 0
coin 28 3
coin 19 23
round 1
bot 0 28 5
round 2
bot 0 28 6
round 3
bot 0 28 7
round 4
bot 0 28 8
round 5
bot 0 28 9
coin 0 17
coin 47 9
round 6
bot 0 28 10
round 7
bot 0 28 11
round 8
bot 0 28 12
round 9
bot 0 28 13
round 10
bot 0 28 14
coin 18 17
coin 29 9
round 11
bot 0 28 15
round 12
bot 0 28 16
round 13
bot 0 28 17
round 14
bot 0 27 17
round 15
bot 0 26 17
coin 17 20
coin 30 6
round 16
bot 0 25 17
round 17
bot 0 24 17
round 18
bot 0 23 17
round 19
bot 0 23 18
round 20
bot 0 23 19
coin 31 2
coin 16 24
round 21
bot 0 23 20
round 22
bot 0 23 21
round 23
bot 0 23 22
round 24
bot 0 23 23
round 25
bot 0 23 24
coin 14 26
coin 33 0
round 26
bot 0 23 25
round 27
bot 0 23 26
round 28
bot 0 22 25
round 29
bot 0 22 24
round 30
bot 0 22 23
coin 12 9
coin 35 17
round 31
bot 0 22 22
round 32
bot 0 22 21
round 33
bot 0 22 20
round 34
bot 0 22 19
round 35
bot 0 22 18
coin 44 5
coin 3 21
round 36
bot 0 22 17
round 37
round 38
round 39
round 40
coin 24 6
coin 23 20
round 41
round 42
round 43
round 44
round 45
coin 7 8
coin 40 18
round 46
round 47
round 48
round 49
round 50
coin 8 4
coin 39 22
round 51
round 52
round 53
round 54
round 55
coin 26 25
coin 21 1
round 56
round 57
round 58
round 59
round 60
coin 11 0
coin 36 26
round 61
round 62
round 63
round 64
round 65
coin 46 22
coin 1 4
round 66
round 67
round 68
round 69
round 70
coin 43 3
coin 4 21
round 71
round 72
round 73
round 74
round 75
coin 10 21
coin 37 5
round 76
round 77
round 78
round 79
round 80
coin 14 23
coin 33 3
round 81
round 82
round 83
round 84
round 85
coin 41 14
coin 6 12
round 86
round 87
round 88
round 89
round 90
coin 12 7
coin 35 19
round 91
round 92
round 93
round 94
round 95
coin 23 21
coin 24 5
round 96
round 97
round 98
round 99
round 100
coin 11 22
coin 36 4
round 101
round 102
round 103
round 104
round 105
coin 47 25
coin 0 1
round 106
round 107
round 108
round 109
round 110
coin 23 24
coin 24 26
round 111
round 112
round 113
round 114
round 115
coin 7 20
coin 40 5
round 116
round 117
round 118
round 119
round 120
coin 13 7
coin 34 19
round 121
round 122
round 123
round 124
round 125
coin 25 14
coin 22 12
round 126
round 127
round 128
round 129
round 130
coin 38 4
coin 9 22
round 131
round 132
round 133
round 134
round 135
coin 8 7
coin 39 19
round 136
round 137
round 138
round 139
round 140
coin 2 4
coin 45 22
round 141
round 142
round 143
round 144
round 145
coin 21 18
coin 26 8
round 146
round 147
round 148
round 149
round 150
coin 25 15
coin 22 11
round 151
round 152
round 153
round 154
round 155
coin 32 13
coin 14 13
round 156
round 157
round 158
round 159
round 160
coin 38 23
coin 9 3
round 161
round 162
round 163
round 164
round 165
coin 14 22
coin 33 4
round 166
round 167
round 168
round 169
round 170
coin 15 9
coin 32 17
round 171
round 172
round 173
round 174
round 175
coin 22 5
coin 23 22
round 176
round 177
round 178
round 179
round 180
coin 14 7
coin 33 19
round 181
round 182
round 183
round 184
round 185
coin 37 23
coin 10 3
round 186
round 187
round 188
round 189
round 190
coin 26 26
coin 21 0
round 191
round 192
round 193
round 194
round 195
coin 19 6
coin 31 20
round 196
round 197
round 198
round 199
round 200
coin 23 19
coin 24 7
match_over 0
