match
match_id 1639553488117_ac
match_time 1639553488124
num_bots 1
##MatchConfig
mode FRIENDLY
num_rounds 200
random_seed 42
move_time_limit 1000
coin_spawn_period 5
coin_spawn_volume 2
##MapConfig
map_size 71 33
view_radius 6
mining_radius 2
attack_radius 4
block 6 0
block 7 0
block 8 0
block 9 0
block 10 0
block 11 0
block 12 0
block 20 0
block 21 0
block 22 0
block 23 0
block 24 0
block 6 1
block 7 1
block 8 1
block 9 1
block 10 1
block 20 1
block 21 1
block 22 1
block 23 1
block 24 1
block 53 1
block 54 1
block 55 1
block 56 1
block 57 1
block 67 1
block 68 1
block 69 1
block 70 1
block 6 2
block 7 2
block 8 2
block 9 2
block 10 2
block 20 2
block 21 2
block 22 2
block 23 2
block 24 2
block 53 2
block 54 2
block 55 2
block 56 2
block 57 2
block 67 2
block 68 2
block 69 2
block 70 2
block 6 3
block 7 3
block 8 3
block 9 3
block 10 3
block 20 3
block 21 3
block 22 3
block 23 3
block 24 3
block 53 3
block 54 3
block 55 3
block 56 3
block 57 3
block 67 3
block 68 3
block 69 3
block 70 3
block 20 4
block 21 4
block 22 4
block 23 4
block 24 4
block 67 4
block 68 4
block 69 4
block 70 4
block 20 5
block 21 5
block 22 5
block 23 5
block 24 5
block 67 5
block 68 5
block 69 5
block 70 5
block 20 6
block 21 6
block 22 6
block 23 6
block 24 6
block 67 6
block 68 6
block 69 6
block 70 6
block 41 8
block 42 8
block 43 8
block 44 8
block 45 8
block 46 8
block 41 9
block 42 9
block 43 9
block 44 9
block 45 9
block 46 9
block 11 11
block 12 11
block 13 11
block 14 11
block 15 11
block 16 11
block 17 11
block 11 12
block 12 12
block 13 12
block 14 12
block 15 12
block 16 12
block 17 12
block 11 13
block 12 13
block 13 13
block 14 13
block 15 13
block 16 13
block 17 13
block 11 14
block 12 14
block 13 14
block 14 14
block 15 14
block 16 14
block 17 14
block 11 15
block 12 15
block 13 15
block 14 15
block 15 15
block 16 15
block 17 15
block 5 16
block 6 16
block 7 16
block 8 16
block 9 16
block 11 16
block 12 16
block 13 16
block 14 16
block 15 16
block 16 16
block 17 16
block 5 17
block 6 17
block 7 17
block 8 17
block 9 17
block 11 17
block 12 17
block 13 17
block 14 17
block 15 17
block 16 17
block 17 17
block 19 19
block 20 19
block 26 19
block 27 19
block 28 19
block 29 19
block 19 20
block 20 20
block 26 20
block 27 20
block 28 20
block 29 20
block 43 20
block 44 20
block 45 20
block 46 20
block 47 20
block 19 21
block 20 21
block 43 21
block 44 21
block 45 21
block 46 21
block 47 21
block 19 22
block 20 22
block 43 22
block 44 22
block 45 22
block 46 22
block 47 22
block 12 23
block 13 23
block 14 23
block 15 23
block 16 23
block 17 23
block 18 23
block 43 23
block 44 23
block 45 23
block 46 23
block 47 23
block 12 24
block 13 24
block 14 24
block 15 24
block 16 24
block 17 24
block 18 24
block 43 24
block 44 24
block 45 24
block 46 24
block 47 24
block 12 25
block 13 25
block 14 25
block 15 25
block 16 25
block 17 25
block 18 25
block 43 25
block 44 25
block 45 25
block 46 25
block 47 25
block 12 26
block 13 26
block 14 26
block 15 26
block 16 26
block 17 26
block 18 26
block 28 26
block 29 26
block 30 26
block 31 26
block 43 26
block 44 26
block 45 26
block 46 26
block 47 26
block 11 27
block 12 27
block 13 27
block 14 27
block 15 27
block 16 27
block 17 27
block 18 27
block 28 27
block 29 27
block 30 27
block 31 27
block 11 28
block 12 28
block 13 28
block 14 28
block 15 28
block 16 28
block 28 28
block 29 28
block 30 28
block 31 28
block 28 29
block 29 29
block 30 29
block 31 29
block 6 30
block 7 30
block 8 30
block 9 30
block 10 30
block 11 30
block 12 30
block 28 30
block 29 30
block 30 30
block 31 30
block 6 31
block 7 31
block 8 31
block 9 31
block 10 31
block 11 31
block 12 31
block 6 32
block 7 32
block 8 32
block 9 32
block 10 32
block 11 32
block 12 32
##BotsAndCoinsInfo
bot_name 0 starter-bot
bot 0 26 18
bot_coins 0 0
coin 18 15
coin 52 17
round 1
round 2
round 3
match_over 0
round 4
