match
match_id 1639471049062_ah
match_time 1639471049066
num_bots 1
##MatchConfig
mode FRIENDLY
num_rounds 200
random_seed 42
move_time_limit 1000
coin_spawn_period 5
coin_spawn_volume 2
##MapConfig
map_size 55 32
view_radius 5
mining_radius 2
attack_radius 3
block 20 0
block 21 0
block 22 0
block 23 0
block 24 0
block 25 0
block 26 0
block 20 1
block 21 1
block 22 1
block 23 1
block 24 1
block 25 1
block 26 1
block 20 2
block 21 2
block 22 2
block 23 2
block 24 2
block 25 2
block 26 2
block 40 5
block 41 5
block 42 5
block 29 6
block 30 6
block 31 6
block 32 6
block 33 6
block 34 6
block 40 6
block 41 6
block 42 6
block 29 7
block 30 7
block 31 7
block 32 7
block 33 7
block 34 7
block 40 7
block 41 7
block 42 7
block 49 7
block 50 7
block 51 7
block 52 7
block 5 8
block 6 8
block 7 8
block 8 8
block 9 8
block 29 8
block 30 8
block 31 8
block 32 8
block 33 8
block 34 8
block 40 8
block 41 8
block 42 8
block 49 8
block 50 8
block 51 8
block 52 8
block 5 9
block 6 9
block 7 9
block 8 9
block 9 9
block 29 9
block 30 9
block 31 9
block 32 9
block 33 9
block 34 9
block 40 9
block 41 9
block 42 9
block 49 9
block 50 9
block 51 9
block 52 9
block 5 10
block 6 10
block 7 10
block 8 10
block 9 10
block 29 10
block 30 10
block 31 10
block 32 10
block 33 10
block 34 10
block 40 10
block 41 10
block 42 10
block 49 10
block 50 10
block 51 10
block 52 10
block 5 11
block 6 11
block 7 11
block 8 11
block 9 11
block 29 11
block 30 11
block 31 11
block 32 11
block 33 11
block 34 11
block 35 11
block 36 11
block 37 11
block 38 11
block 39 11
block 40 11
block 41 11
block 42 11
block 2 12
block 3 12
block 4 12
block 5 12
block 6 12
block 7 12
block 8 12
block 29 12
block 30 12
block 31 12
block 32 12
block 33 12
block 34 12
block 35 12
block 36 12
block 37 12
block 38 12
block 39 12
block 40 12
block 2 13
block 3 13
block 4 13
block 5 13
block 6 13
block 7 13
block 8 13
block 35 13
block 36 13
block 37 13
block 38 13
block 39 13
block 40 13
block 2 14
block 3 14
block 4 14
block 5 14
block 6 14
block 7 14
block 8 14
block 21 14
block 22 14
block 23 14
block 0 15
block 1 15
block 2 15
block 3 15
block 4 15
block 5 15
block 6 15
block 7 15
block 8 15
block 21 15
block 22 15
block 23 15
block 54 15
block 0 16
block 1 16
block 2 16
block 3 16
block 4 16
block 5 16
block 21 16
block 22 16
block 23 16
block 37 16
block 38 16
block 39 16
block 40 16
block 54 16
block 0 17
block 1 17
block 2 17
block 3 17
block 4 17
block 5 17
block 18 17
block 19 17
block 20 17
block 37 17
block 38 17
block 39 17
block 40 17
block 45 17
block 46 17
block 47 17
block 48 17
block 49 17
block 50 17
block 54 17
block 18 18
block 19 18
block 20 18
block 45 18
block 46 18
block 47 18
block 48 18
block 49 18
block 50 18
block 18 19
block 19 19
block 20 19
block 45 19
block 46 19
block 47 19
block 48 19
block 49 19
block 50 19
block 2 20
block 3 20
block 4 20
block 5 20
block 25 20
block 26 20
block 27 20
block 28 20
block 29 20
block 30 20
block 42 20
block 43 20
block 44 20
block 45 20
block 46 20
block 47 20
block 48 20
block 49 20
block 50 20
block 2 21
block 3 21
block 4 21
block 5 21
block 25 21
block 26 21
block 27 21
block 28 21
block 29 21
block 30 21
block 42 21
block 43 21
block 44 21
block 45 21
block 46 21
block 47 21
block 48 21
block 49 21
block 50 21
block 2 22
block 3 22
block 4 22
block 5 22
block 26 22
block 27 22
block 28 22
block 29 22
block 30 22
block 42 22
block 43 22
block 44 22
block 45 22
block 46 22
block 47 22
block 2 23
block 3 23
block 4 23
block 5 23
block 28 23
block 29 23
block 30 23
block 42 23
block 43 23
block 44 23
block 45 23
block 46 23
block 47 23
block 2 24
block 3 24
block 4 24
block 5 24
block 28 24
block 29 24
block 30 24
block 36 24
block 37 24
block 38 24
block 39 24
block 40 24
block 41 24
block 42 24
block 43 24
block 44 24
block 45 24
block 46 24
block 47 24
block 36 25
block 37 25
block 38 25
block 39 25
block 40 25
block 41 25
block 42 25
block 43 25
block 44 25
block 45 25
block 46 25
block 47 25
block 36 26
block 37 26
block 38 26
block 39 26
block 40 26
block 41 26
block 34 27
block 35 27
block 36 27
block 37 27
block 34 28
block 35 28
block 36 28
block 37 28
block 20 29
block 21 29
block 22 29
block 23 29
block 24 29
block 25 29
block 26 29
block 34 29
block 35 29
block 36 29
block 37 29
block 20 30
block 21 30
block 22 30
block 23 30
block 24 30
block 25 30
block 26 30
block 34 30
block 35 30
block 36 30
block 37 30
block 20 31
block 21 31
block 22 31
block 23 31
block 24 31
block 25 31
block 26 31
##BotsAndCoinsInfo
bot_name 0 starter-bot
bot 0 25 14
bot_coins 0 0
coin 40 1
coin 14 30
round 1
bot 0 25 15
round 2
bot 0 25 16
round 3
bot 0 25 17
round 4
bot 0 25 18
round 5
bot 0 25 19
coin 8 1
coin 46 30
round 6
bot 0 24 19
round 7
bot 0 24 20
round 8
bot 0 24 21
round 9
bot 0 24 22
round 10
bot 0 24 23
coin 25 28
coin 29 3
round 11
bot 0 24 24
round 12
bot 0 25 25
round 13
bot 0 24 26
round 14
bot 0 25 27
coin_collected 25 28 0
bot_coins 0 1
round 15
bot 0 25 28
coin 48 22
coin 4 9
round 16
bot 0 24 28
round 17
bot 0 23 28
round 18
bot 0 22 28
round 19
bot 0 21 28
round 20
bot 0 20 28
coin 54 2
coin 0 29
round 21
bot 0 19 28
round 22
bot 0 19 29
round 23
bot 0 19 30
round 24
bot 0 19 31
round 25
bot 0 18 30
coin 22 13
coin 32 18
round 26
bot 0 17 29
round 27
bot 0 16 30
coin_collected 14 30 0
bot_coins 0 2
round 28
bot 0 15 29
round 29
bot 0 15 28
round 30
bot 0 15 27
coin 46 12
coin 8 19
round 31
bot 0 15 26
round 32
bot 0 15 25
round 33
bot 0 15 24
round 34
bot 0 15 23
round 35
bot 0 15 22
coin 48 23
coin 6 7
round 36
bot 0 15 21
round 37
bot 0 15 20
round 38
bot 0 15 19
round 39
bot 0 15 18
round 40
bot 0 15 17
coin 26 24
coin 28 7
round 41
bot 0 15 16
round 42
bot 0 15 15
round 43
bot 0 15 14
round 44
bot 0 15 13
round 45
bot 0 15 12
coin 33 31
coin 19 0
round 46
bot 0 15 11
round 47
bot 0 15 10
round 48
bot 0 15 9
round 49
bot 0 15 8
round 50
bot 0 15 7
coin 10 4
coin 44 27
round 51
bot 0 15 6
round 52
bot 0 15 5
round 53
bot 0 15 4
round 54
bot 0 15 3
round 55
bot 0 15 2
coin 36 14
coin 18 16
round 56
bot 0 16 1
round 57
bot 0 17 0
coin_collected 19 0 0
bot_coins 0 3
round 58
bot 0 18 31
round 59
round 60
bot 0 17 0
coin 23 28
coin 31 3
round 61
bot 0 16 31
round 62
bot 0 15 0
round 63
bot 0 14 31
round 64
bot 0 13 0
round 65
coin 10 25
coin 44 6
round 66
round 67
round 68
bot 0 14 1
round 69
bot 0 13 1
round 70
bot 0 14 0
coin 37 4
coin 17 27
round 71
bot 0 13 31
round 72
bot 0 14 30
round 73
bot 0 13 30
round 74
bot 0 14 29
round 75
bot 0 15 30
coin 0 10
coin 54 21
round 76
bot 0 15 29
round 77
bot 0 16 30
round 78
bot 0 15 30
round 79
bot 0 16 31
round 80
coin 45 8
coin 9 23
round 81
round 82
round 83
bot 0 17 0
round 84
bot 0 18 0
round 85
bot 0 19 31
coin 32 13
coin 22 18
round 86
round 87
round 88
bot 0 19 30
round 89
bot 0 18 29
round 90
bot 0 17 28
coin_collected 17 27 0
bot_coins 0 4
coin 32 5
coin 22 26
round 91
bot 0 16 29
round 92
bot 0 15 29
round 93
round 94
bot 0 16 29
round 95
bot 0 15 30
coin 43 8
coin 11 23
round 96
bot 0 15 29
round 97
bot 0 15 28
round 98
bot 0 14 28
round 99
bot 0 15 27
round 100
bot 0 16 26
coin 24 20
coin 30 13
round 101
bot 0 15 27
round 102
bot 0 15 26
round 103
bot 0 16 26
round 104
bot 0 16 27
round 105
bot 0 15 26
coin 23 3
coin 31 28
round 106
bot 0 15 25
round 107
bot 0 14 26
round 108
round 109
bot 0 13 26
round 110
bot 0 12 25
coin_collected 10 25 0
bot_coins 0 5
coin 10 2
coin 44 29
round 111
bot 0 12 26
round 112
bot 0 11 25
coin_collected 11 23 0
bot_coins 0 6
round 113
bot 0 10 24
coin_collected 9 23 0
bot_coins 0 7
round 114
round 115
bot 0 11 25
coin 12 25
coin 43 6
round 116
bot 0 10 24
round 117
bot 0 9 23
round 118
round 119
round 120
bot 0 10 23
coin 9 12
coin 44 19
round 121
bot 0 9 23
round 122
bot 0 10 23
round 123
round 124
bot 0 11 22
round 125
bot 0 10 22
coin 48 6
coin 6 25
round 126
bot 0 10 23
round 127
bot 0 9 24
round 128
bot 0 10 24
round 129
bot 0 9 23
round 130
bot 0 8 24
coin 8 0
coin 46 31
round 131
bot 0 7 23
round 132
round 133
bot 0 8 24
round 134
bot 0 9 24
round 135
bot 0 8 25
coin_collected 6 25 0
bot_coins 0 8
coin 35 24
coin 19 7
round 136
bot 0 9 24
round 137
bot 0 9 23
round 138
bot 0 9 24
round 139
bot 0 8 25
round 140
bot 0 8 24
coin 33 2
coin 21 28
round 141
bot 0 9 24
round 142
bot 0 9 23
round 143
bot 0 9 24
round 144
bot 0 9 25
round 145
bot 0 9 26
coin 16 17
coin 38 14
round 146
bot 0 8 26
round 147
bot 0 7 25
round 148
bot 0 6 24
round 149
round 150
bot 0 7 23
coin 12 27
coin 42 4
round 151
bot 0 6 22
round 152
bot 0 7 23
round 153
bot 0 8 24
round 154
bot 0 8 23
round 155
coin 37 7
coin 17 24
round 156
bot 0 9 23
round 157
bot 0 10 24
round 158
bot 0 9 23
round 159
bot 0 8 24
round 160
bot 0 8 25
coin 4 19
coin 50 12
round 161
bot 0 9 26
round 162
bot 0 10 27
coin_collected 12 27 0
bot_coins 0 9
round 163
round 164
bot 0 10 26
round 165
coin 38 6
coin 16 25
round 166
bot 0 10 27
round 167
bot 0 10 28
round 168
round 169
bot 0 10 29
round 170
bot 0 11 30
coin 45 12
coin 9 19
round 171
bot 0 11 29
round 172
bot 0 12 28
round 173
bot 0 13 27
round 174
bot 0 14 28
round 175
bot 0 14 29
coin 5 4
coin 49 27
round 176
bot 0 13 29
round 177
bot 0 14 30
round 178
round 179
bot 0 13 30
round 180
bot 0 13 29
coin 13 13
coin 41 18
round 181
bot 0 14 30
round 182
bot 0 15 31
round 183
bot 0 14 30
round 184
bot 0 13 29
round 185
bot 0 12 28
coin 23 20
coin 31 13
round 186
bot 0 13 27
round 187
bot 0 13 28
round 188
bot 0 13 29
round 189
bot 0 14 28
round 190
bot 0 14 29
coin 51 22
coin 3 9
round 191
bot 0 14 28
round 192
bot 0 14 29
round 193
bot 0 14 30
round 194
bot 0 15 29
round 195
bot 0 16 29
coin 10 30
coin 44 1
round 196
bot 0 15 28
round 197
bot 0 16 27
coin_collected 16 25 0
bot_coins 0 10
round 198
bot 0 15 27
round 199
bot 0 16 26
round 200
bot 0 16 25
coin_collected 17 24 0
bot_coins 0 11
coin 10 17
coin 44 14
match_over 0
