match
match_id 1639339652155_ag
match_time 1639339652158
num_bots 1
##MatchConfig
mode FRIENDLY
num_rounds 200
random_seed 42
move_time_limit 1000
coin_spawn_period 5
coin_spawn_volume 2
##MapConfig
map_size 66 29
view_radius 5
mining_radius 1
attack_radius 3
block 20 0
block 21 0
block 22 0
block 23 0
block 24 0
block 25 0
block 33 0
block 34 0
block 38 0
block 39 0
block 40 0
block 41 0
block 45 0
block 46 0
block 47 0
block 48 0
block 49 0
block 50 0
block 51 0
block 52 0
block 53 0
block 55 0
block 56 0
block 57 0
block 58 0
block 59 0
block 60 0
block 61 0
block 20 1
block 21 1
block 22 1
block 23 1
block 24 1
block 25 1
block 38 1
block 39 1
block 40 1
block 41 1
block 47 1
block 48 1
block 49 1
block 50 1
block 51 1
block 52 1
block 53 1
block 55 1
block 56 1
block 57 1
block 58 1
block 59 1
block 60 1
block 61 1
block 20 2
block 21 2
block 22 2
block 23 2
block 24 2
block 25 2
block 46 2
block 47 2
block 48 2
block 49 2
block 50 2
block 51 2
block 52 2
block 53 2
block 55 2
block 56 2
block 57 2
block 58 2
block 59 2
block 60 2
block 61 2
block 46 3
block 47 3
block 48 3
block 49 3
block 50 3
block 51 3
block 52 3
block 55 3
block 56 3
block 57 3
block 58 3
block 59 3
block 60 3
block 61 3
block 46 4
block 47 4
block 48 4
block 49 4
block 50 4
block 51 4
block 52 4
block 55 4
block 56 4
block 57 4
block 58 4
block 59 4
block 60 4
block 46 5
block 47 5
block 48 5
block 49 5
block 50 5
block 51 5
block 52 5
block 55 5
block 56 5
block 57 5
block 58 5
block 59 5
block 60 5
block 46 6
block 47 6
block 48 6
block 49 6
block 50 6
block 51 6
block 52 6
block 0 7
block 1 7
block 26 7
block 27 7
block 28 7
block 29 7
block 46 7
block 47 7
block 48 7
block 49 7
block 50 7
block 51 7
block 52 7
block 64 7
block 65 7
block 0 8
block 1 8
block 26 8
block 27 8
block 28 8
block 29 8
block 64 8
block 65 8
block 0 9
block 1 9
block 26 9
block 27 9
block 28 9
block 29 9
block 49 9
block 50 9
block 51 9
block 64 9
block 65 9
block 0 10
block 1 10
block 26 10
block 27 10
block 28 10
block 29 10
block 49 10
block 50 10
block 51 10
block 52 10
block 53 10
block 54 10
block 55 10
block 56 10
block 64 10
block 65 10
block 0 11
block 1 11
block 12 11
block 13 11
block 14 11
block 15 11
block 16 11
block 17 11
block 18 11
block 26 11
block 27 11
block 28 11
block 29 11
block 51 11
block 52 11
block 53 11
block 54 11
block 55 11
block 56 11
block 64 11
block 65 11
block 0 12
block 1 12
block 12 12
block 13 12
block 14 12
block 15 12
block 16 12
block 17 12
block 18 12
block 26 12
block 27 12
block 28 12
block 29 12
block 51 12
block 52 12
block 53 12
block 54 12
block 55 12
block 56 12
block 64 12
block 65 12
block 12 13
block 13 13
block 14 13
block 15 13
block 16 13
block 17 13
block 18 13
block 25 13
block 26 13
block 27 13
block 28 13
block 29 13
block 51 13
block 52 13
block 53 13
block 54 13
block 55 13
block 56 13
block 12 14
block 13 14
block 14 14
block 15 14
block 16 14
block 17 14
block 18 14
block 25 14
block 26 14
block 27 14
block 28 14
block 29 14
block 49 14
block 50 14
block 51 14
block 52 14
block 53 14
block 12 15
block 13 15
block 14 15
block 15 15
block 16 15
block 17 15
block 18 15
block 25 15
block 26 15
block 27 15
block 28 15
block 29 15
block 49 15
block 50 15
block 51 15
block 52 15
block 53 15
block 25 16
block 26 16
block 27 16
block 28 16
block 29 16
block 49 16
block 50 16
block 51 16
block 52 16
block 53 16
block 25 17
block 26 17
block 27 17
block 28 17
block 29 17
block 49 17
block 50 17
block 51 17
block 52 17
block 53 17
block 54 17
block 55 17
block 56 17
block 25 18
block 26 18
block 27 18
block 28 18
block 29 18
block 51 18
block 52 18
block 53 18
block 54 18
block 55 18
block 56 18
block 23 19
block 24 19
block 25 19
block 48 19
block 49 19
block 50 19
block 51 19
block 52 19
block 8 20
block 9 20
block 10 20
block 11 20
block 12 20
block 23 20
block 24 20
block 25 20
block 48 20
block 49 20
block 50 20
block 51 20
block 52 20
block 8 21
block 9 21
block 10 21
block 11 21
block 12 21
block 48 21
block 49 21
block 50 21
block 51 21
block 52 21
block 57 21
block 58 21
block 59 21
block 8 22
block 9 22
block 10 22
block 11 22
block 12 22
block 57 22
block 58 22
block 59 22
block 8 23
block 9 23
block 10 23
block 11 23
block 12 23
block 55 23
block 56 23
block 57 23
block 58 23
block 59 23
block 60 23
block 8 24
block 9 24
block 10 24
block 11 24
block 12 24
block 13 24
block 14 24
block 15 24
block 16 24
block 17 24
block 55 24
block 56 24
block 57 24
block 58 24
block 59 24
block 60 24
block 11 25
block 12 25
block 13 25
block 14 25
block 15 25
block 16 25
block 17 25
block 55 25
block 56 25
block 57 25
block 58 25
block 59 25
block 60 25
block 20 26
block 21 26
block 22 26
block 23 26
block 24 26
block 25 26
block 55 26
block 56 26
block 57 26
block 58 26
block 59 26
block 60 26
block 61 26
block 20 27
block 21 27
block 22 27
block 23 27
block 24 27
block 25 27
block 45 27
block 46 27
block 47 27
block 48 27
block 49 27
block 50 27
block 51 27
block 52 27
block 53 27
block 55 27
block 56 27
block 57 27
block 58 27
block 59 27
block 60 27
block 61 27
block 20 28
block 21 28
block 22 28
block 23 28
block 24 28
block 25 28
block 33 28
block 34 28
block 38 28
block 39 28
block 40 28
block 41 28
block 45 28
block 46 28
block 47 28
block 48 28
block 49 28
block 50 28
block 51 28
block 52 28
block 53 28
block 55 28
block 56 28
block 57 28
block 58 28
block 59 28
block 60 28
block 61 28
##BotsAndCoinsInfo
bot_name 0 starter-bot
bot 0 35 9
bot_coins 0 0
coin 62 9
coin 3 19
round 1
bot 0 35 10
round 2
bot 0 35 11
round 3
bot 0 35 12
round 4
bot 0 35 13
round 5
bot 0 35 14
coin 30 15
coin 35 13
round 6
bot 0 35 15
round 7
bot 0 35 16
round 8
bot 0 35 17
round 9
bot 0 35 18
round 10
bot 0 35 19
coin 36 23
coin 29 5
round 11
bot 0 35 20
round 12
bot 0 35 21
round 13
bot 0 35 22
round 14
bot 0 35 23
coin_collected 36 23 0
bot_coins 0 1
round 15
bot 0 35 24
coin 23 8
coin 42 20
round 16
bot 0 35 25
round 17
bot 0 35 26
round 18
bot 0 35 27
round 19
bot 0 35 28
round 20
bot 0 35 27
coin 43 25
coin 22 3
round 21
bot 0 34 27
round 22
bot 0 33 26
round 23
bot 0 33 25
round 24
bot 0 33 24
round 25
bot 0 33 23
coin 44 22
coin 21 6
round 26
bot 0 33 22
round 27
bot 0 33 21
round 28
bot 0 33 20
round 29
bot 0 33 19
round 30
bot 0 33 18
coin 24 15
coin 41 13
round 31
bot 0 33 17
round 32
bot 0 33 16
round 33
bot 0 33 15
round 34
bot 0 33 14
round 35
bot 0 33 13
coin 2 20
coin 63 8
round 36
bot 0 33 12
round 37
bot 0 33 11
round 38
bot 0 33 10
round 39
bot 0 33 9
round 40
bot 0 33 8
coin 46 1
coin 19 27
round 41
bot 0 33 7
round 42
bot 0 33 6
round 43
bot 0 33 5
round 44
bot 0 33 4
round 45
bot 0 33 3
coin 54 2
coin 11 26
round 46
bot 0 33 2
round 47
bot 0 33 1
round 48
bot 0 32 1
round 49
bot 0 32 0
round 50
bot 0 31 1
coin 32 27
coin 33 1
round 51
bot 0 31 2
round 52
bot 0 31 3
round 53
bot 0 31 4
round 54
bot 0 31 5
round 55
bot 0 31 6
coin 14 19
coin 52 9
round 56
bot 0 31 7
round 57
bot 0 31 8
round 58
bot 0 31 9
round 59
bot 0 31 10
round 60
bot 0 31 11
coin 22 19
coin 43 9
round 61
bot 0 31 12
round 62
bot 0 31 13
round 63
bot 0 31 14
round 64
bot 0 31 15
coin_collected 30 15 0
bot_coins 0 2
round 65
bot 0 31 16
coin 10 8
coin 55 20
round 66
bot 0 31 17
round 67
bot 0 31 18
round 68
bot 0 31 19
round 69
bot 0 31 20
round 70
bot 0 31 21
coin 37 11
coin 30 17
round 71
bot 0 31 22
round 72
bot 0 31 23
round 73
bot 0 31 24
round 74
bot 0 31 25
round 75
bot 0 31 26
coin 21 3
coin 44 25
round 76
bot 0 31 27
coin_collected 32 27 0
bot_coins 0 3
round 77
bot 0 31 28
round 78
bot 0 30 27
round 79
bot 0 30 26
round 80
bot 0 30 25
coin 56 16
coin 9 12
round 81
bot 0 30 24
round 82
bot 0 30 23
round 83
bot 0 30 22
round 84
bot 0 30 21
round 85
bot 0 30 20
coin 65 6
coin 0 22
round 86
bot 0 30 19
round 87
bot 0 30 18
coin_collected 30 17 0
bot_coins 0 4
round 88
bot 0 30 17
round 89
bot 0 30 16
round 90
bot 0 30 15
coin 54 27
coin 11 1
round 91
bot 0 30 14
round 92
bot 0 30 13
round 93
bot 0 30 12
round 94
bot 0 30 11
round 95
bot 0 30 10
coin 43 22
coin 22 6
round 96
bot 0 30 9
round 97
bot 0 30 8
round 98
bot 0 30 7
round 99
bot 0 30 6
round 100
bot 0 30 5
coin_collected 29 5 0
bot_coins 0 5
coin 35 22
coin 30 6
round 101
bot 0 30 4
round 102
bot 0 30 3
round 103
bot 0 30 2
round 104
bot 0 30 1
round 105
bot 0 30 0
coin 23 23
coin 42 5
round 106
bot 0 29 1
round 107
bot 0 29 2
round 108
bot 0 29 3
round 109
bot 0 29 4
round 110
bot 0 29 5
coin 65 15
coin 0 13
round 111
bot 0 29 6
coin_collected 30 6 0
bot_coins 0 6
round 112
bot 0 28 6
round 113
bot 0 27 6
round 114
bot 0 26 6
round 115
bot 0 25 6
coin 1 0
coin 64 28
round 116
bot 0 25 7
round 117
bot 0 25 8
round 118
bot 0 25 9
round 119
bot 0 25 10
round 120
bot 0 25 11
coin 7 14
coin 58 14
round 121
bot 0 25 12
round 122
bot 0 24 12
round 123
bot 0 24 13
round 124
bot 0 24 14
coin_collected 24 15 0
bot_coins 0 7
round 125
bot 0 24 15
coin 37 2
coin 28 26
round 126
bot 0 24 16
round 127
bot 0 24 17
round 128
bot 0 24 18
round 129
bot 0 23 18
round 130
bot 0 22 18
coin_collected 22 19 0
bot_coins 0 8
coin 8 10
coin 57 18
round 131
bot 0 22 19
round 132
bot 0 22 20
round 133
bot 0 22 21
round 134
bot 0 22 22
round 135
bot 0 22 23
coin_collected 23 23 0
bot_coins 0 9
coin 2 19
coin 63 9
round 136
bot 0 22 24
round 137
bot 0 22 25
round 138
bot 0 21 25
round 139
bot 0 20 25
round 140
bot 0 19 25
coin 55 22
coin 10 6
round 141
bot 0 19 26
coin_collected 19 27 0
bot_coins 0 10
round 142
bot 0 19 27
round 143
bot 0 19 28
round 144
bot 0 18 27
round 145
bot 0 18 26
coin 27 5
coin 38 23
round 146
bot 0 18 25
round 147
bot 0 18 24
round 148
bot 0 18 23
round 149
bot 0 18 22
round 150
bot 0 18 21
coin 1 6
coin 64 22
round 151
bot 0 18 20
round 152
bot 0 18 19
round 153
bot 0 18 18
round 154
bot 0 18 17
round 155
bot 0 18 16
coin 26 20
coin 39 8
round 156
bot 0 17 16
round 157
bot 0 16 16
round 158
bot 0 15 16
round 159
bot 0 14 16
round 160
bot 0 13 16
coin 25 12
coin 40 16
round 161
bot 0 12 16
round 162
bot 0 11 16
round 163
bot 0 11 15
round 164
bot 0 11 14
round 165
bot 0 11 13
coin 38 25
coin 27 3
round 166
bot 0 11 12
round 167
bot 0 11 11
round 168
bot 0 11 10
round 169
bot 0 11 9
round 170
bot 0 11 8
coin_collected 10 8 0
bot_coins 0 11
coin 45 5
coin 20 23
round 171
bot 0 11 7
round 172
bot 0 11 6
coin_collected 10 6 0
bot_coins 0 12
round 173
bot 0 11 5
round 174
bot 0 11 4
round 175
bot 0 11 3
coin 16 18
coin 48 10
round 176
bot 0 11 2
coin_collected 11 1 0
bot_coins 0 13
round 177
bot 0 11 1
round 178
bot 0 11 0
round 179
bot 0 10 1
round 180
bot 0 10 2
coin 13 5
coin 52 23
round 181
bot 0 10 3
round 182
bot 0 10 4
round 183
bot 0 10 5
round 184
bot 0 10 6
round 185
bot 0 10 7
coin 1 24
coin 64 4
round 186
bot 0 10 8
round 187
bot 0 10 9
round 188
bot 0 10 10
round 189
bot 0 10 11
round 190
bot 0 10 12
coin_collected 9 12 0
bot_coins 0 14
coin 62 6
coin 3 22
round 191
bot 0 10 13
round 192
bot 0 10 14
round 193
bot 0 10 15
round 194
bot 0 10 16
round 195
bot 0 10 17
coin 63 11
coin 2 17
round 196
bot 0 10 18
round 197
bot 0 10 19
round 198
bot 0 9 19
round 199
bot 0 8 19
round 200
bot 0 7 19
coin 54 4
coin 10 25
match_over 0
