match
match_id 1639171553524_di
match_time 1639171553527
num_bots 1
##MatchConfig
mode FRIENDLY
num_rounds 200
random_seed 42
move_time_limit 1000
coin_spawn_period 5
coin_spawn_volume 2
##MapConfig
map_size 61 33
view_radius 5
mining_radius 2
attack_radius 4
block 0 0
block 1 0
block 2 0
block 3 0
block 4 0
block 30 0
block 31 0
block 32 0
block 33 0
block 34 0
block 49 0
block 50 0
block 51 0
block 52 0
block 53 0
block 54 0
block 55 0
block 56 0
block 57 0
block 60 0
block 0 1
block 1 1
block 2 1
block 3 1
block 4 1
block 49 1
block 50 1
block 51 1
block 52 1
block 53 1
block 54 1
block 55 1
block 56 1
block 57 1
block 60 1
block 0 2
block 1 2
block 2 2
block 3 2
block 4 2
block 9 2
block 10 2
block 11 2
block 12 2
block 13 2
block 14 2
block 15 2
block 30 2
block 31 2
block 32 2
block 33 2
block 49 2
block 50 2
block 51 2
block 52 2
block 53 2
block 54 2
block 55 2
block 56 2
block 57 2
block 60 2
block 0 3
block 1 3
block 2 3
block 3 3
block 4 3
block 9 3
block 10 3
block 11 3
block 12 3
block 13 3
block 14 3
block 15 3
block 30 3
block 31 3
block 32 3
block 33 3
block 49 3
block 50 3
block 51 3
block 52 3
block 53 3
block 54 3
block 55 3
block 60 3
block 49 4
block 50 4
block 51 4
block 52 4
block 53 4
block 54 4
block 55 4
block 49 5
block 50 5
block 51 5
block 52 5
block 53 5
block 54 5
block 55 5
block 49 6
block 50 6
block 51 6
block 52 6
block 53 6
block 54 6
block 55 6
block 10 9
block 11 9
block 12 9
block 13 9
block 10 10
block 11 10
block 12 10
block 13 10
block 10 11
block 11 11
block 12 11
block 13 11
block 10 12
block 11 12
block 12 12
block 13 12
block 35 13
block 36 13
block 57 13
block 58 13
block 11 14
block 12 14
block 13 14
block 14 14
block 15 14
block 35 14
block 36 14
block 37 14
block 38 14
block 39 14
block 40 14
block 57 14
block 58 14
block 11 15
block 12 15
block 13 15
block 14 15
block 15 15
block 35 15
block 36 15
block 37 15
block 38 15
block 39 15
block 40 15
block 57 15
block 58 15
block 11 16
block 12 16
block 13 16
block 14 16
block 15 16
block 35 16
block 36 16
block 37 16
block 38 16
block 39 16
block 40 16
block 41 16
block 42 16
block 43 16
block 44 16
block 11 17
block 12 17
block 13 17
block 14 17
block 15 17
block 35 17
block 36 17
block 37 17
block 38 17
block 39 17
block 40 17
block 41 17
block 42 17
block 43 17
block 44 17
block 36 18
block 37 18
block 38 18
block 39 18
block 40 18
block 41 18
block 42 18
block 43 18
block 44 18
block 12 19
block 13 19
block 36 19
block 37 19
block 38 19
block 39 19
block 40 19
block 41 19
block 42 19
block 3 20
block 4 20
block 5 20
block 6 20
block 7 20
block 8 20
block 12 20
block 13 20
block 3 21
block 4 21
block 5 21
block 6 21
block 7 21
block 8 21
block 3 22
block 4 22
block 5 22
block 6 22
block 7 22
block 8 22
block 25 22
block 26 22
block 27 22
block 28 22
block 29 22
block 30 22
block 3 23
block 4 23
block 5 23
block 6 23
block 7 23
block 8 23
block 25 23
block 26 23
block 27 23
block 28 23
block 29 23
block 30 23
block 3 24
block 4 24
block 5 24
block 6 24
block 7 24
block 8 24
block 3 25
block 4 25
block 5 25
block 6 25
block 7 25
block 8 25
block 31 25
block 32 25
block 33 25
block 3 26
block 4 26
block 5 26
block 6 26
block 7 26
block 8 26
block 31 26
block 32 26
block 33 26
block 31 27
block 32 27
block 33 27
block 9 28
block 10 28
block 11 28
block 12 28
block 13 28
block 14 28
block 15 28
block 31 28
block 32 28
block 33 28
block 9 29
block 10 29
block 11 29
block 12 29
block 13 29
block 14 29
block 15 29
block 31 29
block 32 29
block 33 29
block 0 30
block 1 30
block 2 30
block 3 30
block 4 30
block 60 30
block 0 31
block 1 31
block 2 31
block 3 31
block 4 31
block 30 31
block 31 31
block 32 31
block 33 31
block 34 31
block 39 31
block 40 31
block 41 31
block 42 31
block 43 31
block 44 31
block 60 31
block 0 32
block 1 32
block 2 32
block 3 32
block 4 32
block 30 32
block 31 32
block 32 32
block 33 32
block 34 32
block 39 32
block 40 32
block 41 32
block 42 32
block 43 32
block 44 32
block 49 32
block 50 32
block 51 32
block 52 32
block 60 32
##BotsAndCoinsInfo
bot_name 0 starter-bot
bot 0 56 29
bot_coins 0 0
coin 5 15
coin 55 17
round 1
bot 0 56 30
round 2
bot 0 56 31
round 3
bot 0 56 32
round 4
round 5
coin 25 5
coin 35 27
round 6
round 7
round 8
round 9
round 10
coin 10 19
coin 50 13
round 11
round 12
round 13
round 14
round 15
coin 56 3
coin 4 29
round 16
round 17
round 18
round 19
round 20
coin 21 17
coin 39 13
round 21
round 22
round 23
round 24
round 25
coin 38 29
coin 22 3
round 26
round 27
round 28
round 29
round 30
coin 23 0
coin 37 32
round 31
round 32
round 33
round 34
round 35
coin 22 11
coin 38 21
round 36
round 37
round 38
round 39
round 40
coin 35 9
coin 25 24
round 41
round 42
round 43
round 44
round 45
coin 41 20
coin 19 12
round 46
round 47
round 48
round 49
round 50
coin 7 4
coin 53 28
round 51
round 52
round 53
round 54
round 55
coin 55 9
coin 2 23
round 56
round 57
round 58
round 59
round 60
coin 19 30
coin 41 2
round 61
round 62
round 63
round 64
round 65
coin 19 28
coin 41 4
round 66
round 67
round 68
round 69
round 70
coin 20 18
coin 40 13
round 71
round 72
round 73
round 74
round 75
coin 50 15
coin 10 17
round 76
round 77
round 78
round 79
round 80
coin 58 2
coin 2 29
round 81
round 82
round 83
round 84
round 85
coin 38 13
coin 22 19
round 86
round 87
round 88
round 89
round 90
coin 20 22
coin 40 10
round 91
round 92
round 93
round 94
round 95
coin 37 13
coin 23 19
round 96
round 97
round 98
round 99
round 100
coin 36 25
coin 24 7
round 101
round 102
round 103
round 104
round 105
coin 48 13
coin 11 19
round 106
round 107
round 108
round 109
round 110
coin 22 6
coin 38 26
round 111
round 112
round 113
round 114
round 115
coin 18 5
coin 42 27
round 116
round 117
round 118
round 119
round 120
coin 9 22
coin 51 10
round 121
round 122
round 123
round 124
round 125
coin 48 2
coin 12 30
round 126
round 127
round 128
round 129
round 130
coin 3 4
coin 57 28
round 131
round 132
round 133
round 134
round 135
coin 37 12
coin 23 20
round 136
round 137
round 138
round 139
round 140
coin 28 28
coin 32 4
round 141
round 142
round 143
round 144
round 145
coin 24 15
coin 35 18
round 146
round 147
round 148
round 149
round 150
coin 20 14
coin 40 20
round 151
round 152
round 153
round 154
round 155
coin 48 19
coin 12 13
round 156
round 157
round 158
round 159
round 160
coin 21 26
coin 39 6
round 161
round 162
round 163
round 164
round 165
coin 51 25
coin 9 7
round 166
round 167
round 168
round 169
round 170
coin 47 15
coin 13 18
round 171
round 172
round 173
round 174
round 175
coin 17 2
coin 43 30
round 176
round 177
round 178
round 179
round 180
coin 47 4
coin 13 27
round 181
round 182
round 183
round 184
round 185
coin 22 5
coin 38 27
round 186
round 187
round 188
round 189
round 190
coin 18 19
coin 42 13
round 191
round 192
round 193
round 194
round 195
coin 56 21
coin 4 11
round 196
round 197
round 198
round 199
round 200
coin 47 25
coin 13 7
match_over 0
