match
match_id 1639169947123_cb
match_time 1639169947125
num_bots 1
##MatchConfig
mode FRIENDLY
num_rounds 200
random_seed 42
move_time_limit 1000
coin_spawn_period 5
coin_spawn_volume 2
##MapConfig
map_size 60 34
view_radius 6
mining_radius 2
attack_radius 4
block 10 0
block 11 0
block 12 0
block 13 0
block 14 0
block 15 0
block 16 0
block 39 0
block 40 0
block 41 0
block 42 0
block 43 0
block 32 1
block 33 1
block 34 1
block 39 1
block 40 1
block 41 1
block 42 1
block 43 1
block 20 2
block 21 2
block 22 2
block 23 2
block 24 2
block 32 2
block 33 2
block 34 2
block 39 2
block 40 2
block 41 2
block 42 2
block 43 2
block 7 3
block 8 3
block 9 3
block 10 3
block 11 3
block 12 3
block 20 3
block 21 3
block 22 3
block 23 3
block 24 3
block 32 3
block 33 3
block 34 3
block 39 3
block 40 3
block 41 3
block 42 3
block 43 3
block 7 4
block 8 4
block 9 4
block 10 4
block 11 4
block 12 4
block 20 4
block 21 4
block 22 4
block 23 4
block 24 4
block 32 4
block 33 4
block 34 4
block 39 4
block 40 4
block 41 4
block 42 4
block 43 4
block 0 5
block 1 5
block 2 5
block 3 5
block 4 5
block 5 5
block 7 5
block 8 5
block 9 5
block 10 5
block 11 5
block 12 5
block 14 5
block 15 5
block 16 5
block 17 5
block 18 5
block 19 5
block 20 5
block 21 5
block 22 5
block 23 5
block 24 5
block 32 5
block 33 5
block 34 5
block 39 5
block 40 5
block 41 5
block 42 5
block 43 5
block 59 5
block 0 6
block 1 6
block 2 6
block 3 6
block 4 6
block 5 6
block 7 6
block 8 6
block 9 6
block 10 6
block 11 6
block 12 6
block 14 6
block 15 6
block 16 6
block 17 6
block 18 6
block 19 6
block 20 6
block 21 6
block 22 6
block 23 6
block 24 6
block 25 6
block 26 6
block 27 6
block 28 6
block 29 6
block 32 6
block 33 6
block 34 6
block 39 6
block 40 6
block 41 6
block 42 6
block 43 6
block 59 6
block 14 7
block 15 7
block 16 7
block 17 7
block 18 7
block 19 7
block 25 7
block 26 7
block 27 7
block 28 7
block 29 7
block 32 7
block 33 7
block 34 7
block 39 7
block 40 7
block 41 7
block 42 7
block 43 7
block 44 7
block 45 7
block 16 8
block 17 8
block 18 8
block 19 8
block 20 8
block 25 8
block 26 8
block 27 8
block 28 8
block 29 8
block 39 8
block 40 8
block 41 8
block 42 8
block 43 8
block 44 8
block 45 8
block 0 9
block 1 9
block 2 9
block 3 9
block 4 9
block 6 9
block 7 9
block 16 9
block 17 9
block 18 9
block 19 9
block 20 9
block 25 9
block 26 9
block 27 9
block 28 9
block 29 9
block 39 9
block 40 9
block 41 9
block 42 9
block 43 9
block 44 9
block 45 9
block 59 9
block 0 10
block 1 10
block 2 10
block 3 10
block 4 10
block 6 10
block 7 10
block 16 10
block 17 10
block 18 10
block 19 10
block 20 10
block 25 10
block 26 10
block 27 10
block 28 10
block 29 10
block 39 10
block 40 10
block 41 10
block 42 10
block 43 10
block 44 10
block 45 10
block 59 10
block 0 11
block 1 11
block 2 11
block 3 11
block 4 11
block 6 11
block 7 11
block 16 11
block 17 11
block 18 11
block 19 11
block 20 11
block 25 11
block 26 11
block 27 11
block 28 11
block 29 11
block 39 11
block 40 11
block 41 11
block 42 11
block 43 11
block 44 11
block 45 11
block 59 11
block 0 12
block 1 12
block 2 12
block 3 12
block 4 12
block 6 12
block 7 12
block 16 12
block 17 12
block 18 12
block 19 12
block 20 12
block 59 12
block 0 13
block 1 13
block 2 13
block 3 13
block 4 13
block 16 13
block 17 13
block 18 13
block 19 13
block 20 13
block 59 13
block 0 14
block 1 14
block 2 14
block 3 14
block 4 14
block 18 14
block 19 14
block 20 14
block 52 14
block 53 14
block 54 14
block 55 14
block 56 14
block 59 14
block 0 15
block 1 15
block 2 15
block 3 15
block 4 15
block 52 15
block 53 15
block 54 15
block 55 15
block 56 15
block 59 15
block 32 16
block 33 16
block 52 16
block 53 16
block 54 16
block 55 16
block 56 16
block 5 17
block 6 17
block 29 17
block 30 17
block 31 17
block 32 17
block 33 17
block 34 17
block 38 17
block 39 17
block 40 17
block 41 17
block 42 17
block 43 17
block 44 17
block 52 17
block 53 17
block 54 17
block 55 17
block 56 17
block 5 18
block 6 18
block 10 18
block 11 18
block 12 18
block 13 18
block 20 18
block 21 18
block 22 18
block 23 18
block 24 18
block 25 18
block 29 18
block 30 18
block 31 18
block 32 18
block 33 18
block 34 18
block 38 18
block 39 18
block 40 18
block 41 18
block 42 18
block 43 18
block 44 18
block 45 18
block 46 18
block 47 18
block 48 18
block 5 19
block 6 19
block 10 19
block 11 19
block 12 19
block 13 19
block 20 19
block 21 19
block 22 19
block 23 19
block 24 19
block 25 19
block 32 19
block 33 19
block 45 19
block 46 19
block 47 19
block 48 19
block 5 20
block 6 20
block 10 20
block 11 20
block 12 20
block 13 20
block 20 20
block 21 20
block 22 20
block 23 20
block 24 20
block 25 20
block 32 20
block 33 20
block 45 20
block 46 20
block 47 20
block 48 20
block 5 21
block 6 21
block 10 21
block 11 21
block 12 21
block 13 21
block 20 21
block 21 21
block 22 21
block 23 21
block 24 21
block 25 21
block 26 21
block 27 21
block 32 21
block 33 21
block 45 21
block 46 21
block 47 21
block 48 21
block 3 22
block 4 22
block 5 22
block 6 22
block 7 22
block 8 22
block 10 22
block 11 22
block 12 22
block 13 22
block 20 22
block 21 22
block 22 22
block 23 22
block 24 22
block 25 22
block 26 22
block 27 22
block 0 23
block 3 23
block 4 23
block 5 23
block 6 23
block 7 23
block 8 23
block 10 23
block 11 23
block 12 23
block 13 23
block 20 23
block 21 23
block 22 23
block 23 23
block 24 23
block 25 23
block 26 23
block 27 23
block 47 23
block 48 23
block 49 23
block 58 23
block 59 23
block 0 24
block 1 24
block 2 24
block 3 24
block 4 24
block 5 24
block 6 24
block 7 24
block 8 24
block 10 24
block 11 24
block 12 24
block 13 24
block 25 24
block 26 24
block 27 24
block 47 24
block 48 24
block 49 24
block 58 24
block 59 24
block 0 25
block 1 25
block 2 25
block 25 25
block 26 25
block 27 25
block 47 25
block 48 25
block 49 25
block 58 25
block 59 25
block 0 26
block 1 26
block 2 26
block 25 26
block 26 26
block 27 26
block 47 26
block 48 26
block 49 26
block 58 26
block 59 26
block 0 27
block 1 27
block 2 27
block 3 27
block 4 27
block 5 27
block 6 27
block 25 27
block 26 27
block 27 27
block 47 27
block 48 27
block 49 27
block 58 27
block 59 27
block 0 28
block 1 28
block 2 28
block 3 28
block 4 28
block 5 28
block 6 28
block 47 28
block 48 28
block 49 28
block 58 28
block 59 28
block 0 29
block 1 29
block 2 29
block 3 29
block 4 29
block 47 29
block 48 29
block 49 29
block 58 29
block 59 29
block 31 31
block 32 31
block 33 31
block 34 31
block 35 31
block 36 31
block 10 32
block 11 32
block 12 32
block 13 32
block 14 32
block 15 32
block 16 32
block 31 32
block 32 32
block 33 32
block 34 32
block 35 32
block 36 32
block 10 33
block 11 33
block 12 33
block 13 33
block 14 33
block 15 33
block 16 33
##BotsAndCoinsInfo
bot_name 0 starter-bot
bot 0 37 17
bot_coins 0 0
coin 50 11
coin 9 22
round 1
bot 0 37 18
round 2
bot 0 37 19
round 3
bot 0 37 20
round 4
bot 0 37 21
round 5
bot 0 37 22
coin 48 12
coin 9 21
round 6
bot 0 37 23
round 7
bot 0 37 24
round 8
bot 0 37 25
round 9
bot 0 37 26
round 10
bot 0 37 27
coin 30 9
coin 29 24
round 11
bot 0 37 28
round 12
bot 0 37 29
round 13
bot 0 37 30
round 14
bot 0 37 31
round 15
bot 0 37 32
coin 5 12
coin 54 21
round 16
bot 0 37 33
round 17
bot 0 36 33
round 18
round 19
bot 0 35 33
round 20
bot 0 35 0
coin 20 7
coin 39 26
round 21
bot 0 34 0
round 22
bot 0 34 33
round 23
bot 0 33 33
round 24
bot 0 33 0
round 25
bot 0 32 0
coin 5 11
coin 54 22
round 26
bot 0 32 33
round 27
bot 0 31 33
round 28
bot 0 31 0
round 29
bot 0 30 0
round 30
bot 0 30 33
coin 36 14
coin 23 17
round 31
bot 0 29 33
round 32
bot 0 29 0
round 33
bot 0 28 0
round 34
bot 0 28 33
round 35
bot 0 27 33
coin 57 14
coin 2 19
round 36
bot 0 27 0
round 37
bot 0 26 0
round 38
bot 0 26 33
round 39
bot 0 25 33
round 40
bot 0 25 0
coin 36 8
coin 23 25
round 41
bot 0 24 0
round 42
bot 0 24 33
round 43
bot 0 23 33
round 44
bot 0 23 0
round 45
bot 0 22 0
coin 43 15
coin 16 18
round 46
bot 0 22 33
round 47
bot 0 21 33
round 48
bot 0 21 0
round 49
bot 0 20 0
round 50
bot 0 20 33
coin 21 11
coin 38 22
round 51
bot 0 19 33
round 52
bot 0 19 0
round 53
bot 0 18 0
round 54
bot 0 18 33
round 55
bot 0 17 33
coin 26 33
coin 33 0
round 56
bot 0 17 0
round 57
round 58
round 59
round 60
coin 23 1
coin 36 33
round 61
round 62
match_over 0
round 63
