match
match_id 1639216663342_np
match_time 1639216663344
num_bots 1
##MatchConfig
mode FRIENDLY
num_rounds 200
random_seed 42
move_time_limit 1000
coin_spawn_period 5
coin_spawn_volume 2
##MapConfig
map_size 70 27
view_radius 6
mining_radius 2
attack_radius 4
block 0 0
block 1 0
block 66 0
block 67 0
block 68 0
block 69 0
block 0 1
block 1 1
block 66 1
block 67 1
block 68 1
block 69 1
block 0 2
block 1 2
block 66 2
block 67 2
block 68 2
block 69 2
block 0 3
block 1 3
block 66 3
block 67 3
block 68 3
block 69 3
block 0 4
block 1 4
block 39 4
block 40 4
block 41 4
block 42 4
block 43 4
block 66 4
block 67 4
block 68 4
block 69 4
block 39 5
block 40 5
block 41 5
block 42 5
block 43 5
block 39 6
block 40 6
block 41 6
block 42 6
block 43 6
block 46 6
block 47 6
block 48 6
block 49 6
block 50 6
block 51 6
block 52 6
block 46 7
block 47 7
block 48 7
block 49 7
block 50 7
block 51 7
block 52 7
block 46 8
block 47 8
block 48 8
block 49 8
block 50 8
block 51 8
block 52 8
block 46 9
block 47 9
block 48 9
block 49 9
block 50 9
block 51 9
block 52 9
block 39 10
block 40 10
block 41 10
block 42 10
block 43 10
block 46 10
block 47 10
block 48 10
block 49 10
block 50 10
block 51 10
block 52 10
block 1 11
block 2 11
block 3 11
block 4 11
block 5 11
block 6 11
block 7 11
block 39 11
block 40 11
block 41 11
block 42 11
block 43 11
block 46 11
block 47 11
block 48 11
block 49 11
block 50 11
block 51 11
block 52 11
block 60 11
block 61 11
block 62 11
block 63 11
block 1 12
block 2 12
block 3 12
block 4 12
block 5 12
block 6 12
block 7 12
block 39 12
block 40 12
block 41 12
block 42 12
block 43 12
block 60 12
block 61 12
block 62 12
block 63 12
block 60 13
block 61 13
block 62 13
block 63 13
block 60 14
block 61 14
block 62 14
block 63 14
block 30 15
block 31 15
block 32 15
block 33 15
block 30 16
block 31 16
block 32 16
block 33 16
block 4 17
block 5 17
block 6 17
block 30 17
block 31 17
block 32 17
block 33 17
block 4 18
block 5 18
block 6 18
block 30 18
block 31 18
block 32 18
block 33 18
block 4 19
block 5 19
block 6 19
block 30 19
block 31 19
block 32 19
block 33 19
block 4 20
block 5 20
block 6 20
block 0 23
block 1 23
block 2 23
block 66 23
block 67 23
block 68 23
block 69 23
block 0 24
block 1 24
block 2 24
block 66 24
block 67 24
block 68 24
block 69 24
block 0 26
block 1 26
block 66 26
block 67 26
block 68 26
block 69 26
##BotsAndCoinsInfo
bot_name 0 starter-bot
bot 0 9 8
bot_coins 0 0
coin 50 3
coin 19 23
round 1
bot 0 9 9
round 2
bot 0 9 10
round 3
bot 0 9 11
round 4
bot 0 9 12
round 5
bot 0 9 13
coin 48 17
coin 21 9
round 6
bot 0 9 14
round 7
bot 0 9 15
round 8
bot 0 9 16
round 9
bot 0 9 17
round 10
bot 0 9 18
coin 40 16
coin 29 10
round 11
bot 0 9 19
round 12
bot 0 9 20
round 13
bot 0 9 21
round 14
bot 0 9 22
round 15
bot 0 9 23
coin 15 20
coin 54 6
round 16
bot 0 9 24
round 17
bot 0 9 25
round 18
bot 0 9 26
round 19
bot 0 8 25
round 20
bot 0 8 24
coin 2 2
coin 67 25
round 21
bot 0 8 23
round 22
bot 0 8 22
round 23
bot 0 8 21
round 24
bot 0 8 20
round 25
bot 0 8 19
coin 52 26
coin 17 0
round 26
bot 0 8 18
round 27
bot 0 8 17
round 28
bot 0 8 16
round 29
bot 0 8 15
round 30
bot 0 8 14
coin 56 9
coin 13 17
round 31
bot 0 8 13
round 32
bot 0 8 12
round 33
bot 0 8 11
round 34
bot 0 8 10
round 35
bot 0 8 9
coin 36 5
coin 33 21
round 36
bot 0 8 8
round 37
bot 0 8 7
round 38
bot 0 8 6
round 39
bot 0 8 5
round 40
bot 0 8 4
coin 56 6
coin 13 20
round 41
bot 0 8 3
round 42
bot 0 8 2
round 43
bot 0 8 1
round 44
bot 0 8 0
round 45
bot 0 7 1
coin 63 8
coin 7 18
round 46
bot 0 7 2
round 47
bot 0 7 3
round 48
bot 0 7 4
round 49
bot 0 7 5
round 50
bot 0 7 6
coin 40 3
coin 29 23
round 51
bot 0 7 7
round 52
bot 0 7 8
round 53
bot 0 7 9
round 54
bot 0 7 10
round 55
coin 36 24
coin 33 2
round 56
round 57
round 58
round 59
round 60
coin 63 0
coin 6 26
round 61
round 62
round 63
round 64
round 65
coin 0 22
coin 69 5
round 66
round 67
round 68
round 69
round 70
coin 65 3
coin 4 23
round 71
round 72
round 73
round 74
round 75
coin 40 21
coin 29 5
round 76
round 77
round 78
round 79
round 80
coin 30 23
coin 39 3
round 81
round 82
round 83
round 84
round 85
coin 17 14
coin 52 12
round 86
round 87
round 88
round 89
round 90
coin 12 7
coin 57 19
round 91
round 92
round 93
round 94
round 95
coin 63 21
coin 6 5
round 96
round 97
round 98
round 99
round 100
coin 69 22
coin 0 5
round 101
round 102
round 103
round 104
round 105
coin 63 25
coin 6 1
round 106
round 107
round 108
round 109
round 110
coin 45 24
coin 24 2
round 111
round 112
round 113
round 114
round 115
coin 27 20
coin 42 7
round 116
round 117
round 118
round 119
round 120
coin 27 7
coin 42 19
round 121
round 122
round 123
round 124
round 125
coin 33 14
coin 36 12
round 126
round 127
round 128
round 129
round 130
coin 58 4
coin 11 22
round 131
round 132
round 133
round 134
round 135
coin 30 7
coin 39 19
round 136
round 137
round 138
round 139
round 140
coin 63 4
coin 6 22
round 141
round 142
round 143
round 144
round 145
coin 1 18
coin 68 8
round 146
round 147
round 148
round 149
round 150
coin 7 14
coin 64 12
round 151
round 152
round 153
round 154
round 155
coin 32 13
coin 37 13
round 156
round 157
round 158
round 159
round 160
coin 64 23
coin 5 3
round 161
round 162
round 163
round 164
round 165
coin 48 22
coin 21 4
round 166
round 167
round 168
round 169
round 170
coin 55 9
coin 14 17
round 171
round 172
round 173
round 174
round 175
coin 10 5
coin 59 21
round 176
round 177
round 178
round 179
round 180
coin 53 7
coin 16 19
round 181
round 182
round 183
round 184
round 185
coin 43 23
coin 26 3
round 186
round 187
round 188
round 189
round 190
coin 26 25
coin 43 1
round 191
round 192
round 193
round 194
round 195
coin 45 6
coin 24 20
round 196
round 197
round 198
round 199
round 200
coin 30 20
coin 39 7
match_over 0
