match
match_id 1639324813747_ah
match_time 1639324813751
num_bots 1
##MatchConfig
mode FRIENDLY
num_rounds 200
random_seed 42
move_time_limit 1000
coin_spawn_period 5
coin_spawn_volume 2
##MapConfig
map_size 51 38
view_radius 6
mining_radius 1
attack_radius 3
block 0 0
block 1 0
block 3 0
block 4 0
block 7 0
block 8 0
block 9 0
block 14 0
block 15 0
block 16 0
block 25 0
block 26 0
block 34 0
block 35 0
block 36 0
block 41 0
block 42 0
block 43 0
block 0 1
block 1 1
block 3 1
block 4 1
block 7 1
block 8 1
block 9 1
block 14 1
block 15 1
block 16 1
block 25 1
block 26 1
block 0 2
block 1 2
block 7 2
block 8 2
block 9 2
block 14 2
block 15 2
block 16 2
block 25 2
block 26 2
block 0 3
block 1 3
block 7 3
block 8 3
block 9 3
block 14 3
block 15 3
block 16 3
block 25 3
block 26 3
block 27 3
block 0 4
block 1 4
block 14 4
block 15 4
block 16 4
block 25 4
block 26 4
block 27 4
block 0 5
block 1 5
block 0 6
block 1 6
block 1 7
block 2 7
block 1 8
block 2 8
block 1 9
block 2 9
block 21 9
block 22 9
block 23 9
block 24 9
block 25 9
block 26 9
block 1 10
block 2 10
block 21 10
block 22 10
block 23 10
block 24 10
block 25 10
block 26 10
block 1 11
block 2 11
block 21 11
block 22 11
block 23 11
block 24 11
block 25 11
block 26 11
block 28 17
block 29 17
block 30 17
block 31 17
block 32 17
block 28 18
block 29 18
block 30 18
block 31 18
block 32 18
block 35 19
block 36 19
block 37 19
block 38 19
block 39 19
block 0 20
block 1 20
block 35 20
block 36 20
block 37 20
block 38 20
block 39 20
block 46 20
block 47 20
block 48 20
block 49 20
block 50 20
block 0 21
block 1 21
block 35 21
block 36 21
block 37 21
block 38 21
block 39 21
block 44 21
block 45 21
block 46 21
block 47 21
block 48 21
block 49 21
block 50 21
block 13 22
block 14 22
block 15 22
block 16 22
block 44 22
block 45 22
block 46 22
block 47 22
block 13 23
block 14 23
block 15 23
block 16 23
block 44 23
block 45 23
block 46 23
block 47 23
block 25 24
block 26 24
block 27 24
block 28 24
block 29 24
block 30 24
block 44 24
block 45 24
block 46 24
block 47 24
block 25 25
block 26 25
block 27 25
block 28 25
block 29 25
block 30 25
block 44 25
block 45 25
block 46 25
block 47 25
block 25 26
block 26 26
block 27 26
block 28 26
block 29 26
block 30 26
block 31 26
block 32 26
block 33 26
block 25 27
block 26 27
block 27 27
block 28 27
block 29 27
block 30 27
block 31 27
block 32 27
block 33 27
block 43 27
block 44 27
block 45 27
block 25 28
block 26 28
block 27 28
block 28 28
block 29 28
block 30 28
block 31 28
block 32 28
block 33 28
block 43 28
block 44 28
block 45 28
block 27 29
block 28 29
block 29 29
block 30 29
block 31 29
block 32 29
block 33 29
block 43 29
block 44 29
block 45 29
block 27 30
block 28 30
block 29 30
block 30 30
block 31 30
block 32 30
block 33 30
block 43 30
block 44 30
block 45 30
block 0 31
block 27 31
block 28 31
block 29 31
block 30 31
block 31 31
block 32 31
block 33 31
block 43 31
block 44 31
block 45 31
block 50 31
block 0 32
block 27 32
block 28 32
block 29 32
block 30 32
block 31 32
block 32 32
block 33 32
block 41 32
block 42 32
block 43 32
block 44 32
block 45 32
block 50 32
block 0 33
block 27 33
block 28 33
block 29 33
block 30 33
block 31 33
block 32 33
block 33 33
block 41 33
block 42 33
block 43 33
block 44 33
block 45 33
block 50 33
block 0 34
block 3 34
block 4 34
block 41 34
block 42 34
block 43 34
block 50 34
block 0 35
block 3 35
block 4 35
block 7 35
block 8 35
block 9 35
block 41 35
block 42 35
block 43 35
block 50 35
block 0 36
block 3 36
block 4 36
block 7 36
block 8 36
block 9 36
block 14 36
block 15 36
block 16 36
block 34 36
block 35 36
block 36 36
block 41 36
block 42 36
block 43 36
block 50 36
block 3 37
block 4 37
block 7 37
block 8 37
block 9 37
block 14 37
block 15 37
block 16 37
block 25 37
block 26 37
block 34 37
block 35 37
block 36 37
block 41 37
block 42 37
block 43 37
##BotsAndCoinsInfo
bot_name 0 starter-bot
bot 0 13 5
bot_coins 0 0
coin 27 9
coin 23 28
round 1
bot 0 13 6
round 2
bot 0 13 7
round 3
bot 0 13 8
round 4
bot 0 13 9
round 5
bot 0 13 10
coin 50 6
coin 1 31
round 6
bot 0 13 11
round 7
bot 0 13 12
round 8
bot 0 13 13
round 9
bot 0 13 14
round 10
bot 0 13 15
coin 9 15
coin 41 22
round 11
bot 0 13 16
round 12
bot 0 13 17
round 13
bot 0 13 18
round 14
bot 0 13 19
round 15
bot 0 13 20
coin 17 28
coin 33 9
round 16
bot 0 13 21
round 17
round 18
round 19
round 20
coin 1 17
coin 49 19
round 21
round 22
round 23
round 24
round 25
coin 14 14
coin 36 23
round 26
round 27
round 28
round 29
round 30
coin 40 34
coin 10 3
round 31
round 32
round 33
round 34
round 35
coin 10 36
coin 40 1
round 36
round 37
round 38
round 39
round 40
coin 2 36
coin 48 1
round 41
round 42
round 43
round 44
round 45
coin 40 37
coin 10 0
round 46
round 47
round 48
round 49
round 50
coin 35 13
coin 15 24
round 51
round 52
round 53
round 54
round 55
coin 23 7
coin 26 30
round 56
round 57
round 58
round 59
round 60
coin 2 13
coin 48 24
round 61
round 62
round 63
round 64
round 65
coin 7 6
coin 42 31
round 66
round 67
round 68
round 69
round 70
coin 19 22
coin 31 15
round 71
round 72
round 73
round 74
round 75
coin 28 4
coin 22 33
round 76
round 77
round 78
round 79
round 80
coin 38 33
coin 12 4
round 81
round 82
round 83
round 84
round 85
coin 40 36
coin 10 1
round 86
round 87
round 88
round 89
round 90
coin 42 17
coin 8 20
round 91
round 92
round 93
round 94
round 95
coin 2 6
coin 48 31
round 96
round 97
round 98
round 99
round 100
coin 23 31
coin 27 6
round 101
round 102
round 103
round 104
round 105
coin 29 11
coin 21 26
round 106
round 107
round 108
round 109
round 110
coin 14 10
coin 36 27
round 111
round 112
round 113
round 114
round 115
coin 28 23
coin 22 14
round 116
round 117
round 118
round 119
round 120
coin 13 35
coin 37 2
round 121
round 122
round 123
round 124
round 125
coin 22 6
coin 26 31
round 126
round 127
round 128
round 129
round 130
coin 5 12
coin 45 26
round 131
round 132
round 133
round 134
round 135
coin 23 4
coin 27 34
round 136
round 137
round 138
round 139
round 140
coin 34 21
coin 16 16
round 141
round 142
round 143
round 144
round 145
coin 44 35
coin 6 2
round 146
round 147
round 148
round 149
round 150
coin 46 31
coin 4 6
round 151
round 152
round 153
round 154
round 155
coin 20 7
coin 30 34
round 156
round 157
round 158
round 159
round 160
coin 38 34
coin 12 3
round 161
round 162
round 163
round 164
round 165
coin 20 21
coin 30 16
round 166
round 167
round 168
round 169
round 170
coin 0 17
coin 50 19
round 171
round 172
round 173
round 174
round 175
coin 49 3
coin 1 34
round 176
round 177
round 178
round 179
round 180
coin 12 23
coin 38 14
round 181
round 182
round 183
round 184
round 185
coin 22 8
coin 26 29
round 186
round 187
round 188
round 189
round 190
coin 47 14
coin 3 23
round 191
round 192
round 193
round 194
round 195
coin 38 35
coin 12 2
round 196
round 197
round 198
round 199
round 200
coin 24 2
coin 26 35
match_over 0
