match
match_id 1639213427203_kh
match_time 1639213427206
num_bots 1
##MatchConfig
mode FRIENDLY
num_rounds 200
random_seed 42
move_time_limit 1000
coin_spawn_period 5
coin_spawn_volume 2
##MapConfig
map_size 73 29
view_radius 6
mining_radius 2
attack_radius 3
block 4 0
block 5 0
block 6 0
block 7 0
block 8 0
block 53 0
block 54 0
block 55 0
block 56 0
block 57 0
block 58 0
block 59 0
block 4 1
block 5 1
block 6 1
block 7 1
block 8 1
block 53 1
block 54 1
block 55 1
block 56 1
block 57 1
block 58 1
block 59 1
block 4 2
block 5 2
block 6 2
block 7 2
block 8 2
block 34 2
block 35 2
block 36 2
block 37 2
block 38 2
block 39 2
block 40 2
block 53 2
block 54 2
block 55 2
block 56 2
block 57 2
block 58 2
block 59 2
block 4 3
block 5 3
block 6 3
block 7 3
block 8 3
block 34 3
block 35 3
block 36 3
block 37 3
block 38 3
block 39 3
block 40 3
block 53 3
block 54 3
block 55 3
block 56 3
block 57 3
block 58 3
block 59 3
block 4 4
block 5 4
block 6 4
block 7 4
block 8 4
block 34 4
block 35 4
block 36 4
block 37 4
block 38 4
block 39 4
block 40 4
block 53 4
block 54 4
block 55 4
block 56 4
block 3 5
block 4 5
block 5 5
block 6 5
block 7 5
block 8 5
block 9 5
block 34 5
block 35 5
block 36 5
block 37 5
block 38 5
block 39 5
block 40 5
block 3 6
block 4 6
block 5 6
block 6 6
block 7 6
block 8 6
block 9 6
block 15 6
block 16 6
block 17 6
block 18 6
block 19 6
block 20 6
block 21 6
block 22 6
block 23 6
block 24 6
block 25 6
block 26 6
block 34 6
block 35 6
block 36 6
block 37 6
block 38 6
block 39 6
block 40 6
block 61 6
block 62 6
block 63 6
block 64 6
block 65 6
block 66 6
block 3 7
block 4 7
block 5 7
block 6 7
block 7 7
block 8 7
block 9 7
block 15 7
block 16 7
block 17 7
block 18 7
block 19 7
block 20 7
block 21 7
block 22 7
block 23 7
block 24 7
block 25 7
block 26 7
block 34 7
block 35 7
block 36 7
block 37 7
block 38 7
block 39 7
block 40 7
block 61 7
block 62 7
block 63 7
block 64 7
block 65 7
block 66 7
block 3 8
block 4 8
block 5 8
block 6 8
block 7 8
block 8 8
block 9 8
block 15 8
block 16 8
block 17 8
block 18 8
block 19 8
block 20 8
block 21 8
block 22 8
block 23 8
block 24 8
block 25 8
block 26 8
block 27 8
block 28 8
block 29 8
block 30 8
block 31 8
block 32 8
block 34 8
block 35 8
block 36 8
block 37 8
block 38 8
block 39 8
block 40 8
block 61 8
block 62 8
block 63 8
block 64 8
block 65 8
block 66 8
block 3 9
block 4 9
block 5 9
block 6 9
block 7 9
block 8 9
block 9 9
block 15 9
block 16 9
block 17 9
block 18 9
block 19 9
block 20 9
block 21 9
block 22 9
block 23 9
block 24 9
block 25 9
block 26 9
block 27 9
block 28 9
block 29 9
block 30 9
block 31 9
block 32 9
block 37 9
block 38 9
block 39 9
block 40 9
block 61 9
block 62 9
block 63 9
block 64 9
block 65 9
block 66 9
block 15 10
block 16 10
block 17 10
block 18 10
block 19 10
block 20 10
block 21 10
block 27 10
block 28 10
block 29 10
block 30 10
block 59 10
block 60 10
block 61 10
block 62 10
block 63 10
block 64 10
block 65 10
block 66 10
block 0 11
block 1 11
block 2 11
block 15 11
block 16 11
block 17 11
block 18 11
block 19 11
block 20 11
block 21 11
block 27 11
block 28 11
block 29 11
block 30 11
block 59 11
block 60 11
block 61 11
block 62 11
block 63 11
block 64 11
block 65 11
block 66 11
block 72 11
block 0 12
block 1 12
block 2 12
block 15 12
block 16 12
block 17 12
block 18 12
block 19 12
block 20 12
block 21 12
block 27 12
block 28 12
block 29 12
block 30 12
block 59 12
block 60 12
block 61 12
block 62 12
block 63 12
block 64 12
block 65 12
block 66 12
block 72 12
block 0 13
block 1 13
block 2 13
block 27 13
block 28 13
block 29 13
block 30 13
block 59 13
block 60 13
block 61 13
block 72 13
block 0 14
block 1 14
block 2 14
block 72 14
block 0 15
block 1 15
block 2 15
block 28 15
block 29 15
block 30 15
block 40 15
block 41 15
block 66 15
block 67 15
block 72 15
block 0 16
block 1 16
block 2 16
block 28 16
block 29 16
block 30 16
block 35 16
block 36 16
block 37 16
block 38 16
block 39 16
block 40 16
block 41 16
block 66 16
block 67 16
block 72 16
block 0 17
block 1 17
block 2 17
block 28 17
block 29 17
block 30 17
block 33 17
block 34 17
block 35 17
block 36 17
block 37 17
block 38 17
block 39 17
block 40 17
block 41 17
block 66 17
block 67 17
block 72 17
block 18 18
block 19 18
block 28 18
block 29 18
block 30 18
block 33 18
block 34 18
block 35 18
block 36 18
block 37 18
block 38 18
block 39 18
block 40 18
block 41 18
block 66 18
block 67 18
block 18 19
block 19 19
block 28 19
block 29 19
block 30 19
block 33 19
block 34 19
block 35 19
block 36 19
block 37 19
block 38 19
block 39 19
block 40 19
block 41 19
block 66 19
block 67 19
block 18 20
block 19 20
block 28 20
block 29 20
block 30 20
block 35 20
block 36 20
block 37 20
block 38 20
block 39 20
block 40 20
block 41 20
block 66 20
block 67 20
block 18 21
block 19 21
block 27 22
block 28 22
block 29 22
block 27 23
block 28 23
block 29 23
block 66 23
block 67 23
block 68 23
block 69 23
block 70 23
block 27 24
block 28 24
block 29 24
block 66 24
block 67 24
block 68 24
block 69 24
block 70 24
block 27 25
block 28 25
block 29 25
block 66 25
block 67 25
block 68 25
block 69 25
block 70 25
block 12 26
block 13 26
block 14 26
block 15 26
block 16 26
block 17 26
block 18 26
block 27 26
block 28 26
block 29 26
block 42 26
block 43 26
block 60 26
block 61 26
block 66 26
block 67 26
block 68 26
block 69 26
block 70 26
block 12 27
block 13 27
block 14 27
block 15 27
block 16 27
block 17 27
block 18 27
block 27 27
block 28 27
block 29 27
block 42 27
block 43 27
block 60 27
block 61 27
block 66 27
block 67 27
block 68 27
block 69 27
block 70 27
block 12 28
block 13 28
block 14 28
block 15 28
block 16 28
block 17 28
block 18 28
block 27 28
block 28 28
block 29 28
block 42 28
block 43 28
block 60 28
block 61 28
##BotsAndCoinsInfo
bot_name 0 starter-bot
bot 0 45 11
bot_coins 0 0
coin 12 9
coin 60 19
round 1
bot 0 45 12
round 2
bot 0 45 13
round 3
bot 0 45 14
round 4
bot 0 45 15
round 5
bot 0 45 16
coin 16 15
coin 56 13
round 6
bot 0 45 17
round 7
bot 0 45 18
round 8
bot 0 45 19
round 9
bot 0 45 20
round 10
bot 0 45 21
coin 30 23
coin 42 5
round 11
bot 0 45 22
round 12
bot 0 45 23
round 13
bot 0 45 24
round 14
bot 0 45 25
round 15
bot 0 45 26
coin 38 10
coin 34 20
round 16
bot 0 45 27
round 17
bot 0 45 28
round 18
bot 0 45 27
round 19
bot 0 45 26
round 20
bot 0 45 25
coin 53 25
coin 19 3
round 21
bot 0 45 24
round 22
bot 0 45 23
round 23
bot 0 45 22
round 24
bot 0 45 21
round 25
bot 0 45 20
coin 65 22
coin 9 4
round 26
bot 0 45 19
round 27
bot 0 45 18
round 28
bot 0 45 17
round 29
bot 0 45 16
round 30
bot 0 45 15
coin 31 15
coin 41 13
round 31
bot 0 45 14
round 32
bot 0 45 13
round 33
bot 0 45 12
round 34
bot 0 45 11
round 35
bot 0 45 10
coin 10 20
coin 60 8
round 36
bot 0 45 9
round 37
bot 0 45 8
round 38
bot 0 45 7
round 39
bot 0 45 6
round 40
bot 0 45 5
coin 65 1
coin 7 27
round 41
bot 0 45 4
round 42
bot 0 45 3
round 43
bot 0 45 2
round 44
bot 0 45 1
round 45
bot 0 45 0
coin 49 2
coin 23 26
round 46
bot 0 45 28
round 47
bot 0 45 27
round 48
bot 0 45 26
round 49
bot 0 45 25
round 50
bot 0 45 24
coin 54 27
coin 18 1
round 51
bot 0 45 23
round 52
bot 0 45 22
round 53
bot 0 45 21
round 54
bot 0 45 20
round 55
bot 0 45 19
coin 69 19
coin 2 9
round 56
bot 0 45 18
round 57
bot 0 45 17
round 58
bot 0 45 16
round 59
bot 0 45 15
round 60
bot 0 45 14
coin 72 19
coin 0 9
round 61
bot 0 45 13
round 62
bot 0 45 12
round 63
bot 0 45 11
round 64
bot 0 45 10
round 65
bot 0 45 9
coin 31 7
coin 41 21
round 66
bot 0 45 8
round 67
bot 0 45 7
round 68
bot 0 45 6
round 69
bot 0 45 5
round 70
bot 0 45 4
coin 31 11
coin 42 17
round 71
bot 0 45 3
round 72
bot 0 45 2
round 73
bot 0 45 1
round 74
bot 0 45 0
round 75
bot 0 45 28
coin 56 28
coin 16 0
round 76
bot 0 45 27
round 77
bot 0 45 26
round 78
bot 0 45 25
round 79
bot 0 45 24
round 80
bot 0 45 23
coin 15 16
coin 57 12
round 81
bot 0 45 22
round 82
bot 0 45 21
round 83
bot 0 45 20
round 84
bot 0 45 19
round 85
bot 0 45 18
coin 57 8
coin 15 20
round 86
bot 0 45 17
round 87
bot 0 45 16
round 88
bot 0 45 15
round 89
bot 0 45 14
round 90
bot 0 45 13
coin 57 27
coin 15 1
round 91
bot 0 45 12
round 92
bot 0 45 11
round 93
bot 0 45 10
round 94
bot 0 45 9
round 95
bot 0 45 8
coin 51 22
coin 21 5
round 96
bot 0 45 7
round 97
bot 0 45 6
round 98
bot 0 45 5
round 99
bot 0 45 4
round 100
bot 0 45 3
coin 37 22
coin 33 6
round 101
bot 0 45 2
round 102
bot 0 45 1
round 103
bot 0 45 0
round 104
bot 0 45 28
round 105
bot 0 45 27
coin 52 23
coin 20 5
round 106
bot 0 45 26
round 107
bot 0 45 25
round 108
bot 0 45 24
round 109
bot 0 45 23
round 110
bot 0 45 22
coin 12 15
coin 60 14
round 111
bot 0 45 21
round 112
bot 0 45 20
round 113
bot 0 45 19
round 114
bot 0 45 18
round 115
bot 0 45 17
coin 55 28
coin 17 0
round 116
bot 0 45 16
round 117
bot 0 45 15
round 118
bot 0 45 14
round 119
bot 0 45 13
round 120
bot 0 45 12
coin 53 14
coin 19 14
round 121
bot 0 45 11
round 122
bot 0 45 10
round 123
bot 0 45 9
round 124
bot 0 45 8
round 125
bot 0 45 7
coin 46 2
coin 26 26
round 126
bot 0 45 6
round 127
bot 0 45 5
round 128
bot 0 45 4
round 129
bot 0 45 3
coin_collected 46 2 0
bot_coins 0 1
round 130
bot 0 45 2
coin 26 10
coin 46 18
round 131
bot 0 45 1
round 132
bot 0 45 0
round 133
bot 0 45 28
round 134
bot 0 45 27
round 135
bot 0 45 26
coin 26 19
coin 46 9
round 136
bot 0 45 25
round 137
bot 0 45 24
round 138
bot 0 45 23
round 139
bot 0 45 22
round 140
bot 0 45 21
coin 65 21
coin 7 10
round 141
bot 0 45 20
round 142
bot 0 45 19
coin_collected 46 18 0
bot_coins 0 2
round 143
bot 0 45 18
round 144
bot 0 45 17
round 145
bot 0 45 16
coin 41 5
coin 31 23
round 146
bot 0 45 15
round 147
bot 0 45 14
round 148
bot 0 45 13
round 149
bot 0 45 12
round 150
bot 0 45 11
coin 2 6
coin 70 22
round 151
bot 0 45 10
coin_collected 46 9 0
bot_coins 0 3
round 152
bot 0 45 9
round 153
bot 0 45 8
round 154
bot 0 45 7
round 155
bot 0 45 6
coin 35 21
coin 36 9
round 156
bot 0 45 5
round 157
bot 0 45 4
round 158
bot 0 45 3
round 159
bot 0 45 2
round 160
bot 0 45 1
coin 24 13
coin 48 15
round 161
bot 0 45 0
round 162
bot 0 45 28
round 163
bot 0 45 27
round 164
bot 0 45 26
round 165
bot 0 45 25
coin 47 25
coin 25 3
round 166
bot 0 45 24
round 167
bot 0 45 23
round 168
bot 0 45 22
round 169
bot 0 45 21
round 170
bot 0 45 20
coin 63 5
coin 9 23
round 171
bot 0 45 19
round 172
bot 0 45 18
round 173
bot 0 45 17
round 174
bot 0 45 16
round 175
bot 0 45 15
coin 64 18
coin 8 10
round 176
bot 0 45 14
round 177
bot 0 45 13
round 178
bot 0 45 12
round 179
bot 0 45 11
round 180
bot 0 45 10
coin 10 5
coin 62 23
round 181
bot 0 45 9
round 182
bot 0 45 8
round 183
bot 0 45 7
round 184
bot 0 45 6
round 185
bot 0 45 5
coin 6 24
coin 66 4
round 186
bot 0 45 4
round 187
bot 0 45 3
round 188
bot 0 45 2
round 189
bot 0 45 1
round 190
bot 0 45 0
coin 14 6
coin 58 22
round 191
bot 0 45 28
round 192
bot 0 45 27
round 193
bot 0 45 26
round 194
bot 0 45 25
coin_collected 47 25 0
bot_coins 0 4
round 195
bot 0 45 24
coin 3 11
coin 69 17
round 196
bot 0 45 23
round 197
bot 0 45 22
round 198
bot 0 45 21
round 199
bot 0 45 20
round 200
bot 0 45 19
coin 43 4
coin 30 24
match_over 0
