match
match_id 1639167474555_ar
match_time 1639167474570
num_bots 1
##MatchConfig
mode FRIENDLY
num_rounds 200
random_seed 42
move_time_limit 1000
coin_spawn_period 5
coin_spawn_volume 2
##MapConfig
map_size 73 29
view_radius 6
mining_radius 2
attack_radius 3
block 62 1
block 63 1
block 64 1
block 65 1
block 66 1
block 67 1
block 62 2
block 63 2
block 64 2
block 65 2
block 66 2
block 67 2
block 2 5
block 3 5
block 4 5
block 5 5
block 6 5
block 7 5
block 44 5
block 45 5
block 46 5
block 67 5
block 68 5
block 69 5
block 70 5
block 71 5
block 2 6
block 3 6
block 4 6
block 5 6
block 6 6
block 7 6
block 44 6
block 45 6
block 46 6
block 67 6
block 68 6
block 69 6
block 70 6
block 71 6
block 2 7
block 3 7
block 4 7
block 5 7
block 6 7
block 7 7
block 44 7
block 45 7
block 46 7
block 59 7
block 60 7
block 61 7
block 62 7
block 63 7
block 64 7
block 65 7
block 67 7
block 68 7
block 69 7
block 70 7
block 71 7
block 2 8
block 3 8
block 4 8
block 5 8
block 6 8
block 7 8
block 44 8
block 45 8
block 46 8
block 59 8
block 60 8
block 61 8
block 62 8
block 63 8
block 64 8
block 65 8
block 67 8
block 68 8
block 69 8
block 70 8
block 71 8
block 61 9
block 62 9
block 63 9
block 64 9
block 65 9
block 66 9
block 67 9
block 68 9
block 69 9
block 70 9
block 71 9
block 61 10
block 62 10
block 63 10
block 64 10
block 65 10
block 66 10
block 3 11
block 4 11
block 5 11
block 6 11
block 69 11
block 70 11
block 71 11
block 72 11
block 3 12
block 4 12
block 5 12
block 6 12
block 69 12
block 70 12
block 71 12
block 72 12
block 3 13
block 4 13
block 5 13
block 6 13
block 18 13
block 19 13
block 22 13
block 23 13
block 24 13
block 25 13
block 34 13
block 35 13
block 45 13
block 46 13
block 69 13
block 70 13
block 71 13
block 72 13
block 3 14
block 4 14
block 5 14
block 6 14
block 18 14
block 19 14
block 22 14
block 23 14
block 24 14
block 25 14
block 34 14
block 35 14
block 45 14
block 46 14
block 69 14
block 70 14
block 71 14
block 72 14
block 3 15
block 4 15
block 5 15
block 6 15
block 18 15
block 19 15
block 22 15
block 23 15
block 24 15
block 25 15
block 34 15
block 35 15
block 69 15
block 70 15
block 71 15
block 72 15
block 3 16
block 4 16
block 5 16
block 6 16
block 18 16
block 19 16
block 20 16
block 34 16
block 35 16
block 37 16
block 38 16
block 39 16
block 40 16
block 41 16
block 42 16
block 3 17
block 4 17
block 5 17
block 6 17
block 18 17
block 19 17
block 20 17
block 34 17
block 35 17
block 37 17
block 38 17
block 39 17
block 40 17
block 41 17
block 42 17
block 46 17
block 47 17
block 48 17
block 49 17
block 50 17
block 51 17
block 18 18
block 19 18
block 23 18
block 24 18
block 25 18
block 26 18
block 27 18
block 34 18
block 35 18
block 37 18
block 38 18
block 39 18
block 40 18
block 41 18
block 42 18
block 46 18
block 47 18
block 48 18
block 49 18
block 50 18
block 51 18
block 23 19
block 24 19
block 25 19
block 26 19
block 27 19
block 37 19
block 38 19
block 39 19
block 40 19
block 41 19
block 42 19
block 46 19
block 47 19
block 48 19
block 49 19
block 50 19
block 51 19
block 20 20
block 21 20
block 22 20
block 23 20
block 24 20
block 25 20
block 26 20
block 27 20
block 32 20
block 33 20
block 34 20
block 35 20
block 36 20
block 37 20
block 38 20
block 39 20
block 40 20
block 41 20
block 42 20
block 46 20
block 47 20
block 48 20
block 49 20
block 50 20
block 51 20
block 20 21
block 21 21
block 22 21
block 23 21
block 24 21
block 25 21
block 26 21
block 27 21
block 32 21
block 33 21
block 34 21
block 35 21
block 36 21
block 37 21
block 38 21
block 39 21
block 40 21
block 41 21
block 42 21
block 46 21
block 47 21
block 48 21
block 49 21
block 50 21
block 51 21
block 23 22
block 24 22
block 25 22
block 26 22
block 27 22
block 32 22
block 33 22
block 34 22
block 35 22
block 36 22
block 37 22
block 38 22
block 39 22
block 46 22
block 47 22
block 48 22
block 49 22
block 50 22
block 51 22
block 16 23
block 17 23
block 18 23
block 19 23
block 20 23
block 36 23
block 37 23
block 38 23
block 39 23
block 52 23
block 53 23
block 54 23
block 55 23
block 56 23
block 0 24
block 1 24
block 16 24
block 17 24
block 18 24
block 19 24
block 20 24
block 24 24
block 25 24
block 36 24
block 37 24
block 38 24
block 39 24
block 52 24
block 53 24
block 54 24
block 55 24
block 56 24
block 71 24
block 72 24
block 0 25
block 1 25
block 16 25
block 17 25
block 18 25
block 19 25
block 20 25
block 24 25
block 25 25
block 36 25
block 37 25
block 38 25
block 39 25
block 52 25
block 53 25
block 54 25
block 55 25
block 56 25
block 71 25
block 72 25
block 0 26
block 1 26
block 16 26
block 17 26
block 18 26
block 19 26
block 20 26
block 36 26
block 37 26
block 38 26
block 39 26
block 52 26
block 53 26
block 54 26
block 55 26
block 56 26
block 71 26
block 72 26
block 0 27
block 1 27
block 16 27
block 17 27
block 18 27
block 19 27
block 20 27
block 71 27
block 72 27
block 16 28
block 17 28
block 18 28
block 19 28
block 20 28
##BotsAndCoinsInfo
bot_name 0 starter-bot
bot 0 52 9
bot_coins 0 0
coin 12 9
coin 60 19
round 1
round 2
match_over 0
round 3
