match
match_id 1639397923747_bh
match_time 1639397923761
num_bots 1
##MatchConfig
mode FRIENDLY
num_rounds 200
random_seed 42
move_time_limit 1000
coin_spawn_period 5
coin_spawn_volume 2
##MapConfig
map_size 50 29
view_radius 5
mining_radius 2
attack_radius 4
block 33 0
block 34 0
block 35 0
block 36 0
block 33 1
block 34 1
block 35 1
block 36 1
block 3 2
block 4 2
block 5 2
block 6 2
block 7 2
block 33 2
block 34 2
block 35 2
block 36 2
block 0 3
block 1 3
block 2 3
block 3 3
block 4 3
block 5 3
block 6 3
block 7 3
block 33 3
block 34 3
block 35 3
block 36 3
block 46 3
block 47 3
block 48 3
block 49 3
block 0 4
block 1 4
block 2 4
block 3 4
block 4 4
block 5 4
block 6 4
block 7 4
block 46 4
block 47 4
block 48 4
block 49 4
block 0 5
block 1 5
block 2 5
block 46 5
block 47 5
block 48 5
block 49 5
block 39 8
block 40 8
block 39 9
block 40 9
block 39 10
block 40 10
block 39 11
block 40 11
block 39 12
block 40 12
block 39 13
block 40 13
block 10 20
block 11 20
block 10 21
block 11 21
block 10 22
block 11 22
block 10 23
block 11 23
block 10 24
block 11 24
block 43 24
block 44 24
block 45 24
block 46 24
block 47 24
block 48 24
block 10 25
block 11 25
block 43 25
block 44 25
block 45 25
block 46 25
block 47 25
block 48 25
block 10 26
block 11 26
block 33 26
block 34 26
block 35 26
block 36 26
block 43 26
block 44 26
block 45 26
block 46 26
block 47 26
block 48 26
block 33 27
block 34 27
block 35 27
block 36 27
block 33 28
block 34 28
block 35 28
block 36 28
##BotsAndCoinsInfo
bot_name 0 starter-bot
bot 0 9 7
bot_coins 0 0
coin 30 9
coin 19 19
round 1
round 2
round 3
match_over 0
round 4
