match
match_id 1639337905715_aj
match_time 1639337905718
num_bots 1
##MatchConfig
mode FRIENDLY
num_rounds 200
random_seed 42
move_time_limit 1000
coin_spawn_period 5
coin_spawn_volume 2
##MapConfig
map_size 57 25
view_radius 6
mining_radius 1
attack_radius 4
block 8 0
block 9 0
block 10 0
block 11 0
block 12 0
block 13 0
block 14 0
block 8 1
block 9 1
block 10 1
block 11 1
block 12 1
block 13 1
block 14 1
block 25 1
block 26 1
block 27 1
block 28 1
block 29 1
block 45 1
block 46 1
block 47 1
block 48 1
block 49 1
block 13 2
block 14 2
block 15 2
block 16 2
block 25 2
block 26 2
block 27 2
block 28 2
block 29 2
block 35 2
block 36 2
block 37 2
block 38 2
block 39 2
block 45 2
block 46 2
block 47 2
block 48 2
block 49 2
block 13 3
block 14 3
block 15 3
block 16 3
block 25 3
block 26 3
block 27 3
block 28 3
block 29 3
block 35 3
block 36 3
block 37 3
block 38 3
block 39 3
block 45 3
block 46 3
block 47 3
block 48 3
block 49 3
block 13 4
block 14 4
block 15 4
block 16 4
block 25 4
block 26 4
block 27 4
block 28 4
block 29 4
block 45 4
block 46 4
block 47 4
block 48 4
block 49 4
block 5 5
block 6 5
block 7 5
block 8 5
block 13 5
block 14 5
block 15 5
block 16 5
block 20 5
block 21 5
block 22 5
block 23 5
block 24 5
block 25 5
block 26 5
block 27 5
block 28 5
block 29 5
block 32 5
block 33 5
block 34 5
block 35 5
block 36 5
block 37 5
block 38 5
block 39 5
block 40 5
block 41 5
block 42 5
block 43 5
block 45 5
block 46 5
block 47 5
block 48 5
block 49 5
block 5 6
block 6 6
block 7 6
block 8 6
block 20 6
block 21 6
block 22 6
block 23 6
block 24 6
block 25 6
block 26 6
block 27 6
block 28 6
block 29 6
block 32 6
block 33 6
block 34 6
block 35 6
block 36 6
block 37 6
block 38 6
block 39 6
block 40 6
block 41 6
block 42 6
block 43 6
block 45 6
block 46 6
block 47 6
block 48 6
block 49 6
block 5 7
block 6 7
block 7 7
block 8 7
block 20 7
block 21 7
block 22 7
block 23 7
block 24 7
block 25 7
block 26 7
block 27 7
block 28 7
block 29 7
block 37 7
block 38 7
block 39 7
block 40 7
block 41 7
block 42 7
block 43 7
block 20 8
block 21 8
block 22 8
block 23 8
block 24 8
block 25 8
block 37 8
block 38 8
block 39 8
block 40 8
block 41 8
block 42 8
block 43 8
block 24 9
block 25 9
block 26 9
block 27 9
block 28 9
block 29 9
block 37 9
block 38 9
block 39 9
block 40 9
block 41 9
block 42 9
block 43 9
block 24 10
block 25 10
block 26 10
block 27 10
block 28 10
block 29 10
block 37 10
block 38 10
block 39 10
block 40 10
block 41 10
block 42 10
block 43 10
block 11 11
block 12 11
block 26 11
block 27 11
block 28 11
block 29 11
block 37 11
block 38 11
block 39 11
block 40 11
block 41 11
block 42 11
block 43 11
block 11 12
block 12 12
block 26 12
block 27 12
block 28 12
block 29 12
block 11 13
block 12 13
block 26 13
block 27 13
block 28 13
block 29 13
block 37 13
block 38 13
block 39 13
block 40 13
block 47 13
block 48 13
block 11 14
block 12 14
block 26 14
block 27 14
block 28 14
block 29 14
block 37 14
block 38 14
block 39 14
block 40 14
block 47 14
block 48 14
block 26 15
block 27 15
block 28 15
block 29 15
block 37 15
block 38 15
block 39 15
block 40 15
block 47 15
block 48 15
block 27 16
block 28 16
block 37 16
block 38 16
block 39 16
block 40 16
block 41 16
block 42 16
block 47 16
block 48 16
block 27 17
block 28 17
block 32 17
block 33 17
block 34 17
block 35 17
block 36 17
block 37 17
block 38 17
block 40 17
block 41 17
block 42 17
block 47 17
block 48 17
block 27 18
block 28 18
block 32 18
block 33 18
block 34 18
block 35 18
block 36 18
block 37 18
block 38 18
block 41 18
block 42 18
block 27 19
block 28 19
block 32 19
block 33 19
block 34 19
block 35 19
block 36 19
block 37 19
block 38 19
block 39 19
block 40 19
block 41 19
block 42 19
block 32 20
block 33 20
block 34 20
block 35 20
block 36 20
block 37 20
block 38 20
block 39 20
block 40 20
block 41 20
block 42 20
block 0 21
block 32 21
block 33 21
block 34 21
block 35 21
block 36 21
block 37 21
block 38 21
block 39 21
block 40 21
block 55 21
block 56 21
block 0 22
block 35 22
block 36 22
block 37 22
block 38 22
block 39 22
block 40 22
block 55 22
block 56 22
block 8 23
block 9 23
block 10 23
block 11 23
block 12 23
block 13 23
block 14 23
block 35 23
block 36 23
block 37 23
block 38 23
block 39 23
block 40 23
block 8 24
block 9 24
block 10 24
block 11 24
block 12 24
block 13 24
block 14 24
##BotsAndCoinsInfo
bot_name 0 starter-bot
bot 0 7 22
bot_coins 0 0
coin 25 13
coin 31 11
round 1
bot 0 7 23
round 2
bot 0 7 24
round 3
bot 0 6 23
round 4
bot 0 6 22
round 5
bot 0 6 21
coin 12 9
coin 44 15
round 6
bot 0 6 20
round 7
bot 0 6 19
round 8
bot 0 6 18
round 9
bot 0 6 17
round 10
bot 0 6 16
coin 6 0
coin 50 24
round 11
bot 0 6 15
round 12
bot 0 6 14
round 13
bot 0 6 13
round 14
bot 0 6 12
round 15
bot 0 6 11
coin 44 18
coin 12 6
round 16
bot 0 6 10
round 17
bot 0 6 9
round 18
bot 0 6 8
round 19
bot 0 5 8
round 20
bot 0 4 8
coin 13 18
coin 44 6
round 21
bot 0 4 7
round 22
bot 0 4 6
round 23
bot 0 4 5
round 24
bot 0 4 4
round 25
bot 0 4 3
coin 23 2
coin 33 22
round 26
bot 0 4 2
round 27
bot 0 4 1
round 28
bot 0 4 0
round 29
bot 0 3 1
round 30
bot 0 3 2
coin 12 17
coin 44 7
round 31
bot 0 3 3
round 32
bot 0 3 4
round 33
bot 0 3 5
round 34
bot 0 3 6
round 35
bot 0 3 7
coin 26 8
coin 30 16
round 36
bot 0 3 8
round 37
bot 0 3 9
round 38
bot 0 3 10
round 39
bot 0 3 11
round 40
bot 0 3 12
coin 30 20
coin 24 4
round 41
bot 0 3 13
round 42
bot 0 3 14
round 43
bot 0 3 15
round 44
bot 0 3 16
round 45
bot 0 3 17
coin 49 9
coin 7 15
round 46
bot 0 3 18
round 47
bot 0 3 19
round 48
bot 0 3 20
round 49
bot 0 3 21
round 50
bot 0 3 22
coin 2 13
coin 54 11
round 51
bot 0 3 23
round 52
bot 0 3 24
round 53
bot 0 2 23
round 54
bot 0 2 22
round 55
bot 0 2 21
coin 35 13
coin 21 11
round 56
bot 0 2 20
round 57
bot 0 2 19
round 58
bot 0 2 18
round 59
bot 0 2 17
round 60
bot 0 2 16
coin 46 16
coin 10 8
round 61
bot 0 2 15
round 62
bot 0 2 14
coin_collected 2 13 0
bot_coins 0 1
round 63
bot 0 2 13
round 64
bot 0 2 12
round 65
bot 0 2 11
coin 27 8
coin 29 16
round 66
bot 0 2 10
round 67
bot 0 2 9
round 68
bot 0 2 8
round 69
bot 0 2 7
round 70
bot 0 2 6
coin 10 21
coin 44 3
round 71
bot 0 2 5
round 72
bot 0 2 4
round 73
bot 0 2 3
round 74
bot 0 2 2
round 75
bot 0 2 1
coin 19 6
coin 39 18
round 76
bot 0 2 0
round 77
bot 0 1 1
round 78
bot 0 1 2
round 79
bot 0 1 3
round 80
bot 0 1 4
coin 5 10
coin 51 14
round 81
bot 0 1 5
round 82
bot 0 1 6
round 83
bot 0 1 7
round 84
bot 0 1 8
round 85
bot 0 1 9
coin 44 2
coin 12 22
round 86
bot 0 1 10
round 87
bot 0 1 11
round 88
bot 0 1 12
round 89
bot 0 1 13
round 90
bot 0 1 14
coin 3 18
coin 53 6
round 91
bot 0 1 15
round 92
bot 0 1 16
round 93
bot 0 1 17
round 94
bot 0 1 18
round 95
bot 0 1 19
coin 1 14
coin 55 10
round 96
bot 0 1 20
round 97
bot 0 1 21
round 98
bot 0 1 22
round 99
bot 0 1 23
round 100
bot 0 1 24
coin 8 15
coin 48 9
round 101
bot 0 0 23
round 102
bot 0 56 23
round 103
bot 0 55 23
round 104
bot 0 54 23
round 105
bot 0 54 22
coin 56 12
coin 0 12
round 106
bot 0 54 21
round 107
bot 0 54 20
round 108
bot 0 54 19
round 109
bot 0 54 18
round 110
bot 0 54 17
coin 50 9
coin 6 15
round 111
bot 0 54 16
round 112
bot 0 54 15
round 113
bot 0 54 14
round 114
bot 0 54 13
round 115
bot 0 54 12
coin_collected 54 11 0
bot_coins 0 2
coin 25 11
coin 31 13
round 116
bot 0 54 11
round 117
bot 0 54 10
coin_collected 55 10 0
bot_coins 0 3
round 118
bot 0 54 9
round 119
bot 0 54 8
round 120
bot 0 54 7
coin 55 18
coin 1 6
round 121
bot 0 54 6
coin_collected 53 6 0
bot_coins 0 4
round 122
bot 0 54 5
round 123
bot 0 54 4
round 124
bot 0 54 3
round 125
bot 0 54 2
coin 34 15
coin 22 9
round 126
bot 0 54 1
round 127
bot 0 54 0
round 128
bot 0 53 1
round 129
bot 0 53 2
round 130
bot 0 53 3
coin 47 7
coin 9 17
round 131
bot 0 53 4
round 132
bot 0 53 5
round 133
bot 0 53 6
round 134
bot 0 53 7
round 135
bot 0 53 8
coin 23 10
coin 33 14
round 136
bot 0 53 9
round 137
bot 0 53 10
round 138
bot 0 53 11
round 139
bot 0 53 12
round 140
bot 0 53 13
coin 19 9
coin 36 15
round 141
bot 0 53 14
round 142
bot 0 53 15
round 143
bot 0 53 16
round 144
bot 0 53 17
round 145
bot 0 53 18
coin 44 4
coin 12 20
round 146
bot 0 53 19
round 147
bot 0 53 20
round 148
bot 0 53 21
round 149
bot 0 53 22
round 150
bot 0 53 23
coin 28 20
coin 30 4
round 151
bot 0 53 24
round 152
bot 0 52 23
round 153
bot 0 52 22
round 154
bot 0 52 21
round 155
bot 0 52 20
coin 38 1
coin 18 23
round 156
bot 0 52 19
round 157
bot 0 52 18
round 158
bot 0 52 17
round 159
bot 0 52 16
round 160
bot 0 52 15
coin 26 19
coin 30 5
round 161
bot 0 52 14
coin_collected 51 14 0
bot_coins 0 5
round 162
bot 0 52 13
round 163
bot 0 52 12
round 164
bot 0 52 11
round 165
bot 0 52 10
coin 20 19
coin 36 4
round 166
bot 0 52 9
round 167
bot 0 52 8
round 168
bot 0 52 7
round 169
bot 0 52 6
round 170
bot 0 52 5
coin 15 24
coin 41 0
round 171
bot 0 52 4
round 172
bot 0 52 3
round 173
bot 0 52 2
round 174
bot 0 52 1
round 175
bot 0 52 0
coin 34 1
coin 22 23
round 176
bot 0 51 1
round 177
bot 0 51 2
round 178
bot 0 51 3
round 179
bot 0 51 4
round 180
bot 0 51 5
coin 4 4
coin 52 20
round 181
bot 0 51 6
round 182
bot 0 51 7
round 183
bot 0 51 8
round 184
bot 0 51 9
coin_collected 50 9 0
bot_coins 0 6
round 185
bot 0 51 10
coin 19 8
coin 36 16
round 186
bot 0 51 11
round 187
bot 0 51 12
round 188
bot 0 51 13
round 189
bot 0 51 14
round 190
bot 0 51 15
coin 56 10
coin 0 14
round 191
bot 0 51 16
round 192
bot 0 51 17
round 193
bot 0 51 18
round 194
bot 0 51 19
round 195
bot 0 51 20
coin_collected 52 20 0
bot_coins 0 7
coin 26 18
coin 30 6
round 196
bot 0 51 21
round 197
bot 0 51 22
round 198
bot 0 51 23
round 199
bot 0 51 24
coin_collected 50 24 0
bot_coins 0 8
round 200
bot 0 50 23
coin 43 19
coin 12 5
match_over 0
