match
match_id 1639405679803_cb
match_time 1639405679806
num_bots 1
##MatchConfig
mode FRIENDLY
num_rounds 200
random_seed 42
move_time_limit 1000
coin_spawn_period 5
coin_spawn_volume 2
##MapConfig
map_size 75 23
view_radius 6
mining_radius 1
attack_radius 3
block 7 0
block 8 0
block 9 0
block 25 0
block 26 0
block 37 0
block 38 0
block 39 0
block 7 1
block 8 1
block 9 1
block 25 1
block 26 1
block 46 1
block 47 1
block 48 1
block 49 1
block 50 1
block 51 1
block 52 1
block 7 2
block 8 2
block 9 2
block 25 2
block 26 2
block 46 2
block 47 2
block 48 2
block 49 2
block 50 2
block 51 2
block 52 2
block 23 3
block 24 3
block 25 3
block 31 3
block 32 3
block 33 3
block 34 3
block 35 3
block 36 3
block 37 3
block 46 3
block 47 3
block 48 3
block 49 3
block 50 3
block 51 3
block 52 3
block 23 4
block 24 4
block 25 4
block 31 4
block 32 4
block 33 4
block 34 4
block 35 4
block 36 4
block 37 4
block 46 4
block 47 4
block 48 4
block 49 4
block 50 4
block 51 4
block 52 4
block 8 5
block 9 5
block 10 5
block 11 5
block 12 5
block 13 5
block 14 5
block 23 5
block 24 5
block 25 5
block 31 5
block 32 5
block 33 5
block 34 5
block 35 5
block 36 5
block 37 5
block 46 5
block 47 5
block 48 5
block 49 5
block 50 5
block 51 5
block 52 5
block 8 6
block 9 6
block 10 6
block 11 6
block 12 6
block 13 6
block 14 6
block 31 6
block 32 6
block 33 6
block 34 6
block 35 6
block 36 6
block 37 6
block 48 6
block 49 6
block 50 6
block 51 6
block 52 6
block 3 7
block 4 7
block 5 7
block 6 7
block 7 7
block 8 7
block 9 7
block 10 7
block 11 7
block 12 7
block 13 7
block 14 7
block 31 7
block 32 7
block 33 7
block 34 7
block 35 7
block 36 7
block 37 7
block 3 8
block 4 8
block 5 8
block 6 8
block 7 8
block 8 8
block 9 8
block 10 8
block 11 8
block 12 8
block 13 8
block 14 8
block 32 8
block 33 8
block 3 9
block 4 9
block 5 9
block 6 9
block 7 9
block 8 9
block 9 9
block 10 9
block 11 9
block 12 9
block 13 9
block 14 9
block 32 9
block 33 9
block 3 10
block 4 10
block 5 10
block 6 10
block 7 10
block 8 10
block 9 10
block 10 10
block 11 10
block 12 10
block 13 10
block 14 10
block 32 10
block 33 10
block 3 11
block 4 11
block 5 11
block 6 11
block 7 11
block 8 11
block 9 11
block 10 11
block 11 11
block 12 11
block 13 11
block 14 11
block 32 11
block 33 11
block 61 11
block 62 11
block 63 11
block 64 11
block 65 11
block 66 11
block 50 12
block 51 12
block 52 12
block 61 12
block 62 12
block 63 12
block 64 12
block 65 12
block 66 12
block 50 13
block 51 13
block 52 13
block 50 14
block 51 14
block 52 14
block 50 15
block 51 15
block 52 15
block 9 16
block 10 16
block 11 16
block 12 16
block 13 16
block 14 16
block 50 16
block 51 16
block 52 16
block 9 17
block 10 17
block 11 17
block 12 17
block 13 17
block 14 17
block 15 17
block 50 17
block 51 17
block 52 17
block 9 18
block 10 18
block 11 18
block 12 18
block 13 18
block 14 18
block 15 18
block 50 18
block 51 18
block 52 18
block 12 19
block 13 19
block 14 19
block 15 19
block 12 20
block 13 20
block 14 20
block 15 20
block 26 20
block 27 20
block 28 20
block 29 20
block 30 20
block 48 20
block 49 20
block 50 20
block 51 20
block 52 20
block 7 21
block 8 21
block 9 21
block 12 21
block 13 21
block 14 21
block 15 21
block 25 21
block 26 21
block 27 21
block 28 21
block 29 21
block 30 21
block 37 21
block 38 21
block 39 21
block 48 21
block 49 21
block 50 21
block 51 21
block 52 21
block 7 22
block 8 22
block 9 22
block 12 22
block 13 22
block 14 22
block 15 22
block 25 22
block 26 22
block 27 22
block 28 22
block 29 22
block 30 22
block 37 22
block 38 22
block 39 22
block 48 22
block 49 22
block 50 22
block 51 22
block 52 22
##BotsAndCoinsInfo
bot_name 0 starter-bot
bot 0 45 12
bot_coins 0 0
coin 5 4
coin 69 18
round 1
bot 0 45 13
round 2
bot 0 45 14
round 3
bot 0 45 15
round 4
bot 0 45 16
round 5
bot 0 45 17
coin 48 10
coin 26 12
round 6
bot 0 45 18
round 7
bot 0 45 19
round 8
bot 0 45 20
round 9
bot 0 45 21
round 10
bot 0 45 22
coin 45 4
coin 29 18
round 11
round 12
round 13
round 14
round 15
coin 5 20
coin 69 2
round 16
round 17
round 18
bot 0 44 21
round 19
bot 0 43 20
round 20
bot 0 43 19
coin 19 14
coin 55 8
round 21
bot 0 43 18
round 22
bot 0 43 17
round 23
bot 0 43 16
round 24
bot 0 43 15
round 25
bot 0 43 14
coin 32 15
coin 42 7
round 26
bot 0 43 13
round 27
bot 0 43 12
round 28
bot 0 42 11
round 29
bot 0 41 10
round 30
bot 0 42 9
coin 53 21
coin 21 1
round 31
bot 0 41 8
round 32
bot 0 42 7
coin_collected 42 7 0
bot_coins 0 1
round 33
bot 0 42 6
round 34
bot 0 43 5
round 35
coin 26 6
coin 48 16
round 36
round 37
match_over 0
round 38
