match
match_id 1639175921618_gg
match_time 1639175921630
num_bots 1
##MatchConfig
mode FRIENDLY
num_rounds 200
random_seed 42
move_time_limit 1000
coin_spawn_period 5
coin_spawn_volume 2
##MapConfig
map_size 65 30
view_radius 6
mining_radius 1
attack_radius 4
block 0 0
block 1 0
block 15 0
block 16 0
block 17 0
block 18 0
block 19 0
block 20 0
block 35 0
block 36 0
block 60 0
block 61 0
block 62 0
block 63 0
block 64 0
block 0 1
block 15 1
block 16 1
block 17 1
block 18 1
block 19 1
block 20 1
block 61 1
block 62 1
block 63 1
block 64 1
block 0 2
block 15 2
block 16 2
block 17 2
block 18 2
block 19 2
block 20 2
block 61 2
block 62 2
block 63 2
block 64 2
block 0 3
block 15 3
block 16 3
block 17 3
block 18 3
block 19 3
block 20 3
block 23 3
block 24 3
block 25 3
block 26 3
block 27 3
block 61 3
block 62 3
block 63 3
block 64 3
block 0 4
block 15 4
block 16 4
block 17 4
block 18 4
block 19 4
block 20 4
block 23 4
block 24 4
block 25 4
block 26 4
block 27 4
block 61 4
block 62 4
block 63 4
block 64 4
block 0 5
block 23 5
block 24 5
block 25 5
block 26 5
block 27 5
block 61 5
block 62 5
block 63 5
block 64 5
block 54 6
block 55 6
block 56 6
block 57 6
block 58 6
block 59 6
block 60 6
block 54 7
block 55 7
block 56 7
block 57 7
block 58 7
block 59 7
block 60 7
block 54 8
block 55 8
block 56 8
block 57 8
block 58 8
block 59 8
block 60 8
block 54 9
block 55 9
block 56 9
block 57 9
block 58 9
block 59 9
block 60 9
block 54 10
block 55 10
block 56 10
block 19 12
block 20 12
block 19 13
block 20 13
block 19 14
block 20 14
block 19 15
block 20 15
block 0 16
block 19 16
block 20 16
block 59 16
block 60 16
block 61 16
block 62 16
block 63 16
block 64 16
block 0 17
block 19 17
block 20 17
block 45 17
block 46 17
block 47 17
block 48 17
block 49 17
block 50 17
block 51 17
block 59 17
block 60 17
block 61 17
block 62 17
block 63 17
block 64 17
block 0 18
block 19 18
block 20 18
block 45 18
block 46 18
block 47 18
block 48 18
block 49 18
block 50 18
block 51 18
block 59 18
block 60 18
block 61 18
block 62 18
block 63 18
block 64 18
block 0 19
block 5 19
block 6 19
block 45 19
block 46 19
block 47 19
block 48 19
block 49 19
block 50 19
block 51 19
block 59 19
block 60 19
block 61 19
block 62 19
block 63 19
block 64 19
block 0 20
block 5 20
block 6 20
block 32 20
block 33 20
block 34 20
block 35 20
block 36 20
block 37 20
block 38 20
block 45 20
block 46 20
block 47 20
block 48 20
block 49 20
block 50 20
block 51 20
block 59 20
block 60 20
block 61 20
block 62 20
block 63 20
block 64 20
block 0 21
block 5 21
block 6 21
block 32 21
block 33 21
block 34 21
block 35 21
block 36 21
block 37 21
block 38 21
block 45 21
block 46 21
block 47 21
block 48 21
block 49 21
block 50 21
block 51 21
block 59 21
block 60 21
block 61 21
block 62 21
block 63 21
block 64 21
block 5 22
block 6 22
block 30 22
block 31 22
block 32 22
block 33 22
block 34 22
block 35 22
block 36 22
block 37 22
block 38 22
block 5 23
block 6 23
block 30 23
block 31 23
block 32 23
block 33 23
block 34 23
block 35 23
block 36 23
block 37 23
block 38 23
block 57 23
block 58 23
block 5 24
block 6 24
block 30 24
block 31 24
block 32 24
block 33 24
block 34 24
block 35 24
block 36 24
block 37 24
block 38 24
block 57 24
block 58 24
block 32 25
block 33 25
block 34 25
block 35 25
block 36 25
block 37 25
block 38 25
block 43 25
block 44 25
block 45 25
block 46 25
block 47 25
block 48 25
block 49 25
block 57 25
block 58 25
block 59 25
block 60 25
block 61 25
block 62 25
block 63 25
block 35 26
block 36 26
block 43 26
block 44 26
block 45 26
block 46 26
block 47 26
block 48 26
block 49 26
block 57 26
block 58 26
block 59 26
block 60 26
block 61 26
block 62 26
block 63 26
block 4 27
block 5 27
block 6 27
block 13 27
block 14 27
block 15 27
block 16 27
block 17 27
block 18 27
block 19 27
block 35 27
block 36 27
block 48 27
block 49 27
block 50 27
block 57 27
block 58 27
block 59 27
block 60 27
block 61 27
block 62 27
block 63 27
block 4 28
block 5 28
block 6 28
block 13 28
block 14 28
block 15 28
block 16 28
block 17 28
block 18 28
block 19 28
block 35 28
block 36 28
block 48 28
block 49 28
block 50 28
block 59 28
block 60 28
block 61 28
block 62 28
block 63 28
block 0 29
block 1 29
block 15 29
block 16 29
block 17 29
block 18 29
block 19 29
block 20 29
block 35 29
block 36 29
block 60 29
block 61 29
block 62 29
block 63 29
block 64 29
##BotsAndCoinsInfo
bot_name 0 starter-bot
bot 0 27 2
bot_coins 0 0
coin 1 3
coin 64 26
round 1
round 2
round 3
round 4
round 5
coin 48 14
coin 16 15
round 6
round 7
round 8
round 9
round 10
coin 0 25
coin 64 6
round 11
round 12
round 13
round 14
round 15
coin 0 8
coin 64 22
round 16
round 17
round 18
round 19
round 20
coin 29 23
coin 35 6
round 21
round 22
round 23
round 24
round 25
coin 52 2
coin 12 27
round 26
round 27
round 28
round 29
round 30
coin 21 12
coin 43 17
round 31
round 32
round 33
round 34
round 35
coin 46 2
coin 18 26
round 36
round 37
round 38
round 39
round 40
coin 60 1
coin 4 29
round 41
round 42
round 43
round 44
round 45
coin 64 28
coin 1 1
round 46
round 47
round 48
round 49
round 50
coin 40 13
coin 24 16
round 51
round 52
round 53
round 54
round 55
coin 26 2
coin 38 27
round 56
coin_collected 26 2 0
bot_coins 0 1
round 57
round 58
round 59
round 60
coin 39 21
coin 25 8
round 61
round 62
round 63
round 64
round 65
coin 25 28
coin 39 1
round 66
round 67
round 68
round 69
round 70
coin 32 6
coin 31 25
round 71
round 72
round 73
round 74
round 75
coin 25 6
coin 39 23
round 76
round 77
round 78
round 79
round 80
coin 5 5
coin 59 24
round 81
round 82
round 83
round 84
round 85
coin 7 17
coin 57 12
round 86
round 87
round 88
round 89
round 90
coin 32 13
coin 32 16
round 91
round 92
round 93
round 94
round 95
coin 28 24
coin 36 5
round 96
round 97
round 98
round 99
round 100
coin 44 24
coin 20 5
round 101
round 102
round 103
round 104
round 105
coin 8 7
coin 56 22
round 106
round 107
round 108
round 109
round 110
coin 15 24
coin 49 5
round 111
round 112
round 113
round 114
round 115
coin 42 5
coin 22 24
round 116
round 117
round 118
round 119
round 120
coin 27 13
coin 37 16
round 121
round 122
round 123
round 124
round 125
coin 48 22
coin 16 7
round 126
round 127
round 128
round 129
round 130
coin 3 16
coin 61 13
round 131
round 132
round 133
round 134
round 135
coin 40 10
coin 24 19
round 136
round 137
round 138
round 139
round 140
coin 38 19
coin 26 10
round 141
round 142
round 143
round 144
round 145
coin 36 3
coin 28 26
round 146
round 147
round 148
round 149
round 150
coin 32 29
coin 32 0
round 151
round 152
round 153
round 154
round 155
coin 32 1
coin 32 28
round 156
round 157
round 158
round 159
round 160
coin 24 14
coin 40 15
round 161
round 162
round 163
round 164
round 165
coin 33 19
coin 31 10
round 166
round 167
round 168
round 169
round 170
coin 35 9
coin 29 20
round 171
round 172
round 173
round 174
round 175
coin 45 11
coin 18 18
round 176
round 177
round 178
round 179
round 180
coin 13 19
coin 51 10
round 181
round 182
round 183
round 184
round 185
coin 13 23
coin 51 6
round 186
round 187
round 188
match_over 0
round 189
