match
match_id 1639174027732_ef
match_time 1639174027735
num_bots 1
##MatchConfig
mode FRIENDLY
num_rounds 200
random_seed 42
move_time_limit 1000
coin_spawn_period 5
coin_spawn_volume 2
##MapConfig
map_size 77 22
view_radius 5
mining_radius 2
attack_radius 4
block 16 0
block 17 0
block 37 0
block 38 0
block 39 0
block 40 0
block 41 0
block 42 0
block 66 0
block 67 0
block 68 0
block 69 0
block 70 0
block 71 0
block 72 0
block 9 1
block 10 1
block 11 1
block 12 1
block 16 1
block 17 1
block 66 1
block 67 1
block 68 1
block 69 1
block 70 1
block 71 1
block 72 1
block 9 2
block 10 2
block 11 2
block 12 2
block 66 2
block 67 2
block 68 2
block 69 2
block 70 2
block 71 2
block 72 2
block 9 3
block 10 3
block 11 3
block 12 3
block 23 3
block 24 3
block 36 3
block 37 3
block 38 3
block 39 3
block 40 3
block 41 3
block 47 3
block 48 3
block 49 3
block 50 3
block 51 3
block 52 3
block 53 3
block 66 3
block 67 3
block 68 3
block 69 3
block 70 3
block 71 3
block 72 3
block 9 4
block 10 4
block 11 4
block 12 4
block 13 4
block 14 4
block 15 4
block 16 4
block 17 4
block 18 4
block 19 4
block 23 4
block 24 4
block 27 4
block 28 4
block 36 4
block 37 4
block 38 4
block 39 4
block 40 4
block 41 4
block 47 4
block 48 4
block 49 4
block 50 4
block 51 4
block 52 4
block 53 4
block 66 4
block 67 4
block 68 4
block 69 4
block 70 4
block 71 4
block 72 4
block 5 5
block 6 5
block 7 5
block 8 5
block 9 5
block 10 5
block 11 5
block 12 5
block 13 5
block 14 5
block 15 5
block 16 5
block 17 5
block 18 5
block 19 5
block 23 5
block 24 5
block 27 5
block 28 5
block 39 5
block 40 5
block 41 5
block 5 6
block 6 6
block 7 6
block 8 6
block 9 6
block 10 6
block 11 6
block 12 6
block 13 6
block 14 6
block 15 6
block 16 6
block 17 6
block 18 6
block 19 6
block 23 6
block 24 6
block 27 6
block 28 6
block 35 6
block 36 6
block 37 6
block 39 6
block 40 6
block 41 6
block 5 7
block 6 7
block 7 7
block 8 7
block 9 7
block 13 7
block 14 7
block 15 7
block 16 7
block 17 7
block 18 7
block 19 7
block 23 7
block 24 7
block 35 7
block 36 7
block 37 7
block 39 7
block 40 7
block 41 7
block 5 8
block 6 8
block 7 8
block 8 8
block 9 8
block 13 8
block 14 8
block 15 8
block 16 8
block 17 8
block 18 8
block 19 8
block 23 8
block 24 8
block 39 8
block 40 8
block 41 8
block 5 9
block 6 9
block 7 9
block 8 9
block 9 9
block 10 9
block 11 9
block 13 9
block 14 9
block 15 9
block 16 9
block 17 9
block 18 9
block 19 9
block 39 9
block 40 9
block 41 9
block 68 9
block 69 9
block 70 9
block 71 9
block 72 9
block 73 9
block 74 9
block 6 10
block 7 10
block 8 10
block 9 10
block 10 10
block 11 10
block 39 10
block 40 10
block 41 10
block 68 10
block 69 10
block 70 10
block 71 10
block 72 10
block 73 10
block 74 10
block 6 11
block 7 11
block 8 11
block 9 11
block 10 11
block 11 11
block 68 11
block 69 11
block 70 11
block 71 11
block 72 11
block 73 11
block 74 11
block 6 12
block 7 12
block 8 12
block 9 12
block 10 12
block 11 12
block 12 12
block 68 12
block 69 12
block 70 12
block 71 12
block 72 12
block 73 12
block 74 12
block 6 13
block 7 13
block 8 13
block 9 13
block 10 13
block 11 13
block 12 13
block 68 13
block 69 13
block 70 13
block 71 13
block 72 13
block 73 13
block 74 13
block 6 14
block 7 14
block 8 14
block 9 14
block 10 14
block 11 14
block 12 14
block 6 15
block 7 15
block 8 15
block 9 15
block 10 15
block 37 16
block 38 16
block 39 16
block 40 16
block 41 16
block 42 16
block 37 17
block 38 17
block 39 17
block 40 17
block 41 17
block 42 17
block 37 18
block 38 18
block 39 18
block 40 18
block 41 18
block 42 18
block 70 18
block 71 18
block 72 18
block 73 18
block 74 18
block 75 18
block 16 19
block 17 19
block 37 19
block 38 19
block 39 19
block 40 19
block 41 19
block 42 19
block 70 19
block 71 19
block 72 19
block 73 19
block 74 19
block 75 19
block 16 20
block 17 20
block 37 20
block 38 20
block 39 20
block 40 20
block 41 20
block 42 20
block 70 20
block 71 20
block 72 20
block 73 20
block 74 20
block 75 20
block 16 21
block 17 21
block 37 21
block 38 21
block 39 21
block 40 21
block 41 21
block 42 21
block 66 21
block 67 21
block 68 21
block 69 21
block 70 21
block 71 21
block 72 21
block 73 21
block 74 21
block 75 21
##BotsAndCoinsInfo
bot_name 0 starter-bot
bot 0 53 21
bot_coins 0 0
coin 29 15
coin 47 6
round 1
round 2
round 3
round 4
round 5
coin 41 15
coin 34 6
round 6
round 7
round 8
round 9
round 10
coin 47 19
coin 29 2
round 11
round 12
round 13
round 14
round 15
coin 1 2
coin 76 19
round 16
round 17
round 18
round 19
round 20
coin 76 17
coin 0 4
round 21
round 22
round 23
round 24
round 25
coin 66 18
coin 8 3
round 26
round 27
round 28
round 29
round 30
bot 0 52 20
coin 35 0
coin 43 21
round 31
bot 0 52 21
round 32
bot 0 51 20
round 33
bot 0 51 19
round 34
bot 0 51 18
round 35
bot 0 51 17
coin 57 0
coin 19 21
round 36
bot 0 51 16
round 37
bot 0 51 15
round 38
bot 0 51 14
round 39
bot 0 51 13
round 40
bot 0 51 12
coin 69 20
coin 7 1
round 41
bot 0 51 11
round 42
bot 0 51 10
round 43
bot 0 51 9
round 44
bot 0 51 8
round 45
coin 0 9
coin 76 12
round 46
round 47
match_over 0
round 48
