match
match_id 1639213700854_kp
match_time 1639213700857
num_bots 1
##MatchConfig
mode FRIENDLY
num_rounds 200
random_seed 42
move_time_limit 1000
coin_spawn_period 5
coin_spawn_volume 2
##MapConfig
map_size 52 35
view_radius 5
mining_radius 1
attack_radius 3
block 1 0
block 2 0
block 3 0
block 6 0
block 7 0
block 8 0
block 9 0
block 10 0
block 11 0
block 12 0
block 18 0
block 19 0
block 20 0
block 21 0
block 22 0
block 30 0
block 31 0
block 32 0
block 33 0
block 34 0
block 35 0
block 36 0
block 37 0
block 38 0
block 39 0
block 40 0
block 1 1
block 2 1
block 3 1
block 9 1
block 10 1
block 11 1
block 12 1
block 13 1
block 14 1
block 30 1
block 31 1
block 32 1
block 33 1
block 34 1
block 35 1
block 36 1
block 37 1
block 38 1
block 39 1
block 40 1
block 9 2
block 10 2
block 11 2
block 12 2
block 13 2
block 14 2
block 30 2
block 31 2
block 32 2
block 33 2
block 34 2
block 35 2
block 30 3
block 31 3
block 32 3
block 33 3
block 34 3
block 35 3
block 41 3
block 42 3
block 43 3
block 44 3
block 11 4
block 12 4
block 13 4
block 14 4
block 15 4
block 16 4
block 17 4
block 18 4
block 19 4
block 20 4
block 21 4
block 22 4
block 29 4
block 30 4
block 31 4
block 32 4
block 33 4
block 34 4
block 35 4
block 41 4
block 42 4
block 43 4
block 44 4
block 11 5
block 12 5
block 13 5
block 14 5
block 15 5
block 16 5
block 17 5
block 18 5
block 19 5
block 20 5
block 21 5
block 22 5
block 29 5
block 30 5
block 31 5
block 32 5
block 33 5
block 34 5
block 35 5
block 37 5
block 38 5
block 39 5
block 40 5
block 41 5
block 42 5
block 43 5
block 44 5
block 17 6
block 18 6
block 19 6
block 20 6
block 21 6
block 22 6
block 23 6
block 24 6
block 32 6
block 33 6
block 34 6
block 35 6
block 37 6
block 38 6
block 39 6
block 40 6
block 41 6
block 42 6
block 43 6
block 44 6
block 18 7
block 19 7
block 20 7
block 21 7
block 22 7
block 23 7
block 24 7
block 32 7
block 33 7
block 34 7
block 35 7
block 37 7
block 38 7
block 39 7
block 40 7
block 41 7
block 42 7
block 43 7
block 18 8
block 19 8
block 20 8
block 21 8
block 22 8
block 23 8
block 24 8
block 32 8
block 33 8
block 34 8
block 35 8
block 18 9
block 19 9
block 20 9
block 21 9
block 22 9
block 23 9
block 24 9
block 18 10
block 19 10
block 20 10
block 21 10
block 18 11
block 19 11
block 20 11
block 21 11
block 18 12
block 19 12
block 20 12
block 21 12
block 18 13
block 19 13
block 20 13
block 21 13
block 29 14
block 30 14
block 31 14
block 29 15
block 30 15
block 31 15
block 40 15
block 41 15
block 42 15
block 43 15
block 44 15
block 45 15
block 29 16
block 30 16
block 31 16
block 40 16
block 41 16
block 42 16
block 43 16
block 44 16
block 45 16
block 29 17
block 30 17
block 31 17
block 40 17
block 41 17
block 42 17
block 43 17
block 44 17
block 45 17
block 46 17
block 47 17
block 48 17
block 49 17
block 50 17
block 0 18
block 1 18
block 2 18
block 29 18
block 30 18
block 31 18
block 44 18
block 45 18
block 46 18
block 47 18
block 48 18
block 49 18
block 50 18
block 51 18
block 0 19
block 1 19
block 2 19
block 29 19
block 30 19
block 31 19
block 50 19
block 51 19
block 0 20
block 1 20
block 2 20
block 29 20
block 30 20
block 31 20
block 50 20
block 51 20
block 0 21
block 1 21
block 2 21
block 50 21
block 51 21
block 0 22
block 1 22
block 2 22
block 6 22
block 7 22
block 50 22
block 51 22
block 6 23
block 7 23
block 14 23
block 15 23
block 16 23
block 17 23
block 18 23
block 44 23
block 45 23
block 46 23
block 47 23
block 48 23
block 49 23
block 50 23
block 6 24
block 7 24
block 14 24
block 15 24
block 16 24
block 17 24
block 18 24
block 44 24
block 45 24
block 46 24
block 47 24
block 48 24
block 49 24
block 50 24
block 3 25
block 4 25
block 5 25
block 6 25
block 7 25
block 14 25
block 15 25
block 16 25
block 17 25
block 18 25
block 44 25
block 45 25
block 46 25
block 47 25
block 48 25
block 49 25
block 50 25
block 3 26
block 4 26
block 5 26
block 6 26
block 39 26
block 40 26
block 44 26
block 45 26
block 46 26
block 47 26
block 48 26
block 49 26
block 50 26
block 3 27
block 4 27
block 5 27
block 6 27
block 27 27
block 28 27
block 33 27
block 34 27
block 35 27
block 36 27
block 37 27
block 38 27
block 39 27
block 40 27
block 3 28
block 4 28
block 5 28
block 6 28
block 7 28
block 8 28
block 27 28
block 28 28
block 33 28
block 34 28
block 35 28
block 36 28
block 37 28
block 38 28
block 39 28
block 40 28
block 3 29
block 4 29
block 5 29
block 6 29
block 7 29
block 8 29
block 27 29
block 28 29
block 33 29
block 34 29
block 35 29
block 36 29
block 37 29
block 38 29
block 39 29
block 3 30
block 4 30
block 5 30
block 6 30
block 7 30
block 8 30
block 27 30
block 28 30
block 33 30
block 34 30
block 35 30
block 36 30
block 37 30
block 38 30
block 39 30
block 40 30
block 41 30
block 42 30
block 43 30
block 44 30
block 3 31
block 4 31
block 5 31
block 6 31
block 7 31
block 8 31
block 18 31
block 19 31
block 20 31
block 21 31
block 22 31
block 27 31
block 28 31
block 36 31
block 37 31
block 38 31
block 39 31
block 40 31
block 41 31
block 42 31
block 43 31
block 44 31
block 1 32
block 2 32
block 3 32
block 4 32
block 5 32
block 6 32
block 7 32
block 8 32
block 9 32
block 10 32
block 11 32
block 12 32
block 18 32
block 19 32
block 20 32
block 21 32
block 22 32
block 36 32
block 37 32
block 38 32
block 39 32
block 40 32
block 41 32
block 42 32
block 43 32
block 44 32
block 1 33
block 2 33
block 3 33
block 6 33
block 7 33
block 8 33
block 9 33
block 10 33
block 11 33
block 12 33
block 18 33
block 19 33
block 20 33
block 21 33
block 22 33
block 36 33
block 37 33
block 38 33
block 39 33
block 40 33
block 1 34
block 2 34
block 3 34
block 6 34
block 7 34
block 8 34
block 9 34
block 10 34
block 11 34
block 12 34
block 18 34
block 19 34
block 20 34
block 21 34
block 22 34
block 30 34
block 31 34
block 32 34
block 33 34
block 34 34
block 35 34
block 36 34
block 37 34
block 38 34
block 39 34
block 40 34
##BotsAndCoinsInfo
bot_name 0 starter-bot
bot 0 16 6
bot_coins 0 0
coin 26 33
coin 25 1
round 1
bot 0 16 7
round 2
bot 0 16 8
round 3
bot 0 16 9
round 4
bot 0 16 10
round 5
bot 0 16 11
coin 48 22
coin 3 12
round 6
bot 0 16 12
round 7
bot 0 16 13
round 8
bot 0 16 14
round 9
bot 0 16 15
round 10
bot 0 16 16
coin 26 25
coin 25 9
round 11
bot 0 16 17
round 12
bot 0 16 18
round 13
bot 0 16 19
round 14
bot 0 16 20
round 15
bot 0 16 21
coin 13 3
coin 40 29
round 16
bot 0 16 22
round 17
round 18
round 19
round 20
coin 3 3
coin 48 31
round 21
round 22
round 23
round 24
round 25
coin 26 32
coin 25 2
round 26
round 27
round 28
round 29
round 30
coin 8 7
coin 43 27
round 31
round 32
round 33
round 34
round 35
coin 20 17
coin 32 17
round 36
round 37
round 38
round 39
round 40
coin 48 5
coin 2 29
round 41
round 42
round 43
round 44
round 45
coin 11 9
coin 40 25
round 46
round 47
round 48
round 49
round 50
coin 40 8
coin 11 26
round 51
round 52
round 53
round 54
round 55
coin 26 23
coin 25 11
round 56
round 57
round 58
round 59
round 60
coin 51 16
coin 0 17
round 61
round 62
round 63
round 64
round 65
coin 38 3
coin 13 31
round 66
round 67
round 68
round 69
round 70
coin 19 26
coin 32 9
round 71
round 72
round 73
round 74
round 75
coin 38 4
coin 13 30
round 76
round 77
round 78
round 79
round 80
coin 17 10
coin 34 24
round 81
round 82
round 83
round 84
round 85
coin 33 32
coin 18 2
round 86
round 87
round 88
round 89
round 90
coin 32 33
coin 19 1
round 91
round 92
round 93
round 94
round 95
coin 41 34
coin 8 1
round 96
round 97
round 98
round 99
round 100
coin 31 6
coin 20 28
round 101
round 102
round 103
round 104
round 105
coin 47 7
coin 2 27
round 106
round 107
round 108
round 109
round 110
coin 15 14
coin 36 20
round 111
round 112
round 113
round 114
round 115
coin 2 30
coin 49 4
round 116
round 117
round 118
round 119
round 120
coin 1 3
coin 50 31
round 121
round 122
round 123
round 124
round 125
coin 8 2
coin 43 33
round 126
round 127
round 128
round 129
round 130
coin 42 1
coin 9 31
round 131
round 132
round 133
round 134
round 135
match_over 0
coin 41 0
coin 13 34
round 136
