match
match_id 1639414227960_dz
match_time 1639414227962
num_bots 1
##MatchConfig
mode FRIENDLY
num_rounds 200
random_seed 42
move_time_limit 1000
coin_spawn_period 5
coin_spawn_volume 2
##MapConfig
map_size 72 23
view_radius 5
mining_radius 1
attack_radius 4
block 3 0
block 4 0
block 14 0
block 15 0
block 16 0
block 17 0
block 18 0
block 19 0
block 20 0
block 65 0
block 66 0
block 67 0
block 68 0
block 69 0
block 70 0
block 3 1
block 4 1
block 14 1
block 15 1
block 16 1
block 17 1
block 18 1
block 19 1
block 20 1
block 65 1
block 66 1
block 67 1
block 68 1
block 69 1
block 70 1
block 3 2
block 4 2
block 14 2
block 15 2
block 16 2
block 17 2
block 18 2
block 19 2
block 20 2
block 65 2
block 66 2
block 67 2
block 68 2
block 69 2
block 70 2
block 65 3
block 66 3
block 67 3
block 68 3
block 69 3
block 70 3
block 49 4
block 50 4
block 51 4
block 52 4
block 53 4
block 54 4
block 49 5
block 50 5
block 51 5
block 52 5
block 53 5
block 54 5
block 5 6
block 6 6
block 7 6
block 8 6
block 9 6
block 49 6
block 50 6
block 51 6
block 52 6
block 53 6
block 54 6
block 5 7
block 6 7
block 7 7
block 8 7
block 9 7
block 19 7
block 20 7
block 21 7
block 22 7
block 49 7
block 50 7
block 51 7
block 52 7
block 53 7
block 54 7
block 5 8
block 6 8
block 7 8
block 8 8
block 9 8
block 19 8
block 20 8
block 21 8
block 22 8
block 34 8
block 35 8
block 36 8
block 37 8
block 38 8
block 39 8
block 40 8
block 49 8
block 50 8
block 51 8
block 52 8
block 53 8
block 54 8
block 5 9
block 6 9
block 7 9
block 8 9
block 9 9
block 19 9
block 20 9
block 21 9
block 22 9
block 34 9
block 35 9
block 36 9
block 37 9
block 38 9
block 39 9
block 40 9
block 49 9
block 50 9
block 51 9
block 52 9
block 53 9
block 54 9
block 5 10
block 6 10
block 7 10
block 8 10
block 9 10
block 19 10
block 20 10
block 21 10
block 22 10
block 49 10
block 50 10
block 51 10
block 52 10
block 53 10
block 54 10
block 19 11
block 20 11
block 21 11
block 22 11
block 37 11
block 38 11
block 39 11
block 40 11
block 41 11
block 42 11
block 37 12
block 38 12
block 39 12
block 40 12
block 41 12
block 42 12
block 64 12
block 65 12
block 66 12
block 67 12
block 68 12
block 69 12
block 70 12
block 2 13
block 3 13
block 4 13
block 5 13
block 6 13
block 7 13
block 37 13
block 38 13
block 39 13
block 40 13
block 41 13
block 42 13
block 64 13
block 65 13
block 66 13
block 67 13
block 68 13
block 69 13
block 70 13
block 2 14
block 3 14
block 4 14
block 5 14
block 6 14
block 7 14
block 37 14
block 38 14
block 39 14
block 40 14
block 41 14
block 42 14
block 64 14
block 65 14
block 66 14
block 67 14
block 68 14
block 69 14
block 70 14
block 37 15
block 38 15
block 39 15
block 40 15
block 41 15
block 42 15
block 64 15
block 65 15
block 66 15
block 67 15
block 68 15
block 69 15
block 70 15
block 35 16
block 36 16
block 37 16
block 38 16
block 39 16
block 40 16
block 41 16
block 42 16
block 35 17
block 36 17
block 37 17
block 38 17
block 39 17
block 40 17
block 35 18
block 36 18
block 37 18
block 38 18
block 39 18
block 40 18
block 35 19
block 36 19
block 37 19
block 38 19
block 39 19
block 40 19
block 14 20
block 15 20
block 16 20
block 17 20
block 18 20
block 19 20
block 20 20
block 3 21
block 4 21
block 14 21
block 15 21
block 16 21
block 17 21
block 18 21
block 19 21
block 20 21
block 3 22
block 4 22
block 14 22
block 15 22
block 16 22
block 17 22
block 18 22
block 19 22
block 20 22
block 65 22
block 66 22
block 67 22
block 68 22
block 69 22
block 70 22
##BotsAndCoinsInfo
bot_name 0 martyn
bot 0 22 1
bot_coins 0 0
coin 26 4
coin 45 18
round 1
round 2
round 3
match_over 0
round 4
