match
match_id 1639175482465_fh
match_time 1639175482467
num_bots 1
##MatchConfig
mode FRIENDLY
num_rounds 200
random_seed 42
move_time_limit 1000
coin_spawn_period 5
coin_spawn_volume 2
##MapConfig
map_size 64 24
view_radius 5
mining_radius 2
attack_radius 3
block 2 4
block 3 4
block 2 5
block 3 5
block 2 6
block 3 6
block 22 14
block 23 14
block 24 14
block 25 14
block 26 14
block 27 14
block 28 14
block 37 14
block 38 14
block 39 14
block 40 14
block 6 15
block 7 15
block 8 15
block 9 15
block 10 15
block 11 15
block 12 15
block 22 15
block 23 15
block 24 15
block 25 15
block 26 15
block 27 15
block 28 15
block 37 15
block 38 15
block 39 15
block 40 15
block 6 16
block 7 16
block 8 16
block 9 16
block 10 16
block 11 16
block 12 16
block 22 16
block 23 16
block 24 16
block 25 16
block 26 16
block 27 16
block 28 16
block 37 16
block 38 16
block 39 16
block 40 16
block 41 16
block 42 16
block 6 17
block 7 17
block 8 17
block 9 17
block 10 17
block 11 17
block 12 17
block 22 17
block 23 17
block 24 17
block 25 17
block 26 17
block 27 17
block 28 17
block 40 17
block 41 17
block 42 17
block 22 18
block 23 18
block 24 18
block 25 18
block 26 18
block 27 18
block 28 18
block 40 18
block 41 18
block 42 18
block 22 19
block 23 19
block 24 19
block 25 19
block 26 19
block 27 19
block 28 19
block 40 19
block 41 19
block 42 19
block 19 20
block 20 20
block 21 20
block 39 20
block 40 20
block 41 20
block 42 20
block 19 21
block 20 21
block 21 21
block 39 21
block 40 21
block 19 22
block 20 22
block 21 22
block 39 22
block 40 22
block 39 23
block 40 23
##BotsAndCoinsInfo
bot_name 0 starter-bot
bot 0 5 15
bot_coins 0 0
coin 46 3
coin 17 20
round 1
bot 0 5 16
round 2
bot 0 5 17
round 3
bot 0 5 18
round 4
bot 0 5 19
round 5
bot 0 5 20
coin 43 20
coin 20 3
round 6
bot 0 5 21
round 7
bot 0 5 22
round 8
bot 0 5 23
round 9
bot 0 5 0
round 10
bot 0 4 23
coin 19 13
coin 44 10
round 11
bot 0 4 22
round 12
bot 0 4 21
round 13
bot 0 4 20
round 14
bot 0 4 19
round 15
bot 0 4 18
coin 17 14
coin 46 9
round 16
bot 0 4 17
round 17
bot 0 4 16
round 18
bot 0 4 15
round 19
bot 0 4 14
round 20
bot 0 4 13
coin 42 5
coin 21 18
round 21
bot 0 4 12
round 22
bot 0 4 11
round 23
bot 0 4 10
round 24
bot 0 4 9
round 25
bot 0 4 8
coin 57 14
coin 6 9
round 26
bot 0 4 7
round 27
bot 0 4 6
round 28
bot 0 4 5
round 29
bot 0 4 4
round 30
bot 0 4 3
coin 23 12
coin 40 11
round 31
bot 0 4 2
round 32
bot 0 4 1
round 33
bot 0 4 0
round 34
bot 0 3 1
round 35
bot 0 3 2
coin 17 8
coin 46 15
round 36
bot 0 3 3
round 37
round 38
round 39
round 40
coin 29 18
coin 34 5
round 41
round 42
round 43
round 44
round 45
coin 50 17
coin 13 6
round 46
round 47
round 48
round 49
round 50
coin 58 7
coin 5 16
round 51
round 52
round 53
round 54
round 55
coin 27 9
coin 36 14
round 56
round 57
round 58
round 59
round 60
coin 47 9
coin 16 14
round 61
round 62
round 63
round 64
round 65
coin 24 10
coin 39 13
round 66
round 67
round 68
round 69
round 70
coin 11 6
coin 52 17
round 71
round 72
round 73
round 74
round 75
coin 38 12
coin 25 11
round 76
round 77
round 78
round 79
round 80
coin 13 5
coin 50 18
round 81
round 82
round 83
round 84
round 85
coin 52 23
coin 11 0
round 86
round 87
round 88
round 89
round 90
coin 11 13
coin 52 10
round 91
round 92
round 93
round 94
round 95
coin 37 12
coin 26 11
round 96
round 97
round 98
round 99
round 100
coin 48 1
coin 15 22
round 101
round 102
round 103
round 104
round 105
coin 36 1
coin 27 22
round 106
round 107
round 108
round 109
round 110
coin 37 6
coin 29 17
round 111
round 112
round 113
round 114
round 115
coin 48 23
coin 15 0
round 116
round 117
round 118
round 119
round 120
coin 2 19
coin 61 4
round 121
round 122
round 123
round 124
round 125
coin 22 8
coin 41 15
round 126
round 127
round 128
round 129
round 130
coin 52 4
coin 11 19
round 131
round 132
round 133
round 134
round 135
coin 26 10
coin 37 13
round 136
round 137
round 138
round 139
round 140
coin 62 19
coin 1 4
round 141
round 142
round 143
round 144
round 145
coin 45 3
coin 18 20
round 146
round 147
round 148
round 149
round 150
coin 30 11
coin 33 12
round 151
round 152
round 153
round 154
round 155
coin 18 1
coin 45 22
round 156
round 157
round 158
round 159
round 160
coin 60 2
coin 3 21
round 161
round 162
round 163
round 164
round 165
coin 52 7
coin 11 14
round 166
round 167
round 168
round 169
round 170
coin 40 3
coin 23 20
round 171
round 172
round 173
round 174
round 175
coin 23 5
coin 39 18
round 176
round 177
round 178
round 179
round 180
coin 23 13
coin 40 10
round 181
round 182
round 183
round 184
round 185
coin 27 5
coin 36 18
round 186
round 187
round 188
round 189
round 190
coin 29 4
coin 34 19
round 191
round 192
round 193
round 194
round 195
coin 30 21
coin 33 2
round 196
round 197
round 198
round 199
round 200
coin 30 10
coin 33 13
match_over 0
