match
match_id 1639217443203_nx
match_time 1639217443206
num_bots 1
##MatchConfig
mode FRIENDLY
num_rounds 200
random_seed 42
move_time_limit 1000
coin_spawn_period 5
coin_spawn_volume 2
##MapConfig
map_size 63 33
view_radius 5
mining_radius 2
attack_radius 4
block 7 3
block 8 3
block 9 3
block 10 3
block 11 3
block 12 3
block 13 3
block 27 3
block 28 3
block 29 3
block 30 3
block 31 3
block 7 4
block 8 4
block 9 4
block 10 4
block 11 4
block 12 4
block 13 4
block 27 4
block 28 4
block 29 4
block 30 4
block 31 4
block 33 4
block 34 4
block 35 4
block 36 4
block 33 5
block 34 5
block 35 5
block 36 5
block 33 6
block 34 6
block 35 6
block 36 6
block 54 6
block 55 6
block 9 7
block 10 7
block 11 7
block 12 7
block 13 7
block 14 7
block 33 7
block 34 7
block 35 7
block 36 7
block 54 7
block 55 7
block 9 8
block 10 8
block 11 8
block 12 8
block 13 8
block 14 8
block 33 8
block 34 8
block 35 8
block 36 8
block 9 9
block 10 9
block 11 9
block 12 9
block 13 9
block 14 9
block 9 10
block 10 10
block 11 10
block 12 10
block 13 10
block 14 10
block 9 11
block 10 11
block 11 11
block 12 11
block 13 11
block 14 11
block 15 11
block 16 11
block 17 11
block 18 11
block 12 12
block 13 12
block 14 12
block 15 12
block 16 12
block 17 12
block 18 12
block 10 13
block 11 13
block 12 13
block 13 13
block 14 13
block 15 13
block 16 13
block 17 13
block 18 13
block 37 13
block 38 13
block 39 13
block 40 13
block 41 13
block 42 13
block 43 13
block 0 14
block 1 14
block 10 14
block 11 14
block 12 14
block 13 14
block 14 14
block 15 14
block 16 14
block 37 14
block 38 14
block 39 14
block 40 14
block 41 14
block 42 14
block 43 14
block 0 15
block 1 15
block 10 15
block 11 15
block 12 15
block 13 15
block 14 15
block 15 15
block 16 15
block 37 15
block 38 15
block 39 15
block 40 15
block 41 15
block 42 15
block 43 15
block 0 16
block 1 16
block 10 16
block 11 16
block 12 16
block 13 16
block 14 16
block 15 16
block 16 16
block 37 16
block 38 16
block 39 16
block 40 16
block 41 16
block 42 16
block 43 16
block 0 17
block 1 17
block 10 17
block 11 17
block 12 17
block 13 17
block 14 17
block 15 17
block 16 17
block 37 17
block 38 17
block 39 17
block 40 17
block 41 17
block 42 17
block 43 17
block 10 18
block 11 18
block 12 18
block 13 18
block 14 18
block 15 18
block 16 18
block 10 19
block 11 19
block 12 19
block 13 19
block 14 19
block 15 19
block 16 19
block 17 20
block 18 20
block 19 20
block 20 20
block 21 20
block 22 20
block 23 20
block 17 21
block 18 21
block 19 21
block 20 21
block 21 21
block 22 21
block 23 21
block 17 22
block 18 22
block 19 22
block 20 22
block 21 22
block 22 22
block 23 22
block 17 23
block 18 23
block 19 23
block 20 23
block 21 23
block 22 23
block 23 23
block 40 23
block 41 23
block 17 24
block 18 24
block 19 24
block 20 24
block 21 24
block 22 24
block 23 24
block 40 24
block 41 24
block 17 25
block 18 25
block 19 25
block 20 25
block 21 25
block 22 25
block 23 25
block 40 25
block 41 25
block 17 26
block 18 26
block 19 26
block 20 26
block 21 26
block 22 26
block 23 26
block 40 26
block 41 26
block 40 27
block 41 27
##BotsAndCoinsInfo
bot_name 0 starter-bot
bot 0 36 23
bot_coins 0 0
coin 8 15
coin 54 17
round 1
bot 0 36 24
round 2
bot 0 36 25
round 3
bot 0 36 26
round 4
bot 0 36 27
round 5
bot 0 36 28
coin 27 5
coin 35 27
round 6
bot 0 36 29
round 7
bot 0 36 30
round 8
bot 0 36 31
round 9
bot 0 36 32
round 10
bot 0 35 31
coin 54 19
coin 8 13
round 11
bot 0 35 30
round 12
bot 0 35 29
coin_collected 35 27 0
bot_coins 0 1
round 13
bot 0 35 28
round 14
bot 0 35 27
round 15
bot 0 35 26
coin 50 2
coin 12 30
round 16
bot 0 35 25
round 17
bot 0 35 24
round 18
bot 0 35 23
round 19
bot 0 35 22
round 20
bot 0 35 21
coin 34 17
coin 28 15
round 21
bot 0 35 20
round 22
bot 0 35 19
round 23
bot 0 35 18
coin_collected 34 17 0
bot_coins 0 2
round 24
bot 0 35 17
round 25
bot 0 35 16
coin 38 29
coin 24 3
round 26
bot 0 35 15
round 27
bot 0 35 14
round 28
bot 0 35 13
round 29
bot 0 35 12
round 30
bot 0 35 11
coin 42 0
coin 20 32
round 31
bot 0 35 10
round 32
bot 0 35 9
round 33
bot 0 34 9
round 34
bot 0 33 9
round 35
bot 0 32 9
coin 8 11
coin 54 21
round 36
bot 0 32 8
round 37
bot 0 32 7
round 38
bot 0 32 6
round 39
bot 0 32 5
round 40
bot 0 32 4
coin 42 9
coin 24 23
round 41
bot 0 32 3
round 42
bot 0 32 2
round 43
bot 0 32 1
round 44
bot 0 32 0
round 45
bot 0 31 1
coin 28 20
coin 34 12
round 46
bot 0 31 2
round 47
bot 0 30 2
round 48
bot 0 29 2
round 49
bot 0 28 2
round 50
bot 0 27 2
coin 5 4
coin 57 28
round 51
bot 0 26 2
round 52
bot 0 26 3
coin_collected 24 3 0
bot_coins 0 3
round 53
bot 0 26 4
coin_collected 27 5 0
bot_coins 0 4
round 54
bot 0 26 5
round 55
bot 0 26 6
coin 8 9
coin 54 23
round 56
bot 0 26 7
round 57
bot 0 26 8
round 58
bot 0 26 9
round 59
bot 0 26 10
round 60
bot 0 26 11
coin 14 30
coin 48 2
round 61
bot 0 26 12
round 62
bot 0 26 13
round 63
bot 0 26 14
round 64
bot 0 26 15
coin_collected 28 15 0
bot_coins 0 5
round 65
bot 0 26 16
coin 7 28
coin 55 4
round 66
bot 0 26 17
round 67
bot 0 26 18
round 68
bot 0 26 19
round 69
bot 0 26 20
coin_collected 28 20 0
bot_coins 0 6
round 70
bot 0 26 21
coin 46 18
coin 17 14
round 71
bot 0 26 22
round 72
bot 0 26 23
coin_collected 24 23 0
bot_coins 0 7
round 73
bot 0 26 24
round 74
bot 0 26 25
round 75
bot 0 26 26
coin 40 12
coin 22 19
round 76
bot 0 26 27
round 77
bot 0 26 28
round 78
bot 0 26 29
round 79
bot 0 26 30
round 80
bot 0 26 31
coin 2 2
coin 60 30
round 81
bot 0 26 32
round 82
bot 0 25 31
round 83
bot 0 25 30
round 84
bot 0 25 29
round 85
bot 0 25 28
coin 38 12
coin 24 20
round 86
bot 0 25 27
round 87
bot 0 25 26
round 88
bot 0 25 25
round 89
bot 0 25 24
round 90
bot 0 25 23
coin 12 22
coin 50 10
round 91
bot 0 25 22
round 92
bot 0 25 21
coin_collected 24 20 0
bot_coins 0 8
round 93
bot 0 25 20
round 94
bot 0 25 19
round 95
bot 0 25 18
coin 7 15
coin 55 17
round 96
bot 0 25 17
round 97
bot 0 25 16
round 98
bot 0 25 15
round 99
bot 0 25 14
round 100
bot 0 25 13
coin 42 25
coin 20 7
round 101
bot 0 25 12
round 102
bot 0 25 11
round 103
bot 0 25 10
round 104
bot 0 25 9
round 105
bot 0 25 8
coin 35 13
coin 27 19
round 106
bot 0 25 7
round 107
bot 0 25 6
round 108
bot 0 25 5
round 109
bot 0 25 4
round 110
bot 0 25 3
coin 59 6
coin 3 26
round 111
bot 0 25 2
round 112
bot 0 25 1
round 113
bot 0 25 0
round 114
bot 0 24 1
round 115
bot 0 24 2
coin 13 5
coin 49 27
round 116
bot 0 24 3
round 117
bot 0 24 4
round 118
bot 0 24 5
round 119
bot 0 24 6
round 120
bot 0 24 7
coin 55 22
coin 7 10
round 121
bot 0 24 8
round 122
bot 0 24 9
round 123
bot 0 24 10
round 124
bot 0 24 11
round 125
bot 0 24 12
coin 40 2
coin 22 30
round 126
bot 0 24 13
round 127
bot 0 24 14
round 128
bot 0 24 15
round 129
bot 0 24 16
round 130
bot 0 24 17
coin 44 4
coin 18 28
round 131
bot 0 24 18
round 132
bot 0 24 19
coin_collected 22 19 0
bot_coins 0 9
round 133
bot 0 24 20
round 134
bot 0 24 21
round 135
bot 0 24 22
coin 44 13
coin 18 19
round 136
bot 0 24 23
round 137
bot 0 24 24
round 138
bot 0 24 25
round 139
bot 0 24 26
round 140
bot 0 24 27
coin 28 28
coin 34 3
round 141
bot 0 24 28
round 142
bot 0 24 29
round 143
bot 0 24 30
coin_collected 22 30 0
bot_coins 0 10
round 144
bot 0 24 31
round 145
bot 0 24 32
coin 57 15
coin 5 17
round 146
bot 0 23 31
round 147
bot 0 23 30
round 148
bot 0 23 29
round 149
bot 0 23 28
round 150
bot 0 23 27
coin 28 14
coin 34 18
round 151
bot 0 22 27
round 152
bot 0 21 27
round 153
bot 0 20 27
round 154
bot 0 19 27
coin_collected 18 28 0
bot_coins 0 11
round 155
bot 0 18 27
coin 11 20
coin 51 12
round 156
bot 0 17 27
round 157
bot 0 16 27
round 158
bot 0 16 26
round 159
bot 0 16 25
round 160
bot 0 16 24
coin 8 26
coin 53 6
round 161
bot 0 16 23
round 162
bot 0 16 22
round 163
bot 0 16 21
round 164
bot 0 16 20
round 165
bot 0 15 20
coin 42 26
coin 20 6
round 166
bot 0 14 20
round 167
bot 0 13 20
coin_collected 11 20 0
bot_coins 0 12
round 168
bot 0 12 20
coin_collected 12 22 0
bot_coins 0 13
round 169
bot 0 11 20
round 170
bot 0 10 20
coin 48 15
coin 14 20
round 171
bot 0 9 20
round 172
bot 0 9 19
round 173
bot 0 9 18
round 174
bot 0 9 17
round 175
bot 0 9 16
coin_collected 8 15 0
bot_coins 0 14
coin 10 2
coin 52 30
round 176
bot 0 9 15
coin_collected 7 15 0
bot_coins 0 15
round 177
bot 0 9 14
coin_collected 8 13 0
bot_coins 0 16
round 178
bot 0 9 13
round 179
bot 0 9 12
coin_collected 8 11 0
bot_coins 0 17
round 180
bot 0 8 12
coin 4 4
coin 58 28
round 181
bot 0 8 11
coin_collected 7 10 0
bot_coins 0 18
coin_collected 8 9 0
bot_coins 0 19
round 182
bot 0 8 10
round 183
bot 0 8 9
round 184
bot 0 8 8
round 185
bot 0 8 7
coin 43 5
coin 19 27
round 186
bot 0 8 6
round 187
bot 0 8 5
round 188
bot 0 7 5
round 189
bot 0 6 5
coin_collected 5 4 0
bot_coins 0 20
round 190
bot 0 6 4
coin_collected 4 4 0
bot_coins 0 21
coin 5 19
coin 57 13
round 191
bot 0 6 3
round 192
bot 0 6 2
round 193
bot 0 6 1
round 194
bot 0 6 0
round 195
bot 0 5 1
coin 38 21
coin 24 11
round 196
bot 0 5 2
round 197
bot 0 5 3
round 198
bot 0 5 4
round 199
bot 0 5 5
round 200
bot 0 5 6
coin 30 25
coin 32 7
match_over 0
