match
match_id 1639430820721_ah
match_time 1639430820725
num_bots 1
##MatchConfig
mode FRIENDLY
num_rounds 200
random_seed 42
move_time_limit 1000
coin_spawn_period 5
coin_spawn_volume 2
##MapConfig
map_size 62 24
view_radius 5
mining_radius 2
attack_radius 4
block 16 0
block 17 0
block 18 0
block 19 0
block 20 0
block 21 0
block 22 0
block 33 0
block 34 0
block 16 1
block 17 1
block 18 1
block 19 1
block 20 1
block 21 1
block 22 1
block 32 2
block 33 2
block 34 2
block 35 2
block 36 2
block 32 3
block 33 3
block 34 3
block 35 3
block 36 3
block 32 4
block 33 4
block 34 4
block 35 4
block 36 4
block 32 5
block 33 5
block 34 5
block 35 5
block 36 5
block 7 6
block 8 6
block 9 6
block 10 6
block 32 6
block 33 6
block 34 6
block 35 6
block 36 6
block 53 6
block 54 6
block 55 6
block 56 6
block 57 6
block 7 7
block 8 7
block 9 7
block 10 7
block 32 7
block 33 7
block 34 7
block 35 7
block 36 7
block 53 7
block 54 7
block 55 7
block 56 7
block 57 7
block 7 8
block 8 8
block 9 8
block 10 8
block 29 8
block 30 8
block 31 8
block 32 8
block 33 8
block 34 8
block 35 8
block 36 8
block 48 8
block 49 8
block 50 8
block 51 8
block 53 8
block 54 8
block 55 8
block 56 8
block 57 8
block 7 9
block 8 9
block 9 9
block 10 9
block 29 9
block 30 9
block 31 9
block 32 9
block 33 9
block 34 9
block 35 9
block 48 9
block 49 9
block 50 9
block 51 9
block 55 9
block 56 9
block 57 9
block 7 10
block 8 10
block 9 10
block 10 10
block 29 10
block 30 10
block 31 10
block 32 10
block 33 10
block 34 10
block 35 10
block 48 10
block 49 10
block 50 10
block 51 10
block 55 10
block 56 10
block 57 10
block 26 11
block 27 11
block 29 11
block 30 11
block 31 11
block 32 11
block 33 11
block 34 11
block 35 11
block 48 11
block 49 11
block 50 11
block 51 11
block 55 11
block 56 11
block 57 11
block 26 12
block 27 12
block 29 12
block 30 12
block 31 12
block 32 12
block 33 12
block 34 12
block 35 12
block 45 12
block 46 12
block 47 12
block 48 12
block 49 12
block 50 12
block 51 12
block 55 12
block 56 12
block 57 12
block 4 13
block 5 13
block 6 13
block 7 13
block 8 13
block 9 13
block 26 13
block 27 13
block 29 13
block 30 13
block 31 13
block 32 13
block 33 13
block 34 13
block 35 13
block 45 13
block 46 13
block 47 13
block 48 13
block 49 13
block 50 13
block 51 13
block 55 13
block 56 13
block 57 13
block 4 14
block 5 14
block 6 14
block 7 14
block 8 14
block 9 14
block 29 14
block 30 14
block 31 14
block 32 14
block 33 14
block 34 14
block 35 14
block 45 14
block 46 14
block 47 14
block 48 14
block 49 14
block 50 14
block 51 14
block 57 14
block 58 14
block 59 14
block 4 15
block 5 15
block 6 15
block 7 15
block 8 15
block 9 15
block 13 15
block 14 15
block 15 15
block 33 15
block 34 15
block 45 15
block 46 15
block 47 15
block 48 15
block 57 15
block 58 15
block 59 15
block 13 16
block 14 16
block 15 16
block 33 16
block 34 16
block 35 16
block 36 16
block 37 16
block 45 16
block 46 16
block 47 16
block 48 16
block 57 16
block 58 16
block 59 16
block 13 17
block 14 17
block 15 17
block 33 17
block 34 17
block 35 17
block 36 17
block 37 17
block 45 17
block 46 17
block 47 17
block 48 17
block 57 17
block 58 17
block 59 17
block 13 18
block 14 18
block 15 18
block 16 18
block 17 18
block 45 18
block 46 18
block 47 18
block 48 18
block 57 18
block 58 18
block 59 18
block 13 19
block 14 19
block 15 19
block 16 19
block 17 19
block 15 20
block 16 20
block 17 20
block 33 20
block 34 20
block 16 21
block 17 21
block 18 21
block 19 21
block 20 21
block 21 21
block 22 21
block 33 21
block 34 21
block 16 22
block 17 22
block 18 22
block 19 22
block 20 22
block 21 22
block 22 22
block 33 22
block 34 22
block 16 23
block 17 23
block 18 23
block 19 23
block 20 23
block 21 23
block 22 23
block 33 23
block 34 23
##BotsAndCoinsInfo
bot_name 0 starter-bot
bot 0 50 1
bot_coins 0 0
coin 6 3
coin 55 20
round 1
bot 0 50 2
round 2
bot 0 50 3
round 3
bot 0 50 4
round 4
bot 0 50 5
round 5
bot 0 50 6
coin 35 20
coin 26 3
round 6
bot 0 50 7
round 7
bot 0 49 7
round 8
bot 0 48 7
round 9
bot 0 47 7
round 10
bot 0 47 8
coin 2 13
coin 59 10
round 11
bot 0 47 9
round 12
bot 0 47 10
round 13
bot 0 47 11
round 14
bot 0 46 11
round 15
bot 0 45 11
coin 3 14
coin 58 9
round 16
bot 0 44 11
round 17
bot 0 44 12
round 18
bot 0 44 13
round 19
bot 0 44 14
round 20
bot 0 44 15
coin 23 5
coin 38 18
round 21
bot 0 44 16
round 22
bot 0 44 17
round 23
bot 0 44 18
round 24
bot 0 44 19
round 25
bot 0 44 20
coin 35 15
coin 26 8
round 26
bot 0 44 21
round 27
bot 0 44 22
round 28
bot 0 44 23
round 29
bot 0 43 22
round 30
bot 0 43 21
coin 12 12
coin 47 11
round 31
bot 0 43 20
round 32
bot 0 43 19
round 33
bot 0 43 18
round 34
bot 0 43 17
round 35
bot 0 43 16
coin 58 8
coin 3 15
round 36
bot 0 43 15
round 37
bot 0 43 14
round 38
bot 0 43 13
round 39
bot 0 44 12
round 40
bot 0 45 11
coin_collected 47 11 0
bot_coins 0 1
coin 14 20
coin 47 3
round 41
bot 0 45 10
round 42
bot 0 45 9
round 43
bot 0 45 8
round 44
bot 0 45 7
round 45
bot 0 46 6
coin 49 17
coin 12 6
round 46
bot 0 47 5
coin_collected 47 3 0
bot_coins 0 2
round 47
bot 0 47 4
round 48
bot 0 47 3
round 49
bot 0 47 2
round 50
bot 0 47 1
coin 14 7
coin 49 16
round 51
bot 0 47 0
round 52
bot 0 46 1
round 53
bot 0 46 2
round 54
bot 0 46 3
round 55
bot 0 46 4
coin 58 10
coin 3 13
round 56
bot 0 46 5
round 57
bot 0 46 6
round 58
bot 0 46 7
round 59
bot 0 46 8
round 60
bot 0 46 9
coin 54 9
coin 7 12
round 61
bot 0 46 10
round 62
bot 0 46 11
round 63
bot 0 45 11
round 64
bot 0 44 11
round 65
bot 0 44 12
coin 6 10
coin 55 14
round 66
bot 0 44 13
round 67
bot 0 44 14
round 68
bot 0 44 15
round 69
bot 0 44 16
round 70
bot 0 44 17
coin 51 6
coin 10 17
round 71
bot 0 44 18
round 72
bot 0 44 19
round 73
bot 0 44 20
round 74
bot 0 44 21
round 75
bot 0 44 22
coin 54 12
coin 7 11
round 76
bot 0 44 23
round 77
bot 0 43 22
round 78
bot 0 43 21
round 79
bot 0 43 20
round 80
bot 0 43 19
coin 22 5
coin 39 18
round 81
bot 0 42 18
round 82
bot 0 41 17
round 83
bot 0 40 18
coin_collected 39 18 0
bot_coins 0 3
coin_collected 38 18 0
bot_coins 0 4
round 84
bot 0 40 17
round 85
bot 0 40 16
coin 13 23
coin 48 0
round 86
bot 0 40 15
round 87
bot 0 40 14
round 88
bot 0 40 13
round 89
bot 0 40 12
round 90
bot 0 40 11
coin 4 12
coin 58 11
round 91
bot 0 40 10
round 92
bot 0 40 9
round 93
bot 0 40 8
round 94
bot 0 40 7
round 95
bot 0 40 6
coin 25 12
coin 36 11
round 96
bot 0 40 5
round 97
bot 0 40 4
round 98
bot 0 40 3
round 99
bot 0 40 2
round 100
bot 0 40 1
coin 53 1
coin 8 22
round 101
bot 0 40 0
round 102
bot 0 39 1
round 103
bot 0 39 2
round 104
bot 0 39 3
round 105
bot 0 39 4
coin 25 1
coin 36 22
round 106
bot 0 39 5
round 107
bot 0 39 6
round 108
bot 0 39 7
round 109
bot 0 39 8
round 110
bot 0 38 9
coin 25 6
coin 36 18
round 111
bot 0 37 10
coin_collected 36 11 0
bot_coins 0 5
round 112
bot 0 37 11
round 113
bot 0 36 12
round 114
round 115
coin 25 23
coin 36 0
round 116
bot 0 37 12
round 117
bot 0 36 13
round 118
bot 0 36 14
coin_collected 35 15 0
bot_coins 0 6
round 119
bot 0 35 15
round 120
coin 21 19
coin 40 4
round 121
bot 0 36 14
round 122
bot 0 35 15
round 123
round 124
round 125
coin 49 7
coin 12 16
round 126
round 127
round 128
round 129
round 130
coin 6 4
coin 55 19
round 131
round 132
round 133
round 134
round 135
coin 36 10
coin 25 13
round 136
round 137
round 138
round 139
round 140
coin 31 19
coin 30 4
round 141
round 142
round 143
round 144
round 145
coin 15 3
coin 46 20
round 146
round 147
round 148
round 149
round 150
coin 61 11
coin 0 12
round 151
round 152
round 153
round 154
round 155
coin 18 2
coin 43 21
round 156
bot 0 36 15
round 157
round 158
round 159
round 160
coin 42 2
coin 19 20
round 161
round 162
round 163
round 164
round 165
coin 42 7
coin 19 16
round 166
round 167
round 168
bot 0 36 14
round 169
bot 0 35 15
round 170
coin 13 3
coin 48 20
round 171
round 172
round 173
round 174
round 175
coin 52 5
coin 9 18
round 176
round 177
bot 0 36 14
round 178
bot 0 36 13
round 179
bot 0 37 13
round 180
bot 0 36 12
coin_collected 36 10 0
bot_coins 0 7
coin 59 13
coin 2 10
round 181
round 182
bot 0 37 12
round 183
bot 0 38 12
round 184
bot 0 39 12
round 185
bot 0 40 12
coin 27 5
coin 34 18
round 186
bot 0 41 12
round 187
bot 0 42 12
round 188
bot 0 43 12
round 189
bot 0 44 12
round 190
bot 0 43 11
coin 56 4
coin 5 19
round 191
bot 0 42 10
round 192
bot 0 41 9
round 193
bot 0 42 8
coin_collected 42 7 0
bot_coins 0 8
round 194
bot 0 41 7
round 195
bot 0 40 6
coin_collected 40 4 0
bot_coins 0 9
coin 27 21
coin 34 1
round 196
bot 0 41 5
round 197
bot 0 42 4
coin_collected 42 2 0
bot_coins 0 10
round 198
round 199
round 200
match_over 0
coin 52 10
coin 10 13
