match
match_id 1639215165290_md
match_time 1639215165293
num_bots 1
##MatchConfig
mode FRIENDLY
num_rounds 200
random_seed 42
move_time_limit 1000
coin_spawn_period 5
coin_spawn_volume 2
##MapConfig
map_size 78 28
view_radius 6
mining_radius 2
attack_radius 3
block 1 0
block 2 0
block 3 0
block 4 0
block 9 0
block 10 0
block 24 0
block 25 0
block 26 0
block 27 0
block 28 0
block 29 0
block 36 0
block 37 0
block 38 0
block 39 0
block 55 0
block 56 0
block 61 0
block 62 0
block 63 0
block 64 0
block 65 0
block 66 0
block 1 1
block 2 1
block 3 1
block 4 1
block 9 1
block 10 1
block 24 1
block 25 1
block 26 1
block 27 1
block 28 1
block 29 1
block 36 1
block 37 1
block 38 1
block 39 1
block 55 1
block 56 1
block 61 1
block 62 1
block 63 1
block 64 1
block 65 1
block 66 1
block 70 1
block 71 1
block 1 2
block 2 2
block 3 2
block 4 2
block 9 2
block 10 2
block 18 2
block 19 2
block 20 2
block 24 2
block 25 2
block 26 2
block 27 2
block 28 2
block 29 2
block 36 2
block 37 2
block 38 2
block 39 2
block 55 2
block 56 2
block 61 2
block 62 2
block 63 2
block 64 2
block 65 2
block 66 2
block 70 2
block 71 2
block 1 3
block 2 3
block 3 3
block 4 3
block 18 3
block 19 3
block 20 3
block 24 3
block 25 3
block 26 3
block 27 3
block 28 3
block 29 3
block 36 3
block 37 3
block 38 3
block 39 3
block 55 3
block 56 3
block 61 3
block 62 3
block 63 3
block 64 3
block 65 3
block 66 3
block 67 3
block 68 3
block 69 3
block 70 3
block 71 3
block 18 4
block 19 4
block 20 4
block 29 4
block 30 4
block 31 4
block 32 4
block 33 4
block 36 4
block 37 4
block 38 4
block 39 4
block 55 4
block 56 4
block 61 4
block 62 4
block 63 4
block 64 4
block 65 4
block 66 4
block 67 4
block 68 4
block 69 4
block 70 4
block 71 4
block 29 5
block 30 5
block 31 5
block 32 5
block 33 5
block 55 5
block 56 5
block 64 5
block 65 5
block 66 5
block 67 5
block 68 5
block 69 5
block 70 5
block 71 5
block 15 6
block 16 6
block 17 6
block 18 6
block 29 6
block 30 6
block 31 6
block 32 6
block 33 6
block 55 6
block 56 6
block 64 6
block 65 6
block 66 6
block 67 6
block 68 6
block 69 6
block 70 6
block 4 7
block 5 7
block 15 7
block 16 7
block 17 7
block 18 7
block 29 7
block 30 7
block 31 7
block 32 7
block 33 7
block 64 7
block 65 7
block 66 7
block 67 7
block 68 7
block 69 7
block 70 7
block 4 8
block 5 8
block 29 8
block 30 8
block 31 8
block 32 8
block 33 8
block 64 8
block 65 8
block 66 8
block 67 8
block 68 8
block 69 8
block 70 8
block 4 9
block 5 9
block 22 9
block 23 9
block 24 9
block 25 9
block 26 9
block 27 9
block 28 9
block 29 9
block 30 9
block 31 9
block 32 9
block 33 9
block 64 9
block 65 9
block 66 9
block 67 9
block 68 9
block 69 9
block 70 9
block 4 10
block 5 10
block 15 10
block 16 10
block 17 10
block 18 10
block 19 10
block 20 10
block 22 10
block 23 10
block 24 10
block 25 10
block 26 10
block 27 10
block 28 10
block 64 10
block 65 10
block 66 10
block 67 10
block 68 10
block 15 11
block 16 11
block 17 11
block 18 11
block 19 11
block 20 11
block 22 11
block 23 11
block 24 11
block 25 11
block 26 11
block 27 11
block 28 11
block 64 11
block 65 11
block 66 11
block 67 11
block 68 11
block 10 12
block 11 12
block 12 12
block 15 12
block 16 12
block 17 12
block 18 12
block 19 12
block 20 12
block 51 12
block 52 12
block 53 12
block 54 12
block 55 12
block 56 12
block 64 12
block 65 12
block 66 12
block 67 12
block 68 12
block 10 13
block 11 13
block 12 13
block 24 13
block 25 13
block 26 13
block 27 13
block 51 13
block 52 13
block 53 13
block 54 13
block 55 13
block 56 13
block 64 13
block 65 13
block 66 13
block 67 13
block 68 13
block 10 14
block 11 14
block 12 14
block 24 14
block 25 14
block 26 14
block 27 14
block 51 14
block 52 14
block 53 14
block 54 14
block 55 14
block 56 14
block 59 14
block 60 14
block 61 14
block 62 14
block 63 14
block 64 14
block 65 14
block 66 14
block 10 15
block 11 15
block 12 15
block 24 15
block 25 15
block 26 15
block 27 15
block 38 15
block 39 15
block 40 15
block 41 15
block 42 15
block 43 15
block 44 15
block 51 15
block 52 15
block 53 15
block 54 15
block 55 15
block 56 15
block 59 15
block 60 15
block 61 15
block 62 15
block 63 15
block 64 15
block 65 15
block 66 15
block 10 16
block 11 16
block 12 16
block 24 16
block 25 16
block 26 16
block 27 16
block 31 16
block 32 16
block 33 16
block 34 16
block 35 16
block 38 16
block 39 16
block 40 16
block 41 16
block 42 16
block 43 16
block 44 16
block 59 16
block 60 16
block 61 16
block 62 16
block 63 16
block 64 16
block 65 16
block 66 16
block 0 17
block 1 17
block 10 17
block 11 17
block 12 17
block 31 17
block 32 17
block 33 17
block 34 17
block 35 17
block 38 17
block 39 17
block 40 17
block 41 17
block 42 17
block 43 17
block 44 17
block 59 17
block 60 17
block 61 17
block 62 17
block 63 17
block 64 17
block 65 17
block 66 17
block 75 17
block 76 17
block 77 17
block 0 18
block 1 18
block 10 18
block 11 18
block 12 18
block 15 18
block 16 18
block 17 18
block 31 18
block 32 18
block 33 18
block 34 18
block 35 18
block 38 18
block 39 18
block 40 18
block 41 18
block 42 18
block 43 18
block 44 18
block 45 18
block 46 18
block 47 18
block 48 18
block 49 18
block 70 18
block 71 18
block 72 18
block 73 18
block 74 18
block 75 18
block 76 18
block 77 18
block 15 19
block 16 19
block 17 19
block 38 19
block 39 19
block 40 19
block 41 19
block 42 19
block 43 19
block 44 19
block 45 19
block 46 19
block 47 19
block 48 19
block 49 19
block 70 19
block 71 19
block 72 19
block 73 19
block 74 19
block 15 20
block 16 20
block 17 20
block 38 20
block 39 20
block 40 20
block 41 20
block 42 20
block 43 20
block 44 20
block 45 20
block 46 20
block 47 20
block 48 20
block 49 20
block 70 20
block 71 20
block 72 20
block 73 20
block 74 20
block 15 21
block 16 21
block 17 21
block 46 21
block 47 21
block 70 21
block 71 21
block 72 21
block 73 21
block 74 21
block 15 22
block 16 22
block 17 22
block 46 22
block 47 22
block 70 22
block 71 22
block 72 22
block 73 22
block 74 22
block 46 23
block 47 23
block 1 25
block 2 25
block 3 25
block 4 25
block 24 25
block 25 25
block 26 25
block 27 25
block 28 25
block 29 25
block 60 25
block 61 25
block 62 25
block 63 25
block 1 26
block 2 26
block 3 26
block 4 26
block 24 26
block 25 26
block 26 26
block 27 26
block 28 26
block 29 26
block 60 26
block 61 26
block 62 26
block 63 26
block 64 26
block 65 26
block 66 26
block 1 27
block 2 27
block 3 27
block 4 27
block 24 27
block 25 27
block 26 27
block 27 27
block 28 27
block 29 27
block 36 27
block 37 27
block 38 27
block 39 27
block 60 27
block 61 27
block 62 27
block 63 27
block 64 27
block 65 27
block 66 27
##BotsAndCoinsInfo
bot_name 0 starter-bot
bot 0 20 25
bot_coins 0 0
coin 26 19
coin 51 8
round 1
bot 0 20 26
round 2
bot 0 20 27
round 3
bot 0 19 26
round 4
bot 0 19 25
round 5
bot 0 19 24
coin 48 24
coin 30 3
round 6
bot 0 19 23
round 7
bot 0 19 22
round 8
bot 0 19 21
round 9
bot 0 19 20
round 10
bot 0 19 19
coin 0 25
coin 77 2
round 11
bot 0 19 18
round 12
bot 0 19 17
round 13
bot 0 19 16
round 14
bot 0 19 15
round 15
bot 0 19 14
coin 63 10
coin 14 17
round 16
bot 0 19 13
round 17
round 18
round 19
round 20
coin 55 17
coin 21 10
round 21
round 22
round 23
round 24
round 25
coin 26 18
coin 51 9
round 26
round 27
round 28
round 29
round 30
coin 60 0
coin 17 27
round 31
round 32
round 33
round 34
round 35
coin 20 24
coin 57 3
round 36
round 37
round 38
round 39
round 40
coin 48 26
coin 30 1
round 41
round 42
round 43
round 44
round 45
coin 37 9
coin 40 21
round 46
round 47
round 48
round 49
round 50
coin 14 15
coin 63 12
round 51
round 52
round 53
round 54
round 55
coin 26 8
coin 51 19
round 56
round 57
round 58
round 59
round 60
coin 77 9
coin 0 19
round 61
round 62
round 63
round 64
round 65
coin 63 11
coin 14 16
round 66
round 67
round 68
round 69
round 70
coin 19 26
coin 58 1
round 71
round 72
round 73
round 74
round 75
coin 64 20
coin 13 7
round 76
round 77
round 78
round 79
round 80
coin 45 17
coin 32 10
round 81
round 82
round 83
round 84
round 85
coin 59 11
coin 18 16
round 86
round 87
round 88
round 89
round 90
coin 6 5
coin 71 23
round 91
round 92
round 93
round 94
round 95
coin 67 20
coin 10 7
round 96
round 97
round 98
round 99
round 100
coin 5 5
coin 72 23
round 101
round 102
round 103
round 104
round 105
coin 48 21
coin 28 6
round 106
round 107
round 108
round 109
round 110
coin 41 14
coin 36 13
round 111
round 112
round 113
round 114
round 115
coin 55 23
coin 22 4
round 116
round 117
round 118
round 119
round 120
coin 1 4
coin 76 23
round 121
round 122
round 123
round 124
round 125
coin 60 1
coin 17 26
round 126
round 127
round 128
round 129
round 130
coin 69 10
coin 8 17
round 131
round 132
round 133
round 134
round 135
coin 14 14
coin 63 13
round 136
round 137
round 138
round 139
round 140
coin 25 7
coin 52 20
round 141
round 142
round 143
round 144
round 145
coin 75 3
coin 2 24
round 146
round 147
round 148
round 149
round 150
coin 19 19
coin 58 8
round 151
round 152
round 153
round 154
round 155
coin 33 10
coin 45 16
round 156
round 157
round 158
round 159
round 160
coin 50 2
coin 27 24
round 161
round 162
round 163
round 164
round 165
coin 21 11
coin 56 16
round 166
round 167
round 168
round 169
round 170
coin 9 19
coin 70 10
round 171
round 172
round 173
round 174
round 175
coin 59 1
coin 18 26
round 176
round 177
round 178
round 179
round 180
coin 13 21
coin 63 6
round 181
round 182
round 183
round 184
round 185
coin 13 5
coin 64 22
round 186
round 187
round 188
round 189
round 190
coin 68 0
coin 9 27
round 191
round 192
round 193
round 194
round 195
coin 29 21
coin 48 6
round 196
round 197
round 198
round 199
round 200
coin 66 22
coin 11 5
match_over 0
