match
match_id 1639175699184_fy
match_time 1639175699186
num_bots 1
##MatchConfig
mode FRIENDLY
num_rounds 200
random_seed 42
move_time_limit 1000
coin_spawn_period 5
coin_spawn_volume 2
##MapConfig
map_size 55 23
view_radius 6
mining_radius 2
attack_radius 3
block 0 0
block 1 0
block 9 0
block 10 0
block 37 0
block 38 0
block 39 0
block 40 0
block 42 0
block 43 0
block 44 0
block 45 0
block 50 0
block 51 0
block 52 0
block 53 0
block 54 0
block 0 1
block 1 1
block 9 1
block 10 1
block 37 1
block 38 1
block 39 1
block 40 1
block 42 1
block 43 1
block 44 1
block 45 1
block 50 1
block 51 1
block 52 1
block 53 1
block 54 1
block 9 2
block 10 2
block 42 2
block 43 2
block 44 2
block 45 2
block 42 3
block 43 3
block 44 3
block 45 3
block 19 8
block 20 8
block 21 8
block 22 8
block 23 8
block 24 8
block 30 8
block 31 8
block 49 8
block 50 8
block 51 8
block 52 8
block 53 8
block 19 9
block 20 9
block 21 9
block 22 9
block 23 9
block 24 9
block 26 9
block 27 9
block 28 9
block 29 9
block 30 9
block 31 9
block 49 9
block 50 9
block 51 9
block 52 9
block 53 9
block 19 10
block 20 10
block 21 10
block 22 10
block 23 10
block 24 10
block 26 10
block 27 10
block 28 10
block 29 10
block 30 10
block 31 10
block 49 10
block 50 10
block 51 10
block 52 10
block 53 10
block 19 11
block 20 11
block 21 11
block 22 11
block 23 11
block 24 11
block 30 11
block 31 11
block 49 11
block 50 11
block 51 11
block 52 11
block 53 11
block 19 12
block 20 12
block 21 12
block 22 12
block 23 12
block 24 12
block 49 12
block 50 12
block 51 12
block 52 12
block 53 12
block 49 13
block 50 13
block 51 13
block 52 13
block 53 13
block 49 14
block 50 14
block 51 14
block 52 14
block 53 14
block 14 18
block 15 18
block 37 18
block 38 18
block 39 18
block 40 18
block 9 19
block 10 19
block 14 19
block 15 19
block 37 19
block 38 19
block 39 19
block 40 19
block 0 20
block 1 20
block 9 20
block 10 20
block 14 20
block 15 20
block 20 20
block 21 20
block 22 20
block 23 20
block 24 20
block 37 20
block 38 20
block 39 20
block 40 20
block 42 20
block 43 20
block 44 20
block 45 20
block 50 20
block 51 20
block 52 20
block 53 20
block 54 20
block 0 21
block 1 21
block 9 21
block 10 21
block 14 21
block 15 21
block 20 21
block 21 21
block 22 21
block 23 21
block 24 21
block 37 21
block 38 21
block 39 21
block 40 21
block 42 21
block 43 21
block 44 21
block 45 21
block 50 21
block 51 21
block 52 21
block 53 21
block 54 21
block 0 22
block 1 22
block 9 22
block 10 22
block 14 22
block 15 22
block 20 22
block 21 22
block 22 22
block 23 22
block 24 22
block 37 22
block 38 22
block 39 22
block 40 22
block 42 22
block 43 22
block 44 22
block 45 22
block 50 22
block 51 22
block 52 22
block 53 22
block 54 22
##BotsAndCoinsInfo
bot_name 0 starter-bot
bot 0 26 7
bot_coins 0 0
coin 40 4
coin 13 18
round 1
bot 0 26 8
round 2
round 3
round 4
round 5
coin 8 10
coin 46 12
round 6
round 7
round 8
round 9
round 10
coin 25 4
coin 29 18
round 11
round 12
round 13
round 14
round 15
coin 45 19
coin 9 3
round 16
round 17
round 18
round 19
round 20
coin 54 14
coin 0 8
round 21
round 22
round 23
round 24
round 25
coin 22 15
coin 32 7
round 26
round 27
round 28
round 29
round 30
coin 46 21
coin 8 1
round 31
round 32
round 33
round 34
round 35
coin 46 6
coin 8 16
round 36
round 37
round 38
round 39
round 40
coin 26 15
coin 28 7
round 41
round 42
round 43
round 44
round 45
coin 33 16
coin 21 6
round 46
round 47
round 48
round 49
round 50
coin 11 22
coin 41 0
round 51
round 52
round 53
round 54
round 55
coin 36 21
coin 18 1
round 56
round 57
round 58
round 59
round 60
coin 23 0
coin 31 22
round 61
round 62
round 63
round 64
round 65
coin 11 20
coin 43 4
round 66
round 67
round 68
round 69
round 70
coin 37 11
coin 17 11
round 71
round 72
round 73
round 74
round 75
coin 0 4
coin 54 18
round 76
round 77
round 78
round 79
round 80
coin 45 5
coin 9 17
round 81
round 82
round 83
round 84
round 85
coin 32 18
coin 22 4
round 86
round 87
round 88
round 89
round 90
coin 32 8
coin 22 14
round 91
round 92
round 93
round 94
round 95
coin 41 1
coin 13 21
round 96
round 97
round 98
round 99
round 100
coin 24 16
coin 30 6
round 101
round 102
round 103
round 104
round 105
coin 24 0
coin 30 22
round 106
round 107
round 108
round 109
round 110
coin 10 14
coin 44 8
round 111
round 112
round 113
round 114
round 115
coin 12 16
coin 42 6
round 116
round 117
round 118
round 119
round 120
coin 7 3
coin 47 19
round 121
round 122
round 123
round 124
round 125
coin 48 3
coin 6 19
round 126
round 127
match_over 0
round 128
