match
match_id 1639337890479_ah
match_time 1639337890483
num_bots 1
##MatchConfig
mode FRIENDLY
num_rounds 200
random_seed 42
move_time_limit 1000
coin_spawn_period 5
coin_spawn_volume 2
##MapConfig
map_size 51 32
view_radius 6
mining_radius 2
attack_radius 4
block 0 0
block 1 0
block 2 0
block 13 0
block 14 0
block 15 0
block 47 0
block 48 0
block 49 0
block 50 0
block 0 1
block 1 1
block 2 1
block 13 1
block 14 1
block 15 1
block 19 1
block 20 1
block 21 1
block 22 1
block 23 1
block 24 1
block 47 1
block 48 1
block 49 1
block 50 1
block 0 2
block 1 2
block 2 2
block 13 2
block 14 2
block 15 2
block 17 2
block 18 2
block 19 2
block 20 2
block 21 2
block 22 2
block 23 2
block 24 2
block 47 2
block 48 2
block 49 2
block 50 2
block 4 3
block 5 3
block 6 3
block 7 3
block 8 3
block 9 3
block 13 3
block 14 3
block 15 3
block 17 3
block 18 3
block 4 4
block 5 4
block 6 4
block 7 4
block 8 4
block 9 4
block 13 4
block 14 4
block 15 4
block 4 5
block 5 5
block 6 5
block 7 5
block 8 5
block 9 5
block 13 5
block 14 5
block 15 5
block 4 6
block 5 6
block 6 6
block 7 6
block 8 6
block 9 6
block 39 7
block 40 7
block 41 7
block 42 7
block 39 8
block 40 8
block 41 8
block 42 8
block 39 9
block 40 9
block 41 9
block 42 9
block 7 10
block 8 10
block 9 10
block 39 10
block 40 10
block 41 10
block 42 10
block 7 11
block 8 11
block 9 11
block 7 12
block 8 12
block 9 12
block 13 12
block 14 12
block 7 13
block 8 13
block 9 13
block 13 13
block 14 13
block 7 14
block 8 14
block 9 14
block 13 14
block 14 14
block 17 14
block 18 14
block 19 14
block 20 14
block 21 14
block 22 14
block 7 15
block 8 15
block 9 15
block 13 15
block 14 15
block 17 15
block 18 15
block 19 15
block 20 15
block 21 15
block 22 15
block 13 16
block 14 16
block 17 16
block 18 16
block 19 16
block 20 16
block 21 16
block 22 16
block 13 17
block 14 17
block 17 17
block 18 17
block 19 17
block 20 17
block 21 17
block 22 17
block 33 17
block 34 17
block 35 17
block 13 18
block 14 18
block 17 18
block 18 18
block 19 18
block 20 18
block 21 18
block 22 18
block 33 18
block 34 18
block 35 18
block 18 19
block 19 19
block 20 19
block 21 19
block 18 20
block 19 20
block 20 20
block 21 20
block 18 21
block 19 21
block 20 21
block 21 21
block 18 22
block 19 22
block 20 22
block 21 22
block 18 23
block 19 23
block 20 23
block 21 23
block 29 23
block 30 23
block 31 23
block 32 23
block 29 24
block 30 24
block 31 24
block 32 24
block 26 25
block 27 25
block 29 25
block 30 25
block 31 25
block 32 25
block 26 26
block 27 26
block 28 26
block 29 26
block 30 26
block 31 26
block 32 26
block 26 27
block 27 27
block 28 27
block 29 27
block 26 28
block 27 28
block 28 28
block 29 28
block 26 29
block 27 29
block 26 30
block 27 30
block 0 31
block 1 31
block 2 31
block 13 31
block 14 31
block 15 31
block 26 31
block 27 31
block 47 31
block 48 31
block 49 31
block 50 31
##BotsAndCoinsInfo
bot_name 0 starter-bot
bot 0 9 19
bot_coins 0 0
coin 26 1
coin 24 30
round 1
bot 0 9 20
round 2
bot 0 9 21
round 3
bot 0 9 22
round 4
bot 0 9 23
round 5
bot 0 9 24
coin 0 3
coin 50 28
round 6
bot 0 9 25
round 7
bot 0 9 26
round 8
bot 0 9 27
round 9
bot 0 9 28
round 10
bot 0 9 29
coin 9 30
coin 41 1
round 11
bot 0 9 30
coin_collected 9 30 0
bot_coins 0 1
round 12
bot 0 9 31
round 13
bot 0 8 30
round 14
bot 0 8 29
round 15
bot 0 8 28
coin 17 22
coin 33 9
round 16
bot 0 8 27
round 17
bot 0 8 26
round 18
bot 0 8 25
round 19
bot 0 8 24
round 20
bot 0 8 23
coin 1 3
coin 49 28
round 21
bot 0 8 22
round 22
bot 0 8 21
round 23
bot 0 8 20
round 24
bot 0 8 19
round 25
bot 0 8 18
coin 15 14
coin 35 16
round 26
bot 0 8 17
round 27
bot 0 8 16
round 28
bot 0 7 16
round 29
bot 0 6 16
round 30
bot 0 6 15
coin 42 12
coin 8 19
round 31
bot 0 6 14
round 32
bot 0 6 13
round 33
bot 0 6 12
round 34
bot 0 6 11
round 35
bot 0 6 10
coin 8 22
coin 43 9
round 36
bot 0 6 9
round 37
bot 0 6 8
round 38
bot 0 6 7
round 39
bot 0 5 7
round 40
bot 0 4 7
coin 3 24
coin 47 7
round 41
bot 0 3 7
round 42
bot 0 3 6
round 43
bot 0 3 5
round 44
bot 0 3 4
round 45
bot 0 3 3
coin_collected 1 3 0
bot_coins 0 2
coin 40 31
coin 10 0
round 46
bot 0 3 2
round 47
bot 0 3 1
round 48
bot 0 3 0
round 49
round 50
coin 35 4
coin 15 27
round 51
round 52
round 53
bot 0 3 1
round 54
bot 0 3 2
round 55
bot 0 3 3
coin 23 14
coin 27 17
round 56
bot 0 2 4
round 57
bot 0 2 5
round 58
bot 0 2 6
round 59
bot 0 2 7
round 60
bot 0 2 8
coin 2 29
coin 48 3
round 61
bot 0 2 9
round 62
bot 0 2 10
round 63
bot 0 2 11
round 64
bot 0 2 12
round 65
bot 0 2 13
coin 7 25
coin 43 6
round 66
bot 0 2 14
round 67
bot 0 2 15
round 68
bot 0 2 16
round 69
bot 0 2 17
round 70
bot 0 2 18
coin 19 4
coin 31 27
round 71
bot 0 2 19
round 72
bot 0 2 20
round 73
bot 0 2 21
round 74
bot 0 2 22
round 75
bot 0 2 23
coin_collected 3 24 0
bot_coins 0 3
coin 28 10
coin 22 21
round 76
bot 0 2 24
round 77
bot 0 2 25
round 78
bot 0 2 26
round 79
bot 0 2 27
coin_collected 2 29 0
bot_coins 0 4
round 80
bot 0 2 28
coin 38 8
coin 12 23
round 81
bot 0 2 29
round 82
bot 0 2 30
round 83
bot 0 1 30
round 84
bot 0 0 30
round 85
bot 0 50 30
coin_collected 50 28 0
bot_coins 0 5
coin 41 11
coin 9 20
round 86
bot 0 49 30
coin_collected 49 28 0
bot_coins 0 6
round 87
bot 0 48 30
round 88
bot 0 47 30
round 89
bot 0 46 30
round 90
bot 0 46 31
coin 42 5
coin 8 26
round 91
bot 0 45 30
round 92
bot 0 45 29
round 93
bot 0 45 28
round 94
bot 0 45 27
round 95
bot 0 45 26
coin 1 8
coin 49 23
round 96
bot 0 45 25
round 97
bot 0 45 24
round 98
bot 0 45 23
round 99
bot 0 45 22
round 100
bot 0 45 21
coin 23 20
coin 27 11
round 101
bot 0 45 20
round 102
bot 0 45 19
round 103
bot 0 45 18
round 104
bot 0 45 17
round 105
bot 0 45 16
coin 29 2
coin 21 29
round 106
bot 0 45 15
round 107
bot 0 45 14
round 108
bot 0 45 13
round 109
bot 0 45 12
round 110
bot 0 45 11
coin 12 2
coin 38 29
round 111
bot 0 45 10
round 112
bot 0 45 9
coin_collected 43 9 0
bot_coins 0 7
round 113
bot 0 45 8
round 114
bot 0 45 7
coin_collected 47 7 0
bot_coins 0 8
round 115
bot 0 45 6
coin_collected 43 6 0
bot_coins 0 9
coin 28 25
coin 22 6
round 116
bot 0 45 5
round 117
bot 0 45 4
round 118
bot 0 45 3
round 119
bot 0 45 2
round 120
bot 0 45 1
coin 13 10
coin 37 21
round 121
bot 0 45 0
round 122
bot 0 44 1
round 123
bot 0 44 2
round 124
bot 0 44 3
round 125
bot 0 44 4
coin 21 6
coin 28 24
round 126
bot 0 44 5
coin_collected 42 5 0
bot_coins 0 10
round 127
bot 0 44 6
round 128
bot 0 44 7
round 129
bot 0 44 8
round 130
bot 0 44 9
coin 5 0
coin 45 31
round 131
bot 0 44 10
round 132
bot 0 44 11
round 133
bot 0 44 12
coin_collected 42 12 0
bot_coins 0 11
round 134
bot 0 44 13
round 135
bot 0 44 14
coin 23 24
coin 27 7
round 136
bot 0 44 15
round 137
bot 0 44 16
round 138
bot 0 44 17
round 139
bot 0 44 18
round 140
bot 0 44 19
coin 34 2
coin 16 29
round 141
bot 0 44 20
round 142
round 143
round 144
match_over 0
round 145
