match
match_id 1639215192174_mf
match_time 1639215192176
num_bots 1
##MatchConfig
mode FRIENDLY
num_rounds 200
random_seed 42
move_time_limit 1000
coin_spawn_period 5
coin_spawn_volume 2
##MapConfig
map_size 76 23
view_radius 6
mining_radius 2
attack_radius 4
block 0 0
block 1 0
block 36 0
block 37 0
block 38 0
block 39 0
block 40 0
block 41 0
block 42 0
block 74 0
block 75 0
block 4 1
block 5 1
block 6 1
block 7 1
block 8 1
block 9 1
block 36 1
block 37 1
block 38 1
block 39 1
block 40 1
block 41 1
block 42 1
block 4 2
block 5 2
block 6 2
block 7 2
block 8 2
block 9 2
block 36 2
block 37 2
block 38 2
block 39 2
block 40 2
block 41 2
block 42 2
block 51 2
block 52 2
block 53 2
block 54 2
block 61 2
block 62 2
block 63 2
block 4 3
block 5 3
block 6 3
block 7 3
block 8 3
block 9 3
block 16 3
block 17 3
block 18 3
block 19 3
block 36 3
block 37 3
block 38 3
block 39 3
block 40 3
block 41 3
block 42 3
block 49 3
block 50 3
block 51 3
block 52 3
block 53 3
block 54 3
block 61 3
block 62 3
block 63 3
block 16 4
block 17 4
block 18 4
block 19 4
block 38 4
block 39 4
block 49 4
block 50 4
block 51 4
block 52 4
block 53 4
block 54 4
block 61 4
block 62 4
block 63 4
block 8 5
block 9 5
block 10 5
block 11 5
block 12 5
block 13 5
block 38 5
block 39 5
block 49 5
block 50 5
block 51 5
block 52 5
block 53 5
block 54 5
block 61 5
block 62 5
block 63 5
block 8 6
block 9 6
block 10 6
block 11 6
block 12 6
block 13 6
block 30 6
block 31 6
block 32 6
block 33 6
block 38 6
block 39 6
block 51 6
block 52 6
block 53 6
block 54 6
block 8 7
block 9 7
block 10 7
block 11 7
block 12 7
block 13 7
block 30 7
block 31 7
block 32 7
block 33 7
block 51 7
block 52 7
block 53 7
block 54 7
block 30 8
block 31 8
block 32 8
block 33 8
block 48 9
block 49 9
block 50 9
block 51 9
block 48 10
block 49 10
block 50 10
block 51 10
block 29 11
block 30 11
block 31 11
block 32 11
block 33 11
block 34 11
block 47 11
block 48 11
block 49 11
block 50 11
block 51 11
block 63 11
block 64 11
block 65 11
block 66 11
block 67 11
block 68 11
block 69 11
block 14 12
block 15 12
block 16 12
block 29 12
block 30 12
block 31 12
block 32 12
block 33 12
block 34 12
block 39 12
block 40 12
block 41 12
block 42 12
block 43 12
block 44 12
block 45 12
block 47 12
block 48 12
block 49 12
block 50 12
block 51 12
block 63 12
block 64 12
block 65 12
block 66 12
block 67 12
block 68 12
block 69 12
block 14 13
block 15 13
block 16 13
block 22 13
block 23 13
block 24 13
block 25 13
block 26 13
block 27 13
block 29 13
block 30 13
block 31 13
block 32 13
block 33 13
block 39 13
block 40 13
block 41 13
block 42 13
block 43 13
block 44 13
block 45 13
block 47 13
block 48 13
block 49 13
block 63 13
block 64 13
block 65 13
block 66 13
block 67 13
block 68 13
block 69 13
block 3 14
block 4 14
block 5 14
block 6 14
block 7 14
block 8 14
block 9 14
block 10 14
block 11 14
block 12 14
block 14 14
block 15 14
block 16 14
block 22 14
block 23 14
block 24 14
block 25 14
block 26 14
block 27 14
block 29 14
block 30 14
block 31 14
block 32 14
block 33 14
block 39 14
block 40 14
block 41 14
block 42 14
block 43 14
block 44 14
block 45 14
block 47 14
block 48 14
block 49 14
block 63 14
block 64 14
block 65 14
block 66 14
block 67 14
block 68 14
block 69 14
block 3 15
block 4 15
block 5 15
block 6 15
block 7 15
block 8 15
block 9 15
block 10 15
block 11 15
block 12 15
block 22 15
block 23 15
block 24 15
block 25 15
block 26 15
block 27 15
block 29 15
block 30 15
block 31 15
block 32 15
block 33 15
block 39 15
block 40 15
block 41 15
block 42 15
block 43 15
block 44 15
block 45 15
block 47 15
block 48 15
block 49 15
block 56 15
block 57 15
block 58 15
block 59 15
block 60 15
block 3 16
block 4 16
block 5 16
block 6 16
block 7 16
block 8 16
block 9 16
block 22 16
block 23 16
block 24 16
block 25 16
block 26 16
block 27 16
block 39 16
block 40 16
block 41 16
block 42 16
block 43 16
block 44 16
block 45 16
block 56 16
block 57 16
block 58 16
block 59 16
block 60 16
block 22 17
block 23 17
block 24 17
block 25 17
block 26 17
block 27 17
block 34 17
block 35 17
block 36 17
block 37 17
block 38 17
block 39 17
block 40 17
block 41 17
block 42 17
block 43 17
block 44 17
block 45 17
block 56 17
block 57 17
block 58 17
block 59 17
block 60 17
block 22 18
block 23 18
block 24 18
block 25 18
block 26 18
block 27 18
block 28 18
block 29 18
block 34 18
block 35 18
block 36 18
block 37 18
block 38 18
block 39 18
block 56 18
block 57 18
block 58 18
block 59 18
block 60 18
block 0 19
block 1 19
block 6 19
block 7 19
block 25 19
block 26 19
block 27 19
block 28 19
block 29 19
block 56 19
block 57 19
block 58 19
block 59 19
block 60 19
block 74 19
block 75 19
block 0 20
block 1 20
block 6 20
block 7 20
block 56 20
block 57 20
block 58 20
block 59 20
block 60 20
block 74 20
block 75 20
block 0 21
block 1 21
block 56 21
block 57 21
block 58 21
block 59 21
block 60 21
block 74 21
block 75 21
block 0 22
block 1 22
block 36 22
block 37 22
block 38 22
block 39 22
block 40 22
block 41 22
block 42 22
block 74 22
block 75 22
##BotsAndCoinsInfo
bot_name 0 starter-bot
bot 0 58 9
bot_coins 0 0
coin 26 4
coin 49 18
round 1
bot 0 58 10
round 2
bot 0 58 11
round 3
bot 0 58 12
round 4
bot 0 58 13
round 5
bot 0 58 14
coin 12 10
coin 62 12
round 6
round 7
round 8
round 9
round 10
coin 6 4
coin 69 18
round 11
round 12
round 13
round 14
round 15
coin 25 20
coin 50 2
round 16
round 17
round 18
round 19
round 20
coin 51 14
coin 24 8
round 21
round 22
round 23
round 24
round 25
coin 42 18
coin 33 4
round 26
round 27
round 28
round 29
round 30
coin 12 21
coin 63 1
round 31
round 32
round 33
round 34
round 35
coin 64 6
coin 11 16
round 36
round 37
round 38
round 39
round 40
coin 68 15
coin 7 7
round 41
round 42
round 43
round 44
round 45
coin 11 17
coin 64 5
round 46
round 47
round 48
round 49
round 50
coin 40 21
coin 35 1
round 51
round 52
round 53
round 54
round 55
coin 54 21
coin 21 1
round 56
round 57
round 58
round 59
round 60
coin 47 0
coin 28 22
round 61
round 62
round 63
round 64
round 65
coin 5 20
coin 70 2
round 66
round 67
round 68
round 69
round 70
coin 67 10
coin 8 12
round 71
round 72
round 73
round 74
round 75
coin 37 4
coin 38 19
round 76
round 77
round 78
round 79
round 80
coin 62 6
coin 13 16
round 81
round 82
round 83
round 84
round 85
coin 24 19
coin 51 1
round 86
round 87
round 88
round 89
round 90
coin 60 8
coin 15 15
round 91
round 92
round 93
round 94
round 95
coin 1 1
coin 73 21
round 96
round 97
round 98
round 99
round 100
coin 28 16
coin 47 6
round 101
round 102
round 103
round 104
round 105
coin 75 1
coin 2 21
round 106
round 107
round 108
round 109
round 110
coin 31 16
coin 44 6
round 111
round 112
round 113
round 114
round 115
coin 63 16
coin 12 8
round 116
round 117
round 118
round 119
round 120
coin 17 2
coin 58 22
round 121
round 122
round 123
round 124
match_over 0
round 125
