match
match_id 1639170022417_cl
match_time 1639170022426
num_bots 1
##MatchConfig
mode FRIENDLY
num_rounds 200
random_seed 42
move_time_limit 1000
coin_spawn_period 5
coin_spawn_volume 2
##MapConfig
map_size 63 31
view_radius 5
mining_radius 2
attack_radius 3
block 0 0
block 33 0
block 34 0
block 35 0
block 36 0
block 37 0
block 48 0
block 49 0
block 50 0
block 51 0
block 52 0
block 58 0
block 59 0
block 60 0
block 61 0
block 62 0
block 0 1
block 35 1
block 36 1
block 58 1
block 59 1
block 60 1
block 61 1
block 62 1
block 0 2
block 30 2
block 31 2
block 32 2
block 33 2
block 34 2
block 35 2
block 36 2
block 58 2
block 59 2
block 60 2
block 61 2
block 62 2
block 30 3
block 31 3
block 32 3
block 33 3
block 34 3
block 35 3
block 36 3
block 47 3
block 48 3
block 49 3
block 47 4
block 48 4
block 49 4
block 9 5
block 10 5
block 12 5
block 13 5
block 14 5
block 15 5
block 16 5
block 47 5
block 48 5
block 49 5
block 9 6
block 10 6
block 12 6
block 13 6
block 14 6
block 15 6
block 16 6
block 23 6
block 24 6
block 25 6
block 26 6
block 9 7
block 10 7
block 12 7
block 13 7
block 14 7
block 15 7
block 16 7
block 20 7
block 21 7
block 22 7
block 23 7
block 24 7
block 25 7
block 26 7
block 9 8
block 10 8
block 11 8
block 12 8
block 13 8
block 14 8
block 15 8
block 16 8
block 20 8
block 21 8
block 22 8
block 23 8
block 24 8
block 25 8
block 26 8
block 9 9
block 10 9
block 11 9
block 12 9
block 13 9
block 14 9
block 15 9
block 16 9
block 20 9
block 21 9
block 22 9
block 23 9
block 24 9
block 25 9
block 26 9
block 9 10
block 10 10
block 11 10
block 12 10
block 13 10
block 14 10
block 15 10
block 16 10
block 21 10
block 22 10
block 23 10
block 24 10
block 25 10
block 26 10
block 9 11
block 10 11
block 11 11
block 12 11
block 13 11
block 14 11
block 15 11
block 16 11
block 21 11
block 22 11
block 23 11
block 24 11
block 25 11
block 26 11
block 21 12
block 22 12
block 23 12
block 24 12
block 25 12
block 26 12
block 27 12
block 21 13
block 22 13
block 23 13
block 24 13
block 25 13
block 26 13
block 27 13
block 21 14
block 22 14
block 23 14
block 24 14
block 25 14
block 26 14
block 27 14
block 21 15
block 22 15
block 23 15
block 24 15
block 25 15
block 26 15
block 27 15
block 23 16
block 24 16
block 25 16
block 26 16
block 3 17
block 4 17
block 23 17
block 24 17
block 25 17
block 26 17
block 3 18
block 4 18
block 29 18
block 30 18
block 3 19
block 4 19
block 29 19
block 30 19
block 3 20
block 4 20
block 29 20
block 30 20
block 3 21
block 4 21
block 29 21
block 30 21
block 56 21
block 57 21
block 58 21
block 59 21
block 60 21
block 3 22
block 4 22
block 29 22
block 30 22
block 56 22
block 57 22
block 58 22
block 59 22
block 60 22
block 3 23
block 4 23
block 29 23
block 30 23
block 31 23
block 32 23
block 33 23
block 34 23
block 45 23
block 46 23
block 47 23
block 56 23
block 57 23
block 58 23
block 59 23
block 60 23
block 14 24
block 15 24
block 16 24
block 17 24
block 18 24
block 19 24
block 29 24
block 30 24
block 31 24
block 32 24
block 33 24
block 34 24
block 45 24
block 46 24
block 47 24
block 56 24
block 57 24
block 58 24
block 59 24
block 60 24
block 14 25
block 15 25
block 16 25
block 17 25
block 18 25
block 19 25
block 29 25
block 30 25
block 31 25
block 32 25
block 33 25
block 34 25
block 35 25
block 36 25
block 37 25
block 45 25
block 46 25
block 47 25
block 48 25
block 49 25
block 50 25
block 51 25
block 52 25
block 56 25
block 57 25
block 58 25
block 59 25
block 60 25
block 14 26
block 15 26
block 16 26
block 29 26
block 30 26
block 31 26
block 32 26
block 33 26
block 34 26
block 35 26
block 36 26
block 37 26
block 47 26
block 48 26
block 49 26
block 50 26
block 51 26
block 52 26
block 56 26
block 57 26
block 58 26
block 59 26
block 60 26
block 6 27
block 7 27
block 8 27
block 9 27
block 10 27
block 29 27
block 30 27
block 31 27
block 32 27
block 33 27
block 34 27
block 35 27
block 36 27
block 37 27
block 47 27
block 48 27
block 49 27
block 50 27
block 51 27
block 52 27
block 56 27
block 57 27
block 58 27
block 59 27
block 60 27
block 2 28
block 3 28
block 4 28
block 5 28
block 6 28
block 7 28
block 8 28
block 9 28
block 10 28
block 29 28
block 30 28
block 31 28
block 32 28
block 33 28
block 34 28
block 35 28
block 36 28
block 37 28
block 47 28
block 48 28
block 49 28
block 50 28
block 51 28
block 52 28
block 2 29
block 3 29
block 4 29
block 5 29
block 6 29
block 29 29
block 30 29
block 31 29
block 32 29
block 33 29
block 34 29
block 35 29
block 36 29
block 37 29
block 48 29
block 49 29
block 50 29
block 51 29
block 52 29
block 0 30
block 2 30
block 3 30
block 4 30
block 5 30
block 6 30
block 33 30
block 34 30
block 35 30
block 36 30
block 37 30
block 48 30
block 49 30
block 50 30
block 51 30
block 52 30
block 58 30
block 59 30
block 60 30
block 61 30
block 62 30
##BotsAndCoinsInfo
bot_name 0 starter-bot
bot 0 60 28
bot_coins 0 0
coin 8 10
coin 54 20
round 1
bot 0 60 29
round 2
round 3
round 4
round 5
coin 27 23
coin 35 7
round 6
round 7
round 8
round 9
round 10
coin 54 28
coin 8 2
round 11
round 12
round 13
round 14
round 15
coin 50 1
coin 12 29
round 16
round 17
round 18
round 19
round 20
coin 34 4
coin 28 26
round 21
round 22
round 23
round 24
round 25
coin 38 0
coin 24 30
round 26
round 27
round 28
round 29
round 30
coin 42 27
coin 20 3
round 31
round 32
round 33
round 34
round 35
coin 8 19
coin 54 11
round 36
round 37
round 38
round 39
round 40
coin 42 21
coin 20 10
round 41
round 42
round 43
round 44
round 45
coin 28 19
coin 34 11
round 46
round 47
round 48
round 49
round 50
coin 5 8
coin 55 22
round 51
round 52
round 53
round 54
round 55
coin 8 18
coin 54 12
round 56
round 57
round 58
round 59
round 60
coin 14 18
coin 48 12
round 61
round 62
round 63
round 64
round 65
coin 7 18
coin 55 12
round 66
round 67
round 68
round 69
round 70
coin 46 21
coin 17 9
round 71
round 72
round 73
round 74
round 75
coin 40 26
coin 22 4
round 76
round 77
round 78
round 79
round 80
coin 2 17
coin 60 13
round 81
round 82
round 83
round 84
round 85
coin 38 22
coin 22 6
round 86
round 87
round 88
round 89
round 90
coin 12 20
coin 50 10
round 91
round 92
round 93
round 94
round 95
coin 7 24
coin 55 6
round 96
round 97
round 98
round 99
round 100
coin 41 19
coin 20 11
round 101
round 102
round 103
round 104
round 105
coin 35 6
coin 27 24
round 106
round 107
round 108
round 109
round 110
coin 59 12
coin 2 18
round 111
round 112
round 113
round 114
round 115
coin 13 29
coin 49 1
round 116
round 117
round 118
round 119
round 120
coin 55 4
coin 7 26
round 121
round 122
round 123
round 124
round 125
coin 40 30
coin 22 0
round 126
round 127
round 128
round 129
round 130
coin 44 1
coin 18 29
round 131
round 132
round 133
round 134
round 135
coin 44 11
coin 18 19
round 136
round 137
round 138
round 139
round 140
coin 28 22
coin 34 8
round 141
round 142
round 143
round 144
round 145
coin 57 14
coin 5 16
round 146
round 147
round 148
round 149
round 150
coin 28 23
coin 34 7
round 151
round 152
round 153
round 154
round 155
coin 11 22
coin 51 8
round 156
round 157
round 158
round 159
round 160
coin 8 26
coin 54 4
round 161
round 162
round 163
round 164
round 165
coin 41 7
coin 21 23
round 166
round 167
round 168
round 169
round 170
coin 46 4
coin 17 26
round 171
round 172
round 173
round 174
round 175
coin 10 17
coin 52 13
round 176
round 177
round 178
round 179
round 180
match_over 0
coin 4 2
coin 58 28
round 181
