match
match_id 1639475360278_aa
match_time 1639475360357
num_bots 1
##MatchConfig
mode FRIENDLY
num_rounds 200
random_seed 42
move_time_limit 1000
coin_spawn_period 5
coin_spawn_volume 2
##MapConfig
map_size 64 39
view_radius 6
mining_radius 1
attack_radius 4
block 4 0
block 5 0
block 6 0
block 7 0
block 8 0
block 9 0
block 25 0
block 26 0
block 27 0
block 28 0
block 29 0
block 30 0
block 32 0
block 33 0
block 34 0
block 35 0
block 36 0
block 37 0
block 59 0
block 60 0
block 61 0
block 62 0
block 63 0
block 4 1
block 5 1
block 6 1
block 7 1
block 8 1
block 9 1
block 25 1
block 26 1
block 27 1
block 28 1
block 29 1
block 30 1
block 35 1
block 36 1
block 59 1
block 60 1
block 61 1
block 62 1
block 63 1
block 4 2
block 5 2
block 6 2
block 7 2
block 8 2
block 9 2
block 25 2
block 26 2
block 27 2
block 28 2
block 29 2
block 30 2
block 35 2
block 36 2
block 62 2
block 63 2
block 62 3
block 63 3
block 62 4
block 63 4
block 4 5
block 5 5
block 6 5
block 13 5
block 14 5
block 15 5
block 16 5
block 17 5
block 18 5
block 23 5
block 24 5
block 25 5
block 26 5
block 4 6
block 5 6
block 6 6
block 13 6
block 14 6
block 15 6
block 16 6
block 17 6
block 18 6
block 23 6
block 24 6
block 25 6
block 26 6
block 13 7
block 14 7
block 15 7
block 16 7
block 17 7
block 18 7
block 23 7
block 24 7
block 25 7
block 26 7
block 13 8
block 14 8
block 15 8
block 16 8
block 17 8
block 18 8
block 23 8
block 24 8
block 25 8
block 26 8
block 9 9
block 10 9
block 11 9
block 12 9
block 13 9
block 14 9
block 15 9
block 16 9
block 17 9
block 18 9
block 23 9
block 24 9
block 25 9
block 26 9
block 46 9
block 47 9
block 48 9
block 49 9
block 50 9
block 51 9
block 52 9
block 9 10
block 10 10
block 11 10
block 12 10
block 13 10
block 14 10
block 15 10
block 16 10
block 17 10
block 18 10
block 23 10
block 24 10
block 25 10
block 26 10
block 33 10
block 34 10
block 35 10
block 36 10
block 37 10
block 46 10
block 47 10
block 48 10
block 49 10
block 50 10
block 51 10
block 52 10
block 53 10
block 9 11
block 10 11
block 11 11
block 12 11
block 13 11
block 14 11
block 15 11
block 33 11
block 34 11
block 35 11
block 36 11
block 37 11
block 46 11
block 47 11
block 48 11
block 49 11
block 50 11
block 51 11
block 52 11
block 53 11
block 9 12
block 10 12
block 11 12
block 12 12
block 13 12
block 14 12
block 15 12
block 33 12
block 34 12
block 35 12
block 36 12
block 37 12
block 46 12
block 47 12
block 48 12
block 49 12
block 50 12
block 51 12
block 52 12
block 53 12
block 9 13
block 10 13
block 11 13
block 12 13
block 13 13
block 14 13
block 15 13
block 33 13
block 34 13
block 35 13
block 36 13
block 37 13
block 46 13
block 47 13
block 48 13
block 49 13
block 50 13
block 51 13
block 52 13
block 53 13
block 0 14
block 1 14
block 2 14
block 3 14
block 9 14
block 10 14
block 11 14
block 12 14
block 13 14
block 14 14
block 15 14
block 46 14
block 47 14
block 48 14
block 49 14
block 50 14
block 51 14
block 52 14
block 62 14
block 63 14
block 0 15
block 1 15
block 2 15
block 3 15
block 9 15
block 10 15
block 11 15
block 12 15
block 13 15
block 14 15
block 15 15
block 46 15
block 47 15
block 48 15
block 49 15
block 50 15
block 51 15
block 52 15
block 62 15
block 63 15
block 0 16
block 1 16
block 2 16
block 3 16
block 9 16
block 10 16
block 11 16
block 12 16
block 13 16
block 62 16
block 63 16
block 0 17
block 1 17
block 2 17
block 3 17
block 9 17
block 10 17
block 11 17
block 12 17
block 13 17
block 36 17
block 37 17
block 38 17
block 39 17
block 62 17
block 63 17
block 0 18
block 1 18
block 2 18
block 3 18
block 36 18
block 37 18
block 38 18
block 39 18
block 62 18
block 63 18
block 0 19
block 1 19
block 2 19
block 3 19
block 36 19
block 37 19
block 38 19
block 39 19
block 62 19
block 63 19
block 36 20
block 37 20
block 38 20
block 39 20
block 36 21
block 37 21
block 38 21
block 39 21
block 36 22
block 37 22
block 38 22
block 39 22
block 48 23
block 49 23
block 50 23
block 51 23
block 52 23
block 48 24
block 49 24
block 50 24
block 51 24
block 52 24
block 48 25
block 49 25
block 50 25
block 51 25
block 52 25
block 48 26
block 49 26
block 50 26
block 51 26
block 52 26
block 48 27
block 49 27
block 50 27
block 51 27
block 52 27
block 48 28
block 49 28
block 50 28
block 51 28
block 52 28
block 35 29
block 36 29
block 37 29
block 38 29
block 48 29
block 49 29
block 50 29
block 51 29
block 52 29
block 3 30
block 4 30
block 5 30
block 6 30
block 7 30
block 8 30
block 9 30
block 35 30
block 36 30
block 37 30
block 38 30
block 3 31
block 4 31
block 5 31
block 6 31
block 7 31
block 8 31
block 9 31
block 37 31
block 38 31
block 39 31
block 40 31
block 41 31
block 3 32
block 4 32
block 5 32
block 6 32
block 7 32
block 8 32
block 9 32
block 37 32
block 38 32
block 39 32
block 40 32
block 41 32
block 3 33
block 4 33
block 5 33
block 6 33
block 7 33
block 8 33
block 9 33
block 32 33
block 33 33
block 34 33
block 35 33
block 36 33
block 37 33
block 38 33
block 39 33
block 40 33
block 41 33
block 32 34
block 33 34
block 34 34
block 35 34
block 36 34
block 37 34
block 38 34
block 39 34
block 40 34
block 41 34
block 46 34
block 47 34
block 48 34
block 49 34
block 50 34
block 51 34
block 25 35
block 26 35
block 27 35
block 28 35
block 29 35
block 30 35
block 32 35
block 33 35
block 34 35
block 35 35
block 36 35
block 37 35
block 38 35
block 39 35
block 40 35
block 41 35
block 46 35
block 47 35
block 48 35
block 49 35
block 50 35
block 51 35
block 25 36
block 26 36
block 27 36
block 28 36
block 29 36
block 30 36
block 32 36
block 33 36
block 34 36
block 35 36
block 36 36
block 37 36
block 38 36
block 39 36
block 40 36
block 41 36
block 46 36
block 47 36
block 48 36
block 49 36
block 50 36
block 51 36
block 25 37
block 26 37
block 27 37
block 28 37
block 29 37
block 30 37
block 32 37
block 33 37
block 34 37
block 35 37
block 36 37
block 37 37
block 46 37
block 47 37
block 48 37
block 49 37
block 50 37
block 51 37
block 25 38
block 26 38
block 27 38
block 28 38
block 29 38
block 30 38
block 32 38
block 33 38
block 34 38
block 35 38
block 36 38
block 37 38
block 46 38
block 47 38
block 48 38
block 49 38
block 50 38
block 51 38
block 59 38
block 60 38
block 61 38
block 62 38
block 63 38
##BotsAndCoinsInfo
bot_name 0 starter-bot
bot 0 45 18
bot_coins 0 0
coin 46 33
coin 17 4
round 1
bot 0 45 19
round 2
bot 0 45 20
round 3
bot 0 45 21
round 4
bot 0 45 22
round 5
bot 0 45 23
coin 43 38
coin 20 0
round 6
bot 0 45 24
round 7
bot 0 45 25
round 8
bot 0 45 26
round 9
bot 0 45 27
round 10
bot 0 45 28
coin 19 4
coin 44 34
round 11
bot 0 45 29
round 12
bot 0 45 30
round 13
round 14
round 15
coin 17 29
coin 46 8
round 16
round 17
round 18
round 19
round 20
coin 42 2
coin 21 36
round 21
round 22
round 23
round 24
round 25
coin 57 26
coin 6 12
round 26
round 27
round 28
round 29
round 30
coin 22 6
coin 42 32
round 31
round 32
round 33
round 34
bot 0 45 29
round 35
bot 0 45 28
coin 17 17
coin 46 21
round 36
bot 0 45 27
round 37
bot 0 45 26
round 38
bot 0 45 25
round 39
bot 0 45 24
round 40
bot 0 45 23
coin 29 21
coin 34 17
round 41
bot 0 45 22
round 42
bot 0 45 21
coin_collected 46 21 0
bot_coins 0 1
round 43
bot 0 45 20
round 44
bot 0 45 19
round 45
bot 0 45 18
coin 50 0
coin 13 38
round 46
bot 0 45 17
round 47
bot 0 45 16
round 48
bot 0 45 15
round 49
bot 0 45 14
round 50
bot 0 45 13
coin 58 4
coin 5 34
round 51
bot 0 45 12
round 52
bot 0 45 11
round 53
bot 0 45 10
round 54
bot 0 45 9
round 55
bot 0 45 8
coin_collected 46 8 0
bot_coins 0 2
coin 27 30
coin 36 8
round 56
bot 0 45 7
round 57
bot 0 45 6
round 58
bot 0 45 5
round 59
bot 0 45 4
round 60
bot 0 45 3
coin 47 21
coin 16 17
round 61
bot 0 45 2
round 62
bot 0 45 1
round 63
bot 0 45 0
round 64
bot 0 44 1
round 65
bot 0 44 2
coin 24 19
coin 40 19
round 66
bot 0 44 3
round 67
bot 0 44 4
round 68
bot 0 44 5
round 69
bot 0 44 6
round 70
bot 0 44 7
coin 11 24
coin 53 14
round 71
bot 0 44 8
round 72
bot 0 44 9
round 73
bot 0 44 10
round 74
bot 0 44 11
round 75
bot 0 44 12
coin 38 37
coin 24 1
round 76
bot 0 44 13
round 77
bot 0 44 14
round 78
bot 0 44 15
round 79
bot 0 44 16
round 80
bot 0 44 17
coin 13 20
coin 50 18
round 81
bot 0 44 18
round 82
bot 0 44 19
round 83
bot 0 44 20
round 84
bot 0 44 21
round 85
coin 52 8
coin 11 30
round 86
round 87
match_over 0
round 88
