match
match_id 1639178637686_iq
match_time 1639178637692
num_bots 1
##MatchConfig
mode FRIENDLY
num_rounds 200
random_seed 42
move_time_limit 1000
coin_spawn_period 5
coin_spawn_volume 2
##MapConfig
map_size 69 24
view_radius 5
mining_radius 2
attack_radius 3
block 12 0
block 13 0
block 14 0
block 15 0
block 16 0
block 27 0
block 28 0
block 47 0
block 48 0
block 49 0
block 50 0
block 51 0
block 52 0
block 53 0
block 10 1
block 11 1
block 12 1
block 13 1
block 14 1
block 15 1
block 16 1
block 27 1
block 28 1
block 47 1
block 48 1
block 49 1
block 50 1
block 51 1
block 52 1
block 53 1
block 9 2
block 10 2
block 11 2
block 12 2
block 13 2
block 14 2
block 15 2
block 47 2
block 48 2
block 49 2
block 50 2
block 51 2
block 52 2
block 53 2
block 9 3
block 10 3
block 11 3
block 12 3
block 13 3
block 14 3
block 15 3
block 47 3
block 48 3
block 49 3
block 50 3
block 51 3
block 52 3
block 53 3
block 9 4
block 10 4
block 11 4
block 12 4
block 13 4
block 14 4
block 15 4
block 48 4
block 49 4
block 50 4
block 51 4
block 52 4
block 53 4
block 54 4
block 9 5
block 10 5
block 11 5
block 12 5
block 13 5
block 14 5
block 15 5
block 45 5
block 46 5
block 48 5
block 49 5
block 50 5
block 51 5
block 52 5
block 53 5
block 54 5
block 9 6
block 10 6
block 11 6
block 12 6
block 13 6
block 14 6
block 15 6
block 22 6
block 23 6
block 24 6
block 25 6
block 45 6
block 46 6
block 48 6
block 49 6
block 50 6
block 51 6
block 52 6
block 53 6
block 54 6
block 9 7
block 10 7
block 11 7
block 12 7
block 13 7
block 14 7
block 15 7
block 22 7
block 23 7
block 24 7
block 25 7
block 45 7
block 46 7
block 48 7
block 49 7
block 50 7
block 51 7
block 52 7
block 53 7
block 54 7
block 9 8
block 10 8
block 11 8
block 12 8
block 13 8
block 14 8
block 15 8
block 45 8
block 46 8
block 48 8
block 49 8
block 50 8
block 51 8
block 52 8
block 53 8
block 54 8
block 9 9
block 10 9
block 11 9
block 12 9
block 13 9
block 14 9
block 36 9
block 37 9
block 38 9
block 39 9
block 40 9
block 45 9
block 46 9
block 48 9
block 49 9
block 50 9
block 51 9
block 52 9
block 53 9
block 54 9
block 1 10
block 2 10
block 3 10
block 4 10
block 9 10
block 10 10
block 11 10
block 12 10
block 13 10
block 14 10
block 36 10
block 37 10
block 38 10
block 39 10
block 40 10
block 52 10
block 53 10
block 54 10
block 1 11
block 2 11
block 3 11
block 4 11
block 9 11
block 10 11
block 11 11
block 12 11
block 13 11
block 14 11
block 36 11
block 37 11
block 38 11
block 39 11
block 40 11
block 43 11
block 44 11
block 45 11
block 46 11
block 47 11
block 48 11
block 1 12
block 2 12
block 3 12
block 4 12
block 8 12
block 9 12
block 10 12
block 11 12
block 13 12
block 14 12
block 15 12
block 16 12
block 17 12
block 18 12
block 19 12
block 36 12
block 37 12
block 38 12
block 39 12
block 40 12
block 43 12
block 44 12
block 45 12
block 46 12
block 47 12
block 48 12
block 60 12
block 61 12
block 62 12
block 63 12
block 1 13
block 2 13
block 3 13
block 4 13
block 8 13
block 9 13
block 10 13
block 11 13
block 13 13
block 14 13
block 15 13
block 16 13
block 17 13
block 18 13
block 19 13
block 60 13
block 61 13
block 62 13
block 63 13
block 1 14
block 2 14
block 3 14
block 4 14
block 6 14
block 7 14
block 8 14
block 9 14
block 10 14
block 11 14
block 60 14
block 61 14
block 62 14
block 63 14
block 1 15
block 2 15
block 3 15
block 4 15
block 6 15
block 7 15
block 8 15
block 9 15
block 10 15
block 11 15
block 60 15
block 61 15
block 62 15
block 63 15
block 1 16
block 2 16
block 3 16
block 4 16
block 6 16
block 7 16
block 8 16
block 9 16
block 10 16
block 11 16
block 60 16
block 61 16
block 62 16
block 63 16
block 6 17
block 7 17
block 8 17
block 9 17
block 46 17
block 47 17
block 48 17
block 57 17
block 58 17
block 59 17
block 60 17
block 61 17
block 62 17
block 63 17
block 45 18
block 46 18
block 47 18
block 48 18
block 49 18
block 50 18
block 57 18
block 58 18
block 59 18
block 60 18
block 61 18
block 62 18
block 63 18
block 45 19
block 46 19
block 47 19
block 48 19
block 49 19
block 50 19
block 57 19
block 58 19
block 59 19
block 7 20
block 8 20
block 9 20
block 10 20
block 11 20
block 12 20
block 45 20
block 46 20
block 47 20
block 48 20
block 49 20
block 50 20
block 57 20
block 58 20
block 59 20
block 7 21
block 8 21
block 9 21
block 10 21
block 11 21
block 12 21
block 13 21
block 14 21
block 15 21
block 16 21
block 45 21
block 46 21
block 47 21
block 48 21
block 49 21
block 50 21
block 51 21
block 52 21
block 53 21
block 7 22
block 8 22
block 9 22
block 10 22
block 11 22
block 12 22
block 13 22
block 14 22
block 15 22
block 16 22
block 45 22
block 46 22
block 47 22
block 48 22
block 49 22
block 50 22
block 51 22
block 52 22
block 53 22
block 12 23
block 13 23
block 14 23
block 15 23
block 16 23
block 45 23
block 46 23
block 47 23
block 48 23
block 49 23
block 50 23
block 51 23
block 52 23
block 53 23
##BotsAndCoinsInfo
bot_name 0 starter-bot
bot 0 53 11
bot_coins 0 0
coin 29 3
coin 39 20
round 1
bot 0 53 12
round 2
bot 0 53 13
round 3
bot 0 53 14
round 4
bot 0 53 15
round 5
bot 0 53 16
coin 9 19
coin 59 4
round 6
bot 0 53 17
round 7
bot 0 53 18
round 8
bot 0 53 19
round 9
bot 0 53 20
round 10
coin 30 13
coin 38 8
round 11
round 12
round 13
round 14
round 15
coin 5 14
coin 63 9
round 16
round 17
round 18
round 19
round 20
coin 7 5
coin 61 19
round 21
round 22
round 23
round 24
round 25
coin 23 14
coin 45 10
round 26
round 27
round 28
round 29
round 30
coin 48 13
coin 20 10
round 31
round 32
round 33
round 34
round 35
coin 59 8
coin 10 17
round 36
round 37
round 38
round 39
round 40
coin 33 18
coin 35 5
round 41
round 42
round 43
round 44
round 45
coin 46 16
coin 22 8
round 46
round 47
round 48
round 49
round 50
coin 16 7
coin 52 16
round 51
round 52
round 53
round 54
round 55
coin 23 9
coin 45 14
round 56
round 57
round 58
round 59
round 60
coin 26 9
coin 42 14
round 61
round 62
round 63
round 64
round 65
coin 61 10
coin 7 13
round 66
round 67
round 68
round 69
round 70
coin 58 6
coin 11 17
round 71
round 72
round 73
round 74
round 75
coin 43 13
coin 25 10
round 76
round 77
round 78
round 79
round 80
coin 65 5
coin 3 18
round 81
round 82
round 83
round 84
round 85
coin 62 23
coin 6 0
round 86
round 87
round 88
round 89
round 90
coin 42 13
coin 26 10
round 91
round 92
round 93
round 94
round 95
coin 7 12
coin 61 11
round 96
round 97
round 98
round 99
round 100
coin 32 1
coin 36 22
round 101
round 102
round 103
round 104
round 105
coin 16 2
coin 52 20
round 106
coin_collected 52 20 0
bot_coins 0 1
round 107
round 108
round 109
round 110
coin 41 6
coin 27 17
round 111
round 112
round 113
round 114
round 115
coin 37 23
coin 31 0
round 116
round 117
round 118
round 119
round 120
coin 25 19
coin 43 4
round 121
round 122
round 123
round 124
round 125
coin 37 8
coin 31 15
round 126
round 127
round 128
round 129
round 130
coin 32 4
coin 36 19
round 131
round 132
round 133
round 134
round 135
coin 68 10
coin 0 13
round 136
round 137
round 138
round 139
round 140
coin 28 19
coin 40 4
round 141
round 142
round 143
round 144
round 145
coin 8 3
coin 60 20
round 146
round 147
round 148
round 149
round 150
coin 5 11
coin 64 12
round 151
round 152
round 153
round 154
round 155
coin 62 1
coin 6 22
round 156
round 157
round 158
round 159
round 160
coin 44 2
coin 24 21
round 161
round 162
round 163
round 164
round 165
coin 35 7
coin 33 16
round 166
round 167
round 168
round 169
round 170
coin 42 3
coin 26 20
round 171
round 172
round 173
round 174
round 175
coin 40 5
coin 28 18
round 176
round 177
round 178
round 179
round 180
coin 67 13
coin 0 10
round 181
round 182
round 183
round 184
round 185
coin 58 5
coin 10 18
round 186
round 187
round 188
round 189
round 190
coin 54 3
coin 14 20
round 191
round 192
round 193
round 194
round 195
coin 23 21
coin 45 2
round 196
round 197
round 198
round 199
round 200
coin 15 10
coin 53 13
match_over 0
