match
match_id 1639470719123_ad
match_time 1639470719126
num_bots 1
##MatchConfig
mode FRIENDLY
num_rounds 200
random_seed 42
move_time_limit 1000
coin_spawn_period 5
coin_spawn_volume 2
##MapConfig
map_size 49 27
view_radius 6
mining_radius 1
attack_radius 3
block 23 0
block 24 0
block 25 0
block 26 0
block 27 0
block 28 0
block 29 0
block 31 0
block 32 0
block 23 1
block 24 1
block 25 1
block 26 1
block 27 1
block 28 1
block 29 1
block 30 1
block 31 1
block 32 1
block 33 1
block 34 1
block 23 2
block 24 2
block 25 2
block 26 2
block 27 2
block 28 2
block 29 2
block 30 2
block 31 2
block 32 2
block 33 2
block 34 2
block 23 3
block 24 3
block 25 3
block 26 3
block 27 3
block 28 3
block 29 3
block 30 3
block 31 3
block 32 3
block 33 3
block 34 3
block 3 4
block 4 4
block 5 4
block 6 4
block 7 4
block 23 4
block 24 4
block 25 4
block 26 4
block 27 4
block 28 4
block 29 4
block 30 4
block 31 4
block 32 4
block 33 4
block 34 4
block 3 5
block 4 5
block 5 5
block 6 5
block 7 5
block 28 5
block 29 5
block 30 5
block 31 5
block 32 5
block 33 5
block 34 5
block 2 6
block 3 6
block 4 6
block 5 6
block 6 6
block 7 6
block 8 6
block 2 7
block 3 7
block 4 7
block 5 7
block 6 7
block 7 7
block 8 7
block 2 8
block 3 8
block 4 8
block 5 8
block 6 8
block 7 8
block 8 8
block 9 8
block 10 8
block 11 8
block 12 8
block 13 8
block 0 9
block 1 9
block 3 9
block 4 9
block 5 9
block 6 9
block 7 9
block 8 9
block 9 9
block 10 9
block 11 9
block 12 9
block 13 9
block 44 9
block 45 9
block 46 9
block 47 9
block 48 9
block 0 10
block 1 10
block 7 10
block 8 10
block 9 10
block 10 10
block 11 10
block 12 10
block 13 10
block 17 10
block 18 10
block 19 10
block 20 10
block 21 10
block 22 10
block 23 10
block 44 10
block 45 10
block 46 10
block 47 10
block 48 10
block 0 11
block 1 11
block 4 11
block 5 11
block 6 11
block 7 11
block 8 11
block 9 11
block 10 11
block 11 11
block 12 11
block 13 11
block 17 11
block 18 11
block 19 11
block 20 11
block 21 11
block 22 11
block 23 11
block 44 11
block 45 11
block 46 11
block 47 11
block 48 11
block 0 12
block 1 12
block 2 12
block 3 12
block 4 12
block 5 12
block 6 12
block 7 12
block 8 12
block 11 12
block 12 12
block 13 12
block 44 12
block 45 12
block 46 12
block 47 12
block 48 12
block 0 13
block 1 13
block 2 13
block 3 13
block 4 13
block 5 13
block 6 13
block 7 13
block 8 13
block 11 13
block 12 13
block 13 13
block 44 13
block 45 13
block 46 13
block 47 13
block 48 13
block 4 14
block 5 14
block 6 14
block 7 14
block 8 14
block 11 14
block 12 14
block 13 14
block 25 14
block 26 14
block 27 14
block 28 14
block 29 14
block 30 14
block 31 14
block 5 15
block 6 15
block 7 15
block 8 15
block 11 15
block 12 15
block 13 15
block 19 15
block 20 15
block 21 15
block 25 15
block 26 15
block 27 15
block 28 15
block 29 15
block 30 15
block 31 15
block 34 15
block 35 15
block 36 15
block 5 16
block 6 16
block 19 16
block 20 16
block 21 16
block 25 16
block 26 16
block 27 16
block 28 16
block 29 16
block 30 16
block 31 16
block 32 16
block 34 16
block 35 16
block 36 16
block 5 17
block 6 17
block 15 17
block 16 17
block 17 17
block 18 17
block 19 17
block 20 17
block 21 17
block 25 17
block 26 17
block 27 17
block 28 17
block 29 17
block 30 17
block 31 17
block 32 17
block 34 17
block 35 17
block 36 17
block 10 18
block 11 18
block 12 18
block 13 18
block 14 18
block 15 18
block 16 18
block 17 18
block 18 18
block 19 18
block 25 18
block 26 18
block 27 18
block 28 18
block 29 18
block 30 18
block 31 18
block 34 18
block 35 18
block 36 18
block 9 19
block 10 19
block 11 19
block 12 19
block 13 19
block 14 19
block 25 19
block 26 19
block 27 19
block 28 19
block 29 19
block 30 19
block 31 19
block 34 19
block 35 19
block 36 19
block 9 20
block 10 20
block 11 20
block 12 20
block 13 20
block 14 20
block 23 20
block 24 20
block 25 20
block 26 20
block 27 20
block 28 20
block 29 20
block 30 20
block 31 20
block 34 20
block 35 20
block 36 20
block 9 21
block 10 21
block 11 21
block 12 21
block 13 21
block 14 21
block 22 21
block 23 21
block 24 21
block 25 21
block 26 21
block 27 21
block 34 21
block 35 21
block 36 21
block 9 22
block 10 22
block 11 22
block 12 22
block 13 22
block 14 22
block 15 22
block 16 22
block 17 22
block 18 22
block 19 22
block 22 22
block 23 22
block 24 22
block 25 22
block 26 22
block 27 22
block 0 23
block 10 23
block 11 23
block 12 23
block 13 23
block 14 23
block 15 23
block 16 23
block 17 23
block 18 23
block 19 23
block 22 23
block 23 23
block 24 23
block 25 23
block 26 23
block 27 23
block 45 23
block 46 23
block 47 23
block 48 23
block 0 24
block 14 24
block 15 24
block 16 24
block 17 24
block 18 24
block 19 24
block 22 24
block 23 24
block 31 24
block 32 24
block 45 24
block 46 24
block 47 24
block 48 24
block 15 25
block 16 25
block 17 25
block 18 25
block 19 25
block 22 25
block 23 25
block 31 25
block 32 25
block 15 26
block 16 26
block 17 26
block 18 26
block 19 26
block 22 26
block 23 26
block 31 26
block 32 26
##BotsAndCoinsInfo
bot_name 0 starter-bot
bot 0 2 26
bot_coins 0 0
coin 27 5
coin 21 21
round 1
bot 0 1 25
round 2
bot 0 1 24
round 3
bot 0 1 23
round 4
bot 0 1 22
round 5
bot 0 1 21
coin 33 17
coin 15 9
round 6
bot 0 1 20
round 7
bot 0 1 19
round 8
bot 0 1 18
round 9
bot 0 1 17
round 10
bot 0 1 16
coin 18 16
coin 30 10
round 11
bot 0 1 15
round 12
bot 0 1 14
round 13
bot 0 0 14
round 14
bot 0 48 14
round 15
bot 0 47 14
coin 1 20
coin 47 6
round 16
bot 0 46 14
round 17
bot 0 45 14
round 18
bot 0 44 14
round 19
bot 0 43 14
round 20
bot 0 43 13
coin 48 2
coin 0 25
round 21
bot 0 43 12
round 22
bot 0 43 11
round 23
bot 0 43 10
round 24
round 25
bot 0 42 9
coin 3 26
coin 45 0
round 26
bot 0 43 8
round 27
bot 0 44 7
round 28
bot 0 45 6
round 29
bot 0 46 5
round 30
bot 0 47 6
coin_collected 47 6 0
bot_coins 0 1
coin 28 9
coin 20 18
round 31
bot 0 47 5
round 32
bot 0 46 4
round 33
bot 0 45 3
round 34
bot 0 44 2
round 35
bot 0 45 1
coin_collected 45 0 0
bot_coins 0 2
coin 15 5
coin 33 21
round 36
bot 0 44 0
round 37
bot 0 45 26
round 38
bot 0 44 25
round 39
round 40
coin 28 6
coin 20 20
round 41
round 42
bot 0 45 25
round 43
bot 0 44 26
round 44
bot 0 43 25
round 45
bot 0 43 26
coin 0 8
coin 48 18
round 46
bot 0 42 26
round 47
round 48
bot 0 41 26
round 49
bot 0 42 26
round 50
coin 40 4
coin 8 22
round 51
round 52
bot 0 41 0
round 53
bot 0 42 26
round 54
bot 0 42 25
round 55
bot 0 41 26
coin 14 25
coin 35 1
round 56
bot 0 40 25
round 57
bot 0 39 26
round 58
bot 0 40 0
round 59
bot 0 41 0
round 60
bot 0 41 1
coin 28 26
coin 20 0
round 61
bot 0 41 0
round 62
bot 0 42 1
round 63
bot 0 41 1
round 64
bot 0 40 2
round 65
bot 0 39 2
coin 35 22
coin 13 4
round 66
bot 0 40 3
coin_collected 40 4 0
bot_coins 0 3
round 67
round 68
bot 0 39 3
round 69
round 70
bot 0 40 4
coin 11 3
coin 37 23
round 71
bot 0 39 3
round 72
bot 0 38 4
round 73
bot 0 39 5
round 74
bot 0 40 6
round 75
bot 0 39 5
coin 28 21
coin 20 5
round 76
bot 0 39 4
round 77
bot 0 40 5
round 78
bot 0 41 4
round 79
bot 0 42 3
round 80
coin 44 23
coin 4 3
round 81
round 82
match_over 0
round 83
