match
match_id 1639176484328_gz
match_time 1639176484330
num_bots 1
##MatchConfig
mode FRIENDLY
num_rounds 200
random_seed 42
move_time_limit 1000
coin_spawn_period 5
coin_spawn_volume 2
##MapConfig
map_size 55 35
view_radius 6
mining_radius 1
attack_radius 4
block 48 7
block 49 7
block 50 7
block 51 7
block 52 7
block 53 7
block 54 7
block 15 8
block 16 8
block 17 8
block 18 8
block 19 8
block 48 8
block 49 8
block 50 8
block 51 8
block 52 8
block 53 8
block 54 8
block 15 9
block 16 9
block 17 9
block 18 9
block 19 9
block 32 9
block 33 9
block 34 9
block 48 9
block 49 9
block 50 9
block 51 9
block 52 9
block 53 9
block 54 9
block 15 10
block 16 10
block 17 10
block 18 10
block 19 10
block 32 10
block 33 10
block 34 10
block 48 10
block 49 10
block 50 10
block 51 10
block 52 10
block 53 10
block 54 10
block 2 11
block 3 11
block 15 11
block 16 11
block 17 11
block 18 11
block 19 11
block 32 11
block 33 11
block 34 11
block 48 11
block 49 11
block 50 11
block 51 11
block 52 11
block 53 11
block 54 11
block 2 12
block 3 12
block 15 12
block 16 12
block 17 12
block 18 12
block 19 12
block 48 12
block 49 12
block 50 12
block 51 12
block 52 12
block 53 12
block 54 12
block 2 13
block 3 13
block 48 13
block 49 13
block 50 13
block 51 13
block 52 13
block 53 13
block 54 13
block 2 14
block 3 14
block 2 15
block 3 15
block 22 16
block 23 16
block 36 16
block 37 16
block 38 16
block 21 17
block 22 17
block 23 17
block 24 17
block 25 17
block 26 17
block 27 17
block 36 17
block 37 17
block 38 17
block 21 18
block 22 18
block 23 18
block 24 18
block 25 18
block 26 18
block 27 18
block 36 18
block 37 18
block 38 18
block 5 19
block 6 19
block 7 19
block 8 19
block 9 19
block 10 19
block 21 19
block 22 19
block 23 19
block 24 19
block 25 19
block 26 19
block 27 19
block 36 19
block 37 19
block 38 19
block 0 20
block 1 20
block 2 20
block 5 20
block 6 20
block 7 20
block 8 20
block 9 20
block 10 20
block 20 20
block 21 20
block 22 20
block 23 20
block 24 20
block 25 20
block 26 20
block 27 20
block 36 20
block 37 20
block 38 20
block 52 20
block 53 20
block 54 20
block 0 21
block 1 21
block 2 21
block 5 21
block 6 21
block 7 21
block 8 21
block 9 21
block 10 21
block 20 21
block 21 21
block 22 21
block 23 21
block 24 21
block 25 21
block 26 21
block 27 21
block 36 21
block 37 21
block 38 21
block 52 21
block 53 21
block 54 21
block 0 22
block 1 22
block 2 22
block 5 22
block 6 22
block 7 22
block 8 22
block 9 22
block 10 22
block 20 22
block 21 22
block 22 22
block 23 22
block 24 22
block 25 22
block 26 22
block 27 22
block 36 22
block 37 22
block 38 22
block 39 22
block 52 22
block 53 22
block 54 22
block 0 23
block 1 23
block 2 23
block 5 23
block 6 23
block 7 23
block 8 23
block 9 23
block 10 23
block 20 23
block 21 23
block 22 23
block 23 23
block 24 23
block 25 23
block 26 23
block 27 23
block 36 23
block 37 23
block 38 23
block 39 23
block 41 23
block 42 23
block 43 23
block 44 23
block 52 23
block 53 23
block 54 23
block 0 24
block 1 24
block 2 24
block 5 24
block 6 24
block 7 24
block 8 24
block 9 24
block 10 24
block 20 24
block 21 24
block 22 24
block 23 24
block 24 24
block 25 24
block 41 24
block 42 24
block 43 24
block 44 24
block 52 24
block 53 24
block 54 24
block 0 25
block 1 25
block 2 25
block 5 25
block 6 25
block 7 25
block 8 25
block 9 25
block 10 25
block 11 25
block 20 25
block 21 25
block 22 25
block 23 25
block 24 25
block 25 25
block 41 25
block 42 25
block 43 25
block 44 25
block 52 25
block 53 25
block 54 25
block 6 26
block 7 26
block 8 26
block 9 26
block 10 26
block 11 26
block 12 26
block 13 26
block 14 26
block 15 26
block 16 26
block 17 26
block 18 26
block 20 26
block 21 26
block 22 26
block 23 26
block 24 26
block 25 26
block 41 26
block 42 26
block 43 26
block 44 26
block 6 27
block 7 27
block 8 27
block 9 27
block 10 27
block 11 27
block 12 27
block 13 27
block 14 27
block 15 27
block 16 27
block 17 27
block 18 27
block 20 27
block 21 27
block 22 27
block 23 27
block 24 27
block 25 27
block 41 27
block 42 27
block 43 27
block 44 27
block 6 28
block 7 28
block 8 28
block 9 28
block 10 28
block 11 28
block 20 28
block 21 28
block 22 28
block 23 28
block 24 28
block 25 28
block 41 28
block 42 28
block 43 28
block 44 28
block 45 28
block 6 29
block 7 29
block 8 29
block 9 29
block 10 29
block 11 29
block 20 29
block 21 29
block 22 29
block 23 29
block 24 29
block 25 29
block 44 29
block 45 29
block 21 30
block 22 30
block 23 30
block 24 30
block 25 30
block 44 30
block 45 30
block 44 31
block 45 31
block 44 32
block 45 32
block 44 33
block 45 33
block 44 34
block 45 34
##BotsAndCoinsInfo
bot_name 0 starter-bot
bot 0 4 11
bot_coins 0 0
coin 40 33
coin 14 1
round 1
round 2
round 3
round 4
round 5
coin 11 24
coin 43 10
round 6
round 7
round 8
round 9
round 10
coin 26 25
coin 28 9
round 11
round 12
round 13
round 14
round 15
coin 45 3
coin 9 31
round 16
round 17
round 18
round 19
round 20
coin 54 3
coin 0 31
round 21
round 22
round 23
round 24
round 25
coin 22 32
coin 32 2
round 26
round 27
round 28
round 29
round 30
coin 46 7
coin 8 30
round 31
round 32
round 33
round 34
round 35
coin 46 17
coin 8 17
round 36
round 37
round 38
round 39
round 40
coin 26 5
coin 28 29
round 41
round 42
round 43
round 44
round 45
coin 33 8
coin 19 26
round 46
round 47
round 48
round 49
round 50
coin 10 8
coin 45 26
round 51
round 52
round 53
round 54
round 55
coin 36 24
coin 20 10
round 56
round 57
round 58
round 59
round 60
coin 23 15
coin 31 19
round 61
round 62
round 63
round 64
round 65
coin 10 3
coin 43 31
round 66
round 67
round 68
round 69
round 70
coin 37 26
coin 17 7
round 71
round 72
round 73
round 74
round 75
coin 0 6
coin 54 28
round 76
round 77
round 78
round 79
round 80
coin 45 10
coin 11 23
round 81
round 82
round 83
round 84
round 85
coin 32 32
coin 22 2
round 86
round 87
round 88
round 89
round 90
coin 32 33
coin 22 1
round 91
round 92
round 93
round 94
round 95
coin 43 34
coin 11 0
round 96
round 97
round 98
round 99
round 100
coin 24 5
coin 30 29
round 101
round 102
round 103
round 104
round 105
coin 23 7
coin 31 27
round 106
round 107
round 108
round 109
round 110
coin 10 14
coin 44 20
round 111
round 112
round 113
round 114
round 115
coin 12 30
coin 42 4
round 116
round 117
round 118
round 119
round 120
coin 7 3
coin 47 31
round 121
round 122
round 123
round 124
round 125
coin 48 0
coin 6 34
round 126
round 127
round 128
round 129
round 130
coin 8 1
coin 46 33
round 131
round 132
round 133
round 134
round 135
coin 35 0
coin 19 34
round 136
round 137
round 138
round 139
round 140
coin 33 14
coin 20 19
round 141
round 142
round 143
round 144
round 145
coin 16 3
coin 38 31
round 146
round 147
round 148
round 149
round 150
coin 12 19
coin 42 15
round 151
round 152
round 153
round 154
round 155
coin 37 15
coin 17 19
round 156
round 157
round 158
round 159
round 160
coin 4 9
coin 50 25
round 161
round 162
round 163
round 164
round 165
coin 38 4
coin 16 30
round 166
round 167
round 168
round 169
round 170
coin 45 19
coin 9 15
round 171
round 172
round 173
round 174
round 175
coin 5 1
coin 49 33
round 176
round 177
round 178
round 179
round 180
coin 13 14
coin 41 20
round 181
round 182
round 183
round 184
round 185
coin 23 33
coin 31 1
round 186
round 187
round 188
round 189
round 190
coin 51 0
coin 3 34
round 191
round 192
round 193
round 194
round 195
coin 12 28
coin 42 6
round 196
round 197
round 198
round 199
round 200
coin 10 30
coin 44 4
match_over 0
