match
match_id 1639173463608_ea
match_time 1639173463614
num_bots 1
##MatchConfig
mode FRIENDLY
num_rounds 200
random_seed 42
move_time_limit 1000
coin_spawn_period 5
coin_spawn_volume 2
##MapConfig
map_size 70 36
view_radius 6
mining_radius 1
attack_radius 4
block 17 4
block 18 4
block 17 5
block 18 5
block 17 6
block 18 6
block 17 7
block 18 7
block 40 7
block 41 7
block 42 7
block 43 7
block 60 7
block 61 7
block 62 7
block 17 8
block 18 8
block 40 8
block 41 8
block 42 8
block 43 8
block 60 8
block 61 8
block 62 8
block 17 9
block 18 9
block 40 9
block 41 9
block 42 9
block 43 9
block 60 9
block 61 9
block 62 9
block 17 10
block 18 10
block 40 10
block 41 10
block 42 10
block 43 10
block 40 11
block 41 11
block 42 11
block 43 11
block 40 12
block 41 12
block 42 12
block 43 12
block 40 13
block 41 13
block 42 13
block 43 13
block 64 14
block 65 14
block 30 15
block 31 15
block 32 15
block 33 15
block 34 15
block 64 15
block 65 15
block 30 16
block 31 16
block 32 16
block 33 16
block 34 16
block 42 16
block 43 16
block 44 16
block 45 16
block 46 16
block 47 16
block 57 16
block 58 16
block 59 16
block 64 16
block 65 16
block 66 16
block 67 16
block 68 16
block 4 17
block 5 17
block 6 17
block 7 17
block 8 17
block 9 17
block 10 17
block 30 17
block 31 17
block 32 17
block 33 17
block 34 17
block 42 17
block 43 17
block 44 17
block 45 17
block 46 17
block 47 17
block 57 17
block 58 17
block 59 17
block 66 17
block 67 17
block 68 17
block 4 18
block 5 18
block 6 18
block 7 18
block 8 18
block 9 18
block 10 18
block 23 18
block 24 18
block 42 18
block 43 18
block 44 18
block 45 18
block 46 18
block 47 18
block 52 18
block 53 18
block 54 18
block 57 18
block 58 18
block 59 18
block 66 18
block 67 18
block 68 18
block 4 19
block 5 19
block 6 19
block 7 19
block 8 19
block 9 19
block 10 19
block 17 19
block 18 19
block 19 19
block 20 19
block 21 19
block 23 19
block 24 19
block 42 19
block 43 19
block 44 19
block 45 19
block 46 19
block 47 19
block 52 19
block 53 19
block 54 19
block 57 19
block 58 19
block 59 19
block 4 20
block 5 20
block 6 20
block 7 20
block 8 20
block 9 20
block 10 20
block 17 20
block 18 20
block 19 20
block 20 20
block 21 20
block 23 20
block 24 20
block 42 20
block 43 20
block 44 20
block 45 20
block 46 20
block 47 20
block 52 20
block 53 20
block 54 20
block 17 21
block 18 21
block 19 21
block 20 21
block 21 21
block 23 21
block 24 21
block 42 21
block 43 21
block 44 21
block 45 21
block 46 21
block 47 21
block 52 21
block 53 21
block 54 21
block 4 22
block 5 22
block 17 22
block 18 22
block 19 22
block 20 22
block 21 22
block 23 22
block 24 22
block 25 22
block 26 22
block 27 22
block 42 22
block 43 22
block 44 22
block 45 22
block 46 22
block 47 22
block 52 22
block 53 22
block 54 22
block 4 23
block 5 23
block 17 23
block 18 23
block 19 23
block 20 23
block 21 23
block 23 23
block 24 23
block 25 23
block 26 23
block 27 23
block 52 23
block 53 23
block 54 23
block 4 24
block 5 24
block 19 24
block 20 24
block 21 24
block 23 24
block 24 24
block 25 24
block 26 24
block 27 24
block 60 24
block 61 24
block 62 24
block 63 24
block 64 24
block 65 24
block 4 25
block 5 25
block 19 25
block 20 25
block 21 25
block 60 25
block 61 25
block 62 25
block 63 25
block 64 25
block 65 25
block 19 26
block 20 26
block 21 26
block 46 26
block 47 26
block 48 26
block 49 26
block 50 26
block 51 26
block 60 26
block 61 26
block 62 26
block 63 26
block 64 26
block 65 26
block 46 27
block 47 27
block 48 27
block 49 27
block 50 27
block 51 27
block 60 27
block 61 27
block 62 27
block 63 27
block 64 27
block 65 27
block 20 28
block 21 28
block 22 28
block 42 28
block 43 28
block 44 28
block 45 28
block 46 28
block 47 28
block 48 28
block 49 28
block 50 28
block 51 28
block 20 29
block 21 29
block 22 29
block 42 29
block 43 29
block 44 29
block 45 29
block 46 29
block 47 29
block 48 29
block 49 29
block 50 29
block 51 29
block 42 30
block 43 30
block 44 30
block 45 30
block 46 30
block 47 30
block 34 32
block 35 32
block 36 32
block 34 33
block 35 33
block 36 33
block 34 34
block 35 34
block 36 34
block 34 35
block 35 35
block 36 35
##BotsAndCoinsInfo
bot_name 0 starter-bot
bot 0 38 35
bot_coins 0 0
coin 50 3
coin 19 32
round 1
bot 0 38 34
round 2
bot 0 38 33
round 3
bot 0 38 32
round 4
bot 0 38 31
round 5
bot 0 38 30
coin 48 8
coin 21 27
round 6
bot 0 38 29
round 7
bot 0 38 28
round 8
bot 0 38 27
round 9
bot 0 38 26
round 10
bot 0 38 25
coin 40 25
coin 29 10
round 11
bot 0 38 24
round 12
bot 0 38 23
round 13
bot 0 38 22
round 14
bot 0 38 21
round 15
bot 0 38 20
coin 15 2
coin 54 33
round 16
bot 0 38 19
round 17
bot 0 38 18
round 18
bot 0 38 17
round 19
bot 0 38 16
round 20
bot 0 38 15
coin 69 29
coin 0 6
round 21
bot 0 38 14
round 22
bot 0 38 13
round 23
bot 0 38 12
round 24
bot 0 38 11
round 25
bot 0 38 10
coin 52 26
coin 16 9
round 26
bot 0 38 9
round 27
bot 0 38 8
round 28
bot 0 38 7
round 29
bot 0 38 6
round 30
bot 0 38 5
coin 56 0
coin 13 35
round 31
bot 0 38 4
round 32
bot 0 38 3
round 33
bot 0 38 2
round 34
bot 0 38 1
round 35
bot 0 38 2
coin 36 31
coin 33 4
round 36
bot 0 38 3
round 37
bot 0 38 4
round 38
bot 0 38 5
round 39
bot 0 38 6
round 40
bot 0 38 7
coin 56 6
coin 13 29
round 41
bot 0 38 8
round 42
bot 0 38 9
round 43
bot 0 38 10
round 44
bot 0 38 11
round 45
bot 0 38 12
coin 63 17
coin 6 16
round 46
bot 0 38 13
round 47
bot 0 38 14
round 48
bot 0 38 15
round 49
bot 0 38 16
round 50
bot 0 38 17
coin 40 31
coin 29 4
round 51
bot 0 38 18
round 52
bot 0 38 19
round 53
bot 0 38 20
round 54
bot 0 38 21
round 55
bot 0 38 22
coin 37 33
coin 32 2
round 56
bot 0 38 23
round 57
bot 0 38 24
round 58
bot 0 38 25
round 59
bot 0 38 26
round 60
bot 0 38 27
coin 63 9
coin 6 26
round 61
bot 0 38 28
round 62
bot 0 38 29
round 63
bot 0 38 30
round 64
bot 0 38 31
round 65
bot 0 38 32
coin 0 22
coin 69 13
round 66
bot 0 38 33
coin_collected 37 33 0
bot_coins 0 1
round 67
bot 0 38 34
round 68
bot 0 38 35
round 69
bot 0 38 34
round 70
bot 0 38 33
coin 67 30
coin 2 5
round 71
bot 0 38 32
round 72
bot 0 38 31
round 73
bot 0 38 30
round 74
bot 0 38 29
round 75
bot 0 38 28
coin 39 12
coin 30 23
round 76
bot 0 38 27
round 77
bot 0 38 26
round 78
bot 0 38 25
round 79
bot 0 38 24
round 80
bot 0 38 23
coin 30 5
coin 39 30
round 81
bot 0 38 22
round 82
bot 0 38 21
round 83
bot 0 38 20
round 84
bot 0 38 19
round 85
bot 0 38 18
coin 16 23
coin 53 12
round 86
bot 0 38 17
round 87
bot 0 38 16
round 88
bot 0 38 15
round 89
bot 0 38 14
round 90
bot 0 38 13
coin 12 25
coin 57 10
round 91
bot 0 38 12
coin_collected 39 12 0
bot_coins 0 2
round 92
bot 0 38 11
round 93
bot 0 38 10
round 94
bot 0 38 9
round 95
bot 0 38 8
coin 63 12
coin 6 23
round 96
bot 0 38 7
round 97
bot 0 38 6
round 98
bot 0 38 5
round 99
bot 0 38 4
round 100
bot 0 38 3
coin 68 13
coin 1 22
round 101
bot 0 38 2
round 102
bot 0 38 1
round 103
bot 0 38 2
round 104
bot 0 38 3
round 105
bot 0 38 4
coin 63 23
coin 6 12
round 106
bot 0 38 5
round 107
bot 0 38 6
round 108
bot 0 38 7
round 109
bot 0 38 8
round 110
bot 0 38 9
coin 45 6
coin 24 29
round 111
bot 0 38 10
round 112
bot 0 38 11
round 113
bot 0 38 12
round 114
bot 0 38 13
round 115
bot 0 38 14
coin 27 11
coin 42 24
round 116
bot 0 38 15
round 117
bot 0 38 16
round 118
bot 0 38 17
round 119
bot 0 38 18
round 120
bot 0 38 19
coin 27 7
coin 42 27
round 121
bot 0 38 20
round 122
bot 0 38 21
round 123
bot 0 38 22
round 124
bot 0 38 23
round 125
bot 0 38 24
coin 33 32
coin 36 3
round 126
bot 0 38 25
round 127
bot 0 38 26
round 128
bot 0 38 27
round 129
bot 0 38 28
round 130
bot 0 38 29
coin 58 4
coin 11 31
round 131
bot 0 38 30
coin_collected 39 30 0
bot_coins 0 3
round 132
bot 0 38 31
round 133
bot 0 38 32
round 134
bot 0 38 33
round 135
bot 0 38 34
coin 30 34
coin 39 1
round 136
bot 0 38 35
round 137
bot 0 38 34
round 138
bot 0 38 33
round 139
bot 0 38 32
round 140
bot 0 38 31
coin 63 31
coin 6 4
round 141
bot 0 38 30
round 142
bot 0 38 29
round 143
bot 0 38 28
round 144
bot 0 38 27
round 145
bot 0 38 26
coin 1 27
coin 68 8
round 146
bot 0 38 25
round 147
bot 0 38 24
round 148
bot 0 38 23
round 149
bot 0 38 22
round 150
bot 0 38 21
coin 7 23
coin 62 12
round 151
bot 0 38 20
round 152
bot 0 38 19
round 153
bot 0 38 18
round 154
bot 0 38 17
round 155
bot 0 38 16
coin 32 13
coin 37 22
round 156
bot 0 38 15
round 157
bot 0 38 14
round 158
bot 0 38 13
round 159
bot 0 38 12
round 160
bot 0 38 11
coin 63 14
coin 6 21
round 161
bot 0 38 10
round 162
bot 0 38 9
round 163
bot 0 38 8
round 164
bot 0 38 7
round 165
bot 0 38 6
coin 48 31
coin 21 4
round 166
bot 0 38 5
round 167
bot 0 38 4
round 168
bot 0 38 3
round 169
bot 0 38 2
round 170
bot 0 38 1
coin_collected 39 1 0
bot_coins 0 4
coin 55 27
coin 14 8
round 171
bot 0 38 2
round 172
bot 0 38 3
round 173
bot 0 38 4
round 174
bot 0 38 5
round 175
bot 0 38 6
coin 10 5
coin 59 30
round 176
bot 0 38 7
round 177
bot 0 38 8
round 178
bot 0 38 9
round 179
bot 0 38 10
round 180
bot 0 38 11
coin 53 25
coin 16 10
round 181
bot 0 38 12
round 182
bot 0 38 13
round 183
bot 0 38 14
round 184
bot 0 38 15
round 185
bot 0 38 16
coin 43 5
coin 26 30
round 186
bot 0 38 17
round 187
bot 0 38 18
round 188
bot 0 38 19
round 189
bot 0 38 20
round 190
bot 0 38 21
coin 26 16
coin 41 19
round 191
bot 0 38 22
coin_collected 37 22 0
bot_coins 0 5
round 192
bot 0 38 23
round 193
bot 0 38 24
round 194
bot 0 38 25
round 195
bot 0 38 26
coin 45 33
coin 24 2
round 196
bot 0 38 27
round 197
bot 0 38 28
round 198
bot 0 38 29
round 199
bot 0 38 30
round 200
bot 0 38 31
coin 30 10
coin 39 25
match_over 0
