match
match_id 1639176080975_gu
match_time 1639176080978
num_bots 1
##MatchConfig
mode FRIENDLY
num_rounds 200
random_seed 42
move_time_limit 1000
coin_spawn_period 5
coin_spawn_volume 2
##MapConfig
map_size 70 29
view_radius 6
mining_radius 1
attack_radius 3
block 0 0
block 1 0
block 47 0
block 48 0
block 49 0
block 68 0
block 69 0
block 47 1
block 48 1
block 49 1
block 47 2
block 48 2
block 49 2
block 44 3
block 45 3
block 46 3
block 47 3
block 48 3
block 49 3
block 44 4
block 45 4
block 46 4
block 47 4
block 48 4
block 49 4
block 44 5
block 45 5
block 46 5
block 44 6
block 45 6
block 46 6
block 28 7
block 29 7
block 41 7
block 42 7
block 43 7
block 44 7
block 26 8
block 27 8
block 28 8
block 29 8
block 30 8
block 41 8
block 42 8
block 43 8
block 44 8
block 26 9
block 27 9
block 28 9
block 29 9
block 30 9
block 26 10
block 27 10
block 28 10
block 29 10
block 30 10
block 41 10
block 42 10
block 43 10
block 44 10
block 45 10
block 46 10
block 47 10
block 26 11
block 27 11
block 28 11
block 29 11
block 30 11
block 41 11
block 42 11
block 43 11
block 44 11
block 45 11
block 46 11
block 47 11
block 26 12
block 27 12
block 28 12
block 29 12
block 30 12
block 41 12
block 42 12
block 43 12
block 44 12
block 45 12
block 46 12
block 47 12
block 26 13
block 27 13
block 28 13
block 29 13
block 30 13
block 41 13
block 42 13
block 43 13
block 44 13
block 45 13
block 46 13
block 47 13
block 36 15
block 37 15
block 38 15
block 39 15
block 40 15
block 41 15
block 42 15
block 36 16
block 37 16
block 38 16
block 39 16
block 40 16
block 41 16
block 42 16
block 55 19
block 56 19
block 57 19
block 58 19
block 55 20
block 56 20
block 57 20
block 58 20
block 55 21
block 56 21
block 57 21
block 58 21
block 19 22
block 20 22
block 55 22
block 56 22
block 57 22
block 58 22
block 8 23
block 9 23
block 10 23
block 19 23
block 20 23
block 55 23
block 56 23
block 57 23
block 58 23
block 8 24
block 9 24
block 10 24
block 19 24
block 20 24
block 55 24
block 56 24
block 57 24
block 58 24
block 19 25
block 20 25
block 55 25
block 56 25
block 57 25
block 58 25
block 19 26
block 20 26
block 0 27
block 1 27
block 19 27
block 20 27
block 47 27
block 48 27
block 49 27
block 68 27
block 69 27
block 0 28
block 1 28
block 47 28
block 48 28
block 49 28
block 68 28
block 69 28
##BotsAndCoinsInfo
bot_name 0 starter-bot
bot 0 61 27
bot_coins 0 0
coin 50 9
coin 19 19
round 1
bot 0 61 28
round 2
bot 0 61 0
round 3
round 4
round 5
coin 48 15
coin 21 13
round 6
round 7
round 8
round 9
round 10
coin 40 23
coin 29 5
round 11
round 12
round 13
round 14
round 15
coin 15 8
coin 54 20
round 16
round 17
round 18
round 19
round 20
coin 69 25
coin 0 3
round 21
round 22
round 23
round 24
round 25
coin 52 22
coin 17 6
round 26
round 27
round 28
round 29
round 30
coin 56 15
coin 13 13
round 31
round 32
round 33
round 34
round 35
coin 36 20
coin 33 8
round 36
round 37
round 38
round 39
round 40
coin 56 1
coin 13 27
round 41
round 42
round 43
round 44
round 45
coin 63 2
coin 6 26
round 46
round 47
round 48
round 49
round 50
coin 40 27
coin 29 1
round 51
round 52
round 53
round 54
round 55
coin 36 19
coin 33 9
round 56
round 57
round 58
round 59
round 60
coin 63 19
coin 6 9
round 61
round 62
round 63
round 64
round 65
coin 0 8
coin 69 20
round 66
round 67
round 68
round 69
round 70
coin 67 11
coin 2 17
round 71
round 72
round 73
round 74
round 75
coin 40 1
coin 29 27
round 76
round 77
round 78
round 79
round 80
coin 30 16
coin 39 12
round 81
round 82
round 83
round 84
round 85
coin 17 8
coin 52 20
round 86
round 87
round 88
round 89
round 90
coin 12 27
coin 57 1
round 91
round 92
round 93
round 94
round 95
coin 63 22
coin 6 6
round 96
round 97
round 98
round 99
round 100
coin 69 22
coin 0 6
round 101
round 102
round 103
round 104
round 105
coin 63 23
coin 6 5
round 106
round 107
round 108
round 109
round 110
coin 45 15
coin 24 13
round 111
round 112
round 113
round 114
round 115
coin 27 0
coin 42 28
round 116
round 117
round 118
round 119
round 120
coin 27 14
coin 42 14
round 121
round 122
round 123
round 124
round 125
coin 33 2
coin 36 26
round 126
round 127
round 128
round 129
round 130
coin 58 10
coin 11 18
round 131
round 132
round 133
round 134
round 135
coin 30 19
coin 39 9
round 136
round 137
round 138
round 139
round 140
coin 64 22
coin 5 6
round 141
bot 0 60 1
round 142
bot 0 59 0
round 143
bot 0 58 1
coin_collected 57 1 0
bot_coins 0 1
round 144
bot 0 58 2
round 145
bot 0 58 3
coin 1 5
coin 68 23
round 146
bot 0 58 4
round 147
bot 0 58 5
round 148
bot 0 58 6
round 149
bot 0 58 7
round 150
bot 0 58 8
coin 7 6
coin 62 22
round 151
round 152
round 153
match_over 0
round 154
