match
match_id 1639073815252_ac
match_time 1639073815254
num_bots 1
##MatchConfig
mode FRIENDLY
num_rounds 200
random_seed 42
move_time_limit 1000
coin_spawn_period 5
coin_spawn_volume 2
##MapConfig
map_size 53 22
view_radius 5
mining_radius 1
attack_radius 4
block 12 0
block 13 0
block 14 0
block 15 0
block 41 0
block 42 0
block 43 0
block 44 0
block 45 0
block 12 1
block 13 1
block 14 1
block 15 1
block 12 2
block 13 2
block 14 2
block 15 2
block 12 3
block 13 3
block 14 3
block 15 3
block 32 5
block 33 5
block 34 5
block 35 5
block 36 5
block 37 5
block 32 6
block 33 6
block 34 6
block 35 6
block 36 6
block 37 6
block 14 7
block 15 7
block 16 7
block 17 7
block 32 7
block 33 7
block 34 7
block 35 7
block 36 7
block 37 7
block 42 7
block 43 7
block 44 7
block 45 7
block 46 7
block 47 7
block 48 7
block 49 7
block 50 7
block 14 8
block 15 8
block 16 8
block 17 8
block 32 8
block 33 8
block 34 8
block 35 8
block 36 8
block 37 8
block 42 8
block 43 8
block 44 8
block 45 8
block 46 8
block 47 8
block 48 8
block 49 8
block 50 8
block 14 9
block 15 9
block 16 9
block 17 9
block 42 9
block 43 9
block 44 9
block 45 9
block 46 9
block 47 9
block 48 9
block 49 9
block 50 9
block 14 10
block 15 10
block 16 10
block 17 10
block 42 10
block 43 10
block 44 10
block 45 10
block 46 10
block 47 10
block 48 10
block 49 10
block 50 10
block 14 11
block 15 11
block 16 11
block 17 11
block 42 11
block 43 11
block 44 11
block 45 11
block 46 11
block 47 11
block 48 11
block 49 11
block 50 11
block 42 12
block 43 12
block 44 12
block 45 12
block 46 12
block 47 12
block 48 12
block 49 12
block 50 12
block 45 13
block 46 13
block 47 13
block 48 13
block 49 13
block 50 13
block 0 14
block 1 14
block 2 14
block 3 14
block 4 14
block 5 14
block 0 15
block 1 15
block 2 15
block 3 15
block 4 15
block 5 15
block 0 16
block 1 16
block 2 16
block 3 16
block 4 16
block 5 16
block 0 17
block 1 17
block 2 17
block 3 17
block 4 17
block 5 17
block 0 18
block 1 18
block 2 18
block 3 18
block 4 18
block 5 18
block 34 18
block 35 18
block 41 18
block 42 18
block 43 18
block 44 18
block 45 18
block 0 19
block 1 19
block 2 19
block 3 19
block 4 19
block 5 19
block 34 19
block 35 19
block 41 19
block 42 19
block 43 19
block 44 19
block 45 19
block 12 20
block 13 20
block 14 20
block 15 20
block 41 20
block 42 20
block 43 20
block 44 20
block 45 20
block 12 21
block 13 21
block 14 21
block 15 21
block 41 21
block 42 21
block 43 21
block 44 21
block 45 21
##BotsAndCoinsInfo
bot_name 0 starter-bot
bot 0 21 14
bot_coins 0 0
coin 34 15
coin 18 6
round 1
bot 0 20 15
round 2
bot 0 19 16
round 3
bot 0 18 17
round 4
bot 0 17 18
round 5
bot 0 16 19
coin 6 16
coin 46 5
round 6
round 7
round 8
round 9
round 10
coin 19 19
coin 33 2
round 11
round 12
round 13
round 14
round 15
coin 45 2
coin 7 19
round 16
round 17
bot 0 17 18
round 18
bot 0 18 17
round 19
bot 0 19 16
round 20
bot 0 20 15
coin 14 17
coin 38 4
round 21
bot 0 21 14
round 22
bot 0 22 13
round 23
bot 0 21 13
round 24
bot 0 20 13
round 25
bot 0 19 13
coin 3 20
coin 49 1
round 26
bot 0 18 13
round 27
bot 0 17 13
round 28
bot 0 16 13
round 29
bot 0 15 13
round 30
bot 0 15 12
coin 20 0
coin 32 21
round 31
round 32
round 33
round 34
round 35
coin 34 0
coin 18 21
round 36
round 37
round 38
round 39
round 40
coin 34 20
coin 18 1
round 41
round 42
round 43
round 44
round 45
coin 40 9
coin 12 12
round 46
round 47
bot 0 14 13
round 48
bot 0 13 14
round 49
bot 0 12 15
round 50
bot 0 11 16
coin 39 15
coin 13 6
round 51
bot 0 10 17
round 52
bot 0 9 18
round 53
bot 0 8 19
coin_collected 7 19 0
bot_coins 0 1
round 54
bot 0 8 20
round 55
bot 0 8 21
coin 21 9
coin 31 12
round 56
bot 0 8 0
round 57
bot 0 8 1
round 58
bot 0 8 2
round 59
bot 0 8 3
round 60
bot 0 8 4
coin 40 19
coin 11 2
round 61
bot 0 9 3
round 62
bot 0 10 2
coin_collected 11 2 0
bot_coins 0 2
round 63
bot 0 11 1
round 64
round 65
coin 34 4
coin 18 17
round 66
round 67
round 68
round 69
round 70
coin 27 18
coin 25 3
round 71
round 72
round 73
round 74
round 75
coin 24 4
coin 28 17
round 76
round 77
round 78
round 79
round 80
bot 0 10 1
coin 43 13
coin 9 8
round 81
bot 0 9 1
round 82
bot 0 8 1
round 83
bot 0 7 1
round 84
bot 0 6 1
round 85
bot 0 5 1
coin 26 3
coin 26 18
round 86
bot 0 4 1
round 87
bot 0 3 0
round 88
bot 0 2 21
round 89
bot 0 1 20
round 90
coin 44 13
coin 8 8
round 91
round 92
round 93
round 94
bot 0 0 20
round 95
bot 0 52 20
coin 30 4
coin 22 17
round 96
bot 0 51 20
round 97
bot 0 50 20
round 98
bot 0 49 20
round 99
bot 0 48 20
round 100
bot 0 49 21
coin 32 3
coin 20 18
round 101
bot 0 50 0
round 102
bot 0 51 1
round 103
bot 0 52 2
round 104
bot 0 0 3
round 105
bot 0 1 4
coin 27 13
coin 25 8
round 106
bot 0 2 5
round 107
bot 0 3 6
round 108
bot 0 2 6
round 109
bot 0 1 6
round 110
bot 0 0 6
coin 6 6
coin 46 15
round 111
bot 0 52 6
round 112
bot 0 51 6
round 113
bot 0 50 6
round 114
bot 0 49 6
round 115
bot 0 48 6
coin 0 5
coin 52 16
round 116
bot 0 47 6
round 117
round 118
round 119
round 120
coin 42 13
coin 10 8
round 121
round 122
round 123
round 124
bot 0 46 6
coin_collected 46 5 0
bot_coins 0 3
round 125
bot 0 45 6
coin 46 2
coin 6 19
round 126
bot 0 44 6
round 127
bot 0 43 6
round 128
bot 0 42 6
round 129
bot 0 41 6
round 130
bot 0 40 6
coin 49 4
coin 6 17
round 131
round 132
round 133
round 134
round 135
coin 19 2
coin 33 19
round 136
round 137
round 138
bot 0 41 5
round 139
bot 0 42 4
round 140
bot 0 43 3
coin 47 17
coin 5 4
round 141
bot 0 44 2
coin_collected 45 2 0
bot_coins 0 4
round 142
bot 0 45 1
round 143
bot 0 46 0
round 144
bot 0 47 21
round 145
bot 0 48 20
coin 32 15
coin 20 6
round 146
bot 0 49 19
round 147
bot 0 50 18
round 148
bot 0 51 17
round 149
bot 0 52 16
coin_collected 52 16 0
bot_coins 0 5
round 150
coin 39 3
coin 13 18
round 151
round 152
round 153
bot 0 51 16
round 154
bot 0 50 16
round 155
bot 0 49 16
coin 52 19
coin 0 2
round 156
bot 0 48 16
round 157
bot 0 47 16
coin_collected 47 17 0
bot_coins 0 6
round 158
bot 0 46 16
coin_collected 46 15 0
bot_coins 0 7
round 159
bot 0 45 16
round 160
bot 0 45 17
coin 2 4
coin 50 17
round 161
round 162
round 163
round 164
round 165
coin 7 3
coin 46 18
round 166
round 167
round 168
round 169
round 170
coin 15 15
coin 38 6
round 171
round 172
round 173
round 174
round 175
coin 27 14
coin 25 7
round 176
round 177
bot 0 46 16
round 178
bot 0 47 15
round 179
bot 0 48 14
round 180
coin 29 15
coin 23 6
round 181
round 182
round 183
round 184
round 185
coin 52 5
coin 52 16
round 186
round 187
round 188
round 189
round 190
coin 51 8
coin 1 13
round 191
bot 0 47 14
round 192
bot 0 46 14
round 193
bot 0 45 14
round 194
bot 0 44 14
coin_collected 44 13 0
bot_coins 0 8
round 195
bot 0 43 14
coin_collected 43 13 0
bot_coins 0 9
coin 16 21
coin 36 0
round 196
bot 0 42 14
coin_collected 42 13 0
bot_coins 0 10
round 197
bot 0 41 14
round 198
bot 0 40 14
round 199
bot 0 41 15
round 200
bot 0 42 16
coin 52 14
coin 0 7
match_over 0
