match
match_id 1639402870001_bj
match_time 1639402870005
num_bots 1
##MatchConfig
mode FRIENDLY
num_rounds 200
random_seed 42
move_time_limit 1000
coin_spawn_period 5
coin_spawn_volume 2
##MapConfig
map_size 68 31
view_radius 5
mining_radius 1
attack_radius 4
block 23 0
block 24 0
block 25 0
block 26 0
block 45 0
block 46 0
block 47 0
block 48 0
block 61 0
block 62 0
block 63 0
block 64 0
block 23 1
block 24 1
block 25 1
block 26 1
block 6 2
block 7 2
block 23 2
block 24 2
block 25 2
block 26 2
block 39 2
block 40 2
block 41 2
block 42 2
block 43 2
block 44 2
block 6 3
block 7 3
block 23 3
block 24 3
block 25 3
block 26 3
block 39 3
block 40 3
block 41 3
block 42 3
block 43 3
block 44 3
block 0 4
block 1 4
block 6 4
block 7 4
block 11 4
block 12 4
block 13 4
block 14 4
block 15 4
block 39 4
block 40 4
block 41 4
block 42 4
block 43 4
block 44 4
block 67 4
block 0 5
block 1 5
block 11 5
block 12 5
block 13 5
block 14 5
block 15 5
block 39 5
block 40 5
block 41 5
block 42 5
block 43 5
block 44 5
block 67 5
block 39 6
block 40 6
block 41 6
block 42 6
block 43 6
block 44 6
block 23 7
block 24 7
block 25 7
block 26 7
block 16 8
block 17 8
block 18 8
block 23 8
block 24 8
block 25 8
block 26 8
block 6 9
block 7 9
block 8 9
block 9 9
block 10 9
block 11 9
block 12 9
block 16 9
block 17 9
block 18 9
block 23 9
block 24 9
block 25 9
block 26 9
block 39 9
block 40 9
block 41 9
block 47 9
block 48 9
block 49 9
block 50 9
block 51 9
block 52 9
block 6 10
block 7 10
block 8 10
block 9 10
block 10 10
block 11 10
block 12 10
block 16 10
block 17 10
block 18 10
block 21 10
block 22 10
block 23 10
block 24 10
block 25 10
block 26 10
block 39 10
block 40 10
block 41 10
block 43 10
block 44 10
block 45 10
block 46 10
block 47 10
block 48 10
block 49 10
block 50 10
block 51 10
block 52 10
block 53 10
block 54 10
block 55 10
block 56 10
block 57 10
block 58 10
block 59 10
block 6 11
block 7 11
block 8 11
block 9 11
block 10 11
block 11 11
block 12 11
block 16 11
block 17 11
block 18 11
block 21 11
block 22 11
block 23 11
block 24 11
block 25 11
block 39 11
block 40 11
block 41 11
block 43 11
block 44 11
block 45 11
block 46 11
block 47 11
block 48 11
block 49 11
block 53 11
block 54 11
block 55 11
block 56 11
block 57 11
block 58 11
block 59 11
block 60 11
block 61 11
block 62 11
block 16 12
block 17 12
block 18 12
block 21 12
block 22 12
block 23 12
block 24 12
block 25 12
block 39 12
block 40 12
block 41 12
block 43 12
block 44 12
block 45 12
block 46 12
block 47 12
block 48 12
block 49 12
block 53 12
block 54 12
block 55 12
block 56 12
block 57 12
block 58 12
block 59 12
block 60 12
block 61 12
block 62 12
block 43 13
block 44 13
block 45 13
block 46 13
block 47 13
block 48 13
block 49 13
block 53 13
block 54 13
block 55 13
block 56 13
block 57 13
block 58 13
block 59 13
block 60 13
block 61 13
block 62 13
block 53 14
block 54 14
block 55 14
block 56 14
block 57 14
block 58 14
block 59 14
block 60 14
block 61 14
block 62 14
block 40 15
block 41 15
block 42 15
block 43 15
block 44 15
block 45 15
block 46 15
block 40 16
block 41 16
block 42 16
block 43 16
block 44 16
block 45 16
block 46 16
block 31 17
block 32 17
block 40 17
block 41 17
block 42 17
block 43 17
block 44 17
block 45 17
block 46 17
block 2 18
block 3 18
block 4 18
block 5 18
block 6 18
block 31 18
block 32 18
block 33 18
block 34 18
block 35 18
block 36 18
block 40 18
block 41 18
block 42 18
block 43 18
block 44 18
block 45 18
block 46 18
block 2 19
block 3 19
block 4 19
block 5 19
block 6 19
block 31 19
block 32 19
block 33 19
block 34 19
block 35 19
block 36 19
block 40 19
block 41 19
block 42 19
block 43 19
block 44 19
block 45 19
block 46 19
block 2 20
block 3 20
block 4 20
block 5 20
block 6 20
block 31 20
block 32 20
block 33 20
block 34 20
block 35 20
block 36 20
block 2 21
block 3 21
block 4 21
block 5 21
block 6 21
block 31 21
block 32 21
block 40 28
block 41 28
block 42 28
block 45 28
block 46 28
block 47 28
block 48 28
block 23 29
block 24 29
block 25 29
block 26 29
block 40 29
block 41 29
block 42 29
block 45 29
block 46 29
block 47 29
block 48 29
block 23 30
block 24 30
block 25 30
block 26 30
block 40 30
block 41 30
block 42 30
block 45 30
block 46 30
block 47 30
block 48 30
block 61 30
block 62 30
block 63 30
block 64 30
##BotsAndCoinsInfo
bot_name 0 starter-bot
bot 0 60 25
bot_coins 0 0
coin 27 10
coin 40 20
round 1
bot 0 60 26
round 2
bot 0 60 27
round 3
bot 0 60 28
round 4
bot 0 60 29
round 5
bot 0 60 30
coin 0 23
coin 67 7
round 6
bot 0 59 29
round 7
bot 0 59 28
round 8
bot 0 59 27
round 9
bot 0 59 26
round 10
bot 0 59 25
coin 26 28
coin 41 1
round 11
bot 0 59 24
round 12
bot 0 59 23
round 13
bot 0 59 22
round 14
bot 0 59 21
round 15
bot 0 59 20
coin 17 1
coin 50 29
round 16
bot 0 59 19
round 17
bot 0 59 18
round 18
bot 0 59 17
round 19
bot 0 59 16
round 20
bot 0 59 15
coin 35 3
coin 32 27
round 21
bot 0 58 15
round 22
bot 0 57 15
round 23
bot 0 56 15
round 24
bot 0 55 15
round 25
bot 0 54 15
coin 14 0
coin 53 30
round 26
bot 0 53 15
round 27
bot 0 52 15
round 28
bot 0 52 14
round 29
bot 0 52 13
round 30
bot 0 52 12
coin 8 27
coin 59 3
round 31
bot 0 52 11
round 32
bot 0 51 11
round 33
bot 0 50 11
round 34
round 35
bot 0 50 12
coin 8 19
coin 60 10
round 36
bot 0 50 13
round 37
bot 0 50 14
round 38
bot 0 50 15
round 39
bot 0 50 16
round 40
bot 0 50 17
coin 20 21
coin 47 8
round 41
bot 0 50 18
round 42
bot 0 50 19
round 43
bot 0 50 20
round 44
bot 0 50 21
round 45
bot 0 50 22
coin 23 19
coin 42 11
round 46
bot 0 50 23
round 47
bot 0 50 24
round 48
bot 0 50 25
round 49
bot 0 49 26
round 50
bot 0 50 27
coin 52 8
coin 15 22
round 51
bot 0 49 28
round 52
bot 0 50 29
coin_collected 50 29 0
bot_coins 0 1
round 53
bot 0 50 30
round 54
bot 0 51 29
round 55
bot 0 52 30
coin_collected 53 30 0
bot_coins 0 2
coin 7 18
coin 61 10
round 56
bot 0 51 29
round 57
bot 0 51 28
round 58
bot 0 51 27
round 59
bot 0 51 26
round 60
bot 0 51 25
coin 19 18
coin 50 12
round 61
bot 0 51 24
round 62
bot 0 51 23
round 63
bot 0 51 22
round 64
bot 0 51 21
round 65
bot 0 51 20
coin 58 18
coin 9 12
round 66
bot 0 51 19
round 67
bot 0 51 18
round 68
bot 0 51 17
round 69
bot 0 51 16
round 70
bot 0 51 15
coin 19 21
coin 48 8
round 71
bot 0 50 14
round 72
round 73
round 74
round 75
coin 62 26
coin 5 4
round 76
round 77
round 78
round 79
round 80
coin 38 17
coin 29 13
round 81
round 82
round 83
round 84
round 85
coin 41 22
coin 27 8
round 86
round 87
round 88
round 89
round 90
coin 8 20
coin 59 9
round 91
round 92
round 93
round 94
round 95
coin 1 24
coin 66 6
round 96
round 97
round 98
round 99
round 100
coin 24 19
coin 42 10
round 101
round 102
round 103
round 104
round 105
coin 63 6
coin 4 24
round 106
round 107
round 108
round 109
round 110
coin 31 12
coin 36 17
round 111
round 112
round 113
round 114
round 115
coin 11 29
coin 56 1
round 116
round 117
round 118
round 119
round 120
coin 13 3
coin 54 27
round 121
round 122
round 123
round 124
round 125
coin 5 30
coin 62 1
round 126
round 127
round 128
round 129
round 130
coin 22 1
coin 44 29
round 131
round 132
round 133
round 134
round 135
coin 40 13
coin 27 17
round 136
round 137
round 138
round 139
round 140
coin 17 22
coin 50 8
round 141
round 142
round 143
round 144
round 145
coin 25 14
coin 42 14
round 146
round 147
round 148
round 149
round 150
coin 29 22
coin 38 8
round 151
round 152
round 153
round 154
round 155
coin 20 22
coin 47 7
round 156
round 157
round 158
round 159
round 160
coin 38 27
coin 29 3
round 161
round 162
round 163
round 164
round 165
coin 54 7
coin 13 23
round 166
round 167
round 168
round 169
round 170
coin 51 4
coin 16 26
round 171
round 172
round 173
round 174
round 175
coin 66 17
coin 1 13
round 176
round 177
round 178
round 179
round 180
coin 13 2
coin 54 28
round 181
round 182
round 183
round 184
round 185
coin 5 0
coin 62 29
round 186
round 187
round 188
round 189
round 190
coin 30 13
coin 37 17
round 191
round 192
round 193
round 194
round 195
coin 21 20
coin 46 9
round 196
round 197
round 198
round 199
round 200
coin 24 22
coin 43 8
match_over 0
