match
match_id 1639178515905_io
match_time 1639178515909
num_bots 1
##MatchConfig
mode FRIENDLY
num_rounds 200
random_seed 42
move_time_limit 1000
coin_spawn_period 5
coin_spawn_volume 2
##MapConfig
map_size 56 37
view_radius 5
mining_radius 2
attack_radius 4
block 54 0
block 55 0
block 54 1
block 55 1
block 0 4
block 1 4
block 0 5
block 1 5
block 0 6
block 1 6
block 0 7
block 1 7
block 0 8
block 1 8
block 0 9
block 1 9
block 31 9
block 32 9
block 33 9
block 34 9
block 31 10
block 32 10
block 33 10
block 34 10
block 31 11
block 32 11
block 33 11
block 34 11
block 31 12
block 32 12
block 33 12
block 34 12
block 31 13
block 32 13
block 33 13
block 34 13
block 48 13
block 49 13
block 50 13
block 51 13
block 52 13
block 53 13
block 31 14
block 32 14
block 33 14
block 34 14
block 48 14
block 49 14
block 50 14
block 51 14
block 52 14
block 53 14
block 31 15
block 32 15
block 33 15
block 34 15
block 48 15
block 49 15
block 50 15
block 51 15
block 52 15
block 53 15
block 31 16
block 32 16
block 48 16
block 49 16
block 50 16
block 51 16
block 52 16
block 53 16
block 31 17
block 32 17
block 48 17
block 49 17
block 50 17
block 51 17
block 52 17
block 53 17
block 31 18
block 32 18
block 48 18
block 49 18
block 50 18
block 51 18
block 52 18
block 53 18
block 31 19
block 32 19
block 48 19
block 49 19
block 50 19
block 51 19
block 52 19
block 53 19
block 31 20
block 32 20
block 46 28
block 47 28
block 48 28
block 49 28
block 46 29
block 47 29
block 48 29
block 49 29
block 46 30
block 47 30
block 48 30
block 49 30
block 46 31
block 47 31
block 48 31
block 49 31
block 46 32
block 47 32
block 48 32
block 49 32
block 46 33
block 47 33
block 48 33
block 49 33
block 46 34
block 47 34
block 48 34
block 49 34
##BotsAndCoinsInfo
bot_name 0 starter-bot
bot 0 54 18
bot_coins 0 0
coin 50 12
coin 5 24
round 1
bot 0 54 19
round 2
bot 0 54 20
round 3
bot 0 54 21
round 4
bot 0 54 22
round 5
bot 0 54 23
coin 48 10
coin 7 26
round 6
bot 0 54 24
round 7
bot 0 54 25
round 8
bot 0 54 26
round 9
bot 0 54 27
round 10
bot 0 54 28
coin 26 8
coin 29 28
round 11
bot 0 54 29
round 12
bot 0 54 30
round 13
bot 0 54 31
round 14
bot 0 54 32
round 15
bot 0 54 33
coin 1 14
coin 54 22
round 16
bot 0 54 34
round 17
bot 0 54 35
round 18
bot 0 54 36
round 19
bot 0 53 35
round 20
bot 0 53 34
coin 0 0
coin 55 36
round 21
bot 0 53 33
round 22
bot 0 53 32
round 23
bot 0 53 31
round 24
bot 0 53 30
round 25
bot 0 53 29
coin 38 21
coin 17 15
round 26
bot 0 53 28
round 27
bot 0 53 27
round 28
bot 0 53 26
round 29
bot 0 53 25
round 30
bot 0 53 24
coin 28 18
coin 27 18
round 31
bot 0 53 23
coin_collected 54 22 0
bot_coins 0 1
round 32
bot 0 53 22
round 33
bot 0 53 21
round 34
bot 0 53 20
round 35
coin 36 9
coin 19 27
round 36
round 37
round 38
round 39
round 40
coin 0 14
coin 55 22
round 41
round 42
round 43
round 44
round 45
coin 7 1
coin 48 35
round 46
round 47
round 48
round 49
round 50
coin 40 36
coin 15 0
round 51
round 52
round 53
round 54
round 55
coin 50 25
coin 5 11
round 56
round 57
round 58
round 59
round 60
coin 35 16
coin 20 20
round 61
round 62
round 63
round 64
round 65
coin 14 0
coin 41 36
round 66
round 67
round 68
round 69
round 70
coin 11 16
coin 44 20
round 71
round 72
round 73
round 74
round 75
coin 26 31
coin 29 5
round 76
round 77
round 78
round 79
round 80
coin 30 26
coin 25 10
round 81
round 82
round 83
round 84
round 85
coin 17 23
coin 38 13
round 86
round 87
round 88
round 89
round 90
coin 12 31
coin 43 5
round 91
round 92
round 93
round 94
round 95
coin 47 16
coin 8 20
round 96
round 97
round 98
round 99
round 100
coin 27 24
coin 28 12
round 101
round 102
round 103
round 104
round 105
coin 8 26
coin 47 10
round 106
round 107
round 108
round 109
round 110
coin 31 22
coin 24 14
round 111
round 112
round 113
round 114
round 115
coin 55 2
coin 0 34
round 116
round 117
round 118
round 119
round 120
coin 13 20
coin 42 16
round 121
round 122
round 123
round 124
round 125
coin 33 22
coin 22 14
round 126
round 127
round 128
round 129
round 130
coin 31 26
coin 24 10
round 131
round 132
round 133
round 134
round 135
coin 16 36
coin 39 0
round 136
round 137
round 138
round 139
round 140
coin 50 29
coin 5 7
round 141
round 142
round 143
round 144
round 145
coin 29 34
coin 26 2
round 146
round 147
round 148
round 149
round 150
coin 49 12
coin 6 24
round 151
round 152
round 153
round 154
round 155
coin 33 18
coin 22 18
round 156
round 157
round 158
round 159
round 160
coin 22 22
coin 35 14
round 161
round 162
round 163
round 164
round 165
coin 6 10
coin 49 26
round 166
round 167
round 168
round 169
round 170
coin 55 19
coin 0 17
round 171
round 172
round 173
round 174
round 175
coin 38 22
coin 17 14
round 176
round 177
round 178
round 179
round 180
coin 54 18
coin 1 18
round 181
round 182
round 183
round 184
round 185
coin 29 31
coin 26 5
round 186
round 187
round 188
round 189
round 190
coin 26 20
coin 29 16
round 191
round 192
round 193
round 194
round 195
coin 17 27
coin 38 9
round 196
round 197
round 198
round 199
round 200
coin 16 31
coin 39 5
match_over 0
