match
match_id 1639176868086_hf
match_time 1639176868089
num_bots 1
##MatchConfig
mode FRIENDLY
num_rounds 200
random_seed 42
move_time_limit 1000
coin_spawn_period 5
coin_spawn_volume 2
##MapConfig
map_size 54 39
view_radius 5
mining_radius 1
attack_radius 4
block 23 0
block 24 0
block 25 0
block 26 0
block 27 0
block 48 0
block 49 0
block 50 0
block 51 0
block 52 0
block 5 1
block 6 1
block 7 1
block 8 1
block 9 1
block 24 1
block 25 1
block 26 1
block 27 1
block 28 1
block 48 1
block 49 1
block 50 1
block 51 1
block 52 1
block 5 2
block 6 2
block 7 2
block 8 2
block 9 2
block 24 2
block 25 2
block 26 2
block 27 2
block 28 2
block 32 2
block 33 2
block 34 2
block 35 2
block 36 2
block 37 2
block 48 2
block 49 2
block 50 2
block 51 2
block 52 2
block 3 3
block 4 3
block 5 3
block 6 3
block 7 3
block 8 3
block 9 3
block 32 3
block 33 3
block 34 3
block 35 3
block 36 3
block 37 3
block 48 3
block 49 3
block 50 3
block 51 3
block 52 3
block 3 4
block 4 4
block 5 4
block 19 4
block 20 4
block 32 4
block 33 4
block 34 4
block 35 4
block 36 4
block 37 4
block 48 4
block 49 4
block 50 4
block 51 4
block 52 4
block 3 5
block 4 5
block 5 5
block 19 5
block 20 5
block 32 5
block 33 5
block 34 5
block 35 5
block 36 5
block 37 5
block 48 5
block 49 5
block 50 5
block 51 5
block 52 5
block 3 6
block 4 6
block 5 6
block 28 6
block 29 6
block 30 6
block 31 6
block 32 6
block 33 6
block 34 6
block 35 6
block 36 6
block 37 6
block 3 7
block 4 7
block 5 7
block 28 7
block 29 7
block 30 7
block 31 7
block 32 7
block 33 7
block 34 7
block 35 7
block 36 7
block 37 7
block 3 8
block 4 8
block 5 8
block 11 8
block 12 8
block 13 8
block 14 8
block 15 8
block 25 8
block 26 8
block 27 8
block 28 8
block 29 8
block 30 8
block 31 8
block 32 8
block 3 9
block 4 9
block 5 9
block 11 9
block 12 9
block 13 9
block 14 9
block 15 9
block 25 9
block 26 9
block 27 9
block 28 9
block 29 9
block 30 9
block 31 9
block 32 9
block 11 10
block 12 10
block 13 10
block 14 10
block 15 10
block 25 10
block 26 10
block 27 10
block 28 10
block 29 10
block 30 10
block 31 10
block 32 10
block 8 11
block 9 11
block 10 11
block 11 11
block 12 11
block 13 11
block 14 11
block 15 11
block 8 12
block 9 12
block 10 12
block 11 12
block 12 12
block 13 12
block 14 12
block 15 12
block 8 13
block 9 13
block 10 13
block 11 13
block 12 13
block 13 13
block 14 13
block 15 13
block 0 16
block 1 16
block 2 16
block 3 16
block 4 16
block 15 16
block 16 16
block 17 16
block 18 16
block 19 16
block 52 16
block 53 16
block 0 17
block 1 17
block 2 17
block 3 17
block 4 17
block 15 17
block 16 17
block 17 17
block 18 17
block 19 17
block 49 17
block 50 17
block 51 17
block 52 17
block 53 17
block 0 18
block 1 18
block 2 18
block 3 18
block 4 18
block 15 18
block 16 18
block 17 18
block 18 18
block 19 18
block 49 18
block 50 18
block 51 18
block 52 18
block 53 18
block 0 19
block 1 19
block 2 19
block 3 19
block 4 19
block 15 19
block 16 19
block 17 19
block 18 19
block 19 19
block 49 19
block 50 19
block 51 19
block 52 19
block 53 19
block 0 20
block 1 20
block 2 20
block 3 20
block 4 20
block 15 20
block 16 20
block 17 20
block 18 20
block 19 20
block 20 20
block 21 20
block 22 20
block 23 20
block 24 20
block 25 20
block 49 20
block 50 20
block 51 20
block 52 20
block 53 20
block 0 21
block 1 21
block 2 21
block 3 21
block 4 21
block 15 21
block 16 21
block 17 21
block 18 21
block 19 21
block 20 21
block 21 21
block 22 21
block 23 21
block 24 21
block 25 21
block 27 21
block 28 21
block 29 21
block 30 21
block 31 21
block 32 21
block 49 21
block 50 21
block 51 21
block 52 21
block 53 21
block 0 22
block 1 22
block 2 22
block 3 22
block 4 22
block 15 22
block 16 22
block 17 22
block 18 22
block 19 22
block 20 22
block 21 22
block 22 22
block 23 22
block 24 22
block 25 22
block 27 22
block 28 22
block 29 22
block 30 22
block 31 22
block 32 22
block 52 22
block 53 22
block 15 23
block 16 23
block 17 23
block 18 23
block 19 23
block 20 23
block 21 23
block 22 23
block 23 23
block 24 23
block 25 23
block 27 23
block 28 23
block 29 23
block 30 23
block 31 23
block 32 23
block 15 24
block 16 24
block 17 24
block 18 24
block 19 24
block 20 24
block 21 24
block 22 24
block 23 24
block 24 24
block 25 24
block 27 24
block 28 24
block 29 24
block 30 24
block 31 24
block 32 24
block 37 24
block 38 24
block 39 24
block 40 24
block 41 24
block 42 24
block 15 25
block 16 25
block 17 25
block 18 25
block 27 25
block 28 25
block 29 25
block 30 25
block 31 25
block 32 25
block 33 25
block 37 25
block 38 25
block 39 25
block 40 25
block 41 25
block 42 25
block 15 26
block 16 26
block 17 26
block 18 26
block 26 26
block 27 26
block 28 26
block 29 26
block 30 26
block 31 26
block 32 26
block 33 26
block 37 26
block 38 26
block 39 26
block 40 26
block 41 26
block 42 26
block 15 27
block 16 27
block 17 27
block 18 27
block 26 27
block 27 27
block 28 27
block 29 27
block 30 27
block 31 27
block 32 27
block 33 27
block 37 27
block 38 27
block 39 27
block 40 27
block 41 27
block 42 27
block 26 28
block 27 28
block 28 28
block 29 28
block 30 28
block 31 28
block 32 28
block 33 28
block 37 28
block 38 28
block 39 28
block 40 28
block 41 28
block 42 28
block 26 29
block 27 29
block 28 29
block 29 29
block 30 29
block 48 31
block 49 31
block 26 32
block 27 32
block 28 32
block 29 32
block 30 32
block 31 32
block 32 32
block 48 32
block 49 32
block 6 33
block 7 33
block 8 33
block 23 33
block 24 33
block 25 33
block 26 33
block 27 33
block 28 33
block 29 33
block 30 33
block 31 33
block 32 33
block 42 33
block 43 33
block 44 33
block 45 33
block 46 33
block 47 33
block 48 33
block 49 33
block 6 34
block 7 34
block 8 34
block 23 34
block 24 34
block 25 34
block 26 34
block 27 34
block 28 34
block 29 34
block 30 34
block 31 34
block 32 34
block 42 34
block 43 34
block 44 34
block 45 34
block 46 34
block 47 34
block 0 35
block 1 35
block 6 35
block 7 35
block 8 35
block 23 35
block 24 35
block 25 35
block 26 35
block 27 35
block 28 35
block 29 35
block 30 35
block 31 35
block 42 35
block 43 35
block 44 35
block 45 35
block 46 35
block 47 35
block 52 35
block 53 35
block 0 36
block 1 36
block 6 36
block 7 36
block 8 36
block 23 36
block 24 36
block 25 36
block 26 36
block 27 36
block 28 36
block 29 36
block 30 36
block 31 36
block 52 36
block 53 36
block 6 37
block 7 37
block 8 37
block 23 37
block 24 37
block 25 37
block 26 37
block 27 37
block 28 37
block 29 37
block 30 37
block 23 38
block 24 38
block 25 38
block 26 38
block 27 38
##BotsAndCoinsInfo
bot_name 0 starter-bot
bot 0 13 7
bot_coins 0 0
coin 44 32
coin 9 6
round 1
bot 0 12 7
round 2
bot 0 11 7
round 3
bot 0 10 7
round 4
bot 0 10 8
round 5
bot 0 10 9
coin 36 38
coin 17 0
round 6
bot 0 10 10
round 7
bot 0 9 10
round 8
bot 0 8 10
round 9
bot 0 7 10
round 10
bot 0 7 11
coin 38 4
coin 15 34
round 11
bot 0 7 12
round 12
bot 0 7 13
round 13
bot 0 7 14
round 14
bot 0 7 15
round 15
bot 0 7 16
coin 41 29
coin 12 7
round 16
bot 0 7 17
round 17
bot 0 7 18
round 18
bot 0 7 19
round 19
bot 0 7 20
round 20
bot 0 7 21
coin 43 2
coin 10 36
round 21
bot 0 7 22
round 22
bot 0 7 23
round 23
bot 0 7 24
round 24
bot 0 7 25
round 25
bot 0 7 26
coin 20 26
coin 33 12
round 26
bot 0 7 27
round 27
round 28
round 29
match_over 0
round 30
