match
match_id 1639174776860_ex
match_time 1639174776864
num_bots 1
##MatchConfig
mode FRIENDLY
num_rounds 200
random_seed 42
move_time_limit 1000
coin_spawn_period 5
coin_spawn_volume 2
##MapConfig
map_size 74 39
view_radius 5
mining_radius 1
attack_radius 3
block 0 0
block 1 0
block 2 0
block 3 0
block 4 0
block 22 0
block 23 0
block 24 0
block 46 0
block 47 0
block 48 0
block 49 0
block 71 0
block 72 0
block 73 0
block 0 1
block 1 1
block 2 1
block 3 1
block 4 1
block 22 1
block 23 1
block 24 1
block 46 1
block 47 1
block 48 1
block 49 1
block 71 1
block 72 1
block 73 1
block 0 2
block 1 2
block 2 2
block 3 2
block 4 2
block 71 2
block 72 2
block 73 2
block 0 3
block 1 3
block 2 3
block 71 3
block 72 3
block 73 3
block 0 4
block 1 4
block 2 4
block 45 4
block 46 4
block 47 4
block 48 4
block 49 4
block 50 4
block 51 4
block 71 4
block 72 4
block 73 4
block 0 5
block 1 5
block 2 5
block 45 5
block 46 5
block 47 5
block 48 5
block 49 5
block 50 5
block 51 5
block 71 5
block 72 5
block 73 5
block 0 6
block 1 6
block 2 6
block 3 6
block 4 6
block 5 6
block 65 6
block 66 6
block 73 6
block 0 7
block 1 7
block 2 7
block 3 7
block 4 7
block 5 7
block 65 7
block 66 7
block 72 7
block 73 7
block 0 8
block 1 8
block 2 8
block 3 8
block 4 8
block 5 8
block 65 8
block 66 8
block 72 8
block 73 8
block 0 9
block 1 9
block 65 9
block 66 9
block 72 9
block 73 9
block 65 10
block 66 10
block 50 11
block 51 11
block 52 11
block 62 11
block 63 11
block 64 11
block 65 11
block 66 11
block 67 11
block 68 11
block 50 12
block 51 12
block 52 12
block 62 12
block 63 12
block 64 12
block 65 12
block 66 12
block 67 12
block 68 12
block 47 13
block 48 13
block 49 13
block 50 13
block 51 13
block 52 13
block 62 13
block 63 13
block 64 13
block 65 13
block 66 13
block 67 13
block 68 13
block 47 14
block 48 14
block 49 14
block 50 14
block 51 14
block 52 14
block 32 15
block 33 15
block 34 15
block 35 15
block 36 15
block 37 15
block 38 15
block 47 15
block 48 15
block 49 15
block 50 15
block 51 15
block 52 15
block 30 16
block 31 16
block 32 16
block 33 16
block 34 16
block 35 16
block 36 16
block 37 16
block 38 16
block 40 16
block 41 16
block 42 16
block 43 16
block 44 16
block 45 16
block 46 16
block 47 16
block 48 16
block 49 16
block 50 16
block 51 16
block 30 17
block 31 17
block 32 17
block 33 17
block 34 17
block 35 17
block 36 17
block 37 17
block 38 17
block 40 17
block 41 17
block 42 17
block 43 17
block 44 17
block 45 17
block 46 17
block 47 17
block 48 17
block 49 17
block 50 17
block 51 17
block 18 18
block 19 18
block 20 18
block 30 18
block 31 18
block 32 18
block 33 18
block 34 18
block 35 18
block 36 18
block 37 18
block 38 18
block 40 18
block 41 18
block 42 18
block 43 18
block 44 18
block 45 18
block 46 18
block 47 18
block 48 18
block 49 18
block 50 18
block 51 18
block 18 19
block 19 19
block 20 19
block 32 19
block 33 19
block 34 19
block 35 19
block 36 19
block 37 19
block 38 19
block 40 19
block 41 19
block 42 19
block 43 19
block 44 19
block 45 19
block 46 19
block 47 19
block 48 19
block 18 20
block 19 20
block 20 20
block 32 20
block 33 20
block 34 20
block 35 20
block 36 20
block 37 20
block 38 20
block 43 20
block 44 20
block 45 20
block 46 20
block 47 20
block 48 20
block 57 20
block 58 20
block 59 20
block 32 21
block 33 21
block 34 21
block 35 21
block 36 21
block 37 21
block 38 21
block 57 21
block 58 21
block 59 21
block 57 22
block 58 22
block 59 22
block 4 23
block 5 23
block 6 23
block 7 23
block 8 23
block 9 23
block 10 23
block 28 23
block 29 23
block 30 23
block 31 23
block 69 23
block 70 23
block 4 24
block 5 24
block 6 24
block 7 24
block 8 24
block 9 24
block 10 24
block 12 24
block 13 24
block 14 24
block 15 24
block 16 24
block 17 24
block 18 24
block 28 24
block 29 24
block 30 24
block 31 24
block 53 24
block 54 24
block 55 24
block 56 24
block 57 24
block 58 24
block 59 24
block 69 24
block 70 24
block 0 25
block 4 25
block 5 25
block 6 25
block 7 25
block 8 25
block 9 25
block 10 25
block 12 25
block 13 25
block 14 25
block 15 25
block 16 25
block 17 25
block 18 25
block 53 25
block 54 25
block 55 25
block 56 25
block 57 25
block 58 25
block 59 25
block 69 25
block 70 25
block 71 25
block 72 25
block 73 25
block 0 26
block 11 26
block 12 26
block 13 26
block 14 26
block 15 26
block 16 26
block 17 26
block 18 26
block 53 26
block 54 26
block 55 26
block 56 26
block 57 26
block 58 26
block 59 26
block 69 26
block 70 26
block 71 26
block 72 26
block 73 26
block 0 27
block 11 27
block 12 27
block 13 27
block 14 27
block 15 27
block 16 27
block 17 27
block 53 27
block 54 27
block 55 27
block 56 27
block 57 27
block 58 27
block 59 27
block 69 27
block 70 27
block 71 27
block 72 27
block 73 27
block 0 28
block 11 28
block 12 28
block 13 28
block 14 28
block 15 28
block 16 28
block 17 28
block 70 28
block 71 28
block 72 28
block 73 28
block 11 29
block 12 29
block 13 29
block 14 29
block 15 29
block 16 29
block 17 29
block 54 30
block 55 30
block 56 30
block 57 30
block 23 31
block 24 31
block 25 31
block 54 31
block 55 31
block 56 31
block 57 31
block 23 32
block 24 32
block 25 32
block 54 32
block 55 32
block 56 32
block 57 32
block 23 33
block 24 33
block 25 33
block 54 33
block 55 33
block 56 33
block 57 33
block 46 34
block 47 34
block 48 34
block 49 34
block 54 34
block 55 34
block 56 34
block 57 34
block 46 35
block 47 35
block 48 35
block 49 35
block 54 35
block 55 35
block 56 35
block 57 35
block 3 36
block 4 36
block 5 36
block 6 36
block 7 36
block 8 36
block 9 36
block 46 36
block 47 36
block 48 36
block 49 36
block 3 37
block 4 37
block 5 37
block 6 37
block 7 37
block 8 37
block 9 37
block 22 37
block 23 37
block 24 37
block 46 37
block 47 37
block 48 37
block 49 37
block 0 38
block 1 38
block 2 38
block 3 38
block 4 38
block 22 38
block 23 38
block 24 38
block 46 38
block 47 38
block 48 38
block 49 38
block 71 38
block 72 38
block 73 38
##BotsAndCoinsInfo
bot_name 0 starter-bot
bot 0 55 23
bot_coins 0 0
coin 14 33
coin 59 5
round 1
round 2
round 3
round 4
round 5
coin 2 37
coin 70 1
round 6
round 7
round 8
round 9
round 10
coin 48 3
coin 25 35
round 11
round 12
round 13
round 14
round 15
coin 10 29
coin 63 9
round 16
round 17
round 18
round 19
round 20
coin 57 2
coin 16 36
round 21
round 22
round 23
round 24
round 25
coin 64 26
coin 9 12
round 26
round 27
round 28
round 29
round 30
coin 24 6
coin 49 32
round 31
round 32
round 33
round 34
round 35
coin 49 19
coin 24 19
round 36
round 37
round 38
round 39
round 40
coin 30 21
coin 43 15
round 41
round 42
round 43
round 44
round 45
coin 65 38
coin 8 0
round 46
round 47
round 48
round 49
round 50
coin 62 4
coin 11 34
round 51
round 52
round 53
round 54
round 55
coin 40 30
coin 33 8
round 56
round 57
round 58
round 59
round 60
coin 7 21
coin 66 17
round 61
round 62
round 63
round 64
round 65
coin 44 21
coin 29 17
round 66
round 67
round 68
round 69
round 70
coin 19 24
coin 54 14
round 71
round 72
round 73
round 74
round 75
coin 68 36
coin 5 2
round 76
round 77
round 78
round 79
round 80
coin 20 21
coin 53 17
round 81
round 82
round 83
round 84
round 85
coin 37 8
coin 36 30
round 86
round 87
round 88
round 89
round 90
coin 10 37
coin 63 1
round 91
round 92
round 93
round 94
round 95
coin 59 36
coin 14 2
round 96
round 97
round 98
round 99
round 100
coin 22 31
coin 51 7
round 101
round 102
round 103
round 104
round 105
coin 17 16
coin 56 22
round 106
round 107
round 108
round 109
round 110
coin 1 15
coin 72 23
round 111
round 112
round 113
round 114
round 115
coin 57 8
coin 16 30
round 116
round 117
round 118
round 119
round 120
coin 64 10
coin 9 28
round 121
round 122
round 123
round 124
round 125
coin 71 6
coin 2 32
round 126
round 127
round 128
round 129
round 130
coin 40 28
coin 33 10
round 131
round 132
round 133
round 134
round 135
coin 72 16
coin 1 22
round 136
round 137
round 138
round 139
round 140
coin 51 28
coin 22 10
round 141
round 142
round 143
round 144
round 145
coin 45 27
coin 28 11
round 146
round 147
round 148
round 149
round 150
coin 67 35
coin 6 3
round 151
round 152
round 153
round 154
round 155
coin 62 22
coin 11 16
round 156
round 157
round 158
round 159
round 160
coin 58 32
coin 15 6
round 161
round 162
round 163
round 164
round 165
coin 36 28
coin 37 10
round 166
round 167
round 168
round 169
round 170
coin 31 19
coin 42 20
round 171
round 172
round 173
round 174
round 175
coin 14 8
coin 59 30
round 176
round 177
round 178
round 179
round 180
coin 17 13
coin 56 23
round 181
coin_collected 56 23 0
bot_coins 0 1
round 182
round 183
round 184
round 185
coin 9 20
coin 64 18
round 186
round 187
round 188
round 189
round 190
coin 50 7
coin 23 30
round 191
round 192
round 193
round 194
round 195
coin 65 21
coin 8 17
round 196
round 197
round 198
round 199
round 200
coin 56 37
coin 17 1
match_over 0
