match
match_id 1639325744076_aj
match_time 1639325744082
num_bots 1
##MatchConfig
mode FRIENDLY
num_rounds 200
random_seed 42
move_time_limit 1000
coin_spawn_period 5
coin_spawn_volume 2
##MapConfig
map_size 50 33
view_radius 5
mining_radius 1
attack_radius 4
block 18 0
block 19 0
block 34 0
block 35 0
block 36 0
block 37 0
block 38 0
block 18 1
block 19 1
block 22 1
block 23 1
block 24 1
block 25 1
block 18 2
block 19 2
block 22 2
block 23 2
block 24 2
block 25 2
block 18 3
block 19 3
block 22 3
block 23 3
block 24 3
block 25 3
block 18 4
block 19 4
block 39 4
block 40 4
block 18 5
block 19 5
block 39 5
block 40 5
block 18 6
block 19 6
block 11 7
block 12 7
block 13 7
block 14 7
block 15 7
block 16 7
block 11 8
block 12 8
block 13 8
block 14 8
block 15 8
block 16 8
block 11 9
block 12 9
block 13 9
block 14 9
block 15 9
block 16 9
block 17 9
block 18 9
block 19 9
block 1 10
block 2 10
block 3 10
block 4 10
block 5 10
block 11 10
block 12 10
block 13 10
block 14 10
block 15 10
block 16 10
block 17 10
block 18 10
block 19 10
block 1 11
block 2 11
block 3 11
block 4 11
block 5 11
block 11 11
block 12 11
block 13 11
block 14 11
block 15 11
block 16 11
block 17 11
block 18 11
block 19 11
block 1 12
block 2 12
block 3 12
block 4 12
block 5 12
block 13 12
block 14 12
block 15 12
block 16 12
block 17 12
block 18 12
block 19 12
block 1 13
block 2 13
block 3 13
block 4 13
block 5 13
block 13 13
block 14 13
block 15 13
block 16 13
block 17 13
block 18 13
block 19 13
block 0 14
block 1 14
block 2 14
block 3 14
block 4 14
block 13 14
block 14 14
block 15 14
block 16 14
block 17 14
block 18 14
block 19 14
block 0 15
block 1 15
block 2 15
block 3 15
block 4 15
block 11 15
block 12 15
block 13 15
block 14 15
block 16 15
block 17 15
block 18 15
block 0 16
block 1 16
block 2 16
block 3 16
block 4 16
block 10 16
block 11 16
block 12 16
block 13 16
block 14 16
block 15 16
block 16 16
block 17 16
block 18 16
block 0 17
block 1 17
block 2 17
block 3 17
block 4 17
block 10 17
block 11 17
block 12 17
block 13 17
block 14 17
block 15 17
block 16 17
block 17 17
block 18 17
block 47 17
block 48 17
block 49 17
block 0 18
block 3 18
block 4 18
block 5 18
block 10 18
block 11 18
block 12 18
block 13 18
block 14 18
block 15 18
block 47 18
block 48 18
block 49 18
block 0 19
block 3 19
block 4 19
block 5 19
block 10 19
block 11 19
block 12 19
block 13 19
block 14 19
block 47 19
block 48 19
block 49 19
block 0 20
block 3 20
block 4 20
block 5 20
block 47 20
block 48 20
block 49 20
block 0 21
block 1 21
block 2 21
block 3 21
block 4 21
block 5 21
block 6 21
block 0 22
block 1 22
block 2 22
block 3 22
block 4 22
block 5 22
block 6 22
block 1 23
block 2 23
block 3 23
block 4 23
block 5 23
block 6 23
block 28 23
block 29 23
block 30 23
block 37 23
block 38 23
block 39 23
block 40 23
block 41 23
block 42 23
block 43 23
block 1 24
block 2 24
block 3 24
block 4 24
block 5 24
block 6 24
block 28 24
block 29 24
block 30 24
block 37 24
block 38 24
block 39 24
block 40 24
block 41 24
block 42 24
block 43 24
block 28 25
block 29 25
block 30 25
block 37 25
block 38 25
block 39 25
block 40 25
block 41 25
block 42 25
block 43 25
block 23 26
block 24 26
block 25 26
block 26 26
block 27 26
block 28 26
block 29 26
block 30 26
block 37 26
block 38 26
block 39 26
block 40 26
block 41 26
block 42 26
block 43 26
block 23 27
block 24 27
block 25 27
block 26 27
block 27 27
block 28 27
block 29 27
block 30 27
block 37 27
block 38 27
block 39 27
block 40 27
block 41 27
block 42 27
block 43 27
block 23 28
block 24 28
block 25 28
block 26 28
block 27 28
block 34 28
block 35 28
block 36 28
block 37 28
block 38 28
block 16 29
block 17 29
block 18 29
block 19 29
block 20 29
block 34 29
block 35 29
block 36 29
block 37 29
block 38 29
block 16 30
block 17 30
block 18 30
block 19 30
block 20 30
block 34 30
block 35 30
block 36 30
block 37 30
block 38 30
block 39 30
block 40 30
block 41 30
block 42 30
block 43 30
block 44 30
block 16 31
block 17 31
block 18 31
block 19 31
block 20 31
block 34 31
block 35 31
block 36 31
block 37 31
block 38 31
block 39 31
block 40 31
block 41 31
block 42 31
block 43 31
block 44 31
block 34 32
block 35 32
block 36 32
block 37 32
block 38 32
block 39 32
block 40 32
block 41 32
block 42 32
block 43 32
block 44 32
##BotsAndCoinsInfo
bot_name 0 starter-bot
bot 0 41 7
bot_coins 0 0
coin 30 15
coin 19 17
round 1
bot 0 41 8
round 2
bot 0 41 9
round 3
bot 0 41 10
round 4
bot 0 41 11
round 5
bot 0 41 12
coin 48 5
coin 1 27
round 6
bot 0 41 13
round 7
bot 0 41 14
round 8
bot 0 41 15
round 9
bot 0 41 16
round 10
bot 0 41 17
coin 20 19
coin 29 13
round 11
bot 0 41 18
round 12
bot 0 41 19
round 13
bot 0 41 20
round 14
bot 0 41 21
round 15
bot 0 41 22
coin 5 2
coin 45 30
round 16
round 17
round 18
round 19
round 20
coin 19 16
coin 30 16
round 21
round 22
round 23
round 24
round 25
coin 32 29
coin 17 3
round 26
round 27
round 28
round 29
round 30
coin 26 0
coin 23 32
round 31
round 32
round 33
round 34
round 35
coin 26 11
coin 23 21
round 36
round 37
round 38
round 39
round 40
coin 6 9
coin 43 22
round 41
round 42
round 43
round 44
round 45
coin 43 20
coin 6 12
round 46
round 47
round 48
round 49
round 50
coin 0 4
coin 49 28
round 51
round 52
round 53
round 54
round 55
coin 26 9
coin 23 23
round 56
round 57
round 58
round 59
round 60
coin 43 29
coin 6 3
round 61
round 62
round 63
round 64
round 65
coin 30 28
coin 20 4
round 66
round 67
round 68
round 69
round 70
coin 37 18
coin 12 14
round 71
round 72
round 73
round 74
round 75
coin 31 15
coin 18 18
round 76
round 77
round 78
round 79
round 80
coin 30 2
coin 19 32
round 81
round 82
round 83
round 84
round 85
coin 19 15
coin 30 17
round 86
round 87
round 88
round 89
round 90
coin 12 22
coin 37 10
round 91
round 92
round 93
round 94
round 95
coin 15 15
coin 34 17
round 96
round 97
round 98
round 99
round 100
coin 27 25
coin 22 7
round 101
round 102
round 103
round 104
round 105
coin 23 13
coin 26 19
round 106
round 107
round 108
round 109
round 110
coin 25 6
coin 24 25
round 111
round 112
round 113
round 114
round 115
coin 7 5
coin 42 28
round 116
round 117
round 118
round 119
round 120
coin 7 22
coin 42 10
round 121
round 122
round 123
round 124
round 125
coin 43 2
coin 6 30
round 126
round 127
round 128
round 129
round 130
coin 8 4
coin 41 28
round 131
round 132
round 133
round 134
round 135
coin 10 13
coin 39 19
round 136
round 137
round 138
round 139
round 140
coin 13 28
coin 36 4
round 141
round 142
round 143
round 144
round 145
coin 11 14
coin 38 18
round 146
round 147
round 148
round 149
round 150
coin 47 14
coin 2 18
round 151
round 152
round 153
round 154
round 155
coin 2 19
coin 47 13
round 156
round 157
round 158
round 159
round 160
coin 44 26
coin 5 6
round 161
round 162
round 163
round 164
round 165
coin 48 25
coin 1 7
round 166
round 167
round 168
round 169
round 170
coin 25 15
coin 24 17
round 171
round 172
round 173
round 174
round 175
coin 40 2
coin 9 30
round 176
round 177
round 178
round 179
round 180
coin 3 4
coin 46 28
round 181
round 182
round 183
round 184
round 185
coin 23 5
coin 26 25
round 186
round 187
round 188
round 189
round 190
coin 36 19
coin 12 13
round 191
round 192
round 193
round 194
round 195
coin 25 21
coin 24 11
round 196
round 197
round 198
round 199
round 200
coin 0 25
coin 49 7
match_over 0
