match
match_id 1639216631218_nm
match_time 1639216631220
num_bots 1
##MatchConfig
mode FRIENDLY
num_rounds 200
random_seed 42
move_time_limit 1000
coin_spawn_period 5
coin_spawn_volume 2
##MapConfig
map_size 52 39
view_radius 5
mining_radius 1
attack_radius 3
block 41 6
block 42 6
block 43 6
block 44 6
block 0 7
block 1 7
block 41 7
block 42 7
block 43 7
block 44 7
block 0 8
block 1 8
block 41 8
block 42 8
block 43 8
block 44 8
block 0 9
block 1 9
block 0 10
block 1 10
block 2 10
block 42 10
block 43 10
block 51 10
block 0 11
block 1 11
block 2 11
block 42 11
block 43 11
block 51 11
block 30 12
block 31 12
block 32 12
block 33 12
block 34 12
block 42 12
block 43 12
block 9 13
block 10 13
block 11 13
block 12 13
block 13 13
block 30 13
block 31 13
block 32 13
block 33 13
block 34 13
block 9 14
block 10 14
block 11 14
block 12 14
block 13 14
block 30 14
block 31 14
block 32 14
block 33 14
block 34 14
block 9 15
block 10 15
block 11 15
block 12 15
block 13 15
block 30 15
block 31 15
block 32 15
block 33 15
block 34 15
block 30 16
block 31 16
block 32 16
block 33 16
block 34 16
block 16 19
block 17 19
block 18 19
block 19 19
block 20 19
block 21 19
block 22 19
block 16 20
block 17 20
block 18 20
block 19 20
block 20 20
block 21 20
block 22 20
block 16 21
block 17 21
block 18 21
block 19 21
block 20 21
block 21 21
block 22 21
block 32 21
block 33 21
block 16 22
block 17 22
block 18 22
block 19 22
block 20 22
block 21 22
block 22 22
block 32 22
block 33 22
block 16 23
block 17 23
block 18 23
block 19 23
block 20 23
block 21 23
block 22 23
block 32 23
block 33 23
block 16 24
block 17 24
block 18 24
block 19 24
block 20 24
block 21 24
block 22 24
block 32 24
block 33 24
block 45 24
block 46 24
block 47 24
block 48 24
block 49 24
block 50 24
block 32 25
block 33 25
block 45 25
block 46 25
block 47 25
block 48 25
block 49 25
block 50 25
block 32 26
block 33 26
block 45 26
block 46 26
block 47 26
block 48 26
block 49 26
block 50 26
block 45 27
block 46 27
block 47 27
block 48 27
block 49 27
block 50 27
block 45 28
block 46 28
block 47 28
block 48 28
block 49 28
block 50 28
block 44 30
block 45 30
block 46 30
block 47 30
block 48 30
block 49 30
block 50 30
block 44 31
block 45 31
block 46 31
block 47 31
block 48 31
block 49 31
block 50 31
block 12 32
block 13 32
block 14 32
block 15 32
block 44 32
block 45 32
block 46 32
block 47 32
block 48 32
block 49 32
block 50 32
block 12 33
block 13 33
block 14 33
block 15 33
block 44 33
block 45 33
block 46 33
block 47 33
block 48 33
block 49 33
block 50 33
block 12 34
block 13 34
block 14 34
block 15 34
block 44 34
block 45 34
block 46 34
block 47 34
block 48 34
block 6 35
block 7 35
block 8 35
block 9 35
block 10 35
block 11 35
block 12 35
block 13 35
block 14 35
block 15 35
block 6 36
block 7 36
block 8 36
block 9 36
block 10 36
block 11 36
block 6 37
block 7 37
block 8 37
block 9 37
block 10 37
block 11 37
##BotsAndCoinsInfo
bot_name 0 starter-bot
bot 0 28 35
bot_coins 0 0
coin 26 33
coin 25 5
round 1
bot 0 28 36
round 2
bot 0 28 37
round 3
bot 0 28 38
round 4
bot 0 28 37
round 5
bot 0 28 36
coin 48 38
coin 3 0
round 6
bot 0 28 35
round 7
bot 0 28 34
round 8
bot 0 28 33
round 9
bot 0 28 32
round 10
bot 0 28 31
coin 26 4
coin 25 34
round 11
bot 0 28 30
round 12
bot 0 28 29
round 13
bot 0 28 28
round 14
bot 0 28 27
round 15
bot 0 28 26
coin 13 29
coin 38 9
round 16
bot 0 28 25
round 17
bot 0 28 24
round 18
bot 0 28 23
round 19
bot 0 28 22
round 20
bot 0 28 21
coin 3 2
coin 48 36
round 21
bot 0 28 20
round 22
bot 0 28 19
round 23
bot 0 28 18
round 24
bot 0 28 17
round 25
bot 0 28 16
coin 26 26
coin 25 12
round 26
bot 0 28 15
round 27
bot 0 28 14
round 28
bot 0 28 13
round 29
bot 0 28 12
round 30
bot 0 28 11
coin 8 6
coin 43 32
round 31
bot 0 28 10
round 32
bot 0 28 9
round 33
bot 0 28 8
round 34
bot 0 28 7
round 35
bot 0 28 6
coin 20 17
coin 31 21
round 36
bot 0 28 5
round 37
bot 0 28 4
round 38
bot 0 28 3
round 39
bot 0 28 2
round 40
bot 0 28 1
coin 48 21
coin 3 17
round 41
bot 0 28 0
round 42
bot 0 28 38
round 43
bot 0 28 37
round 44
bot 0 28 36
round 45
bot 0 28 35
coin 11 38
coin 40 0
round 46
bot 0 28 34
round 47
bot 0 28 33
round 48
bot 0 28 32
round 49
bot 0 28 31
round 50
bot 0 28 30
coin 40 4
coin 11 34
round 51
bot 0 28 29
round 52
bot 0 28 28
round 53
bot 0 28 27
round 54
bot 0 28 26
round 55
bot 0 28 25
coin 26 30
coin 25 8
round 56
bot 0 28 24
round 57
bot 0 28 23
round 58
bot 0 28 22
round 59
bot 0 28 21
round 60
bot 0 28 20
coin 51 21
coin 0 17
round 61
bot 0 28 19
round 62
bot 0 28 18
round 63
bot 0 28 17
round 64
bot 0 28 16
round 65
bot 0 28 15
coin 38 19
coin 13 19
round 66
bot 0 28 14
round 67
bot 0 28 13
round 68
bot 0 28 12
round 69
bot 0 28 11
round 70
bot 0 28 10
coin 19 25
coin 32 11
round 71
bot 0 28 9
round 72
bot 0 28 8
round 73
bot 0 28 7
round 74
bot 0 28 6
round 75
bot 0 28 5
coin 38 36
coin 13 2
round 76
bot 0 28 4
round 77
bot 0 28 3
round 78
bot 0 28 2
round 79
bot 0 28 1
round 80
bot 0 28 0
coin 18 18
coin 33 20
round 81
bot 0 28 38
round 82
bot 0 28 37
round 83
bot 0 28 36
round 84
bot 0 28 35
round 85
bot 0 28 34
coin 33 8
coin 18 30
round 86
bot 0 28 33
round 87
bot 0 28 32
round 88
bot 0 28 31
round 89
bot 0 28 30
round 90
bot 0 28 29
coin 32 37
coin 19 1
round 91
bot 0 28 28
round 92
bot 0 28 27
round 93
bot 0 28 26
round 94
bot 0 28 25
round 95
bot 0 28 24
coin 41 36
coin 10 2
round 96
bot 0 28 23
round 97
bot 0 28 22
round 98
bot 0 28 21
round 99
bot 0 28 20
round 100
bot 0 28 19
coin 31 31
coin 20 7
round 101
bot 0 28 18
round 102
bot 0 28 17
round 103
bot 0 28 16
round 104
bot 0 28 15
round 105
bot 0 28 14
coin 47 16
coin 4 22
round 106
bot 0 28 13
round 107
bot 0 28 12
round 108
bot 0 28 11
round 109
bot 0 28 10
round 110
bot 0 28 9
coin 15 15
coin 36 23
round 111
bot 0 28 8
round 112
bot 0 28 7
round 113
bot 0 28 6
round 114
bot 0 28 5
round 115
bot 0 28 4
coin 3 8
coin 48 29
round 116
bot 0 28 3
round 117
bot 0 28 2
round 118
bot 0 28 1
round 119
bot 0 28 0
round 120
bot 0 28 38
coin 2 9
coin 49 29
round 121
bot 0 28 37
round 122
bot 0 28 36
round 123
bot 0 28 35
round 124
bot 0 28 34
round 125
bot 0 28 33
coin 9 5
coin 42 33
round 126
bot 0 28 32
round 127
bot 0 28 31
round 128
bot 0 28 30
round 129
bot 0 28 29
round 130
bot 0 28 28
coin 42 28
coin 9 10
round 131
bot 0 28 27
round 132
bot 0 28 26
round 133
bot 0 28 25
round 134
bot 0 28 24
round 135
bot 0 28 23
coin 40 16
coin 11 22
round 136
bot 0 28 22
round 137
bot 0 28 21
round 138
bot 0 28 20
round 139
bot 0 28 19
round 140
bot 0 28 18
coin 25 28
coin 26 10
round 141
bot 0 28 17
round 142
bot 0 28 16
round 143
bot 0 28 15
round 144
bot 0 28 14
round 145
bot 0 28 13
coin 51 27
coin 0 12
round 146
bot 0 28 12
round 147
bot 0 28 11
round 148
bot 0 28 10
round 149
bot 0 28 9
round 150
bot 0 28 8
coin 45 35
coin 6 3
round 151
bot 0 28 7
round 152
bot 0 28 6
round 153
bot 0 28 5
round 154
bot 0 28 4
round 155
bot 0 28 3
coin 31 22
coin 20 16
round 156
bot 0 28 2
round 157
bot 0 28 1
round 158
bot 0 28 0
round 159
bot 0 28 38
round 160
bot 0 28 37
coin 51 32
coin 0 6
round 161
bot 0 28 36
round 162
bot 0 28 35
round 163
bot 0 28 34
round 164
bot 0 28 33
round 165
bot 0 28 32
coin 46 29
coin 5 9
round 166
bot 0 28 31
round 167
bot 0 28 30
round 168
bot 0 28 29
round 169
bot 0 28 28
round 170
bot 0 28 27
coin 35 18
coin 15 20
round 171
bot 0 28 26
round 172
bot 0 28 25
round 173
bot 0 28 24
round 174
bot 0 28 23
round 175
bot 0 28 22
coin 6 8
coin 45 29
round 176
bot 0 28 21
round 177
bot 0 28 20
round 178
bot 0 28 19
round 179
bot 0 28 18
round 180
bot 0 28 17
coin 13 12
coin 38 26
round 181
bot 0 28 16
round 182
bot 0 28 15
round 183
bot 0 28 14
round 184
bot 0 28 13
round 185
bot 0 28 12
coin 13 20
coin 38 18
round 186
bot 0 28 11
round 187
bot 0 28 10
round 188
bot 0 28 9
round 189
bot 0 28 8
round 190
bot 0 28 7
coin 42 5
coin 9 33
round 191
bot 0 28 6
round 192
bot 0 28 5
round 193
bot 0 28 4
round 194
bot 0 28 3
round 195
bot 0 28 2
coin 29 21
coin 22 17
round 196
bot 0 28 1
round 197
bot 0 28 0
round 198
bot 0 28 38
round 199
bot 0 28 37
round 200
bot 0 28 36
coin 40 37
coin 11 1
match_over 0
