match
match_id 1639167865360_bb
match_time 1639167865362
num_bots 1
##MatchConfig
mode FRIENDLY
num_rounds 200
random_seed 42
move_time_limit 1000
coin_spawn_period 5
coin_spawn_volume 2
##MapConfig
map_size 73 20
view_radius 5
mining_radius 2
attack_radius 3
block 9 0
block 10 0
block 11 0
block 12 0
block 13 0
block 37 0
block 38 0
block 39 0
block 40 0
block 44 0
block 45 0
block 46 0
block 62 0
block 63 0
block 64 0
block 65 0
block 68 0
block 69 0
block 70 0
block 71 0
block 9 1
block 10 1
block 11 1
block 12 1
block 13 1
block 37 1
block 38 1
block 39 1
block 40 1
block 44 1
block 45 1
block 46 1
block 62 1
block 63 1
block 64 1
block 65 1
block 68 1
block 69 1
block 70 1
block 71 1
block 34 2
block 35 2
block 36 2
block 37 2
block 38 2
block 39 2
block 44 2
block 45 2
block 46 2
block 62 2
block 63 2
block 64 2
block 65 2
block 68 2
block 69 2
block 70 2
block 71 2
block 34 3
block 35 3
block 36 3
block 37 3
block 38 3
block 39 3
block 44 3
block 45 3
block 46 3
block 62 3
block 63 3
block 64 3
block 65 3
block 68 3
block 69 3
block 70 3
block 71 3
block 42 4
block 43 4
block 44 4
block 45 4
block 46 4
block 55 4
block 56 4
block 57 4
block 58 4
block 62 4
block 63 4
block 64 4
block 65 4
block 42 5
block 43 5
block 44 5
block 55 5
block 56 5
block 57 5
block 58 5
block 62 5
block 63 5
block 64 5
block 65 5
block 42 6
block 43 6
block 44 6
block 55 6
block 56 6
block 57 6
block 58 6
block 42 7
block 43 7
block 44 7
block 55 7
block 56 7
block 57 7
block 58 7
block 59 7
block 60 7
block 61 7
block 21 8
block 22 8
block 23 8
block 42 8
block 43 8
block 44 8
block 56 8
block 57 8
block 58 8
block 59 8
block 60 8
block 61 8
block 21 9
block 22 9
block 23 9
block 56 9
block 57 9
block 58 9
block 59 9
block 60 9
block 61 9
block 62 9
block 63 9
block 64 9
block 65 9
block 17 10
block 18 10
block 19 10
block 20 10
block 21 10
block 22 10
block 23 10
block 56 10
block 57 10
block 58 10
block 59 10
block 60 10
block 61 10
block 62 10
block 63 10
block 64 10
block 65 10
block 17 11
block 18 11
block 19 11
block 20 11
block 21 11
block 22 11
block 23 11
block 56 11
block 57 11
block 58 11
block 59 11
block 60 11
block 61 11
block 62 11
block 63 11
block 64 11
block 65 11
block 17 12
block 18 12
block 19 12
block 20 12
block 21 12
block 22 12
block 23 12
block 56 12
block 57 12
block 58 12
block 59 12
block 60 12
block 61 12
block 62 12
block 63 12
block 64 12
block 65 12
block 66 12
block 67 12
block 68 12
block 69 12
block 70 12
block 17 13
block 18 13
block 19 13
block 20 13
block 56 13
block 57 13
block 58 13
block 59 13
block 60 13
block 61 13
block 64 13
block 65 13
block 66 13
block 67 13
block 68 13
block 69 13
block 70 13
block 9 14
block 10 14
block 11 14
block 12 14
block 17 14
block 18 14
block 19 14
block 20 14
block 64 14
block 65 14
block 66 14
block 67 14
block 68 14
block 69 14
block 70 14
block 9 15
block 10 15
block 11 15
block 12 15
block 17 15
block 18 15
block 19 15
block 20 15
block 64 15
block 65 15
block 66 15
block 67 15
block 68 15
block 69 15
block 70 15
block 9 16
block 10 16
block 11 16
block 12 16
block 13 16
block 17 16
block 18 16
block 19 16
block 20 16
block 64 16
block 65 16
block 66 16
block 67 16
block 68 16
block 69 16
block 70 16
block 9 17
block 10 17
block 11 17
block 12 17
block 13 17
block 9 18
block 10 18
block 11 18
block 12 18
block 13 18
block 44 18
block 45 18
block 46 18
block 68 18
block 69 18
block 70 18
block 71 18
block 9 19
block 10 19
block 11 19
block 12 19
block 13 19
block 44 19
block 45 19
block 46 19
block 68 19
block 69 19
block 70 19
block 71 19
##BotsAndCoinsInfo
bot_name 0 starter-bot
bot 0 26 1
bot_coins 0 0
coin 12 3
coin 60 16
round 1
round 2
round 3
match_over 0
round 4
