match
match_id 1639432341049_ai
match_time 1639432341054
num_bots 1
##MatchConfig
mode FRIENDLY
num_rounds 200
random_seed 42
move_time_limit 1000
coin_spawn_period 5
coin_spawn_volume 2
##MapConfig
map_size 64 39
view_radius 6
mining_radius 2
attack_radius 4
block 0 0
block 1 0
block 2 0
block 3 0
block 4 0
block 5 0
block 6 0
block 7 0
block 27 0
block 28 0
block 29 0
block 30 0
block 31 0
block 32 0
block 33 0
block 54 0
block 55 0
block 56 0
block 57 0
block 3 1
block 4 1
block 5 1
block 6 1
block 7 1
block 27 1
block 28 1
block 29 1
block 30 1
block 31 1
block 32 1
block 33 1
block 54 1
block 55 1
block 56 1
block 57 1
block 3 2
block 4 2
block 5 2
block 6 2
block 7 2
block 27 2
block 28 2
block 29 2
block 30 2
block 31 2
block 32 2
block 33 2
block 3 3
block 4 3
block 5 3
block 6 3
block 7 3
block 31 4
block 32 4
block 33 4
block 34 4
block 35 4
block 36 4
block 5 5
block 6 5
block 7 5
block 8 5
block 9 5
block 31 5
block 32 5
block 33 5
block 34 5
block 35 5
block 36 5
block 43 5
block 44 5
block 45 5
block 49 5
block 50 5
block 51 5
block 52 5
block 53 5
block 5 6
block 6 6
block 7 6
block 8 6
block 9 6
block 10 6
block 11 6
block 31 6
block 32 6
block 33 6
block 34 6
block 35 6
block 36 6
block 43 6
block 44 6
block 45 6
block 49 6
block 50 6
block 51 6
block 52 6
block 53 6
block 5 7
block 6 7
block 7 7
block 8 7
block 9 7
block 10 7
block 11 7
block 43 7
block 44 7
block 45 7
block 46 7
block 47 7
block 48 7
block 49 7
block 50 7
block 51 7
block 52 7
block 53 7
block 5 8
block 6 8
block 7 8
block 8 8
block 9 8
block 10 8
block 11 8
block 43 8
block 44 8
block 45 8
block 46 8
block 47 8
block 48 8
block 49 8
block 50 8
block 51 8
block 52 8
block 53 8
block 5 9
block 6 9
block 7 9
block 8 9
block 9 9
block 10 9
block 11 9
block 43 9
block 44 9
block 45 9
block 46 9
block 47 9
block 48 9
block 49 9
block 50 9
block 51 9
block 52 9
block 53 9
block 5 10
block 6 10
block 7 10
block 8 10
block 9 10
block 12 10
block 13 10
block 14 10
block 43 10
block 44 10
block 45 10
block 46 10
block 47 10
block 48 10
block 49 10
block 50 10
block 51 10
block 52 10
block 53 10
block 5 11
block 6 11
block 7 11
block 8 11
block 9 11
block 12 11
block 13 11
block 14 11
block 41 11
block 42 11
block 43 11
block 46 11
block 47 11
block 48 11
block 6 12
block 7 12
block 8 12
block 12 12
block 13 12
block 14 12
block 41 12
block 42 12
block 43 12
block 58 12
block 59 12
block 6 13
block 7 13
block 8 13
block 41 13
block 42 13
block 43 13
block 58 13
block 59 13
block 6 14
block 7 14
block 8 14
block 41 14
block 42 14
block 43 14
block 58 14
block 59 14
block 6 15
block 7 15
block 8 15
block 41 15
block 42 15
block 43 15
block 6 16
block 7 16
block 8 16
block 25 18
block 26 18
block 0 19
block 1 19
block 2 19
block 25 19
block 26 19
block 0 20
block 1 20
block 2 20
block 34 20
block 35 20
block 0 21
block 1 21
block 2 21
block 34 21
block 35 21
block 50 21
block 51 21
block 52 21
block 53 21
block 0 22
block 1 22
block 2 22
block 3 22
block 50 22
block 51 22
block 52 22
block 53 22
block 62 22
block 63 22
block 0 23
block 1 23
block 2 23
block 3 23
block 50 23
block 51 23
block 52 23
block 53 23
block 62 23
block 63 23
block 50 24
block 51 24
block 52 24
block 53 24
block 1 25
block 2 25
block 3 25
block 4 25
block 5 25
block 48 25
block 49 25
block 50 25
block 51 25
block 52 25
block 53 25
block 54 25
block 1 26
block 2 26
block 3 26
block 4 26
block 5 26
block 6 26
block 7 26
block 8 26
block 9 26
block 48 26
block 49 26
block 50 26
block 51 26
block 52 26
block 53 26
block 54 26
block 1 27
block 2 27
block 3 27
block 4 27
block 5 27
block 6 27
block 7 27
block 8 27
block 9 27
block 48 27
block 49 27
block 50 27
block 51 27
block 52 27
block 53 27
block 54 27
block 1 28
block 2 28
block 3 28
block 4 28
block 5 28
block 6 28
block 7 28
block 8 28
block 9 28
block 25 28
block 26 28
block 27 28
block 28 28
block 48 28
block 49 28
block 50 28
block 51 28
block 52 28
block 53 28
block 54 28
block 60 28
block 61 28
block 62 28
block 63 28
block 1 29
block 2 29
block 3 29
block 4 29
block 5 29
block 6 29
block 7 29
block 8 29
block 9 29
block 25 29
block 26 29
block 27 29
block 28 29
block 48 29
block 49 29
block 50 29
block 51 29
block 52 29
block 53 29
block 54 29
block 60 29
block 61 29
block 62 29
block 63 29
block 1 30
block 2 30
block 3 30
block 4 30
block 5 30
block 6 30
block 7 30
block 8 30
block 9 30
block 25 30
block 26 30
block 27 30
block 28 30
block 60 30
block 61 30
block 62 30
block 63 30
block 0 31
block 1 31
block 2 31
block 3 31
block 4 31
block 5 31
block 6 31
block 7 31
block 8 31
block 9 31
block 60 31
block 61 31
block 62 31
block 63 31
block 0 32
block 1 32
block 2 32
block 3 32
block 38 32
block 39 32
block 40 32
block 41 32
block 42 32
block 43 32
block 60 32
block 61 32
block 62 32
block 63 32
block 0 33
block 1 33
block 2 33
block 3 33
block 4 33
block 38 33
block 39 33
block 40 33
block 41 33
block 42 33
block 43 33
block 60 33
block 61 33
block 62 33
block 63 33
block 0 34
block 1 34
block 2 34
block 3 34
block 4 34
block 60 34
block 61 34
block 62 34
block 63 34
block 0 35
block 1 35
block 2 35
block 3 35
block 4 35
block 5 35
block 6 35
block 7 35
block 0 36
block 1 36
block 2 36
block 3 36
block 4 36
block 5 36
block 6 36
block 7 36
block 27 36
block 28 36
block 29 36
block 30 36
block 31 36
block 32 36
block 33 36
block 0 37
block 1 37
block 2 37
block 3 37
block 4 37
block 5 37
block 6 37
block 7 37
block 27 37
block 28 37
block 29 37
block 30 37
block 31 37
block 32 37
block 33 37
block 0 38
block 1 38
block 2 38
block 3 38
block 4 38
block 5 38
block 6 38
block 7 38
block 27 38
block 28 38
block 29 38
block 30 38
block 31 38
block 32 38
block 33 38
##BotsAndCoinsInfo
bot_name 0 starter-bot
bot 0 38 37
bot_coins 0 0
coin 46 33
coin 17 5
round 1
bot 0 38 38
round 2
bot 0 37 38
round 3
bot 0 36 38
round 4
bot 0 35 38
round 5
bot 0 34 38
coin 43 38
coin 20 0
round 6
bot 0 34 37
round 7
bot 0 34 36
round 8
bot 0 34 35
round 9
bot 0 33 35
round 10
bot 0 32 35
coin 19 4
coin 44 34
round 11
bot 0 31 35
round 12
bot 0 30 35
round 13
bot 0 29 35
round 14
bot 0 28 35
round 15
bot 0 27 35
coin 17 29
coin 45 11
round 16
bot 0 26 35
round 17
bot 0 25 35
round 18
bot 0 24 35
round 19
bot 0 23 34
round 20
bot 0 22 33
coin 42 2
coin 21 36
round 21
bot 0 21 34
coin_collected 21 36 0
bot_coins 0 1
round 22
bot 0 20 33
round 23
bot 0 19 32
round 24
bot 0 18 31
round 25
bot 0 17 30
coin_collected 17 29 0
bot_coins 0 2
coin 57 26
coin 5 12
round 26
bot 0 16 30
round 27
bot 0 15 30
round 28
bot 0 14 30
round 29
bot 0 13 30
round 30
bot 0 12 30
coin 23 6
coin 40 31
round 31
bot 0 11 30
round 32
bot 0 10 30
round 33
bot 0 10 29
round 34
bot 0 10 28
round 35
bot 0 10 27
coin 17 17
coin 46 21
round 36
bot 0 10 26
round 37
bot 0 10 25
round 38
bot 0 9 25
round 39
bot 0 8 25
round 40
bot 0 7 25
coin 29 21
coin 34 17
round 41
bot 0 6 25
round 42
bot 0 6 24
round 43
bot 0 5 24
round 44
bot 0 4 24
round 45
bot 0 3 24
coin 50 38
coin 13 0
round 46
bot 0 2 24
round 47
bot 0 1 24
round 48
bot 0 0 24
round 49
bot 0 63 24
round 50
bot 0 62 24
coin 58 4
coin 5 34
round 51
bot 0 61 25
round 52
bot 0 60 26
round 53
bot 0 59 25
round 54
bot 0 58 26
coin_collected 57 26 0
bot_coins 0 3
round 55
bot 0 57 26
coin 27 31
coin 36 7
round 56
bot 0 56 26
round 57
bot 0 55 26
round 58
bot 0 55 25
round 59
bot 0 55 24
round 60
bot 0 54 24
coin 47 21
coin 16 17
round 61
bot 0 54 23
round 62
bot 0 54 22
round 63
bot 0 54 21
round 64
bot 0 54 20
round 65
bot 0 53 20
coin 24 19
coin 39 19
round 66
bot 0 52 20
round 67
round 68
round 69
round 70
bot 0 53 20
coin 11 24
coin 52 14
round 71
bot 0 52 20
round 72
bot 0 51 20
round 73
round 74
round 75
coin 38 36
coin 25 2
round 76
bot 0 50 19
round 77
bot 0 51 18
round 78
bot 0 52 17
round 79
bot 0 51 16
round 80
bot 0 52 15
coin_collected 52 14 0
bot_coins 0 4
coin 13 20
coin 50 18
round 81
bot 0 51 16
round 82
bot 0 50 17
coin_collected 50 18 0
bot_coins 0 5
round 83
bot 0 49 18
round 84
bot 0 48 19
round 85
bot 0 47 20
coin_collected 47 21 0
bot_coins 0 6
coin_collected 46 21 0
bot_coins 0 7
coin 54 8
coin 10 30
round 86
bot 0 46 20
round 87
bot 0 45 20
round 88
bot 0 44 20
round 89
bot 0 43 19
round 90
bot 0 42 18
coin 11 37
coin 52 1
round 91
bot 0 41 19
coin_collected 39 19 0
bot_coins 0 8
round 92
bot 0 40 19
round 93
bot 0 39 19
round 94
bot 0 38 18
round 95
bot 0 37 17
coin 37 36
coin 26 2
round 96
bot 0 36 16
round 97
bot 0 35 17
coin_collected 34 17 0
bot_coins 0 9
round 98
bot 0 34 17
round 99
bot 0 33 17
round 100
bot 0 32 18
coin 48 31
coin 15 7
round 101
bot 0 31 19
round 102
bot 0 30 20
coin_collected 29 21 0
bot_coins 0 10
round 103
bot 0 29 20
round 104
bot 0 28 19
round 105
bot 0 27 18
coin 36 16
coin 27 22
round 106
round 107
round 108
round 109
bot 0 26 17
round 110
coin 37 15
coin 26 23
round 111
bot 0 25 17
round 112
bot 0 24 18
coin_collected 24 19 0
bot_coins 0 11
round 113
round 114
round 115
coin 48 6
coin 15 32
round 116
round 117
round 118
round 119
round 120
coin 2 10
coin 61 27
round 121
round 122
round 123
round 124
round 125
coin 22 5
coin 41 34
round 126
round 127
round 128
bot 0 24 19
round 129
bot 0 25 20
round 130
bot 0 26 21
coin_collected 27 22 0
bot_coins 0 12
coin_collected 26 23 0
bot_coins 0 13
coin 52 30
coin 12 8
round 131
bot 0 25 21
round 132
bot 0 24 21
round 133
bot 0 23 21
round 134
bot 0 22 21
round 135
bot 0 21 21
coin 26 16
coin 37 22
round 136
bot 0 20 20
round 137
bot 0 19 19
round 138
bot 0 18 18
coin_collected 17 17 0
bot_coins 0 14
round 139
bot 0 17 19
round 140
bot 0 16 20
coin 62 27
coin 1 11
round 141
bot 0 15 19
round 142
bot 0 14 20
coin_collected 13 20 0
bot_coins 0 15
round 143
bot 0 13 21
round 144
bot 0 12 22
round 145
bot 0 11 23
coin_collected 11 24 0
bot_coins 0 16
coin 45 27
coin 18 11
round 146
bot 0 10 23
round 147
bot 0 9 23
round 148
bot 0 8 23
round 149
bot 0 7 23
round 150
bot 0 6 23
coin 30 35
coin 33 3
round 151
bot 0 5 23
round 152
bot 0 4 23
round 153
bot 0 4 22
round 154
bot 0 4 21
round 155
bot 0 3 21
coin 18 22
coin 45 16
round 156
bot 0 3 20
round 157
bot 0 3 19
round 158
bot 0 3 18
round 159
bot 0 2 18
round 160
bot 0 1 18
coin 59 32
coin 4 6
round 161
bot 0 0 18
round 162
bot 0 63 18
round 163
bot 0 62 18
round 164
bot 0 61 18
round 165
bot 0 60 18
coin 51 30
coin 13 8
round 166
bot 0 59 18
round 167
bot 0 58 18
round 168
bot 0 57 18
round 169
bot 0 56 18
round 170
bot 0 55 18
coin 40 18
coin 23 20
round 171
bot 0 54 18
round 172
bot 0 53 18
round 173
bot 0 52 18
round 174
bot 0 51 18
round 175
bot 0 50 18
coin 23 8
coin 40 30
round 176
bot 0 49 17
round 177
bot 0 48 16
round 178
bot 0 47 15
round 179
bot 0 46 14
round 180
bot 0 45 13
coin_collected 45 11 0
bot_coins 0 17
coin 23 13
coin 40 25
round 181
bot 0 44 14
round 182
round 183
round 184
round 185
coin 27 20
coin 36 18
round 186
round 187
round 188
round 189
bot 0 44 13
round 190
bot 0 45 14
coin_collected 45 16 0
bot_coins 0 18
coin 29 7
coin 34 31
round 191
bot 0 44 14
round 192
round 193
round 194
round 195
coin 30 21
coin 33 17
round 196
round 197
round 198
round 199
bot 0 45 13
round 200
bot 0 44 13
coin 29 35
coin 34 3
match_over 0
