match
match_id 1639215233009_mi
match_time 1639215233011
num_bots 1
##MatchConfig
mode FRIENDLY
num_rounds 200
random_seed 42
move_time_limit 1000
coin_spawn_period 5
coin_spawn_volume 2
##MapConfig
map_size 48 23
view_radius 6
mining_radius 1
attack_radius 4
block 4 0
block 5 0
block 6 0
block 7 0
block 8 0
block 9 0
block 10 0
block 24 0
block 25 0
block 26 0
block 30 0
block 31 0
block 32 0
block 33 0
block 34 0
block 36 0
block 37 0
block 4 1
block 5 1
block 6 1
block 7 1
block 8 1
block 9 1
block 10 1
block 24 1
block 25 1
block 26 1
block 30 1
block 31 1
block 32 1
block 33 1
block 34 1
block 36 1
block 37 1
block 39 1
block 40 1
block 41 1
block 42 1
block 43 1
block 44 1
block 45 1
block 4 2
block 5 2
block 6 2
block 7 2
block 8 2
block 9 2
block 10 2
block 24 2
block 25 2
block 26 2
block 32 2
block 33 2
block 34 2
block 39 2
block 40 2
block 41 2
block 42 2
block 43 2
block 44 2
block 45 2
block 4 3
block 5 3
block 6 3
block 7 3
block 8 3
block 9 3
block 10 3
block 24 3
block 25 3
block 26 3
block 32 3
block 33 3
block 34 3
block 4 4
block 5 4
block 6 4
block 7 4
block 8 4
block 9 4
block 24 4
block 25 4
block 26 4
block 32 4
block 33 4
block 34 4
block 5 5
block 6 5
block 9 5
block 10 5
block 11 5
block 24 5
block 25 5
block 26 5
block 5 6
block 6 6
block 9 6
block 10 6
block 11 6
block 18 9
block 19 9
block 20 9
block 21 9
block 22 9
block 23 9
block 18 10
block 19 10
block 20 10
block 21 10
block 22 10
block 23 10
block 24 10
block 21 11
block 22 11
block 23 11
block 24 11
block 1 12
block 2 12
block 3 12
block 4 12
block 5 12
block 6 12
block 19 12
block 20 12
block 21 12
block 22 12
block 23 12
block 24 12
block 1 13
block 2 13
block 3 13
block 4 13
block 5 13
block 6 13
block 19 13
block 20 13
block 21 13
block 22 13
block 23 13
block 24 13
block 1 14
block 2 14
block 3 14
block 4 14
block 5 14
block 6 14
block 19 14
block 20 14
block 21 14
block 22 14
block 23 14
block 24 14
block 45 14
block 46 14
block 47 14
block 1 15
block 2 15
block 3 15
block 4 15
block 5 15
block 6 15
block 10 15
block 11 15
block 15 15
block 16 15
block 17 15
block 18 15
block 19 15
block 20 15
block 21 15
block 22 15
block 23 15
block 24 15
block 25 15
block 26 15
block 27 15
block 45 15
block 46 15
block 47 15
block 1 16
block 2 16
block 3 16
block 4 16
block 5 16
block 6 16
block 10 16
block 11 16
block 15 16
block 16 16
block 17 16
block 18 16
block 19 16
block 20 16
block 21 16
block 22 16
block 23 16
block 24 16
block 25 16
block 26 16
block 27 16
block 45 16
block 46 16
block 47 16
block 1 17
block 2 17
block 3 17
block 4 17
block 5 17
block 10 17
block 11 17
block 15 17
block 16 17
block 17 17
block 18 17
block 19 17
block 20 17
block 21 17
block 22 17
block 23 17
block 24 17
block 25 17
block 26 17
block 27 17
block 10 18
block 11 18
block 15 18
block 16 18
block 17 18
block 18 18
block 19 18
block 20 18
block 21 18
block 22 18
block 23 18
block 24 18
block 25 18
block 26 18
block 27 18
block 36 18
block 37 18
block 10 19
block 11 19
block 15 19
block 16 19
block 17 19
block 18 19
block 19 19
block 20 19
block 21 19
block 22 19
block 23 19
block 24 19
block 25 19
block 26 19
block 27 19
block 36 19
block 37 19
block 6 20
block 7 20
block 8 20
block 9 20
block 10 20
block 11 20
block 15 20
block 16 20
block 17 20
block 18 20
block 19 20
block 20 20
block 21 20
block 22 20
block 23 20
block 24 20
block 25 20
block 26 20
block 27 20
block 36 20
block 37 20
block 4 21
block 5 21
block 6 21
block 7 21
block 8 21
block 9 21
block 10 21
block 11 21
block 15 21
block 16 21
block 17 21
block 18 21
block 19 21
block 20 21
block 32 21
block 33 21
block 34 21
block 36 21
block 37 21
block 4 22
block 5 22
block 6 22
block 7 22
block 8 22
block 9 22
block 10 22
block 32 22
block 33 22
block 34 22
block 36 22
block 37 22
##BotsAndCoinsInfo
bot_name 0 starter-bot
bot 0 45 17
bot_coins 0 0
coin 27 4
coin 21 21
round 1
bot 0 45 18
round 2
bot 0 45 19
round 3
bot 0 45 20
round 4
bot 0 45 21
round 5
bot 0 45 22
coin 0 10
coin 47 12
round 6
bot 0 44 21
round 7
bot 0 44 20
round 8
bot 0 44 19
round 9
bot 0 44 18
round 10
bot 0 44 17
coin 18 4
coin 29 18
round 11
bot 0 44 16
round 12
bot 0 44 15
round 13
bot 0 44 14
round 14
bot 0 44 13
round 15
bot 0 44 12
coin 17 22
coin 29 0
round 16
bot 0 44 11
round 17
bot 0 44 10
round 18
bot 0 44 9
round 19
bot 0 44 8
round 20
bot 0 44 7
coin 31 14
coin 16 8
round 21
bot 0 44 6
round 22
bot 0 44 5
round 23
bot 0 44 4
round 24
bot 0 44 3
round 25
coin 14 15
coin 33 7
round 26
round 27
round 28
round 29
round 30
coin 12 21
coin 35 1
round 31
round 32
round 33
round 34
round 35
coin 44 6
coin 3 18
round 36
round 37
round 38
round 39
round 40
coin 25 14
coin 22 8
round 41
round 42
round 43
round 44
round 45
coin 7 16
coin 40 6
round 46
round 47
round 48
round 49
round 50
coin 8 19
coin 39 3
round 51
round 52
round 53
round 54
round 55
coin 26 21
coin 21 1
round 56
round 57
round 58
round 59
round 60
coin 11 0
coin 35 22
round 61
round 62
round 63
round 64
round 65
coin 46 20
coin 1 2
round 66
round 67
round 68
round 69
round 70
coin 43 11
coin 4 11
round 71
round 72
round 73
round 74
round 75
coin 10 4
coin 38 18
round 76
round 77
round 78
round 79
round 80
coin 14 5
coin 33 17
round 81
round 82
round 83
round 84
round 85
coin 41 18
coin 7 5
round 86
round 87
round 88
round 89
round 90
coin 12 8
coin 35 14
round 91
round 92
round 93
round 94
round 95
coin 23 1
coin 24 21
round 96
round 97
round 98
round 99
round 100
coin 12 16
coin 35 6
round 101
round 102
round 103
round 104
round 105
coin 47 22
coin 0 0
round 106
round 107
round 108
round 109
round 110
coin 25 13
coin 21 8
round 111
round 112
round 113
round 114
round 115
coin 7 17
coin 40 5
round 116
round 117
round 118
round 119
round 120
coin 13 3
coin 34 19
round 121
round 122
round 123
round 124
round 125
coin 23 3
coin 23 21
round 126
round 127
round 128
round 129
round 130
coin 38 6
coin 9 16
round 131
round 132
round 133
round 134
round 135
coin 8 12
coin 39 10
round 136
round 137
round 138
round 139
round 140
coin 1 6
coin 46 17
round 141
round 142
round 143
round 144
round 145
coin 21 22
coin 27 0
round 146
round 147
round 148
round 149
round 150
coin 25 22
coin 22 0
round 151
round 152
round 153
round 154
round 155
coin 32 17
coin 15 5
round 156
round 157
round 158
round 159
round 160
match_over 0
coin 38 1
coin 9 19
round 161
