match
match_id 1639217516012_ob
match_time 1639217516015
num_bots 1
##MatchConfig
mode FRIENDLY
num_rounds 200
random_seed 42
move_time_limit 1000
coin_spawn_period 5
coin_spawn_volume 2
##MapConfig
map_size 58 32
view_radius 5
mining_radius 1
attack_radius 4
block 45 0
block 46 0
block 47 0
block 48 0
block 49 0
block 50 0
block 45 1
block 46 1
block 47 1
block 48 1
block 49 1
block 50 1
block 45 2
block 46 2
block 47 2
block 48 2
block 49 2
block 50 2
block 8 3
block 9 3
block 10 3
block 11 3
block 12 3
block 13 3
block 45 3
block 46 3
block 47 3
block 48 3
block 49 3
block 50 3
block 8 4
block 9 4
block 10 4
block 11 4
block 12 4
block 13 4
block 45 4
block 46 4
block 47 4
block 48 4
block 49 4
block 50 4
block 8 5
block 9 5
block 10 5
block 11 5
block 12 5
block 13 5
block 45 5
block 46 5
block 47 5
block 48 5
block 49 5
block 50 5
block 8 6
block 9 6
block 10 6
block 11 6
block 12 6
block 13 6
block 14 6
block 15 6
block 16 6
block 17 6
block 18 6
block 45 6
block 46 6
block 47 6
block 48 6
block 49 6
block 50 6
block 12 7
block 13 7
block 14 7
block 15 7
block 16 7
block 17 7
block 18 7
block 19 7
block 20 7
block 12 8
block 13 8
block 14 8
block 15 8
block 16 8
block 17 8
block 18 8
block 19 8
block 20 8
block 16 9
block 17 9
block 18 9
block 19 9
block 20 9
block 3 10
block 4 10
block 5 10
block 6 10
block 16 10
block 17 10
block 18 10
block 19 10
block 20 10
block 3 11
block 4 11
block 5 11
block 6 11
block 16 11
block 17 11
block 18 11
block 19 11
block 20 11
block 47 11
block 48 11
block 49 11
block 50 11
block 51 11
block 52 11
block 0 12
block 1 12
block 2 12
block 3 12
block 4 12
block 5 12
block 6 12
block 16 12
block 17 12
block 18 12
block 19 12
block 20 12
block 47 12
block 48 12
block 49 12
block 50 12
block 51 12
block 52 12
block 57 12
block 0 13
block 1 13
block 2 13
block 3 13
block 4 13
block 5 13
block 6 13
block 47 13
block 48 13
block 49 13
block 50 13
block 51 13
block 52 13
block 57 13
block 0 14
block 1 14
block 2 14
block 3 14
block 4 14
block 5 14
block 6 14
block 47 14
block 48 14
block 49 14
block 50 14
block 51 14
block 52 14
block 57 14
block 0 15
block 1 15
block 2 15
block 3 15
block 4 15
block 5 15
block 6 15
block 47 15
block 48 15
block 49 15
block 50 15
block 51 15
block 52 15
block 57 15
block 3 16
block 4 16
block 5 16
block 6 16
block 36 16
block 37 16
block 38 16
block 47 16
block 48 16
block 49 16
block 50 16
block 51 16
block 52 16
block 36 17
block 37 17
block 38 17
block 47 17
block 48 17
block 49 17
block 50 17
block 51 17
block 36 18
block 37 18
block 38 18
block 45 18
block 46 18
block 47 18
block 48 18
block 49 18
block 50 18
block 51 18
block 36 19
block 37 19
block 38 19
block 45 19
block 46 19
block 47 19
block 48 19
block 49 19
block 50 19
block 36 20
block 37 20
block 38 20
block 45 20
block 46 20
block 47 20
block 48 20
block 49 20
block 50 20
block 51 20
block 54 20
block 55 20
block 56 20
block 57 20
block 36 21
block 37 21
block 38 21
block 46 21
block 47 21
block 48 21
block 49 21
block 50 21
block 51 21
block 54 21
block 55 21
block 56 21
block 57 21
block 46 22
block 47 22
block 48 22
block 49 22
block 50 22
block 51 22
block 54 22
block 55 22
block 56 22
block 57 22
block 46 23
block 47 23
block 48 23
block 49 23
block 50 23
block 51 23
block 46 24
block 47 24
block 48 24
block 49 24
block 50 24
block 51 24
block 46 25
block 47 25
block 48 25
block 49 25
block 50 25
block 51 25
##BotsAndCoinsInfo
bot_name 0 starter-bot
bot 0 13 23
bot_coins 0 0
coin 44 1
coin 13 30
round 1
bot 0 13 24
round 2
bot 0 13 25
round 3
bot 0 13 26
round 4
bot 0 13 27
round 5
bot 0 13 28
coin 38 1
coin 19 30
round 6
bot 0 13 29
coin_collected 13 30 0
bot_coins 0 1
round 7
bot 0 13 30
round 8
bot 0 13 31
round 9
bot 0 12 30
round 10
bot 0 12 29
coin 42 30
coin 15 1
round 11
bot 0 12 28
round 12
bot 0 12 27
round 13
bot 0 12 26
round 14
bot 0 12 25
round 15
bot 0 12 24
coin 27 22
coin 30 9
round 16
bot 0 12 23
round 17
bot 0 12 22
round 18
bot 0 12 21
round 19
bot 0 12 20
round 20
bot 0 12 19
coin 31 2
coin 26 29
round 21
bot 0 12 18
round 22
bot 0 12 17
round 23
bot 0 12 16
round 24
bot 0 12 15
round 25
bot 0 12 14
coin 26 14
coin 31 17
round 26
bot 0 12 13
round 27
bot 0 12 12
round 28
bot 0 12 11
round 29
bot 0 12 10
round 30
bot 0 12 9
coin 18 13
coin 39 18
round 31
bot 0 11 9
round 32
bot 0 11 8
round 33
bot 0 11 7
round 34
bot 0 10 7
round 35
bot 0 9 7
coin 20 22
coin 37 9
round 36
bot 0 8 7
round 37
bot 0 7 7
round 38
bot 0 7 6
round 39
bot 0 7 5
round 40
bot 0 7 4
coin 20 24
coin 37 7
round 41
bot 0 7 3
round 42
bot 0 7 2
round 43
bot 0 7 1
round 44
bot 0 7 0
round 45
bot 0 6 1
coin 7 31
coin 51 0
round 46
bot 0 6 2
round 47
bot 0 6 3
round 48
bot 0 6 4
round 49
bot 0 6 5
round 50
bot 0 6 6
coin 48 7
coin 9 24
round 51
bot 0 6 7
round 52
bot 0 6 8
round 53
bot 0 6 9
round 54
bot 0 5 9
round 55
bot 0 4 9
coin 28 14
coin 29 17
round 56
bot 0 3 9
round 57
bot 0 2 9
round 58
bot 0 2 10
round 59
bot 0 2 11
round 60
bot 0 1 11
coin 5 29
coin 52 2
round 61
bot 0 0 11
round 62
bot 0 57 11
round 63
bot 0 56 11
round 64
bot 0 56 12
round 65
bot 0 56 13
coin 34 25
coin 23 6
round 66
bot 0 56 14
round 67
bot 0 56 15
round 68
bot 0 56 16
round 69
bot 0 56 17
round 70
bot 0 56 18
coin 9 2
coin 48 29
round 71
bot 0 56 19
round 72
bot 0 55 19
round 73
bot 0 54 19
round 74
bot 0 53 19
round 75
bot 0 53 20
coin 30 10
coin 27 21
round 76
bot 0 53 21
round 77
bot 0 53 22
round 78
bot 0 53 23
round 79
bot 0 53 24
round 80
bot 0 53 25
coin 2 8
coin 55 23
round 81
bot 0 53 26
round 82
bot 0 53 27
round 83
bot 0 53 28
round 84
bot 0 53 29
round 85
bot 0 53 30
coin 46 11
coin 11 20
round 86
bot 0 53 31
round 87
bot 0 52 30
round 88
bot 0 52 29
round 89
bot 0 52 28
round 90
bot 0 52 27
coin 10 7
coin 45 24
round 91
bot 0 52 26
round 92
bot 0 52 25
round 93
bot 0 52 24
round 94
bot 0 52 23
round 95
bot 0 52 22
coin 51 8
coin 6 23
round 96
bot 0 52 21
round 97
bot 0 52 20
round 98
bot 0 52 19
round 99
bot 0 52 18
round 100
bot 0 52 17
coin 43 20
coin 14 11
round 101
round 102
round 103
round 104
round 105
coin 23 2
coin 34 29
round 106
round 107
round 108
round 109
round 110
coin 11 2
coin 46 29
round 111
round 112
round 113
round 114
round 115
coin 21 25
coin 36 6
round 116
round 117
round 118
round 119
round 120
coin 33 10
coin 24 21
round 121
round 122
round 123
round 124
round 125
coin 57 6
coin 0 25
round 126
round 127
round 128
round 129
round 130
coin 10 0
coin 47 31
round 131
round 132
round 133
round 134
round 135
coin 26 24
coin 31 7
round 136
round 137
round 138
round 139
round 140
coin 25 2
coin 32 29
round 141
round 142
round 143
round 144
round 145
coin 21 17
coin 36 14
round 146
round 147
round 148
round 149
round 150
coin 55 27
coin 2 4
round 151
round 152
round 153
round 154
round 155
coin 52 7
coin 5 24
round 156
round 157
round 158
round 159
round 160
coin 18 19
coin 39 12
round 161
round 162
round 163
round 164
round 165
coin 11 7
coin 45 25
round 166
round 167
round 168
round 169
round 170
coin 2 11
coin 55 19
round 171
round 172
round 173
round 174
round 175
coin 44 4
coin 13 27
round 176
round 177
round 178
round 179
round 180
coin 43 13
coin 14 18
round 181
round 182
round 183
round 184
round 185
coin 51 19
coin 7 12
round 186
round 187
round 188
round 189
round 190
coin 45 22
coin 12 9
round 191
round 192
round 193
round 194
round 195
coin 29 30
coin 28 1
round 196
round 197
round 198
round 199
round 200
coin 2 17
coin 55 14
match_over 0
