match
match_id 1639175660736_fs
match_time 1639175660739
num_bots 1
##MatchConfig
mode FRIENDLY
num_rounds 200
random_seed 42
move_time_limit 1000
coin_spawn_period 5
coin_spawn_volume 2
##MapConfig
map_size 66 23
view_radius 6
mining_radius 2
attack_radius 4
block 51 0
block 52 0
block 53 0
block 55 0
block 56 0
block 51 1
block 52 1
block 53 1
block 55 1
block 56 1
block 51 2
block 52 2
block 53 2
block 0 3
block 1 3
block 2 3
block 3 3
block 4 3
block 5 3
block 6 3
block 36 3
block 37 3
block 38 3
block 39 3
block 44 3
block 45 3
block 46 3
block 47 3
block 48 3
block 49 3
block 51 3
block 52 3
block 53 3
block 62 3
block 63 3
block 64 3
block 65 3
block 0 4
block 1 4
block 2 4
block 3 4
block 4 4
block 5 4
block 6 4
block 36 4
block 37 4
block 38 4
block 39 4
block 44 4
block 45 4
block 46 4
block 47 4
block 48 4
block 49 4
block 61 4
block 62 4
block 63 4
block 64 4
block 65 4
block 0 5
block 1 5
block 2 5
block 3 5
block 4 5
block 5 5
block 6 5
block 7 5
block 8 5
block 36 5
block 37 5
block 38 5
block 39 5
block 44 5
block 45 5
block 46 5
block 47 5
block 48 5
block 49 5
block 61 5
block 62 5
block 63 5
block 64 5
block 65 5
block 0 6
block 1 6
block 2 6
block 3 6
block 4 6
block 5 6
block 6 6
block 7 6
block 8 6
block 29 6
block 30 6
block 31 6
block 32 6
block 33 6
block 34 6
block 36 6
block 37 6
block 38 6
block 39 6
block 44 6
block 45 6
block 46 6
block 47 6
block 48 6
block 49 6
block 55 6
block 56 6
block 57 6
block 58 6
block 59 6
block 61 6
block 62 6
block 63 6
block 64 6
block 65 6
block 0 7
block 1 7
block 2 7
block 3 7
block 4 7
block 5 7
block 6 7
block 7 7
block 8 7
block 29 7
block 30 7
block 31 7
block 32 7
block 33 7
block 34 7
block 36 7
block 37 7
block 38 7
block 39 7
block 44 7
block 45 7
block 46 7
block 47 7
block 48 7
block 49 7
block 51 7
block 52 7
block 55 7
block 56 7
block 57 7
block 58 7
block 59 7
block 61 7
block 62 7
block 63 7
block 64 7
block 65 7
block 0 8
block 7 8
block 8 8
block 29 8
block 30 8
block 31 8
block 32 8
block 33 8
block 34 8
block 44 8
block 45 8
block 46 8
block 47 8
block 48 8
block 49 8
block 51 8
block 52 8
block 55 8
block 56 8
block 57 8
block 58 8
block 59 8
block 61 8
block 62 8
block 63 8
block 64 8
block 65 8
block 2 9
block 3 9
block 4 9
block 5 9
block 6 9
block 7 9
block 8 9
block 11 9
block 12 9
block 13 9
block 14 9
block 15 9
block 29 9
block 30 9
block 31 9
block 32 9
block 33 9
block 34 9
block 44 9
block 45 9
block 46 9
block 47 9
block 48 9
block 49 9
block 51 9
block 52 9
block 55 9
block 56 9
block 57 9
block 58 9
block 59 9
block 2 10
block 3 10
block 4 10
block 5 10
block 6 10
block 7 10
block 8 10
block 11 10
block 12 10
block 13 10
block 14 10
block 15 10
block 47 10
block 48 10
block 49 10
block 51 10
block 52 10
block 55 10
block 56 10
block 57 10
block 58 10
block 59 10
block 2 11
block 3 11
block 4 11
block 5 11
block 6 11
block 7 11
block 8 11
block 11 11
block 12 11
block 13 11
block 14 11
block 15 11
block 47 11
block 48 11
block 49 11
block 58 11
block 59 11
block 2 12
block 3 12
block 4 12
block 5 12
block 6 12
block 11 12
block 12 12
block 13 12
block 14 12
block 15 12
block 47 12
block 48 12
block 49 12
block 58 12
block 59 12
block 2 13
block 3 13
block 4 13
block 5 13
block 6 13
block 11 13
block 12 13
block 13 13
block 14 13
block 15 13
block 27 13
block 28 13
block 29 13
block 2 14
block 3 14
block 4 14
block 5 14
block 6 14
block 11 14
block 12 14
block 13 14
block 27 14
block 28 14
block 29 14
block 27 15
block 28 15
block 29 15
block 27 16
block 28 16
block 29 16
block 6 17
block 7 17
block 27 17
block 28 17
block 29 17
block 30 17
block 31 17
block 32 17
block 6 18
block 7 18
block 10 18
block 11 18
block 12 18
block 13 18
block 27 18
block 28 18
block 29 18
block 30 18
block 31 18
block 32 18
block 53 18
block 54 18
block 55 18
block 56 18
block 57 18
block 58 18
block 6 19
block 7 19
block 10 19
block 11 19
block 12 19
block 13 19
block 27 19
block 28 19
block 29 19
block 30 19
block 31 19
block 32 19
block 53 19
block 54 19
block 55 19
block 56 19
block 57 19
block 58 19
block 59 19
block 10 20
block 11 20
block 12 20
block 13 20
block 27 20
block 28 20
block 29 20
block 30 20
block 31 20
block 32 20
block 53 20
block 54 20
block 55 20
block 56 20
block 57 20
block 58 20
block 59 20
block 51 21
block 52 21
block 53 21
block 54 21
block 55 21
block 56 21
block 57 21
block 58 21
block 59 21
block 51 22
block 52 22
block 53 22
block 54 22
block 55 22
block 56 22
block 57 22
block 58 22
##BotsAndCoinsInfo
bot_name 0 starter-bot
bot 0 58 15
bot_coins 0 0
coin 61 3
coin 4 19
round 1
bot 0 58 16
round 2
bot 0 58 17
round 3
round 4
round 5
coin 30 10
coin 35 12
round 6
round 7
round 8
round 9
round 10
coin 35 4
coin 30 16
round 11
round 12
round 13
round 14
round 15
coin 23 20
coin 42 2
round 16
round 17
round 18
round 19
round 20
coin 43 14
coin 22 8
round 21
round 22
round 23
round 24
round 25
coin 44 15
coin 21 7
round 26
round 27
round 28
round 29
round 30
coin 24 21
coin 41 1
round 31
round 32
round 33
round 34
round 35
coin 2 8
coin 63 14
round 36
round 37
round 38
round 39
round 40
coin 48 15
coin 17 7
round 41
round 42
round 43
round 44
round 45
coin 55 16
coin 10 6
round 46
round 47
round 48
round 49
round 50
coin 32 22
coin 33 0
round 51
round 52
round 53
round 54
round 55
coin 14 21
coin 50 1
round 56
round 57
round 58
round 59
round 60
coin 23 0
coin 42 22
round 61
round 62
round 63
round 64
round 65
coin 9 20
coin 56 2
round 66
round 67
round 68
round 69
round 70
coin 37 11
coin 28 11
round 71
round 72
round 73
round 74
round 75
coin 22 4
coin 43 18
round 76
round 77
round 78
round 79
round 80
coin 56 5
coin 9 17
round 81
round 82
round 83
round 84
round 85
coin 65 18
coin 0 2
round 86
round 87
round 88
round 89
round 90
coin 54 8
coin 10 14
round 91
round 92
round 93
round 94
round 95
coin 43 1
coin 22 21
round 96
round 97
round 98
round 99
round 100
coin 35 16
coin 30 5
round 101
round 102
round 103
round 104
round 105
coin 23 22
coin 42 0
round 106
round 107
round 108
round 109
round 110
coin 65 14
coin 0 9
round 111
round 112
round 113
round 114
round 115
coin 1 16
coin 64 9
round 116
round 117
round 118
round 119
round 120
coin 7 3
coin 59 18
round 121
coin_collected 59 18 0
bot_coins 0 1
round 122
round 123
round 124
round 125
coin 37 2
coin 28 21
round 126
round 127
round 128
round 129
round 130
coin 9 6
coin 56 16
round 131
round 132
round 133
round 134
round 135
coin 1 12
coin 64 10
round 136
round 137
round 138
round 139
round 140
coin 55 5
coin 10 17
round 141
round 142
round 143
round 144
round 145
coin 27 22
coin 38 0
round 146
round 147
round 148
round 149
round 150
coin 1 1
coin 64 21
round 151
round 152
round 153
round 154
round 155
coin 26 17
coin 40 5
round 156
round 157
round 158
round 159
round 160
coin 26 1
coin 39 21
round 161
round 162
round 163
round 164
round 165
coin 40 6
coin 25 16
round 166
round 167
round 168
round 169
round 170
coin 45 11
coin 20 11
round 171
round 172
round 173
round 174
round 175
coin 16 10
coin 50 12
round 176
round 177
round 178
match_over 0
round 179
