match
match_id 1639177908611_hs
match_time 1639177908613
num_bots 1
##MatchConfig
mode FRIENDLY
num_rounds 200
random_seed 42
move_time_limit 1000
coin_spawn_period 5
coin_spawn_volume 2
##MapConfig
map_size 49 35
view_radius 5
mining_radius 1
attack_radius 4
block 21 0
block 22 0
block 41 2
block 42 2
block 43 2
block 44 2
block 45 2
block 46 2
block 47 2
block 41 3
block 42 3
block 43 3
block 44 3
block 45 3
block 46 3
block 47 3
block 41 4
block 42 4
block 43 4
block 44 4
block 45 4
block 46 4
block 47 4
block 8 5
block 9 5
block 41 5
block 42 5
block 43 5
block 44 5
block 45 5
block 46 5
block 47 5
block 5 6
block 6 6
block 7 6
block 8 6
block 9 6
block 19 6
block 20 6
block 41 6
block 42 6
block 43 6
block 44 6
block 45 6
block 46 6
block 47 6
block 5 7
block 6 7
block 7 7
block 8 7
block 9 7
block 10 7
block 11 7
block 12 7
block 13 7
block 14 7
block 15 7
block 16 7
block 17 7
block 19 7
block 20 7
block 39 7
block 40 7
block 41 7
block 42 7
block 43 7
block 44 7
block 45 7
block 46 7
block 47 7
block 5 8
block 6 8
block 7 8
block 8 8
block 9 8
block 10 8
block 11 8
block 12 8
block 13 8
block 14 8
block 15 8
block 16 8
block 17 8
block 19 8
block 20 8
block 39 8
block 40 8
block 41 8
block 42 8
block 43 8
block 44 8
block 45 8
block 46 8
block 47 8
block 5 9
block 6 9
block 7 9
block 8 9
block 9 9
block 10 9
block 11 9
block 12 9
block 13 9
block 14 9
block 15 9
block 16 9
block 17 9
block 19 9
block 20 9
block 36 9
block 37 9
block 38 9
block 39 9
block 40 9
block 41 9
block 42 9
block 43 9
block 44 9
block 45 9
block 8 10
block 9 10
block 10 10
block 11 10
block 12 10
block 13 10
block 14 10
block 15 10
block 16 10
block 17 10
block 19 10
block 20 10
block 36 10
block 37 10
block 38 10
block 39 10
block 40 10
block 41 10
block 42 10
block 43 10
block 44 10
block 45 10
block 8 11
block 9 11
block 10 11
block 11 11
block 12 11
block 13 11
block 14 11
block 15 11
block 16 11
block 19 11
block 20 11
block 36 11
block 37 11
block 38 11
block 39 11
block 40 11
block 41 11
block 42 11
block 43 11
block 44 11
block 45 11
block 8 12
block 9 12
block 10 12
block 11 12
block 12 12
block 13 12
block 14 12
block 15 12
block 16 12
block 19 12
block 20 12
block 42 12
block 43 12
block 44 12
block 45 12
block 8 13
block 9 13
block 10 13
block 11 13
block 12 13
block 13 13
block 14 13
block 42 13
block 43 13
block 44 13
block 45 13
block 8 14
block 9 14
block 10 14
block 11 14
block 24 14
block 25 14
block 26 14
block 37 14
block 38 14
block 39 14
block 40 14
block 41 14
block 42 14
block 43 14
block 44 14
block 45 14
block 8 15
block 9 15
block 10 15
block 11 15
block 24 15
block 25 15
block 26 15
block 37 15
block 38 15
block 39 15
block 40 15
block 41 15
block 42 15
block 43 15
block 44 15
block 45 15
block 8 16
block 9 16
block 10 16
block 11 16
block 37 16
block 38 16
block 39 16
block 40 16
block 41 16
block 42 16
block 0 17
block 8 17
block 9 17
block 10 17
block 11 17
block 31 17
block 32 17
block 33 17
block 34 17
block 37 17
block 38 17
block 39 17
block 40 17
block 41 17
block 42 17
block 47 17
block 48 17
block 0 18
block 31 18
block 32 18
block 33 18
block 34 18
block 37 18
block 38 18
block 39 18
block 40 18
block 41 18
block 42 18
block 47 18
block 48 18
block 0 19
block 25 19
block 26 19
block 27 19
block 28 19
block 29 19
block 30 19
block 31 19
block 32 19
block 33 19
block 34 19
block 37 19
block 38 19
block 39 19
block 40 19
block 41 19
block 42 19
block 47 19
block 48 19
block 0 20
block 25 20
block 26 20
block 27 20
block 28 20
block 29 20
block 30 20
block 31 20
block 32 20
block 33 20
block 34 20
block 37 20
block 38 20
block 39 20
block 40 20
block 41 20
block 42 20
block 47 20
block 48 20
block 0 21
block 25 21
block 26 21
block 27 21
block 28 21
block 29 21
block 30 21
block 31 21
block 32 21
block 33 21
block 34 21
block 47 21
block 48 21
block 0 22
block 25 22
block 26 22
block 27 22
block 28 22
block 29 22
block 30 22
block 31 22
block 32 22
block 33 22
block 34 22
block 47 22
block 48 22
block 0 23
block 25 23
block 26 23
block 27 23
block 28 23
block 29 23
block 30 23
block 31 23
block 32 23
block 33 23
block 34 23
block 47 23
block 48 23
block 11 24
block 12 24
block 13 24
block 25 24
block 26 24
block 27 24
block 28 24
block 29 24
block 30 24
block 11 25
block 12 25
block 13 25
block 37 25
block 38 25
block 39 25
block 40 25
block 24 26
block 25 26
block 26 26
block 27 26
block 28 26
block 29 26
block 30 26
block 37 26
block 38 26
block 39 26
block 40 26
block 24 27
block 25 27
block 26 27
block 27 27
block 28 27
block 29 27
block 30 27
block 33 27
block 34 27
block 35 27
block 37 27
block 38 27
block 39 27
block 40 27
block 8 28
block 9 28
block 10 28
block 11 28
block 12 28
block 13 28
block 24 28
block 25 28
block 26 28
block 27 28
block 28 28
block 29 28
block 30 28
block 33 28
block 34 28
block 35 28
block 37 28
block 38 28
block 39 28
block 40 28
block 41 28
block 42 28
block 43 28
block 44 28
block 45 28
block 46 28
block 47 28
block 8 29
block 9 29
block 10 29
block 11 29
block 12 29
block 13 29
block 24 29
block 25 29
block 26 29
block 27 29
block 28 29
block 29 29
block 30 29
block 33 29
block 34 29
block 35 29
block 37 29
block 38 29
block 39 29
block 40 29
block 41 29
block 42 29
block 43 29
block 44 29
block 45 29
block 46 29
block 47 29
block 8 30
block 9 30
block 10 30
block 11 30
block 12 30
block 13 30
block 24 30
block 25 30
block 26 30
block 27 30
block 28 30
block 29 30
block 30 30
block 33 30
block 34 30
block 35 30
block 37 30
block 38 30
block 39 30
block 40 30
block 41 30
block 42 30
block 43 30
block 44 30
block 45 30
block 46 30
block 47 30
block 0 31
block 1 31
block 2 31
block 3 31
block 4 31
block 8 31
block 9 31
block 10 31
block 11 31
block 12 31
block 13 31
block 33 31
block 34 31
block 35 31
block 47 31
block 48 31
block 0 32
block 1 32
block 2 32
block 3 32
block 4 32
block 33 32
block 34 32
block 35 32
block 47 32
block 48 32
block 0 33
block 1 33
block 2 33
block 3 33
block 4 33
block 33 33
block 34 33
block 35 33
block 47 33
block 48 33
block 21 34
block 22 34
##BotsAndCoinsInfo
bot_name 0 starter-bot
bot 0 5 11
bot_coins 0 0
coin 29 33
coin 19 1
round 1
bot 0 5 12
round 2
bot 0 5 13
round 3
bot 0 5 14
round 4
bot 0 5 15
round 5
bot 0 5 16
coin 34 24
coin 17 11
round 6
bot 0 5 17
round 7
bot 0 5 18
round 8
bot 0 5 19
round 9
bot 0 5 20
round 10
bot 0 5 21
coin 19 25
coin 29 9
round 11
bot 0 5 22
round 12
bot 0 5 23
round 13
bot 0 5 24
round 14
bot 0 5 25
round 15
bot 0 5 26
coin 1 3
coin 46 31
round 16
bot 0 5 27
round 17
bot 0 5 28
round 18
bot 0 5 29
round 19
bot 0 5 30
round 20
bot 0 5 31
coin 48 3
coin 0 30
round 21
bot 0 5 32
round 22
bot 0 5 33
round 23
bot 0 5 34
round 24
bot 0 5 0
round 25
bot 0 4 34
coin 5 32
coin 43 1
round 26
round 27
round 28
round 29
round 30
coin 28 7
coin 20 27
round 31
round 32
round 33
round 34
round 35
coin 15 17
coin 33 16
round 36
round 37
round 38
round 39
round 40
coin 28 5
coin 20 29
round 41
round 42
round 43
round 44
round 45
coin 0 9
coin 48 25
round 46
round 47
round 48
round 49
round 50
coin 38 8
coin 10 26
round 51
round 52
round 53
round 54
round 55
coin 15 23
coin 33 11
round 56
round 57
round 58
round 59
round 60
coin 28 16
coin 20 18
round 61
round 62
round 63
round 64
round 65
coin 35 3
coin 13 32
round 66
round 67
round 68
round 69
round 70
coin 11 26
coin 37 8
round 71
round 72
round 73
round 74
round 75
coin 26 6
coin 22 28
round 76
round 77
round 78
round 79
round 80
coin 46 10
coin 2 24
round 81
round 82
round 83
round 84
round 85
coin 10 32
coin 38 2
round 86
round 87
round 88
round 89
round 90
coin 19 33
coin 29 1
round 91
round 92
round 93
round 94
round 95
coin 21 33
coin 27 1
round 96
round 97
round 98
round 99
round 100
coin 40 5
coin 7 29
round 101
round 102
round 103
round 104
round 105
coin 0 7
coin 48 27
round 106
round 107
round 108
round 109
round 110
coin 12 14
coin 36 20
round 111
round 112
round 113
round 114
round 115
coin 6 30
coin 40 4
round 116
round 117
round 118
round 119
round 120
coin 48 4
coin 1 30
round 121
round 122
round 123
round 124
round 125
coin 12 0
coin 36 34
round 126
round 127
round 128
round 129
round 130
coin 37 1
coin 11 33
round 131
round 132
round 133
round 134
round 135
coin 16 0
coin 32 34
round 136
round 137
round 138
round 139
round 140
coin 41 13
coin 7 21
round 141
round 142
round 143
round 144
round 145
coin 44 1
coin 5 33
round 146
round 147
round 148
round 149
round 150
coin 1 19
coin 47 15
round 151
round 152
round 153
round 154
round 155
coin 46 16
coin 2 18
round 156
round 157
round 158
round 159
round 160
coin 1 9
coin 47 25
round 161
round 162
round 163
round 164
round 165
coin 34 4
coin 14 30
round 166
round 167
round 168
round 169
round 170
coin 35 19
coin 13 15
round 171
round 172
round 173
round 174
round 175
coin 31 1
coin 17 33
round 176
round 177
round 178
round 179
round 180
coin 4 14
coin 44 20
round 181
round 182
round 183
round 184
round 185
coin 15 33
coin 33 1
round 186
round 187
round 188
round 189
round 190
coin 5 0
coin 43 34
round 191
round 192
round 193
round 194
round 195
coin 10 27
coin 38 7
round 196
round 197
round 198
round 199
round 200
coin 23 29
coin 25 5
match_over 0
