match
match_id 1639436075546_ad
match_time 1639436075548
num_bots 1
##MatchConfig
mode FRIENDLY
num_rounds 200
random_seed 42
move_time_limit 1000
coin_spawn_period 5
coin_spawn_volume 2
##MapConfig
map_size 55 30
view_radius 5
mining_radius 1
attack_radius 3
block 12 5
block 13 5
block 14 5
block 15 5
block 8 6
block 9 6
block 10 6
block 12 6
block 13 6
block 14 6
block 15 6
block 8 7
block 9 7
block 10 7
block 12 7
block 13 7
block 14 7
block 15 7
block 8 8
block 9 8
block 10 8
block 12 8
block 13 8
block 14 8
block 15 8
block 8 9
block 9 9
block 10 9
block 12 9
block 13 9
block 14 9
block 15 9
block 0 10
block 1 10
block 8 10
block 9 10
block 10 10
block 12 10
block 13 10
block 14 10
block 15 10
block 33 10
block 34 10
block 0 11
block 1 11
block 8 11
block 9 11
block 10 11
block 33 11
block 34 11
block 0 12
block 1 12
block 8 12
block 9 12
block 10 12
block 33 12
block 34 12
block 32 13
block 33 13
block 34 13
block 32 14
block 33 14
block 34 14
block 32 15
block 33 15
block 34 15
block 32 16
block 33 16
block 34 16
block 30 23
block 31 23
block 32 23
block 33 23
block 34 23
block 35 23
block 36 23
block 30 24
block 31 24
block 32 24
block 33 24
block 34 24
block 35 24
block 36 24
block 30 25
block 31 25
block 32 25
block 33 25
block 34 25
block 35 25
block 36 25
block 30 26
block 31 26
block 32 26
block 33 26
block 34 26
block 35 26
block 36 26
block 30 27
block 31 27
block 32 27
block 33 27
block 34 27
block 35 27
block 36 27
##BotsAndCoinsInfo
bot_name 0 starter-bot
bot 0 21 28
bot_coins 0 0
coin 40 3
coin 14 26
round 1
bot 0 21 29
round 2
bot 0 20 28
round 3
bot 0 20 27
round 4
bot 0 20 26
round 5
bot 0 20 25
coin 8 14
coin 46 15
round 6
bot 0 20 24
round 7
bot 0 20 23
round 8
bot 0 20 22
round 9
bot 0 20 21
round 10
bot 0 20 20
coin 25 25
coin 29 4
round 11
bot 0 20 19
round 12
bot 0 20 18
round 13
bot 0 20 17
round 14
bot 0 20 16
round 15
bot 0 20 15
coin 45 8
coin 9 21
round 16
bot 0 20 14
round 17
bot 0 20 13
round 18
bot 0 20 12
round 19
bot 0 20 11
round 20
bot 0 20 10
coin 54 23
coin 0 6
round 21
bot 0 20 9
round 22
bot 0 20 8
round 23
bot 0 20 7
round 24
bot 0 20 6
round 25
bot 0 20 5
coin 22 2
coin 32 28
round 26
bot 0 20 4
round 27
bot 0 20 3
round 28
bot 0 20 2
round 29
bot 0 20 1
round 30
bot 0 20 0
coin 46 12
coin 8 17
round 31
bot 0 19 1
round 32
bot 0 19 2
round 33
bot 0 19 3
round 34
bot 0 19 4
round 35
bot 0 19 5
coin 46 2
coin 8 27
round 36
bot 0 19 6
round 37
bot 0 19 7
round 38
bot 0 19 8
round 39
bot 0 19 9
round 40
bot 0 19 10
coin 26 0
coin 28 29
round 41
bot 0 19 11
round 42
bot 0 19 12
round 43
bot 0 19 13
round 44
bot 0 19 14
round 45
bot 0 19 15
coin 33 29
coin 21 0
round 46
bot 0 19 16
round 47
bot 0 19 17
round 48
bot 0 19 18
round 49
bot 0 19 19
round 50
bot 0 19 20
coin 10 13
coin 44 16
round 51
bot 0 19 21
round 52
bot 0 19 22
round 53
bot 0 19 23
round 54
bot 0 19 24
round 55
bot 0 19 25
coin 36 3
coin 18 26
round 56
bot 0 19 26
coin_collected 18 26 0
bot_coins 0 1
round 57
bot 0 19 27
round 58
bot 0 19 28
round 59
bot 0 19 29
round 60
bot 0 18 28
coin 23 21
coin 31 8
round 61
bot 0 18 27
round 62
bot 0 18 26
round 63
bot 0 18 25
round 64
bot 0 18 24
round 65
bot 0 18 23
coin 10 28
coin 44 1
round 66
bot 0 18 22
round 67
bot 0 18 21
round 68
bot 0 18 20
round 69
bot 0 18 19
round 70
bot 0 18 18
coin 37 6
coin 17 23
round 71
bot 0 18 17
round 72
bot 0 18 16
round 73
bot 0 18 15
round 74
bot 0 18 14
round 75
bot 0 18 13
coin 54 6
coin 0 23
round 76
bot 0 18 12
round 77
bot 0 18 11
round 78
bot 0 18 10
round 79
bot 0 18 9
round 80
bot 0 18 8
coin 45 5
coin 9 24
round 81
bot 0 18 7
round 82
bot 0 18 6
round 83
bot 0 18 5
round 84
bot 0 18 4
round 85
bot 0 18 3
coin 32 17
coin 22 12
round 86
bot 0 18 2
round 87
bot 0 18 1
round 88
bot 0 18 0
round 89
bot 0 17 1
round 90
bot 0 17 2
coin 31 13
coin 23 16
round 91
bot 0 17 3
round 92
bot 0 17 4
round 93
bot 0 17 5
round 94
bot 0 17 6
round 95
bot 0 17 7
coin 43 24
coin 11 5
round 96
bot 0 17 8
round 97
bot 0 17 9
round 98
bot 0 17 10
round 99
bot 0 17 11
round 100
bot 0 17 12
coin 24 25
coin 30 4
round 101
bot 0 17 13
round 102
bot 0 17 14
round 103
bot 0 17 15
round 104
bot 0 17 16
round 105
bot 0 17 17
coin 23 7
coin 31 22
round 106
bot 0 17 18
round 107
bot 0 17 19
round 108
bot 0 17 20
round 109
bot 0 17 21
round 110
bot 0 17 22
coin_collected 17 23 0
bot_coins 0 2
coin 10 24
coin 44 5
round 111
bot 0 17 23
round 112
bot 0 17 24
round 113
bot 0 17 25
round 114
bot 0 17 26
round 115
bot 0 17 27
coin 12 4
coin 42 25
round 116
bot 0 17 28
round 117
bot 0 17 29
round 118
bot 0 16 28
round 119
bot 0 16 27
round 120
bot 0 16 26
coin 7 13
coin 47 16
round 121
bot 0 16 25
round 122
bot 0 16 24
round 123
bot 0 16 23
round 124
bot 0 16 22
round 125
bot 0 16 21
coin 48 20
coin 6 9
round 126
bot 0 16 20
round 127
bot 0 16 19
round 128
bot 0 16 18
round 129
bot 0 16 17
round 130
bot 0 16 16
coin 8 16
coin 46 13
round 131
bot 0 16 15
round 132
bot 0 16 14
round 133
bot 0 16 13
round 134
bot 0 16 12
round 135
bot 0 16 11
coin 35 10
coin 19 19
round 136
bot 0 16 10
round 137
bot 0 16 9
round 138
bot 0 16 8
round 139
bot 0 16 7
round 140
bot 0 16 6
coin 33 19
coin 21 10
round 141
bot 0 16 5
round 142
bot 0 16 4
round 143
bot 0 16 3
round 144
bot 0 16 2
round 145
bot 0 16 1
coin 16 3
coin 38 26
round 146
bot 0 16 0
round 147
bot 0 15 1
round 148
bot 0 15 2
round 149
bot 0 15 3
coin_collected 16 3 0
bot_coins 0 3
round 150
bot 0 15 4
coin 12 29
coin 42 0
round 151
bot 0 14 4
round 152
bot 0 13 4
coin_collected 12 4 0
bot_coins 0 4
round 153
bot 0 12 4
round 154
bot 0 11 4
coin_collected 11 5 0
bot_coins 0 5
round 155
bot 0 11 5
coin 37 1
coin 17 28
round 156
bot 0 11 6
round 157
bot 0 11 7
round 158
bot 0 11 8
round 159
bot 0 11 9
round 160
bot 0 11 10
coin 4 14
coin 50 15
round 161
bot 0 11 11
round 162
bot 0 11 12
round 163
bot 0 11 13
coin_collected 10 13 0
bot_coins 0 6
round 164
bot 0 11 14
round 165
bot 0 11 15
coin 38 19
coin 16 10
round 166
bot 0 11 16
round 167
bot 0 11 17
round 168
bot 0 11 18
round 169
bot 0 11 19
round 170
bot 0 11 20
coin 45 9
coin 9 20
round 171
bot 0 11 21
round 172
bot 0 11 22
round 173
bot 0 11 23
round 174
bot 0 11 24
coin_collected 10 24 0
bot_coins 0 7
round 175
bot 0 11 25
coin 5 11
coin 49 18
round 176
bot 0 11 26
round 177
bot 0 11 27
round 178
bot 0 11 28
coin_collected 10 28 0
bot_coins 0 8
round 179
bot 0 11 29
coin_collected 12 29 0
bot_coins 0 9
round 180
bot 0 10 28
coin 13 19
coin 41 10
round 181
bot 0 10 27
round 182
bot 0 10 26
round 183
bot 0 10 25
round 184
bot 0 10 24
coin_collected 9 24 0
bot_coins 0 10
round 185
bot 0 10 23
coin 23 23
coin 31 6
round 186
bot 0 10 22
round 187
bot 0 10 21
coin_collected 9 21 0
bot_coins 0 11
round 188
bot 0 10 20
coin_collected 9 20 0
bot_coins 0 12
round 189
bot 0 10 19
round 190
bot 0 10 18
coin 51 10
coin 3 19
round 191
bot 0 10 17
round 192
bot 0 10 16
round 193
bot 0 10 15
round 194
bot 0 10 14
round 195
bot 0 10 13
coin 10 3
coin 44 26
round 196
bot 0 9 13
round 197
bot 0 8 13
coin_collected 7 13 0
bot_coins 0 13
coin_collected 8 14 0
bot_coins 0 14
round 198
bot 0 7 13
round 199
bot 0 7 12
round 200
bot 0 7 11
coin 10 4
coin 44 25
match_over 0
