match
match_id 1639174732340_eu
match_time 1639174732343
num_bots 1
##MatchConfig
mode FRIENDLY
num_rounds 200
random_seed 42
move_time_limit 1000
coin_spawn_period 5
coin_spawn_volume 2
##MapConfig
map_size 70 22
view_radius 5
mining_radius 1
attack_radius 4
block 7 0
block 8 0
block 9 0
block 10 0
block 11 0
block 12 0
block 24 0
block 25 0
block 26 0
block 52 0
block 53 0
block 54 0
block 65 0
block 66 0
block 67 0
block 7 1
block 8 1
block 9 1
block 10 1
block 11 1
block 12 1
block 21 1
block 22 1
block 24 1
block 25 1
block 26 1
block 52 1
block 53 1
block 54 1
block 65 1
block 66 1
block 67 1
block 0 2
block 7 2
block 8 2
block 9 2
block 10 2
block 11 2
block 12 2
block 21 2
block 22 2
block 24 2
block 25 2
block 26 2
block 65 2
block 66 2
block 67 2
block 69 2
block 0 3
block 7 3
block 8 3
block 9 3
block 10 3
block 11 3
block 12 3
block 24 3
block 25 3
block 26 3
block 69 3
block 44 5
block 45 5
block 46 5
block 47 5
block 48 5
block 2 6
block 3 6
block 4 6
block 5 6
block 24 6
block 25 6
block 26 6
block 27 6
block 44 6
block 45 6
block 46 6
block 47 6
block 48 6
block 58 6
block 59 6
block 60 6
block 61 6
block 62 6
block 63 6
block 64 6
block 2 7
block 3 7
block 4 7
block 5 7
block 24 7
block 25 7
block 26 7
block 27 7
block 40 7
block 41 7
block 42 7
block 44 7
block 45 7
block 46 7
block 47 7
block 48 7
block 58 7
block 59 7
block 60 7
block 61 7
block 62 7
block 63 7
block 64 7
block 24 8
block 25 8
block 26 8
block 27 8
block 40 8
block 41 8
block 42 8
block 44 8
block 45 8
block 46 8
block 47 8
block 48 8
block 58 8
block 59 8
block 60 8
block 61 8
block 62 8
block 63 8
block 64 8
block 22 9
block 23 9
block 24 9
block 25 9
block 26 9
block 27 9
block 40 9
block 41 9
block 42 9
block 44 9
block 45 9
block 46 9
block 47 9
block 48 9
block 50 9
block 51 9
block 52 9
block 58 9
block 59 9
block 60 9
block 61 9
block 62 9
block 63 9
block 64 9
block 22 10
block 23 10
block 24 10
block 25 10
block 26 10
block 40 10
block 41 10
block 42 10
block 44 10
block 45 10
block 46 10
block 47 10
block 48 10
block 50 10
block 51 10
block 52 10
block 58 10
block 59 10
block 60 10
block 61 10
block 62 10
block 63 10
block 64 10
block 22 11
block 23 11
block 24 11
block 25 11
block 26 11
block 40 11
block 41 11
block 44 11
block 45 11
block 46 11
block 47 11
block 48 11
block 50 11
block 51 11
block 52 11
block 58 11
block 59 11
block 60 11
block 61 11
block 62 11
block 63 11
block 64 11
block 19 12
block 20 12
block 21 12
block 22 12
block 23 12
block 24 12
block 25 12
block 26 12
block 38 12
block 39 12
block 40 12
block 41 12
block 59 12
block 60 12
block 61 12
block 19 13
block 20 13
block 21 13
block 22 13
block 23 13
block 24 13
block 25 13
block 26 13
block 27 13
block 28 13
block 29 13
block 38 13
block 39 13
block 19 14
block 20 14
block 21 14
block 22 14
block 23 14
block 24 14
block 25 14
block 26 14
block 27 14
block 28 14
block 29 14
block 38 14
block 39 14
block 21 15
block 22 15
block 23 15
block 24 15
block 25 15
block 26 15
block 21 16
block 22 16
block 23 16
block 24 16
block 25 16
block 40 18
block 41 18
block 42 18
block 43 18
block 44 18
block 52 18
block 53 18
block 54 18
block 40 19
block 41 19
block 42 19
block 43 19
block 44 19
block 52 19
block 53 19
block 54 19
block 7 20
block 8 20
block 9 20
block 10 20
block 11 20
block 12 20
block 30 20
block 31 20
block 32 20
block 33 20
block 34 20
block 35 20
block 36 20
block 40 20
block 41 20
block 42 20
block 43 20
block 44 20
block 52 20
block 53 20
block 54 20
block 7 21
block 8 21
block 9 21
block 10 21
block 11 21
block 12 21
block 30 21
block 31 21
block 32 21
block 33 21
block 34 21
block 35 21
block 36 21
block 52 21
block 53 21
block 54 21
block 65 21
block 66 21
block 67 21
##BotsAndCoinsInfo
bot_name 0 starter-bot
bot 0 16 10
bot_coins 0 0
coin 50 15
coin 19 6
round 1
bot 0 16 11
round 2
bot 0 16 12
round 3
bot 0 16 13
round 4
bot 0 16 14
round 5
bot 0 16 15
coin 48 16
coin 21 5
round 6
bot 0 16 16
round 7
bot 0 16 17
round 8
bot 0 16 18
round 9
bot 0 16 19
round 10
bot 0 16 20
coin 39 19
coin 30 2
round 11
bot 0 16 21
round 12
bot 0 15 20
round 13
bot 0 15 19
round 14
bot 0 15 18
round 15
bot 0 15 17
coin 15 2
coin 55 19
round 16
bot 0 15 16
round 17
bot 0 15 15
round 18
bot 0 15 14
round 19
bot 0 15 13
round 20
bot 0 15 12
coin 69 17
coin 0 4
round 21
bot 0 15 11
round 22
bot 0 15 10
round 23
bot 0 15 9
round 24
bot 0 15 8
round 25
bot 0 15 7
coin 52 17
coin 17 4
round 26
bot 0 15 6
round 27
bot 0 15 5
round 28
bot 0 15 4
round 29
bot 0 15 3
coin_collected 15 2 0
bot_coins 0 1
round 30
bot 0 15 2
coin 56 0
coin 13 21
round 31
bot 0 15 1
round 32
bot 0 14 2
round 33
bot 0 14 3
round 34
bot 0 14 4
round 35
bot 0 14 5
coin 36 0
coin 33 0
round 36
bot 0 14 6
round 37
bot 0 14 7
round 38
bot 0 14 8
round 39
bot 0 14 9
round 40
bot 0 14 10
coin 56 20
coin 13 1
round 41
bot 0 14 11
round 42
bot 0 14 12
round 43
bot 0 14 13
round 44
bot 0 14 14
round 45
bot 0 14 15
coin 65 9
coin 4 12
round 46
bot 0 14 16
round 47
bot 0 14 17
round 48
bot 0 14 18
round 49
bot 0 14 19
round 50
bot 0 14 20
coin 40 15
coin 29 6
round 51
bot 0 14 21
coin_collected 13 21 0
bot_coins 0 2
round 52
bot 0 13 20
round 53
bot 0 13 19
round 54
bot 0 13 18
round 55
bot 0 13 17
coin 36 9
coin 33 12
round 56
bot 0 13 16
round 57
bot 0 13 15
round 58
bot 0 13 14
round 59
bot 0 13 13
round 60
bot 0 13 12
coin 63 19
coin 6 2
round 61
bot 0 13 11
round 62
bot 0 13 10
round 63
bot 0 13 9
round 64
bot 0 13 8
round 65
bot 0 13 7
coin 0 6
coin 69 15
round 66
bot 0 13 6
round 67
bot 0 13 5
round 68
bot 0 13 4
round 69
bot 0 13 3
round 70
bot 0 13 2
coin_collected 13 1 0
bot_coins 0 3
coin 67 18
coin 2 3
round 71
bot 0 13 1
round 72
bot 0 13 2
round 73
bot 0 13 3
round 74
bot 0 13 4
round 75
bot 0 12 5
coin 40 4
coin 29 17
round 76
bot 0 12 6
round 77
bot 0 12 7
round 78
bot 0 12 8
round 79
bot 0 12 9
round 80
bot 0 12 10
coin 30 13
coin 39 8
round 81
bot 0 12 11
round 82
bot 0 12 12
round 83
bot 0 12 13
round 84
bot 0 12 14
round 85
bot 0 12 15
coin 17 3
coin 51 18
round 86
bot 0 12 16
round 87
bot 0 12 17
round 88
bot 0 12 18
round 89
bot 0 12 19
round 90
coin 12 11
coin 57 10
round 91
round 92
round 93
round 94
round 95
coin 63 4
coin 6 17
round 96
round 97
round 98
round 99
round 100
coin 68 3
coin 1 18
round 101
round 102
round 103
round 104
round 105
coin 63 13
coin 6 8
round 106
round 107
round 108
round 109
round 110
coin 43 6
coin 27 15
round 111
round 112
round 113
round 114
round 115
coin 27 5
coin 42 16
round 116
round 117
round 118
round 119
round 120
coin 27 11
coin 43 10
round 121
round 122
round 123
round 124
round 125
coin 33 2
coin 36 19
round 126
round 127
round 128
round 129
round 130
coin 58 4
coin 11 17
round 131
round 132
round 133
round 134
round 135
coin 29 2
coin 39 20
round 136
round 137
round 138
round 139
round 140
coin 63 17
coin 6 4
round 141
round 142
round 143
round 144
round 145
coin 1 15
coin 68 6
round 146
round 147
round 148
round 149
round 150
coin 6 3
coin 63 18
round 151
round 152
round 153
round 154
round 155
coin 32 19
coin 37 2
round 156
round 157
round 158
round 159
round 160
coin 64 4
coin 5 17
round 161
round 162
round 163
round 164
round 165
coin 48 3
coin 21 18
round 166
round 167
round 168
round 169
round 170
coin 55 15
coin 14 6
round 171
round 172
round 173
round 174
round 175
coin 10 13
coin 57 8
round 176
round 177
round 178
round 179
round 180
coin 53 15
coin 16 6
round 181
round 182
round 183
round 184
round 185
coin 43 5
coin 26 16
round 186
round 187
round 188
round 189
round 190
coin 28 8
coin 41 13
round 191
round 192
round 193
round 194
round 195
coin 45 21
coin 23 0
round 196
round 197
round 198
round 199
round 200
coin 30 14
coin 39 7
match_over 0
