match
match_id 1639213942219_kz
match_time 1639213942222
num_bots 1
##MatchConfig
mode FRIENDLY
num_rounds 200
random_seed 42
move_time_limit 1000
coin_spawn_period 5
coin_spawn_volume 2
##MapConfig
map_size 78 24
view_radius 5
mining_radius 2
attack_radius 3
block 2 0
block 3 0
block 4 0
block 21 0
block 22 0
block 23 0
block 24 0
block 25 0
block 26 0
block 62 0
block 63 0
block 64 0
block 65 0
block 66 0
block 67 0
block 68 0
block 8 1
block 9 1
block 21 1
block 22 1
block 23 1
block 24 1
block 25 1
block 26 1
block 8 2
block 9 2
block 21 2
block 22 2
block 23 2
block 24 2
block 25 2
block 26 2
block 8 3
block 9 3
block 21 3
block 22 3
block 23 3
block 24 3
block 25 3
block 26 3
block 21 4
block 22 4
block 23 4
block 24 4
block 25 4
block 26 4
block 21 5
block 22 5
block 23 5
block 24 5
block 25 5
block 26 5
block 21 6
block 22 6
block 23 6
block 24 6
block 25 6
block 26 6
block 63 7
block 64 7
block 65 7
block 66 7
block 67 7
block 68 7
block 63 8
block 64 8
block 65 8
block 66 8
block 67 8
block 68 8
block 17 9
block 18 9
block 19 9
block 20 9
block 21 9
block 22 9
block 63 9
block 64 9
block 65 9
block 66 9
block 67 9
block 68 9
block 17 10
block 18 10
block 19 10
block 20 10
block 21 10
block 22 10
block 63 10
block 64 10
block 65 10
block 66 10
block 67 10
block 68 10
block 17 11
block 18 11
block 19 11
block 20 11
block 21 11
block 22 11
block 63 11
block 64 11
block 65 11
block 66 11
block 67 11
block 68 11
block 0 12
block 1 12
block 2 12
block 3 12
block 4 12
block 17 12
block 18 12
block 19 12
block 20 12
block 21 12
block 22 12
block 63 12
block 64 12
block 65 12
block 66 12
block 67 12
block 68 12
block 77 12
block 0 13
block 1 13
block 2 13
block 3 13
block 4 13
block 5 13
block 6 13
block 7 13
block 17 13
block 18 13
block 19 13
block 20 13
block 21 13
block 22 13
block 77 13
block 0 14
block 1 14
block 2 14
block 3 14
block 4 14
block 5 14
block 6 14
block 7 14
block 77 14
block 0 15
block 1 15
block 2 15
block 3 15
block 4 15
block 5 15
block 6 15
block 7 15
block 77 15
block 0 16
block 1 16
block 2 16
block 3 16
block 4 16
block 5 16
block 6 16
block 7 16
block 19 16
block 20 16
block 21 16
block 22 16
block 77 16
block 0 17
block 1 17
block 2 17
block 3 17
block 4 17
block 5 17
block 6 17
block 7 17
block 19 17
block 20 17
block 21 17
block 22 17
block 25 17
block 26 17
block 27 17
block 28 17
block 77 17
block 0 18
block 1 18
block 2 18
block 3 18
block 4 18
block 19 18
block 20 18
block 21 18
block 22 18
block 25 18
block 26 18
block 27 18
block 28 18
block 63 18
block 64 18
block 65 18
block 66 18
block 67 18
block 68 18
block 77 18
block 19 19
block 20 19
block 21 19
block 22 19
block 25 19
block 26 19
block 27 19
block 28 19
block 63 19
block 64 19
block 65 19
block 66 19
block 67 19
block 68 19
block 2 20
block 3 20
block 19 20
block 20 20
block 21 20
block 22 20
block 62 20
block 63 20
block 64 20
block 65 20
block 66 20
block 67 20
block 68 20
block 2 21
block 3 21
block 4 21
block 62 21
block 63 21
block 64 21
block 65 21
block 66 21
block 67 21
block 68 21
block 2 22
block 3 22
block 4 22
block 25 22
block 26 22
block 27 22
block 62 22
block 63 22
block 64 22
block 65 22
block 66 22
block 67 22
block 68 22
block 2 23
block 3 23
block 4 23
block 25 23
block 26 23
block 27 23
block 62 23
block 63 23
block 64 23
block 65 23
block 66 23
block 67 23
block 68 23
##BotsAndCoinsInfo
bot_name 0 starter-bot
bot 0 50 2
bot_coins 0 0
coin 27 3
coin 50 20
round 1
bot 0 50 3
round 2
bot 0 50 4
round 3
bot 0 50 5
round 4
bot 0 50 6
round 5
bot 0 50 7
coin 48 20
coin 29 3
round 6
bot 0 50 8
round 7
bot 0 50 9
round 8
bot 0 50 10
round 9
bot 0 50 11
round 10
bot 0 50 12
coin 0 11
coin 76 12
round 11
bot 0 50 13
round 12
bot 0 50 14
round 13
bot 0 50 15
round 14
bot 0 50 16
round 15
bot 0 50 17
coin 65 14
coin 12 9
round 16
bot 0 50 18
coin_collected 50 20 0
bot_coins 0 1
round 17
bot 0 50 19
round 18
bot 0 50 20
coin_collected 48 20 0
bot_coins 0 2
round 19
bot 0 50 21
round 20
bot 0 50 22
coin 55 5
coin 23 18
round 21
bot 0 50 23
round 22
bot 0 49 22
round 23
bot 0 49 21
round 24
bot 0 49 20
round 25
bot 0 49 19
coin 26 14
coin 51 9
round 26
bot 0 49 18
round 27
bot 0 49 17
round 28
bot 0 49 16
round 29
bot 0 49 15
round 30
bot 0 49 14
coin 60 12
coin 16 11
round 31
bot 0 49 13
round 32
bot 0 49 12
round 33
bot 0 49 11
round 34
bot 0 49 10
round 35
bot 0 49 9
coin_collected 51 9 0
bot_coins 0 3
coin 20 8
coin 57 15
round 36
bot 0 49 8
round 37
bot 0 49 7
round 38
bot 0 49 6
round 39
bot 0 49 5
round 40
bot 0 49 4
coin 48 18
coin 29 5
round 41
bot 0 49 3
round 42
bot 0 49 2
round 43
bot 0 49 1
round 44
bot 0 49 0
round 45
bot 0 48 1
coin 37 17
coin 40 6
round 46
bot 0 48 2
round 47
bot 0 48 3
round 48
bot 0 48 4
round 49
bot 0 48 5
round 50
bot 0 48 6
coin 14 7
coin 63 16
round 51
bot 0 48 7
round 52
bot 0 48 8
round 53
bot 0 48 9
round 54
bot 0 48 10
round 55
bot 0 48 11
coin 26 9
coin 51 14
round 56
bot 0 48 12
round 57
bot 0 48 13
round 58
bot 0 48 14
round 59
bot 0 48 15
round 60
bot 0 48 16
coin_collected 48 18 0
bot_coins 0 4
coin 77 9
coin 76 14
round 61
bot 0 48 17
round 62
bot 0 48 18
round 63
bot 0 48 19
round 64
bot 0 48 20
round 65
bot 0 48 21
coin 62 10
coin 15 13
round 66
bot 0 48 22
round 67
bot 0 48 23
round 68
bot 0 47 22
round 69
bot 0 47 21
round 70
bot 0 47 20
coin 19 6
coin 58 17
round 71
bot 0 47 19
round 72
bot 0 47 18
round 73
bot 0 47 17
round 74
bot 0 47 16
round 75
bot 0 47 15
coin 64 13
coin 13 10
round 76
bot 0 47 14
round 77
bot 0 47 13
round 78
bot 0 47 12
round 79
bot 0 47 11
round 80
bot 0 47 10
coin 44 5
coin 33 18
round 81
bot 0 47 9
round 82
bot 0 47 8
round 83
bot 0 47 7
round 84
bot 0 47 6
round 85
bot 0 47 5
coin 59 23
coin 18 0
round 86
bot 0 47 4
round 87
bot 0 47 3
round 88
bot 0 47 2
round 89
bot 0 47 1
round 90
bot 0 47 0
coin 6 12
coin 71 11
round 91
bot 0 46 1
round 92
bot 0 46 2
round 93
bot 0 46 3
round 94
bot 0 46 4
round 95
bot 0 46 5
coin_collected 44 5 0
bot_coins 0 5
coin 67 13
coin 10 10
round 96
bot 0 46 6
round 97
bot 0 46 7
round 98
bot 0 46 8
round 99
bot 0 46 9
round 100
bot 0 46 10
coin 5 1
coin 72 22
round 101
bot 0 46 11
round 102
bot 0 46 12
round 103
bot 0 46 13
round 104
bot 0 46 14
round 105
bot 0 46 15
coin 47 1
coin 30 22
round 106
bot 0 46 16
round 107
bot 0 46 17
round 108
bot 0 46 18
round 109
bot 0 46 19
round 110
bot 0 46 20
coin 41 6
coin 36 17
round 111
bot 0 46 21
round 112
bot 0 46 22
round 113
bot 0 46 23
round 114
bot 0 45 22
round 115
bot 0 45 21
coin 55 23
coin 22 23
round 116
bot 0 45 20
round 117
bot 0 45 19
round 118
bot 0 45 18
round 119
bot 0 45 17
round 120
bot 0 45 16
coin 1 19
coin 76 4
round 121
bot 0 45 15
round 122
bot 0 45 14
round 123
bot 0 45 13
round 124
bot 0 45 12
round 125
bot 0 45 11
coin 61 8
coin 16 15
round 126
bot 0 45 10
round 127
bot 0 45 9
round 128
bot 0 45 8
round 129
bot 0 45 7
round 130
bot 0 45 6
coin 68 4
coin 9 19
round 131
bot 0 45 5
round 132
bot 0 45 4
round 133
bot 0 45 3
round 134
bot 0 45 2
round 135
bot 0 45 1
coin_collected 47 1 0
bot_coins 0 6
coin 14 10
coin 63 13
round 136
bot 0 45 0
round 137
bot 0 44 1
round 138
bot 0 44 2
round 139
bot 0 44 3
round 140
bot 0 44 4
coin 24 19
coin 53 4
round 141
bot 0 44 5
round 142
bot 0 44 6
round 143
bot 0 44 7
round 144
bot 0 44 8
round 145
bot 0 44 9
coin 75 3
coin 1 20
round 146
bot 0 44 10
round 147
bot 0 44 11
round 148
bot 0 44 12
round 149
bot 0 44 13
round 150
bot 0 44 14
coin 19 14
coin 58 9
round 151
bot 0 44 15
round 152
bot 0 44 16
round 153
bot 0 44 17
round 154
bot 0 44 18
round 155
bot 0 44 19
coin 32 1
coin 45 22
round 156
bot 0 44 20
round 157
bot 0 44 21
coin_collected 45 22 0
bot_coins 0 7
round 158
bot 0 44 22
round 159
bot 0 44 23
round 160
bot 0 43 22
coin 50 2
coin 27 21
round 161
bot 0 43 21
round 162
bot 0 43 20
round 163
bot 0 43 19
round 164
bot 0 43 18
round 165
bot 0 43 17
coin 20 7
coin 57 16
round 166
bot 0 43 16
round 167
bot 0 43 15
round 168
bot 0 43 14
round 169
bot 0 43 13
round 170
bot 0 43 12
coin 9 4
coin 69 19
round 171
bot 0 43 11
round 172
bot 0 43 10
round 173
bot 0 43 9
round 174
bot 0 43 8
round 175
bot 0 43 7
coin 58 5
coin 18 18
round 176
bot 0 43 6
coin_collected 41 6 0
bot_coins 0 8
round 177
bot 0 43 5
round 178
bot 0 43 4
round 179
bot 0 43 3
round 180
bot 0 43 2
coin 13 13
coin 62 11
round 181
bot 0 43 1
round 182
bot 0 43 0
round 183
bot 0 42 1
round 184
bot 0 42 2
round 185
bot 0 42 3
coin 13 5
coin 64 17
round 186
bot 0 42 4
round 187
bot 0 42 5
round 188
bot 0 42 6
coin_collected 40 6 0
bot_coins 0 9
round 189
bot 0 42 7
round 190
bot 0 42 8
coin 68 5
coin 9 18
round 191
bot 0 42 9
round 192
bot 0 42 10
round 193
bot 0 42 11
round 194
bot 0 42 12
round 195
bot 0 42 13
coin 29 21
coin 48 2
round 196
bot 0 42 14
round 197
bot 0 42 15
round 198
bot 0 42 16
round 199
bot 0 42 17
round 200
bot 0 42 18
coin 69 10
coin 8 13
match_over 0
