match
match_id 1639401482522_av
match_time 1639401482524
num_bots 1
##MatchConfig
mode FRIENDLY
num_rounds 200
random_seed 42
move_time_limit 1000
coin_spawn_period 5
coin_spawn_volume 2
##MapConfig
map_size 70 20
view_radius 5
mining_radius 1
attack_radius 4
block 1 0
block 2 0
block 15 0
block 16 0
block 17 0
block 28 0
block 29 0
block 37 0
block 38 0
block 68 0
block 69 0
block 1 1
block 2 1
block 15 1
block 16 1
block 17 1
block 28 1
block 29 1
block 37 1
block 38 1
block 68 1
block 69 1
block 1 2
block 2 2
block 14 2
block 15 2
block 16 2
block 17 2
block 18 2
block 19 2
block 20 2
block 28 2
block 29 2
block 30 2
block 31 2
block 32 2
block 33 2
block 34 2
block 35 2
block 36 2
block 37 2
block 38 2
block 14 3
block 15 3
block 16 3
block 17 3
block 18 3
block 19 3
block 20 3
block 28 3
block 29 3
block 30 3
block 31 3
block 32 3
block 33 3
block 34 3
block 35 3
block 36 3
block 14 4
block 15 4
block 16 4
block 17 4
block 18 4
block 19 4
block 20 4
block 30 4
block 31 4
block 32 4
block 33 4
block 34 4
block 35 4
block 36 4
block 14 5
block 15 5
block 16 5
block 17 5
block 18 5
block 19 5
block 20 5
block 30 5
block 31 5
block 32 5
block 33 5
block 34 5
block 35 5
block 36 5
block 14 6
block 15 6
block 16 6
block 17 6
block 18 6
block 19 6
block 20 6
block 21 6
block 22 6
block 23 6
block 24 6
block 25 6
block 30 6
block 31 6
block 32 6
block 33 6
block 34 6
block 35 6
block 36 6
block 10 7
block 11 7
block 12 7
block 13 7
block 14 7
block 19 7
block 20 7
block 21 7
block 22 7
block 23 7
block 24 7
block 25 7
block 30 7
block 31 7
block 32 7
block 33 7
block 34 7
block 35 7
block 36 7
block 10 8
block 11 8
block 12 8
block 13 8
block 14 8
block 19 8
block 20 8
block 21 8
block 22 8
block 23 8
block 24 8
block 25 8
block 30 8
block 31 8
block 32 8
block 33 8
block 34 8
block 35 8
block 36 8
block 44 8
block 45 8
block 46 8
block 47 8
block 10 9
block 11 9
block 12 9
block 13 9
block 14 9
block 22 9
block 23 9
block 24 9
block 25 9
block 44 9
block 45 9
block 46 9
block 47 9
block 67 9
block 68 9
block 69 9
block 10 10
block 11 10
block 12 10
block 13 10
block 14 10
block 25 10
block 26 10
block 27 10
block 28 10
block 29 10
block 44 10
block 45 10
block 46 10
block 47 10
block 64 10
block 65 10
block 66 10
block 67 10
block 68 10
block 69 10
block 10 11
block 11 11
block 12 11
block 13 11
block 14 11
block 15 11
block 16 11
block 25 11
block 26 11
block 27 11
block 28 11
block 29 11
block 30 11
block 44 11
block 45 11
block 46 11
block 47 11
block 64 11
block 65 11
block 66 11
block 67 11
block 68 11
block 69 11
block 10 12
block 11 12
block 12 12
block 13 12
block 14 12
block 15 12
block 16 12
block 25 12
block 26 12
block 27 12
block 28 12
block 29 12
block 30 12
block 44 12
block 45 12
block 46 12
block 47 12
block 63 12
block 64 12
block 65 12
block 66 12
block 67 12
block 68 12
block 69 12
block 12 13
block 13 13
block 14 13
block 15 13
block 16 13
block 25 13
block 26 13
block 27 13
block 28 13
block 29 13
block 30 13
block 44 13
block 45 13
block 46 13
block 47 13
block 63 13
block 64 13
block 65 13
block 66 13
block 67 13
block 68 13
block 69 13
block 12 14
block 13 14
block 14 14
block 15 14
block 16 14
block 25 14
block 26 14
block 27 14
block 28 14
block 29 14
block 30 14
block 44 14
block 45 14
block 46 14
block 47 14
block 63 14
block 64 14
block 65 14
block 66 14
block 67 14
block 68 14
block 69 14
block 12 15
block 13 15
block 14 15
block 15 15
block 16 15
block 42 15
block 43 15
block 44 15
block 45 15
block 46 15
block 47 15
block 67 15
block 68 15
block 69 15
block 0 16
block 1 16
block 2 16
block 12 16
block 13 16
block 14 16
block 15 16
block 16 16
block 42 16
block 43 16
block 44 16
block 45 16
block 67 16
block 68 16
block 69 16
block 0 17
block 1 17
block 2 17
block 12 17
block 13 17
block 14 17
block 15 17
block 16 17
block 28 17
block 29 17
block 42 17
block 43 17
block 44 17
block 45 17
block 67 17
block 68 17
block 69 17
block 1 18
block 2 18
block 28 18
block 29 18
block 42 18
block 43 18
block 44 18
block 45 18
block 68 18
block 69 18
block 1 19
block 2 19
block 28 19
block 29 19
block 37 19
block 38 19
block 42 19
block 43 19
block 44 19
block 45 19
block 68 19
block 69 19
##BotsAndCoinsInfo
bot_name 0 starter-bot
bot 0 55 12
bot_coins 0 0
coin 50 3
coin 19 16
round 1
bot 0 55 13
round 2
bot 0 55 14
round 3
bot 0 55 15
round 4
bot 0 55 16
round 5
bot 0 55 17
coin 48 4
coin 21 15
round 6
bot 0 55 18
round 7
bot 0 55 19
round 8
bot 0 54 18
round 9
bot 0 54 17
round 10
bot 0 54 16
coin 40 5
coin 29 15
round 11
bot 0 54 15
round 12
bot 0 54 14
round 13
bot 0 54 13
round 14
bot 0 54 12
round 15
bot 0 54 11
coin 15 18
coin 54 1
round 16
bot 0 54 10
round 17
bot 0 54 9
round 18
bot 0 54 8
round 19
bot 0 54 7
round 20
bot 0 54 6
coin 0 13
coin 69 6
round 21
bot 0 54 5
round 22
round 23
round 24
match_over 0
round 25
