match
match_id 1639168505767_bn
match_time 1639168505772
num_bots 1
##MatchConfig
mode FRIENDLY
num_rounds 200
random_seed 42
move_time_limit 1000
coin_spawn_period 5
coin_spawn_volume 2
##MapConfig
map_size 67 30
view_radius 6
mining_radius 1
attack_radius 3
block 12 6
block 13 6
block 14 6
block 12 7
block 13 7
block 14 7
block 20 10
block 21 10
block 22 10
block 9 11
block 10 11
block 11 11
block 12 11
block 20 11
block 21 11
block 22 11
block 9 12
block 10 12
block 11 12
block 12 12
block 20 12
block 21 12
block 22 12
block 9 13
block 10 13
block 11 13
block 12 13
block 20 13
block 21 13
block 22 13
block 20 14
block 21 14
block 22 14
block 20 15
block 21 15
block 22 15
block 34 20
block 35 20
block 36 20
block 37 20
block 38 20
block 39 20
block 40 20
block 34 21
block 35 21
block 36 21
block 37 21
block 38 21
block 39 21
block 40 21
block 14 22
block 15 22
block 14 23
block 15 23
block 20 23
block 21 23
block 22 23
block 23 23
block 24 23
block 25 23
block 14 24
block 15 24
block 17 24
block 18 24
block 19 24
block 20 24
block 21 24
block 22 24
block 23 24
block 24 24
block 25 24
block 14 25
block 15 25
block 17 25
block 18 25
block 19 25
block 20 25
block 21 25
block 22 25
block 23 25
block 24 25
block 25 25
block 20 26
block 21 26
block 22 26
block 23 26
block 24 26
block 25 26
block 38 26
block 39 26
block 40 26
block 41 26
block 20 27
block 21 27
block 38 27
block 39 27
block 40 27
block 41 27
block 20 28
block 21 28
block 20 29
block 21 29
##BotsAndCoinsInfo
bot_name 0 starter-bot
bot 0 13 4
bot_coins 0 0
coin 41 3
coin 25 27
round 1
bot 0 13 5
round 2
round 3
round 4
round 5
coin 23 14
coin 43 15
round 6
round 7
round 8
round 9
round 10
coin 12 25
coin 54 4
round 11
round 12
round 13
round 14
round 15
coin 66 8
coin 0 21
round 16
round 17
round 18
round 19
round 20
coin 62 23
coin 4 6
round 21
round 22
round 23
round 24
round 25
coin 21 2
coin 45 27
round 26
round 27
round 28
round 29
round 30
coin 0 12
coin 66 17
round 31
round 32
round 33
round 34
round 35
coin 51 2
coin 15 27
round 36
round 37
round 38
round 39
round 40
coin 49 0
coin 17 29
round 41
round 42
round 43
round 44
round 45
coin 22 29
coin 44 0
round 46
round 47
round 48
round 49
round 50
coin 37 13
coin 29 16
round 51
round 52
round 53
round 54
round 55
coin 24 3
coin 42 26
round 56
round 57
round 58
round 59
round 60
coin 47 21
coin 19 8
round 61
round 62
round 63
round 64
round 65
coin 17 28
coin 49 1
round 66
round 67
round 68
round 69
round 70
coin 9 6
coin 57 23
round 71
round 72
round 73
round 74
round 75
coin 30 6
coin 36 23
round 76
round 77
round 78
round 79
round 80
coin 7 5
coin 59 24
round 81
round 82
round 83
round 84
round 85
coin 65 17
coin 1 12
round 86
round 87
round 88
round 89
round 90
coin 36 13
coin 30 16
round 91
round 92
round 93
round 94
round 95
coin 40 24
coin 26 5
round 96
round 97
round 98
round 99
round 100
coin 34 25
coin 32 4
round 101
round 102
round 103
round 104
round 105
coin 29 7
coin 37 22
round 106
round 107
round 108
round 109
round 110
coin 57 24
coin 9 5
round 111
round 112
round 113
round 114
round 115
coin 59 5
coin 7 24
round 116
round 117
round 118
round 119
round 120
coin 18 13
coin 48 16
round 121
round 122
round 123
round 124
round 125
coin 44 20
coin 22 9
round 126
round 127
round 128
round 129
round 130
coin 17 16
coin 49 13
round 131
round 132
round 133
round 134
round 135
coin 54 10
coin 12 19
round 136
round 137
round 138
round 139
round 140
coin 51 19
coin 15 10
round 141
round 142
round 143
round 144
round 145
coin 30 3
coin 36 26
round 146
round 147
round 148
round 149
round 150
coin 40 29
coin 26 0
round 151
round 152
round 153
round 154
round 155
coin 28 1
coin 38 28
round 156
round 157
round 158
round 159
round 160
coin 57 14
coin 9 15
round 161
round 162
round 163
round 164
round 165
coin 65 19
coin 1 10
round 166
round 167
round 168
round 169
round 170
coin 66 9
coin 0 20
round 171
round 172
round 173
round 174
round 175
coin 30 11
coin 36 18
round 176
round 177
round 178
round 179
round 180
coin 24 19
coin 42 10
round 181
round 182
round 183
round 184
round 185
coin 55 23
coin 11 6
round 186
round 187
round 188
round 189
round 190
coin 11 10
coin 55 19
round 191
round 192
round 193
round 194
round 195
coin 23 3
coin 43 26
round 196
round 197
round 198
round 199
round 200
coin 31 4
coin 35 25
match_over 0
