match
match_id 1639175664891_ft
match_time 1639175664894
num_bots 1
##MatchConfig
mode FRIENDLY
num_rounds 200
random_seed 42
move_time_limit 1000
coin_spawn_period 5
coin_spawn_volume 2
##MapConfig
map_size 63 35
view_radius 6
mining_radius 1
attack_radius 4
block 22 0
block 23 0
block 24 0
block 25 0
block 34 0
block 35 0
block 36 0
block 37 0
block 38 0
block 42 0
block 43 0
block 44 0
block 45 0
block 46 0
block 47 0
block 50 0
block 51 0
block 52 0
block 53 0
block 54 0
block 55 0
block 56 0
block 57 0
block 22 1
block 23 1
block 24 1
block 25 1
block 34 1
block 35 1
block 36 1
block 37 1
block 38 1
block 42 1
block 43 1
block 44 1
block 45 1
block 46 1
block 47 1
block 50 1
block 51 1
block 52 1
block 53 1
block 54 1
block 55 1
block 56 1
block 57 1
block 34 2
block 35 2
block 36 2
block 37 2
block 38 2
block 42 2
block 43 2
block 44 2
block 45 2
block 46 2
block 47 2
block 50 2
block 51 2
block 52 2
block 53 2
block 54 2
block 23 3
block 24 3
block 25 3
block 26 3
block 27 3
block 28 3
block 23 4
block 24 4
block 25 4
block 26 4
block 27 4
block 28 4
block 27 5
block 28 5
block 27 6
block 28 6
block 20 12
block 21 12
block 22 12
block 54 12
block 55 12
block 56 12
block 57 12
block 58 12
block 59 12
block 20 13
block 21 13
block 22 13
block 54 13
block 55 13
block 56 13
block 57 13
block 58 13
block 59 13
block 20 14
block 21 14
block 22 14
block 20 15
block 21 15
block 22 15
block 20 16
block 21 16
block 22 16
block 20 17
block 21 17
block 22 17
block 39 17
block 40 17
block 41 17
block 42 17
block 43 17
block 44 17
block 60 17
block 61 17
block 62 17
block 20 18
block 21 18
block 22 18
block 39 18
block 40 18
block 41 18
block 42 18
block 43 18
block 44 18
block 60 18
block 61 18
block 62 18
block 39 19
block 40 19
block 41 19
block 42 19
block 43 19
block 44 19
block 60 19
block 61 19
block 62 19
block 39 20
block 40 20
block 41 20
block 42 20
block 43 20
block 44 20
block 60 20
block 61 20
block 62 20
block 39 21
block 40 21
block 41 21
block 42 21
block 43 21
block 44 21
block 60 21
block 61 21
block 62 21
block 60 22
block 61 22
block 62 22
block 28 27
block 29 27
block 30 27
block 31 27
block 32 27
block 33 27
block 34 27
block 28 28
block 29 28
block 30 28
block 31 28
block 32 28
block 33 28
block 34 28
block 0 30
block 1 30
block 2 30
block 8 30
block 9 30
block 10 30
block 11 30
block 12 30
block 13 30
block 60 30
block 61 30
block 62 30
block 0 31
block 1 31
block 2 31
block 8 31
block 9 31
block 10 31
block 11 31
block 12 31
block 13 31
block 60 31
block 61 31
block 62 31
block 0 32
block 1 32
block 2 32
block 8 32
block 9 32
block 10 32
block 11 32
block 12 32
block 13 32
block 60 32
block 61 32
block 62 32
block 0 33
block 1 33
block 2 33
block 8 33
block 9 33
block 10 33
block 11 33
block 12 33
block 13 33
block 22 33
block 23 33
block 24 33
block 25 33
block 55 33
block 56 33
block 57 33
block 60 33
block 61 33
block 62 33
block 0 34
block 1 34
block 2 34
block 22 34
block 23 34
block 24 34
block 25 34
block 42 34
block 43 34
block 44 34
block 45 34
block 46 34
block 47 34
block 55 34
block 56 34
block 57 34
block 60 34
block 61 34
block 62 34
##BotsAndCoinsInfo
bot_name 0 starter-bot
bot 0 54 15
bot_coins 0 0
coin 8 34
coin 54 34
round 1
bot 0 54 16
round 2
bot 0 54 17
round 3
bot 0 54 18
round 4
bot 0 54 19
round 5
bot 0 54 20
coin 27 24
coin 35 10
round 6
bot 0 54 21
round 7
bot 0 54 22
round 8
bot 0 54 23
round 9
bot 0 54 24
round 10
bot 0 54 25
coin 54 24
coin 8 10
round 11
bot 0 54 26
round 12
bot 0 54 27
round 13
bot 0 54 28
round 14
bot 0 54 29
round 15
bot 0 54 30
coin 50 3
coin 12 29
round 16
bot 0 54 31
round 17
bot 0 54 32
round 18
bot 0 54 33
coin_collected 54 34 0
bot_coins 0 1
round 19
bot 0 54 34
round 20
coin 34 3
coin 28 31
round 21
round 22
round 23
round 24
round 25
coin 38 32
coin 24 2
round 26
round 27
round 28
round 29
round 30
coin 42 7
coin 20 27
round 31
round 32
round 33
round 34
round 35
coin 8 17
coin 54 17
round 36
round 37
round 38
round 39
round 40
coin 42 5
coin 20 29
round 41
round 42
round 43
round 44
round 45
coin 28 9
coin 34 25
round 46
round 47
round 48
round 49
round 50
coin 5 8
coin 57 26
round 51
round 52
round 53
round 54
round 55
coin 8 23
coin 54 11
round 56
round 57
round 58
round 59
round 60
coin 14 16
coin 48 18
round 61
round 62
round 63
round 64
round 65
coin 7 3
coin 55 31
round 66
round 67
round 68
round 69
round 70
coin 46 26
coin 16 8
round 71
round 72
round 73
round 74
round 75
coin 40 6
coin 22 28
round 76
round 77
round 78
round 79
round 80
coin 2 10
coin 60 24
round 81
round 82
round 83
round 84
round 85
coin 37 32
coin 25 2
round 86
round 87
round 88
round 89
round 90
coin 12 34
coin 50 34
round 91
round 92
round 93
round 94
round 95
coin 7 34
coin 55 2
round 96
round 97
round 98
round 99
round 100
coin 41 5
coin 21 29
round 101
round 102
round 103
round 104
round 105
coin 35 7
coin 27 27
round 106
round 107
round 108
round 109
round 110
coin 59 14
coin 3 20
round 111
match_over 0
round 112
