match
match_id 1639216532425_nf
match_time 1639216532427
num_bots 1
##MatchConfig
mode FRIENDLY
num_rounds 200
random_seed 42
move_time_limit 1000
coin_spawn_period 5
coin_spawn_volume 2
##MapConfig
map_size 60 27
view_radius 5
mining_radius 1
attack_radius 4
block 0 0
block 1 0
block 42 0
block 43 0
block 44 0
block 45 0
block 46 0
block 47 0
block 48 0
block 49 0
block 50 0
block 51 0
block 57 0
block 58 0
block 59 0
block 0 1
block 1 1
block 31 1
block 32 1
block 42 1
block 43 1
block 44 1
block 45 1
block 46 1
block 47 1
block 48 1
block 49 1
block 50 1
block 51 1
block 57 1
block 58 1
block 59 1
block 0 2
block 1 2
block 2 2
block 3 2
block 4 2
block 5 2
block 10 2
block 11 2
block 31 2
block 32 2
block 41 2
block 42 2
block 43 2
block 44 2
block 45 2
block 46 2
block 47 2
block 48 2
block 52 2
block 53 2
block 54 2
block 55 2
block 56 2
block 57 2
block 58 2
block 59 2
block 0 3
block 1 3
block 2 3
block 3 3
block 4 3
block 5 3
block 10 3
block 11 3
block 41 3
block 42 3
block 43 3
block 44 3
block 45 3
block 46 3
block 47 3
block 48 3
block 49 3
block 50 3
block 51 3
block 52 3
block 53 3
block 54 3
block 55 3
block 56 3
block 0 4
block 1 4
block 2 4
block 3 4
block 4 4
block 5 4
block 10 4
block 11 4
block 41 4
block 42 4
block 43 4
block 44 4
block 45 4
block 46 4
block 47 4
block 48 4
block 49 4
block 50 4
block 51 4
block 52 4
block 53 4
block 54 4
block 55 4
block 56 4
block 3 5
block 4 5
block 10 5
block 11 5
block 14 5
block 15 5
block 16 5
block 17 5
block 18 5
block 19 5
block 20 5
block 41 5
block 42 5
block 43 5
block 44 5
block 45 5
block 46 5
block 47 5
block 48 5
block 49 5
block 50 5
block 51 5
block 52 5
block 53 5
block 54 5
block 55 5
block 56 5
block 3 6
block 4 6
block 10 6
block 11 6
block 13 6
block 14 6
block 15 6
block 16 6
block 17 6
block 18 6
block 19 6
block 20 6
block 41 6
block 42 6
block 43 6
block 44 6
block 45 6
block 46 6
block 47 6
block 48 6
block 49 6
block 50 6
block 51 6
block 52 6
block 53 6
block 3 7
block 4 7
block 10 7
block 11 7
block 13 7
block 14 7
block 43 7
block 44 7
block 45 7
block 46 7
block 47 7
block 48 7
block 49 7
block 50 7
block 51 7
block 52 7
block 53 7
block 3 8
block 4 8
block 10 8
block 11 8
block 43 8
block 44 8
block 45 8
block 46 8
block 47 8
block 48 8
block 49 8
block 50 8
block 51 8
block 52 8
block 53 8
block 43 9
block 44 9
block 45 9
block 46 9
block 47 9
block 48 9
block 49 9
block 50 9
block 51 9
block 52 9
block 53 9
block 43 10
block 44 10
block 45 10
block 46 10
block 47 10
block 48 10
block 49 10
block 0 11
block 1 11
block 2 11
block 18 11
block 19 11
block 20 11
block 21 11
block 0 12
block 1 12
block 2 12
block 18 12
block 19 12
block 20 12
block 21 12
block 40 12
block 41 12
block 0 13
block 1 13
block 2 13
block 3 13
block 4 13
block 5 13
block 18 13
block 19 13
block 20 13
block 21 13
block 40 13
block 41 13
block 0 14
block 1 14
block 2 14
block 3 14
block 4 14
block 5 14
block 8 14
block 9 14
block 10 14
block 11 14
block 18 14
block 19 14
block 20 14
block 21 14
block 40 14
block 41 14
block 0 15
block 1 15
block 2 15
block 3 15
block 4 15
block 5 15
block 8 15
block 9 15
block 10 15
block 11 15
block 18 15
block 19 15
block 20 15
block 21 15
block 29 15
block 30 15
block 31 15
block 32 15
block 40 15
block 41 15
block 49 15
block 50 15
block 51 15
block 52 15
block 53 15
block 54 15
block 55 15
block 0 16
block 1 16
block 2 16
block 3 16
block 4 16
block 5 16
block 8 16
block 9 16
block 10 16
block 11 16
block 18 16
block 19 16
block 20 16
block 21 16
block 29 16
block 30 16
block 31 16
block 32 16
block 40 16
block 41 16
block 49 16
block 50 16
block 51 16
block 52 16
block 53 16
block 54 16
block 55 16
block 2 17
block 3 17
block 4 17
block 5 17
block 8 17
block 9 17
block 10 17
block 11 17
block 18 17
block 19 17
block 20 17
block 21 17
block 29 17
block 30 17
block 31 17
block 32 17
block 40 17
block 41 17
block 49 17
block 50 17
block 51 17
block 52 17
block 53 17
block 54 17
block 55 17
block 2 18
block 3 18
block 4 18
block 5 18
block 8 18
block 9 18
block 10 18
block 11 18
block 29 18
block 30 18
block 31 18
block 32 18
block 49 18
block 50 18
block 51 18
block 52 18
block 53 18
block 54 18
block 55 18
block 8 19
block 9 19
block 10 19
block 11 19
block 29 19
block 30 19
block 31 19
block 32 19
block 42 19
block 43 19
block 44 19
block 45 19
block 46 19
block 47 19
block 49 19
block 50 19
block 51 19
block 52 19
block 53 19
block 54 19
block 55 19
block 2 20
block 3 20
block 4 20
block 5 20
block 6 20
block 19 20
block 20 20
block 21 20
block 22 20
block 42 20
block 43 20
block 44 20
block 45 20
block 46 20
block 47 20
block 49 20
block 50 20
block 51 20
block 52 20
block 53 20
block 54 20
block 55 20
block 2 21
block 3 21
block 4 21
block 5 21
block 6 21
block 19 21
block 20 21
block 21 21
block 22 21
block 38 21
block 39 21
block 40 21
block 41 21
block 42 21
block 43 21
block 44 21
block 45 21
block 46 21
block 47 21
block 49 21
block 50 21
block 51 21
block 52 21
block 53 21
block 54 21
block 55 21
block 2 22
block 3 22
block 4 22
block 5 22
block 6 22
block 19 22
block 20 22
block 21 22
block 22 22
block 38 22
block 39 22
block 40 22
block 41 22
block 42 22
block 43 22
block 44 22
block 45 22
block 46 22
block 47 22
block 48 22
block 49 22
block 50 22
block 51 22
block 0 23
block 1 23
block 2 23
block 3 23
block 4 23
block 5 23
block 6 23
block 19 23
block 20 23
block 21 23
block 22 23
block 38 23
block 39 23
block 40 23
block 41 23
block 42 23
block 43 23
block 44 23
block 45 23
block 46 23
block 47 23
block 48 23
block 49 23
block 50 23
block 51 23
block 57 23
block 58 23
block 59 23
block 0 24
block 1 24
block 2 24
block 3 24
block 4 24
block 5 24
block 6 24
block 38 24
block 39 24
block 40 24
block 41 24
block 42 24
block 43 24
block 44 24
block 45 24
block 46 24
block 47 24
block 48 24
block 49 24
block 50 24
block 51 24
block 57 24
block 58 24
block 59 24
block 2 25
block 3 25
block 4 25
block 5 25
block 6 25
block 38 25
block 39 25
block 40 25
block 41 25
block 42 25
block 43 25
block 44 25
block 45 25
block 46 25
block 47 25
block 48 25
block 49 25
block 50 25
block 51 25
block 52 25
block 53 25
block 54 25
block 55 25
block 56 25
block 0 26
block 1 26
block 45 26
block 46 26
block 47 26
block 48 26
block 49 26
block 50 26
block 51 26
block 52 26
block 53 26
block 54 26
block 55 26
block 56 26
block 57 26
block 58 26
block 59 26
##BotsAndCoinsInfo
bot_name 0 starter-bot
bot 0 35 11
bot_coins 0 0
coin 50 2
coin 9 24
round 1
bot 0 35 12
round 2
bot 0 35 13
round 3
bot 0 35 14
round 4
bot 0 35 15
round 5
bot 0 35 16
coin 48 17
coin 11 9
round 6
bot 0 35 17
round 7
bot 0 35 18
round 8
bot 0 35 19
round 9
bot 0 35 20
round 10
bot 0 35 21
coin 30 14
coin 29 12
round 11
bot 0 35 22
round 12
bot 0 35 23
round 13
bot 0 35 24
round 14
bot 0 35 25
round 15
bot 0 35 26
coin 5 19
coin 54 7
round 16
bot 0 34 25
round 17
bot 0 34 24
round 18
bot 0 34 23
round 19
bot 0 34 22
round 20
bot 0 34 21
coin 19 2
coin 40 26
round 21
bot 0 34 20
round 22
bot 0 34 19
round 23
bot 0 34 18
round 24
bot 0 34 17
round 25
bot 0 34 16
coin 2 26
coin 56 0
round 26
bot 0 34 15
round 27
bot 0 34 14
round 28
bot 0 34 13
round 29
bot 0 34 12
round 30
bot 0 34 11
coin 36 9
coin 23 17
round 31
bot 0 34 10
round 32
bot 0 34 9
round 33
bot 0 34 8
round 34
bot 0 34 7
round 35
bot 0 34 6
coin 56 6
coin 3 19
round 36
bot 0 34 5
round 37
bot 0 34 4
round 38
bot 0 34 3
round 39
bot 0 34 2
round 40
bot 0 34 1
coin 36 6
coin 23 20
round 41
bot 0 34 0
round 42
bot 0 33 1
round 43
bot 0 33 2
round 44
bot 0 33 3
round 45
bot 0 33 4
coin 42 8
coin 17 18
round 46
bot 0 33 5
round 47
bot 0 33 6
round 48
bot 0 33 7
round 49
bot 0 33 8
round 50
bot 0 33 9
coin 20 4
coin 39 20
round 51
bot 0 33 10
round 52
bot 0 33 11
round 53
bot 0 33 12
round 54
bot 0 33 13
round 55
bot 0 33 14
coin 26 24
coin 33 2
round 56
bot 0 33 15
round 57
bot 0 33 16
round 58
bot 0 33 17
round 59
bot 0 33 18
round 60
bot 0 33 19
coin 23 0
coin 36 26
round 61
bot 0 33 20
round 62
bot 0 33 21
round 63
bot 0 33 22
round 64
bot 0 33 23
round 65
bot 0 33 24
coin 10 22
coin 49 2
round 66
bot 0 33 25
round 67
bot 0 33 26
round 68
bot 0 32 25
round 69
bot 0 32 24
round 70
bot 0 32 23
coin 7 3
coin 52 23
round 71
bot 0 32 22
round 72
bot 0 32 21
round 73
bot 0 32 20
round 74
round 75
coin 10 21
coin 51 2
round 76
round 77
round 78
round 79
round 80
coin 52 24
coin 7 2
round 81
round 82
round 83
round 84
round 85
coin 17 14
coin 42 12
round 86
round 87
round 88
round 89
round 90
coin 12 7
coin 48 19
round 91
round 92
round 93
round 94
round 95
coin 13 21
coin 42 7
round 96
round 97
round 98
round 99
round 100
coin 59 22
coin 59 4
round 101
round 102
round 103
round 104
round 105
coin 23 25
coin 36 1
round 106
round 107
round 108
round 109
round 110
coin 35 24
coin 24 2
round 111
round 112
round 113
round 114
round 115
coin 7 20
coin 54 6
round 116
round 117
round 118
round 119
round 120
coin 37 7
coin 22 19
round 121
round 122
round 123
round 124
round 125
coin 13 14
coin 46 12
round 126
round 127
round 128
round 129
round 130
coin 38 4
coin 23 22
round 131
round 132
round 133
round 134
round 135
coin 20 7
coin 39 19
round 136
round 137
round 138
round 139
round 140
coin 13 4
coin 48 21
round 141
round 142
round 143
round 144
round 145
coin 21 18
coin 38 8
round 146
round 147
round 148
round 149
round 150
coin 37 14
coin 22 12
round 151
round 152
round 153
round 154
round 155
coin 32 13
coin 27 13
round 156
round 157
round 158
round 159
round 160
coin 14 23
coin 44 26
round 161
round 162
round 163
round 164
round 165
coin 37 22
coin 22 4
round 166
round 167
round 168
round 169
round 170
coin 15 9
coin 44 17
round 171
round 172
round 173
round 174
round 175
coin 9 5
coin 48 20
round 176
round 177
round 178
round 179
round 180
coin 13 8
coin 46 18
round 181
round 182
round 183
round 184
round 185
coin 13 23
coin 43 26
round 186
round 187
round 188
round 189
round 190
coin 26 25
coin 33 1
round 191
round 192
round 193
round 194
round 195
coin 5 6
coin 56 20
round 196
round 197
round 198
round 199
round 200
coin 0 19
coin 59 7
match_over 0
