match
match_id 1639432263088_ag
match_time 1639432263091
num_bots 1
##MatchConfig
mode FRIENDLY
num_rounds 200
random_seed 42
move_time_limit 1000
coin_spawn_period 5
coin_spawn_volume 2
##MapConfig
map_size 55 21
view_radius 6
mining_radius 2
attack_radius 3
block 12 0
block 13 0
block 14 0
block 15 0
block 16 0
block 17 0
block 19 2
block 20 2
block 21 2
block 22 2
block 23 2
block 19 3
block 20 3
block 21 3
block 22 3
block 23 3
block 52 3
block 53 3
block 19 4
block 20 4
block 21 4
block 22 4
block 23 4
block 52 4
block 53 4
block 52 5
block 53 5
block 15 6
block 16 6
block 17 6
block 18 6
block 52 6
block 53 6
block 15 7
block 16 7
block 17 7
block 18 7
block 45 7
block 46 7
block 47 7
block 48 7
block 49 7
block 40 8
block 41 8
block 42 8
block 43 8
block 45 8
block 46 8
block 47 8
block 48 8
block 49 8
block 40 9
block 41 9
block 42 9
block 43 9
block 45 9
block 46 9
block 47 9
block 48 9
block 49 9
block 40 10
block 41 10
block 42 10
block 43 10
block 45 10
block 46 10
block 47 10
block 48 10
block 49 10
block 24 11
block 25 11
block 43 11
block 44 11
block 45 11
block 46 11
block 47 11
block 24 12
block 25 12
block 31 12
block 32 12
block 43 12
block 44 12
block 45 12
block 46 12
block 47 12
block 24 13
block 25 13
block 31 13
block 32 13
block 43 13
block 44 13
block 45 13
block 46 13
block 47 13
block 23 14
block 24 14
block 25 14
block 43 14
block 44 14
block 45 14
block 46 14
block 47 14
block 11 15
block 12 15
block 23 15
block 24 15
block 25 15
block 32 15
block 33 15
block 34 15
block 35 15
block 36 15
block 43 15
block 44 15
block 45 15
block 46 15
block 47 15
block 11 16
block 12 16
block 23 16
block 24 16
block 25 16
block 32 16
block 33 16
block 34 16
block 35 16
block 36 16
block 43 16
block 44 16
block 45 16
block 46 16
block 47 16
block 11 17
block 12 17
block 32 17
block 33 17
block 34 17
block 35 17
block 36 17
block 11 18
block 12 18
block 32 18
block 33 18
block 34 18
block 35 18
block 36 18
block 0 19
block 11 19
block 12 19
block 32 19
block 33 19
block 34 19
block 35 19
block 36 19
block 51 19
block 52 19
block 53 19
block 54 19
block 0 20
block 11 20
block 12 20
block 13 20
block 14 20
block 15 20
block 16 20
block 17 20
block 51 20
block 52 20
block 53 20
block 54 20
##BotsAndCoinsInfo
bot_name 0 starter-bot
bot 0 36 8
bot_coins 0 0
coin 40 12
coin 14 8
round 1
bot 0 37 9
round 2
bot 0 38 10
round 3
bot 0 39 11
coin_collected 40 12 0
bot_coins 0 1
round 4
bot 0 39 12
round 5
bot 0 39 13
coin 8 17
coin 46 3
round 6
bot 0 39 14
round 7
bot 0 39 15
round 8
bot 0 39 16
round 9
bot 0 39 17
round 10
bot 0 39 18
coin 25 4
coin 29 16
round 11
bot 0 39 19
round 12
bot 0 39 20
round 13
bot 0 38 20
round 14
bot 0 37 20
round 15
bot 0 36 20
coin 45 17
coin 9 3
round 16
bot 0 35 20
round 17
bot 0 34 20
round 18
bot 0 33 20
round 19
round 20
coin 54 17
coin 0 3
round 21
round 22
bot 0 32 20
round 23
bot 0 31 19
round 24
bot 0 30 18
round 25
bot 0 29 17
coin_collected 29 16 0
bot_coins 0 2
coin 22 11
coin 32 9
round 26
bot 0 28 17
round 27
bot 0 27 17
round 28
bot 0 26 17
round 29
bot 0 25 17
round 30
bot 0 24 17
coin 46 0
coin 8 20
round 31
bot 0 23 17
round 32
bot 0 22 17
round 33
bot 0 21 17
round 34
bot 0 20 17
round 35
bot 0 19 17
coin 46 17
coin 8 3
round 36
bot 0 18 17
round 37
bot 0 17 17
round 38
bot 0 16 17
round 39
bot 0 15 17
round 40
bot 0 14 17
coin 26 12
coin 28 8
round 41
bot 0 13 17
round 42
round 43
round 44
round 45
bot 0 14 16
coin 33 2
coin 21 18
round 46
bot 0 13 16
round 47
round 48
round 49
round 50
coin 10 1
coin 44 19
round 51
round 52
round 53
round 54
round 55
coin 36 9
coin 18 11
round 56
round 57
round 58
bot 0 14 15
round 59
bot 0 15 14
round 60
bot 0 16 13
coin 23 9
coin 31 11
round 61
bot 0 15 12
round 62
bot 0 14 11
round 63
bot 0 13 10
round 64
bot 0 14 9
coin_collected 14 8 0
bot_coins 0 3
round 65
bot 0 15 10
coin 10 10
coin 44 10
round 66
bot 0 16 11
coin_collected 18 11 0
bot_coins 0 4
round 67
bot 0 15 11
round 68
bot 0 14 10
round 69
bot 0 13 9
round 70
bot 0 12 10
coin_collected 10 10 0
bot_coins 0 5
coin 37 12
coin 17 8
round 71
bot 0 13 9
round 72
bot 0 14 8
round 73
round 74
round 75
coin 0 6
coin 54 14
round 76
bot 0 15 8
coin_collected 17 8 0
bot_coins 0 6
round 77
bot 0 14 8
round 78
bot 0 13 8
round 79
bot 0 12 8
round 80
bot 0 11 7
coin 45 18
coin 9 2
round 81
bot 0 10 6
round 82
bot 0 9 5
coin_collected 9 3 0
bot_coins 0 7
round 83
bot 0 8 4
coin_collected 8 3 0
bot_coins 0 8
round 84
bot 0 7 5
round 85
bot 0 8 4
coin 32 11
coin 22 9
round 86
bot 0 7 5
round 87
bot 0 8 4
round 88
bot 0 7 5
round 89
bot 0 8 4
round 90
bot 0 8 3
coin_collected 9 2 0
bot_coins 0 9
coin 31 19
coin 23 1
round 91
bot 0 7 4
round 92
bot 0 8 5
round 93
bot 0 7 5
round 94
bot 0 8 4
round 95
bot 0 7 5
coin 43 6
coin 11 14
round 96
bot 0 8 4
round 97
bot 0 7 5
round 98
bot 0 8 4
round 99
bot 0 7 5
round 100
bot 0 8 4
coin 24 19
coin 30 1
round 101
bot 0 9 4
round 102
bot 0 8 5
round 103
bot 0 7 5
round 104
bot 0 7 4
round 105
bot 0 8 5
coin 23 7
coin 31 14
round 106
bot 0 7 5
round 107
bot 0 8 4
round 108
bot 0 7 5
round 109
bot 0 8 4
round 110
bot 0 7 5
coin 10 0
coin 44 20
round 111
bot 0 8 4
round 112
bot 0 7 5
round 113
bot 0 6 6
round 114
bot 0 5 6
round 115
bot 0 4 5
coin 12 2
coin 42 18
round 116
bot 0 3 6
round 117
bot 0 2 5
round 118
bot 0 1 6
coin_collected 0 6 0
bot_coins 0 10
round 119
bot 0 0 5
coin_collected 0 3 0
bot_coins 0 11
round 120
bot 0 54 5
coin 7 10
coin 48 11
round 121
bot 0 54 4
round 122
bot 0 54 3
round 123
bot 0 54 2
round 124
bot 0 53 2
round 125
bot 0 52 2
coin 48 14
coin 6 6
round 126
bot 0 51 2
round 127
bot 0 50 3
round 128
bot 0 49 2
round 129
bot 0 48 3
coin_collected 46 3 0
bot_coins 0 12
round 130
bot 0 47 4
coin 8 1
coin 46 19
round 131
bot 0 46 5
round 132
bot 0 45 6
coin_collected 43 6 0
bot_coins 0 13
round 133
bot 0 44 7
round 134
round 135
coin 35 7
coin 19 13
round 136
round 137
bot 0 44 8
coin_collected 44 10 0
bot_coins 0 14
round 138
round 139
round 140
coin 33 7
coin 21 13
round 141
round 142
round 143
round 144
round 145
bot 0 43 7
coin 16 3
coin 38 17
round 146
bot 0 42 7
round 147
bot 0 41 7
round 148
round 149
round 150
coin 12 5
coin 42 15
round 151
bot 0 40 7
round 152
bot 0 39 8
round 153
bot 0 38 9
coin_collected 36 9 0
bot_coins 0 15
round 154
bot 0 37 9
round 155
bot 0 36 10
coin 37 16
coin 17 4
round 156
bot 0 35 11
round 157
bot 0 34 10
round 158
bot 0 33 11
coin_collected 31 11 0
bot_coins 0 16
coin_collected 32 11 0
bot_coins 0 17
round 159
bot 0 32 10
coin_collected 32 9 0
bot_coins 0 18
round 160
bot 0 31 9
coin 4 2
coin 50 18
round 161
bot 0 30 8
coin_collected 28 8 0
bot_coins 0 19
round 162
bot 0 31 7
coin_collected 33 7 0
bot_coins 0 20
round 163
bot 0 32 6
round 164
bot 0 33 7
coin_collected 35 7 0
bot_coins 0 21
round 165
bot 0 32 6
coin 38 4
coin 16 16
round 166
bot 0 31 5
round 167
bot 0 30 4
round 168
bot 0 29 3
round 169
bot 0 28 4
round 170
bot 0 27 3
coin 44 10
coin 10 10
round 171
bot 0 26 4
coin_collected 25 4 0
bot_coins 0 22
round 172
bot 0 25 3
round 173
bot 0 24 4
round 174
bot 0 24 3
round 175
coin 5 8
coin 49 12
round 176
round 177
round 178
round 179
round 180
coin 13 7
coin 41 13
round 181
round 182
round 183
round 184
round 185
coin 23 5
coin 31 15
round 186
round 187
round 188
round 189
round 190
bot 0 25 3
coin 51 7
coin 3 13
round 191
bot 0 24 4
coin_collected 23 5 0
bot_coins 0 23
round 192
bot 0 24 3
round 193
round 194
round 195
coin 11 0
coin 43 20
round 196
bot 0 24 2
coin_collected 23 1 0
bot_coins 0 24
round 197
round 198
round 199
round 200
bot 0 25 2
coin 10 2
coin 44 18
match_over 0
