match
match_id 1639169974389_cd
match_time 1639169974392
num_bots 1
##MatchConfig
mode FRIENDLY
num_rounds 200
random_seed 42
move_time_limit 1000
coin_spawn_period 5
coin_spawn_volume 2
##MapConfig
map_size 60 27
view_radius 5
mining_radius 1
attack_radius 3
block 8 0
block 9 0
block 10 0
block 11 0
block 12 0
block 14 0
block 15 0
block 16 0
block 17 0
block 18 0
block 25 0
block 26 0
block 27 0
block 28 0
block 33 0
block 34 0
block 35 0
block 36 0
block 37 0
block 38 0
block 39 0
block 48 0
block 49 0
block 50 0
block 14 1
block 15 1
block 16 1
block 17 1
block 18 1
block 25 1
block 26 1
block 27 1
block 28 1
block 31 1
block 32 1
block 33 1
block 34 1
block 35 1
block 36 1
block 37 1
block 38 1
block 39 1
block 42 1
block 43 1
block 44 1
block 45 1
block 46 1
block 0 2
block 1 2
block 2 2
block 25 2
block 26 2
block 27 2
block 28 2
block 31 2
block 32 2
block 34 2
block 35 2
block 36 2
block 37 2
block 38 2
block 39 2
block 42 2
block 43 2
block 44 2
block 45 2
block 46 2
block 59 2
block 0 3
block 1 3
block 2 3
block 14 3
block 15 3
block 16 3
block 17 3
block 18 3
block 25 3
block 26 3
block 27 3
block 28 3
block 31 3
block 32 3
block 34 3
block 35 3
block 36 3
block 37 3
block 38 3
block 39 3
block 42 3
block 43 3
block 44 3
block 45 3
block 46 3
block 59 3
block 0 4
block 1 4
block 2 4
block 14 4
block 15 4
block 16 4
block 17 4
block 18 4
block 25 4
block 26 4
block 27 4
block 28 4
block 31 4
block 32 4
block 34 4
block 35 4
block 36 4
block 42 4
block 43 4
block 44 4
block 45 4
block 46 4
block 59 4
block 0 5
block 1 5
block 2 5
block 11 5
block 12 5
block 13 5
block 14 5
block 15 5
block 16 5
block 17 5
block 18 5
block 25 5
block 26 5
block 31 5
block 32 5
block 34 5
block 35 5
block 36 5
block 42 5
block 43 5
block 44 5
block 45 5
block 46 5
block 59 5
block 11 6
block 12 6
block 13 6
block 14 6
block 15 6
block 16 6
block 17 6
block 18 6
block 25 6
block 26 6
block 34 6
block 35 6
block 36 6
block 42 6
block 43 6
block 44 6
block 45 6
block 46 6
block 14 7
block 15 7
block 16 7
block 17 7
block 18 7
block 25 7
block 26 7
block 45 7
block 46 7
block 47 7
block 0 8
block 1 8
block 14 8
block 15 8
block 16 8
block 17 8
block 18 8
block 45 8
block 46 8
block 47 8
block 59 8
block 0 9
block 1 9
block 14 9
block 15 9
block 16 9
block 17 9
block 18 9
block 35 9
block 36 9
block 37 9
block 38 9
block 39 9
block 40 9
block 41 9
block 45 9
block 46 9
block 47 9
block 59 9
block 30 10
block 31 10
block 32 10
block 35 10
block 36 10
block 37 10
block 38 10
block 39 10
block 40 10
block 41 10
block 45 10
block 46 10
block 47 10
block 30 11
block 31 11
block 32 11
block 35 11
block 36 11
block 37 11
block 38 11
block 39 11
block 40 11
block 41 11
block 44 11
block 45 11
block 46 11
block 47 11
block 16 12
block 17 12
block 18 12
block 19 12
block 20 12
block 21 12
block 30 12
block 31 12
block 32 12
block 44 12
block 45 12
block 46 12
block 47 12
block 56 12
block 57 12
block 58 12
block 16 13
block 17 13
block 18 13
block 19 13
block 20 13
block 21 13
block 30 13
block 31 13
block 32 13
block 44 13
block 45 13
block 56 13
block 57 13
block 58 13
block 30 14
block 31 14
block 32 14
block 56 14
block 57 14
block 58 14
block 30 15
block 31 15
block 56 15
block 57 15
block 58 15
block 0 16
block 1 16
block 2 16
block 33 16
block 34 16
block 35 16
block 36 16
block 37 16
block 38 16
block 39 16
block 40 16
block 49 16
block 50 16
block 56 16
block 57 16
block 58 16
block 59 16
block 0 17
block 1 17
block 2 17
block 33 17
block 34 17
block 35 17
block 36 17
block 37 17
block 38 17
block 39 17
block 40 17
block 49 17
block 50 17
block 56 17
block 57 17
block 58 17
block 59 17
block 0 18
block 1 18
block 2 18
block 33 18
block 34 18
block 35 18
block 36 18
block 37 18
block 38 18
block 39 18
block 49 18
block 50 18
block 56 18
block 57 18
block 58 18
block 59 18
block 0 19
block 1 19
block 2 19
block 32 19
block 33 19
block 34 19
block 35 19
block 36 19
block 37 19
block 38 19
block 39 19
block 56 19
block 57 19
block 58 19
block 59 19
block 0 20
block 1 20
block 2 20
block 32 20
block 33 20
block 34 20
block 35 20
block 36 20
block 37 20
block 38 20
block 39 20
block 40 20
block 56 20
block 57 20
block 58 20
block 59 20
block 0 21
block 1 21
block 2 21
block 32 21
block 33 21
block 34 21
block 35 21
block 36 21
block 37 21
block 38 21
block 39 21
block 40 21
block 56 21
block 57 21
block 58 21
block 59 21
block 32 22
block 33 22
block 34 22
block 35 22
block 36 22
block 37 22
block 38 22
block 39 22
block 40 22
block 48 22
block 49 22
block 50 22
block 32 23
block 33 23
block 34 23
block 35 23
block 36 23
block 37 23
block 38 23
block 39 23
block 40 23
block 48 23
block 49 23
block 50 23
block 32 24
block 33 24
block 34 24
block 35 24
block 36 24
block 37 24
block 38 24
block 39 24
block 40 24
block 48 24
block 49 24
block 50 24
block 32 25
block 33 25
block 34 25
block 35 25
block 36 25
block 37 25
block 38 25
block 39 25
block 40 25
block 48 25
block 49 25
block 50 25
block 8 26
block 9 26
block 10 26
block 11 26
block 12 26
block 33 26
block 34 26
block 35 26
block 36 26
block 37 26
block 38 26
block 39 26
block 40 26
block 48 26
block 49 26
block 50 26
##BotsAndCoinsInfo
bot_name 0 starter-bot
bot 0 44 0
bot_coins 0 0
coin 50 3
coin 9 23
round 1
bot 0 43 0
round 2
bot 0 43 26
round 3
bot 0 42 26
round 4
bot 0 42 0
round 5
bot 0 41 0
coin 48 17
coin 11 9
round 6
bot 0 41 26
round 7
round 8
round 9
round 10
coin 30 16
coin 29 10
round 11
round 12
round 13
round 14
match_over 0
round 15
