match
match_id 1639170378383_cw
match_time 1639170378386
num_bots 1
##MatchConfig
mode FRIENDLY
num_rounds 200
random_seed 42
move_time_limit 1000
coin_spawn_period 5
coin_spawn_volume 2
##MapConfig
map_size 64 36
view_radius 5
mining_radius 1
attack_radius 4
block 0 0
block 1 0
block 2 0
block 3 0
block 44 0
block 45 0
block 46 0
block 47 0
block 48 0
block 49 0
block 44 1
block 45 1
block 46 1
block 47 1
block 48 1
block 49 1
block 0 4
block 60 4
block 61 4
block 62 4
block 63 4
block 0 5
block 60 5
block 61 5
block 62 5
block 63 5
block 0 6
block 60 6
block 61 6
block 62 6
block 63 6
block 0 7
block 43 7
block 44 7
block 45 7
block 46 7
block 47 7
block 48 7
block 49 7
block 60 7
block 61 7
block 62 7
block 63 7
block 28 8
block 29 8
block 30 8
block 31 8
block 32 8
block 33 8
block 43 8
block 44 8
block 45 8
block 46 8
block 47 8
block 48 8
block 49 8
block 28 9
block 29 9
block 30 9
block 31 9
block 32 9
block 33 9
block 44 9
block 45 9
block 46 9
block 47 9
block 48 9
block 49 9
block 28 10
block 29 10
block 30 10
block 31 10
block 32 10
block 33 10
block 44 10
block 45 10
block 46 10
block 47 10
block 48 10
block 49 10
block 28 11
block 29 11
block 30 11
block 31 11
block 32 11
block 33 11
block 28 12
block 29 12
block 30 12
block 31 12
block 32 12
block 33 12
block 28 13
block 29 13
block 30 13
block 31 13
block 32 13
block 33 13
block 35 16
block 36 16
block 37 16
block 38 16
block 39 16
block 40 16
block 41 16
block 44 16
block 45 16
block 46 16
block 47 16
block 48 16
block 35 17
block 36 17
block 37 17
block 38 17
block 39 17
block 40 17
block 41 17
block 44 17
block 45 17
block 46 17
block 47 17
block 48 17
block 35 18
block 36 18
block 37 18
block 38 18
block 39 18
block 40 18
block 41 18
block 42 18
block 44 18
block 45 18
block 46 18
block 47 18
block 48 18
block 35 19
block 36 19
block 37 19
block 38 19
block 39 19
block 40 19
block 41 19
block 42 19
block 44 19
block 45 19
block 46 19
block 47 19
block 48 19
block 35 20
block 36 20
block 37 20
block 38 20
block 39 20
block 40 20
block 41 20
block 35 21
block 36 21
block 37 21
block 38 21
block 39 21
block 40 21
block 41 21
block 54 22
block 55 22
block 56 22
block 57 22
block 58 22
block 59 22
block 60 22
block 54 23
block 55 23
block 56 23
block 57 23
block 58 23
block 59 23
block 60 23
block 26 24
block 27 24
block 28 24
block 29 24
block 30 24
block 54 24
block 55 24
block 56 24
block 57 24
block 58 24
block 59 24
block 60 24
block 26 25
block 27 25
block 28 25
block 29 25
block 30 25
block 54 25
block 55 25
block 56 25
block 57 25
block 58 25
block 59 25
block 60 25
block 26 26
block 27 26
block 28 26
block 29 26
block 30 26
block 54 26
block 55 26
block 56 26
block 57 26
block 58 26
block 59 26
block 60 26
block 26 27
block 27 27
block 28 27
block 29 27
block 30 27
block 54 27
block 55 27
block 56 27
block 57 27
block 58 27
block 59 27
block 60 27
block 26 28
block 27 28
block 28 28
block 29 28
block 30 28
block 26 29
block 27 29
block 28 29
block 29 29
block 30 29
block 0 31
block 1 31
block 2 31
block 3 31
block 0 32
block 1 32
block 2 32
block 3 32
block 0 33
block 1 33
block 2 33
block 3 33
block 0 34
block 1 34
block 2 34
block 3 34
block 0 35
block 1 35
block 2 35
block 3 35
##BotsAndCoinsInfo
bot_name 0 starter-bot
bot 0 59 21
bot_coins 0 0
coin 46 3
coin 17 32
round 1
round 2
round 3
round 4
round 5
coin 43 9
coin 20 26
round 6
round 7
round 8
round 9
round 10
coin 19 25
coin 44 11
round 11
round 12
round 13
round 14
round 15
coin 17 2
coin 46 33
round 16
round 17
round 18
round 19
round 20
coin 42 29
coin 21 6
round 21
round 22
round 23
round 24
round 25
coin 57 28
coin 6 7
round 26
round 27
round 28
round 29
round 30
coin 23 0
coin 40 35
round 31
round 32
round 33
round 34
round 35
coin 17 31
coin 46 4
round 36
round 37
round 38
round 39
round 40
coin 29 6
coin 34 29
round 41
round 42
round 43
round 44
round 45
coin 50 17
coin 13 18
round 46
round 47
round 48
round 49
round 50
coin 58 31
coin 5 4
round 51
round 52
round 53
round 54
round 55
coin 27 33
coin 36 2
round 56
round 57
round 58
round 59
round 60
coin 47 11
coin 16 24
round 61
round 62
round 63
round 64
round 65
coin 24 22
coin 39 13
round 66
round 67
round 68
round 69
round 70
coin 11 30
coin 52 5
round 71
round 72
round 73
round 74
round 75
coin 38 12
coin 25 23
round 76
round 77
round 78
round 79
round 80
coin 13 5
coin 50 30
round 81
round 82
round 83
round 84
round 85
coin 52 23
coin 11 12
round 86
round 87
round 88
round 89
round 90
coin 11 25
coin 52 10
round 91
round 92
round 93
round 94
round 95
coin 37 12
coin 26 23
round 96
round 97
round 98
round 99
round 100
coin 48 13
coin 15 22
round 101
round 102
round 103
round 104
round 105
coin 36 25
coin 27 10
round 106
round 107
round 108
round 109
round 110
coin 37 6
coin 26 30
round 111
round 112
round 113
round 114
round 115
coin 48 11
coin 15 24
round 116
round 117
round 118
round 119
round 120
coin 2 7
coin 61 28
round 121
round 122
round 123
round 124
round 125
coin 22 32
coin 41 3
round 126
round 127
round 128
round 129
round 130
coin 52 4
coin 11 31
round 131
round 132
round 133
round 134
round 135
coin 26 34
coin 37 1
round 136
round 137
round 138
round 139
round 140
coin 62 31
coin 1 4
round 141
round 142
round 143
round 144
round 145
coin 45 27
coin 18 8
round 146
round 147
round 148
round 149
round 150
coin 30 23
coin 34 12
round 151
round 152
round 153
round 154
round 155
coin 18 13
coin 45 22
round 156
round 157
round 158
round 159
round 160
coin 60 14
coin 3 21
round 161
round 162
round 163
round 164
round 165
coin 52 31
coin 11 4
round 166
round 167
round 168
round 169
round 170
coin 40 27
coin 23 8
round 171
round 172
round 173
round 174
round 175
coin 23 5
coin 40 30
round 176
round 177
round 178
round 179
round 180
coin 23 25
coin 40 10
round 181
round 182
round 183
round 184
round 185
coin 27 5
coin 36 30
round 186
round 187
round 188
round 189
round 190
coin 29 16
coin 34 19
round 191
round 192
round 193
round 194
round 195
coin 30 33
coin 33 2
round 196
round 197
round 198
round 199
round 200
coin 30 7
coin 33 28
match_over 0
