match
match_id 1639430667405_aa
match_time 1639430667486
num_bots 1
##MatchConfig
mode FRIENDLY
num_rounds 200
random_seed 42
move_time_limit 1000
coin_spawn_period 5
coin_spawn_volume 2
##MapConfig
map_size 48 36
view_radius 5
mining_radius 1
attack_radius 3
block 0 0
block 1 0
block 2 0
block 3 0
block 4 0
block 5 0
block 6 0
block 7 0
block 8 0
block 22 0
block 23 0
block 24 0
block 22 1
block 23 1
block 24 1
block 0 7
block 1 7
block 2 7
block 31 7
block 32 7
block 33 7
block 34 7
block 35 7
block 46 7
block 47 7
block 0 8
block 1 8
block 2 8
block 31 8
block 32 8
block 33 8
block 34 8
block 35 8
block 46 8
block 47 8
block 32 9
block 33 9
block 34 9
block 35 9
block 36 9
block 37 9
block 38 9
block 4 10
block 5 10
block 6 10
block 7 10
block 8 10
block 32 10
block 33 10
block 34 10
block 35 10
block 36 10
block 37 10
block 38 10
block 39 10
block 40 10
block 41 10
block 4 11
block 5 11
block 6 11
block 7 11
block 8 11
block 25 11
block 26 11
block 29 11
block 30 11
block 31 11
block 32 11
block 33 11
block 34 11
block 35 11
block 36 11
block 37 11
block 38 11
block 39 11
block 40 11
block 41 11
block 4 12
block 5 12
block 6 12
block 7 12
block 8 12
block 25 12
block 26 12
block 29 12
block 30 12
block 31 12
block 32 12
block 33 12
block 34 12
block 35 12
block 36 12
block 37 12
block 38 12
block 39 12
block 40 12
block 41 12
block 25 13
block 26 13
block 29 13
block 30 13
block 31 13
block 32 13
block 33 13
block 34 13
block 35 13
block 36 13
block 37 13
block 38 13
block 0 14
block 1 14
block 17 14
block 18 14
block 19 14
block 20 14
block 21 14
block 22 14
block 23 14
block 25 14
block 26 14
block 29 14
block 30 14
block 31 14
block 32 14
block 33 14
block 34 14
block 35 14
block 36 14
block 37 14
block 38 14
block 45 14
block 46 14
block 47 14
block 0 15
block 1 15
block 17 15
block 18 15
block 19 15
block 20 15
block 21 15
block 22 15
block 23 15
block 25 15
block 26 15
block 29 15
block 30 15
block 31 15
block 32 15
block 33 15
block 34 15
block 35 15
block 36 15
block 37 15
block 38 15
block 45 15
block 46 15
block 47 15
block 0 16
block 1 16
block 2 16
block 3 16
block 4 16
block 5 16
block 6 16
block 7 16
block 17 16
block 18 16
block 19 16
block 20 16
block 21 16
block 22 16
block 23 16
block 25 16
block 26 16
block 29 16
block 30 16
block 31 16
block 32 16
block 33 16
block 34 16
block 35 16
block 36 16
block 45 16
block 46 16
block 47 16
block 0 17
block 1 17
block 2 17
block 3 17
block 4 17
block 5 17
block 6 17
block 7 17
block 17 17
block 18 17
block 19 17
block 20 17
block 21 17
block 22 17
block 23 17
block 31 17
block 32 17
block 33 17
block 34 17
block 35 17
block 36 17
block 45 17
block 46 17
block 47 17
block 0 18
block 1 18
block 2 18
block 3 18
block 4 18
block 5 18
block 6 18
block 7 18
block 17 18
block 18 18
block 19 18
block 20 18
block 21 18
block 22 18
block 23 18
block 31 18
block 32 18
block 33 18
block 34 18
block 35 18
block 36 18
block 0 19
block 1 19
block 2 19
block 3 19
block 4 19
block 5 19
block 6 19
block 7 19
block 17 19
block 18 19
block 19 19
block 20 19
block 21 19
block 22 19
block 23 19
block 31 19
block 32 19
block 33 19
block 34 19
block 35 19
block 36 19
block 0 20
block 1 20
block 2 20
block 3 20
block 4 20
block 5 20
block 6 20
block 7 20
block 17 20
block 18 20
block 19 20
block 20 20
block 21 20
block 22 20
block 23 20
block 0 21
block 1 21
block 39 21
block 40 21
block 0 22
block 1 22
block 39 22
block 40 22
block 0 23
block 1 23
block 18 23
block 19 23
block 20 23
block 21 23
block 22 23
block 23 23
block 24 23
block 39 23
block 40 23
block 0 24
block 1 24
block 18 24
block 19 24
block 20 24
block 21 24
block 22 24
block 23 24
block 24 24
block 39 24
block 40 24
block 0 25
block 1 25
block 21 25
block 22 25
block 23 25
block 24 25
block 25 25
block 26 25
block 27 25
block 39 25
block 40 25
block 0 26
block 1 26
block 21 26
block 22 26
block 23 26
block 24 26
block 25 26
block 26 26
block 27 26
block 39 26
block 40 26
block 0 27
block 1 27
block 21 27
block 22 27
block 23 27
block 24 27
block 25 27
block 26 27
block 27 27
block 39 27
block 40 27
block 21 28
block 22 28
block 23 28
block 24 28
block 25 28
block 26 28
block 27 28
block 21 29
block 22 29
block 23 29
block 24 29
block 25 29
block 26 29
block 27 29
block 21 30
block 22 30
block 23 30
block 24 30
block 25 30
block 26 30
block 27 30
block 22 31
block 23 31
block 22 32
block 23 32
block 24 32
block 0 33
block 1 33
block 2 33
block 3 33
block 22 33
block 23 33
block 24 33
block 0 34
block 1 34
block 2 34
block 3 34
block 22 34
block 23 34
block 24 34
block 0 35
block 1 35
block 2 35
block 3 35
block 4 35
block 5 35
block 6 35
block 7 35
block 8 35
block 22 35
block 23 35
block 24 35
##BotsAndCoinsInfo
bot_name 0 starter-bot
bot 0 29 6
bot_coins 0 0
coin 26 3
coin 21 32
round 1
round 2
round 3
round 4
round 5
coin 0 9
coin 47 26
round 6
round 7
round 8
round 9
round 10
coin 18 25
coin 29 10
round 11
round 12
round 13
round 14
bot 0 28 7
round 15
bot 0 29 8
coin 17 2
coin 30 33
round 16
bot 0 28 9
round 17
bot 0 29 10
coin_collected 29 10 0
bot_coins 0 1
round 18
bot 0 28 10
round 19
bot 0 28 11
round 20
bot 0 28 12
coin 31 29
coin 16 6
round 21
bot 0 28 13
round 22
bot 0 28 14
round 23
bot 0 28 15
round 24
bot 0 28 16
round 25
bot 0 28 17
coin 14 26
coin 31 9
round 26
bot 0 28 18
round 27
bot 0 28 19
round 28
bot 0 28 20
round 29
bot 0 28 21
round 30
bot 0 28 22
coin 12 0
coin 35 35
round 31
bot 0 28 23
round 32
bot 0 28 24
round 33
bot 0 28 25
round 34
bot 0 28 26
round 35
bot 0 29 27
coin 44 32
coin 3 3
round 36
bot 0 30 28
round 37
bot 0 31 29
coin_collected 31 29 0
bot_coins 0 2
round 38
bot 0 30 30
round 39
bot 0 29 31
round 40
bot 0 30 32
coin_collected 30 33 0
bot_coins 0 3
coin 24 6
coin 24 31
round 41
bot 0 30 33
round 42
bot 0 30 34
round 43
bot 0 30 35
round 44
bot 0 29 34
round 45
bot 0 29 33
coin 8 17
coin 39 18
round 46
bot 0 29 32
round 47
bot 0 29 31
round 48
bot 0 29 30
round 49
bot 0 29 29
round 50
bot 0 29 28
coin 8 31
coin 39 4
round 51
bot 0 29 27
round 52
bot 0 29 26
round 53
bot 0 29 25
round 54
bot 0 29 24
round 55
bot 0 29 23
coin 26 33
coin 21 2
round 56
bot 0 29 22
round 57
bot 0 29 21
round 58
bot 0 29 20
round 59
bot 0 29 19
round 60
bot 0 29 18
coin 11 9
coin 36 26
round 61
bot 0 29 17
round 62
bot 0 28 17
round 63
bot 0 28 16
round 64
bot 0 28 15
round 65
bot 0 28 14
coin 46 22
coin 1 13
round 66
bot 0 28 13
round 67
bot 0 28 12
round 68
bot 0 27 11
round 69
bot 0 28 10
round 70
bot 0 29 9
coin 43 30
coin 4 5
round 71
bot 0 30 8
round 72
bot 0 31 9
coin_collected 31 9 0
bot_coins 0 4
round 73
bot 0 30 9
round 74
bot 0 30 8
round 75
bot 0 30 7
coin 10 12
coin 37 23
round 76
bot 0 30 6
round 77
bot 0 30 5
round 78
round 79
round 80
match_over 0
coin 14 5
coin 33 30
round 81
