match
match_id 1639404858329_bw
match_time 1639404858330
num_bots 1
##MatchConfig
mode FRIENDLY
num_rounds 200
random_seed 42
move_time_limit 1000
coin_spawn_period 5
coin_spawn_volume 2
##MapConfig
map_size 51 27
view_radius 5
mining_radius 1
attack_radius 4
block 6 0
block 7 0
block 8 0
block 9 0
block 10 0
block 33 0
block 34 0
block 35 0
block 36 0
block 37 0
block 38 0
block 39 0
block 0 1
block 1 1
block 2 1
block 6 1
block 7 1
block 8 1
block 9 1
block 10 1
block 31 1
block 32 1
block 33 1
block 34 1
block 35 1
block 47 1
block 48 1
block 49 1
block 50 1
block 0 2
block 1 2
block 2 2
block 12 2
block 13 2
block 14 2
block 15 2
block 16 2
block 31 2
block 32 2
block 33 2
block 34 2
block 35 2
block 47 2
block 48 2
block 49 2
block 50 2
block 0 3
block 1 3
block 2 3
block 12 3
block 13 3
block 14 3
block 15 3
block 16 3
block 31 3
block 32 3
block 33 3
block 34 3
block 35 3
block 47 3
block 48 3
block 49 3
block 50 3
block 0 4
block 1 4
block 2 4
block 12 4
block 13 4
block 14 4
block 15 4
block 16 4
block 31 4
block 32 4
block 33 4
block 34 4
block 35 4
block 47 4
block 48 4
block 49 4
block 50 4
block 7 5
block 8 5
block 9 5
block 12 5
block 13 5
block 14 5
block 15 5
block 16 5
block 7 6
block 8 6
block 9 6
block 12 6
block 13 6
block 14 6
block 15 6
block 16 6
block 21 6
block 22 6
block 7 7
block 8 7
block 9 7
block 12 7
block 13 7
block 14 7
block 15 7
block 16 7
block 21 7
block 22 7
block 29 7
block 30 7
block 31 7
block 1 8
block 2 8
block 3 8
block 4 8
block 5 8
block 6 8
block 7 8
block 8 8
block 9 8
block 21 8
block 22 8
block 29 8
block 30 8
block 31 8
block 35 8
block 36 8
block 37 8
block 38 8
block 1 9
block 2 9
block 3 9
block 4 9
block 5 9
block 6 9
block 7 9
block 8 9
block 9 9
block 21 9
block 22 9
block 29 9
block 30 9
block 31 9
block 35 9
block 36 9
block 37 9
block 38 9
block 1 10
block 2 10
block 3 10
block 4 10
block 5 10
block 6 10
block 7 10
block 8 10
block 9 10
block 21 10
block 22 10
block 29 10
block 30 10
block 31 10
block 35 10
block 36 10
block 37 10
block 38 10
block 1 11
block 2 11
block 3 11
block 4 11
block 5 11
block 6 11
block 7 11
block 8 11
block 9 11
block 21 11
block 22 11
block 29 11
block 30 11
block 31 11
block 35 11
block 36 11
block 37 11
block 38 11
block 1 12
block 2 12
block 3 12
block 4 12
block 5 12
block 6 12
block 7 12
block 8 12
block 9 12
block 21 12
block 22 12
block 29 12
block 30 12
block 31 12
block 35 12
block 36 12
block 37 12
block 38 12
block 1 13
block 2 13
block 3 13
block 4 13
block 5 13
block 6 13
block 7 13
block 8 13
block 9 13
block 17 13
block 18 13
block 19 13
block 20 13
block 29 13
block 30 13
block 31 13
block 1 14
block 2 14
block 3 14
block 4 14
block 5 14
block 6 14
block 8 14
block 9 14
block 17 14
block 18 14
block 19 14
block 20 14
block 17 15
block 18 15
block 19 15
block 20 15
block 24 15
block 25 15
block 26 15
block 27 15
block 28 15
block 29 15
block 17 16
block 18 16
block 19 16
block 20 16
block 24 16
block 25 16
block 26 16
block 27 16
block 28 16
block 29 16
block 31 16
block 32 16
block 33 16
block 34 16
block 35 16
block 17 17
block 18 17
block 19 17
block 20 17
block 23 17
block 24 17
block 25 17
block 26 17
block 27 17
block 28 17
block 29 17
block 31 17
block 32 17
block 33 17
block 34 17
block 35 17
block 17 18
block 18 18
block 19 18
block 20 18
block 23 18
block 24 18
block 25 18
block 26 18
block 27 18
block 28 18
block 29 18
block 31 18
block 32 18
block 33 18
block 34 18
block 35 18
block 17 19
block 18 19
block 19 19
block 20 19
block 23 19
block 24 19
block 25 19
block 26 19
block 27 19
block 28 19
block 29 19
block 31 19
block 32 19
block 33 19
block 34 19
block 35 19
block 41 19
block 42 19
block 18 20
block 19 20
block 20 20
block 21 20
block 31 20
block 32 20
block 33 20
block 34 20
block 35 20
block 41 20
block 42 20
block 18 21
block 19 21
block 20 21
block 21 21
block 31 21
block 32 21
block 33 21
block 34 21
block 35 21
block 36 21
block 37 21
block 38 21
block 39 21
block 41 21
block 42 21
block 18 22
block 19 22
block 20 22
block 21 22
block 26 22
block 27 22
block 28 22
block 29 22
block 30 22
block 31 22
block 32 22
block 33 22
block 34 22
block 35 22
block 36 22
block 37 22
block 38 22
block 39 22
block 41 22
block 42 22
block 0 23
block 18 23
block 19 23
block 20 23
block 21 23
block 26 23
block 27 23
block 28 23
block 29 23
block 30 23
block 31 23
block 32 23
block 33 23
block 34 23
block 35 23
block 36 23
block 37 23
block 38 23
block 39 23
block 41 23
block 42 23
block 48 23
block 49 23
block 50 23
block 0 24
block 26 24
block 27 24
block 28 24
block 29 24
block 30 24
block 31 24
block 32 24
block 33 24
block 34 24
block 35 24
block 36 24
block 37 24
block 38 24
block 39 24
block 48 24
block 49 24
block 50 24
block 0 25
block 6 25
block 7 25
block 8 25
block 9 25
block 10 25
block 26 25
block 27 25
block 28 25
block 29 25
block 30 25
block 31 25
block 32 25
block 33 25
block 34 25
block 35 25
block 36 25
block 37 25
block 38 25
block 39 25
block 48 25
block 49 25
block 50 25
block 0 26
block 6 26
block 7 26
block 8 26
block 9 26
block 10 26
block 33 26
block 34 26
block 35 26
block 36 26
block 37 26
block 38 26
block 39 26
block 48 26
block 49 26
block 50 26
##BotsAndCoinsInfo
bot_name 0 starter-bot
bot 0 13 17
bot_coins 0 0
coin 26 3
coin 24 23
round 1
round 2
round 3
round 4
round 5
coin 0 17
coin 50 9
round 6
round 7
round 8
round 9
round 10
coin 9 16
coin 41 10
round 11
round 12
round 13
round 14
round 15
coin 17 20
coin 33 6
round 16
round 17
round 18
round 19
round 20
coin 1 0
coin 49 0
round 21
round 22
round 23
round 24
round 25
coin 14 26
coin 36 1
round 26
round 27
round 28
round 29
round 30
coin 42 9
coin 8 17
round 31
round 32
round 33
round 34
round 35
coin 8 4
coin 43 22
round 36
round 37
round 38
round 39
round 40
coin 3 6
coin 47 20
round 41
round 42
round 43
bot 0 12 16
round 44
round 45
match_over 0
coin 40 8
coin 10 18
round 46
