match
match_id 1639212654485_jy
match_time 1639212654486
num_bots 1
##MatchConfig
mode FRIENDLY
num_rounds 200
random_seed 42
move_time_limit 1000
coin_spawn_period 5
coin_spawn_volume 2
##MapConfig
map_size 48 26
view_radius 6
mining_radius 2
attack_radius 3
block 14 0
block 15 0
block 16 0
block 17 0
block 18 0
block 19 0
block 20 0
block 21 0
block 22 0
block 24 0
block 25 0
block 26 0
block 27 0
block 28 0
block 29 0
block 30 0
block 33 0
block 34 0
block 35 0
block 36 0
block 37 0
block 38 0
block 42 0
block 43 0
block 44 0
block 45 0
block 46 0
block 47 0
block 0 1
block 16 1
block 17 1
block 18 1
block 19 1
block 20 1
block 21 1
block 22 1
block 24 1
block 25 1
block 26 1
block 27 1
block 28 1
block 29 1
block 30 1
block 33 1
block 34 1
block 35 1
block 36 1
block 37 1
block 38 1
block 42 1
block 43 1
block 44 1
block 45 1
block 46 1
block 47 1
block 0 2
block 20 2
block 21 2
block 22 2
block 42 2
block 43 2
block 44 2
block 45 2
block 46 2
block 47 2
block 0 3
block 42 3
block 43 3
block 44 3
block 45 3
block 46 3
block 47 3
block 0 4
block 44 4
block 45 4
block 46 4
block 47 4
block 0 5
block 5 5
block 6 5
block 7 5
block 8 5
block 9 5
block 10 5
block 11 5
block 12 5
block 13 5
block 14 5
block 15 5
block 16 5
block 18 5
block 19 5
block 20 5
block 44 5
block 45 5
block 46 5
block 47 5
block 0 6
block 5 6
block 6 6
block 7 6
block 8 6
block 9 6
block 10 6
block 11 6
block 12 6
block 13 6
block 14 6
block 15 6
block 16 6
block 18 6
block 19 6
block 20 6
block 44 6
block 45 6
block 46 6
block 47 6
block 0 7
block 7 7
block 8 7
block 9 7
block 10 7
block 11 7
block 12 7
block 13 7
block 14 7
block 15 7
block 16 7
block 18 7
block 19 7
block 20 7
block 21 7
block 22 7
block 23 7
block 44 7
block 45 7
block 46 7
block 47 7
block 0 8
block 7 8
block 8 8
block 9 8
block 10 8
block 11 8
block 12 8
block 13 8
block 14 8
block 15 8
block 16 8
block 18 8
block 19 8
block 20 8
block 21 8
block 22 8
block 23 8
block 27 8
block 28 8
block 29 8
block 30 8
block 31 8
block 32 8
block 33 8
block 44 8
block 45 8
block 46 8
block 47 8
block 7 9
block 8 9
block 9 9
block 10 9
block 11 9
block 12 9
block 13 9
block 14 9
block 15 9
block 16 9
block 21 9
block 22 9
block 23 9
block 27 9
block 28 9
block 29 9
block 30 9
block 31 9
block 32 9
block 33 9
block 39 9
block 40 9
block 41 9
block 42 9
block 7 10
block 8 10
block 9 10
block 10 10
block 11 10
block 12 10
block 13 10
block 14 10
block 15 10
block 16 10
block 21 10
block 22 10
block 23 10
block 27 10
block 28 10
block 29 10
block 30 10
block 31 10
block 32 10
block 33 10
block 39 10
block 40 10
block 41 10
block 42 10
block 0 11
block 1 11
block 8 11
block 9 11
block 21 11
block 22 11
block 23 11
block 39 11
block 40 11
block 41 11
block 42 11
block 46 11
block 47 11
block 0 12
block 1 12
block 2 12
block 3 12
block 4 12
block 8 12
block 9 12
block 39 12
block 40 12
block 41 12
block 42 12
block 46 12
block 47 12
block 0 13
block 1 13
block 2 13
block 3 13
block 4 13
block 7 13
block 8 13
block 9 13
block 11 13
block 12 13
block 39 13
block 40 13
block 41 13
block 42 13
block 46 13
block 47 13
block 0 14
block 1 14
block 2 14
block 3 14
block 4 14
block 7 14
block 8 14
block 9 14
block 11 14
block 12 14
block 46 14
block 47 14
block 0 15
block 1 15
block 2 15
block 3 15
block 4 15
block 7 15
block 8 15
block 9 15
block 11 15
block 12 15
block 46 15
block 47 15
block 0 16
block 1 16
block 2 16
block 3 16
block 4 16
block 7 16
block 8 16
block 11 16
block 12 16
block 46 16
block 47 16
block 0 17
block 1 17
block 2 17
block 3 17
block 4 17
block 5 17
block 6 17
block 7 17
block 11 17
block 12 17
block 46 17
block 47 17
block 2 18
block 3 18
block 4 18
block 5 18
block 6 18
block 7 18
block 11 18
block 12 18
block 2 19
block 3 19
block 4 19
block 5 19
block 6 19
block 7 19
block 11 19
block 12 19
block 2 20
block 3 20
block 4 20
block 5 20
block 6 20
block 7 20
block 13 20
block 14 20
block 15 20
block 16 20
block 29 20
block 30 20
block 36 20
block 37 20
block 38 20
block 39 20
block 2 21
block 3 21
block 4 21
block 5 21
block 6 21
block 7 21
block 13 21
block 14 21
block 15 21
block 16 21
block 29 21
block 30 21
block 36 21
block 37 21
block 38 21
block 39 21
block 2 22
block 3 22
block 4 22
block 5 22
block 6 22
block 7 22
block 13 22
block 14 22
block 15 22
block 16 22
block 24 22
block 25 22
block 26 22
block 27 22
block 28 22
block 29 22
block 30 22
block 33 22
block 34 22
block 35 22
block 36 22
block 37 22
block 38 22
block 39 22
block 2 23
block 3 23
block 4 23
block 5 23
block 6 23
block 7 23
block 14 23
block 15 23
block 16 23
block 17 23
block 18 23
block 19 23
block 20 23
block 23 23
block 24 23
block 25 23
block 26 23
block 27 23
block 28 23
block 29 23
block 30 23
block 33 23
block 34 23
block 35 23
block 36 23
block 37 23
block 38 23
block 39 23
block 42 23
block 43 23
block 44 23
block 45 23
block 46 23
block 47 23
block 14 24
block 15 24
block 16 24
block 17 24
block 18 24
block 19 24
block 20 24
block 23 24
block 24 24
block 25 24
block 26 24
block 27 24
block 28 24
block 29 24
block 30 24
block 33 24
block 34 24
block 35 24
block 36 24
block 37 24
block 38 24
block 39 24
block 42 24
block 43 24
block 44 24
block 45 24
block 46 24
block 47 24
block 14 25
block 15 25
block 16 25
block 17 25
block 18 25
block 19 25
block 20 25
block 23 25
block 24 25
block 25 25
block 26 25
block 27 25
block 28 25
block 29 25
block 30 25
block 33 25
block 34 25
block 35 25
block 36 25
block 37 25
block 38 25
block 39 25
block 42 25
block 43 25
block 44 25
block 45 25
block 46 25
block 47 25
##BotsAndCoinsInfo
bot_name 0 starter-bot
bot 0 20 11
bot_coins 0 0
coin 26 7
coin 21 18
round 1
bot 0 20 12
round 2
bot 0 20 13
round 3
bot 0 20 14
round 4
bot 0 20 15
round 5
bot 0 20 16
coin 0 10
coin 45 15
round 6
bot 0 20 17
coin_collected 21 18 0
bot_coins 0 1
round 7
bot 0 20 18
round 8
bot 0 20 19
round 9
bot 0 20 20
round 10
bot 0 20 21
coin 18 17
coin 29 7
round 11
bot 0 20 22
round 12
bot 0 19 22
round 13
bot 0 18 22
round 14
bot 0 17 22
round 15
coin 17 16
coin 30 7
round 16
round 17
round 18
round 19
round 20
coin 31 15
coin 17 10
round 21
round 22
round 23
round 24
round 25
coin 13 0
coin 32 25
round 26
round 27
round 28
round 29
round 30
coin 12 4
coin 35 21
round 31
round 32
round 33
round 34
round 35
coin 43 4
coin 4 24
round 36
round 37
round 38
round 39
round 40
coin 24 8
coin 23 17
round 41
round 42
round 43
round 44
round 45
coin 7 25
coin 40 0
round 46
round 47
round 48
round 49
round 50
coin 8 17
coin 39 8
round 51
round 52
round 53
round 54
round 55
coin 26 17
coin 20 9
round 56
round 57
round 58
round 59
round 60
coin 11 21
coin 36 4
round 61
round 62
round 63
round 64
round 65
coin 43 6
coin 1 19
round 66
round 67
round 68
round 69
round 70
coin 43 22
coin 4 3
round 71
round 72
round 73
round 74
round 75
coin 10 11
coin 37 14
round 76
round 77
round 78
round 79
round 80
coin 14 4
coin 33 21
round 81
round 82
round 83
round 84
round 85
coin 41 21
coin 6 4
round 86
round 87
round 88
round 89
round 90
coin 12 11
coin 35 14
round 91
round 92
round 93
round 94
round 95
coin 25 10
coin 22 15
round 96
round 97
round 98
round 99
round 100
coin 11 4
coin 35 20
round 101
round 102
round 103
round 104
round 105
coin 1 3
coin 46 22
round 106
round 107
round 108
round 109
round 110
coin 23 2
coin 23 22
round 111
round 112
round 113
round 114
round 115
coin 8 21
coin 39 4
round 116
round 117
round 118
round 119
round 120
coin 13 23
coin 34 2
round 121
round 122
round 123
round 124
round 125
coin 25 18
coin 22 6
round 126
round 127
round 128
round 129
round 130
coin 38 2
coin 9 23
round 131
round 132
round 133
round 134
round 135
coin 9 16
coin 38 9
round 136
round 137
round 138
round 139
round 140
coin 1 18
coin 46 9
round 141
round 142
round 143
round 144
round 145
coin 23 1
coin 22 24
round 146
round 147
round 148
round 149
round 150
coin 25 9
coin 22 16
round 151
round 152
round 153
round 154
round 155
coin 32 11
coin 15 14
round 156
round 157
round 158
round 159
round 160
coin 38 6
coin 9 19
round 161
round 162
round 163
round 164
round 165
coin 14 15
coin 33 11
round 166
round 167
round 168
round 169
round 170
coin 15 4
coin 32 21
round 171
round 172
round 173
round 174
round 175
coin 22 21
coin 25 4
round 176
round 177
round 178
round 179
round 180
match_over 0
coin 13 13
coin 34 12
round 181
