match
match_id 1639168364086_bm
match_time 1639168364088
num_bots 1
##MatchConfig
mode FRIENDLY
num_rounds 200
random_seed 42
move_time_limit 1000
coin_spawn_period 5
coin_spawn_volume 2
##MapConfig
map_size 54 28
view_radius 5
mining_radius 1
attack_radius 3
block 10 0
block 11 0
block 12 0
block 13 1
block 14 1
block 15 1
block 16 1
block 17 1
block 13 2
block 14 2
block 15 2
block 16 2
block 17 2
block 8 3
block 9 3
block 10 3
block 13 3
block 14 3
block 15 3
block 16 3
block 17 3
block 8 4
block 9 4
block 10 4
block 0 5
block 1 5
block 2 5
block 3 5
block 4 5
block 5 5
block 8 5
block 9 5
block 10 5
block 0 6
block 1 6
block 2 6
block 3 6
block 4 6
block 5 6
block 24 6
block 25 6
block 26 6
block 24 7
block 25 7
block 26 7
block 24 8
block 25 8
block 26 8
block 12 14
block 13 14
block 12 15
block 13 15
block 12 16
block 13 16
block 27 17
block 28 17
block 29 17
block 30 17
block 31 17
block 32 17
block 33 17
block 27 18
block 28 18
block 29 18
block 30 18
block 31 18
block 32 18
block 33 18
block 27 19
block 28 19
block 29 19
block 30 19
block 31 19
block 32 19
block 33 19
block 41 20
block 42 20
block 23 21
block 24 21
block 25 21
block 26 21
block 27 21
block 41 21
block 42 21
block 23 22
block 24 22
block 25 22
block 26 22
block 27 22
block 10 23
block 11 23
block 12 23
block 23 23
block 24 23
block 25 23
block 26 23
block 27 23
block 10 24
block 11 24
block 12 24
block 14 24
block 15 24
block 16 24
block 17 24
block 18 24
block 10 25
block 11 25
block 12 25
block 14 25
block 15 25
block 16 25
block 17 25
block 18 25
block 10 26
block 11 26
block 12 26
block 14 26
block 15 26
block 16 26
block 17 26
block 18 26
block 10 27
block 11 27
block 12 27
##BotsAndCoinsInfo
bot_name 0 starter-bot
bot 0 22 24
bot_coins 0 0
coin 44 19
coin 9 8
round 1
bot 0 22 25
round 2
bot 0 22 26
round 3
bot 0 22 27
round 4
round 5
coin 36 24
coin 17 4
round 6
round 7
round 8
round 9
round 10
coin 36 25
coin 18 2
round 11
round 12
round 13
round 14
round 15
coin 41 10
coin 12 17
round 16
round 17
round 18
round 19
round 20
coin 43 17
coin 10 10
round 21
round 22
round 23
round 24
round 25
coin 20 18
coin 33 9
round 26
round 27
round 28
round 29
round 30
coin 24 0
coin 29 27
round 31
round 32
round 33
round 34
round 35
coin 44 24
coin 9 2
round 36
round 37
round 38
round 39
round 40
coin 6 26
coin 47 1
round 41
round 42
round 43
round 44
round 45
coin 19 9
coin 34 18
round 46
round 47
round 48
round 49
round 50
coin 50 15
coin 3 12
round 51
round 52
round 53
round 54
round 55
coin 8 9
coin 45 18
round 56
round 57
round 58
round 59
round 60
coin 23 9
coin 30 16
round 61
round 62
round 63
round 64
round 65
coin 34 10
coin 19 17
round 66
round 67
round 68
round 69
round 70
coin 37 26
coin 16 0
round 71
round 72
round 73
round 74
round 75
coin 40 20
coin 13 7
round 76
round 77
round 78
round 79
round 80
coin 2 17
coin 51 10
round 81
round 82
round 83
round 84
round 85
coin 11 11
coin 42 16
round 86
round 87
round 88
round 89
round 90
coin 12 5
coin 41 22
round 91
round 92
round 93
round 94
round 95
coin 7 20
coin 46 7
round 96
round 97
round 98
round 99
round 100
coin 6 5
coin 47 22
round 101
round 102
round 103
round 104
round 105
coin 53 21
coin 53 6
round 106
round 107
round 108
round 109
round 110
coin 5 14
coin 48 13
round 111
round 112
round 113
round 114
round 115
coin 49 23
coin 4 4
round 116
round 117
round 118
round 119
round 120
coin 19 3
coin 34 24
round 121
round 122
round 123
round 124
round 125
coin 49 0
coin 4 27
round 126
round 127
round 128
round 129
round 130
coin 8 8
coin 45 19
round 131
round 132
round 133
round 134
round 135
coin 8 14
coin 45 13
round 136
round 137
round 138
round 139
match_over 0
round 140
