match
match_id 1639216504006_mz
match_time 1639216504008
num_bots 1
##MatchConfig
mode FRIENDLY
num_rounds 200
random_seed 42
move_time_limit 1000
coin_spawn_period 5
coin_spawn_volume 2
##MapConfig
map_size 51 20
view_radius 5
mining_radius 2
attack_radius 4
block 15 0
block 16 0
block 17 0
block 18 0
block 19 0
block 20 0
block 21 0
block 15 1
block 16 1
block 17 1
block 18 1
block 19 1
block 20 1
block 21 1
block 8 2
block 9 2
block 10 2
block 11 2
block 12 2
block 13 2
block 15 2
block 16 2
block 17 2
block 18 2
block 19 2
block 20 2
block 21 2
block 8 3
block 9 3
block 10 3
block 11 3
block 12 3
block 13 3
block 15 3
block 16 3
block 17 3
block 18 3
block 19 3
block 20 3
block 21 3
block 32 5
block 33 5
block 34 5
block 35 5
block 23 6
block 24 6
block 25 6
block 32 6
block 33 6
block 34 6
block 35 6
block 0 7
block 23 7
block 24 7
block 25 7
block 28 7
block 29 7
block 30 7
block 32 7
block 33 7
block 34 7
block 35 7
block 36 7
block 37 7
block 38 7
block 50 7
block 0 8
block 14 8
block 15 8
block 16 8
block 17 8
block 23 8
block 24 8
block 25 8
block 28 8
block 29 8
block 30 8
block 32 8
block 33 8
block 34 8
block 35 8
block 36 8
block 37 8
block 38 8
block 50 8
block 0 9
block 8 9
block 9 9
block 14 9
block 15 9
block 16 9
block 17 9
block 23 9
block 24 9
block 25 9
block 32 9
block 33 9
block 34 9
block 35 9
block 36 9
block 37 9
block 38 9
block 50 9
block 0 10
block 8 10
block 9 10
block 14 10
block 15 10
block 16 10
block 17 10
block 23 10
block 24 10
block 25 10
block 50 10
block 14 11
block 15 11
block 16 11
block 17 11
block 14 12
block 15 12
block 16 12
block 17 12
block 15 13
block 16 13
block 17 13
block 15 14
block 16 14
block 17 14
block 28 17
block 29 17
block 30 17
block 31 17
block 32 17
block 28 18
block 29 18
block 30 18
block 31 18
block 32 18
block 15 19
block 16 19
block 17 19
block 18 19
block 19 19
block 20 19
block 21 19
##BotsAndCoinsInfo
bot_name 0 starter-bot
bot 0 23 15
bot_coins 0 0
coin 26 3
coin 24 16
round 1
bot 0 23 16
coin_collected 24 16 0
bot_coins 0 1
round 2
bot 0 23 17
round 3
bot 0 23 18
round 4
bot 0 23 19
round 5
bot 0 22 18
coin 0 4
coin 50 15
round 6
bot 0 22 17
round 7
bot 0 22 16
round 8
bot 0 22 15
round 9
bot 0 22 14
round 10
bot 0 22 13
coin 9 5
coin 41 14
round 11
bot 0 22 12
round 12
bot 0 22 11
round 13
bot 0 22 10
round 14
bot 0 22 9
round 15
bot 0 22 8
coin 17 18
coin 33 1
round 16
bot 0 22 7
round 17
bot 0 22 6
round 18
bot 0 22 5
round 19
bot 0 22 4
round 20
bot 0 22 3
coin 1 13
coin 49 6
round 21
bot 0 22 2
round 22
bot 0 22 1
round 23
bot 0 22 0
round 24
round 25
coin 14 2
coin 36 17
round 26
round 27
round 28
round 29
round 30
coin 42 12
coin 8 7
round 31
round 32
round 33
round 34
round 35
coin 8 12
coin 42 7
round 36
round 37
round 38
round 39
round 40
coin 3 10
coin 47 9
round 41
round 42
round 43
round 44
round 45
coin 40 9
coin 10 10
round 46
round 47
round 48
round 49
round 50
coin 35 3
coin 15 16
round 51
round 52
round 53
round 54
round 55
coin 23 13
coin 27 6
round 56
round 57
round 58
round 59
round 60
coin 2 1
coin 48 18
round 61
round 62
round 63
round 64
round 65
coin 7 18
coin 43 1
round 66
round 67
round 68
round 69
round 70
coin 19 6
coin 31 13
round 71
round 72
round 73
round 74
round 75
coin 28 16
coin 22 3
round 76
round 77
round 78
round 79
round 80
coin 38 5
coin 12 14
round 81
round 82
round 83
round 84
round 85
coin 41 7
coin 9 12
round 86
round 87
round 88
round 89
round 90
coin 42 13
coin 8 6
round 91
round 92
round 93
round 94
round 95
coin 1 4
coin 49 15
round 96
round 97
round 98
round 99
round 100
coin 23 5
coin 27 14
round 101
round 102
round 103
round 104
round 105
coin 29 16
coin 21 4
round 106
round 107
round 108
round 109
round 110
coin 14 14
coin 36 5
round 111
round 112
round 113
round 114
round 115
coin 28 15
coin 22 4
round 116
round 117
round 118
round 119
round 120
coin 14 3
coin 36 16
round 121
round 122
round 123
round 124
round 125
coin 23 0
coin 27 19
round 126
coin_collected 23 0 0
bot_coins 0 2
round 127
round 128
round 129
round 130
coin 5 16
coin 45 3
round 131
round 132
round 133
round 134
round 135
coin 23 11
coin 27 8
round 136
round 137
round 138
round 139
round 140
coin 34 19
coin 14 0
round 141
round 142
round 143
round 144
round 145
coin 42 3
coin 8 16
round 146
round 147
round 148
round 149
round 150
coin 46 19
coin 4 0
round 151
round 152
round 153
round 154
round 155
coin 22 1
coin 27 18
round 156
coin_collected 22 1 0
bot_coins 0 3
round 157
round 158
round 159
round 160
coin 38 14
coin 12 5
round 161
round 162
round 163
round 164
round 165
coin 20 18
coin 30 1
round 166
round 167
round 168
round 169
round 170
coin 0 19
coin 50 0
round 171
round 172
round 173
round 174
round 175
coin 49 1
coin 1 18
round 176
round 177
round 178
round 179
round 180
coin 13 9
coin 37 10
round 181
round 182
round 183
round 184
round 185
coin 22 13
coin 28 6
round 186
round 187
round 188
round 189
round 190
coin 47 0
coin 3 19
round 191
round 192
round 193
round 194
round 195
coin 38 13
coin 12 6
round 196
round 197
round 198
round 199
round 200
coin 24 14
coin 26 5
match_over 0
