match
match_id 1639169988663_cf
match_time 1639169988666
num_bots 1
##MatchConfig
mode FRIENDLY
num_rounds 200
random_seed 42
move_time_limit 1000
coin_spawn_period 5
coin_spawn_volume 2
##MapConfig
map_size 72 30
view_radius 6
mining_radius 1
attack_radius 4
block 43 0
block 44 0
block 45 0
block 46 0
block 47 0
block 48 0
block 49 0
block 43 1
block 44 1
block 45 1
block 46 1
block 47 1
block 48 1
block 49 1
block 43 2
block 44 2
block 45 2
block 46 2
block 47 2
block 48 2
block 49 2
block 43 3
block 44 3
block 45 3
block 46 3
block 47 3
block 48 3
block 49 3
block 47 5
block 48 5
block 49 5
block 50 5
block 13 6
block 14 6
block 15 6
block 16 6
block 17 6
block 25 6
block 26 6
block 27 6
block 47 6
block 48 6
block 49 6
block 50 6
block 13 7
block 14 7
block 15 7
block 16 7
block 17 7
block 25 7
block 26 7
block 27 7
block 47 7
block 48 7
block 49 7
block 50 7
block 3 8
block 4 8
block 13 8
block 14 8
block 15 8
block 16 8
block 17 8
block 25 8
block 26 8
block 27 8
block 47 8
block 48 8
block 49 8
block 50 8
block 3 9
block 4 9
block 13 9
block 14 9
block 15 9
block 16 9
block 17 9
block 47 9
block 48 9
block 49 9
block 50 9
block 3 10
block 4 10
block 13 10
block 14 10
block 15 10
block 16 10
block 17 10
block 47 10
block 48 10
block 49 10
block 50 10
block 13 11
block 14 11
block 15 11
block 16 11
block 17 11
block 34 11
block 35 11
block 36 11
block 37 11
block 38 11
block 13 12
block 14 12
block 15 12
block 16 12
block 17 12
block 34 12
block 35 12
block 36 12
block 37 12
block 38 12
block 34 13
block 35 13
block 36 13
block 37 13
block 38 13
block 13 14
block 14 14
block 15 14
block 16 14
block 17 14
block 18 14
block 19 14
block 34 14
block 35 14
block 36 14
block 37 14
block 38 14
block 13 15
block 14 15
block 15 15
block 16 15
block 17 15
block 18 15
block 19 15
block 34 15
block 35 15
block 36 15
block 37 15
block 38 15
block 13 16
block 14 16
block 15 16
block 16 16
block 17 16
block 18 16
block 19 16
block 40 16
block 41 16
block 42 16
block 43 16
block 13 17
block 14 17
block 15 17
block 16 17
block 17 17
block 18 17
block 19 17
block 40 17
block 41 17
block 42 17
block 43 17
block 13 18
block 14 18
block 15 18
block 16 18
block 17 18
block 18 18
block 19 18
block 40 18
block 41 18
block 42 18
block 43 18
block 13 19
block 14 19
block 15 19
block 16 19
block 17 19
block 18 19
block 19 19
block 44 19
block 45 19
block 46 19
block 47 19
block 18 20
block 19 20
block 20 20
block 21 20
block 44 20
block 45 20
block 46 20
block 47 20
block 18 21
block 19 21
block 20 21
block 21 21
block 44 21
block 45 21
block 46 21
block 47 21
block 44 22
block 45 22
block 46 22
block 47 22
block 44 23
block 45 23
block 46 23
block 47 23
block 44 24
block 45 24
block 46 24
block 47 24
block 32 25
block 33 25
block 34 25
block 35 25
block 36 25
block 37 25
block 32 26
block 33 26
block 34 26
block 35 26
block 36 26
block 37 26
block 32 27
block 33 27
block 34 27
block 35 27
block 36 27
block 37 27
block 32 28
block 33 28
block 34 28
block 35 28
block 36 28
block 37 28
block 32 29
block 33 29
block 34 29
block 35 29
block 36 29
block 37 29
##BotsAndCoinsInfo
bot_name 0 starter-bot
bot 0 19 13
bot_coins 0 0
coin 26 3
coin 45 26
round 1
round 2
round 3
round 4
round 5
coin 0 14
coin 71 15
round 6
round 7
round 8
round 9
round 10
coin 18 25
coin 53 4
round 11
round 12
round 13
round 14
round 15
coin 41 8
coin 30 21
round 16
round 17
round 18
round 19
round 20
coin 7 23
coin 64 6
round 21
round 22
round 23
round 24
round 25
coin 38 2
coin 31 27
round 26
round 27
round 28
round 29
round 30
coin 60 12
coin 11 17
round 31
round 32
round 33
round 34
round 35
coin 42 2
coin 29 27
round 36
round 37
round 38
round 39
round 40
coin 24 0
coin 47 29
round 41
round 42
round 43
round 44
round 45
coin 55 29
coin 16 0
round 46
round 47
round 48
round 49
round 50
coin 32 13
coin 39 16
round 51
round 52
round 53
round 54
round 55
coin 27 3
coin 44 26
round 56
round 57
round 58
round 59
round 60
coin 59 21
coin 12 8
round 61
round 62
round 63
round 64
round 65
coin 70 28
coin 1 1
round 66
round 67
round 68
round 69
round 70
coin 19 6
coin 52 23
round 71
round 72
round 73
round 74
round 75
coin 58 6
coin 13 23
round 76
round 77
round 78
round 79
round 80
coin 38 5
coin 33 24
round 81
round 82
round 83
round 84
round 85
coin 65 17
coin 6 12
round 86
round 87
round 88
round 89
round 90
coin 12 13
coin 59 16
round 91
round 92
round 93
round 94
round 95
coin 25 24
coin 46 5
round 96
round 97
round 98
round 99
round 100
coin 59 25
coin 12 4
round 101
round 102
round 103
round 104
round 105
coin 71 7
coin 0 22
round 106
round 107
round 108
round 109
round 110
coin 23 24
coin 48 4
round 111
round 112
round 113
round 114
round 115
coin 31 5
coin 40 24
round 116
round 117
round 118
round 119
round 120
coin 39 13
coin 32 16
round 121
round 122
round 123
round 124
round 125
coin 49 20
coin 22 9
round 126
round 127
round 128
round 129
round 130
coin 62 16
coin 9 13
round 131
round 132
round 133
round 134
round 135
coin 8 10
coin 63 19
round 136
round 137
round 138
round 139
round 140
coin 1 19
coin 70 10
round 141
round 142
round 143
round 144
round 145
coin 21 3
coin 50 26
round 146
round 147
round 148
round 149
round 150
coin 1 29
coin 70 0
round 151
round 152
round 153
round 154
round 155
coin 56 1
coin 15 28
round 156
round 157
round 158
round 159
round 160
coin 62 14
coin 9 15
round 161
round 162
round 163
round 164
round 165
coin 14 20
coin 57 9
round 166
round 167
round 168
round 169
round 170
coin 39 9
coin 32 20
round 171
round 172
round 173
round 174
round 175
coin 46 11
coin 25 18
round 176
round 177
round 178
round 179
round 180
coin 13 20
coin 58 9
round 181
round 182
round 183
round 184
round 185
coin 61 23
coin 10 6
round 186
round 187
round 188
round 189
round 190
coin 51 10
coin 20 19
round 191
round 192
round 193
round 194
round 195
coin 65 3
coin 6 26
round 196
round 197
round 198
round 199
round 200
coin 47 4
coin 24 25
match_over 0
