match
match_id 1639436249845_ag
match_time 1639436249848
num_bots 1
##MatchConfig
mode FRIENDLY
num_rounds 200
random_seed 42
move_time_limit 1000
coin_spawn_period 5
coin_spawn_volume 2
##MapConfig
map_size 51 33
view_radius 5
mining_radius 2
attack_radius 4
block 15 0
block 16 0
block 17 0
block 18 0
block 19 0
block 32 0
block 33 0
block 42 0
block 43 0
block 44 0
block 15 1
block 16 1
block 17 1
block 18 1
block 19 1
block 32 1
block 33 1
block 15 2
block 16 2
block 17 2
block 18 2
block 19 2
block 31 2
block 32 2
block 33 2
block 34 2
block 35 2
block 36 2
block 37 2
block 0 3
block 9 3
block 10 3
block 31 3
block 32 3
block 33 3
block 34 3
block 35 3
block 36 3
block 37 3
block 49 3
block 50 3
block 0 4
block 9 4
block 10 4
block 32 4
block 33 4
block 34 4
block 35 4
block 36 4
block 37 4
block 49 4
block 50 4
block 0 5
block 9 5
block 10 5
block 32 5
block 33 5
block 34 5
block 35 5
block 36 5
block 37 5
block 49 5
block 50 5
block 9 6
block 10 6
block 32 6
block 33 6
block 34 6
block 35 6
block 36 6
block 37 6
block 34 7
block 35 7
block 36 7
block 37 7
block 34 8
block 35 8
block 36 8
block 37 8
block 1 9
block 2 9
block 3 9
block 4 9
block 5 9
block 6 9
block 9 9
block 10 9
block 11 9
block 28 9
block 29 9
block 30 9
block 31 9
block 47 9
block 48 9
block 49 9
block 1 10
block 2 10
block 3 10
block 4 10
block 5 10
block 6 10
block 9 10
block 10 10
block 11 10
block 28 10
block 29 10
block 30 10
block 31 10
block 41 10
block 42 10
block 47 10
block 48 10
block 49 10
block 1 11
block 2 11
block 3 11
block 4 11
block 5 11
block 6 11
block 7 11
block 8 11
block 28 11
block 29 11
block 30 11
block 31 11
block 41 11
block 42 11
block 47 11
block 48 11
block 49 11
block 1 12
block 2 12
block 3 12
block 4 12
block 5 12
block 6 12
block 7 12
block 8 12
block 21 12
block 22 12
block 23 12
block 24 12
block 28 12
block 29 12
block 30 12
block 31 12
block 41 12
block 42 12
block 1 13
block 2 13
block 3 13
block 4 13
block 5 13
block 6 13
block 7 13
block 8 13
block 10 13
block 11 13
block 12 13
block 13 13
block 21 13
block 22 13
block 23 13
block 24 13
block 41 13
block 42 13
block 1 14
block 2 14
block 3 14
block 4 14
block 5 14
block 6 14
block 7 14
block 8 14
block 10 14
block 11 14
block 12 14
block 13 14
block 21 14
block 22 14
block 23 14
block 24 14
block 41 14
block 42 14
block 10 15
block 11 15
block 12 15
block 13 15
block 21 15
block 22 15
block 23 15
block 24 15
block 41 15
block 42 15
block 7 16
block 8 16
block 9 16
block 10 16
block 11 16
block 12 16
block 13 16
block 21 16
block 22 16
block 23 16
block 24 16
block 7 17
block 8 17
block 9 17
block 10 17
block 11 17
block 12 17
block 13 17
block 17 17
block 18 17
block 19 17
block 21 17
block 22 17
block 23 17
block 24 17
block 35 17
block 36 17
block 37 17
block 41 17
block 42 17
block 43 17
block 44 17
block 48 17
block 49 17
block 50 17
block 7 18
block 8 18
block 9 18
block 10 18
block 11 18
block 12 18
block 13 18
block 17 18
block 18 18
block 19 18
block 21 18
block 22 18
block 23 18
block 24 18
block 35 18
block 36 18
block 37 18
block 41 18
block 42 18
block 43 18
block 44 18
block 48 18
block 49 18
block 50 18
block 0 19
block 17 19
block 18 19
block 19 19
block 28 19
block 29 19
block 30 19
block 31 19
block 35 19
block 36 19
block 37 19
block 41 19
block 42 19
block 43 19
block 44 19
block 48 19
block 49 19
block 50 19
block 0 20
block 17 20
block 18 20
block 19 20
block 28 20
block 29 20
block 30 20
block 31 20
block 35 20
block 36 20
block 37 20
block 41 20
block 42 20
block 43 20
block 44 20
block 48 20
block 49 20
block 50 20
block 17 21
block 18 21
block 19 21
block 28 21
block 29 21
block 30 21
block 31 21
block 35 21
block 36 21
block 37 21
block 38 21
block 39 21
block 40 21
block 41 21
block 42 21
block 43 21
block 44 21
block 17 22
block 18 22
block 19 22
block 24 22
block 25 22
block 28 22
block 29 22
block 30 22
block 31 22
block 35 22
block 36 22
block 37 22
block 38 22
block 39 22
block 40 22
block 41 22
block 42 22
block 43 22
block 44 22
block 45 22
block 17 23
block 18 23
block 19 23
block 24 23
block 25 23
block 28 23
block 29 23
block 30 23
block 31 23
block 42 23
block 43 23
block 44 23
block 45 23
block 24 24
block 25 24
block 28 24
block 29 24
block 30 24
block 31 24
block 42 24
block 43 24
block 44 24
block 45 24
block 24 25
block 25 25
block 42 25
block 43 25
block 44 25
block 45 25
block 24 26
block 25 26
block 42 26
block 43 26
block 44 26
block 45 26
block 24 27
block 25 27
block 42 27
block 43 27
block 44 27
block 45 27
block 24 28
block 25 28
block 15 29
block 16 29
block 17 29
block 18 29
block 19 29
block 15 30
block 16 30
block 17 30
block 18 30
block 19 30
block 42 30
block 43 30
block 44 30
block 15 31
block 16 31
block 17 31
block 18 31
block 19 31
block 42 31
block 43 31
block 44 31
block 15 32
block 16 32
block 17 32
block 18 32
block 19 32
block 42 32
block 43 32
block 44 32
##BotsAndCoinsInfo
bot_name 0 starter-bot
bot 0 14 22
bot_coins 0 0
coin 26 15
coin 25 17
round 1
bot 0 14 23
round 2
bot 0 14 24
round 3
bot 0 14 25
round 4
bot 0 14 26
round 5
bot 0 14 27
coin 0 6
coin 50 26
round 6
bot 0 14 28
round 7
bot 0 14 29
round 8
bot 0 14 30
round 9
bot 0 14 31
round 10
bot 0 14 32
coin 9 19
coin 40 13
round 11
bot 0 13 31
round 12
bot 0 13 30
round 13
bot 0 13 29
round 14
bot 0 13 28
round 15
bot 0 13 27
coin 17 3
coin 33 29
round 16
bot 0 13 26
round 17
bot 0 13 25
round 18
bot 0 13 24
round 19
bot 0 13 23
round 20
bot 0 13 22
coin 1 17
coin 49 15
round 21
bot 0 13 21
round 22
bot 0 12 20
round 23
bot 0 11 19
coin_collected 9 19 0
bot_coins 0 1
round 24
bot 0 10 19
round 25
bot 0 9 19
coin 14 29
coin 36 1
round 26
bot 0 8 19
round 27
bot 0 7 19
round 28
bot 0 6 19
round 29
bot 0 6 18
round 30
bot 0 7 19
coin 42 1
coin 8 31
round 31
bot 0 6 19
round 32
bot 0 6 18
round 33
bot 0 7 19
round 34
bot 0 6 19
round 35
bot 0 6 18
coin 8 10
coin 41 23
round 36
bot 0 7 19
round 37
bot 0 7 20
round 38
bot 0 8 19
round 39
bot 0 7 19
round 40
bot 0 6 19
coin 3 8
coin 47 24
round 41
bot 0 6 20
round 42
bot 0 7 19
round 43
bot 0 6 19
round 44
bot 0 6 18
round 45
coin 40 20
coin 10 12
round 46
bot 0 7 19
round 47
bot 0 6 19
round 48
bot 0 6 18
round 49
bot 0 7 19
round 50
coin 38 4
coin 12 28
round 51
bot 0 6 19
round 52
bot 0 6 18
round 53
bot 0 7 19
round 54
bot 0 6 19
round 55
bot 0 5 18
coin 23 9
coin 27 23
round 56
bot 0 6 19
round 57
bot 0 6 18
round 58
bot 0 6 17
round 59
bot 0 6 16
round 60
bot 0 6 15
coin 2 30
coin 48 2
round 61
bot 0 5 15
round 62
bot 0 4 15
round 63
bot 0 3 15
round 64
bot 0 2 15
round 65
bot 0 1 15
coin_collected 1 17 0
bot_coins 0 2
coin 7 28
coin 43 4
round 66
bot 0 0 15
coin_collected 49 15 0
bot_coins 0 3
round 67
bot 0 0 14
round 68
bot 0 0 13
round 69
bot 0 0 12
round 70
bot 0 0 11
coin 20 18
coin 30 14
round 71
bot 0 0 10
round 72
bot 0 50 9
round 73
bot 0 49 8
round 74
bot 0 48 7
round 75
bot 0 47 6
coin 28 15
coin 22 19
round 76
bot 0 46 5
round 77
bot 0 46 4
round 78
bot 0 45 3
round 79
bot 0 44 4
coin_collected 43 4 0
bot_coins 0 4
round 80
bot 0 44 3
coin 38 2
coin 12 30
round 81
bot 0 43 2
coin_collected 42 1 0
bot_coins 0 5
round 82
bot 0 43 1
round 83
bot 0 42 1
round 84
bot 0 41 1
round 85
bot 0 40 2
coin_collected 38 2 0
bot_coins 0 6
coin 40 14
coin 10 19
round 86
bot 0 39 3
coin_collected 38 4 0
bot_coins 0 7
round 87
bot 0 39 2
round 88
bot 0 38 1
coin_collected 36 1 0
bot_coins 0 8
round 89
bot 0 37 0
round 90
coin 41 24
coin 9 8
round 91
bot 0 36 1
round 92
bot 0 35 1
round 93
bot 0 34 1
round 94
round 95
bot 0 34 0
coin 1 15
coin 49 16
round 96
round 97
round 98
round 99
bot 0 35 0
round 100
bot 0 35 1
coin 23 25
coin 27 7
round 101
bot 0 34 1
round 102
round 103
bot 0 35 0
round 104
bot 0 35 1
round 105
bot 0 34 1
coin 29 13
coin 21 19
round 106
round 107
bot 0 34 0
round 108
bot 0 34 1
round 109
bot 0 35 1
round 110
bot 0 36 1
coin 14 6
coin 36 26
round 111
bot 0 35 1
round 112
bot 0 34 1
round 113
round 114
bot 0 34 0
round 115
bot 0 34 1
coin 28 5
coin 22 27
round 116
round 117
round 118
bot 0 35 1
round 119
bot 0 34 1
round 120
coin 13 22
coin 37 10
round 121
round 122
round 123
round 124
bot 0 34 0
round 125
bot 0 34 1
coin 22 2
coin 28 30
round 126
bot 0 35 1
round 127
bot 0 34 1
round 128
bot 0 34 0
round 129
bot 0 35 0
round 130
bot 0 35 1
coin 5 4
coin 45 28
round 131
bot 0 36 0
round 132
bot 0 36 1
round 133
bot 0 35 1
round 134
bot 0 34 1
round 135
bot 0 35 0
coin 23 11
coin 27 21
round 136
bot 0 36 1
round 137
round 138
bot 0 35 1
round 139
bot 0 34 1
round 140
coin 34 28
coin 16 4
round 141
round 142
bot 0 34 0
round 143
bot 0 34 1
round 144
bot 0 34 0
round 145
bot 0 34 1
coin 43 15
coin 6 17
round 146
round 147
bot 0 35 0
round 148
bot 0 35 1
round 149
bot 0 34 1
round 150
coin 46 14
coin 4 18
round 151
bot 0 35 0
round 152
bot 0 35 1
round 153
round 154
bot 0 34 1
round 155
bot 0 35 0
coin 20 19
coin 30 13
round 156
bot 0 35 1
round 157
bot 0 34 1
round 158
round 159
bot 0 35 0
round 160
bot 0 36 0
coin 38 26
coin 12 6
round 161
bot 0 36 1
round 162
bot 0 35 1
round 163
bot 0 34 1
round 164
bot 0 34 0
round 165
bot 0 34 1
coin 20 25
coin 30 7
round 166
bot 0 34 0
round 167
bot 0 35 32
round 168
bot 0 35 0
round 169
bot 0 35 1
round 170
bot 0 36 1
coin 0 15
coin 0 17
round 171
bot 0 35 1
round 172
bot 0 34 1
round 173
round 174
bot 0 35 1
round 175
bot 0 34 1
coin 49 2
coin 1 30
round 176
round 177
round 178
round 179
round 180
coin 13 4
coin 37 28
round 181
round 182
round 183
bot 0 35 0
round 184
bot 0 35 1
round 185
bot 0 34 1
coin 22 5
coin 28 27
round 186
bot 0 35 1
round 187
bot 0 34 0
round 188
bot 0 34 1
round 189
round 190
bot 0 35 0
coin 47 19
coin 3 15
round 191
bot 0 35 1
round 192
bot 0 34 1
round 193
round 194
round 195
coin 38 20
coin 12 12
round 196
round 197
round 198
round 199
round 200
coin 23 26
coin 27 6
match_over 0
