match
match_id 1639215115760_ly
match_time 1639215115762
num_bots 1
##MatchConfig
mode FRIENDLY
num_rounds 200
random_seed 42
move_time_limit 1000
coin_spawn_period 5
coin_spawn_volume 2
##MapConfig
map_size 79 20
view_radius 5
mining_radius 1
attack_radius 4
block 11 0
block 12 0
block 13 0
block 14 0
block 28 0
block 29 0
block 48 0
block 49 0
block 50 0
block 61 0
block 62 0
block 63 0
block 0 1
block 1 1
block 2 1
block 3 1
block 4 1
block 5 1
block 6 1
block 11 1
block 12 1
block 13 1
block 14 1
block 48 1
block 49 1
block 50 1
block 61 1
block 62 1
block 63 1
block 68 1
block 69 1
block 70 1
block 71 1
block 72 1
block 73 1
block 74 1
block 77 1
block 78 1
block 0 2
block 1 2
block 2 2
block 3 2
block 4 2
block 5 2
block 6 2
block 11 2
block 12 2
block 13 2
block 14 2
block 19 2
block 20 2
block 21 2
block 22 2
block 37 2
block 38 2
block 39 2
block 48 2
block 49 2
block 50 2
block 61 2
block 62 2
block 63 2
block 68 2
block 69 2
block 70 2
block 71 2
block 72 2
block 73 2
block 74 2
block 77 2
block 78 2
block 0 3
block 1 3
block 2 3
block 3 3
block 4 3
block 11 3
block 12 3
block 13 3
block 14 3
block 19 3
block 20 3
block 21 3
block 22 3
block 37 3
block 38 3
block 39 3
block 48 3
block 49 3
block 50 3
block 61 3
block 62 3
block 63 3
block 68 3
block 69 3
block 70 3
block 71 3
block 72 3
block 73 3
block 74 3
block 77 3
block 78 3
block 0 4
block 1 4
block 2 4
block 3 4
block 4 4
block 19 4
block 20 4
block 21 4
block 22 4
block 37 4
block 38 4
block 39 4
block 61 4
block 62 4
block 63 4
block 68 4
block 69 4
block 70 4
block 71 4
block 72 4
block 73 4
block 74 4
block 77 4
block 78 4
block 19 5
block 20 5
block 21 5
block 22 5
block 33 5
block 34 5
block 35 5
block 36 5
block 37 5
block 38 5
block 39 5
block 43 5
block 44 5
block 45 5
block 5 6
block 6 6
block 7 6
block 8 6
block 10 6
block 11 6
block 12 6
block 13 6
block 18 6
block 19 6
block 20 6
block 21 6
block 22 6
block 33 6
block 34 6
block 35 6
block 36 6
block 37 6
block 38 6
block 39 6
block 43 6
block 44 6
block 45 6
block 5 7
block 6 7
block 7 7
block 8 7
block 10 7
block 11 7
block 12 7
block 13 7
block 18 7
block 19 7
block 20 7
block 21 7
block 22 7
block 33 7
block 34 7
block 35 7
block 36 7
block 37 7
block 38 7
block 39 7
block 63 7
block 64 7
block 65 7
block 66 7
block 67 7
block 5 8
block 6 8
block 7 8
block 8 8
block 10 8
block 11 8
block 12 8
block 13 8
block 18 8
block 19 8
block 20 8
block 21 8
block 59 8
block 60 8
block 61 8
block 62 8
block 63 8
block 64 8
block 65 8
block 66 8
block 67 8
block 5 9
block 6 9
block 7 9
block 8 9
block 10 9
block 11 9
block 12 9
block 13 9
block 54 9
block 55 9
block 56 9
block 59 9
block 60 9
block 61 9
block 62 9
block 63 9
block 64 9
block 65 9
block 66 9
block 67 9
block 3 10
block 4 10
block 5 10
block 6 10
block 7 10
block 8 10
block 9 10
block 10 10
block 11 10
block 12 10
block 13 10
block 54 10
block 55 10
block 56 10
block 59 10
block 60 10
block 61 10
block 62 10
block 63 10
block 64 10
block 65 10
block 66 10
block 67 10
block 71 10
block 72 10
block 73 10
block 74 10
block 75 10
block 76 10
block 77 10
block 3 11
block 4 11
block 5 11
block 6 11
block 7 11
block 8 11
block 9 11
block 10 11
block 11 11
block 12 11
block 13 11
block 54 11
block 55 11
block 56 11
block 59 11
block 60 11
block 61 11
block 62 11
block 63 11
block 64 11
block 65 11
block 66 11
block 67 11
block 71 11
block 72 11
block 73 11
block 74 11
block 75 11
block 76 11
block 77 11
block 5 12
block 6 12
block 7 12
block 8 12
block 10 12
block 11 12
block 12 12
block 13 12
block 54 12
block 55 12
block 56 12
block 59 12
block 60 12
block 61 12
block 62 12
block 63 12
block 64 12
block 65 12
block 66 12
block 67 12
block 71 12
block 72 12
block 73 12
block 74 12
block 75 12
block 76 12
block 77 12
block 37 13
block 38 13
block 39 13
block 40 13
block 59 13
block 60 13
block 61 13
block 62 13
block 63 13
block 71 13
block 72 13
block 73 13
block 74 13
block 75 13
block 76 13
block 77 13
block 12 14
block 13 14
block 14 14
block 16 14
block 17 14
block 18 14
block 19 14
block 20 14
block 21 14
block 22 14
block 37 14
block 38 14
block 39 14
block 40 14
block 67 14
block 68 14
block 69 14
block 70 14
block 71 14
block 72 14
block 73 14
block 74 14
block 75 14
block 76 14
block 77 14
block 12 15
block 13 15
block 14 15
block 16 15
block 17 15
block 18 15
block 19 15
block 20 15
block 21 15
block 22 15
block 67 15
block 68 15
block 69 15
block 70 15
block 71 15
block 72 15
block 12 16
block 13 16
block 14 16
block 16 16
block 17 16
block 18 16
block 19 16
block 20 16
block 21 16
block 22 16
block 67 16
block 68 16
block 69 16
block 70 16
block 71 16
block 72 16
block 16 17
block 17 17
block 18 17
block 19 17
block 20 17
block 21 17
block 22 17
block 28 17
block 29 17
block 48 17
block 49 17
block 50 17
block 57 17
block 58 17
block 59 17
block 67 17
block 68 17
block 69 17
block 70 17
block 71 17
block 72 17
block 16 18
block 17 18
block 18 18
block 19 18
block 20 18
block 21 18
block 22 18
block 28 18
block 29 18
block 48 18
block 49 18
block 50 18
block 57 18
block 58 18
block 59 18
block 67 18
block 68 18
block 69 18
block 70 18
block 71 18
block 72 18
block 11 19
block 12 19
block 13 19
block 14 19
block 16 19
block 17 19
block 18 19
block 19 19
block 20 19
block 21 19
block 22 19
block 28 19
block 29 19
block 48 19
block 49 19
block 50 19
block 57 19
block 58 19
block 59 19
##BotsAndCoinsInfo
bot_name 0 starter-bot
bot 0 28 2
bot_coins 0 0
coin 18 3
coin 60 16
round 1
bot 0 28 3
round 2
bot 0 28 4
round 3
bot 0 28 5
round 4
bot 0 28 6
round 5
bot 0 28 7
coin 23 4
coin 55 15
round 6
bot 0 28 8
round 7
bot 0 28 9
round 8
bot 0 28 10
round 9
bot 0 28 11
round 10
bot 0 28 12
coin 74 5
coin 4 14
round 11
bot 0 28 13
round 12
bot 0 28 14
round 13
bot 0 28 15
round 14
bot 0 28 16
round 15
coin 62 18
coin 16 1
round 16
round 17
round 18
round 19
round 20
coin 1 13
coin 77 6
round 21
round 22
round 23
round 24
round 25
coin 15 2
coin 63 17
round 26
round 27
round 28
round 29
round 30
coin 26 12
coin 52 7
round 31
round 32
round 33
round 34
round 35
coin 68 12
coin 9 7
round 36
round 37
round 38
round 39
round 40
coin 27 10
coin 51 9
round 41
round 42
round 43
round 44
round 45
coin 68 9
coin 9 9
round 46
round 47
round 48
round 49
round 50
coin 36 3
coin 42 16
round 51
round 52
round 53
round 54
round 55
coin 27 13
coin 51 6
round 56
round 57
round 58
round 59
round 60
coin 35 1
coin 43 18
round 61
round 62
round 63
round 64
round 65
coin 47 18
coin 31 1
round 66
round 67
round 68
round 69
round 70
coin 6 5
coin 73 15
round 71
round 72
round 73
round 74
round 75
coin 24 16
coin 54 3
round 76
round 77
round 78
round 79
round 80
coin 52 5
coin 26 14
round 81
round 82
round 83
round 84
round 85
coin 4 7
coin 74 15
round 86
round 87
round 88
round 89
round 90
coin 30 13
coin 48 6
round 91
round 92
round 93
round 94
round 95
coin 69 5
coin 9 14
round 96
round 97
round 98
round 99
round 100
coin 47 5
coin 31 14
round 101
round 102
round 103
round 104
round 105
coin 45 17
coin 33 2
round 106
round 107
round 108
round 109
round 110
coin 27 14
coin 51 5
round 111
round 112
round 113
round 114
round 115
coin 58 15
coin 18 4
round 116
round 117
round 118
round 119
round 120
coin 49 4
coin 29 15
round 121
round 122
round 123
round 124
round 125
coin 10 0
coin 68 19
round 126
round 127
round 128
round 129
round 130
coin 8 16
coin 70 5
round 131
round 132
round 133
round 134
round 135
coin 21 10
coin 57 9
round 136
round 137
round 138
round 139
round 140
coin 53 19
coin 25 0
round 141
round 142
round 143
round 144
round 145
coin 64 3
coin 15 16
round 146
round 147
round 148
round 149
round 150
coin 75 19
coin 3 0
round 151
round 152
round 153
round 154
round 155
coin 67 1
coin 11 18
round 156
round 157
round 158
round 159
round 160
coin 22 13
coin 56 6
round 161
round 162
round 163
round 164
round 165
coin 24 19
coin 54 0
round 166
round 167
round 168
round 169
round 170
coin 58 0
coin 20 0
round 171
round 172
round 173
round 174
round 175
coin 24 1
coin 54 18
round 176
round 177
round 178
round 179
round 180
coin 62 7
coin 16 12
round 181
round 182
round 183
round 184
round 185
coin 70 13
coin 9 6
round 186
round 187
round 188
round 189
round 190
coin 70 0
coin 8 19
round 191
round 192
round 193
round 194
round 195
coin 33 13
coin 45 7
round 196
round 197
round 198
round 199
round 200
coin 37 15
coin 41 4
match_over 0
