match
match_id 1639471061092_ai
match_time 1639471061094
num_bots 1
##MatchConfig
mode FRIENDLY
num_rounds 200
random_seed 42
move_time_limit 1000
coin_spawn_period 5
coin_spawn_volume 2
##MapConfig
map_size 50 25
view_radius 5
mining_radius 2
attack_radius 4
block 13 0
block 14 0
block 15 0
block 16 0
block 17 0
block 18 0
block 19 0
block 20 0
block 21 0
block 31 0
block 32 0
block 33 0
block 34 0
block 35 0
block 36 0
block 37 0
block 38 0
block 39 0
block 42 0
block 43 0
block 44 0
block 45 0
block 46 0
block 47 0
block 48 0
block 13 1
block 14 1
block 15 1
block 16 1
block 17 1
block 18 1
block 19 1
block 20 1
block 21 1
block 31 1
block 32 1
block 33 1
block 34 1
block 35 1
block 36 1
block 37 1
block 38 1
block 39 1
block 42 1
block 43 1
block 44 1
block 45 1
block 46 1
block 47 1
block 48 1
block 13 2
block 14 2
block 15 2
block 16 2
block 17 2
block 18 2
block 19 2
block 20 2
block 21 2
block 31 2
block 32 2
block 33 2
block 34 2
block 35 2
block 36 2
block 37 2
block 42 2
block 43 2
block 44 2
block 45 2
block 46 2
block 47 2
block 48 2
block 13 3
block 14 3
block 15 3
block 16 3
block 17 3
block 18 3
block 19 3
block 31 3
block 32 3
block 33 3
block 34 3
block 35 3
block 36 3
block 37 3
block 14 4
block 15 4
block 16 4
block 31 4
block 32 4
block 33 4
block 34 4
block 35 4
block 36 4
block 37 4
block 38 4
block 39 4
block 40 4
block 14 5
block 15 5
block 16 5
block 25 5
block 26 5
block 33 5
block 34 5
block 35 5
block 36 5
block 37 5
block 38 5
block 39 5
block 40 5
block 13 6
block 14 6
block 15 6
block 16 6
block 25 6
block 26 6
block 36 6
block 37 6
block 38 6
block 39 6
block 40 6
block 13 7
block 14 7
block 15 7
block 16 7
block 25 7
block 26 7
block 36 7
block 37 7
block 38 7
block 39 7
block 40 7
block 8 8
block 9 8
block 10 8
block 11 8
block 12 8
block 13 8
block 14 8
block 15 8
block 16 8
block 25 8
block 26 8
block 27 8
block 4 9
block 5 9
block 6 9
block 7 9
block 8 9
block 9 9
block 10 9
block 11 9
block 12 9
block 13 9
block 25 9
block 26 9
block 27 9
block 4 10
block 5 10
block 6 10
block 7 10
block 8 10
block 9 10
block 10 10
block 11 10
block 12 10
block 13 10
block 18 10
block 19 10
block 20 10
block 25 10
block 26 10
block 27 10
block 4 11
block 5 11
block 6 11
block 7 11
block 8 11
block 9 11
block 10 11
block 11 11
block 12 11
block 13 11
block 18 11
block 19 11
block 20 11
block 25 11
block 26 11
block 27 11
block 46 11
block 47 11
block 48 11
block 4 12
block 5 12
block 6 12
block 7 12
block 8 12
block 9 12
block 10 12
block 18 12
block 19 12
block 20 12
block 25 12
block 26 12
block 27 12
block 38 12
block 39 12
block 40 12
block 41 12
block 42 12
block 46 12
block 47 12
block 48 12
block 4 13
block 5 13
block 6 13
block 7 13
block 8 13
block 9 13
block 10 13
block 18 13
block 19 13
block 20 13
block 31 13
block 32 13
block 33 13
block 34 13
block 35 13
block 36 13
block 37 13
block 38 13
block 39 13
block 40 13
block 41 13
block 42 13
block 46 13
block 47 13
block 48 13
block 8 14
block 9 14
block 31 14
block 32 14
block 33 14
block 34 14
block 35 14
block 36 14
block 37 14
block 38 14
block 39 14
block 40 14
block 46 14
block 47 14
block 48 14
block 4 15
block 5 15
block 6 15
block 31 15
block 32 15
block 33 15
block 34 15
block 35 15
block 36 15
block 37 15
block 38 15
block 39 15
block 40 15
block 46 15
block 47 15
block 48 15
block 4 16
block 5 16
block 6 16
block 21 16
block 22 16
block 23 16
block 24 16
block 25 16
block 35 16
block 36 16
block 37 16
block 38 16
block 39 16
block 40 16
block 41 16
block 42 16
block 43 16
block 46 16
block 47 16
block 48 16
block 4 17
block 5 17
block 6 17
block 21 17
block 22 17
block 23 17
block 24 17
block 25 17
block 40 17
block 41 17
block 42 17
block 43 17
block 4 18
block 5 18
block 6 18
block 9 18
block 10 18
block 11 18
block 12 18
block 13 18
block 21 18
block 22 18
block 23 18
block 24 18
block 25 18
block 40 18
block 41 18
block 42 18
block 43 18
block 0 19
block 1 19
block 2 19
block 4 19
block 5 19
block 6 19
block 9 19
block 10 19
block 11 19
block 12 19
block 13 19
block 21 19
block 22 19
block 23 19
block 24 19
block 25 19
block 40 19
block 41 19
block 42 19
block 43 19
block 46 19
block 47 19
block 48 19
block 49 19
block 0 20
block 1 20
block 2 20
block 4 20
block 5 20
block 6 20
block 9 20
block 10 20
block 11 20
block 12 20
block 13 20
block 14 20
block 15 20
block 16 20
block 17 20
block 18 20
block 21 20
block 22 20
block 23 20
block 24 20
block 25 20
block 37 20
block 38 20
block 39 20
block 46 20
block 47 20
block 48 20
block 49 20
block 0 21
block 1 21
block 2 21
block 4 21
block 5 21
block 6 21
block 9 21
block 10 21
block 11 21
block 12 21
block 13 21
block 14 21
block 15 21
block 16 21
block 17 21
block 18 21
block 19 21
block 20 21
block 21 21
block 22 21
block 23 21
block 24 21
block 25 21
block 37 21
block 38 21
block 39 21
block 46 21
block 47 21
block 48 21
block 49 21
block 0 22
block 1 22
block 2 22
block 13 22
block 14 22
block 15 22
block 16 22
block 17 22
block 18 22
block 19 22
block 20 22
block 37 22
block 38 22
block 39 22
block 42 22
block 43 22
block 44 22
block 45 22
block 46 22
block 47 22
block 48 22
block 49 22
block 0 23
block 1 23
block 2 23
block 13 23
block 14 23
block 15 23
block 16 23
block 17 23
block 18 23
block 19 23
block 20 23
block 21 23
block 37 23
block 38 23
block 39 23
block 42 23
block 43 23
block 44 23
block 45 23
block 46 23
block 47 23
block 48 23
block 49 23
block 0 24
block 1 24
block 2 24
block 13 24
block 14 24
block 15 24
block 16 24
block 17 24
block 18 24
block 19 24
block 20 24
block 21 24
block 31 24
block 32 24
block 33 24
block 34 24
block 35 24
block 36 24
block 37 24
block 38 24
block 39 24
block 42 24
block 43 24
block 44 24
block 45 24
block 46 24
block 47 24
block 48 24
block 49 24
##BotsAndCoinsInfo
bot_name 0 starter-bot
bot 0 22 10
bot_coins 0 0
coin 30 13
coin 21 11
round 1
bot 0 22 11
coin_collected 21 11 0
bot_coins 0 1
round 2
round 3
round 4
match_over 0
round 5
