match
match_id 1639403492585_bn
match_time 1639403492587
num_bots 1
##MatchConfig
mode FRIENDLY
num_rounds 200
random_seed 42
move_time_limit 1000
coin_spawn_period 5
coin_spawn_volume 2
##MapConfig
map_size 78 23
view_radius 6
mining_radius 2
attack_radius 4
block 4 0
block 5 0
block 6 0
block 23 0
block 24 0
block 25 0
block 26 0
block 23 1
block 24 1
block 25 1
block 26 1
block 44 1
block 45 1
block 46 1
block 54 1
block 55 1
block 56 1
block 57 1
block 58 1
block 23 2
block 24 2
block 25 2
block 26 2
block 44 2
block 45 2
block 46 2
block 54 2
block 55 2
block 56 2
block 57 2
block 58 2
block 60 2
block 61 2
block 62 2
block 63 2
block 64 2
block 23 3
block 24 3
block 25 3
block 26 3
block 44 3
block 45 3
block 46 3
block 54 3
block 55 3
block 56 3
block 57 3
block 58 3
block 60 3
block 61 3
block 62 3
block 63 3
block 64 3
block 65 3
block 66 3
block 67 3
block 68 3
block 69 3
block 44 4
block 45 4
block 46 4
block 54 4
block 55 4
block 56 4
block 57 4
block 58 4
block 60 4
block 61 4
block 62 4
block 63 4
block 64 4
block 65 4
block 66 4
block 67 4
block 68 4
block 69 4
block 44 5
block 45 5
block 46 5
block 60 5
block 61 5
block 62 5
block 63 5
block 64 5
block 65 5
block 66 5
block 67 5
block 68 5
block 69 5
block 0 6
block 1 6
block 2 6
block 3 6
block 44 6
block 45 6
block 46 6
block 55 6
block 56 6
block 57 6
block 58 6
block 60 6
block 61 6
block 62 6
block 63 6
block 64 6
block 65 6
block 66 6
block 67 6
block 68 6
block 69 6
block 76 6
block 77 6
block 0 7
block 1 7
block 2 7
block 3 7
block 55 7
block 56 7
block 57 7
block 58 7
block 63 7
block 64 7
block 65 7
block 66 7
block 67 7
block 68 7
block 69 7
block 76 7
block 77 7
block 0 8
block 1 8
block 2 8
block 3 8
block 55 8
block 56 8
block 57 8
block 58 8
block 63 8
block 64 8
block 65 8
block 66 8
block 67 8
block 68 8
block 69 8
block 70 8
block 71 8
block 72 8
block 73 8
block 76 8
block 77 8
block 0 9
block 1 9
block 2 9
block 3 9
block 63 9
block 64 9
block 65 9
block 66 9
block 67 9
block 68 9
block 69 9
block 70 9
block 71 9
block 72 9
block 73 9
block 76 9
block 77 9
block 0 10
block 1 10
block 2 10
block 3 10
block 68 10
block 69 10
block 70 10
block 71 10
block 72 10
block 73 10
block 76 10
block 77 10
block 68 11
block 69 11
block 70 11
block 71 11
block 72 11
block 73 11
block 68 12
block 69 12
block 70 12
block 71 12
block 72 12
block 73 12
block 17 14
block 18 14
block 19 14
block 20 14
block 17 15
block 18 15
block 19 15
block 20 15
block 31 15
block 32 15
block 33 15
block 34 15
block 35 15
block 0 16
block 1 16
block 2 16
block 3 16
block 4 16
block 17 16
block 18 16
block 19 16
block 20 16
block 31 16
block 32 16
block 33 16
block 34 16
block 35 16
block 0 17
block 1 17
block 2 17
block 3 17
block 4 17
block 23 17
block 24 17
block 25 17
block 26 17
block 27 17
block 28 17
block 31 17
block 32 17
block 33 17
block 34 17
block 35 17
block 0 18
block 1 18
block 2 18
block 3 18
block 4 18
block 23 18
block 24 18
block 25 18
block 26 18
block 27 18
block 28 18
block 31 18
block 32 18
block 33 18
block 34 18
block 35 18
block 0 19
block 1 19
block 2 19
block 3 19
block 4 19
block 23 19
block 24 19
block 25 19
block 26 19
block 27 19
block 28 19
block 31 19
block 32 19
block 33 19
block 34 19
block 35 19
block 54 19
block 55 19
block 56 19
block 57 19
block 58 19
block 59 19
block 0 20
block 1 20
block 2 20
block 3 20
block 4 20
block 5 20
block 6 20
block 31 20
block 32 20
block 33 20
block 34 20
block 35 20
block 54 20
block 55 20
block 56 20
block 57 20
block 58 20
block 59 20
block 0 21
block 1 21
block 2 21
block 3 21
block 4 21
block 5 21
block 6 21
block 54 21
block 55 21
block 56 21
block 57 21
block 58 21
block 59 21
block 4 22
block 5 22
block 6 22
block 23 22
block 24 22
block 25 22
block 26 22
##BotsAndCoinsInfo
bot_name 0 starter-bot
bot 0 58 10
bot_coins 0 0
coin 26 4
coin 51 18
round 1
bot 0 58 11
round 2
bot 0 58 12
round 3
bot 0 58 13
round 4
bot 0 58 14
round 5
bot 0 58 15
coin 48 10
coin 29 12
round 6
bot 0 58 16
round 7
bot 0 58 17
round 8
bot 0 58 18
round 9
bot 0 57 18
round 10
bot 0 56 18
coin 0 4
coin 77 18
round 11
bot 0 55 18
round 12
bot 0 54 18
round 13
bot 0 53 18
coin_collected 51 18 0
bot_coins 0 1
round 14
bot 0 53 19
round 15
bot 0 53 20
coin 65 20
coin 12 2
round 16
bot 0 53 21
round 17
bot 0 53 22
round 18
bot 0 52 21
round 19
bot 0 52 20
round 20
bot 0 52 19
coin 55 14
coin 22 8
round 21
bot 0 53 18
round 22
bot 0 54 17
round 23
bot 0 55 16
coin_collected 55 14 0
bot_coins 0 2
round 24
bot 0 55 15
round 25
bot 0 55 14
coin 26 15
coin 51 7
round 26
bot 0 55 13
round 27
bot 0 55 12
round 28
bot 0 55 11
round 29
bot 0 54 12
round 30
bot 0 55 13
coin 60 21
coin 17 1
round 31
bot 0 55 12
round 32
bot 0 55 11
round 33
bot 0 54 12
round 34
bot 0 55 13
round 35
bot 0 55 12
coin 20 6
coin 57 16
round 36
bot 0 55 11
round 37
bot 0 56 12
round 38
bot 0 57 13
round 39
bot 0 56 14
round 40
bot 0 57 15
coin_collected 57 16 0
bot_coins 0 3
coin 48 15
coin 29 7
round 41
bot 0 57 14
round 42
bot 0 57 13
round 43
bot 0 57 12
round 44
bot 0 57 11
round 45
bot 0 57 10
coin 37 16
coin 40 6
round 46
bot 0 57 9
round 47
bot 0 56 9
round 48
bot 0 55 9
round 49
bot 0 54 9
round 50
bot 0 54 8
coin 14 22
coin 63 0
round 51
bot 0 53 7
coin_collected 51 7 0
bot_coins 0 4
round 52
bot 0 53 6
round 53
bot 0 53 5
round 54
bot 0 53 4
round 55
bot 0 53 3
coin 26 21
coin 51 1
round 56
bot 0 52 2
coin_collected 51 1 0
bot_coins 0 5
round 57
bot 0 52 1
round 58
bot 0 52 0
round 59
bot 0 51 1
round 60
bot 0 51 2
coin 77 0
coin 0 22
round 61
bot 0 51 3
round 62
bot 0 51 4
round 63
bot 0 51 5
round 64
bot 0 50 4
round 65
bot 0 50 5
coin 64 20
coin 13 2
round 66
bot 0 51 4
round 67
bot 0 51 5
round 68
bot 0 50 4
round 69
bot 0 50 5
round 70
bot 0 51 4
coin 19 11
coin 58 11
round 71
bot 0 51 5
round 72
bot 0 50 4
round 73
bot 0 50 5
round 74
bot 0 51 4
round 75
bot 0 51 5
coin 65 2
coin 12 20
round 76
bot 0 50 4
round 77
bot 0 50 5
round 78
bot 0 51 4
round 79
bot 0 51 5
round 80
bot 0 50 4
coin 43 5
coin 36 17
round 81
bot 0 50 5
round 82
bot 0 51 4
round 83
bot 0 51 5
round 84
bot 0 50 4
round 85
bot 0 50 5
coin 59 18
coin 18 4
round 86
bot 0 51 4
round 87
bot 0 51 5
round 88
bot 0 50 4
round 89
bot 0 50 5
round 90
bot 0 51 4
coin 6 8
coin 71 14
round 91
bot 0 51 5
round 92
bot 0 50 4
round 93
bot 0 50 5
round 94
bot 0 51 4
round 95
bot 0 51 5
coin 67 1
coin 10 21
round 96
bot 0 50 4
round 97
bot 0 50 5
round 98
bot 0 51 4
round 99
bot 0 51 5
round 100
bot 0 50 4
coin 5 16
coin 72 6
round 101
bot 0 50 5
round 102
bot 0 51 4
round 103
bot 0 51 5
round 104
bot 0 50 4
round 105
bot 0 50 5
coin 47 22
coin 30 0
round 106
bot 0 51 4
round 107
bot 0 51 5
round 108
bot 0 50 4
round 109
bot 0 51 3
round 110
bot 0 51 4
coin 41 14
coin 36 8
round 111
bot 0 51 5
round 112
bot 0 50 6
round 113
bot 0 49 7
round 114
bot 0 48 8
coin_collected 48 10 0
bot_coins 0 6
round 115
bot 0 48 9
coin 55 16
coin 22 6
round 116
bot 0 48 10
round 117
bot 0 47 11
round 118
bot 0 48 12
round 119
bot 0 47 13
round 120
bot 0 48 14
coin_collected 48 15 0
bot_coins 0 7
coin 1 3
coin 76 19
round 121
bot 0 48 15
round 122
bot 0 48 16
round 123
bot 0 48 17
round 124
bot 0 48 18
round 125
bot 0 47 19
coin 59 3
coin 18 19
round 126
bot 0 46 20
round 127
bot 0 47 21
coin_collected 47 22 0
bot_coins 0 8
round 128
bot 0 47 22
round 129
bot 0 46 21
round 130
bot 0 46 20
coin 70 6
coin 7 16
round 131
bot 0 46 19
round 132
bot 0 46 18
round 133
bot 0 46 17
round 134
bot 0 47 18
round 135
bot 0 47 17
coin 14 12
coin 63 10
round 136
bot 0 47 16
round 137
bot 0 47 15
round 138
bot 0 47 14
round 139
bot 0 47 13
round 140
bot 0 47 12
coin 25 6
coin 52 16
round 141
bot 0 47 11
round 142
bot 0 47 10
round 143
bot 0 47 9
round 144
bot 0 46 8
round 145
bot 0 45 7
coin 75 22
coin 2 0
round 146
bot 0 44 7
round 147
bot 0 43 7
coin_collected 43 5 0
bot_coins 0 9
round 148
bot 0 43 6
round 149
bot 0 42 5
round 150
bot 0 41 6
coin_collected 40 6 0
bot_coins 0 10
coin 19 1
coin 58 22
round 151
bot 0 41 5
round 152
bot 0 40 6
round 153
bot 0 39 7
round 154
bot 0 38 8
coin_collected 36 8 0
bot_coins 0 11
round 155
bot 0 38 7
coin 30 17
coin 47 5
round 156
bot 0 38 6
round 157
bot 0 38 5
round 158
bot 0 38 4
round 159
bot 0 38 3
round 160
bot 0 38 2
coin 50 1
coin 27 21
round 161
bot 0 38 1
round 162
bot 0 38 0
round 163
bot 0 37 1
round 164
bot 0 37 2
round 165
bot 0 37 3
coin 20 7
coin 57 15
round 166
bot 0 37 4
round 167
bot 0 37 5
round 168
bot 0 37 6
round 169
bot 0 37 7
round 170
bot 0 37 8
coin 9 11
coin 67 11
round 171
bot 0 37 9
round 172
bot 0 37 10
round 173
bot 0 36 9
round 174
bot 0 36 10
round 175
bot 0 36 11
coin 58 10
coin 19 12
round 176
bot 0 35 10
round 177
bot 0 35 11
round 178
bot 0 36 10
round 179
bot 0 36 11
round 180
bot 0 35 10
coin 13 1
coin 64 21
round 181
bot 0 35 11
round 182
bot 0 36 10
round 183
bot 0 36 11
round 184
bot 0 35 10
round 185
bot 0 35 11
coin 13 19
coin 64 1
round 186
bot 0 36 10
round 187
bot 0 36 11
round 188
bot 0 35 10
round 189
bot 0 35 11
round 190
bot 0 36 10
coin 68 2
coin 9 20
round 191
bot 0 36 11
round 192
bot 0 35 10
round 193
bot 0 35 11
round 194
bot 0 36 10
round 195
bot 0 36 11
coin 29 8
coin 48 14
round 196
bot 0 35 10
round 197
bot 0 35 11
round 198
bot 0 36 10
round 199
bot 0 36 11
round 200
bot 0 35 10
coin 66 11
coin 11 11
match_over 0
