match
match_id 1639178371500_id
match_time 1639178371503
num_bots 1
##MatchConfig
mode FRIENDLY
num_rounds 200
random_seed 42
move_time_limit 1000
coin_spawn_period 5
coin_spawn_volume 2
##MapConfig
map_size 55 36
view_radius 6
mining_radius 2
attack_radius 3
block 8 3
block 9 3
block 10 3
block 11 3
block 12 3
block 8 4
block 9 4
block 10 4
block 11 4
block 12 4
block 8 5
block 9 5
block 10 5
block 11 5
block 12 5
block 8 6
block 9 6
block 10 6
block 11 6
block 12 6
block 45 6
block 46 6
block 47 6
block 8 7
block 9 7
block 10 7
block 11 7
block 12 7
block 45 7
block 46 7
block 47 7
block 8 8
block 9 8
block 10 8
block 11 8
block 12 8
block 17 8
block 18 8
block 45 8
block 46 8
block 47 8
block 17 9
block 18 9
block 45 9
block 46 9
block 47 9
block 17 10
block 18 10
block 36 11
block 37 11
block 38 11
block 39 11
block 40 11
block 41 11
block 42 11
block 36 12
block 37 12
block 38 12
block 39 12
block 40 12
block 41 12
block 42 12
block 36 13
block 37 13
block 38 13
block 39 13
block 40 13
block 41 13
block 42 13
block 48 13
block 49 13
block 50 13
block 36 14
block 37 14
block 38 14
block 39 14
block 40 14
block 41 14
block 42 14
block 48 14
block 49 14
block 50 14
block 33 15
block 34 15
block 35 15
block 48 15
block 49 15
block 50 15
block 33 16
block 34 16
block 35 16
block 48 16
block 49 16
block 50 16
block 48 17
block 49 17
block 50 17
block 48 18
block 49 18
block 50 18
##BotsAndCoinsInfo
bot_name 0 starter-bot
bot 0 42 9
bot_coins 0 0
coin 40 3
coin 14 32
round 1
bot 0 42 10
round 2
round 3
round 4
round 5
coin 8 9
coin 46 26
round 6
round 7
round 8
round 9
round 10
coin 25 25
coin 29 10
round 11
round 12
round 13
round 14
round 15
coin 45 2
coin 9 33
round 16
round 17
round 18
round 19
round 20
coin 54 29
coin 0 6
round 21
round 22
round 23
round 24
round 25
coin 22 26
coin 32 9
round 26
round 27
round 28
round 29
round 30
coin 46 0
coin 8 35
round 31
round 32
round 33
round 34
round 35
coin 46 32
coin 8 2
round 36
round 37
round 38
round 39
round 40
coin 26 6
coin 28 29
round 41
round 42
round 43
round 44
round 45
coin 33 17
coin 21 18
round 46
round 47
round 48
round 49
round 50
coin 10 31
coin 44 4
round 51
round 52
round 53
round 54
round 55
coin 36 33
coin 18 2
round 56
round 57
round 58
round 59
round 60
coin 23 9
coin 31 26
round 61
round 62
round 63
round 64
round 65
coin 10 22
coin 44 13
round 66
round 67
round 68
round 69
round 70
coin 37 30
coin 17 5
round 71
round 72
round 73
round 74
round 75
coin 0 12
coin 54 23
round 76
round 77
round 78
round 79
round 80
coin 45 5
coin 9 30
round 81
round 82
round 83
round 84
round 85
coin 32 23
coin 22 12
round 86
round 87
round 88
round 89
round 90
coin 32 25
coin 22 10
round 91
round 92
round 93
round 94
round 95
coin 43 12
coin 11 23
round 96
round 97
round 98
round 99
round 100
coin 24 13
coin 30 22
round 101
round 102
round 103
round 104
round 105
coin 23 25
coin 31 10
round 106
round 107
round 108
round 109
round 110
coin 13 6
coin 41 29
round 111
round 112
round 113
round 114
round 115
coin 12 11
coin 42 24
round 116
round 117
round 118
round 119
round 120
coin 7 7
coin 47 28
round 121
round 122
round 123
round 124
round 125
coin 48 32
coin 6 3
round 126
round 127
round 128
round 129
round 130
coin 7 4
coin 47 31
round 131
round 132
round 133
round 134
round 135
coin 35 34
coin 19 1
round 136
round 137
round 138
round 139
round 140
coin 33 31
coin 21 4
round 141
round 142
round 143
round 144
round 145
coin 16 27
coin 38 8
round 146
round 147
round 148
round 149
round 150
coin 12 23
coin 43 11
round 151
coin_collected 43 11 0
bot_coins 0 1
round 152
round 153
round 154
round 155
coin 37 15
coin 17 20
round 156
round 157
round 158
round 159
round 160
coin 4 14
coin 50 21
round 161
round 162
round 163
round 164
round 165
coin 38 31
coin 16 4
round 166
round 167
round 168
round 169
round 170
coin 45 27
coin 9 9
round 171
round 172
round 173
round 174
round 175
coin 5 5
coin 49 30
round 176
round 177
round 178
round 179
round 180
coin 13 25
coin 41 10
round 181
coin_collected 41 10 0
bot_coins 0 2
round 182
round 183
round 184
round 185
coin 23 5
coin 31 30
round 186
round 187
round 188
round 189
round 190
coin 51 16
coin 3 19
round 191
round 192
round 193
round 194
round 195
coin 10 33
coin 44 2
round 196
round 197
round 198
round 199
round 200
coin 10 10
coin 44 25
match_over 0
