match
match_id 1639215241354_mk
match_time 1639215241356
num_bots 1
##MatchConfig
mode FRIENDLY
num_rounds 200
random_seed 42
move_time_limit 1000
coin_spawn_period 5
coin_spawn_volume 2
##MapConfig
map_size 56 28
view_radius 5
mining_radius 2
attack_radius 3
block 0 0
block 1 0
block 2 0
block 3 0
block 4 0
block 5 0
block 6 0
block 7 0
block 8 0
block 9 0
block 10 0
block 12 0
block 13 0
block 17 0
block 18 0
block 19 0
block 20 0
block 21 0
block 22 0
block 23 0
block 29 0
block 30 0
block 31 0
block 32 0
block 33 0
block 34 0
block 41 0
block 42 0
block 46 0
block 47 0
block 48 0
block 49 0
block 2 1
block 3 1
block 4 1
block 5 1
block 6 1
block 7 1
block 8 1
block 9 1
block 10 1
block 11 1
block 12 1
block 13 1
block 17 1
block 18 1
block 19 1
block 20 1
block 21 1
block 22 1
block 23 1
block 29 1
block 30 1
block 31 1
block 32 1
block 33 1
block 34 1
block 41 1
block 42 1
block 2 2
block 3 2
block 4 2
block 5 2
block 6 2
block 7 2
block 8 2
block 9 2
block 10 2
block 11 2
block 12 2
block 13 2
block 17 2
block 18 2
block 19 2
block 20 2
block 21 2
block 22 2
block 23 2
block 41 2
block 42 2
block 2 3
block 3 3
block 4 3
block 5 3
block 6 3
block 7 3
block 8 3
block 9 3
block 10 3
block 11 3
block 12 3
block 13 3
block 41 3
block 42 3
block 2 4
block 3 4
block 4 4
block 5 4
block 6 4
block 7 4
block 8 4
block 9 4
block 10 4
block 11 4
block 12 4
block 13 4
block 19 4
block 20 4
block 21 4
block 22 4
block 23 4
block 24 4
block 41 4
block 42 4
block 19 5
block 20 5
block 21 5
block 22 5
block 23 5
block 24 5
block 36 5
block 37 5
block 8 6
block 9 6
block 10 6
block 11 6
block 12 6
block 13 6
block 14 6
block 19 6
block 20 6
block 21 6
block 22 6
block 23 6
block 36 6
block 37 6
block 8 7
block 9 7
block 10 7
block 11 7
block 12 7
block 13 7
block 14 7
block 19 7
block 20 7
block 21 7
block 22 7
block 23 7
block 9 8
block 10 8
block 11 8
block 12 8
block 13 8
block 14 8
block 19 8
block 20 8
block 21 8
block 22 8
block 23 8
block 29 8
block 30 8
block 31 8
block 32 8
block 33 8
block 34 8
block 35 8
block 9 9
block 10 9
block 11 9
block 12 9
block 13 9
block 14 9
block 19 9
block 20 9
block 21 9
block 22 9
block 23 9
block 29 9
block 30 9
block 31 9
block 32 9
block 33 9
block 34 9
block 35 9
block 44 9
block 45 9
block 46 9
block 47 9
block 48 9
block 49 9
block 9 10
block 10 10
block 11 10
block 12 10
block 13 10
block 14 10
block 29 10
block 30 10
block 31 10
block 32 10
block 33 10
block 34 10
block 35 10
block 44 10
block 45 10
block 46 10
block 47 10
block 48 10
block 49 10
block 29 11
block 30 11
block 31 11
block 32 11
block 33 11
block 34 11
block 35 11
block 22 14
block 23 14
block 19 15
block 20 15
block 21 15
block 22 15
block 23 15
block 19 16
block 20 16
block 21 16
block 22 16
block 23 16
block 9 17
block 10 17
block 11 17
block 12 17
block 13 17
block 14 17
block 19 17
block 20 17
block 21 17
block 22 17
block 23 17
block 9 18
block 10 18
block 11 18
block 12 18
block 13 18
block 14 18
block 19 18
block 20 18
block 21 18
block 22 18
block 23 18
block 9 19
block 10 19
block 11 19
block 12 19
block 13 19
block 14 19
block 19 19
block 20 19
block 21 19
block 22 19
block 23 19
block 43 19
block 44 19
block 45 19
block 46 19
block 47 19
block 48 19
block 49 19
block 20 20
block 21 20
block 22 20
block 23 20
block 43 20
block 44 20
block 45 20
block 46 20
block 47 20
block 48 20
block 49 20
block 20 21
block 21 21
block 43 21
block 44 21
block 45 21
block 46 21
block 47 21
block 48 21
block 49 21
block 20 22
block 21 22
block 27 22
block 28 22
block 29 22
block 30 22
block 31 22
block 43 22
block 44 22
block 45 22
block 46 22
block 47 22
block 48 22
block 49 22
block 0 23
block 1 23
block 27 23
block 28 23
block 29 23
block 30 23
block 31 23
block 32 23
block 33 23
block 34 23
block 43 23
block 44 23
block 45 23
block 46 23
block 47 23
block 48 23
block 49 23
block 0 24
block 1 24
block 27 24
block 28 24
block 29 24
block 30 24
block 31 24
block 32 24
block 33 24
block 34 24
block 41 24
block 42 24
block 43 24
block 44 24
block 45 24
block 46 24
block 47 24
block 48 24
block 49 24
block 0 25
block 1 25
block 27 25
block 28 25
block 29 25
block 30 25
block 31 25
block 32 25
block 33 25
block 34 25
block 41 25
block 42 25
block 43 25
block 44 25
block 45 25
block 46 25
block 47 25
block 48 25
block 49 25
block 0 26
block 1 26
block 5 26
block 6 26
block 7 26
block 8 26
block 9 26
block 10 26
block 29 26
block 30 26
block 31 26
block 32 26
block 33 26
block 34 26
block 41 26
block 42 26
block 43 26
block 44 26
block 45 26
block 0 27
block 1 27
block 5 27
block 6 27
block 7 27
block 8 27
block 9 27
block 10 27
block 12 27
block 13 27
block 29 27
block 30 27
block 31 27
block 32 27
block 33 27
block 34 27
block 41 27
block 42 27
block 43 27
block 44 27
block 45 27
block 46 27
block 47 27
block 48 27
block 49 27
##BotsAndCoinsInfo
bot_name 0 starter-bot
bot 0 25 7
bot_coins 0 0
coin 50 19
coin 5 8
round 1
bot 0 25 8
round 2
bot 0 25 9
round 3
bot 0 25 10
round 4
bot 0 25 11
round 5
bot 0 25 12
coin 48 26
coin 4 27
round 6
bot 0 25 13
round 7
bot 0 25 14
round 8
bot 0 25 15
round 9
bot 0 25 16
round 10
bot 0 25 17
coin 26 25
coin 29 2
round 11
bot 0 25 18
round 12
bot 0 25 19
round 13
bot 0 25 20
round 14
bot 0 25 21
round 15
bot 0 25 22
coin 1 10
coin 54 17
round 16
bot 0 25 23
round 17
bot 0 25 24
coin_collected 26 25 0
bot_coins 0 1
round 18
bot 0 25 25
round 19
bot 0 25 26
round 20
bot 0 25 27
coin 55 17
coin 0 10
round 21
bot 0 24 26
round 22
bot 0 24 25
round 23
bot 0 24 24
round 24
bot 0 24 23
round 25
bot 0 24 22
coin 38 18
coin 17 9
round 26
bot 0 24 21
round 27
bot 0 24 20
round 28
bot 0 24 19
round 29
bot 0 24 18
round 30
bot 0 24 17
coin 28 0
coin 27 27
round 31
bot 0 24 16
round 32
bot 0 24 15
round 33
bot 0 24 14
round 34
bot 0 24 13
round 35
bot 0 24 12
coin 36 24
coin 19 3
round 36
bot 0 24 11
round 37
bot 0 24 10
round 38
bot 0 24 9
round 39
bot 0 24 8
round 40
bot 0 24 7
coin 55 26
coin 0 1
round 41
bot 0 24 6
round 42
round 43
round 44
round 45
coin 7 9
coin 48 18
round 46
round 47
round 48
round 49
round 50
coin 40 15
coin 15 12
round 51
round 52
round 53
round 54
round 55
coin 50 9
coin 5 18
round 56
round 57
round 58
round 59
round 60
coin 36 9
coin 18 18
round 61
round 62
round 63
round 64
round 65
coin 15 10
coin 40 17
round 66
round 67
round 68
round 69
round 70
coin 11 26
coin 44 1
round 71
round 72
round 73
round 74
round 75
coin 26 20
coin 29 7
round 76
round 77
round 78
round 79
round 80
coin 30 17
coin 25 10
round 81
round 82
round 83
round 84
round 85
coin 17 11
coin 38 16
round 86
round 87
round 88
round 89
round 90
coin 12 5
coin 42 22
round 91
round 92
round 93
round 94
round 95
coin 50 20
coin 5 7
round 96
round 97
round 98
round 99
round 100
coin 27 5
coin 28 21
round 101
round 102
round 103
round 104
round 105
coin 7 21
coin 48 6
round 106
round 107
round 108
round 109
round 110
coin 31 14
coin 24 13
round 111
round 112
round 113
round 114
round 115
coin 55 23
coin 0 4
round 116
round 117
round 118
round 119
round 120
coin 14 3
coin 41 23
round 121
round 122
round 123
round 124
round 125
coin 35 0
coin 20 27
round 126
round 127
round 128
round 129
round 130
coin 30 7
coin 25 20
round 131
round 132
round 133
round 134
round 135
coin 16 14
coin 39 13
round 136
round 137
round 138
round 139
round 140
coin 49 7
coin 6 20
round 141
round 142
round 143
round 144
round 145
coin 29 3
coin 26 24
round 146
round 147
round 148
round 149
round 150
coin 49 18
coin 6 9
round 151
round 152
round 153
round 154
round 155
coin 32 7
coin 24 20
round 156
round 157
round 158
round 159
round 160
coin 22 3
coin 33 22
round 161
round 162
round 163
round 164
round 165
coin 6 11
coin 49 16
round 166
round 167
round 168
round 169
round 170
coin 55 19
coin 0 8
round 171
round 172
round 173
round 174
round 175
coin 38 1
coin 17 26
round 176
round 177
round 178
round 179
round 180
coin 53 21
coin 2 6
round 181
round 182
round 183
round 184
round 185
coin 29 5
coin 26 22
round 186
round 187
round 188
round 189
round 190
coin 26 0
coin 28 27
round 191
round 192
round 193
round 194
round 195
coin 17 21
coin 38 6
round 196
round 197
round 198
round 199
round 200
coin 16 22
coin 39 5
match_over 0
