match
match_id 1639471632983_al
match_time 1639471632986
num_bots 1
##MatchConfig
mode FRIENDLY
num_rounds 200
random_seed 42
move_time_limit 1000
coin_spawn_period 5
coin_spawn_volume 2
##MapConfig
map_size 74 22
view_radius 5
mining_radius 1
attack_radius 3
block 0 0
block 12 0
block 13 0
block 14 0
block 70 0
block 71 0
block 72 0
block 73 0
block 0 1
block 12 1
block 13 1
block 14 1
block 72 1
block 73 1
block 6 2
block 7 2
block 8 2
block 9 2
block 10 2
block 6 3
block 7 3
block 8 3
block 9 3
block 10 3
block 20 3
block 21 3
block 22 3
block 23 3
block 6 4
block 7 4
block 8 4
block 9 4
block 10 4
block 20 4
block 21 4
block 22 4
block 23 4
block 59 4
block 60 4
block 61 4
block 62 4
block 63 4
block 64 4
block 6 5
block 7 5
block 8 5
block 9 5
block 10 5
block 20 5
block 21 5
block 22 5
block 23 5
block 59 5
block 60 5
block 61 5
block 62 5
block 63 5
block 64 5
block 6 6
block 7 6
block 8 6
block 9 6
block 10 6
block 20 6
block 21 6
block 22 6
block 23 6
block 59 6
block 60 6
block 61 6
block 62 6
block 63 6
block 64 6
block 6 7
block 7 7
block 8 7
block 9 7
block 10 7
block 20 7
block 21 7
block 22 7
block 23 7
block 65 7
block 66 7
block 67 7
block 68 7
block 6 8
block 7 8
block 8 8
block 9 8
block 10 8
block 20 8
block 21 8
block 22 8
block 23 8
block 32 8
block 33 8
block 34 8
block 35 8
block 36 8
block 65 8
block 66 8
block 67 8
block 68 8
block 20 9
block 21 9
block 22 9
block 23 9
block 32 9
block 33 9
block 34 9
block 35 9
block 36 9
block 32 10
block 33 10
block 34 10
block 35 10
block 36 10
block 66 10
block 67 10
block 68 10
block 69 10
block 70 10
block 71 10
block 72 10
block 0 11
block 1 11
block 2 11
block 32 11
block 33 11
block 34 11
block 35 11
block 36 11
block 54 11
block 55 11
block 66 11
block 67 11
block 68 11
block 69 11
block 70 11
block 71 11
block 72 11
block 73 11
block 0 12
block 1 12
block 2 12
block 32 12
block 33 12
block 34 12
block 35 12
block 36 12
block 54 12
block 55 12
block 56 12
block 57 12
block 58 12
block 59 12
block 66 12
block 67 12
block 68 12
block 69 12
block 70 12
block 71 12
block 72 12
block 73 12
block 0 13
block 1 13
block 2 13
block 32 13
block 33 13
block 34 13
block 35 13
block 36 13
block 54 13
block 55 13
block 56 13
block 57 13
block 58 13
block 59 13
block 67 13
block 68 13
block 69 13
block 70 13
block 71 13
block 72 13
block 73 13
block 0 14
block 1 14
block 2 14
block 15 14
block 16 14
block 17 14
block 18 14
block 19 14
block 32 14
block 33 14
block 34 14
block 35 14
block 36 14
block 37 14
block 38 14
block 39 14
block 54 14
block 55 14
block 67 14
block 68 14
block 69 14
block 70 14
block 71 14
block 72 14
block 73 14
block 0 15
block 1 15
block 2 15
block 15 15
block 16 15
block 17 15
block 18 15
block 19 15
block 37 15
block 38 15
block 39 15
block 67 15
block 68 15
block 69 15
block 70 15
block 71 15
block 72 15
block 73 15
block 0 16
block 1 16
block 2 16
block 15 16
block 16 16
block 17 16
block 18 16
block 19 16
block 37 16
block 38 16
block 39 16
block 67 16
block 68 16
block 69 16
block 70 16
block 71 16
block 72 16
block 73 16
block 0 17
block 15 17
block 16 17
block 17 17
block 18 17
block 19 17
block 37 17
block 38 17
block 39 17
block 67 17
block 68 17
block 69 17
block 70 17
block 71 17
block 72 17
block 73 17
block 0 18
block 15 18
block 16 18
block 17 18
block 18 18
block 19 18
block 37 18
block 38 18
block 39 18
block 72 18
block 73 18
block 15 19
block 16 19
block 17 19
block 18 19
block 19 19
block 48 19
block 49 19
block 50 19
block 51 19
block 52 19
block 0 20
block 15 20
block 16 20
block 17 20
block 18 20
block 19 20
block 48 20
block 49 20
block 50 20
block 51 20
block 52 20
block 72 20
block 73 20
block 0 21
block 12 21
block 13 21
block 14 21
block 70 21
block 71 21
block 72 21
block 73 21
##BotsAndCoinsInfo
bot_name 0 starter-bot
bot 0 65 13
bot_coins 0 0
coin 14 15
coin 58 6
round 1
bot 0 65 14
round 2
bot 0 65 15
round 3
bot 0 65 16
round 4
bot 0 65 17
round 5
bot 0 65 18
coin 3 16
coin 70 5
round 6
bot 0 65 19
round 7
bot 0 65 20
round 8
bot 0 65 21
round 9
bot 0 64 20
round 10
bot 0 64 19
coin 48 18
coin 25 3
round 11
bot 0 64 18
round 12
bot 0 64 17
round 13
bot 0 64 16
round 14
bot 0 64 15
round 15
bot 0 64 14
coin 11 2
coin 62 19
round 16
bot 0 64 13
round 17
bot 0 64 12
round 18
bot 0 64 11
round 19
bot 0 64 10
round 20
bot 0 64 9
coin 57 17
coin 16 4
round 21
bot 0 64 8
round 22
bot 0 64 7
round 23
bot 0 63 7
round 24
bot 0 62 7
round 25
bot 0 61 7
coin 64 18
coin 11 3
round 26
bot 0 60 7
round 27
bot 0 59 7
round 28
bot 0 58 7
coin_collected 58 6 0
bot_coins 0 1
round 29
bot 0 58 6
round 30
bot 0 58 5
coin 24 0
coin 49 21
round 31
bot 0 58 4
round 32
bot 0 58 3
round 33
bot 0 58 2
round 34
bot 0 58 1
round 35
bot 0 58 0
coin 48 0
coin 25 21
round 36
bot 0 57 1
round 37
bot 0 57 2
round 38
bot 0 57 3
round 39
bot 0 57 4
round 40
bot 0 57 5
coin 30 20
coin 43 1
round 41
bot 0 57 6
round 42
bot 0 57 7
round 43
bot 0 57 8
round 44
bot 0 57 9
round 45
bot 0 57 10
coin 65 9
coin 8 12
round 46
bot 0 57 11
round 47
bot 0 56 11
round 48
bot 0 55 10
round 49
bot 0 54 10
round 50
bot 0 53 10
coin 62 15
coin 11 6
round 51
bot 0 53 11
round 52
bot 0 53 12
round 53
bot 0 53 13
round 54
bot 0 53 14
round 55
bot 0 53 15
coin 40 9
coin 31 12
round 56
bot 0 54 16
round 57
bot 0 55 17
round 58
bot 0 56 16
round 59
bot 0 57 17
coin_collected 57 17 0
bot_coins 0 2
round 60
bot 0 57 18
coin 7 19
coin 66 2
round 61
bot 0 57 19
round 62
bot 0 57 20
round 63
bot 0 57 21
round 64
bot 0 56 20
round 65
bot 0 56 19
coin 44 6
coin 29 15
round 66
bot 0 56 18
round 67
bot 0 56 17
round 68
bot 0 56 16
round 69
bot 0 56 15
round 70
bot 0 56 14
coin 20 18
coin 53 3
round 71
bot 0 56 15
round 72
bot 0 56 16
round 73
bot 0 56 17
round 74
bot 0 56 18
round 75
bot 0 56 19
coin 68 4
coin 5 17
round 76
bot 0 56 20
round 77
bot 0 56 21
round 78
bot 0 55 20
round 79
bot 0 55 19
round 80
bot 0 55 18
coin 20 13
coin 53 8
round 81
bot 0 55 17
round 82
bot 0 55 16
round 83
bot 0 55 15
round 84
bot 0 54 15
round 85
bot 0 53 15
coin 37 3
coin 36 18
round 86
bot 0 53 14
round 87
bot 0 53 13
round 88
bot 0 53 12
round 89
bot 0 52 11
round 90
bot 0 53 10
coin 10 11
coin 63 10
round 91
bot 0 52 9
round 92
bot 0 53 8
coin_collected 53 8 0
bot_coins 0 3
round 93
bot 0 53 7
round 94
bot 0 52 6
round 95
bot 0 53 5
coin 59 3
coin 14 18
round 96
bot 0 52 4
round 97
bot 0 53 3
coin_collected 53 3 0
bot_coins 0 4
round 98
bot 0 53 2
round 99
bot 0 53 1
round 100
bot 0 52 2
coin 23 2
coin 50 18
round 101
bot 0 51 3
round 102
bot 0 50 4
round 103
bot 0 50 3
round 104
bot 0 49 4
round 105
bot 0 49 3
coin 17 13
coin 56 8
round 106
bot 0 48 4
round 107
bot 0 48 3
round 108
bot 0 48 2
round 109
bot 0 49 3
round 110
bot 0 48 4
coin 1 6
coin 71 18
round 111
bot 0 48 3
round 112
bot 0 48 2
round 113
bot 0 49 3
round 114
bot 0 48 4
round 115
bot 0 48 3
coin 57 5
coin 14 16
round 116
bot 0 48 2
round 117
bot 0 49 3
round 118
bot 0 50 3
round 119
bot 0 49 4
round 120
bot 0 49 3
coin 65 11
coin 8 10
round 121
bot 0 48 4
round 122
bot 0 47 3
round 123
bot 0 48 4
round 124
bot 0 48 3
round 125
bot 0 48 2
coin 71 2
coin 2 19
round 126
bot 0 49 1
round 127
bot 0 48 2
round 128
bot 0 49 3
round 129
bot 0 48 4
round 130
bot 0 48 3
coin 40 4
coin 33 17
round 131
bot 0 48 2
round 132
bot 0 49 3
round 133
bot 0 48 4
round 134
bot 0 48 3
round 135
bot 0 48 2
coin 72 2
coin 1 19
round 136
bot 0 49 3
round 137
bot 0 48 4
round 138
bot 0 48 3
round 139
bot 0 49 4
round 140
bot 0 49 3
coin 51 17
coin 24 4
round 141
bot 0 48 4
round 142
bot 0 48 3
round 143
bot 0 49 2
round 144
bot 0 48 3
round 145
bot 0 49 4
coin 45 15
coin 28 6
round 146
bot 0 50 5
round 147
bot 0 50 4
round 148
bot 0 49 3
round 149
bot 0 48 2
round 150
bot 0 47 1
coin 67 3
coin 6 18
round 151
bot 0 48 0
coin_collected 48 0 0
bot_coins 0 5
round 152
bot 0 47 1
round 153
bot 0 48 0
round 154
bot 0 47 21
round 155
bot 0 46 0
coin 63 19
coin 10 1
round 156
bot 0 45 21
round 157
bot 0 44 0
round 158
bot 0 43 21
round 159
bot 0 42 0
round 160
bot 0 41 21
coin 56 4
coin 20 17
round 161
bot 0 40 0
round 162
bot 0 39 21
round 163
bot 0 38 0
round 164
bot 0 37 21
round 165
bot 0 36 0
coin 36 3
coin 37 19
round 166
bot 0 35 21
round 167
bot 0 34 0
round 168
bot 0 33 21
round 169
bot 0 32 0
round 170
bot 0 31 21
coin 31 15
coin 42 6
round 171
bot 0 30 0
round 172
bot 0 29 21
round 173
bot 0 28 0
round 174
bot 0 27 21
round 175
bot 0 26 0
coin 14 13
coin 59 8
round 176
bot 0 25 21
coin_collected 25 21 0
bot_coins 0 6
round 177
bot 0 24 0
coin_collected 24 0 0
bot_coins 0 7
round 178
bot 0 23 21
round 179
bot 0 22 0
round 180
bot 0 21 21
coin 18 13
coin 55 8
round 181
bot 0 20 0
round 182
bot 0 19 21
round 183
bot 0 18 0
round 184
bot 0 17 21
round 185
bot 0 16 0
coin 11 5
coin 62 16
round 186
bot 0 15 21
round 187
bot 0 15 0
round 188
bot 0 15 1
round 189
bot 0 15 2
round 190
bot 0 15 3
coin 50 8
coin 23 13
round 191
bot 0 15 4
coin_collected 16 4 0
bot_coins 0 8
round 192
bot 0 14 5
round 193
bot 0 13 6
round 194
bot 0 12 5
coin_collected 11 5 0
bot_coins 0 9
round 195
bot 0 11 6
coin_collected 11 6 0
bot_coins 0 10
coin 65 21
coin 8 0
round 196
bot 0 11 7
round 197
bot 0 11 8
round 198
bot 0 11 9
round 199
bot 0 10 10
coin_collected 10 11 0
bot_coins 0 11
round 200
bot 0 9 11
coin 56 14
coin 17 7
match_over 0
