match
match_id 1639172268697_dt
match_time 1639172268700
num_bots 1
##MatchConfig
mode FRIENDLY
num_rounds 200
random_seed 42
move_time_limit 1000
coin_spawn_period 5
coin_spawn_volume 2
##MapConfig
map_size 71 32
view_radius 5
mining_radius 2
attack_radius 3
block 10 0
block 11 0
block 30 0
block 31 0
block 32 0
block 33 0
block 34 0
block 35 0
block 60 0
block 61 0
block 62 0
block 63 0
block 64 0
block 65 0
block 66 0
block 10 1
block 11 1
block 30 1
block 31 1
block 32 1
block 33 1
block 34 1
block 35 1
block 56 1
block 57 1
block 58 1
block 59 1
block 60 1
block 61 1
block 62 1
block 63 1
block 64 1
block 65 1
block 66 1
block 10 2
block 11 2
block 30 2
block 31 2
block 32 2
block 33 2
block 34 2
block 35 2
block 56 2
block 57 2
block 58 2
block 59 2
block 60 2
block 61 2
block 10 3
block 11 3
block 30 3
block 31 3
block 32 3
block 33 3
block 34 3
block 35 3
block 56 3
block 57 3
block 58 3
block 59 3
block 60 3
block 61 3
block 22 4
block 23 4
block 30 4
block 31 4
block 32 4
block 33 4
block 34 4
block 35 4
block 22 5
block 23 5
block 30 5
block 31 5
block 32 5
block 33 5
block 34 5
block 35 5
block 22 6
block 23 6
block 2 7
block 3 7
block 4 7
block 5 7
block 6 7
block 12 7
block 13 7
block 14 7
block 15 7
block 16 7
block 22 7
block 23 7
block 2 8
block 3 8
block 4 8
block 5 8
block 6 8
block 12 8
block 13 8
block 14 8
block 15 8
block 16 8
block 22 8
block 23 8
block 2 9
block 3 9
block 4 9
block 5 9
block 6 9
block 12 9
block 13 9
block 14 9
block 15 9
block 16 9
block 22 9
block 23 9
block 2 10
block 3 10
block 4 10
block 5 10
block 6 10
block 12 10
block 13 10
block 14 10
block 15 10
block 16 10
block 22 10
block 23 10
block 2 11
block 3 11
block 4 11
block 5 11
block 6 11
block 7 11
block 14 11
block 15 11
block 16 11
block 17 11
block 4 12
block 5 12
block 6 12
block 7 12
block 14 12
block 15 12
block 16 12
block 17 12
block 4 13
block 5 13
block 6 13
block 7 13
block 8 13
block 9 13
block 10 13
block 14 13
block 15 13
block 16 13
block 17 13
block 18 13
block 19 13
block 4 14
block 5 14
block 6 14
block 7 14
block 8 14
block 9 14
block 10 14
block 14 14
block 15 14
block 16 14
block 17 14
block 18 14
block 19 14
block 36 14
block 37 14
block 38 14
block 49 14
block 50 14
block 4 15
block 5 15
block 6 15
block 7 15
block 8 15
block 9 15
block 10 15
block 14 15
block 15 15
block 16 15
block 17 15
block 18 15
block 19 15
block 36 15
block 37 15
block 38 15
block 49 15
block 50 15
block 4 16
block 5 16
block 6 16
block 7 16
block 8 16
block 9 16
block 10 16
block 15 16
block 16 16
block 17 16
block 18 16
block 19 16
block 36 16
block 37 16
block 38 16
block 44 16
block 45 16
block 46 16
block 47 16
block 48 16
block 49 16
block 50 16
block 59 16
block 60 16
block 61 16
block 62 16
block 63 16
block 4 17
block 5 17
block 6 17
block 7 17
block 36 17
block 37 17
block 38 17
block 44 17
block 45 17
block 46 17
block 47 17
block 48 17
block 49 17
block 56 17
block 57 17
block 58 17
block 59 17
block 60 17
block 61 17
block 62 17
block 63 17
block 44 18
block 45 18
block 46 18
block 47 18
block 48 18
block 49 18
block 56 18
block 57 18
block 58 18
block 59 18
block 60 18
block 61 18
block 62 18
block 63 18
block 64 18
block 65 18
block 66 18
block 67 18
block 68 18
block 69 18
block 70 18
block 24 19
block 25 19
block 56 19
block 57 19
block 58 19
block 64 19
block 65 19
block 66 19
block 67 19
block 68 19
block 69 19
block 70 19
block 24 20
block 25 20
block 56 20
block 57 20
block 58 20
block 56 21
block 57 21
block 58 21
block 43 23
block 44 23
block 45 23
block 46 23
block 43 24
block 44 24
block 45 24
block 46 24
block 43 25
block 44 25
block 45 25
block 46 25
block 63 25
block 64 25
block 65 25
block 66 25
block 67 25
block 68 25
block 69 25
block 27 26
block 28 26
block 43 26
block 44 26
block 45 26
block 46 26
block 60 26
block 61 26
block 62 26
block 63 26
block 64 26
block 65 26
block 66 26
block 67 26
block 68 26
block 69 26
block 27 27
block 28 27
block 60 27
block 61 27
block 62 27
block 63 27
block 64 27
block 65 27
block 66 27
block 67 27
block 68 27
block 69 27
block 27 28
block 28 28
block 63 28
block 64 28
block 65 28
block 66 28
block 67 28
block 68 28
block 69 28
block 10 30
block 11 30
block 60 30
block 61 30
block 62 30
block 63 30
block 64 30
block 65 30
block 66 30
block 10 31
block 11 31
block 30 31
block 31 31
block 32 31
block 33 31
block 34 31
block 35 31
block 60 31
block 61 31
block 62 31
block 63 31
block 64 31
block 65 31
block 66 31
##BotsAndCoinsInfo
bot_name 0 starter-bot
bot 0 67 9
bot_coins 0 0
coin 18 1
coin 52 30
round 1
bot 0 67 10
round 2
bot 0 67 11
round 3
bot 0 67 12
round 4
bot 0 67 13
round 5
bot 0 67 14
coin 12 1
coin 58 30
round 6
bot 0 67 15
round 7
bot 0 67 16
round 8
bot 0 67 17
round 9
round 10
coin 15 30
coin 55 1
round 11
round 12
round 13
round 14
round 15
coin 41 22
coin 29 9
round 16
round 17
round 18
round 19
round 20
coin 29 2
coin 41 29
round 21
round 22
round 23
round 24
round 25
coin 20 14
coin 50 17
round 26
round 27
round 28
round 29
round 30
coin 47 12
coin 23 19
round 31
round 32
round 33
round 34
round 35
coin 52 22
coin 18 9
round 36
round 37
round 38
round 39
round 40
coin 5 24
coin 65 7
round 41
round 42
round 43
round 44
round 45
coin 32 30
coin 38 1
round 46
round 47
round 48
round 49
round 50
coin 64 4
coin 6 27
round 51
round 52
round 53
round 54
round 55
coin 32 14
coin 39 17
round 56
round 57
round 58
round 59
round 60
coin 35 29
coin 36 2
round 61
round 62
round 63
round 64
round 65
coin 42 25
coin 28 6
round 66
round 67
round 68
round 69
round 70
coin 44 4
coin 26 27
round 71
round 72
round 73
round 74
round 75
coin 25 10
coin 45 21
round 76
round 77
round 78
round 79
round 80
coin 8 8
coin 62 23
round 81
round 82
round 83
round 84
round 85
coin 18 11
coin 52 20
round 86
round 87
round 88
round 89
round 90
coin 46 5
coin 24 26
round 91
round 92
round 93
round 94
round 95
coin 59 8
coin 11 23
round 96
round 97
round 98
round 99
round 100
coin 55 20
coin 13 11
round 101
round 102
round 103
round 104
round 105
coin 36 1
coin 34 30
round 106
round 107
round 108
round 109
round 110
coin 8 2
coin 62 29
round 111
round 112
round 113
round 114
round 115
coin 65 24
coin 5 6
round 116
round 117
round 118
round 119
round 120
coin 64 10
coin 6 21
round 121
round 122
round 123
round 124
round 125
coin 8 6
coin 62 25
round 126
round 127
round 128
round 129
round 130
coin 39 0
coin 31 30
round 131
round 132
round 133
round 134
round 135
coin 9 24
coin 61 7
round 136
round 137
round 138
round 139
round 140
coin 38 2
coin 32 29
round 141
round 142
round 143
round 144
round 145
coin 58 16
coin 12 15
round 146
round 147
round 148
round 149
round 150
coin 1 27
coin 69 4
round 151
round 152
round 153
round 154
round 155
coin 58 7
coin 12 24
round 156
round 157
round 158
round 159
round 160
coin 39 19
coin 31 12
round 161
round 162
round 163
round 164
round 165
coin 69 6
coin 1 25
round 166
round 167
round 168
round 169
round 170
coin 36 12
coin 34 19
round 171
round 172
round 173
round 174
round 175
coin 50 4
coin 20 27
round 176
round 177
round 178
round 179
round 180
coin 35 13
coin 35 18
round 181
round 182
round 183
round 184
round 185
coin 16 20
coin 54 11
round 186
round 187
round 188
round 189
round 190
coin 40 22
coin 30 9
round 191
round 192
round 193
round 194
round 195
coin 4 30
coin 67 1
round 196
round 197
round 198
round 199
round 200
coin 59 19
coin 11 12
match_over 0
