match
match_id 1639178467925_im
match_time 1639178467928
num_bots 1
##MatchConfig
mode FRIENDLY
num_rounds 200
random_seed 42
move_time_limit 1000
coin_spawn_period 5
coin_spawn_volume 2
##MapConfig
map_size 77 21
view_radius 5
mining_radius 1
attack_radius 3
block 48 0
block 49 0
block 50 0
block 51 0
block 54 0
block 55 0
block 56 0
block 57 0
block 58 0
block 59 0
block 60 0
block 61 0
block 62 0
block 66 0
block 67 0
block 68 0
block 69 0
block 70 0
block 71 0
block 72 0
block 73 0
block 74 0
block 75 0
block 76 0
block 48 1
block 49 1
block 50 1
block 51 1
block 54 1
block 55 1
block 56 1
block 57 1
block 58 1
block 59 1
block 60 1
block 61 1
block 62 1
block 66 1
block 67 1
block 68 1
block 69 1
block 70 1
block 71 1
block 72 1
block 73 1
block 74 1
block 75 1
block 76 1
block 55 2
block 56 2
block 57 2
block 58 2
block 59 2
block 60 2
block 61 2
block 62 2
block 66 2
block 67 2
block 68 2
block 69 2
block 70 2
block 71 2
block 72 2
block 73 2
block 74 2
block 75 2
block 76 2
block 0 3
block 1 3
block 2 3
block 57 3
block 58 3
block 59 3
block 60 3
block 61 3
block 62 3
block 70 3
block 71 3
block 72 3
block 73 3
block 74 3
block 75 3
block 76 3
block 0 4
block 1 4
block 2 4
block 15 4
block 16 4
block 17 4
block 18 4
block 27 4
block 28 4
block 29 4
block 76 4
block 0 5
block 1 5
block 2 5
block 15 5
block 16 5
block 17 5
block 18 5
block 27 5
block 28 5
block 29 5
block 57 5
block 58 5
block 59 5
block 60 5
block 61 5
block 76 5
block 15 6
block 16 6
block 17 6
block 18 6
block 24 6
block 25 6
block 27 6
block 28 6
block 29 6
block 30 6
block 31 6
block 32 6
block 33 6
block 34 6
block 35 6
block 36 6
block 57 6
block 58 6
block 59 6
block 60 6
block 61 6
block 24 7
block 25 7
block 30 7
block 31 7
block 32 7
block 33 7
block 34 7
block 35 7
block 36 7
block 57 7
block 58 7
block 59 7
block 60 7
block 61 7
block 16 8
block 17 8
block 18 8
block 24 8
block 25 8
block 30 8
block 31 8
block 32 8
block 33 8
block 34 8
block 35 8
block 36 8
block 57 8
block 58 8
block 59 8
block 60 8
block 61 8
block 16 9
block 17 9
block 18 9
block 24 9
block 25 9
block 30 9
block 31 9
block 32 9
block 33 9
block 34 9
block 35 9
block 36 9
block 57 9
block 58 9
block 59 9
block 60 9
block 61 9
block 16 10
block 17 10
block 18 10
block 16 11
block 17 11
block 18 11
block 16 12
block 17 12
block 18 12
block 16 13
block 17 13
block 18 13
block 19 13
block 20 13
block 21 13
block 22 13
block 16 14
block 17 14
block 18 14
block 19 14
block 20 14
block 21 14
block 22 14
block 65 14
block 66 14
block 67 14
block 68 14
block 69 14
block 70 14
block 17 15
block 18 15
block 19 15
block 20 15
block 21 15
block 22 15
block 65 15
block 66 15
block 67 15
block 68 15
block 69 15
block 70 15
block 48 16
block 49 16
block 50 16
block 51 16
block 65 16
block 66 16
block 67 16
block 68 16
block 69 16
block 70 16
block 48 17
block 49 17
block 50 17
block 51 17
block 65 17
block 66 17
block 67 17
block 68 17
block 69 17
block 70 17
block 48 18
block 49 18
block 50 18
block 51 18
block 65 18
block 66 18
block 67 18
block 68 18
block 69 18
block 70 18
block 48 19
block 49 19
block 50 19
block 51 19
block 55 19
block 56 19
block 65 19
block 66 19
block 67 19
block 68 19
block 69 19
block 70 19
block 48 20
block 49 20
block 50 20
block 51 20
block 54 20
block 55 20
block 56 20
block 66 20
block 67 20
block 68 20
block 69 20
block 70 20
block 71 20
block 72 20
block 73 20
block 74 20
block 75 20
block 76 20
##BotsAndCoinsInfo
bot_name 0 starter-bot
bot 0 49 11
bot_coins 0 0
coin 29 12
coin 47 8
round 1
bot 0 49 12
round 2
bot 0 49 13
round 3
bot 0 49 14
round 4
bot 0 49 15
round 5
coin 41 17
coin 35 3
round 6
round 7
round 8
round 9
round 10
coin 47 4
coin 29 16
round 11
round 12
round 13
round 14
round 15
coin 1 17
coin 75 4
round 16
round 17
round 18
round 19
round 20
coin 76 17
coin 0 2
round 21
round 22
round 23
round 24
round 25
coin 66 11
coin 10 9
round 26
round 27
round 28
round 29
round 30
coin 35 0
coin 41 20
round 31
round 32
round 33
round 34
round 35
coin 57 17
coin 19 3
round 36
round 37
round 38
round 39
round 40
coin 70 12
coin 6 8
round 41
round 42
round 43
round 44
round 45
coin 1 2
coin 75 18
round 46
round 47
round 48
round 49
round 50
coin 54 2
coin 22 18
round 51
round 52
round 53
round 54
round 55
coin 37 9
coin 39 11
round 56
round 57
round 58
round 59
round 60
coin 56 9
coin 20 11
round 61
round 62
round 63
round 64
round 65
coin 21 10
coin 55 10
round 66
round 67
round 68
round 69
round 70
coin 4 12
coin 72 8
round 71
round 72
round 73
round 74
round 75
coin 33 5
coin 43 15
round 76
round 77
round 78
round 79
round 80
coin 23 17
coin 53 3
round 81
round 82
round 83
round 84
round 85
coin 10 11
coin 66 9
round 86
round 87
round 88
round 89
round 90
coin 54 19
coin 22 1
round 91
round 92
round 93
round 94
round 95
coin 21 6
coin 55 14
round 96
round 97
round 98
round 99
round 100
coin 13 19
coin 63 1
round 101
round 102
round 103
round 104
round 105
coin 56 7
coin 20 12
round 106
round 107
round 108
round 109
round 110
coin 10 0
coin 65 20
round 111
round 112
round 113
round 114
round 115
coin 34 2
coin 42 18
round 116
round 117
round 118
round 119
round 120
coin 62 10
coin 14 10
round 121
round 122
round 123
round 124
round 125
coin 26 14
coin 50 6
round 126
round 127
round 128
round 129
round 130
coin 30 1
coin 46 19
round 131
round 132
round 133
round 134
round 135
coin 2 7
coin 74 13
round 136
round 137
round 138
round 139
round 140
coin 0 7
coin 76 13
round 141
round 142
round 143
round 144
round 145
coin 71 4
coin 5 16
round 146
round 147
round 148
round 149
round 150
coin 56 5
coin 20 16
round 151
round 152
round 153
round 154
round 155
coin 4 16
coin 72 4
round 156
round 157
round 158
round 159
round 160
coin 15 2
coin 61 18
round 161
round 162
round 163
round 164
round 165
coin 26 4
coin 50 15
round 166
coin_collected 50 15 0
bot_coins 0 1
round 167
round 168
round 169
round 170
coin 34 12
coin 42 8
round 171
round 172
round 173
round 174
round 175
coin 38 8
coin 38 12
round 176
round 177
round 178
round 179
round 180
coin 46 7
coin 30 13
round 181
match_over 0
round 182
