match
match_id 1639175531452_fk
match_time 1639175531455
num_bots 1
##MatchConfig
mode FRIENDLY
num_rounds 200
random_seed 42
move_time_limit 1000
coin_spawn_period 5
coin_spawn_volume 2
##MapConfig
map_size 67 35
view_radius 6
mining_radius 2
attack_radius 3
block 28 0
block 29 0
block 28 1
block 29 1
block 30 1
block 32 1
block 33 1
block 34 1
block 35 1
block 36 1
block 21 2
block 22 2
block 23 2
block 24 2
block 25 2
block 26 2
block 27 2
block 28 2
block 29 2
block 30 2
block 32 2
block 33 2
block 34 2
block 35 2
block 36 2
block 21 3
block 22 3
block 23 3
block 24 3
block 25 3
block 26 3
block 27 3
block 28 3
block 29 3
block 30 3
block 32 3
block 33 3
block 34 3
block 35 3
block 36 3
block 39 3
block 40 3
block 41 3
block 42 3
block 43 3
block 45 3
block 46 3
block 47 3
block 48 3
block 49 3
block 50 3
block 51 3
block 52 3
block 57 3
block 58 3
block 59 3
block 60 3
block 21 4
block 22 4
block 23 4
block 24 4
block 25 4
block 26 4
block 27 4
block 28 4
block 29 4
block 30 4
block 39 4
block 40 4
block 41 4
block 42 4
block 43 4
block 45 4
block 46 4
block 47 4
block 48 4
block 49 4
block 50 4
block 51 4
block 52 4
block 57 4
block 58 4
block 59 4
block 60 4
block 0 5
block 1 5
block 21 5
block 22 5
block 23 5
block 24 5
block 25 5
block 26 5
block 27 5
block 28 5
block 29 5
block 30 5
block 39 5
block 40 5
block 41 5
block 42 5
block 43 5
block 45 5
block 46 5
block 47 5
block 48 5
block 49 5
block 50 5
block 51 5
block 52 5
block 57 5
block 58 5
block 59 5
block 60 5
block 65 5
block 66 5
block 0 6
block 1 6
block 21 6
block 22 6
block 23 6
block 24 6
block 25 6
block 26 6
block 27 6
block 39 6
block 40 6
block 41 6
block 42 6
block 43 6
block 57 6
block 58 6
block 59 6
block 60 6
block 65 6
block 66 6
block 0 7
block 1 7
block 21 7
block 22 7
block 23 7
block 24 7
block 25 7
block 26 7
block 27 7
block 37 7
block 38 7
block 39 7
block 40 7
block 41 7
block 42 7
block 43 7
block 57 7
block 58 7
block 59 7
block 60 7
block 65 7
block 66 7
block 0 8
block 1 8
block 21 8
block 22 8
block 23 8
block 24 8
block 25 8
block 26 8
block 27 8
block 37 8
block 38 8
block 39 8
block 40 8
block 41 8
block 42 8
block 43 8
block 65 8
block 66 8
block 0 9
block 1 9
block 37 9
block 38 9
block 39 9
block 40 9
block 41 9
block 42 9
block 43 9
block 65 9
block 66 9
block 0 10
block 1 10
block 65 10
block 66 10
block 45 12
block 46 12
block 47 12
block 48 12
block 49 12
block 50 12
block 51 12
block 12 13
block 13 13
block 45 13
block 46 13
block 47 13
block 48 13
block 49 13
block 50 13
block 51 13
block 52 13
block 53 13
block 54 13
block 12 14
block 13 14
block 22 14
block 23 14
block 45 14
block 46 14
block 47 14
block 48 14
block 49 14
block 50 14
block 51 14
block 52 14
block 53 14
block 54 14
block 12 15
block 13 15
block 22 15
block 23 15
block 43 15
block 44 15
block 45 15
block 46 15
block 47 15
block 48 15
block 49 15
block 50 15
block 51 15
block 5 16
block 6 16
block 7 16
block 8 16
block 9 16
block 12 16
block 13 16
block 43 16
block 44 16
block 45 16
block 46 16
block 48 16
block 49 16
block 61 16
block 62 16
block 5 17
block 6 17
block 7 17
block 8 17
block 9 17
block 12 17
block 13 17
block 43 17
block 44 17
block 45 17
block 46 17
block 48 17
block 49 17
block 50 17
block 51 17
block 52 17
block 53 17
block 54 17
block 61 17
block 62 17
block 5 18
block 6 18
block 7 18
block 8 18
block 9 18
block 12 18
block 13 18
block 43 18
block 44 18
block 45 18
block 46 18
block 48 18
block 49 18
block 50 18
block 51 18
block 52 18
block 53 18
block 54 18
block 5 19
block 6 19
block 7 19
block 8 19
block 9 19
block 24 19
block 25 19
block 43 19
block 44 19
block 45 19
block 46 19
block 48 19
block 49 19
block 50 19
block 51 19
block 52 19
block 53 19
block 54 19
block 5 20
block 6 20
block 7 20
block 8 20
block 9 20
block 24 20
block 25 20
block 48 20
block 49 20
block 50 20
block 51 20
block 52 20
block 53 20
block 54 20
block 17 21
block 18 21
block 19 21
block 20 21
block 48 21
block 49 21
block 50 21
block 51 21
block 52 21
block 53 21
block 0 22
block 17 22
block 18 22
block 19 22
block 20 22
block 50 22
block 51 22
block 52 22
block 53 22
block 62 22
block 63 22
block 64 22
block 65 22
block 66 22
block 0 23
block 17 23
block 18 23
block 19 23
block 20 23
block 50 23
block 51 23
block 52 23
block 53 23
block 62 23
block 63 23
block 64 23
block 65 23
block 66 23
block 0 24
block 17 24
block 18 24
block 19 24
block 20 24
block 50 24
block 51 24
block 52 24
block 53 24
block 62 24
block 63 24
block 64 24
block 65 24
block 66 24
block 0 25
block 17 25
block 18 25
block 19 25
block 20 25
block 26 25
block 27 25
block 28 25
block 62 25
block 63 25
block 64 25
block 65 25
block 66 25
block 0 26
block 17 26
block 18 26
block 19 26
block 20 26
block 26 26
block 27 26
block 28 26
block 62 26
block 63 26
block 64 26
block 65 26
block 66 26
block 0 27
block 9 27
block 10 27
block 11 27
block 12 27
block 13 27
block 14 27
block 15 27
block 26 27
block 27 27
block 28 27
block 62 27
block 63 27
block 64 27
block 65 27
block 66 27
block 9 28
block 10 28
block 11 28
block 12 28
block 13 28
block 14 28
block 15 28
block 26 28
block 27 28
block 28 28
block 8 29
block 9 29
block 10 29
block 11 29
block 12 29
block 13 29
block 14 29
block 15 29
block 26 29
block 27 29
block 28 29
block 0 30
block 1 30
block 2 30
block 3 30
block 4 30
block 8 30
block 9 30
block 65 30
block 66 30
block 0 31
block 1 31
block 2 31
block 3 31
block 4 31
block 8 31
block 9 31
block 65 31
block 66 31
block 28 34
block 29 34
##BotsAndCoinsInfo
bot_name 0 starter-bot
bot 0 2 18
bot_coins 0 0
coin 41 33
coin 25 1
round 1
bot 0 2 19
round 2
bot 0 2 20
round 3
bot 0 2 21
round 4
bot 0 2 22
round 5
bot 0 2 23
coin 23 24
coin 43 10
round 6
bot 0 2 24
round 7
bot 0 2 25
round 8
bot 0 2 26
round 9
bot 0 2 27
round 10
bot 0 2 28
coin 12 25
coin 54 9
round 11
bot 0 2 29
round 12
round 13
round 14
round 15
coin 66 3
coin 0 32
round 16
round 17
round 18
round 19
round 20
coin 62 3
coin 4 32
round 21
round 22
round 23
round 24
round 25
coin 21 32
coin 45 2
round 26
round 27
round 28
round 29
round 30
coin 2 7
coin 64 28
round 31
round 32
round 33
round 34
round 35
coin 51 16
coin 15 18
round 36
round 37
round 38
round 39
round 40
coin 49 6
coin 17 28
round 41
round 42
round 43
round 44
round 45
coin 22 9
coin 44 25
round 46
round 47
round 48
round 49
round 50
coin 36 8
coin 30 26
round 51
round 52
round 53
round 54
round 55
coin 24 23
coin 42 11
round 56
round 57
round 58
round 59
round 60
coin 47 16
coin 19 18
round 61
round 62
round 63
round 64
round 65
coin 17 3
coin 49 31
round 66
round 67
round 68
round 69
round 70
coin 9 26
coin 57 8
round 71
round 72
round 73
round 74
round 75
coin 30 6
coin 36 28
round 76
round 77
round 78
round 79
round 80
coin 7 10
coin 59 24
round 81
round 82
round 83
round 84
round 85
coin 66 32
coin 0 2
round 86
round 87
round 88
round 89
round 90
coin 36 33
coin 30 0
round 91
round 92
round 93
round 94
round 95
coin 40 34
coin 26 0
round 96
round 97
round 98
round 99
round 100
coin 34 5
coin 32 29
round 101
round 102
round 103
round 104
round 105
coin 29 7
coin 37 27
round 106
round 107
round 108
round 109
round 110
coin 57 14
coin 10 20
round 111
round 112
round 113
round 114
round 115
coin 59 30
coin 7 4
round 116
round 117
round 118
round 119
round 120
coin 18 3
coin 48 31
round 121
round 122
round 123
round 124
round 125
coin 44 0
coin 22 34
round 126
round 127
round 128
round 129
round 130
coin 17 1
coin 49 33
round 131
round 132
round 133
round 134
round 135
coin 54 0
coin 12 34
round 136
round 137
round 138
round 139
round 140
coin 52 15
coin 14 19
round 141
round 142
round 143
round 144
round 145
coin 31 3
coin 35 31
round 146
round 147
round 148
round 149
round 150
coin 40 19
coin 26 15
round 151
round 152
round 153
round 154
round 155
coin 28 16
coin 38 18
round 156
round 157
round 158
round 159
round 160
coin 57 9
coin 9 25
round 161
round 162
round 163
round 164
round 165
coin 65 4
coin 1 29
round 166
coin_collected 1 29 0
bot_coins 0 1
round 167
round 168
round 169
round 170
coin 66 19
coin 0 15
round 171
round 172
round 173
round 174
round 175
coin 31 1
coin 35 33
round 176
round 177
round 178
round 179
round 180
coin 24 14
coin 42 20
round 181
round 182
round 183
round 184
round 185
coin 55 33
coin 11 1
round 186
round 187
round 188
round 189
round 190
coin 11 0
coin 55 34
round 191
round 192
round 193
round 194
round 195
coin 23 28
coin 44 6
round 196
round 197
round 198
round 199
round 200
coin 31 29
coin 35 5
match_over 0
