match
match_id 1639215237501_mj
match_time 1639215237503
num_bots 1
##MatchConfig
mode FRIENDLY
num_rounds 200
random_seed 42
move_time_limit 1000
coin_spawn_period 5
coin_spawn_volume 2
##MapConfig
map_size 61 26
view_radius 6
mining_radius 2
attack_radius 4
block 14 0
block 15 0
block 16 0
block 17 0
block 18 0
block 19 0
block 25 0
block 26 0
block 27 0
block 28 0
block 29 0
block 14 1
block 15 1
block 16 1
block 17 1
block 18 1
block 19 1
block 12 2
block 13 2
block 14 2
block 15 2
block 16 2
block 17 2
block 18 2
block 19 2
block 28 2
block 29 2
block 30 2
block 31 2
block 32 2
block 12 3
block 13 3
block 14 3
block 17 3
block 18 3
block 19 3
block 28 3
block 29 3
block 30 3
block 31 3
block 32 3
block 54 3
block 55 3
block 56 3
block 57 3
block 58 3
block 59 3
block 17 4
block 18 4
block 19 4
block 28 4
block 29 4
block 30 4
block 31 4
block 32 4
block 54 4
block 55 4
block 56 4
block 57 4
block 58 4
block 59 4
block 5 5
block 6 5
block 7 5
block 8 5
block 17 5
block 18 5
block 19 5
block 28 5
block 29 5
block 30 5
block 31 5
block 32 5
block 54 5
block 55 5
block 56 5
block 57 5
block 58 5
block 59 5
block 5 6
block 6 6
block 7 6
block 8 6
block 17 6
block 18 6
block 19 6
block 28 6
block 29 6
block 30 6
block 31 6
block 32 6
block 54 6
block 55 6
block 56 6
block 57 6
block 58 6
block 59 6
block 5 7
block 6 7
block 7 7
block 8 7
block 25 7
block 26 7
block 27 7
block 28 7
block 29 7
block 30 7
block 31 7
block 32 7
block 54 7
block 55 7
block 56 7
block 57 7
block 58 7
block 59 7
block 5 8
block 6 8
block 7 8
block 8 8
block 25 8
block 26 8
block 27 8
block 28 8
block 29 8
block 30 8
block 31 8
block 54 8
block 55 8
block 56 8
block 57 8
block 58 8
block 59 8
block 5 9
block 6 9
block 7 9
block 8 9
block 25 9
block 26 9
block 27 9
block 28 9
block 29 9
block 30 9
block 31 9
block 5 10
block 6 10
block 7 10
block 8 10
block 36 10
block 37 10
block 38 10
block 39 10
block 40 10
block 36 11
block 37 11
block 38 11
block 39 11
block 40 11
block 29 12
block 30 12
block 31 12
block 32 12
block 33 12
block 34 12
block 35 12
block 0 13
block 1 13
block 29 13
block 30 13
block 31 13
block 32 13
block 33 13
block 34 13
block 35 13
block 57 13
block 58 13
block 59 13
block 60 13
block 0 14
block 1 14
block 2 14
block 3 14
block 4 14
block 29 14
block 30 14
block 31 14
block 32 14
block 33 14
block 34 14
block 35 14
block 57 14
block 58 14
block 59 14
block 60 14
block 0 15
block 1 15
block 2 15
block 3 15
block 4 15
block 29 15
block 30 15
block 31 15
block 32 15
block 33 15
block 34 15
block 35 15
block 60 15
block 0 16
block 1 16
block 2 16
block 3 16
block 4 16
block 29 16
block 30 16
block 31 16
block 32 16
block 33 16
block 34 16
block 35 16
block 60 16
block 29 17
block 30 17
block 31 17
block 32 17
block 33 17
block 34 17
block 35 17
block 11 19
block 12 19
block 13 19
block 14 19
block 20 19
block 21 19
block 22 19
block 58 19
block 59 19
block 11 20
block 12 20
block 13 20
block 14 20
block 20 20
block 21 20
block 22 20
block 25 20
block 26 20
block 27 20
block 28 20
block 29 20
block 42 20
block 43 20
block 44 20
block 45 20
block 46 20
block 47 20
block 58 20
block 59 20
block 11 21
block 12 21
block 13 21
block 14 21
block 20 21
block 21 21
block 22 21
block 25 21
block 26 21
block 27 21
block 28 21
block 29 21
block 42 21
block 43 21
block 44 21
block 45 21
block 46 21
block 47 21
block 58 21
block 59 21
block 11 22
block 12 22
block 13 22
block 14 22
block 20 22
block 21 22
block 22 22
block 25 22
block 26 22
block 27 22
block 28 22
block 29 22
block 42 22
block 43 22
block 44 22
block 45 22
block 46 22
block 47 22
block 48 22
block 49 22
block 50 22
block 51 22
block 52 22
block 58 22
block 59 22
block 11 23
block 12 23
block 13 23
block 14 23
block 20 23
block 21 23
block 22 23
block 25 23
block 26 23
block 27 23
block 28 23
block 29 23
block 47 23
block 48 23
block 49 23
block 50 23
block 51 23
block 52 23
block 58 23
block 59 23
block 11 24
block 12 24
block 13 24
block 14 24
block 20 24
block 21 24
block 22 24
block 25 24
block 26 24
block 27 24
block 28 24
block 29 24
block 47 24
block 48 24
block 49 24
block 50 24
block 51 24
block 52 24
block 58 24
block 59 24
block 25 25
block 26 25
block 27 25
block 28 25
block 29 25
##BotsAndCoinsInfo
bot_name 0 starter-bot
bot 0 25 13
bot_coins 0 0
coin 4 7
coin 56 18
round 1
bot 0 25 14
round 2
bot 0 25 15
round 3
bot 0 25 16
round 4
bot 0 25 17
round 5
bot 0 25 18
coin 25 12
coin 36 13
round 6
bot 0 25 19
round 7
round 8
round 9
round 10
coin 10 17
coin 50 8
round 11
round 12
round 13
round 14
round 15
coin 55 16
coin 4 9
round 16
round 17
round 18
round 19
round 20
coin 21 15
coin 39 9
round 21
round 22
round 23
round 24
round 25
coin 38 0
coin 22 25
round 26
round 27
round 28
round 29
round 30
coin 23 6
coin 37 19
round 31
round 32
round 33
round 34
round 35
coin 22 4
coin 38 21
round 36
round 37
round 38
round 39
round 40
coin 35 8
coin 25 17
round 41
coin_collected 25 17 0
bot_coins 0 1
round 42
round 43
round 44
round 45
coin 41 25
coin 20 0
round 46
round 47
round 48
round 49
round 50
coin 7 17
coin 53 8
round 51
round 52
round 53
round 54
round 55
coin 55 17
coin 4 8
round 56
round 57
round 58
round 59
round 60
coin 19 21
coin 41 4
round 61
round 62
round 63
round 64
round 65
coin 19 7
coin 41 18
round 66
round 67
round 68
round 69
round 70
coin 20 25
coin 40 0
round 71
round 72
round 73
round 74
round 75
coin 50 10
coin 10 15
round 76
round 77
round 78
round 79
round 80
coin 57 9
coin 3 17
round 81
round 82
round 83
round 84
round 85
coin 38 22
coin 22 3
round 86
round 87
round 88
round 89
round 90
match_over 0
coin 20 11
coin 40 14
round 91
