match
match_id 1639213608718_kn
match_time 1639213608720
num_bots 1
##MatchConfig
mode FRIENDLY
num_rounds 200
random_seed 42
move_time_limit 1000
coin_spawn_period 5
coin_spawn_volume 2
##MapConfig
map_size 76 23
view_radius 6
mining_radius 1
attack_radius 3
block 0 0
block 1 0
block 2 0
block 3 0
block 4 0
block 25 0
block 26 0
block 27 0
block 28 0
block 29 0
block 38 0
block 39 0
block 47 0
block 48 0
block 49 0
block 64 0
block 65 0
block 66 0
block 69 0
block 70 0
block 71 0
block 72 0
block 73 0
block 74 0
block 75 0
block 0 1
block 1 1
block 2 1
block 3 1
block 4 1
block 5 1
block 6 1
block 7 1
block 8 1
block 9 1
block 38 1
block 39 1
block 47 1
block 48 1
block 49 1
block 64 1
block 65 1
block 66 1
block 69 1
block 70 1
block 71 1
block 4 2
block 5 2
block 6 2
block 7 2
block 8 2
block 9 2
block 47 2
block 48 2
block 49 2
block 62 2
block 63 2
block 64 2
block 65 2
block 66 2
block 69 2
block 70 2
block 71 2
block 4 3
block 5 3
block 6 3
block 7 3
block 8 3
block 9 3
block 12 3
block 13 3
block 14 3
block 15 3
block 47 3
block 48 3
block 49 3
block 56 3
block 57 3
block 58 3
block 62 3
block 63 3
block 64 3
block 65 3
block 66 3
block 69 3
block 70 3
block 71 3
block 4 4
block 5 4
block 6 4
block 7 4
block 8 4
block 9 4
block 12 4
block 13 4
block 14 4
block 15 4
block 47 4
block 48 4
block 49 4
block 56 4
block 57 4
block 58 4
block 62 4
block 63 4
block 64 4
block 65 4
block 69 4
block 70 4
block 71 4
block 5 5
block 6 5
block 12 5
block 13 5
block 14 5
block 15 5
block 47 5
block 48 5
block 49 5
block 56 5
block 57 5
block 58 5
block 62 5
block 63 5
block 64 5
block 65 5
block 5 6
block 6 6
block 8 6
block 9 6
block 10 6
block 11 6
block 12 6
block 13 6
block 14 6
block 15 6
block 56 6
block 57 6
block 58 6
block 62 6
block 63 6
block 64 6
block 65 6
block 5 7
block 6 7
block 8 7
block 9 7
block 10 7
block 11 7
block 12 7
block 13 7
block 14 7
block 15 7
block 27 7
block 28 7
block 39 7
block 40 7
block 41 7
block 42 7
block 62 7
block 63 7
block 64 7
block 65 7
block 8 8
block 9 8
block 10 8
block 11 8
block 12 8
block 13 8
block 14 8
block 15 8
block 27 8
block 28 8
block 39 8
block 40 8
block 41 8
block 42 8
block 0 9
block 1 9
block 8 9
block 9 9
block 10 9
block 11 9
block 12 9
block 13 9
block 39 9
block 40 9
block 41 9
block 42 9
block 43 9
block 44 9
block 45 9
block 74 9
block 75 9
block 0 10
block 1 10
block 8 10
block 9 10
block 10 10
block 11 10
block 12 10
block 13 10
block 39 10
block 40 10
block 41 10
block 42 10
block 43 10
block 44 10
block 45 10
block 74 10
block 75 10
block 0 11
block 1 11
block 8 11
block 9 11
block 10 11
block 11 11
block 12 11
block 13 11
block 39 11
block 40 11
block 41 11
block 42 11
block 43 11
block 44 11
block 45 11
block 74 11
block 75 11
block 0 12
block 1 12
block 39 12
block 40 12
block 41 12
block 42 12
block 43 12
block 44 12
block 45 12
block 49 12
block 50 12
block 51 12
block 52 12
block 53 12
block 74 12
block 75 12
block 0 13
block 1 13
block 8 13
block 9 13
block 10 13
block 11 13
block 12 13
block 13 13
block 14 13
block 43 13
block 44 13
block 45 13
block 49 13
block 50 13
block 51 13
block 52 13
block 53 13
block 60 13
block 61 13
block 74 13
block 75 13
block 7 14
block 8 14
block 9 14
block 10 14
block 11 14
block 12 14
block 13 14
block 14 14
block 43 14
block 44 14
block 45 14
block 49 14
block 50 14
block 51 14
block 52 14
block 53 14
block 60 14
block 61 14
block 7 15
block 8 15
block 9 15
block 10 15
block 11 15
block 12 15
block 13 15
block 14 15
block 49 15
block 50 15
block 51 15
block 52 15
block 53 15
block 60 15
block 61 15
block 7 16
block 8 16
block 9 16
block 10 16
block 11 16
block 12 16
block 13 16
block 14 16
block 60 16
block 61 16
block 22 17
block 23 17
block 25 17
block 26 17
block 27 17
block 28 17
block 29 17
block 60 17
block 61 17
block 4 18
block 5 18
block 6 18
block 22 18
block 23 18
block 25 18
block 26 18
block 27 18
block 28 18
block 29 18
block 0 19
block 1 19
block 2 19
block 3 19
block 4 19
block 5 19
block 6 19
block 22 19
block 23 19
block 25 19
block 26 19
block 27 19
block 28 19
block 29 19
block 0 20
block 1 20
block 2 20
block 3 20
block 4 20
block 22 20
block 23 20
block 25 20
block 26 20
block 27 20
block 28 20
block 29 20
block 68 20
block 69 20
block 70 20
block 71 20
block 72 20
block 0 21
block 1 21
block 2 21
block 3 21
block 4 21
block 25 21
block 26 21
block 27 21
block 28 21
block 29 21
block 38 21
block 39 21
block 68 21
block 69 21
block 70 21
block 71 21
block 72 21
block 73 21
block 74 21
block 75 21
block 0 22
block 1 22
block 2 22
block 3 22
block 4 22
block 25 22
block 26 22
block 27 22
block 28 22
block 29 22
block 38 22
block 39 22
block 47 22
block 48 22
block 49 22
block 64 22
block 65 22
block 66 22
block 69 22
block 70 22
block 71 22
block 72 22
block 73 22
block 74 22
block 75 22
##BotsAndCoinsInfo
bot_name 0 starter-bot
bot 0 35 21
bot_coins 0 0
coin 26 4
coin 49 18
round 1
bot 0 35 22
round 2
round 3
round 4
round 5
coin 14 10
coin 61 12
round 6
round 7
round 8
round 9
bot 0 35 21
round 10
bot 0 35 20
coin 7 5
coin 68 17
round 11
bot 0 35 19
round 12
bot 0 35 18
round 13
round 14
round 15
match_over 0
coin 24 20
coin 51 2
round 16
