match
match_id 1639181438695_jr
match_time 1639181438699
num_bots 1
##MatchConfig
mode FRIENDLY
num_rounds 200
random_seed 42
move_time_limit 1000
coin_spawn_period 5
coin_spawn_volume 2
##MapConfig
map_size 76 39
view_radius 6
mining_radius 2
attack_radius 3
block 7 0
block 8 0
block 9 0
block 10 0
block 11 0
block 7 1
block 8 1
block 9 1
block 10 1
block 11 1
block 10 2
block 11 2
block 10 3
block 11 3
block 9 4
block 10 4
block 11 4
block 12 4
block 13 4
block 14 4
block 9 5
block 10 5
block 11 5
block 12 5
block 13 5
block 14 5
block 45 7
block 46 7
block 45 8
block 46 8
block 33 9
block 34 9
block 35 9
block 36 9
block 37 9
block 38 9
block 45 9
block 46 9
block 17 10
block 18 10
block 33 10
block 34 10
block 35 10
block 36 10
block 37 10
block 38 10
block 45 10
block 46 10
block 10 11
block 11 11
block 12 11
block 17 11
block 18 11
block 33 11
block 34 11
block 35 11
block 36 11
block 37 11
block 38 11
block 44 11
block 45 11
block 46 11
block 47 11
block 48 11
block 49 11
block 10 12
block 11 12
block 12 12
block 17 12
block 18 12
block 33 12
block 34 12
block 35 12
block 36 12
block 37 12
block 38 12
block 44 12
block 45 12
block 46 12
block 47 12
block 48 12
block 49 12
block 10 13
block 11 13
block 12 13
block 17 13
block 18 13
block 44 13
block 45 13
block 46 13
block 47 13
block 48 13
block 49 13
block 17 14
block 18 14
block 42 14
block 43 14
block 44 14
block 45 14
block 46 14
block 47 14
block 48 14
block 49 14
block 42 15
block 43 15
block 44 15
block 45 15
block 46 15
block 47 15
block 48 15
block 49 15
block 33 16
block 34 16
block 35 16
block 36 16
block 42 16
block 43 16
block 44 16
block 45 16
block 46 16
block 47 16
block 48 16
block 49 16
block 33 17
block 34 17
block 35 17
block 36 17
block 42 17
block 43 17
block 44 17
block 45 17
block 46 17
block 47 17
block 48 17
block 49 17
block 33 18
block 34 18
block 35 18
block 36 18
block 42 18
block 43 18
block 44 18
block 45 18
block 46 18
block 47 18
block 48 18
block 33 19
block 34 19
block 35 19
block 36 19
block 56 19
block 57 19
block 58 19
block 59 19
block 60 19
block 61 19
block 33 20
block 34 20
block 35 20
block 36 20
block 50 20
block 51 20
block 52 20
block 56 20
block 57 20
block 58 20
block 59 20
block 60 20
block 61 20
block 50 21
block 51 21
block 52 21
block 56 21
block 57 21
block 58 21
block 59 21
block 60 21
block 61 21
block 50 22
block 51 22
block 52 22
block 56 22
block 57 22
block 58 22
block 59 22
block 60 22
block 61 22
block 50 23
block 51 23
block 52 23
block 50 24
block 51 24
block 52 24
block 50 25
block 51 25
block 52 25
block 66 25
block 67 25
block 68 25
block 69 25
block 70 25
block 71 25
block 72 25
block 66 26
block 67 26
block 68 26
block 69 26
block 70 26
block 71 26
block 72 26
block 21 27
block 22 27
block 23 27
block 24 27
block 25 27
block 26 27
block 27 27
block 66 27
block 67 27
block 68 27
block 69 27
block 70 27
block 71 27
block 72 27
block 21 28
block 22 28
block 23 28
block 24 28
block 25 28
block 26 28
block 27 28
block 66 28
block 67 28
block 68 28
block 69 28
block 70 28
block 71 28
block 72 28
block 21 29
block 22 29
block 23 29
block 24 29
block 25 29
block 26 29
block 27 29
block 66 29
block 67 29
block 68 29
block 69 29
block 70 29
block 71 29
block 72 29
block 15 30
block 16 30
block 21 30
block 22 30
block 23 30
block 24 30
block 25 30
block 26 30
block 27 30
block 15 31
block 16 31
block 17 31
block 18 31
block 19 31
block 20 31
block 21 31
block 22 31
block 23 31
block 24 31
block 25 31
block 26 31
block 27 31
block 15 32
block 16 32
block 17 32
block 18 32
block 19 32
block 20 32
block 21 32
block 22 32
block 23 32
block 24 32
block 25 32
block 26 32
block 27 32
block 15 33
block 16 33
block 17 33
block 18 33
block 19 33
block 20 33
block 21 33
block 15 34
block 16 34
block 17 34
block 18 34
block 19 34
block 20 34
block 21 34
block 65 34
block 66 34
block 67 34
block 7 35
block 8 35
block 9 35
block 10 35
block 11 35
block 15 35
block 16 35
block 65 35
block 66 35
block 67 35
block 7 36
block 8 36
block 9 36
block 10 36
block 11 36
block 13 36
block 14 36
block 15 36
block 16 36
block 17 36
block 65 36
block 66 36
block 67 36
block 7 37
block 8 37
block 9 37
block 10 37
block 11 37
block 13 37
block 14 37
block 15 37
block 16 37
block 17 37
block 7 38
block 8 38
block 9 38
block 10 38
block 11 38
block 13 38
block 14 38
block 15 38
block 16 38
block 17 38
##BotsAndCoinsInfo
bot_name 0 starter-bot
bot 0 5 3
bot_coins 0 0
coin 26 33
coin 49 5
round 1
bot 0 5 4
round 2
bot 0 5 5
round 3
bot 0 5 6
round 4
bot 0 5 7
round 5
bot 0 5 8
coin 12 38
coin 63 0
round 6
bot 0 5 9
round 7
bot 0 5 10
round 8
bot 0 5 11
round 9
bot 0 5 12
round 10
bot 0 5 13
coin 6 4
coin 69 34
round 11
bot 0 5 14
round 12
bot 0 5 15
round 13
bot 0 5 16
round 14
bot 0 5 17
round 15
bot 0 5 18
coin 25 26
coin 50 12
round 16
bot 0 5 19
round 17
bot 0 5 20
round 18
bot 0 5 21
round 19
bot 0 5 22
round 20
bot 0 5 23
coin 51 2
coin 24 36
round 21
bot 0 5 24
round 22
bot 0 5 25
round 23
bot 0 5 26
round 24
bot 0 5 27
round 25
bot 0 5 28
coin 42 26
coin 33 13
round 26
bot 0 5 29
round 27
bot 0 5 30
round 28
bot 0 5 31
round 29
bot 0 5 32
round 30
bot 0 5 33
coin 12 6
coin 63 32
round 31
bot 0 5 34
round 32
bot 0 5 35
round 33
bot 0 5 36
round 34
bot 0 5 37
round 35
bot 0 5 38
coin 64 17
coin 11 21
round 36
bot 0 4 37
round 37
bot 0 4 36
round 38
bot 0 4 35
round 39
bot 0 4 34
round 40
bot 0 4 33
coin 68 21
coin 7 17
round 41
bot 0 4 32
round 42
bot 0 4 31
round 43
bot 0 4 30
round 44
bot 0 4 29
round 45
bot 0 4 28
coin 12 37
coin 63 1
round 46
bot 0 4 27
round 47
bot 0 4 26
round 48
bot 0 4 25
round 49
bot 0 4 24
round 50
bot 0 4 23
coin 40 4
coin 35 34
round 51
bot 0 4 22
round 52
bot 0 4 21
round 53
bot 0 4 20
round 54
bot 0 4 19
round 55
bot 0 4 18
coin 54 30
coin 21 8
round 56
bot 0 4 17
round 57
bot 0 4 16
round 58
bot 0 4 15
round 59
bot 0 4 14
round 60
bot 0 4 13
coin 47 21
coin 28 17
round 61
bot 0 4 12
round 62
bot 0 4 11
round 63
bot 0 4 10
round 64
bot 0 4 9
round 65
bot 0 4 8
coin 6 19
coin 69 19
round 66
bot 0 4 7
round 67
bot 0 4 6
round 68
bot 0 4 5
round 69
bot 0 4 4
coin_collected 6 4 0
bot_coins 0 1
round 70
bot 0 4 3
coin 67 24
coin 8 14
round 71
bot 0 4 2
round 72
bot 0 4 1
round 73
bot 0 4 0
round 74
bot 0 3 1
round 75
bot 0 3 2
coin 38 36
coin 37 2
round 76
bot 0 3 3
round 77
bot 0 3 4
round 78
bot 0 3 5
round 79
bot 0 3 6
round 80
bot 0 3 7
coin 62 20
coin 13 18
round 81
bot 0 3 8
round 82
bot 0 3 9
round 83
bot 0 3 10
round 84
bot 0 3 11
round 85
bot 0 3 12
coin 25 8
coin 50 30
round 86
bot 0 3 13
round 87
bot 0 3 14
round 88
bot 0 3 15
round 89
bot 0 3 16
round 90
bot 0 3 17
coin 60 37
coin 15 1
round 91
bot 0 3 18
round 92
bot 0 3 19
round 93
bot 0 3 20
round 94
bot 0 3 21
round 95
bot 0 3 22
coin 1 36
coin 74 2
round 96
bot 0 3 23
round 97
bot 0 3 24
round 98
bot 0 3 25
round 99
bot 0 3 26
round 100
bot 0 3 27
coin 28 31
coin 47 7
round 101
bot 0 3 28
round 102
bot 0 3 29
round 103
bot 0 3 30
round 104
bot 0 3 31
round 105
bot 0 3 32
coin 75 16
coin 0 22
round 106
bot 0 3 33
round 107
bot 0 3 34
round 108
bot 0 3 35
round 109
bot 0 3 36
coin_collected 1 36 0
bot_coins 0 2
round 110
bot 0 3 37
coin 31 15
coin 44 23
round 111
bot 0 3 38
round 112
bot 0 2 37
round 113
bot 0 2 36
round 114
bot 0 2 35
round 115
bot 0 2 34
coin 63 8
coin 12 30
round 116
bot 0 2 33
round 117
bot 0 2 32
round 118
bot 0 2 31
round 119
bot 0 2 30
round 120
bot 0 2 29
coin 16 10
coin 59 28
round 121
bot 0 2 28
round 122
bot 0 2 27
round 123
bot 0 2 26
round 124
bot 0 2 25
round 125
bot 0 2 24
coin 53 5
coin 22 33
round 126
bot 0 2 23
round 127
bot 0 2 22
coin_collected 0 22 0
bot_coins 0 3
round 128
bot 0 2 21
round 129
bot 0 2 20
round 130
bot 0 2 19
coin 65 28
coin 10 10
round 131
bot 0 2 18
round 132
bot 0 2 17
round 133
bot 0 2 16
round 134
bot 0 2 15
round 135
bot 0 2 14
coin 4 16
coin 71 22
round 136
bot 0 2 13
round 137
bot 0 2 12
round 138
bot 0 2 11
round 139
bot 0 2 10
round 140
bot 0 2 9
coin 57 28
coin 19 10
round 141
bot 0 2 8
round 142
bot 0 2 7
round 143
bot 0 2 6
round 144
bot 0 2 5
round 145
bot 0 2 4
coin 45 27
coin 30 11
round 146
bot 0 2 3
round 147
bot 0 2 2
round 148
bot 0 2 1
round 149
bot 0 2 0
round 150
bot 0 1 1
coin 9 34
coin 66 4
round 151
bot 0 1 2
round 152
bot 0 1 3
round 153
bot 0 1 4
round 154
bot 0 1 5
round 155
bot 0 1 6
coin 0 22
coin 74 16
round 156
bot 0 1 7
round 157
bot 0 1 8
round 158
bot 0 1 9
round 159
bot 0 1 10
round 160
bot 0 1 11
coin 27 33
coin 48 5
round 161
bot 0 1 12
round 162
bot 0 1 13
round 163
bot 0 1 14
round 164
bot 0 1 15
round 165
bot 0 1 16
coin_collected 75 16 0
bot_coins 0 4
coin 58 28
coin 17 9
round 166
bot 0 1 17
round 167
bot 0 1 18
round 168
bot 0 1 19
round 169
bot 0 1 20
round 170
bot 0 1 21
coin_collected 0 22 0
bot_coins 0 5
coin 15 18
coin 60 18
round 171
bot 0 1 22
round 172
bot 0 1 23
round 173
bot 0 1 24
round 174
bot 0 1 25
round 175
bot 0 1 26
coin 34 8
coin 41 30
round 176
bot 0 1 27
round 177
bot 0 1 28
round 178
bot 0 1 29
round 179
bot 0 1 30
round 180
bot 0 1 31
coin 61 13
coin 14 25
round 181
bot 0 1 32
round 182
bot 0 1 33
round 183
bot 0 1 34
round 184
bot 0 1 35
round 185
bot 0 1 36
coin 55 20
coin 20 18
round 186
bot 0 1 37
round 187
bot 0 1 38
round 188
bot 0 0 37
round 189
bot 0 0 36
round 190
bot 0 0 35
coin 18 7
coin 57 31
round 191
bot 0 0 34
round 192
bot 0 0 33
round 193
bot 0 0 32
round 194
bot 0 0 31
round 195
bot 0 0 30
coin 45 21
coin 30 17
round 196
bot 0 0 29
round 197
bot 0 0 28
round 198
bot 0 0 27
round 199
bot 0 0 26
round 200
bot 0 0 25
coin 4 37
coin 71 1
match_over 0
