match
match_id 1639175943540_gk
match_time 1639175943541
num_bots 1
##MatchConfig
mode FRIENDLY
num_rounds 200
random_seed 42
move_time_limit 1000
coin_spawn_period 5
coin_spawn_volume 2
##MapConfig
map_size 52 29
view_radius 5
mining_radius 2
attack_radius 4
block 0 0
block 1 0
block 2 0
block 3 0
block 4 0
block 5 0
block 6 0
block 7 0
block 8 0
block 9 0
block 12 0
block 13 0
block 14 0
block 15 0
block 25 0
block 26 0
block 27 0
block 36 0
block 37 0
block 38 0
block 39 0
block 0 1
block 1 1
block 4 1
block 5 1
block 6 1
block 7 1
block 8 1
block 9 1
block 12 1
block 13 1
block 14 1
block 15 1
block 25 1
block 26 1
block 27 1
block 36 1
block 37 1
block 38 1
block 39 1
block 47 1
block 48 1
block 49 1
block 50 1
block 51 1
block 0 2
block 1 2
block 4 2
block 5 2
block 6 2
block 7 2
block 8 2
block 9 2
block 12 2
block 13 2
block 14 2
block 15 2
block 19 2
block 20 2
block 21 2
block 22 2
block 23 2
block 24 2
block 25 2
block 36 2
block 37 2
block 38 2
block 39 2
block 47 2
block 48 2
block 49 2
block 50 2
block 51 2
block 0 3
block 1 3
block 4 3
block 5 3
block 6 3
block 7 3
block 8 3
block 9 3
block 12 3
block 13 3
block 14 3
block 15 3
block 19 3
block 20 3
block 21 3
block 22 3
block 23 3
block 24 3
block 25 3
block 47 3
block 48 3
block 49 3
block 50 3
block 51 3
block 0 4
block 1 4
block 4 4
block 5 4
block 6 4
block 7 4
block 8 4
block 9 4
block 46 4
block 47 4
block 48 4
block 49 4
block 50 4
block 51 4
block 0 5
block 1 5
block 4 5
block 5 5
block 6 5
block 7 5
block 8 5
block 9 5
block 37 5
block 38 5
block 39 5
block 40 5
block 41 5
block 42 5
block 43 5
block 46 5
block 47 5
block 48 5
block 49 5
block 50 5
block 51 5
block 4 6
block 5 6
block 6 6
block 7 6
block 8 6
block 9 6
block 20 6
block 21 6
block 22 6
block 23 6
block 24 6
block 25 6
block 37 6
block 38 6
block 39 6
block 40 6
block 41 6
block 42 6
block 43 6
block 46 6
block 47 6
block 48 6
block 49 6
block 50 6
block 20 7
block 21 7
block 22 7
block 23 7
block 24 7
block 25 7
block 37 7
block 38 7
block 39 7
block 40 7
block 41 7
block 42 7
block 43 7
block 46 7
block 47 7
block 48 7
block 49 7
block 50 7
block 0 8
block 1 8
block 2 8
block 20 8
block 21 8
block 22 8
block 23 8
block 24 8
block 25 8
block 37 8
block 38 8
block 39 8
block 40 8
block 41 8
block 42 8
block 43 8
block 44 8
block 45 8
block 46 8
block 47 8
block 48 8
block 49 8
block 50 8
block 0 9
block 1 9
block 2 9
block 12 9
block 13 9
block 14 9
block 15 9
block 16 9
block 20 9
block 21 9
block 22 9
block 23 9
block 24 9
block 25 9
block 32 9
block 33 9
block 34 9
block 35 9
block 36 9
block 37 9
block 38 9
block 39 9
block 40 9
block 41 9
block 42 9
block 43 9
block 44 9
block 45 9
block 46 9
block 47 9
block 48 9
block 49 9
block 50 9
block 0 10
block 1 10
block 2 10
block 6 10
block 7 10
block 8 10
block 12 10
block 13 10
block 14 10
block 15 10
block 16 10
block 32 10
block 33 10
block 34 10
block 35 10
block 36 10
block 37 10
block 38 10
block 39 10
block 40 10
block 41 10
block 42 10
block 43 10
block 44 10
block 45 10
block 46 10
block 47 10
block 48 10
block 49 10
block 50 10
block 51 10
block 0 11
block 1 11
block 2 11
block 6 11
block 7 11
block 8 11
block 12 11
block 13 11
block 14 11
block 15 11
block 16 11
block 32 11
block 33 11
block 34 11
block 35 11
block 36 11
block 37 11
block 38 11
block 39 11
block 40 11
block 41 11
block 42 11
block 43 11
block 44 11
block 45 11
block 46 11
block 47 11
block 48 11
block 49 11
block 50 11
block 51 11
block 0 12
block 1 12
block 2 12
block 3 12
block 32 12
block 33 12
block 34 12
block 35 12
block 36 12
block 37 12
block 44 12
block 45 12
block 46 12
block 47 12
block 48 12
block 49 12
block 50 12
block 0 13
block 1 13
block 2 13
block 3 13
block 23 13
block 24 13
block 25 13
block 26 13
block 27 13
block 28 13
block 30 13
block 31 13
block 32 13
block 33 13
block 34 13
block 35 13
block 36 13
block 37 13
block 44 13
block 45 13
block 46 13
block 47 13
block 48 13
block 49 13
block 50 13
block 51 13
block 0 14
block 1 14
block 2 14
block 3 14
block 23 14
block 24 14
block 25 14
block 26 14
block 27 14
block 28 14
block 30 14
block 31 14
block 32 14
block 33 14
block 34 14
block 35 14
block 36 14
block 37 14
block 44 14
block 45 14
block 46 14
block 47 14
block 48 14
block 49 14
block 50 14
block 51 14
block 0 15
block 1 15
block 2 15
block 3 15
block 23 15
block 24 15
block 25 15
block 26 15
block 27 15
block 28 15
block 30 15
block 31 15
block 32 15
block 33 15
block 34 15
block 35 15
block 36 15
block 37 15
block 47 15
block 48 15
block 49 15
block 50 15
block 51 15
block 0 16
block 1 16
block 2 16
block 3 16
block 16 16
block 17 16
block 23 16
block 24 16
block 25 16
block 26 16
block 27 16
block 28 16
block 30 16
block 31 16
block 32 16
block 33 16
block 34 16
block 35 16
block 36 16
block 47 16
block 48 16
block 49 16
block 50 16
block 51 16
block 0 17
block 1 17
block 2 17
block 3 17
block 16 17
block 17 17
block 23 17
block 24 17
block 25 17
block 26 17
block 27 17
block 28 17
block 47 17
block 48 17
block 49 17
block 50 17
block 51 17
block 0 18
block 1 18
block 2 18
block 3 18
block 16 18
block 17 18
block 28 18
block 29 18
block 30 18
block 31 18
block 32 18
block 33 18
block 41 18
block 42 18
block 43 18
block 44 18
block 45 18
block 46 18
block 47 18
block 16 19
block 17 19
block 28 19
block 29 19
block 30 19
block 31 19
block 32 19
block 33 19
block 41 19
block 42 19
block 43 19
block 44 19
block 45 19
block 46 19
block 47 19
block 3 20
block 4 20
block 5 20
block 7 20
block 8 20
block 9 20
block 10 20
block 11 20
block 12 20
block 16 20
block 17 20
block 28 20
block 29 20
block 30 20
block 31 20
block 32 20
block 33 20
block 41 20
block 42 20
block 43 20
block 44 20
block 45 20
block 46 20
block 47 20
block 0 21
block 1 21
block 3 21
block 4 21
block 5 21
block 7 21
block 8 21
block 9 21
block 10 21
block 11 21
block 12 21
block 28 21
block 29 21
block 30 21
block 31 21
block 32 21
block 33 21
block 41 21
block 42 21
block 43 21
block 44 21
block 45 21
block 46 21
block 47 21
block 0 22
block 1 22
block 3 22
block 4 22
block 5 22
block 7 22
block 8 22
block 9 22
block 10 22
block 11 22
block 12 22
block 26 22
block 27 22
block 28 22
block 29 22
block 30 22
block 31 22
block 32 22
block 33 22
block 41 22
block 42 22
block 43 22
block 44 22
block 45 22
block 46 22
block 47 22
block 0 23
block 1 23
block 2 23
block 3 23
block 4 23
block 7 23
block 8 23
block 9 23
block 10 23
block 11 23
block 12 23
block 26 23
block 27 23
block 28 23
block 29 23
block 30 23
block 31 23
block 32 23
block 33 23
block 41 23
block 42 23
block 43 23
block 44 23
block 45 23
block 46 23
block 47 23
block 0 24
block 1 24
block 2 24
block 3 24
block 4 24
block 7 24
block 8 24
block 9 24
block 10 24
block 11 24
block 12 24
block 26 24
block 27 24
block 28 24
block 29 24
block 30 24
block 31 24
block 32 24
block 0 25
block 1 25
block 2 25
block 3 25
block 4 25
block 7 25
block 8 25
block 9 25
block 10 25
block 11 25
block 12 25
block 26 25
block 27 25
block 28 25
block 29 25
block 30 25
block 31 25
block 32 25
block 0 26
block 1 26
block 2 26
block 3 26
block 4 26
block 7 26
block 8 26
block 9 26
block 10 26
block 11 26
block 12 26
block 26 26
block 27 26
block 28 26
block 29 26
block 30 26
block 31 26
block 32 26
block 0 27
block 1 27
block 2 27
block 3 27
block 4 27
block 12 27
block 13 27
block 14 27
block 15 27
block 25 27
block 26 27
block 27 27
block 0 28
block 1 28
block 2 28
block 3 28
block 4 28
block 12 28
block 13 28
block 14 28
block 15 28
block 25 28
block 26 28
block 27 28
##BotsAndCoinsInfo
bot_name 0 starter-bot
bot 0 34 21
bot_coins 0 0
coin 26 9
coin 25 19
round 1
bot 0 34 22
round 2
bot 0 34 23
round 3
bot 0 34 24
round 4
bot 0 34 25
round 5
bot 0 34 26
coin 46 15
coin 5 13
round 6
bot 0 34 27
round 7
bot 0 34 28
round 8
bot 0 34 0
round 9
bot 0 33 28
round 10
bot 0 33 27
coin 25 23
coin 26 5
round 11
bot 0 33 26
round 12
bot 0 33 25
round 13
bot 0 33 24
round 14
round 15
coin 13 8
coin 38 20
round 16
round 17
round 18
round 19
round 20
coin 5 25
coin 46 3
round 21
round 22
round 23
round 24
round 25
coin 26 21
coin 26 7
round 26
round 27
round 28
round 29
round 30
coin 8 15
coin 43 13
round 31
round 32
round 33
round 34
round 35
coin 20 20
coin 31 8
round 36
round 37
round 38
round 39
round 40
coin 48 0
coin 3 1
round 41
round 42
round 43
round 44
round 45
coin 11 2
coin 40 26
round 46
round 47
round 48
round 49
round 50
coin 40 27
coin 11 1
round 51
round 52
round 53
round 54
round 55
coin 26 19
coin 25 10
round 56
round 57
round 58
round 59
round 60
coin 51 19
coin 51 9
round 61
round 62
round 63
round 64
round 65
coin 36 8
coin 15 20
round 66
round 67
round 68
round 69
round 70
coin 19 11
coin 32 17
round 71
round 72
round 73
round 74
round 75
coin 38 3
coin 13 25
round 76
round 77
round 78
round 79
round 80
coin 18 16
coin 31 12
round 81
round 82
round 83
round 84
round 85
coin 33 8
coin 18 20
round 86
round 87
round 88
round 89
round 90
coin 32 27
coin 19 1
round 91
round 92
round 93
round 94
round 95
coin 40 22
coin 11 6
round 96
round 97
round 98
round 99
round 100
coin 34 22
coin 17 6
round 101
round 102
round 103
round 104
round 105
coin 47 24
coin 3 4
round 106
round 107
round 108
round 109
round 110
coin 15 15
coin 38 13
round 111
round 112
round 113
round 114
round 115
coin 2 1
coin 49 27
round 116
round 117
round 118
round 119
round 120
coin 51 12
coin 51 18
round 121
round 122
round 123
round 124
round 125
coin 10 2
coin 41 26
round 126
round 127
match_over 0
round 128
