match
match_id 1639170117455_cp
match_time 1639170117457
num_bots 1
##MatchConfig
mode FRIENDLY
num_rounds 200
random_seed 42
move_time_limit 1000
coin_spawn_period 5
coin_spawn_volume 2
##MapConfig
map_size 55 33
view_radius 6
mining_radius 2
attack_radius 4
block 31 0
block 32 0
block 33 0
block 34 0
block 35 0
block 36 0
block 52 0
block 53 0
block 31 1
block 32 1
block 33 1
block 34 1
block 35 1
block 36 1
block 52 1
block 53 1
block 18 4
block 19 4
block 20 4
block 21 4
block 22 4
block 23 4
block 24 4
block 18 5
block 19 5
block 20 5
block 21 5
block 22 5
block 23 5
block 24 5
block 18 6
block 19 6
block 20 6
block 21 6
block 22 6
block 23 6
block 24 6
block 18 7
block 19 7
block 20 7
block 21 7
block 22 7
block 23 7
block 24 7
block 25 7
block 26 7
block 7 8
block 8 8
block 9 8
block 10 8
block 11 8
block 12 8
block 13 8
block 18 8
block 19 8
block 20 8
block 21 8
block 22 8
block 23 8
block 24 8
block 25 8
block 26 8
block 7 9
block 8 9
block 9 9
block 10 9
block 11 9
block 12 9
block 13 9
block 18 9
block 19 9
block 20 9
block 21 9
block 22 9
block 23 9
block 24 9
block 25 9
block 26 9
block 27 9
block 28 9
block 29 9
block 7 10
block 8 10
block 9 10
block 10 10
block 11 10
block 12 10
block 13 10
block 18 10
block 19 10
block 20 10
block 21 10
block 22 10
block 23 10
block 24 10
block 25 10
block 26 10
block 27 10
block 28 10
block 29 10
block 7 11
block 8 11
block 9 11
block 10 11
block 11 11
block 12 11
block 13 11
block 24 11
block 25 11
block 26 11
block 27 11
block 28 11
block 29 11
block 2 12
block 3 12
block 4 12
block 5 12
block 6 12
block 7 12
block 8 12
block 9 12
block 10 12
block 11 12
block 12 12
block 13 12
block 24 12
block 25 12
block 26 12
block 27 12
block 28 12
block 29 12
block 2 13
block 3 13
block 4 13
block 5 13
block 6 13
block 24 13
block 25 13
block 26 13
block 27 13
block 28 13
block 29 13
block 2 14
block 3 14
block 4 14
block 5 14
block 6 14
block 2 15
block 3 15
block 4 15
block 5 15
block 6 15
block 2 16
block 3 16
block 4 16
block 5 16
block 6 16
block 30 16
block 31 16
block 32 16
block 33 16
block 34 16
block 8 17
block 9 17
block 10 17
block 30 17
block 31 17
block 32 17
block 33 17
block 34 17
block 6 18
block 7 18
block 8 18
block 9 18
block 10 18
block 11 18
block 30 18
block 31 18
block 32 18
block 33 18
block 34 18
block 0 19
block 1 19
block 6 19
block 7 19
block 8 19
block 9 19
block 10 19
block 11 19
block 53 19
block 54 19
block 0 20
block 1 20
block 6 20
block 7 20
block 8 20
block 9 20
block 10 20
block 11 20
block 38 20
block 39 20
block 40 20
block 41 20
block 49 20
block 50 20
block 51 20
block 52 20
block 53 20
block 54 20
block 0 21
block 1 21
block 31 21
block 32 21
block 33 21
block 34 21
block 35 21
block 36 21
block 38 21
block 39 21
block 40 21
block 41 21
block 49 21
block 50 21
block 51 21
block 52 21
block 53 21
block 54 21
block 0 22
block 1 22
block 9 22
block 10 22
block 11 22
block 12 22
block 13 22
block 14 22
block 15 22
block 31 22
block 32 22
block 33 22
block 34 22
block 35 22
block 36 22
block 38 22
block 39 22
block 40 22
block 41 22
block 49 22
block 50 22
block 51 22
block 52 22
block 53 22
block 54 22
block 9 23
block 10 23
block 11 23
block 12 23
block 13 23
block 14 23
block 15 23
block 31 23
block 32 23
block 33 23
block 34 23
block 35 23
block 36 23
block 38 23
block 39 23
block 40 23
block 41 23
block 49 23
block 50 23
block 51 23
block 52 23
block 53 23
block 9 24
block 10 24
block 11 24
block 12 24
block 13 24
block 14 24
block 15 24
block 31 24
block 32 24
block 33 24
block 34 24
block 35 24
block 36 24
block 38 24
block 39 24
block 40 24
block 41 24
block 49 24
block 50 24
block 51 24
block 52 24
block 53 24
block 9 25
block 10 25
block 11 25
block 12 25
block 13 25
block 14 25
block 15 25
block 9 26
block 10 26
block 11 26
block 12 26
block 13 26
block 14 26
block 15 26
block 9 27
block 10 27
block 11 27
block 12 27
block 13 27
block 14 27
block 15 27
block 9 28
block 10 28
block 11 28
block 12 28
block 13 28
block 14 28
block 15 28
block 31 28
block 32 28
block 33 28
block 34 28
block 35 28
block 36 28
block 31 29
block 32 29
block 33 29
block 34 29
block 35 29
block 36 29
block 31 30
block 32 30
block 33 30
block 34 30
block 35 30
block 36 30
block 31 31
block 32 31
block 33 31
block 34 31
block 35 31
block 36 31
block 31 32
block 32 32
block 33 32
block 34 32
block 35 32
block 36 32
block 52 32
block 53 32
##BotsAndCoinsInfo
bot_name 0 starter-bot
bot 0 42 25
bot_coins 0 0
coin 40 15
coin 14 17
round 1
bot 0 42 26
round 2
bot 0 42 27
round 3
bot 0 42 28
round 4
bot 0 42 29
round 5
bot 0 42 30
coin 8 5
coin 46 27
round 6
bot 0 42 31
round 7
bot 0 42 32
round 8
bot 0 41 32
round 9
bot 0 41 31
round 10
bot 0 41 30
coin 25 19
coin 29 14
round 11
bot 0 41 29
round 12
bot 0 41 28
round 13
bot 0 41 27
round 14
bot 0 41 26
round 15
bot 0 41 25
coin 45 2
coin 9 30
round 16
round 17
round 18
round 19
round 20
coin 54 17
coin 0 15
round 21
round 22
round 23
round 24
round 25
coin 22 29
coin 32 3
round 26
round 27
round 28
round 29
round 30
coin 46 0
coin 8 32
round 31
round 32
round 33
round 34
round 35
coin 46 11
coin 8 21
round 36
round 37
round 38
round 39
round 40
coin 27 8
coin 27 24
round 41
round 42
round 43
round 44
round 45
coin 33 20
coin 21 12
round 46
round 47
round 48
round 49
round 50
coin 10 4
coin 44 28
round 51
round 52
round 53
round 54
round 55
coin 36 9
coin 18 23
round 56
round 57
round 58
round 59
round 60
coin 23 30
coin 31 2
round 61
round 62
round 63
round 64
round 65
coin 10 29
coin 44 3
round 66
round 67
round 68
round 69
round 70
coin 37 18
coin 17 14
round 71
round 72
round 73
round 74
round 75
coin 1 15
coin 53 17
round 76
round 77
round 78
round 79
round 80
coin 45 3
coin 9 29
round 81
round 82
round 83
round 84
round 85
coin 32 14
coin 22 18
round 86
round 87
round 88
round 89
round 90
coin 32 20
coin 22 12
round 91
round 92
round 93
round 94
round 95
coin 43 15
coin 11 17
round 96
round 97
round 98
round 99
round 100
coin 24 25
coin 30 7
round 101
round 102
round 103
round 104
round 105
coin 23 13
coin 31 19
round 106
round 107
round 108
round 109
round 110
coin 10 6
coin 44 26
round 111
round 112
round 113
round 114
round 115
coin 12 5
coin 42 27
round 116
round 117
round 118
round 119
round 120
coin 7 22
coin 47 10
round 121
round 122
round 123
round 124
round 125
coin 48 2
coin 6 30
round 126
round 127
round 128
round 129
round 130
coin 8 4
coin 46 28
round 131
round 132
round 133
round 134
round 135
coin 35 13
coin 19 19
round 136
round 137
round 138
round 139
round 140
coin 33 27
coin 21 3
round 141
round 142
round 143
round 144
round 145
coin 16 15
coin 38 17
round 146
round 147
round 148
round 149
round 150
coin 12 14
coin 42 18
round 151
round 152
round 153
round 154
round 155
coin 37 19
coin 17 13
round 156
round 157
round 158
round 159
round 160
coin 4 26
coin 50 6
round 161
round 162
round 163
round 164
round 165
coin 38 25
coin 16 7
round 166
round 167
round 168
round 169
round 170
coin 45 15
coin 9 16
round 171
round 172
round 173
round 174
round 175
coin 5 2
coin 49 30
round 176
round 177
round 178
round 179
round 180
coin 13 4
coin 41 28
round 181
round 182
round 183
round 184
round 185
coin 25 5
coin 29 27
round 186
round 187
round 188
round 189
round 190
coin 51 19
coin 1 13
round 191
round 192
round 193
round 194
round 195
coin 10 21
coin 44 11
round 196
round 197
round 198
round 199
round 200
coin 8 25
coin 46 7
match_over 0
