match
match_id 1639176894557_hi
match_time 1639176894559
num_bots 1
##MatchConfig
mode FRIENDLY
num_rounds 200
random_seed 42
move_time_limit 1000
coin_spawn_period 5
coin_spawn_volume 2
##MapConfig
map_size 64 22
view_radius 5
mining_radius 2
attack_radius 3
block 10 0
block 11 0
block 12 0
block 13 0
block 14 0
block 15 0
block 16 0
block 29 0
block 30 0
block 31 0
block 32 0
block 33 0
block 10 1
block 11 1
block 12 1
block 13 1
block 14 1
block 15 1
block 16 1
block 17 1
block 18 1
block 28 1
block 29 1
block 30 1
block 31 1
block 32 1
block 33 1
block 34 1
block 10 2
block 11 2
block 12 2
block 13 2
block 14 2
block 15 2
block 16 2
block 17 2
block 18 2
block 28 2
block 29 2
block 30 2
block 31 2
block 32 2
block 33 2
block 34 2
block 0 3
block 1 3
block 2 3
block 3 3
block 4 3
block 5 3
block 14 3
block 15 3
block 16 3
block 17 3
block 18 3
block 28 3
block 29 3
block 30 3
block 31 3
block 32 3
block 33 3
block 34 3
block 63 3
block 0 4
block 1 4
block 2 4
block 3 4
block 4 4
block 5 4
block 27 4
block 28 4
block 29 4
block 30 4
block 31 4
block 32 4
block 33 4
block 63 4
block 0 5
block 1 5
block 2 5
block 3 5
block 4 5
block 5 5
block 27 5
block 28 5
block 29 5
block 30 5
block 31 5
block 32 5
block 33 5
block 49 5
block 50 5
block 51 5
block 52 5
block 53 5
block 63 5
block 0 6
block 1 6
block 2 6
block 3 6
block 4 6
block 5 6
block 27 6
block 28 6
block 29 6
block 30 6
block 31 6
block 32 6
block 33 6
block 49 6
block 50 6
block 51 6
block 52 6
block 53 6
block 63 6
block 0 7
block 1 7
block 2 7
block 3 7
block 4 7
block 5 7
block 27 7
block 28 7
block 29 7
block 30 7
block 31 7
block 32 7
block 33 7
block 49 7
block 50 7
block 51 7
block 52 7
block 53 7
block 63 7
block 0 8
block 1 8
block 2 8
block 3 8
block 4 8
block 5 8
block 27 8
block 28 8
block 29 8
block 30 8
block 31 8
block 32 8
block 33 8
block 49 8
block 50 8
block 51 8
block 52 8
block 53 8
block 63 8
block 27 9
block 28 9
block 29 9
block 30 9
block 31 9
block 32 9
block 33 9
block 35 9
block 36 9
block 37 9
block 47 9
block 48 9
block 49 9
block 50 9
block 51 9
block 52 9
block 53 9
block 8 10
block 9 10
block 10 10
block 11 10
block 12 10
block 13 10
block 14 10
block 15 10
block 35 10
block 36 10
block 37 10
block 47 10
block 48 10
block 49 10
block 50 10
block 51 10
block 52 10
block 53 10
block 8 11
block 9 11
block 10 11
block 11 11
block 12 11
block 13 11
block 14 11
block 15 11
block 35 11
block 36 11
block 37 11
block 8 12
block 9 12
block 10 12
block 35 12
block 36 12
block 37 12
block 38 12
block 39 12
block 40 12
block 41 12
block 42 12
block 43 12
block 44 12
block 8 13
block 9 13
block 10 13
block 35 13
block 36 13
block 37 13
block 38 13
block 39 13
block 40 13
block 41 13
block 42 13
block 43 13
block 44 13
block 35 14
block 36 14
block 37 14
block 38 14
block 39 14
block 40 14
block 41 14
block 42 14
block 43 14
block 44 14
block 49 14
block 50 14
block 51 14
block 52 14
block 53 14
block 54 14
block 38 15
block 39 15
block 40 15
block 41 15
block 42 15
block 43 15
block 44 15
block 49 15
block 50 15
block 51 15
block 52 15
block 53 15
block 54 15
block 49 16
block 50 16
block 51 16
block 52 16
block 53 16
block 54 16
block 29 17
block 30 17
block 31 17
block 32 17
block 33 17
block 49 17
block 50 17
block 51 17
block 52 17
block 53 17
block 54 17
block 29 18
block 30 18
block 31 18
block 32 18
block 33 18
block 10 19
block 11 19
block 12 19
block 13 19
block 14 19
block 15 19
block 16 19
block 29 19
block 30 19
block 31 19
block 32 19
block 33 19
block 10 20
block 11 20
block 12 20
block 13 20
block 14 20
block 15 20
block 16 20
block 29 20
block 30 20
block 31 20
block 32 20
block 33 20
block 10 21
block 11 21
block 12 21
block 13 21
block 14 21
block 15 21
block 16 21
block 29 21
block 30 21
block 31 21
block 32 21
block 33 21
##BotsAndCoinsInfo
bot_name 0 starter-bot
bot 0 22 2
bot_coins 0 0
coin 46 15
coin 17 6
round 1
bot 0 22 3
round 2
bot 0 22 4
round 3
bot 0 22 5
round 4
bot 0 22 6
round 5
bot 0 22 7
coin 43 16
coin 20 5
round 6
bot 0 22 8
round 7
bot 0 22 9
round 8
bot 0 22 10
round 9
round 10
coin 19 19
coin 44 2
round 11
match_over 0
round 12
