match
match_id 1639177799791_hr
match_time 1639177799807
num_bots 1
##MatchConfig
mode FRIENDLY
num_rounds 200
random_seed 42
move_time_limit 1000
coin_spawn_period 5
coin_spawn_volume 2
##MapConfig
map_size 52 22
view_radius 6
mining_radius 1
attack_radius 3
block 45 0
block 46 0
block 47 0
block 48 0
block 49 0
block 50 0
block 0 1
block 45 1
block 46 1
block 47 1
block 48 1
block 49 1
block 50 1
block 51 1
block 0 2
block 1 2
block 2 2
block 3 2
block 4 2
block 5 2
block 6 2
block 45 2
block 46 2
block 47 2
block 48 2
block 49 2
block 50 2
block 51 2
block 0 3
block 1 3
block 2 3
block 3 3
block 4 3
block 5 3
block 6 3
block 45 3
block 46 3
block 47 3
block 48 3
block 49 3
block 50 3
block 51 3
block 0 4
block 1 4
block 2 4
block 3 4
block 4 4
block 5 4
block 6 4
block 7 4
block 8 4
block 9 4
block 15 4
block 16 4
block 17 4
block 18 4
block 19 4
block 39 4
block 40 4
block 41 4
block 42 4
block 43 4
block 44 4
block 46 4
block 47 4
block 48 4
block 49 4
block 50 4
block 51 4
block 0 5
block 1 5
block 2 5
block 3 5
block 4 5
block 5 5
block 6 5
block 7 5
block 8 5
block 9 5
block 15 5
block 16 5
block 17 5
block 18 5
block 19 5
block 39 5
block 40 5
block 41 5
block 42 5
block 43 5
block 44 5
block 46 5
block 47 5
block 48 5
block 49 5
block 50 5
block 51 5
block 0 6
block 1 6
block 2 6
block 3 6
block 4 6
block 5 6
block 6 6
block 7 6
block 8 6
block 9 6
block 15 6
block 16 6
block 17 6
block 18 6
block 19 6
block 31 6
block 32 6
block 33 6
block 34 6
block 39 6
block 40 6
block 41 6
block 42 6
block 43 6
block 44 6
block 0 7
block 1 7
block 2 7
block 3 7
block 4 7
block 5 7
block 6 7
block 31 7
block 32 7
block 33 7
block 34 7
block 39 7
block 40 7
block 41 7
block 42 7
block 43 7
block 44 7
block 0 8
block 1 8
block 2 8
block 3 8
block 4 8
block 5 8
block 6 8
block 17 8
block 18 8
block 19 8
block 27 8
block 28 8
block 29 8
block 30 8
block 31 8
block 32 8
block 33 8
block 34 8
block 39 8
block 40 8
block 41 8
block 42 8
block 43 8
block 44 8
block 1 9
block 2 9
block 17 9
block 18 9
block 19 9
block 27 9
block 28 9
block 29 9
block 30 9
block 31 9
block 32 9
block 33 9
block 34 9
block 12 10
block 13 10
block 17 10
block 18 10
block 19 10
block 31 10
block 32 10
block 33 10
block 34 10
block 5 11
block 6 11
block 7 11
block 8 11
block 9 11
block 12 11
block 13 11
block 31 11
block 32 11
block 33 11
block 34 11
block 5 12
block 6 12
block 7 12
block 8 12
block 9 12
block 12 12
block 13 12
block 43 12
block 44 12
block 45 12
block 5 13
block 6 13
block 7 13
block 8 13
block 9 13
block 12 13
block 13 13
block 35 13
block 36 13
block 37 13
block 38 13
block 39 13
block 43 13
block 44 13
block 45 13
block 5 14
block 6 14
block 7 14
block 8 14
block 9 14
block 12 14
block 13 14
block 35 14
block 36 14
block 37 14
block 38 14
block 39 14
block 43 14
block 44 14
block 45 14
block 12 15
block 13 15
block 43 15
block 44 15
block 45 15
block 12 16
block 13 16
block 14 16
block 15 16
block 16 16
block 17 16
block 18 16
block 30 16
block 31 16
block 32 16
block 33 16
block 34 16
block 35 16
block 43 16
block 44 16
block 45 16
block 5 17
block 6 17
block 12 17
block 13 17
block 14 17
block 15 17
block 16 17
block 17 17
block 18 17
block 30 17
block 31 17
block 32 17
block 33 17
block 34 17
block 35 17
block 5 18
block 6 18
block 12 18
block 13 18
block 14 18
block 15 18
block 16 18
block 17 18
block 18 18
block 30 18
block 31 18
block 32 18
block 33 18
block 34 18
block 35 18
block 5 19
block 6 19
block 12 19
block 13 19
block 14 19
block 15 19
block 16 19
block 17 19
block 18 19
block 30 19
block 31 19
block 32 19
block 33 19
block 34 19
block 35 19
block 46 19
block 47 19
block 48 19
block 49 19
block 50 19
block 5 20
block 6 20
block 12 20
block 13 20
block 14 20
block 15 20
block 16 20
block 17 20
block 46 20
block 47 20
block 48 20
block 49 20
block 50 20
block 46 21
block 47 21
block 48 21
block 49 21
block 50 21
##BotsAndCoinsInfo
bot_name 0 starter-bot
bot 0 44 0
bot_coins 0 0
coin 26 15
coin 25 6
round 1
bot 0 43 21
round 2
bot 0 43 20
round 3
bot 0 43 19
round 4
bot 0 43 18
round 5
bot 0 43 17
coin 48 16
coin 3 9
round 6
round 7
round 8
round 9
round 10
coin 26 19
coin 25 2
round 11
round 12
round 13
round 14
round 15
coin 13 2
coin 38 19
round 16
round 17
round 18
round 19
round 20
coin 3 17
coin 48 6
round 21
round 22
round 23
round 24
round 25
coin 26 18
coin 25 3
round 26
round 27
round 28
round 29
round 30
coin 8 0
coin 43 21
round 31
round 32
round 33
round 34
round 35
coin 20 0
coin 31 21
round 36
round 37
round 38
round 39
round 40
coin 48 18
coin 3 1
round 41
round 42
round 43
round 44
round 45
coin 11 9
coin 40 12
round 46
round 47
round 48
round 49
round 50
coin 40 15
coin 11 6
round 51
round 52
round 53
round 54
round 55
coin 26 9
coin 25 12
round 56
round 57
round 58
round 59
round 60
coin 51 19
coin 1 1
round 61
round 62
round 63
round 64
round 65
coin 38 6
coin 14 15
round 66
round 67
round 68
round 69
round 70
coin 19 18
coin 32 3
round 71
round 72
round 73
round 74
round 75
coin 38 4
coin 11 17
round 76
round 77
round 78
round 79
round 80
coin 18 13
coin 35 8
round 81
round 82
round 83
round 84
round 85
coin 33 3
coin 19 19
round 86
round 87
round 88
round 89
round 90
coin 32 12
coin 20 9
round 91
round 92
round 93
round 94
round 95
coin 41 3
coin 10 18
round 96
round 97
round 98
round 99
round 100
coin 31 3
coin 20 18
round 101
round 102
round 103
round 104
round 105
coin 47 13
coin 4 9
round 106
round 107
round 108
round 109
round 110
coin 15 7
coin 36 15
round 111
round 112
round 113
round 114
round 115
coin 51 6
coin 0 15
round 116
round 117
round 118
round 119
round 120
coin 1 11
coin 50 10
round 121
round 122
round 123
round 124
round 125
coin 9 2
coin 42 19
round 126
round 127
round 128
round 129
round 130
coin 42 3
coin 9 18
round 131
round 132
round 133
round 134
round 135
coin 40 2
coin 11 19
round 136
round 137
round 138
round 139
round 140
coin 25 17
coin 26 4
round 141
round 142
round 143
round 144
round 145
coin 49 15
coin 51 7
round 146
round 147
round 148
round 149
round 150
coin 44 3
coin 7 18
round 151
round 152
round 153
round 154
round 155
coin 32 20
coin 19 1
round 156
round 157
round 158
round 159
round 160
coin 50 6
coin 1 15
round 161
round 162
round 163
round 164
round 165
coin 45 4
coin 7 17
round 166
round 167
round 168
round 169
round 170
coin 35 15
coin 16 7
round 171
round 172
round 173
round 174
round 175
coin 4 13
coin 47 8
round 176
round 177
round 178
round 179
round 180
coin 14 14
coin 37 7
round 181
round 182
round 183
round 184
round 185
coin 13 5
coin 38 16
round 186
round 187
round 188
round 189
round 190
coin 42 9
coin 10 12
round 191
round 192
round 193
round 194
round 195
coin 29 21
coin 22 0
round 196
round 197
round 198
round 199
round 200
coin 40 14
coin 11 7
match_over 0
