match
match_id 1639178458311_ik
match_time 1639178458314
num_bots 1
##MatchConfig
mode FRIENDLY
num_rounds 200
random_seed 42
move_time_limit 1000
coin_spawn_period 5
coin_spawn_volume 2
##MapConfig
map_size 74 25
view_radius 5
mining_radius 2
attack_radius 4
block 4 0
block 5 0
block 6 0
block 7 0
block 8 0
block 9 0
block 29 0
block 30 0
block 31 0
block 32 0
block 33 0
block 34 0
block 41 0
block 42 0
block 49 0
block 50 0
block 51 0
block 52 0
block 53 0
block 54 0
block 55 0
block 4 1
block 5 1
block 6 1
block 7 1
block 8 1
block 9 1
block 15 1
block 16 1
block 17 1
block 18 1
block 19 1
block 53 1
block 54 1
block 55 1
block 60 1
block 61 1
block 62 1
block 63 1
block 4 2
block 5 2
block 6 2
block 7 2
block 8 2
block 9 2
block 15 2
block 16 2
block 17 2
block 18 2
block 19 2
block 53 2
block 54 2
block 55 2
block 60 2
block 61 2
block 62 2
block 63 2
block 64 2
block 65 2
block 15 3
block 16 3
block 17 3
block 18 3
block 19 3
block 64 3
block 65 3
block 15 4
block 16 4
block 17 4
block 18 4
block 19 4
block 15 5
block 16 5
block 17 5
block 18 5
block 19 5
block 42 5
block 43 5
block 44 5
block 45 5
block 46 5
block 2 6
block 3 6
block 4 6
block 15 6
block 16 6
block 17 6
block 18 6
block 19 6
block 22 6
block 23 6
block 24 6
block 25 6
block 26 6
block 42 6
block 43 6
block 44 6
block 45 6
block 46 6
block 2 7
block 3 7
block 4 7
block 22 7
block 23 7
block 24 7
block 25 7
block 26 7
block 42 7
block 43 7
block 44 7
block 45 7
block 46 7
block 22 8
block 23 8
block 24 8
block 25 8
block 26 8
block 42 8
block 43 8
block 44 8
block 45 8
block 46 8
block 22 9
block 23 9
block 24 9
block 25 9
block 26 9
block 28 9
block 29 9
block 42 9
block 43 9
block 44 9
block 45 9
block 46 9
block 22 10
block 23 10
block 24 10
block 25 10
block 26 10
block 28 10
block 29 10
block 42 10
block 43 10
block 44 10
block 45 10
block 46 10
block 22 11
block 23 11
block 24 11
block 25 11
block 26 11
block 28 11
block 29 11
block 28 12
block 29 12
block 35 12
block 36 12
block 37 12
block 38 12
block 39 12
block 40 12
block 4 13
block 5 13
block 6 13
block 7 13
block 8 13
block 28 13
block 29 13
block 35 13
block 36 13
block 37 13
block 38 13
block 39 13
block 40 13
block 4 14
block 5 14
block 6 14
block 7 14
block 8 14
block 28 14
block 29 14
block 35 14
block 36 14
block 37 14
block 38 14
block 39 14
block 40 14
block 4 15
block 5 15
block 6 15
block 7 15
block 8 15
block 35 15
block 36 15
block 37 15
block 38 15
block 39 15
block 40 15
block 18 17
block 19 17
block 20 17
block 21 17
block 18 18
block 19 18
block 20 18
block 21 18
block 52 18
block 53 18
block 54 18
block 55 18
block 0 19
block 18 19
block 19 19
block 20 19
block 21 19
block 52 19
block 53 19
block 54 19
block 55 19
block 73 19
block 0 20
block 18 20
block 19 20
block 20 20
block 21 20
block 29 20
block 30 20
block 31 20
block 32 20
block 33 20
block 34 20
block 49 20
block 50 20
block 51 20
block 52 20
block 53 20
block 54 20
block 55 20
block 73 20
block 0 21
block 18 21
block 19 21
block 20 21
block 21 21
block 29 21
block 30 21
block 31 21
block 32 21
block 33 21
block 34 21
block 49 21
block 50 21
block 51 21
block 52 21
block 53 21
block 54 21
block 55 21
block 73 21
block 0 22
block 29 22
block 30 22
block 31 22
block 32 22
block 33 22
block 34 22
block 41 22
block 42 22
block 49 22
block 50 22
block 51 22
block 52 22
block 53 22
block 54 22
block 55 22
block 73 22
block 29 23
block 30 23
block 31 23
block 32 23
block 33 23
block 34 23
block 41 23
block 42 23
block 49 23
block 50 23
block 51 23
block 52 23
block 53 23
block 54 23
block 55 23
block 29 24
block 30 24
block 31 24
block 32 24
block 33 24
block 34 24
block 41 24
block 42 24
block 49 24
block 50 24
block 51 24
block 52 24
block 53 24
block 54 24
block 55 24
##BotsAndCoinsInfo
bot_name 0 starter-bot
bot 0 29 15
bot_coins 0 0
coin 14 13
coin 59 11
round 1
bot 0 29 16
round 2
bot 0 29 17
round 3
bot 0 29 18
round 4
bot 0 29 19
round 5
coin 2 9
coin 71 15
round 6
round 7
round 8
round 9
round 10
coin 48 0
coin 25 24
round 11
round 12
round 13
round 14
round 15
coin 11 18
coin 62 6
round 16
round 17
round 18
round 19
round 20
coin 57 18
coin 16 7
round 21
round 22
round 23
round 24
round 25
coin 64 1
coin 9 23
round 26
round 27
round 28
round 29
round 30
coin 24 17
coin 49 7
round 31
round 32
round 33
round 34
round 35
coin 48 7
coin 25 17
round 36
round 37
round 38
round 39
round 40
coin 30 19
coin 43 4
round 41
coin_collected 30 19 0
bot_coins 0 1
round 42
round 43
round 44
round 45
coin 65 9
coin 9 15
round 46
round 47
round 48
round 49
round 50
coin 62 13
coin 11 11
round 51
round 52
round 53
round 54
round 55
coin 41 13
coin 32 11
round 56
round 57
round 58
round 59
round 60
coin 7 16
coin 66 8
round 61
round 62
round 63
round 64
round 65
coin 47 8
coin 26 16
round 66
round 67
round 68
round 69
round 70
coin 19 22
coin 54 3
round 71
round 72
round 73
round 74
round 75
coin 68 6
coin 5 18
round 76
round 77
round 78
round 79
round 80
coin 20 10
coin 53 14
round 81
round 82
round 83
round 84
round 85
coin 37 2
coin 36 22
round 86
round 87
round 88
round 89
round 90
coin 10 18
coin 63 6
round 91
round 92
round 93
round 94
round 95
coin 59 14
coin 14 10
round 96
round 97
round 98
round 99
round 100
coin 23 15
coin 50 9
round 101
round 102
round 103
round 104
round 105
coin 17 12
coin 56 12
round 106
round 107
round 108
round 109
round 110
coin 1 9
coin 72 15
round 111
round 112
round 113
round 114
round 115
coin 57 10
coin 16 14
round 116
round 117
round 118
round 119
round 120
coin 65 18
coin 8 6
round 121
round 122
round 123
round 124
round 125
coin 71 14
coin 2 10
round 126
round 127
round 128
round 129
round 130
coin 40 6
coin 33 18
round 131
round 132
round 133
round 134
round 135
coin 72 10
coin 1 14
round 136
round 137
round 138
round 139
round 140
coin 51 9
coin 22 15
round 141
round 142
round 143
round 144
round 145
coin 45 3
coin 28 21
round 146
round 147
round 148
match_over 0
round 149
