match
match_id 1639172103032_dq
match_time 1639172103034
num_bots 1
##MatchConfig
mode FRIENDLY
num_rounds 200
random_seed 42
move_time_limit 1000
coin_spawn_period 5
coin_spawn_volume 2
##MapConfig
map_size 59 32
view_radius 6
mining_radius 2
attack_radius 4
block 15 2
block 16 2
block 17 2
block 18 2
block 19 2
block 20 2
block 15 3
block 16 3
block 17 3
block 18 3
block 19 3
block 20 3
block 10 4
block 11 4
block 12 4
block 15 4
block 16 4
block 17 4
block 18 4
block 19 4
block 20 4
block 10 5
block 11 5
block 12 5
block 10 6
block 11 6
block 12 6
block 10 7
block 11 7
block 12 7
block 10 8
block 11 8
block 12 8
block 10 9
block 11 9
block 12 9
block 19 9
block 20 9
block 4 10
block 5 10
block 6 10
block 7 10
block 8 10
block 19 10
block 20 10
block 21 10
block 4 11
block 5 11
block 6 11
block 7 11
block 8 11
block 19 11
block 20 11
block 21 11
block 4 12
block 5 12
block 6 12
block 7 12
block 8 12
block 19 12
block 20 12
block 21 12
block 38 12
block 39 12
block 4 13
block 5 13
block 6 13
block 7 13
block 8 13
block 20 13
block 21 13
block 38 13
block 39 13
block 4 14
block 5 14
block 6 14
block 7 14
block 8 14
block 20 14
block 21 14
block 38 14
block 39 14
block 4 15
block 5 15
block 6 15
block 7 15
block 8 15
block 16 15
block 17 15
block 18 15
block 19 15
block 20 15
block 21 15
block 4 16
block 5 16
block 6 16
block 7 16
block 8 16
block 16 16
block 17 16
block 18 16
block 19 16
block 20 16
block 21 16
block 16 17
block 17 17
block 18 17
block 19 17
block 20 17
block 21 17
block 16 18
block 17 18
block 18 18
block 19 18
block 20 18
block 21 18
block 13 19
block 14 19
block 15 19
block 16 19
block 17 19
block 18 19
block 19 19
block 20 19
block 21 19
block 13 20
block 14 20
block 15 20
block 16 20
block 17 20
block 18 20
block 19 20
block 20 20
block 21 20
block 13 21
block 14 21
block 15 21
block 16 21
block 17 21
block 18 21
block 19 21
block 20 21
block 21 21
block 36 21
block 37 21
block 38 21
block 39 21
block 40 21
block 13 22
block 14 22
block 15 22
block 16 22
block 17 22
block 36 22
block 37 22
block 38 22
block 39 22
block 40 22
block 13 23
block 14 23
block 15 23
block 16 23
block 17 23
block 36 23
block 37 23
block 38 23
block 39 23
block 40 23
block 36 24
block 37 24
block 38 24
block 39 24
block 40 24
block 36 25
block 37 25
block 38 25
block 39 25
block 40 25
block 36 26
block 37 26
block 38 26
block 39 26
block 40 26
block 36 27
block 37 27
block 38 27
block 39 27
block 40 27
block 55 28
block 56 28
block 55 29
block 56 29
##BotsAndCoinsInfo
bot_name 0 starter-bot
bot 0 9 6
bot_coins 0 0
coin 33 1
coin 25 30
round 1
bot 0 9 7
round 2
bot 0 9 8
round 3
bot 0 9 9
round 4
bot 0 9 10
round 5
bot 0 9 11
coin 15 1
coin 43 30
round 6
bot 0 9 12
round 7
bot 0 9 13
round 8
bot 0 9 14
round 9
bot 0 9 15
round 10
bot 0 9 16
coin 9 30
coin 49 1
round 11
bot 0 9 17
round 12
bot 0 9 18
round 13
bot 0 9 19
round 14
bot 0 9 20
round 15
bot 0 9 21
coin 15 24
coin 43 7
round 16
bot 0 9 22
round 17
bot 0 9 23
round 18
bot 0 9 24
round 19
bot 0 9 25
round 20
bot 0 9 26
coin 48 2
coin 10 29
round 21
bot 0 9 27
round 22
bot 0 9 28
coin_collected 10 29 0
bot_coins 0 1
coin_collected 9 30 0
bot_coins 0 2
round 23
bot 0 9 29
round 24
bot 0 9 30
round 25
bot 0 9 31
coin 11 14
coin 47 17
round 26
bot 0 9 30
round 27
bot 0 9 29
round 28
bot 0 9 28
round 29
bot 0 9 27
round 30
bot 0 9 26
coin 46 12
coin 12 19
round 31
bot 0 9 25
round 32
bot 0 9 24
round 33
bot 0 9 23
round 34
bot 0 9 22
round 35
bot 0 9 21
coin 2 22
coin 56 9
round 36
bot 0 9 20
round 37
bot 0 9 19
round 38
bot 0 9 18
round 39
bot 0 9 17
round 40
bot 0 9 16
coin 31 24
coin 27 7
round 41
bot 0 9 15
round 42
bot 0 9 14
coin_collected 11 14 0
bot_coins 0 3
round 43
bot 0 9 13
round 44
bot 0 9 12
round 45
bot 0 9 11
coin 23 31
coin 35 0
round 46
bot 0 9 10
round 47
bot 0 9 9
round 48
bot 0 9 8
round 49
bot 0 9 7
round 50
bot 0 9 6
coin 38 4
coin 20 27
round 51
bot 0 9 5
round 52
bot 0 9 4
round 53
bot 0 9 3
round 54
bot 0 9 2
round 55
bot 0 9 1
coin 36 14
coin 22 17
round 56
bot 0 9 0
round 57
bot 0 9 1
round 58
bot 0 9 2
round 59
bot 0 9 3
round 60
bot 0 9 4
coin 48 29
coin 10 2
round 61
bot 0 9 5
round 62
bot 0 9 6
round 63
bot 0 9 7
round 64
bot 0 9 8
round 65
bot 0 9 9
coin 41 25
coin 17 6
round 66
bot 0 9 10
round 67
bot 0 9 11
round 68
bot 0 9 12
round 69
bot 0 9 13
round 70
bot 0 9 14
coin 53 4
coin 5 27
round 71
bot 0 9 15
round 72
bot 0 9 16
round 73
bot 0 9 17
round 74
bot 0 9 18
round 75
bot 0 9 19
coin 54 10
coin 4 21
round 76
bot 0 9 20
round 77
bot 0 9 21
round 78
bot 0 9 22
round 79
bot 0 9 23
round 80
bot 0 9 24
coin 55 8
coin 3 23
round 81
bot 0 9 25
round 82
bot 0 9 26
round 83
bot 0 9 27
round 84
bot 0 9 28
round 85
bot 0 9 29
coin 6 9
coin 52 22
round 86
bot 0 9 30
round 87
bot 0 9 31
round 88
bot 0 9 30
round 89
bot 0 9 29
round 90
bot 0 9 28
coin 25 5
coin 33 26
round 91
bot 0 9 27
round 92
bot 0 9 26
round 93
bot 0 9 25
round 94
bot 0 9 24
round 95
bot 0 9 23
coin 31 8
coin 27 23
round 96
bot 0 9 22
round 97
bot 0 9 21
round 98
bot 0 9 20
round 99
bot 0 9 19
round 100
bot 0 9 18
coin 4 20
coin 54 11
round 101
bot 0 9 17
round 102
bot 0 9 16
round 103
bot 0 9 15
round 104
bot 0 9 14
round 105
bot 0 9 13
coin 45 2
coin 13 29
round 106
bot 0 9 12
round 107
bot 0 9 11
round 108
bot 0 9 10
round 109
bot 0 9 9
round 110
bot 0 9 8
coin 17 1
coin 41 30
round 111
bot 0 9 7
round 112
bot 0 9 6
round 113
bot 0 9 5
round 114
bot 0 9 4
round 115
bot 0 9 3
coin_collected 10 2 0
bot_coins 0 4
coin 5 25
coin 53 6
round 116
bot 0 9 2
round 117
bot 0 9 1
round 118
bot 0 9 0
round 119
bot 0 9 1
round 120
bot 0 9 2
coin 58 10
coin 0 21
round 121
bot 0 9 3
round 122
bot 0 9 4
round 123
bot 0 9 5
round 124
bot 0 9 6
round 125
bot 0 9 7
coin 32 6
coin 26 25
round 126
bot 0 9 8
round 127
bot 0 9 9
round 128
bot 0 9 10
round 129
bot 0 9 11
round 130
bot 0 9 12
coin 53 0
coin 5 31
round 131
bot 0 9 13
round 132
bot 0 9 14
round 133
bot 0 9 15
round 134
bot 0 9 16
round 135
bot 0 9 17
coin 42 24
coin 16 7
round 136
bot 0 9 18
round 137
bot 0 9 19
round 138
bot 0 9 20
round 139
bot 0 9 21
round 140
bot 0 9 22
coin 11 2
coin 47 29
round 141
bot 0 9 23
round 142
bot 0 9 24
round 143
bot 0 9 25
round 144
bot 0 9 26
round 145
bot 0 9 27
coin 41 17
coin 17 14
round 146
bot 0 9 28
round 147
bot 0 9 29
round 148
bot 0 9 30
round 149
bot 0 9 31
round 150
bot 0 9 30
coin 21 27
coin 37 4
round 151
bot 0 9 29
round 152
bot 0 9 28
round 153
bot 0 9 27
round 154
bot 0 9 26
round 155
bot 0 9 25
coin 13 7
coin 45 24
round 156
bot 0 9 24
round 157
bot 0 9 23
round 158
bot 0 9 22
round 159
bot 0 9 21
round 160
bot 0 9 20
coin 29 19
coin 29 12
round 161
bot 0 9 19
round 162
bot 0 9 18
round 163
bot 0 9 17
round 164
bot 0 9 16
round 165
bot 0 9 15
coin 42 6
coin 16 25
round 166
bot 0 9 14
round 167
bot 0 9 13
round 168
bot 0 9 12
round 169
bot 0 9 11
round 170
bot 0 9 10
coin 22 12
coin 36 19
round 171
bot 0 9 9
round 172
bot 0 9 8
round 173
bot 0 9 7
round 174
bot 0 9 6
round 175
bot 0 9 5
coin 44 4
coin 14 27
round 176
bot 0 9 4
round 177
bot 0 9 3
round 178
bot 0 9 2
coin_collected 11 2 0
bot_coins 0 5
round 179
bot 0 9 1
round 180
bot 0 9 0
coin 0 13
coin 58 18
round 181
bot 0 9 1
round 182
bot 0 9 2
round 183
bot 0 9 3
round 184
bot 0 9 4
round 185
bot 0 9 5
coin 19 22
coin 39 9
round 186
bot 0 9 6
round 187
bot 0 9 7
round 188
bot 0 9 8
round 189
bot 0 9 9
round 190
bot 0 9 10
coin 26 22
coin 32 9
round 191
bot 0 9 11
round 192
bot 0 9 12
round 193
bot 0 9 13
round 194
bot 0 9 14
round 195
bot 0 9 15
coin 50 30
coin 8 1
round 196
bot 0 9 16
round 197
bot 0 9 17
round 198
bot 0 9 18
round 199
bot 0 9 19
round 200
bot 0 9 20
coin 54 17
coin 3 14
match_over 0
