match
match_id 1639213567542_kl
match_time 1639213567545
num_bots 1
##MatchConfig
mode FRIENDLY
num_rounds 200
random_seed 42
move_time_limit 1000
coin_spawn_period 5
coin_spawn_volume 2
##MapConfig
map_size 70 25
view_radius 5
mining_radius 2
attack_radius 3
block 18 0
block 19 0
block 20 0
block 30 0
block 31 0
block 32 0
block 33 0
block 44 0
block 45 0
block 46 0
block 47 0
block 48 0
block 49 0
block 52 0
block 53 0
block 60 0
block 61 0
block 62 0
block 63 0
block 64 0
block 65 0
block 18 1
block 19 1
block 20 1
block 30 1
block 31 1
block 32 1
block 33 1
block 44 1
block 45 1
block 46 1
block 47 1
block 48 1
block 49 1
block 60 1
block 61 1
block 62 1
block 63 1
block 64 1
block 65 1
block 3 2
block 4 2
block 5 2
block 6 2
block 7 2
block 18 2
block 19 2
block 20 2
block 44 2
block 45 2
block 46 2
block 47 2
block 48 2
block 49 2
block 60 2
block 61 2
block 62 2
block 3 3
block 4 3
block 5 3
block 6 3
block 7 3
block 42 3
block 43 3
block 44 3
block 45 3
block 46 3
block 47 3
block 48 3
block 49 3
block 60 3
block 61 3
block 62 3
block 3 4
block 4 4
block 5 4
block 6 4
block 7 4
block 42 4
block 43 4
block 44 4
block 45 4
block 60 4
block 61 4
block 62 4
block 3 5
block 4 5
block 5 5
block 6 5
block 7 5
block 20 5
block 21 5
block 42 5
block 43 5
block 44 5
block 45 5
block 61 5
block 62 5
block 3 6
block 4 6
block 5 6
block 6 6
block 7 6
block 20 6
block 21 6
block 42 6
block 43 6
block 44 6
block 45 6
block 3 7
block 4 7
block 5 7
block 6 7
block 7 7
block 15 7
block 16 7
block 20 7
block 21 7
block 42 7
block 43 7
block 44 7
block 45 7
block 56 7
block 57 7
block 58 7
block 3 8
block 4 8
block 5 8
block 15 8
block 16 8
block 20 8
block 21 8
block 42 8
block 43 8
block 44 8
block 45 8
block 56 8
block 57 8
block 58 8
block 15 9
block 16 9
block 20 9
block 21 9
block 42 9
block 43 9
block 44 9
block 45 9
block 15 10
block 16 10
block 20 10
block 21 10
block 15 11
block 16 11
block 15 12
block 16 12
block 17 12
block 18 12
block 19 12
block 20 12
block 21 12
block 22 12
block 51 12
block 52 12
block 53 12
block 54 12
block 55 12
block 16 13
block 17 13
block 18 13
block 19 13
block 20 13
block 21 13
block 22 13
block 51 13
block 52 13
block 53 13
block 54 13
block 55 13
block 16 14
block 17 14
block 18 14
block 19 14
block 20 14
block 21 14
block 22 14
block 51 14
block 52 14
block 53 14
block 54 14
block 55 14
block 16 15
block 17 15
block 18 15
block 19 15
block 20 15
block 21 15
block 22 15
block 51 15
block 52 15
block 53 15
block 54 15
block 55 15
block 63 15
block 64 15
block 65 15
block 66 15
block 67 15
block 68 15
block 69 15
block 51 16
block 52 16
block 53 16
block 54 16
block 55 16
block 63 16
block 64 16
block 65 16
block 66 16
block 67 16
block 68 16
block 69 16
block 63 17
block 64 17
block 65 17
block 66 17
block 67 17
block 68 17
block 69 17
block 25 18
block 26 18
block 27 18
block 28 18
block 29 18
block 30 18
block 31 18
block 63 18
block 64 18
block 2 19
block 3 19
block 25 19
block 26 19
block 27 19
block 28 19
block 29 19
block 30 19
block 31 19
block 63 19
block 64 19
block 2 20
block 3 20
block 52 20
block 53 20
block 63 20
block 64 20
block 2 21
block 3 21
block 18 21
block 19 21
block 20 21
block 52 21
block 53 21
block 63 21
block 64 21
block 2 22
block 3 22
block 18 22
block 19 22
block 20 22
block 30 22
block 31 22
block 32 22
block 33 22
block 52 22
block 53 22
block 63 22
block 64 22
block 18 23
block 19 23
block 20 23
block 30 23
block 31 23
block 32 23
block 33 23
block 52 23
block 53 23
block 18 24
block 19 24
block 20 24
block 30 24
block 31 24
block 32 24
block 33 24
block 52 24
block 53 24
block 62 24
block 63 24
block 64 24
block 65 24
##BotsAndCoinsInfo
bot_name 0 starter-bot
bot 0 40 6
bot_coins 0 0
coin 50 13
coin 19 11
round 1
bot 0 40 7
round 2
bot 0 40 8
round 3
bot 0 40 9
round 4
bot 0 40 10
round 5
bot 0 40 11
coin 48 9
coin 21 16
round 6
bot 0 40 12
round 7
bot 0 40 13
round 8
bot 0 40 14
round 9
bot 0 40 15
round 10
bot 0 40 16
coin 40 0
coin 29 24
round 11
bot 0 40 17
round 12
bot 0 40 18
round 13
bot 0 40 19
round 14
bot 0 40 20
round 15
bot 0 40 21
coin 15 18
coin 54 6
round 16
bot 0 40 22
round 17
bot 0 40 23
coin_collected 40 0 0
bot_coins 0 1
round 18
bot 0 40 24
round 19
bot 0 40 23
round 20
bot 0 40 22
coin 69 18
coin 0 6
round 21
bot 0 40 21
round 22
bot 0 40 20
round 23
bot 0 40 19
round 24
bot 0 40 18
round 25
bot 0 40 17
coin 52 2
coin 17 22
round 26
bot 0 40 16
round 27
bot 0 40 15
round 28
bot 0 40 14
round 29
bot 0 40 13
round 30
bot 0 40 12
coin 56 17
coin 13 7
round 31
bot 0 40 11
round 32
bot 0 40 10
round 33
bot 0 40 9
round 34
bot 0 40 8
round 35
bot 0 40 7
coin 36 7
coin 33 17
round 36
bot 0 40 6
round 37
bot 0 40 5
round 38
bot 0 40 4
round 39
bot 0 40 3
round 40
bot 0 40 2
coin 56 20
coin 13 4
round 41
bot 0 40 1
round 42
bot 0 40 0
round 43
bot 0 40 24
round 44
bot 0 40 23
round 45
bot 0 40 22
coin 63 9
coin 6 15
round 46
bot 0 40 21
round 47
bot 0 40 20
round 48
bot 0 40 19
round 49
bot 0 40 18
round 50
bot 0 40 17
coin 40 13
coin 29 11
round 51
bot 0 40 16
round 52
bot 0 40 15
coin_collected 40 13 0
bot_coins 0 2
round 53
bot 0 40 14
round 54
bot 0 40 13
round 55
bot 0 40 12
coin 36 13
coin 33 11
round 56
bot 0 40 11
round 57
bot 0 40 10
round 58
bot 0 40 9
round 59
bot 0 40 8
round 60
bot 0 40 7
coin 62 16
coin 7 8
round 61
bot 0 40 6
round 62
bot 0 40 5
round 63
bot 0 40 4
round 64
bot 0 40 3
round 65
bot 0 40 2
coin 0 8
coin 0 16
round 66
bot 0 40 1
round 67
bot 0 40 0
round 68
bot 0 40 24
round 69
bot 0 40 23
round 70
bot 0 40 22
coin 67 21
coin 2 3
round 71
bot 0 40 21
round 72
bot 0 40 20
round 73
bot 0 40 19
round 74
bot 0 40 18
round 75
bot 0 40 17
coin 40 6
coin 29 17
round 76
bot 0 40 16
round 77
bot 0 40 15
round 78
bot 0 40 14
round 79
bot 0 40 13
round 80
bot 0 40 12
coin 30 10
coin 39 14
round 81
bot 0 40 11
round 82
bot 0 40 10
round 83
bot 0 40 9
round 84
bot 0 40 8
coin_collected 40 6 0
bot_coins 0 3
round 85
bot 0 40 7
coin 17 2
coin 51 22
round 86
bot 0 40 6
round 87
bot 0 40 5
round 88
bot 0 40 4
round 89
bot 0 40 3
round 90
bot 0 40 2
coin 12 18
coin 57 6
round 91
bot 0 40 1
round 92
bot 0 40 0
round 93
bot 0 40 24
round 94
bot 0 40 23
round 95
bot 0 40 22
coin 63 14
coin 6 10
round 96
bot 0 40 21
round 97
bot 0 40 20
round 98
bot 0 40 19
round 99
bot 0 40 18
round 100
bot 0 40 17
coin 0 15
coin 69 9
round 101
bot 0 40 16
round 102
bot 0 40 15
coin_collected 39 14 0
bot_coins 0 4
round 103
bot 0 40 14
round 104
bot 0 40 13
round 105
bot 0 40 12
coin 63 12
coin 6 12
round 106
bot 0 40 11
round 107
bot 0 40 10
round 108
bot 0 40 9
round 109
bot 0 40 8
round 110
bot 0 40 7
coin 46 9
coin 23 15
round 111
bot 0 40 6
round 112
bot 0 40 5
round 113
bot 0 40 4
round 114
bot 0 40 3
round 115
bot 0 40 2
coin 27 10
coin 42 14
round 116
bot 0 40 1
round 117
bot 0 40 0
round 118
bot 0 40 24
round 119
bot 0 40 23
round 120
bot 0 40 22
coin 27 17
coin 41 7
round 121
bot 0 40 21
round 122
bot 0 40 20
round 123
bot 0 40 19
round 124
bot 0 40 18
round 125
bot 0 40 17
coin 33 15
coin 36 9
round 126
bot 0 40 16
round 127
bot 0 40 15
round 128
bot 0 40 14
coin_collected 42 14 0
bot_coins 0 5
round 129
bot 0 40 13
round 130
bot 0 40 12
coin 58 6
coin 11 18
round 131
bot 0 40 11
round 132
bot 0 40 10
round 133
bot 0 40 9
round 134
bot 0 40 8
coin_collected 41 7 0
bot_coins 0 6
round 135
bot 0 40 7
coin 30 11
coin 39 13
round 136
bot 0 40 6
round 137
bot 0 40 5
round 138
bot 0 40 4
round 139
bot 0 40 3
round 140
bot 0 40 2
coin 63 10
coin 6 14
round 141
bot 0 40 1
round 142
bot 0 40 0
round 143
bot 0 40 24
round 144
bot 0 40 23
round 145
bot 0 40 22
coin 1 3
coin 68 21
round 146
bot 0 40 21
round 147
bot 0 40 20
round 148
bot 0 40 19
round 149
bot 0 40 18
round 150
bot 0 40 17
coin 7 19
coin 63 5
round 151
bot 0 40 16
round 152
bot 0 40 15
round 153
bot 0 40 14
coin_collected 39 13 0
bot_coins 0 7
round 154
bot 0 40 13
round 155
bot 0 40 12
coin 32 2
coin 37 22
round 156
bot 0 40 11
round 157
bot 0 40 10
round 158
bot 0 40 9
round 159
bot 0 40 8
round 160
bot 0 40 7
coin 65 19
coin 2 5
round 161
bot 0 40 6
round 162
bot 0 40 5
round 163
bot 0 40 4
round 164
bot 0 40 3
round 165
bot 0 40 2
coin 48 19
coin 22 5
round 166
bot 0 40 1
round 167
bot 0 40 0
round 168
bot 0 40 24
round 169
bot 0 40 23
round 170
bot 0 40 22
coin 55 24
coin 14 0
round 171
bot 0 40 21
round 172
bot 0 40 20
round 173
bot 0 40 19
round 174
bot 0 40 18
round 175
bot 0 40 17
coin 10 1
coin 59 23
round 176
bot 0 40 16
round 177
bot 0 40 15
round 178
bot 0 40 14
round 179
bot 0 40 13
round 180
bot 0 40 12
coin 53 4
coin 16 20
round 181
bot 0 40 11
round 182
bot 0 40 10
round 183
bot 0 40 9
round 184
bot 0 40 8
round 185
bot 0 40 7
coin 41 8
coin 28 16
round 186
bot 0 40 6
round 187
bot 0 40 5
round 188
bot 0 40 4
round 189
bot 0 40 3
round 190
bot 0 40 2
coin 26 10
coin 43 14
round 191
bot 0 40 1
round 192
bot 0 40 0
round 193
bot 0 40 24
round 194
bot 0 40 23
round 195
bot 0 40 22
coin 45 18
coin 24 6
round 196
bot 0 40 21
round 197
bot 0 40 20
round 198
bot 0 40 19
round 199
bot 0 40 18
round 200
bot 0 40 17
coin 30 20
coin 39 4
match_over 0
