match
match_id 1639213412358_ke
match_time 1639213412360
num_bots 1
##MatchConfig
mode FRIENDLY
num_rounds 200
random_seed 42
move_time_limit 1000
coin_spawn_period 5
coin_spawn_volume 2
##MapConfig
map_size 50 30
view_radius 6
mining_radius 2
attack_radius 4
block 16 0
block 17 0
block 18 0
block 19 0
block 20 0
block 21 0
block 25 0
block 26 0
block 27 0
block 28 0
block 16 1
block 17 1
block 18 1
block 19 1
block 20 1
block 21 1
block 39 1
block 40 1
block 16 2
block 17 2
block 18 2
block 19 2
block 20 2
block 21 2
block 39 2
block 40 2
block 16 3
block 17 3
block 18 3
block 19 3
block 20 3
block 21 3
block 39 3
block 40 3
block 39 4
block 40 4
block 39 5
block 40 5
block 21 7
block 22 7
block 21 8
block 22 8
block 38 8
block 39 8
block 40 8
block 21 9
block 22 9
block 38 9
block 39 9
block 40 9
block 21 10
block 22 10
block 38 10
block 39 10
block 40 10
block 1 11
block 2 11
block 3 11
block 38 11
block 39 11
block 40 11
block 1 12
block 2 12
block 3 12
block 38 12
block 39 12
block 40 12
block 44 12
block 45 12
block 46 12
block 47 12
block 1 13
block 2 13
block 3 13
block 38 13
block 39 13
block 40 13
block 41 13
block 42 13
block 44 13
block 45 13
block 46 13
block 47 13
block 1 14
block 2 14
block 3 14
block 8 14
block 9 14
block 10 14
block 11 14
block 12 14
block 32 14
block 33 14
block 34 14
block 35 14
block 40 14
block 41 14
block 42 14
block 44 14
block 45 14
block 46 14
block 47 14
block 1 15
block 2 15
block 3 15
block 8 15
block 9 15
block 10 15
block 11 15
block 12 15
block 32 15
block 33 15
block 34 15
block 35 15
block 40 15
block 41 15
block 42 15
block 44 15
block 45 15
block 46 15
block 47 15
block 0 16
block 1 16
block 2 16
block 3 16
block 32 16
block 33 16
block 34 16
block 35 16
block 36 16
block 37 16
block 40 16
block 41 16
block 42 16
block 44 16
block 45 16
block 46 16
block 47 16
block 0 17
block 1 17
block 2 17
block 3 17
block 32 17
block 33 17
block 34 17
block 35 17
block 36 17
block 37 17
block 40 17
block 41 17
block 42 17
block 44 17
block 45 17
block 46 17
block 47 17
block 0 18
block 1 18
block 2 18
block 3 18
block 32 18
block 33 18
block 34 18
block 35 18
block 36 18
block 37 18
block 40 18
block 41 18
block 42 18
block 44 18
block 45 18
block 46 18
block 47 18
block 0 19
block 1 19
block 2 19
block 3 19
block 32 19
block 33 19
block 34 19
block 35 19
block 36 19
block 37 19
block 0 20
block 1 20
block 2 20
block 3 20
block 36 20
block 37 20
block 0 21
block 1 21
block 2 21
block 3 21
block 36 21
block 37 21
block 0 22
block 1 22
block 2 22
block 3 22
block 17 23
block 18 23
block 19 23
block 20 23
block 17 24
block 18 24
block 19 24
block 20 24
block 17 25
block 18 25
block 19 25
block 20 25
block 25 25
block 26 25
block 27 25
block 28 25
block 17 26
block 18 26
block 19 26
block 20 26
block 25 26
block 26 26
block 27 26
block 28 26
block 17 27
block 18 27
block 19 27
block 20 27
block 25 27
block 26 27
block 27 27
block 28 27
block 17 28
block 18 28
block 19 28
block 20 28
block 25 28
block 26 28
block 27 28
block 28 28
block 25 29
block 26 29
block 27 29
block 28 29
##BotsAndCoinsInfo
bot_name 0 starter-bot
bot 0 11 13
bot_coins 0 0
coin 30 3
coin 21 26
round 1
round 2
round 3
round 4
round 5
coin 48 14
coin 0 15
round 6
round 7
round 8
round 9
round 10
coin 21 25
coin 28 4
round 11
round 12
round 13
round 14
round 15
coin 5 8
coin 44 21
round 16
round 17
round 18
round 19
round 20
coin 19 22
coin 30 7
round 21
round 22
round 23
round 24
round 25
coin 32 2
coin 16 27
round 26
round 27
round 28
round 29
round 30
coin 26 12
coin 23 17
round 31
round 32
round 33
round 34
round 35
coin 26 2
coin 23 27
round 36
round 37
round 38
round 39
round 40
coin 6 0
coin 43 29
round 41
round 42
round 43
round 44
round 45
coin 43 0
coin 6 29
round 46
round 47
round 48
round 49
round 50
coin 0 13
coin 49 16
round 51
round 52
round 53
round 54
round 55
coin 26 3
coin 23 26
round 56
round 57
round 58
round 59
round 60
coin 43 21
coin 6 8
round 61
round 62
round 63
round 64
round 65
coin 30 28
coin 19 29
round 66
round 67
round 68
round 69
round 70
coin 37 6
coin 12 23
round 71
round 72
round 73
round 74
round 75
coin 30 6
coin 18 22
round 76
round 77
round 78
round 79
round 80
coin 30 5
coin 21 24
round 81
round 82
round 83
round 84
round 85
coin 17 17
coin 32 12
round 86
round 87
round 88
round 89
round 90
coin 12 13
coin 38 16
round 91
coin_collected 12 13 0
bot_coins 0 1
round 92
round 93
round 94
round 95
coin 13 24
coin 36 5
round 96
round 97
round 98
round 99
round 100
coin 29 25
coin 20 4
round 101
round 102
round 103
round 104
round 105
coin 23 7
coin 26 22
round 106
round 107
round 108
match_over 0
round 109
