match
match_id 1639404937192_bx
match_time 1639404937194
num_bots 1
##MatchConfig
mode FRIENDLY
num_rounds 200
random_seed 42
move_time_limit 1000
coin_spawn_period 5
coin_spawn_volume 2
##MapConfig
map_size 63 27
view_radius 5
mining_radius 1
attack_radius 4
block 4 0
block 5 0
block 6 0
block 7 0
block 39 0
block 40 0
block 41 0
block 42 0
block 59 0
block 60 0
block 61 0
block 62 0
block 4 1
block 5 1
block 6 1
block 7 1
block 39 1
block 40 1
block 41 1
block 42 1
block 59 1
block 60 1
block 61 1
block 62 1
block 4 2
block 5 2
block 6 2
block 7 2
block 22 4
block 23 4
block 24 4
block 25 4
block 47 4
block 48 4
block 49 4
block 50 4
block 51 4
block 52 4
block 22 5
block 23 5
block 24 5
block 25 5
block 47 5
block 48 5
block 49 5
block 50 5
block 51 5
block 52 5
block 47 6
block 48 6
block 49 6
block 50 6
block 51 6
block 52 6
block 7 7
block 8 7
block 47 7
block 48 7
block 49 7
block 50 7
block 51 7
block 52 7
block 7 8
block 8 8
block 15 8
block 16 8
block 17 8
block 18 8
block 19 8
block 47 8
block 48 8
block 49 8
block 50 8
block 51 8
block 52 8
block 1 9
block 2 9
block 3 9
block 4 9
block 7 9
block 8 9
block 15 9
block 16 9
block 17 9
block 18 9
block 19 9
block 47 9
block 48 9
block 49 9
block 50 9
block 51 9
block 52 9
block 1 10
block 2 10
block 3 10
block 4 10
block 7 10
block 8 10
block 15 10
block 16 10
block 17 10
block 18 10
block 19 10
block 1 11
block 2 11
block 3 11
block 4 11
block 7 11
block 8 11
block 15 11
block 16 11
block 17 11
block 18 11
block 19 11
block 1 12
block 2 12
block 3 12
block 4 12
block 45 12
block 46 12
block 47 12
block 48 12
block 49 12
block 50 12
block 51 12
block 1 13
block 2 13
block 3 13
block 4 13
block 27 13
block 28 13
block 29 13
block 30 13
block 31 13
block 45 13
block 46 13
block 47 13
block 48 13
block 49 13
block 50 13
block 51 13
block 1 14
block 2 14
block 3 14
block 4 14
block 27 14
block 28 14
block 29 14
block 30 14
block 31 14
block 45 14
block 46 14
block 47 14
block 48 14
block 49 14
block 50 14
block 51 14
block 45 15
block 46 15
block 47 15
block 48 15
block 49 15
block 50 15
block 51 15
block 45 16
block 46 16
block 47 16
block 48 16
block 49 16
block 50 16
block 51 16
block 45 17
block 46 17
block 47 17
block 48 17
block 49 17
block 50 17
block 51 17
block 45 18
block 46 18
block 47 18
block 48 18
block 49 18
block 50 18
block 51 18
block 45 19
block 46 19
block 47 19
block 48 19
block 49 19
block 50 19
block 52 19
block 53 19
block 54 19
block 55 19
block 56 19
block 57 19
block 58 19
block 45 20
block 46 20
block 47 20
block 48 20
block 49 20
block 50 20
block 52 20
block 53 20
block 54 20
block 55 20
block 56 20
block 57 20
block 58 20
block 45 21
block 46 21
block 47 21
block 48 21
block 49 21
block 50 21
block 45 22
block 46 22
block 47 22
block 48 22
block 49 22
block 50 22
block 45 23
block 46 23
block 47 23
block 48 23
block 49 23
block 50 23
block 59 23
block 60 23
block 61 23
block 62 23
block 45 24
block 46 24
block 47 24
block 48 24
block 49 24
block 50 24
block 59 24
block 60 24
block 61 24
block 62 24
block 39 25
block 40 25
block 41 25
block 42 25
block 59 25
block 60 25
block 61 25
block 62 25
block 39 26
block 40 26
block 41 26
block 42 26
block 59 26
block 60 26
block 61 26
block 62 26
##BotsAndCoinsInfo
bot_name 0 starter-bot
bot 0 53 15
bot_coins 0 0
coin 8 3
coin 54 23
round 1
round 2
round 3
round 4
round 5
coin 27 17
coin 35 9
round 6
round 7
round 8
round 9
round 10
coin 54 16
coin 9 10
round 11
round 12
round 13
round 14
round 15
coin 51 20
coin 11 6
round 16
round 17
round 18
round 19
round 20
coin 34 2
coin 28 24
round 21
round 22
round 23
round 24
round 25
coin 38 26
coin 24 0
round 26
round 27
round 28
round 29
round 30
coin 42 9
coin 20 17
round 31
round 32
round 33
round 34
round 35
coin 8 5
coin 54 21
round 36
round 37
round 38
round 39
round 40
coin 42 6
coin 20 20
round 41
round 42
round 43
round 44
round 45
coin 28 8
coin 34 18
round 46
round 47
round 48
round 49
round 50
coin 5 4
coin 57 22
round 51
round 52
round 53
round 54
round 55
coin 8 24
coin 54 2
round 56
round 57
round 58
round 59
round 60
coin 14 0
coin 48 26
round 61
round 62
round 63
round 64
round 65
coin 7 22
coin 55 4
round 66
round 67
round 68
round 69
round 70
coin 46 3
coin 16 23
round 71
round 72
round 73
round 74
round 75
bot 0 54 16
coin_collected 54 16 0
bot_coins 0 1
coin 40 21
coin 22 6
round 76
round 77
round 78
match_over 0
round 79
