match
match_id 1639405758254_cd
match_time 1639405758257
num_bots 1
##MatchConfig
mode FRIENDLY
num_rounds 200
random_seed 42
move_time_limit 1000
coin_spawn_period 5
coin_spawn_volume 2
##MapConfig
map_size 62 31
view_radius 5
mining_radius 2
attack_radius 3
block 33 0
block 34 0
block 33 1
block 34 1
block 33 2
block 34 2
block 15 3
block 16 3
block 17 3
block 18 3
block 39 3
block 40 3
block 41 3
block 42 3
block 43 3
block 15 4
block 16 4
block 17 4
block 18 4
block 39 4
block 40 4
block 41 4
block 42 4
block 43 4
block 15 5
block 16 5
block 17 5
block 18 5
block 39 5
block 40 5
block 41 5
block 42 5
block 43 5
block 4 6
block 5 6
block 6 6
block 15 6
block 16 6
block 17 6
block 18 6
block 19 6
block 20 6
block 56 6
block 57 6
block 58 6
block 59 6
block 4 7
block 5 7
block 6 7
block 15 7
block 16 7
block 17 7
block 18 7
block 19 7
block 20 7
block 56 7
block 57 7
block 58 7
block 59 7
block 15 8
block 16 8
block 17 8
block 18 8
block 19 8
block 20 8
block 21 8
block 22 8
block 23 8
block 42 8
block 43 8
block 20 9
block 21 9
block 22 9
block 23 9
block 42 9
block 43 9
block 20 10
block 21 10
block 22 10
block 23 10
block 42 10
block 43 10
block 42 11
block 43 11
block 42 12
block 43 12
block 45 12
block 46 12
block 45 13
block 46 13
block 45 14
block 46 14
block 16 15
block 17 15
block 24 15
block 25 15
block 45 15
block 46 15
block 14 16
block 15 16
block 16 16
block 17 16
block 18 16
block 24 16
block 25 16
block 32 16
block 33 16
block 34 16
block 45 16
block 46 16
block 47 16
block 48 16
block 49 16
block 14 17
block 15 17
block 16 17
block 17 17
block 18 17
block 32 17
block 33 17
block 34 17
block 45 17
block 46 17
block 47 17
block 48 17
block 49 17
block 13 18
block 14 18
block 15 18
block 16 18
block 17 18
block 18 18
block 32 18
block 33 18
block 34 18
block 45 18
block 46 18
block 47 18
block 48 18
block 49 18
block 0 19
block 1 19
block 2 19
block 3 19
block 13 19
block 14 19
block 15 19
block 16 19
block 17 19
block 32 19
block 33 19
block 34 19
block 35 19
block 36 19
block 37 19
block 38 19
block 39 19
block 45 19
block 46 19
block 47 19
block 48 19
block 49 19
block 59 19
block 60 19
block 61 19
block 0 20
block 1 20
block 2 20
block 3 20
block 13 20
block 14 20
block 15 20
block 16 20
block 32 20
block 33 20
block 34 20
block 35 20
block 36 20
block 37 20
block 38 20
block 39 20
block 59 20
block 60 20
block 61 20
block 32 21
block 33 21
block 34 21
block 32 22
block 33 22
block 34 22
block 47 23
block 48 23
block 49 23
block 50 23
block 51 23
block 52 23
block 53 23
block 37 24
block 38 24
block 39 24
block 47 24
block 48 24
block 49 24
block 50 24
block 51 24
block 52 24
block 53 24
block 1 25
block 2 25
block 3 25
block 4 25
block 37 25
block 38 25
block 39 25
block 1 26
block 2 26
block 3 26
block 4 26
block 37 26
block 38 26
block 39 26
block 1 27
block 2 27
block 3 27
block 4 27
block 26 27
block 27 27
block 28 27
block 29 27
block 30 27
block 31 27
block 32 27
block 33 27
block 34 27
block 37 27
block 38 27
block 39 27
block 26 28
block 27 28
block 28 28
block 29 28
block 30 28
block 31 28
block 32 28
block 33 28
block 34 28
block 37 28
block 38 28
block 39 28
block 26 29
block 27 29
block 28 29
block 29 29
block 30 29
block 31 29
block 32 29
block 33 29
block 34 29
block 33 30
block 34 30
##BotsAndCoinsInfo
bot_name 0 starter-bot
bot 0 53 19
bot_coins 0 0
coin 6 10
coin 55 20
round 1
bot 0 54 20
coin_collected 55 20 0
bot_coins 0 1
round 2
bot 0 54 21
round 3
bot 0 54 22
round 4
bot 0 54 23
round 5
bot 0 54 24
coin 34 23
coin 27 7
round 6
bot 0 54 25
round 7
bot 0 54 26
round 8
bot 0 54 27
round 9
bot 0 54 28
round 10
bot 0 54 29
coin 2 28
coin 59 2
round 11
bot 0 54 30
round 12
bot 0 53 29
round 13
bot 0 53 28
round 14
bot 0 53 27
round 15
bot 0 53 26
coin 3 1
coin 58 29
round 16
bot 0 53 25
round 17
bot 0 52 25
round 18
bot 0 51 25
round 19
bot 0 50 25
round 20
bot 0 49 25
coin 23 3
coin 40 27
round 21
bot 0 48 25
round 22
bot 0 47 25
round 23
bot 0 46 25
round 24
bot 0 46 24
round 25
bot 0 46 23
coin 35 0
coin 26 30
round 26
bot 0 46 22
round 27
bot 0 46 21
round 28
bot 0 46 20
round 29
bot 0 45 20
round 30
bot 0 44 20
coin 12 27
coin 49 3
round 31
bot 0 44 19
round 32
bot 0 44 18
round 33
bot 0 44 17
round 34
bot 0 44 16
round 35
bot 0 44 15
coin 58 19
coin 3 11
round 36
bot 0 44 14
round 37
bot 0 44 13
round 38
bot 0 44 12
round 39
bot 0 44 11
round 40
bot 0 44 10
coin 14 21
coin 47 9
round 41
bot 0 44 9
round 42
bot 0 45 8
round 43
bot 0 46 9
coin_collected 47 9 0
bot_coins 0 2
round 44
bot 0 46 8
round 45
bot 0 46 7
coin 49 20
coin 12 10
round 46
bot 0 47 8
round 47
bot 0 47 7
round 48
bot 0 47 6
round 49
bot 0 48 5
round 50
bot 0 49 4
coin_collected 49 3 0
bot_coins 0 3
coin 14 8
coin 47 22
round 51
bot 0 49 3
round 52
bot 0 49 2
round 53
bot 0 49 1
round 54
bot 0 49 0
round 55
bot 0 48 1
coin 58 18
coin 3 12
round 56
bot 0 48 2
round 57
bot 0 48 3
round 58
bot 0 48 4
round 59
bot 0 48 5
round 60
bot 0 48 6
coin 55 18
coin 6 12
round 61
bot 0 48 7
round 62
bot 0 48 8
round 63
bot 0 48 9
round 64
bot 0 48 10
round 65
bot 0 48 11
coin 6 18
coin 55 12
round 66
bot 0 48 12
round 67
bot 0 48 13
round 68
bot 0 48 14
round 69
bot 0 48 15
round 70
bot 0 47 15
coin 51 21
coin 10 9
round 71
round 72
bot 0 47 14
round 73
bot 0 47 13
round 74
bot 0 47 12
round 75
bot 0 47 11
coin 54 26
coin 7 4
round 76
bot 0 47 10
round 77
bot 0 47 9
round 78
bot 0 47 8
round 79
bot 0 47 7
round 80
bot 0 47 6
coin 22 17
coin 39 13
round 81
bot 0 47 5
round 82
bot 0 47 4
round 83
bot 0 47 3
round 84
bot 0 47 2
round 85
bot 0 47 1
coin 13 22
coin 48 8
round 86
bot 0 47 0
round 87
bot 0 46 1
round 88
bot 0 46 2
round 89
bot 0 46 3
round 90
bot 0 46 4
coin 4 20
coin 57 10
round 91
bot 0 47 3
round 92
bot 0 47 4
round 93
bot 0 48 3
round 94
bot 0 48 4
round 95
bot 0 47 5
coin 25 24
coin 36 6
round 96
bot 0 48 6
coin_collected 48 8 0
bot_coins 0 4
round 97
bot 0 48 7
round 98
bot 0 48 8
round 99
bot 0 48 9
round 100
bot 0 48 10
coin 53 19
coin 8 11
round 101
bot 0 48 11
round 102
bot 0 48 12
round 103
bot 0 48 13
round 104
bot 0 48 14
round 105
bot 0 48 15
coin 25 6
coin 36 24
round 106
bot 0 47 15
round 107
bot 0 48 14
round 108
bot 0 48 13
round 109
bot 0 48 12
round 110
bot 0 48 11
coin 25 12
coin 36 18
round 111
bot 0 48 10
round 112
bot 0 48 9
round 113
bot 0 48 8
round 114
bot 0 48 7
round 115
bot 0 48 6
coin 25 29
coin 36 1
round 116
bot 0 48 5
round 117
bot 0 48 4
round 118
bot 0 48 3
round 119
bot 0 48 2
round 120
bot 0 48 1
coin 21 4
coin 40 26
round 121
bot 0 48 0
round 122
bot 0 47 1
round 123
bot 0 47 2
round 124
bot 0 47 3
round 125
bot 0 47 4
coin 49 30
coin 12 0
round 126
bot 0 47 5
round 127
bot 0 47 6
round 128
bot 0 47 7
round 129
bot 0 47 8
round 130
bot 0 47 9
coin 6 1
coin 55 29
round 131
bot 0 47 10
round 132
bot 0 47 11
round 133
bot 0 47 12
round 134
bot 0 47 13
round 135
bot 0 47 14
coin 34 11
coin 27 19
round 136
bot 0 47 15
round 137
bot 0 47 14
round 138
bot 0 47 13
round 139
bot 0 47 12
round 140
bot 0 47 11
coin 31 22
coin 30 8
round 141
bot 0 47 10
round 142
bot 0 47 9
round 143
bot 0 47 8
round 144
bot 0 47 7
round 145
bot 0 47 6
coin 15 14
coin 47 15
round 146
bot 0 47 5
round 147
bot 0 47 4
round 148
bot 0 47 3
round 149
bot 0 47 2
round 150
bot 0 48 3
coin 61 22
coin 0 8
round 151
bot 0 49 4
round 152
bot 0 49 3
round 153
bot 0 48 4
round 154
bot 0 48 3
round 155
bot 0 49 4
coin 18 22
coin 44 8
round 156
bot 0 49 3
round 157
bot 0 48 4
round 158
bot 0 48 3
round 159
bot 0 49 4
round 160
bot 0 49 3
coin 42 27
coin 19 3
round 161
bot 0 48 4
round 162
bot 0 48 3
round 163
bot 0 49 4
round 164
bot 0 49 3
round 165
bot 0 48 4
coin 42 7
coin 19 23
round 166
bot 0 48 3
round 167
bot 0 49 4
round 168
bot 0 49 3
round 169
bot 0 48 4
round 170
bot 0 48 3
coin 13 4
coin 48 26
round 171
bot 0 49 4
round 172
bot 0 49 3
round 173
bot 0 48 4
round 174
bot 0 48 3
round 175
bot 0 49 4
coin 52 17
coin 9 13
round 176
bot 0 49 3
round 177
bot 0 48 4
round 178
bot 0 48 3
round 179
bot 0 49 4
round 180
bot 0 49 3
coin 59 3
coin 3 28
round 181
bot 0 48 4
round 182
bot 0 48 3
round 183
bot 0 49 4
round 184
bot 0 49 3
round 185
bot 0 48 4
coin 27 30
coin 35 30
round 186
bot 0 48 3
round 187
bot 0 49 4
round 188
bot 0 49 3
round 189
bot 0 48 4
round 190
bot 0 48 3
coin 56 13
coin 5 17
round 191
bot 0 49 4
round 192
bot 0 49 3
round 193
bot 0 48 4
round 194
bot 0 48 3
round 195
bot 0 49 4
coin 27 20
coin 34 10
round 196
bot 0 49 3
round 197
bot 0 48 4
round 198
bot 0 48 3
round 199
bot 0 49 4
round 200
bot 0 49 3
coin 52 22
coin 9 8
match_over 0
