match
match_id 1639430802792_af
match_time 1639430802795
num_bots 1
##MatchConfig
mode FRIENDLY
num_rounds 200
random_seed 42
move_time_limit 1000
coin_spawn_period 5
coin_spawn_volume 2
##MapConfig
map_size 62 26
view_radius 5
mining_radius 2
attack_radius 3
block 22 0
block 23 0
block 24 0
block 25 0
block 26 0
block 27 0
block 28 0
block 29 0
block 30 0
block 41 0
block 42 0
block 43 0
block 44 0
block 45 0
block 46 0
block 47 0
block 22 1
block 23 1
block 24 1
block 25 1
block 26 1
block 27 1
block 28 1
block 29 1
block 30 1
block 41 1
block 42 1
block 43 1
block 44 1
block 45 1
block 46 1
block 47 1
block 5 2
block 6 2
block 7 2
block 8 2
block 22 2
block 23 2
block 24 2
block 25 2
block 26 2
block 27 2
block 28 2
block 29 2
block 30 2
block 41 2
block 42 2
block 43 2
block 44 2
block 45 2
block 46 2
block 47 2
block 5 3
block 6 3
block 7 3
block 8 3
block 10 3
block 11 3
block 12 3
block 13 3
block 14 3
block 22 3
block 23 3
block 24 3
block 25 3
block 26 3
block 27 3
block 28 3
block 29 3
block 30 3
block 10 4
block 11 4
block 12 4
block 13 4
block 14 4
block 36 4
block 37 4
block 38 4
block 39 4
block 0 5
block 1 5
block 36 5
block 37 5
block 38 5
block 39 5
block 0 6
block 1 6
block 36 6
block 37 6
block 38 6
block 39 6
block 58 6
block 59 6
block 60 6
block 61 6
block 0 7
block 1 7
block 36 7
block 37 7
block 38 7
block 39 7
block 58 7
block 59 7
block 60 7
block 61 7
block 0 8
block 1 8
block 36 8
block 37 8
block 38 8
block 39 8
block 49 8
block 50 8
block 51 8
block 52 8
block 58 8
block 59 8
block 60 8
block 61 8
block 0 9
block 1 9
block 24 9
block 25 9
block 26 9
block 27 9
block 49 9
block 50 9
block 51 9
block 52 9
block 58 9
block 59 9
block 60 9
block 61 9
block 24 10
block 25 10
block 26 10
block 27 10
block 47 10
block 48 10
block 49 10
block 50 10
block 51 10
block 52 10
block 53 10
block 9 11
block 10 11
block 11 11
block 12 11
block 13 11
block 14 11
block 15 11
block 24 11
block 25 11
block 26 11
block 27 11
block 28 11
block 29 11
block 47 11
block 48 11
block 49 11
block 50 11
block 51 11
block 52 11
block 53 11
block 9 12
block 10 12
block 11 12
block 12 12
block 13 12
block 14 12
block 15 12
block 24 12
block 25 12
block 26 12
block 27 12
block 28 12
block 29 12
block 47 12
block 48 12
block 49 12
block 50 12
block 51 12
block 52 12
block 53 12
block 55 12
block 56 12
block 57 12
block 58 12
block 59 12
block 9 13
block 10 13
block 11 13
block 12 13
block 13 13
block 14 13
block 15 13
block 24 13
block 25 13
block 26 13
block 27 13
block 28 13
block 29 13
block 30 13
block 31 13
block 32 13
block 33 13
block 34 13
block 47 13
block 48 13
block 49 13
block 50 13
block 51 13
block 52 13
block 53 13
block 55 13
block 56 13
block 57 13
block 58 13
block 59 13
block 24 14
block 25 14
block 26 14
block 27 14
block 28 14
block 29 14
block 30 14
block 31 14
block 32 14
block 33 14
block 34 14
block 47 14
block 48 14
block 49 14
block 50 14
block 51 14
block 52 14
block 53 14
block 55 14
block 56 14
block 57 14
block 58 14
block 59 14
block 10 15
block 11 15
block 26 15
block 27 15
block 28 15
block 29 15
block 30 15
block 31 15
block 32 15
block 33 15
block 34 15
block 46 15
block 47 15
block 48 15
block 49 15
block 50 15
block 51 15
block 52 15
block 53 15
block 55 15
block 56 15
block 57 15
block 58 15
block 59 15
block 8 16
block 9 16
block 10 16
block 11 16
block 26 16
block 27 16
block 28 16
block 29 16
block 30 16
block 31 16
block 32 16
block 33 16
block 34 16
block 46 16
block 47 16
block 48 16
block 55 16
block 56 16
block 57 16
block 58 16
block 59 16
block 8 17
block 9 17
block 10 17
block 11 17
block 28 17
block 29 17
block 30 17
block 31 17
block 32 17
block 33 17
block 34 17
block 46 17
block 47 17
block 48 17
block 55 17
block 56 17
block 57 17
block 58 17
block 59 17
block 8 18
block 9 18
block 10 18
block 11 18
block 29 18
block 30 18
block 31 18
block 32 18
block 33 18
block 34 18
block 37 18
block 38 18
block 39 18
block 46 18
block 47 18
block 48 18
block 55 18
block 56 18
block 57 18
block 58 18
block 59 18
block 8 19
block 9 19
block 10 19
block 11 19
block 37 19
block 38 19
block 39 19
block 46 19
block 47 19
block 48 19
block 10 20
block 11 20
block 37 20
block 38 20
block 39 20
block 19 21
block 20 21
block 21 21
block 22 21
block 37 21
block 38 21
block 39 21
block 19 22
block 20 22
block 21 22
block 22 22
block 37 22
block 38 22
block 39 22
block 19 23
block 20 23
block 21 23
block 22 23
block 26 23
block 27 23
block 28 23
block 29 23
block 30 23
block 37 23
block 38 23
block 39 23
block 41 23
block 42 23
block 43 23
block 44 23
block 45 23
block 46 23
block 47 23
block 19 24
block 20 24
block 21 24
block 22 24
block 26 24
block 27 24
block 28 24
block 29 24
block 30 24
block 41 24
block 42 24
block 43 24
block 44 24
block 45 24
block 46 24
block 47 24
block 26 25
block 27 25
block 28 25
block 29 25
block 30 25
block 41 25
block 42 25
block 43 25
block 44 25
block 45 25
block 46 25
block 47 25
##BotsAndCoinsInfo
bot_name 0 starter-bot
bot 0 48 2
bot_coins 0 0
coin 6 7
coin 55 19
round 1
bot 0 48 3
round 2
bot 0 48 4
round 3
bot 0 48 5
round 4
bot 0 48 6
round 5
bot 0 48 7
coin 34 12
coin 25 15
round 6
bot 0 48 8
round 7
bot 0 48 9
round 8
bot 0 47 9
round 9
bot 0 46 9
round 10
bot 0 46 10
coin 2 17
coin 57 8
round 11
bot 0 46 11
round 12
bot 0 46 12
round 13
bot 0 46 13
round 14
bot 0 46 14
round 15
bot 0 45 14
coin 3 16
coin 58 10
round 16
bot 0 45 15
round 17
bot 0 45 16
round 18
bot 0 45 17
round 19
bot 0 45 18
round 20
bot 0 45 19
coin 23 15
coin 38 10
round 21
bot 0 45 20
round 22
bot 0 45 21
round 23
bot 0 45 22
round 24
bot 0 44 22
round 25
bot 0 43 22
coin 34 0
coin 25 25
round 26
bot 0 42 22
round 27
bot 0 41 22
round 28
bot 0 40 22
round 29
bot 0 40 23
round 30
bot 0 40 24
coin 12 6
coin 49 19
round 31
bot 0 40 25
round 32
bot 0 39 24
round 33
bot 0 38 24
round 34
bot 0 37 24
round 35
bot 0 36 24
coin 58 4
coin 3 21
round 36
bot 0 35 23
round 37
bot 0 34 22
round 38
bot 0 33 21
round 39
bot 0 33 20
round 40
bot 0 33 19
coin 14 8
coin 49 17
round 41
bot 0 32 19
round 42
bot 0 31 19
round 43
bot 0 30 19
round 44
bot 0 29 19
round 45
bot 0 28 19
coin 49 25
coin 12 0
round 46
bot 0 28 18
round 47
bot 0 27 18
round 48
bot 0 27 17
round 49
bot 0 26 17
round 50
bot 0 25 17
coin_collected 25 15 0
bot_coins 0 1
coin 14 17
coin 47 8
round 51
bot 0 24 16
coin_collected 23 15 0
bot_coins 0 2
round 52
bot 0 24 15
round 53
bot 0 23 15
round 54
bot 0 23 14
round 55
bot 0 23 13
coin 60 17
coin 2 8
round 56
bot 0 23 12
round 57
bot 0 23 11
round 58
bot 0 23 10
round 59
bot 0 23 9
round 60
bot 0 23 8
coin 55 21
coin 6 4
round 61
bot 0 23 7
round 62
bot 0 23 6
round 63
bot 0 23 5
round 64
bot 0 23 4
round 65
bot 0 22 4
coin 6 6
coin 55 20
round 66
bot 0 21 4
round 67
bot 0 21 3
round 68
bot 0 21 2
round 69
bot 0 21 1
round 70
bot 0 20 1
coin 51 24
coin 10 1
round 71
bot 0 20 0
round 72
bot 0 19 1
round 73
bot 0 19 2
round 74
bot 0 19 3
round 75
bot 0 19 4
coin 54 10
coin 7 15
round 76
bot 0 19 5
round 77
bot 0 19 6
round 78
bot 0 19 7
round 79
bot 0 19 8
round 80
bot 0 19 9
coin 22 7
coin 39 17
round 81
bot 0 20 8
round 82
bot 0 21 7
coin_collected 22 7 0
bot_coins 0 3
round 83
bot 0 21 8
round 84
bot 0 21 9
round 85
bot 0 21 10
coin 13 21
coin 48 4
round 86
bot 0 21 11
round 87
bot 0 21 12
round 88
bot 0 21 13
round 89
bot 0 21 14
round 90
bot 0 21 15
coin 4 11
coin 54 14
round 91
bot 0 21 16
round 92
bot 0 21 17
round 93
bot 0 21 18
round 94
bot 0 21 19
round 95
bot 0 21 20
coin 23 10
coin 38 15
round 96
bot 0 20 20
round 97
bot 0 19 20
round 98
bot 0 18 20
round 99
bot 0 18 21
round 100
bot 0 18 22
coin 53 5
coin 8 20
round 101
bot 0 18 23
round 102
bot 0 18 24
round 103
bot 0 18 25
round 104
bot 0 17 24
round 105
bot 0 17 23
coin 25 4
coin 36 21
round 106
bot 0 16 22
round 107
bot 0 15 21
coin_collected 13 21 0
bot_coins 0 4
round 108
bot 0 14 20
round 109
bot 0 13 19
round 110
bot 0 14 18
coin_collected 14 17 0
bot_coins 0 5
coin 24 4
coin 36 22
round 111
bot 0 14 17
round 112
bot 0 14 16
round 113
bot 0 14 15
round 114
bot 0 14 14
round 115
bot 0 13 14
coin 25 21
coin 35 4
round 116
bot 0 12 14
round 117
bot 0 11 14
round 118
bot 0 10 14
round 119
bot 0 9 14
round 120
bot 0 8 14
coin_collected 7 15 0
bot_coins 0 6
coin 23 23
coin 38 2
round 121
bot 0 8 13
round 122
bot 0 7 12
round 123
bot 0 6 11
coin_collected 4 11 0
bot_coins 0 7
round 124
bot 0 6 10
round 125
bot 0 5 9
coin 49 18
coin 12 7
round 126
bot 0 4 8
coin_collected 2 8 0
bot_coins 0 8
round 127
bot 0 5 7
coin_collected 6 6 0
bot_coins 0 9
coin_collected 6 7 0
bot_coins 0 10
round 128
bot 0 6 6
coin_collected 6 4 0
bot_coins 0 11
round 129
bot 0 6 5
round 130
bot 0 6 4
coin 6 1
coin 55 24
round 131
bot 0 5 4
round 132
bot 0 4 4
round 133
bot 0 5 4
round 134
bot 0 4 4
round 135
bot 0 5 5
coin 35 16
coin 26 8
round 136
bot 0 6 4
round 137
bot 0 5 4
round 138
bot 0 4 4
round 139
bot 0 4 3
round 140
bot 0 4 2
coin 31 12
coin 30 12
round 141
bot 0 5 1
coin_collected 6 1 0
bot_coins 0 12
round 142
bot 0 5 0
round 143
bot 0 4 1
round 144
bot 0 4 2
round 145
bot 0 4 3
coin 15 1
coin 46 22
round 146
bot 0 4 4
round 147
bot 0 3 4
round 148
bot 0 3 5
round 149
bot 0 3 6
round 150
bot 0 3 7
coin 61 10
coin 0 15
round 151
bot 0 3 8
round 152
bot 0 4 9
round 153
bot 0 4 10
round 154
bot 0 4 11
round 155
bot 0 4 12
coin 18 9
coin 43 16
round 156
bot 0 3 13
round 157
bot 0 3 14
coin_collected 3 16 0
bot_coins 0 13
round 158
bot 0 2 15
coin_collected 2 17 0
bot_coins 0 14
coin_collected 0 15 0
bot_coins 0 15
round 159
bot 0 3 16
round 160
bot 0 3 17
coin 42 6
coin 19 19
round 161
bot 0 3 18
round 162
bot 0 2 19
round 163
bot 0 3 18
round 164
bot 0 2 19
round 165
bot 0 3 18
coin 42 15
coin 19 10
round 166
bot 0 2 19
round 167
bot 0 3 18
round 168
bot 0 4 18
round 169
bot 0 5 19
round 170
bot 0 6 20
coin_collected 8 20 0
bot_coins 0 16
coin 13 5
coin 48 20
round 171
bot 0 5 21
coin_collected 3 21 0
bot_coins 0 17
round 172
bot 0 5 22
round 173
bot 0 5 23
round 174
bot 0 5 24
round 175
bot 0 5 25
coin 52 21
coin 9 4
round 176
bot 0 4 24
round 177
bot 0 4 23
round 178
bot 0 4 22
round 179
bot 0 4 21
round 180
bot 0 4 20
coin 60 13
coin 1 12
round 181
bot 0 4 19
round 182
bot 0 4 18
round 183
bot 0 4 17
round 184
bot 0 4 16
round 185
bot 0 4 15
coin 27 7
coin 35 18
round 186
bot 0 3 14
round 187
bot 0 2 13
coin_collected 1 12 0
bot_coins 0 18
round 188
bot 0 3 12
round 189
bot 0 4 11
round 190
bot 0 4 10
coin 56 20
coin 5 5
round 191
bot 0 4 9
round 192
bot 0 5 8
round 193
bot 0 4 7
round 194
bot 0 5 6
coin_collected 5 5 0
bot_coins 0 19
round 195
bot 0 6 5
coin 27 21
coin 34 4
round 196
bot 0 7 4
coin_collected 9 4 0
bot_coins 0 20
round 197
bot 0 6 4
round 198
bot 0 5 4
round 199
round 200
bot 0 4 4
coin 52 24
coin 9 1
match_over 0
