match
match_id 1639175004240_fb
match_time 1639175004244
num_bots 1
##MatchConfig
mode FRIENDLY
num_rounds 200
random_seed 42
move_time_limit 1000
coin_spawn_period 5
coin_spawn_volume 2
##MapConfig
map_size 60 28
view_radius 5
mining_radius 1
attack_radius 3
block 16 0
block 17 0
block 18 0
block 19 0
block 0 1
block 1 1
block 2 1
block 3 1
block 16 1
block 17 1
block 18 1
block 19 1
block 57 1
block 58 1
block 59 1
block 0 2
block 1 2
block 2 2
block 3 2
block 57 2
block 58 2
block 59 2
block 0 3
block 1 3
block 2 3
block 3 3
block 57 3
block 58 3
block 59 3
block 0 4
block 1 4
block 2 4
block 3 4
block 22 4
block 23 4
block 24 4
block 25 4
block 26 4
block 57 4
block 58 4
block 59 4
block 0 5
block 1 5
block 2 5
block 3 5
block 22 5
block 23 5
block 24 5
block 25 5
block 26 5
block 57 5
block 58 5
block 59 5
block 22 6
block 23 6
block 24 6
block 25 6
block 26 6
block 34 6
block 35 6
block 36 6
block 37 6
block 38 6
block 39 6
block 22 7
block 23 7
block 24 7
block 25 7
block 26 7
block 34 7
block 35 7
block 36 7
block 37 7
block 38 7
block 39 7
block 55 7
block 56 7
block 57 7
block 58 7
block 22 8
block 23 8
block 24 8
block 25 8
block 26 8
block 55 8
block 56 8
block 57 8
block 58 8
block 22 9
block 23 9
block 24 9
block 25 9
block 26 9
block 55 9
block 56 9
block 57 9
block 58 9
block 22 10
block 23 10
block 24 10
block 25 10
block 26 10
block 28 10
block 29 10
block 30 10
block 31 10
block 32 10
block 55 10
block 56 10
block 57 10
block 58 10
block 28 11
block 29 11
block 30 11
block 31 11
block 32 11
block 28 12
block 29 12
block 30 12
block 31 12
block 32 12
block 1 13
block 2 13
block 3 13
block 4 13
block 19 13
block 20 13
block 21 13
block 22 13
block 23 13
block 1 14
block 2 14
block 3 14
block 4 14
block 19 14
block 20 14
block 21 14
block 22 14
block 23 14
block 56 14
block 57 14
block 1 15
block 2 15
block 3 15
block 4 15
block 5 15
block 6 15
block 7 15
block 8 15
block 19 15
block 20 15
block 21 15
block 22 15
block 23 15
block 56 15
block 57 15
block 1 16
block 2 16
block 3 16
block 4 16
block 5 16
block 6 16
block 7 16
block 8 16
block 18 16
block 19 16
block 20 16
block 21 16
block 22 16
block 23 16
block 26 16
block 27 16
block 28 16
block 29 16
block 56 16
block 57 16
block 1 17
block 2 17
block 3 17
block 4 17
block 5 17
block 6 17
block 7 17
block 8 17
block 18 17
block 19 17
block 20 17
block 21 17
block 22 17
block 23 17
block 26 17
block 27 17
block 28 17
block 29 17
block 56 17
block 57 17
block 1 18
block 2 18
block 3 18
block 4 18
block 5 18
block 6 18
block 18 18
block 19 18
block 20 18
block 21 18
block 22 18
block 23 18
block 56 18
block 57 18
block 1 19
block 2 19
block 3 19
block 4 19
block 5 19
block 6 19
block 18 19
block 19 19
block 20 19
block 21 19
block 22 19
block 23 19
block 56 19
block 57 19
block 18 20
block 19 20
block 20 20
block 21 20
block 22 20
block 23 20
block 37 20
block 38 20
block 39 20
block 40 20
block 41 20
block 42 20
block 43 20
block 22 21
block 23 21
block 24 21
block 37 21
block 38 21
block 39 21
block 40 21
block 41 21
block 42 21
block 43 21
block 22 22
block 23 22
block 24 22
block 37 22
block 38 22
block 39 22
block 40 22
block 41 22
block 42 22
block 43 22
block 18 23
block 19 23
block 20 23
block 22 23
block 23 23
block 24 23
block 37 23
block 38 23
block 39 23
block 40 23
block 41 23
block 42 23
block 43 23
block 18 24
block 19 24
block 20 24
block 37 24
block 38 24
block 39 24
block 40 24
block 41 24
block 42 24
block 43 24
block 7 25
block 8 25
block 9 25
block 10 25
block 11 25
block 12 25
block 13 25
block 18 25
block 19 25
block 20 25
block 37 25
block 38 25
block 39 25
block 40 25
block 41 25
block 42 25
block 43 25
block 7 26
block 8 26
block 9 26
block 10 26
block 11 26
block 12 26
block 13 26
block 16 26
block 17 26
block 18 26
block 19 26
block 20 26
block 37 26
block 38 26
block 39 26
block 40 26
block 41 26
block 42 26
block 43 26
block 7 27
block 8 27
block 9 27
block 10 27
block 11 27
block 12 27
block 13 27
block 16 27
block 17 27
block 18 27
block 19 27
block 20 27
##BotsAndCoinsInfo
bot_name 0 starter-bot
bot 0 53 20
bot_coins 0 0
coin 50 19
coin 9 8
round 1
round 2
round 3
round 4
bot 0 53 21
round 5
bot 0 53 22
coin 48 24
coin 11 3
round 6
bot 0 53 23
round 7
bot 0 53 24
round 8
bot 0 53 25
round 9
bot 0 53 26
round 10
bot 0 53 27
coin 30 25
coin 29 2
round 11
bot 0 52 26
round 12
bot 0 52 25
round 13
bot 0 52 24
round 14
bot 0 52 23
round 15
bot 0 52 22
coin 5 10
coin 54 17
round 16
bot 0 52 21
round 17
bot 0 52 20
round 18
bot 0 52 19
round 19
bot 0 52 18
round 20
coin 17 17
coin 42 10
round 21
round 22
match_over 0
round 23
