match
match_id 1639170756459_cy
match_time 1639170756465
num_bots 1
##MatchConfig
mode FRIENDLY
num_rounds 200
random_seed 42
move_time_limit 1000
coin_spawn_period 5
coin_spawn_volume 2
##MapConfig
map_size 65 31
view_radius 6
mining_radius 1
attack_radius 4
block 18 0
block 19 0
block 20 0
block 21 0
block 22 0
block 23 0
block 24 0
block 25 0
block 26 0
block 18 1
block 19 1
block 20 1
block 21 1
block 22 1
block 23 1
block 24 1
block 25 1
block 26 1
block 44 1
block 45 1
block 18 2
block 19 2
block 20 2
block 21 2
block 22 2
block 23 2
block 24 2
block 25 2
block 44 2
block 45 2
block 12 3
block 13 3
block 14 3
block 15 3
block 18 3
block 19 3
block 20 3
block 21 3
block 22 3
block 23 3
block 24 3
block 25 3
block 35 3
block 36 3
block 37 3
block 38 3
block 39 3
block 40 3
block 44 3
block 45 3
block 12 4
block 13 4
block 14 4
block 15 4
block 18 4
block 19 4
block 20 4
block 21 4
block 22 4
block 23 4
block 24 4
block 25 4
block 35 4
block 36 4
block 37 4
block 38 4
block 39 4
block 40 4
block 12 5
block 13 5
block 14 5
block 15 5
block 18 5
block 19 5
block 20 5
block 21 5
block 22 5
block 23 5
block 24 5
block 25 5
block 26 5
block 27 5
block 28 5
block 29 5
block 30 5
block 35 5
block 36 5
block 37 5
block 38 5
block 39 5
block 40 5
block 44 5
block 45 5
block 46 5
block 47 5
block 48 5
block 12 6
block 13 6
block 14 6
block 15 6
block 23 6
block 24 6
block 25 6
block 26 6
block 27 6
block 28 6
block 29 6
block 30 6
block 35 6
block 36 6
block 37 6
block 38 6
block 39 6
block 40 6
block 44 6
block 45 6
block 46 6
block 47 6
block 48 6
block 49 6
block 3 7
block 4 7
block 5 7
block 12 7
block 13 7
block 14 7
block 15 7
block 23 7
block 24 7
block 25 7
block 26 7
block 27 7
block 28 7
block 29 7
block 30 7
block 35 7
block 36 7
block 37 7
block 38 7
block 39 7
block 40 7
block 44 7
block 45 7
block 46 7
block 47 7
block 48 7
block 49 7
block 3 8
block 4 8
block 5 8
block 7 8
block 8 8
block 9 8
block 10 8
block 11 8
block 12 8
block 13 8
block 14 8
block 15 8
block 23 8
block 24 8
block 25 8
block 26 8
block 27 8
block 28 8
block 29 8
block 30 8
block 35 8
block 36 8
block 37 8
block 38 8
block 39 8
block 40 8
block 44 8
block 45 8
block 46 8
block 47 8
block 48 8
block 49 8
block 3 9
block 4 9
block 5 9
block 7 9
block 8 9
block 9 9
block 10 9
block 11 9
block 12 9
block 13 9
block 14 9
block 15 9
block 16 9
block 17 9
block 18 9
block 23 9
block 24 9
block 25 9
block 26 9
block 27 9
block 28 9
block 29 9
block 30 9
block 48 9
block 49 9
block 3 10
block 4 10
block 5 10
block 6 10
block 7 10
block 10 10
block 11 10
block 12 10
block 14 10
block 15 10
block 16 10
block 17 10
block 18 10
block 25 10
block 26 10
block 27 10
block 28 10
block 29 10
block 30 10
block 48 10
block 49 10
block 3 11
block 4 11
block 5 11
block 6 11
block 7 11
block 10 11
block 11 11
block 12 11
block 14 11
block 15 11
block 16 11
block 17 11
block 18 11
block 25 11
block 26 11
block 27 11
block 28 11
block 29 11
block 30 11
block 48 11
block 49 11
block 14 12
block 15 12
block 16 12
block 17 12
block 18 12
block 32 12
block 33 12
block 34 12
block 48 12
block 49 12
block 14 13
block 15 13
block 16 13
block 17 13
block 18 13
block 32 13
block 33 13
block 34 13
block 14 14
block 15 14
block 16 14
block 17 14
block 18 14
block 32 14
block 33 14
block 34 14
block 32 15
block 33 15
block 34 15
block 37 15
block 38 15
block 39 15
block 40 15
block 41 15
block 42 15
block 43 15
block 32 16
block 33 16
block 34 16
block 37 16
block 38 16
block 39 16
block 40 16
block 41 16
block 42 16
block 43 16
block 32 17
block 33 17
block 34 17
block 40 18
block 41 18
block 42 18
block 43 18
block 21 19
block 22 19
block 23 19
block 40 19
block 41 19
block 42 19
block 43 19
block 46 19
block 47 19
block 48 19
block 49 19
block 50 19
block 51 19
block 52 19
block 6 20
block 7 20
block 8 20
block 9 20
block 10 20
block 21 20
block 22 20
block 23 20
block 40 20
block 41 20
block 42 20
block 43 20
block 46 20
block 47 20
block 48 20
block 49 20
block 50 20
block 51 20
block 52 20
block 6 21
block 7 21
block 8 21
block 9 21
block 10 21
block 21 21
block 22 21
block 23 21
block 40 21
block 41 21
block 42 21
block 43 21
block 46 21
block 47 21
block 48 21
block 49 21
block 50 21
block 51 21
block 52 21
block 6 22
block 7 22
block 8 22
block 9 22
block 10 22
block 21 22
block 22 22
block 23 22
block 40 22
block 41 22
block 42 22
block 43 22
block 46 22
block 47 22
block 48 22
block 49 22
block 50 22
block 51 22
block 52 22
block 6 23
block 7 23
block 8 23
block 9 23
block 10 23
block 21 23
block 22 23
block 23 23
block 35 23
block 36 23
block 37 23
block 38 23
block 39 23
block 40 23
block 46 23
block 47 23
block 48 23
block 49 23
block 50 23
block 51 23
block 52 23
block 21 24
block 22 24
block 23 24
block 24 24
block 25 24
block 26 24
block 27 24
block 35 24
block 36 24
block 37 24
block 38 24
block 39 24
block 40 24
block 53 24
block 54 24
block 9 25
block 10 25
block 11 25
block 12 25
block 13 25
block 14 25
block 21 25
block 22 25
block 23 25
block 24 25
block 25 25
block 26 25
block 27 25
block 35 25
block 36 25
block 37 25
block 38 25
block 39 25
block 40 25
block 53 25
block 54 25
block 9 26
block 10 26
block 11 26
block 12 26
block 13 26
block 14 26
block 21 26
block 22 26
block 23 26
block 24 26
block 25 26
block 26 26
block 27 26
block 35 26
block 36 26
block 37 26
block 38 26
block 39 26
block 40 26
block 53 26
block 54 26
block 9 27
block 10 27
block 11 27
block 12 27
block 13 27
block 14 27
block 21 27
block 22 27
block 23 27
block 24 27
block 25 27
block 26 27
block 27 27
block 9 28
block 10 28
block 11 28
block 12 28
block 13 28
block 14 28
block 22 28
block 23 28
block 24 28
block 25 28
block 26 28
block 27 28
block 22 29
block 23 29
block 24 29
block 25 29
block 26 29
block 27 29
block 22 30
block 23 30
block 24 30
block 25 30
block 26 30
block 27 30
##BotsAndCoinsInfo
bot_name 0 starter-bot
bot 0 1 11
bot_coins 0 0
coin 0 10
coin 64 20
round 1
bot 0 1 12
round 2
bot 0 1 13
round 3
bot 0 1 14
round 4
bot 0 1 15
round 5
bot 0 1 16
coin 48 24
coin 16 6
round 6
bot 0 1 17
round 7
bot 0 1 18
round 8
bot 0 1 19
round 9
bot 0 1 20
round 10
bot 0 1 21
coin 0 28
coin 64 2
round 11
bot 0 1 22
round 12
bot 0 1 23
round 13
bot 0 1 24
round 14
bot 0 1 25
round 15
bot 0 1 26
coin 0 1
coin 64 29
round 16
bot 0 1 27
round 17
bot 0 1 28
coin_collected 0 28 0
bot_coins 0 1
round 18
bot 0 1 29
round 19
bot 0 1 30
round 20
coin 29 3
coin 35 27
round 21
round 22
match_over 0
round 23
