match
match_id 1639174958910_fa
match_time 1639174958922
num_bots 1
##MatchConfig
mode FRIENDLY
num_rounds 200
random_seed 42
move_time_limit 1000
coin_spawn_period 5
coin_spawn_volume 2
##MapConfig
map_size 75 39
view_radius 6
mining_radius 1
attack_radius 3
block 4 0
block 5 0
block 7 0
block 8 0
block 9 0
block 31 0
block 32 0
block 33 0
block 34 0
block 35 0
block 36 0
block 44 0
block 45 0
block 46 0
block 47 0
block 48 0
block 69 0
block 70 0
block 71 0
block 72 0
block 73 0
block 4 1
block 5 1
block 7 1
block 8 1
block 9 1
block 31 1
block 32 1
block 33 1
block 34 1
block 35 1
block 36 1
block 46 1
block 47 1
block 69 1
block 70 1
block 71 1
block 72 1
block 73 1
block 4 2
block 5 2
block 6 2
block 7 2
block 8 2
block 9 2
block 10 2
block 31 2
block 32 2
block 33 2
block 34 2
block 35 2
block 36 2
block 69 2
block 70 2
block 71 2
block 72 2
block 73 2
block 4 3
block 5 3
block 6 3
block 7 3
block 8 3
block 9 3
block 10 3
block 20 3
block 21 3
block 23 3
block 24 3
block 69 3
block 70 3
block 71 3
block 72 3
block 73 3
block 4 4
block 5 4
block 6 4
block 7 4
block 8 4
block 9 4
block 10 4
block 20 4
block 21 4
block 23 4
block 24 4
block 20 5
block 21 5
block 23 5
block 24 5
block 20 6
block 21 6
block 56 6
block 57 6
block 58 6
block 59 6
block 60 6
block 61 6
block 62 6
block 20 7
block 21 7
block 56 7
block 57 7
block 58 7
block 59 7
block 60 7
block 61 7
block 62 7
block 20 8
block 21 8
block 20 9
block 21 9
block 67 10
block 68 10
block 43 11
block 44 11
block 63 11
block 64 11
block 65 11
block 66 11
block 67 11
block 68 11
block 43 12
block 44 12
block 63 12
block 64 12
block 65 12
block 66 12
block 67 12
block 68 12
block 43 13
block 44 13
block 67 13
block 68 13
block 31 14
block 32 14
block 33 14
block 34 14
block 35 14
block 43 14
block 44 14
block 54 14
block 55 14
block 56 14
block 57 14
block 58 14
block 59 14
block 67 14
block 68 14
block 31 15
block 32 15
block 33 15
block 34 15
block 35 15
block 43 15
block 44 15
block 54 15
block 55 15
block 56 15
block 57 15
block 58 15
block 59 15
block 67 15
block 68 15
block 31 16
block 32 16
block 33 16
block 34 16
block 35 16
block 54 16
block 55 16
block 56 16
block 57 16
block 58 16
block 59 16
block 67 16
block 68 16
block 10 17
block 11 17
block 12 17
block 13 17
block 14 17
block 15 17
block 31 17
block 32 17
block 33 17
block 34 17
block 35 17
block 42 17
block 43 17
block 44 17
block 45 17
block 46 17
block 54 17
block 55 17
block 56 17
block 57 17
block 58 17
block 59 17
block 6 18
block 7 18
block 8 18
block 10 18
block 11 18
block 12 18
block 13 18
block 14 18
block 15 18
block 31 18
block 32 18
block 33 18
block 34 18
block 35 18
block 42 18
block 43 18
block 44 18
block 45 18
block 46 18
block 54 18
block 55 18
block 56 18
block 57 18
block 58 18
block 59 18
block 6 19
block 7 19
block 8 19
block 10 19
block 11 19
block 12 19
block 13 19
block 14 19
block 15 19
block 31 19
block 32 19
block 33 19
block 34 19
block 35 19
block 42 19
block 43 19
block 44 19
block 45 19
block 46 19
block 6 20
block 7 20
block 8 20
block 31 20
block 32 20
block 33 20
block 34 20
block 35 20
block 42 20
block 43 20
block 44 20
block 45 20
block 46 20
block 6 21
block 7 21
block 8 21
block 42 21
block 43 21
block 44 21
block 45 21
block 46 21
block 6 22
block 7 22
block 8 22
block 6 23
block 7 23
block 8 23
block 6 24
block 7 24
block 8 24
block 19 27
block 20 27
block 21 27
block 19 28
block 20 28
block 21 28
block 19 29
block 20 29
block 21 29
block 19 30
block 20 30
block 21 30
block 33 31
block 34 31
block 35 31
block 36 31
block 33 32
block 34 32
block 35 32
block 36 32
block 33 33
block 34 33
block 35 33
block 36 33
block 44 33
block 45 33
block 46 33
block 47 33
block 48 33
block 0 34
block 1 34
block 2 34
block 3 34
block 33 34
block 34 34
block 35 34
block 36 34
block 44 34
block 45 34
block 46 34
block 47 34
block 48 34
block 74 34
block 0 35
block 1 35
block 2 35
block 3 35
block 33 35
block 34 35
block 35 35
block 36 35
block 44 35
block 45 35
block 46 35
block 47 35
block 48 35
block 74 35
block 44 36
block 45 36
block 46 36
block 47 36
block 48 36
block 44 37
block 45 37
block 46 37
block 47 37
block 48 37
block 7 38
block 8 38
block 9 38
block 31 38
block 32 38
block 33 38
block 34 38
block 35 38
block 36 38
block 44 38
block 45 38
block 46 38
block 47 38
block 48 38
block 69 38
block 70 38
block 71 38
block 72 38
block 73 38
##BotsAndCoinsInfo
bot_name 0 starter-bot
bot 0 3 11
bot_coins 0 0
coin 5 33
coin 69 5
round 1
round 2
round 3
round 4
round 5
coin 49 38
coin 25 0
round 6
round 7
round 8
round 9
round 10
coin 45 4
coin 29 34
round 11
round 12
round 13
round 14
round 15
coin 5 29
coin 69 9
round 16
round 17
round 18
round 19
round 20
coin 19 2
coin 55 36
round 21
round 22
round 23
round 24
round 25
coin 32 26
coin 42 12
round 26
round 27
round 28
round 29
round 30
coin 51 6
coin 23 32
round 31
round 32
round 33
round 34
round 35
coin 26 17
coin 48 21
round 36
round 37
round 38
bot 0 3 12
round 39
bot 0 3 13
round 40
coin 5 21
coin 69 17
round 41
round 42
match_over 0
round 43
