match
match_id 1639073797061_ab
match_time 1639073797083
num_bots 1
##MatchConfig
mode FRIENDLY
num_rounds 200
random_seed 42
move_time_limit 1000
coin_spawn_period 5
coin_spawn_volume 2
##MapConfig
map_size 52 35
view_radius 6
mining_radius 2
attack_radius 3
block 7 0
block 8 0
block 38 0
block 39 0
block 40 0
block 7 1
block 8 1
block 38 1
block 39 1
block 40 1
block 8 2
block 9 2
block 10 2
block 11 2
block 12 2
block 41 2
block 42 2
block 43 2
block 44 2
block 45 2
block 8 3
block 9 3
block 10 3
block 11 3
block 12 3
block 41 3
block 42 3
block 43 3
block 44 3
block 45 3
block 8 4
block 9 4
block 10 4
block 11 4
block 12 4
block 16 4
block 17 4
block 18 4
block 33 4
block 34 4
block 35 4
block 36 4
block 37 4
block 38 4
block 41 4
block 42 4
block 43 4
block 44 4
block 45 4
block 8 5
block 9 5
block 10 5
block 11 5
block 12 5
block 16 5
block 17 5
block 18 5
block 33 5
block 34 5
block 35 5
block 36 5
block 37 5
block 38 5
block 16 6
block 17 6
block 18 6
block 33 6
block 34 6
block 35 6
block 36 6
block 37 6
block 38 6
block 16 7
block 17 7
block 18 7
block 33 7
block 34 7
block 35 7
block 36 7
block 37 7
block 38 7
block 16 8
block 17 8
block 18 8
block 19 8
block 20 8
block 21 8
block 22 8
block 23 8
block 33 8
block 34 8
block 35 8
block 36 8
block 37 8
block 38 8
block 16 9
block 17 9
block 18 9
block 19 9
block 20 9
block 21 9
block 22 9
block 23 9
block 33 9
block 34 9
block 35 9
block 36 9
block 37 9
block 38 9
block 4 10
block 5 10
block 6 10
block 7 10
block 19 10
block 20 10
block 21 10
block 22 10
block 23 10
block 24 10
block 25 10
block 33 10
block 34 10
block 35 10
block 36 10
block 37 10
block 38 10
block 4 11
block 5 11
block 6 11
block 7 11
block 19 11
block 20 11
block 21 11
block 22 11
block 23 11
block 24 11
block 25 11
block 4 12
block 5 12
block 6 12
block 7 12
block 16 12
block 17 12
block 18 12
block 19 12
block 20 12
block 21 12
block 22 12
block 23 12
block 0 13
block 1 13
block 4 13
block 5 13
block 6 13
block 7 13
block 10 13
block 11 13
block 12 13
block 13 13
block 14 13
block 15 13
block 16 13
block 17 13
block 18 13
block 19 13
block 20 13
block 21 13
block 22 13
block 23 13
block 0 14
block 1 14
block 4 14
block 5 14
block 6 14
block 7 14
block 10 14
block 11 14
block 12 14
block 13 14
block 14 14
block 15 14
block 16 14
block 17 14
block 18 14
block 19 14
block 0 15
block 1 15
block 4 15
block 5 15
block 6 15
block 7 15
block 10 15
block 11 15
block 12 15
block 13 15
block 14 15
block 15 15
block 16 15
block 17 15
block 18 15
block 19 15
block 0 16
block 1 16
block 4 16
block 5 16
block 6 16
block 7 16
block 10 16
block 11 16
block 12 16
block 13 16
block 14 16
block 15 16
block 16 16
block 17 16
block 18 16
block 19 16
block 5 17
block 6 17
block 7 17
block 8 17
block 9 17
block 10 17
block 11 17
block 12 17
block 13 17
block 14 17
block 15 17
block 16 17
block 5 18
block 6 18
block 7 18
block 8 18
block 9 18
block 10 18
block 11 18
block 5 19
block 6 19
block 7 19
block 8 19
block 9 19
block 10 19
block 11 19
block 12 19
block 13 19
block 14 19
block 5 20
block 6 20
block 7 20
block 8 20
block 9 20
block 10 20
block 11 20
block 12 20
block 13 20
block 14 20
block 5 21
block 6 21
block 7 21
block 8 21
block 9 21
block 10 21
block 11 21
block 5 22
block 6 22
block 7 22
block 8 22
block 9 22
block 10 22
block 44 22
block 45 22
block 46 22
block 47 22
block 48 22
block 49 22
block 50 22
block 5 23
block 6 23
block 7 23
block 8 23
block 9 23
block 10 23
block 44 23
block 45 23
block 46 23
block 47 23
block 48 23
block 49 23
block 50 23
block 44 24
block 45 24
block 46 24
block 47 24
block 48 24
block 49 24
block 50 24
block 44 25
block 45 25
block 46 25
block 47 25
block 48 25
block 49 25
block 50 25
block 26 26
block 27 26
block 28 26
block 44 26
block 45 26
block 46 26
block 47 26
block 48 26
block 49 26
block 50 26
block 15 27
block 16 27
block 26 27
block 27 27
block 28 27
block 15 28
block 16 28
block 26 28
block 27 28
block 28 28
block 15 29
block 16 29
block 26 29
block 27 29
block 28 29
block 11 30
block 12 30
block 13 30
block 14 30
block 15 30
block 16 30
block 26 30
block 27 30
block 28 30
block 11 31
block 12 31
block 13 31
block 14 31
block 15 31
block 16 31
block 26 31
block 27 31
block 28 31
block 38 31
block 39 31
block 40 31
block 11 32
block 12 32
block 13 32
block 14 32
block 15 32
block 16 32
block 38 32
block 39 32
block 40 32
block 7 33
block 8 33
block 38 33
block 39 33
block 40 33
block 7 34
block 8 34
block 38 34
block 39 34
block 40 34
##BotsAndCoinsInfo
bot_name 0 starter-bot
bot 0 29 34
bot_coins 0 0
coin 26 33
coin 25 1
round 1
round 2
round 3
round 4
round 5
coin 48 27
coin 3 7
round 6
round 7
round 8
bot 0 29 33
round 9
bot 0 29 32
round 10
bot 0 29 31
coin 26 25
coin 25 9
round 11
bot 0 29 30
round 12
bot 0 29 29
round 13
bot 0 29 28
round 14
bot 0 29 27
round 15
bot 0 29 26
coin 13 3
coin 38 30
round 16
bot 0 29 25
round 17
bot 0 28 24
round 18
bot 0 27 23
round 19
bot 0 26 22
round 20
bot 0 25 21
coin 3 3
coin 48 31
round 21
bot 0 24 20
round 22
bot 0 23 19
round 23
bot 0 24 20
round 24
bot 0 25 21
round 25
bot 0 26 22
coin 26 32
coin 25 2
round 26
bot 0 27 23
round 27
bot 0 28 24
round 28
bot 0 29 25
round 29
bot 0 30 26
round 30
bot 0 31 27
coin 8 7
coin 43 27
round 31
bot 0 32 28
round 32
bot 0 31 29
round 33
bot 0 30 30
round 34
bot 0 29 31
round 35
bot 0 28 32
coin_collected 26 32 0
bot_coins 0 1
coin 20 17
coin 31 17
round 36
bot 0 27 33
coin_collected 26 33 0
bot_coins 0 2
round 37
bot 0 26 34
round 38
bot 0 25 0
coin_collected 25 1 0
bot_coins 0 3
coin_collected 25 2 0
bot_coins 0 4
round 39
bot 0 24 0
round 40
bot 0 23 0
coin 48 5
coin 3 29
round 41
bot 0 22 0
round 42
bot 0 21 0
round 43
bot 0 20 0
round 44
bot 0 19 0
round 45
bot 0 18 1
coin 11 9
coin 40 25
round 46
bot 0 17 2
round 47
bot 0 16 3
round 48
bot 0 15 4
round 49
bot 0 14 5
round 50
bot 0 13 6
coin 40 8
coin 11 26
round 51
bot 0 12 7
round 52
bot 0 11 8
coin_collected 11 9 0
bot_coins 0 5
round 53
bot 0 10 9
round 54
bot 0 11 10
round 55
bot 0 12 11
coin 26 23
coin 26 11
round 56
bot 0 13 12
round 57
round 58
round 59
round 60
coin 51 16
coin 0 18
round 61
round 62
round 63
round 64
round 65
coin 38 3
coin 13 33
round 66
round 67
round 68
round 69
round 70
coin 19 26
coin 32 8
round 71
round 72
round 73
round 74
round 75
coin 39 6
coin 12 28
round 76
round 77
round 78
round 79
round 80
bot 0 14 12
coin 18 10
coin 33 24
round 81
bot 0 15 12
round 82
round 83
round 84
round 85
coin 33 32
coin 18 2
round 86
round 87
round 88
round 89
bot 0 15 11
round 90
bot 0 15 10
coin 32 33
coin 19 1
round 91
bot 0 15 9
round 92
bot 0 15 8
round 93
bot 0 15 7
round 94
bot 0 15 6
round 95
bot 0 15 5
coin 41 34
coin 10 0
round 96
bot 0 15 6
round 97
bot 0 15 7
round 98
bot 0 15 8
round 99
bot 0 15 9
round 100
bot 0 15 10
coin 31 5
coin 20 29
round 101
bot 0 15 11
round 102
bot 0 15 12
round 103
bot 0 14 12
round 104
bot 0 13 12
round 105
bot 0 12 12
coin 47 7
coin 4 27
round 106
bot 0 11 12
round 107
bot 0 10 12
round 108
bot 0 9 12
round 109
bot 0 8 12
round 110
coin 15 12
coin 36 22
round 111
round 112
round 113
round 114
round 115
coin 3 30
coin 48 4
round 116
round 117
round 118
bot 0 8 13
round 119
bot 0 8 14
round 120
bot 0 8 15
coin 1 3
coin 50 31
round 121
bot 0 8 16
round 122
round 123
round 124
round 125
coin 9 0
coin 42 34
round 126
round 127
round 128
round 129
round 130
coin 42 1
coin 9 33
round 131
round 132
round 133
round 134
round 135
coin 41 0
coin 10 34
round 136
round 137
round 138
round 139
round 140
coin 25 14
coin 26 20
round 141
round 142
round 143
round 144
round 145
coin 49 3
coin 2 31
round 146
round 147
round 148
round 149
round 150
coin 45 19
coin 8 15
round 151
coin_collected 8 15 0
bot_coins 0 6
round 152
round 153
round 154
bot 0 9 15
round 155
coin 32 16
coin 19 18
round 156
round 157
round 158
round 159
round 160
bot 0 8 14
coin 50 9
coin 1 25
round 161
round 162
round 163
round 164
round 165
coin 46 4
coin 5 30
round 166
round 167
round 168
round 169
round 170
coin 35 19
coin 17 17
round 171
round 172
round 173
round 174
round 175
bot 0 9 14
coin 6 1
coin 45 33
round 176
round 177
round 178
round 179
round 180
coin 13 12
coin 38 22
round 181
round 182
round 183
bot 0 8 13
round 184
round 185
coin 12 33
coin 39 2
round 186
round 187
round 188
round 189
bot 0 9 13
round 190
coin 42 0
coin 9 34
round 191
round 192
round 193
round 194
round 195
coin 29 28
coin 22 6
round 196
bot 0 9 12
round 197
bot 0 9 11
round 198
bot 0 9 10
round 199
bot 0 9 9
round 200
bot 0 9 8
coin_collected 8 7 0
bot_coins 0 7
coin 40 29
coin 11 6
match_over 0
