match
match_id 1639073992749_ah
match_time 1639073992751
num_bots 1
##MatchConfig
mode FRIENDLY
num_rounds 200
random_seed 42
move_time_limit 1000
coin_spawn_period 5
coin_spawn_volume 2
##MapConfig
map_size 76 21
view_radius 6
mining_radius 2
attack_radius 3
block 74 0
block 75 0
block 49 1
block 50 1
block 51 1
block 52 1
block 68 1
block 69 1
block 70 1
block 71 1
block 72 1
block 73 1
block 74 1
block 75 1
block 7 2
block 8 2
block 9 2
block 10 2
block 11 2
block 49 2
block 50 2
block 51 2
block 52 2
block 53 2
block 68 2
block 69 2
block 70 2
block 71 2
block 72 2
block 73 2
block 74 2
block 75 2
block 7 3
block 8 3
block 9 3
block 10 3
block 11 3
block 49 3
block 50 3
block 51 3
block 52 3
block 53 3
block 68 3
block 69 3
block 70 3
block 71 3
block 72 3
block 73 3
block 74 3
block 75 3
block 7 4
block 8 4
block 9 4
block 10 4
block 11 4
block 25 4
block 26 4
block 27 4
block 49 4
block 50 4
block 51 4
block 52 4
block 68 4
block 69 4
block 70 4
block 71 4
block 72 4
block 73 4
block 74 4
block 7 5
block 8 5
block 9 5
block 10 5
block 11 5
block 25 5
block 26 5
block 27 5
block 28 5
block 29 5
block 30 5
block 49 5
block 50 5
block 51 5
block 52 5
block 58 5
block 59 5
block 60 5
block 61 5
block 68 5
block 69 5
block 70 5
block 71 5
block 72 5
block 73 5
block 74 5
block 7 6
block 8 6
block 9 6
block 10 6
block 11 6
block 13 6
block 14 6
block 15 6
block 16 6
block 25 6
block 26 6
block 27 6
block 28 6
block 29 6
block 30 6
block 58 6
block 59 6
block 60 6
block 61 6
block 68 6
block 69 6
block 70 6
block 71 6
block 72 6
block 73 6
block 74 6
block 7 7
block 8 7
block 9 7
block 10 7
block 11 7
block 13 7
block 14 7
block 15 7
block 16 7
block 25 7
block 26 7
block 27 7
block 28 7
block 29 7
block 30 7
block 45 7
block 46 7
block 47 7
block 48 7
block 58 7
block 59 7
block 60 7
block 61 7
block 68 7
block 69 7
block 70 7
block 71 7
block 72 7
block 73 7
block 74 7
block 7 8
block 8 8
block 9 8
block 10 8
block 11 8
block 13 8
block 14 8
block 15 8
block 16 8
block 21 8
block 22 8
block 23 8
block 24 8
block 25 8
block 26 8
block 27 8
block 28 8
block 29 8
block 30 8
block 45 8
block 46 8
block 47 8
block 48 8
block 58 8
block 59 8
block 60 8
block 61 8
block 13 9
block 14 9
block 15 9
block 16 9
block 21 9
block 22 9
block 23 9
block 24 9
block 25 9
block 27 9
block 28 9
block 29 9
block 30 9
block 58 9
block 59 9
block 60 9
block 61 9
block 21 10
block 22 10
block 23 10
block 24 10
block 25 10
block 27 10
block 28 10
block 29 10
block 30 10
block 58 10
block 59 10
block 60 10
block 61 10
block 21 11
block 22 11
block 23 11
block 24 11
block 25 11
block 27 11
block 28 11
block 29 11
block 30 11
block 33 11
block 34 11
block 35 11
block 36 11
block 37 11
block 43 11
block 44 11
block 45 11
block 49 11
block 50 11
block 51 11
block 21 12
block 22 12
block 23 12
block 24 12
block 25 12
block 27 12
block 28 12
block 29 12
block 33 12
block 34 12
block 35 12
block 36 12
block 37 12
block 43 12
block 44 12
block 45 12
block 49 12
block 50 12
block 51 12
block 21 13
block 22 13
block 23 13
block 24 13
block 25 13
block 27 13
block 28 13
block 29 13
block 33 13
block 34 13
block 35 13
block 36 13
block 37 13
block 43 13
block 44 13
block 45 13
block 49 13
block 50 13
block 51 13
block 67 13
block 68 13
block 69 13
block 70 13
block 71 13
block 72 13
block 0 14
block 16 14
block 17 14
block 18 14
block 19 14
block 20 14
block 21 14
block 22 14
block 23 14
block 24 14
block 25 14
block 27 14
block 28 14
block 29 14
block 32 14
block 33 14
block 34 14
block 35 14
block 36 14
block 37 14
block 43 14
block 44 14
block 45 14
block 49 14
block 50 14
block 51 14
block 67 14
block 68 14
block 69 14
block 70 14
block 71 14
block 72 14
block 73 14
block 74 14
block 75 14
block 0 15
block 16 15
block 17 15
block 18 15
block 19 15
block 20 15
block 27 15
block 28 15
block 29 15
block 32 15
block 33 15
block 34 15
block 35 15
block 36 15
block 37 15
block 43 15
block 44 15
block 45 15
block 46 15
block 47 15
block 48 15
block 49 15
block 50 15
block 51 15
block 67 15
block 68 15
block 69 15
block 70 15
block 71 15
block 72 15
block 73 15
block 74 15
block 75 15
block 0 16
block 16 16
block 17 16
block 18 16
block 19 16
block 20 16
block 27 16
block 28 16
block 29 16
block 32 16
block 33 16
block 34 16
block 35 16
block 36 16
block 43 16
block 44 16
block 45 16
block 46 16
block 47 16
block 48 16
block 67 16
block 68 16
block 69 16
block 70 16
block 71 16
block 72 16
block 73 16
block 74 16
block 75 16
block 0 17
block 16 17
block 17 17
block 18 17
block 19 17
block 20 17
block 23 17
block 24 17
block 25 17
block 26 17
block 27 17
block 28 17
block 29 17
block 32 17
block 33 17
block 34 17
block 35 17
block 36 17
block 67 17
block 68 17
block 69 17
block 70 17
block 71 17
block 72 17
block 73 17
block 74 17
block 75 17
block 0 18
block 4 18
block 5 18
block 16 18
block 17 18
block 18 18
block 19 18
block 20 18
block 23 18
block 24 18
block 25 18
block 26 18
block 27 18
block 32 18
block 33 18
block 34 18
block 35 18
block 36 18
block 67 18
block 68 18
block 69 18
block 70 18
block 71 18
block 72 18
block 73 18
block 74 18
block 75 18
block 4 19
block 5 19
block 16 19
block 17 19
block 18 19
block 19 19
block 20 19
block 23 19
block 24 19
block 25 19
block 26 19
block 27 19
block 32 19
block 33 19
block 34 19
block 35 19
block 36 19
block 74 19
block 75 19
block 4 20
block 5 20
block 16 20
block 17 20
block 18 20
block 19 20
block 20 20
block 24 20
block 25 20
block 26 20
block 32 20
block 33 20
block 34 20
block 35 20
block 36 20
block 74 20
block 75 20
##BotsAndCoinsInfo
bot_name 0 starter-bot
bot 0 19 4
bot_coins 0 0
coin 26 12
coin 49 8
round 1
bot 0 18 4
round 2
bot 0 17 4
round 3
bot 0 16 4
round 4
bot 0 15 4
round 5
bot 0 14 4
coin 12 17
coin 63 3
round 6
bot 0 13 4
round 7
bot 0 12 4
round 8
round 9
bot 0 12 5
round 10
bot 0 12 6
coin 6 4
coin 69 19
round 11
bot 0 12 7
round 12
bot 0 12 8
round 13
bot 0 12 9
round 14
bot 0 12 10
round 15
bot 0 12 11
coin 25 16
coin 48 4
round 16
bot 0 12 12
round 17
bot 0 12 13
round 18
bot 0 11 13
round 19
bot 0 10 13
round 20
bot 0 9 13
coin 51 17
coin 24 3
round 21
bot 0 8 13
round 22
bot 0 7 13
round 23
bot 0 6 13
round 24
bot 0 5 13
round 25
bot 0 4 13
coin 42 11
coin 33 9
round 26
bot 0 3 12
round 27
bot 0 2 11
round 28
bot 0 1 10
round 29
bot 0 0 9
round 30
bot 0 75 8
coin 12 0
coin 63 20
round 31
round 32
round 33
round 34
round 35
coin 64 17
coin 12 3
round 36
round 37
round 38
bot 0 75 9
round 39
bot 0 75 10
round 40
bot 0 75 11
coin 68 12
coin 7 9
round 41
bot 0 75 12
round 42
bot 0 75 13
round 43
round 44
round 45
coin 12 2
coin 63 18
round 46
round 47
round 48
round 49
round 50
coin 40 1
coin 37 19
round 51
round 52
bot 0 0 13
round 53
bot 0 1 13
round 54
bot 0 2 13
round 55
bot 0 3 13
coin 54 9
coin 20 11
round 56
bot 0 4 13
round 57
bot 0 5 13
round 58
bot 0 6 13
round 59
bot 0 7 13
round 60
bot 0 8 13
coin 47 9
coin 26 11
round 61
bot 0 9 14
round 62
bot 0 10 15
round 63
bot 0 11 16
coin_collected 12 17 0
bot_coins 0 1
round 64
bot 0 12 17
round 65
bot 0 13 18
coin 6 10
coin 69 10
round 66
bot 0 14 19
round 67
bot 0 15 20
round 68
bot 0 14 19
round 69
bot 0 13 18
round 70
bot 0 12 17
coin 67 12
coin 8 9
round 71
bot 0 11 16
round 72
bot 0 10 15
round 73
bot 0 9 14
round 74
bot 0 10 13
round 75
bot 0 11 12
coin 38 6
coin 38 14
round 76
bot 0 12 11
round 77
bot 0 13 10
round 78
round 79
round 80
coin 62 17
coin 13 3
round 81
bot 0 14 11
round 82
bot 0 15 12
round 83
bot 0 16 13
round 84
round 85
coin 26 10
coin 49 10
round 86
round 87
round 88
bot 0 15 13
round 89
bot 0 14 13
round 90
bot 0 13 13
coin 60 19
coin 15 1
round 91
bot 0 12 13
round 92
bot 0 11 13
round 93
bot 0 10 13
round 94
bot 0 9 13
round 95
bot 0 8 13
coin 1 6
coin 74 13
round 96
bot 0 7 13
round 97
bot 0 8 14
round 98
bot 0 9 15
round 99
bot 0 10 16
round 100
bot 0 11 17
coin 28 19
coin 47 1
round 101
bot 0 12 18
round 102
bot 0 13 19
round 103
bot 0 12 19
coin_collected 12 0 0
bot_coins 0 2
round 104
bot 0 11 19
round 105
bot 0 10 19
coin 75 7
coin 0 13
round 106
bot 0 9 19
round 107
bot 0 8 19
round 108
bot 0 7 19
round 109
bot 0 6 19
round 110
coin 31 0
coin 44 20
round 111
round 112
round 113
round 114
round 115
coin 63 2
coin 12 18
round 116
round 117
bot 0 6 20
round 118
bot 0 6 0
round 119
bot 0 6 1
round 120
bot 0 6 2
coin_collected 6 4 0
bot_coins 0 3
coin 17 10
coin 57 10
round 121
bot 0 6 3
round 122
bot 0 6 4
round 123
bot 0 6 5
round 124
bot 0 6 6
round 125
coin 53 14
coin 22 6
round 126
round 127
round 128
round 129
round 130
coin 66 1
coin 9 19
round 131
round 132
round 133
round 134
round 135
coin 4 7
coin 71 12
round 136
round 137
round 138
round 139
round 140
coin 57 7
coin 18 13
round 141
bot 0 6 5
round 142
bot 0 6 4
round 143
bot 0 6 3
round 144
bot 0 6 2
round 145
bot 0 6 1
coin 45 3
coin 30 17
round 146
bot 0 6 0
round 147
bot 0 6 20
round 148
bot 0 6 19
round 149
bot 0 6 18
round 150
bot 0 7 17
coin 12 5
coin 63 15
round 151
bot 0 8 16
round 152
bot 0 9 15
round 153
bot 0 10 14
round 154
bot 0 11 13
round 155
bot 0 12 12
coin 1 16
coin 75 4
round 156
bot 0 13 12
round 157
bot 0 14 12
round 158
bot 0 15 12
round 159
bot 0 16 12
round 160
bot 0 17 12
coin_collected 17 10 0
bot_coins 0 4
coin_collected 18 13 0
bot_coins 0 5
coin 26 2
coin 49 18
round 161
bot 0 18 12
round 162
bot 0 19 12
coin_collected 20 11 0
bot_coins 0 6
round 163
round 164
round 165
coin 58 4
coin 15 16
round 166
round 167
round 168
round 169
round 170
coin 15 12
coin 62 8
round 171
round 172
bot 0 19 11
round 173
bot 0 19 10
round 174
bot 0 19 9
round 175
bot 0 19 8
coin 34 8
coin 41 12
round 176
bot 0 19 7
round 177
bot 0 19 6
round 178
bot 0 18 7
round 179
bot 0 17 8
round 180
coin 62 7
coin 13 13
round 181
round 182
round 183
round 184
round 185
coin 57 5
coin 18 13
round 186
round 187
round 188
round 189
round 190
coin 18 7
coin 57 13
round 191
coin_collected 18 7 0
bot_coins 0 7
round 192
round 193
round 194
round 195
coin 45 0
coin 30 20
round 196
round 197
round 198
round 199
round 200
bot 0 17 9
coin 4 1
coin 71 19
match_over 0
