match
match_id 1639217431509_nw
match_time 1639217431512
num_bots 1
##MatchConfig
mode FRIENDLY
num_rounds 200
random_seed 42
move_time_limit 1000
coin_spawn_period 5
coin_spawn_volume 2
##MapConfig
map_size 56 33
view_radius 5
mining_radius 1
attack_radius 4
block 0 0
block 1 0
block 2 0
block 3 0
block 19 0
block 20 0
block 21 0
block 22 0
block 23 0
block 24 0
block 25 0
block 54 0
block 55 0
block 0 1
block 1 1
block 2 1
block 3 1
block 8 1
block 9 1
block 10 1
block 11 1
block 12 1
block 13 1
block 14 1
block 15 1
block 16 1
block 19 1
block 20 1
block 21 1
block 22 1
block 23 1
block 24 1
block 25 1
block 54 1
block 55 1
block 0 2
block 1 2
block 2 2
block 3 2
block 8 2
block 9 2
block 10 2
block 11 2
block 12 2
block 13 2
block 14 2
block 15 2
block 16 2
block 17 2
block 18 2
block 19 2
block 20 2
block 21 2
block 22 2
block 23 2
block 24 2
block 25 2
block 54 2
block 55 2
block 0 3
block 1 3
block 2 3
block 3 3
block 8 3
block 9 3
block 10 3
block 11 3
block 12 3
block 13 3
block 14 3
block 15 3
block 16 3
block 17 3
block 18 3
block 19 3
block 20 3
block 21 3
block 22 3
block 23 3
block 24 3
block 25 3
block 47 3
block 48 3
block 49 3
block 54 3
block 55 3
block 1 4
block 2 4
block 3 4
block 8 4
block 9 4
block 10 4
block 11 4
block 12 4
block 13 4
block 14 4
block 15 4
block 16 4
block 17 4
block 18 4
block 21 4
block 22 4
block 23 4
block 24 4
block 25 4
block 26 4
block 47 4
block 48 4
block 49 4
block 1 5
block 2 5
block 3 5
block 8 5
block 9 5
block 10 5
block 11 5
block 12 5
block 13 5
block 14 5
block 15 5
block 16 5
block 17 5
block 18 5
block 21 5
block 22 5
block 23 5
block 24 5
block 25 5
block 26 5
block 47 5
block 48 5
block 49 5
block 1 6
block 2 6
block 3 6
block 8 6
block 9 6
block 10 6
block 11 6
block 12 6
block 13 6
block 14 6
block 21 6
block 22 6
block 23 6
block 24 6
block 25 6
block 26 6
block 28 6
block 29 6
block 30 6
block 31 6
block 32 6
block 47 6
block 48 6
block 49 6
block 8 7
block 9 7
block 10 7
block 11 7
block 12 7
block 13 7
block 14 7
block 28 7
block 29 7
block 30 7
block 31 7
block 32 7
block 47 7
block 48 7
block 49 7
block 45 9
block 46 9
block 47 9
block 45 10
block 46 10
block 47 10
block 35 11
block 36 11
block 37 11
block 38 11
block 39 11
block 40 11
block 45 11
block 46 11
block 47 11
block 49 11
block 50 11
block 51 11
block 52 11
block 53 11
block 35 12
block 36 12
block 37 12
block 38 12
block 39 12
block 40 12
block 45 12
block 46 12
block 47 12
block 49 12
block 50 12
block 51 12
block 52 12
block 53 12
block 35 13
block 36 13
block 37 13
block 38 13
block 39 13
block 40 13
block 28 14
block 29 14
block 30 14
block 32 14
block 33 14
block 34 14
block 35 14
block 36 14
block 37 14
block 38 14
block 39 14
block 40 14
block 28 15
block 29 15
block 30 15
block 32 15
block 33 15
block 34 15
block 35 15
block 36 15
block 37 15
block 38 15
block 39 15
block 40 15
block 46 15
block 47 15
block 48 15
block 49 15
block 32 16
block 33 16
block 34 16
block 36 16
block 37 16
block 38 16
block 39 16
block 46 16
block 47 16
block 48 16
block 49 16
block 32 17
block 33 17
block 34 17
block 36 17
block 37 17
block 38 17
block 39 17
block 45 17
block 46 17
block 47 17
block 48 17
block 49 17
block 4 18
block 5 18
block 6 18
block 7 18
block 8 18
block 9 18
block 10 18
block 36 18
block 37 18
block 38 18
block 39 18
block 45 18
block 46 18
block 47 18
block 48 18
block 49 18
block 4 19
block 5 19
block 6 19
block 7 19
block 8 19
block 9 19
block 10 19
block 36 19
block 37 19
block 38 19
block 39 19
block 45 19
block 46 19
block 47 19
block 48 19
block 49 19
block 4 20
block 5 20
block 6 20
block 7 20
block 8 20
block 9 20
block 10 20
block 45 20
block 46 20
block 47 20
block 48 20
block 49 20
block 51 20
block 52 20
block 53 20
block 4 21
block 5 21
block 6 21
block 7 21
block 8 21
block 9 21
block 10 21
block 45 21
block 46 21
block 47 21
block 51 21
block 52 21
block 53 21
block 4 22
block 5 22
block 6 22
block 7 22
block 8 22
block 9 22
block 10 22
block 45 22
block 46 22
block 47 22
block 48 22
block 49 22
block 50 22
block 51 22
block 52 22
block 53 22
block 4 23
block 5 23
block 6 23
block 7 23
block 8 23
block 9 23
block 10 23
block 40 23
block 41 23
block 42 23
block 43 23
block 45 23
block 46 23
block 47 23
block 48 23
block 49 23
block 50 23
block 4 24
block 5 24
block 6 24
block 7 24
block 8 24
block 9 24
block 10 24
block 40 24
block 41 24
block 42 24
block 43 24
block 48 24
block 49 24
block 50 24
block 3 25
block 4 25
block 5 25
block 8 25
block 9 25
block 10 25
block 11 25
block 40 25
block 41 25
block 42 25
block 43 25
block 48 25
block 49 25
block 50 25
block 0 26
block 3 26
block 4 26
block 5 26
block 8 26
block 9 26
block 10 26
block 11 26
block 40 26
block 41 26
block 42 26
block 43 26
block 48 26
block 49 26
block 50 26
block 51 26
block 52 26
block 53 26
block 54 26
block 55 26
block 0 27
block 3 27
block 4 27
block 5 27
block 8 27
block 9 27
block 10 27
block 11 27
block 12 27
block 50 27
block 51 27
block 52 27
block 53 27
block 54 27
block 55 27
block 0 28
block 3 28
block 4 28
block 5 28
block 8 28
block 9 28
block 10 28
block 11 28
block 12 28
block 22 28
block 23 28
block 24 28
block 25 28
block 26 28
block 27 28
block 50 28
block 51 28
block 52 28
block 53 28
block 54 28
block 55 28
block 3 29
block 4 29
block 5 29
block 7 29
block 8 29
block 9 29
block 10 29
block 11 29
block 12 29
block 13 29
block 22 29
block 23 29
block 24 29
block 25 29
block 26 29
block 27 29
block 50 29
block 51 29
block 52 29
block 3 30
block 4 30
block 5 30
block 7 30
block 8 30
block 9 30
block 10 30
block 11 30
block 12 30
block 13 30
block 19 30
block 20 30
block 21 30
block 22 30
block 23 30
block 24 30
block 25 30
block 26 30
block 27 30
block 7 31
block 8 31
block 9 31
block 10 31
block 11 31
block 12 31
block 13 31
block 19 31
block 20 31
block 21 31
block 22 31
block 23 31
block 24 31
block 25 31
block 7 32
block 8 32
block 9 32
block 10 32
block 11 32
block 12 32
block 13 32
block 19 32
block 20 32
block 21 32
block 22 32
block 23 32
block 24 32
block 25 32
##BotsAndCoinsInfo
bot_name 0 starter-bot
bot 0 11 14
bot_coins 0 0
coin 50 15
coin 5 17
round 1
bot 0 11 15
round 2
bot 0 11 16
round 3
bot 0 11 17
round 4
bot 0 11 18
round 5
bot 0 11 19
coin 50 5
coin 6 27
round 6
bot 0 11 20
round 7
bot 0 11 21
round 8
bot 0 11 22
round 9
bot 0 11 23
round 10
bot 0 11 24
coin 26 19
coin 29 13
round 11
round 12
round 13
round 14
round 15
coin 0 4
coin 55 29
round 16
round 17
round 18
round 19
round 20
coin 55 17
coin 0 15
round 21
round 22
round 23
round 24
round 25
coin 38 29
coin 17 1
round 26
round 27
round 28
round 29
round 30
coin 28 0
coin 27 32
round 31
round 32
round 33
round 34
round 35
coin 36 10
coin 19 22
round 36
round 37
round 38
round 39
round 40
coin 0 9
coin 55 23
round 41
round 42
round 43
round 44
round 45
coin 7 17
coin 48 14
round 46
round 47
round 48
round 49
round 50
coin 40 4
coin 15 28
round 51
round 52
round 53
round 54
round 55
coin 50 9
coin 3 23
round 56
round 57
round 58
round 59
round 60
coin 35 30
coin 20 4
round 61
round 62
round 63
round 64
round 65
coin 14 28
coin 41 4
round 66
round 67
round 68
round 69
round 70
coin 11 18
coin 44 14
round 71
round 72
round 73
round 74
round 75
coin 26 15
coin 29 17
round 76
round 77
round 78
round 79
round 80
coin 30 2
coin 26 31
round 81
round 82
round 83
round 84
round 85
coin 17 14
coin 38 20
round 86
round 87
round 88
round 89
round 90
coin 12 22
coin 43 10
round 91
round 92
round 93
round 94
round 95
coin 49 14
coin 6 17
round 96
round 97
round 98
round 99
round 100
coin 27 25
coin 28 8
round 101
round 102
round 103
round 104
round 105
coin 7 13
coin 48 21
round 106
round 107
round 108
round 109
round 110
coin 31 5
coin 24 27
round 111
round 112
round 113
round 114
round 115
coin 55 5
coin 1 27
round 116
round 117
round 118
round 119
round 120
coin 13 22
coin 42 10
round 121
round 122
round 123
round 124
round 125
coin 33 2
coin 21 29
round 126
round 127
round 128
round 129
round 130
coin 30 4
coin 25 27
round 131
round 132
round 133
round 134
round 135
coin 16 13
coin 39 20
round 136
round 137
round 138
round 139
round 140
coin 49 28
coin 6 4
round 141
round 142
round 143
round 144
round 145
coin 29 16
coin 26 16
round 146
round 147
round 148
round 149
round 150
coin 50 14
coin 4 17
round 151
round 152
round 153
round 154
round 155
coin 32 19
coin 23 13
round 156
round 157
round 158
round 159
round 160
coin 22 26
coin 33 6
round 161
round 162
round 163
round 164
round 165
coin 6 25
coin 50 7
round 166
round 167
round 168
round 169
round 170
coin 55 15
coin 0 17
round 171
round 172
round 173
round 174
round 175
coin 38 2
coin 17 30
round 176
round 177
round 178
round 179
round 180
coin 53 4
coin 2 28
round 181
round 182
round 183
round 184
round 185
coin 29 5
coin 26 27
round 186
round 187
round 188
round 189
round 190
coin 25 19
coin 30 13
round 191
round 192
round 193
round 194
round 195
coin 17 21
coin 38 10
round 196
round 197
round 198
round 199
round 200
coin 16 25
coin 39 7
match_over 0
