match
match_id 1639175575955_fo
match_time 1639175575961
num_bots 1
##MatchConfig
mode FRIENDLY
num_rounds 200
random_seed 42
move_time_limit 1000
coin_spawn_period 5
coin_spawn_volume 2
##MapConfig
map_size 71 37
view_radius 5
mining_radius 1
attack_radius 4
block 1 0
block 2 0
block 52 0
block 53 0
block 0 1
block 1 1
block 2 1
block 3 1
block 4 1
block 5 1
block 28 1
block 29 1
block 30 1
block 31 1
block 32 1
block 33 1
block 34 1
block 52 1
block 53 1
block 70 1
block 0 2
block 1 2
block 2 2
block 3 2
block 4 2
block 5 2
block 6 2
block 7 2
block 28 2
block 29 2
block 30 2
block 31 2
block 32 2
block 33 2
block 34 2
block 52 2
block 53 2
block 70 2
block 0 3
block 1 3
block 2 3
block 3 3
block 4 3
block 5 3
block 6 3
block 7 3
block 28 3
block 29 3
block 30 3
block 31 3
block 32 3
block 33 3
block 34 3
block 70 3
block 0 4
block 1 4
block 2 4
block 3 4
block 4 4
block 5 4
block 6 4
block 7 4
block 28 4
block 29 4
block 30 4
block 31 4
block 32 4
block 33 4
block 34 4
block 70 4
block 4 5
block 5 5
block 6 5
block 7 5
block 8 5
block 9 5
block 10 5
block 4 6
block 5 6
block 6 6
block 7 6
block 8 6
block 9 6
block 10 6
block 37 6
block 38 6
block 4 7
block 5 7
block 6 7
block 7 7
block 8 7
block 9 7
block 10 7
block 37 7
block 38 7
block 4 8
block 5 8
block 6 8
block 7 8
block 8 8
block 9 8
block 10 8
block 19 8
block 20 8
block 21 8
block 22 8
block 23 8
block 37 8
block 38 8
block 4 9
block 5 9
block 6 9
block 7 9
block 8 9
block 9 9
block 10 9
block 19 9
block 20 9
block 21 9
block 22 9
block 23 9
block 37 9
block 38 9
block 60 9
block 61 9
block 4 10
block 5 10
block 6 10
block 7 10
block 8 10
block 9 10
block 10 10
block 19 10
block 20 10
block 21 10
block 22 10
block 23 10
block 60 10
block 61 10
block 19 11
block 20 11
block 21 11
block 22 11
block 23 11
block 60 11
block 61 11
block 19 12
block 20 12
block 21 12
block 22 12
block 23 12
block 27 12
block 28 12
block 29 12
block 30 12
block 31 12
block 60 12
block 61 12
block 19 13
block 20 13
block 21 13
block 22 13
block 23 13
block 27 13
block 28 13
block 29 13
block 30 13
block 31 13
block 43 13
block 44 13
block 45 13
block 46 13
block 60 13
block 61 13
block 20 14
block 21 14
block 27 14
block 28 14
block 29 14
block 30 14
block 31 14
block 43 14
block 44 14
block 45 14
block 46 14
block 60 14
block 61 14
block 20 15
block 21 15
block 27 15
block 28 15
block 29 15
block 30 15
block 31 15
block 60 15
block 61 15
block 20 16
block 21 16
block 27 16
block 28 16
block 29 16
block 30 16
block 31 16
block 68 16
block 69 16
block 4 17
block 5 17
block 20 17
block 21 17
block 68 17
block 69 17
block 4 18
block 5 18
block 63 18
block 64 18
block 65 18
block 66 18
block 68 18
block 69 18
block 4 19
block 5 19
block 62 19
block 63 19
block 64 19
block 65 19
block 66 19
block 4 20
block 5 20
block 62 20
block 63 20
block 64 20
block 65 20
block 66 20
block 4 21
block 5 21
block 38 21
block 39 21
block 40 21
block 41 21
block 42 21
block 43 21
block 49 21
block 50 21
block 51 21
block 52 21
block 53 21
block 62 21
block 63 21
block 64 21
block 65 21
block 66 21
block 38 22
block 39 22
block 40 22
block 41 22
block 42 22
block 43 22
block 49 22
block 50 22
block 51 22
block 52 22
block 53 22
block 62 22
block 63 22
block 64 22
block 65 22
block 66 22
block 38 23
block 39 23
block 40 23
block 41 23
block 42 23
block 43 23
block 49 23
block 50 23
block 51 23
block 52 23
block 53 23
block 63 23
block 64 23
block 65 23
block 66 23
block 7 24
block 8 24
block 36 24
block 37 24
block 38 24
block 39 24
block 40 24
block 41 24
block 42 24
block 43 24
block 49 24
block 50 24
block 51 24
block 52 24
block 53 24
block 63 24
block 64 24
block 65 24
block 66 24
block 2 25
block 3 25
block 4 25
block 5 25
block 6 25
block 7 25
block 8 25
block 36 25
block 37 25
block 38 25
block 39 25
block 40 25
block 41 25
block 42 25
block 43 25
block 54 25
block 55 25
block 56 25
block 57 25
block 58 25
block 59 25
block 2 26
block 3 26
block 4 26
block 5 26
block 6 26
block 7 26
block 8 26
block 38 26
block 39 26
block 40 26
block 41 26
block 42 26
block 43 26
block 54 26
block 55 26
block 56 26
block 57 26
block 58 26
block 59 26
block 7 27
block 8 27
block 44 27
block 45 27
block 46 27
block 47 27
block 54 27
block 55 27
block 56 27
block 57 27
block 58 27
block 59 27
block 7 28
block 8 28
block 37 28
block 38 28
block 39 28
block 40 28
block 44 28
block 45 28
block 46 28
block 47 28
block 54 28
block 55 28
block 56 28
block 57 28
block 58 28
block 59 28
block 7 29
block 8 29
block 37 29
block 38 29
block 39 29
block 40 29
block 44 29
block 45 29
block 46 29
block 47 29
block 54 29
block 55 29
block 56 29
block 57 29
block 58 29
block 59 29
block 7 30
block 8 30
block 37 30
block 38 30
block 39 30
block 40 30
block 44 30
block 45 30
block 46 30
block 47 30
block 54 30
block 55 30
block 56 30
block 57 30
block 58 30
block 59 30
block 1 31
block 2 31
block 12 31
block 13 31
block 14 31
block 15 31
block 16 31
block 17 31
block 18 31
block 37 31
block 38 31
block 39 31
block 40 31
block 44 31
block 45 31
block 46 31
block 47 31
block 54 31
block 55 31
block 56 31
block 57 31
block 58 31
block 1 32
block 2 32
block 12 32
block 13 32
block 14 32
block 15 32
block 16 32
block 17 32
block 18 32
block 54 32
block 55 32
block 56 32
block 57 32
block 58 32
block 1 33
block 2 33
block 18 33
block 19 33
block 20 33
block 21 33
block 22 33
block 23 33
block 54 33
block 55 33
block 56 33
block 57 33
block 58 33
block 1 34
block 2 34
block 18 34
block 19 34
block 20 34
block 21 34
block 22 34
block 23 34
block 54 34
block 55 34
block 56 34
block 57 34
block 58 34
block 1 35
block 2 35
block 18 35
block 19 35
block 20 35
block 21 35
block 22 35
block 23 35
block 54 35
block 55 35
block 56 35
block 57 35
block 58 35
block 1 36
block 2 36
block 52 36
block 53 36
block 54 36
block 55 36
block 56 36
block 57 36
block 58 36
##BotsAndCoinsInfo
bot_name 0 starter-bot
bot 0 55 10
bot_coins 0 0
coin 18 14
coin 52 20
round 1
bot 0 55 11
round 2
bot 0 55 12
round 3
bot 0 55 13
round 4
bot 0 55 14
round 5
bot 0 55 15
coin 11 10
coin 60 26
round 6
bot 0 55 16
round 7
bot 0 55 17
round 8
bot 0 55 18
round 9
bot 0 55 19
round 10
bot 0 55 20
coin 15 8
coin 53 28
round 11
bot 0 55 21
round 12
bot 0 55 22
round 13
bot 0 55 23
round 14
bot 0 55 24
round 15
coin 41 14
coin 29 22
round 16
round 17
round 18
round 19
round 20
coin 30 0
coin 40 36
round 21
round 22
round 23
round 24
round 25
coin 20 21
coin 50 15
round 26
round 27
round 28
round 29
round 30
coin 47 18
coin 23 18
round 31
round 32
round 33
round 34
round 35
coin 52 9
coin 18 27
round 36
round 37
round 38
round 39
round 40
coin 5 14
coin 67 22
round 41
round 42
round 43
round 44
round 45
coin 32 0
coin 38 36
round 46
round 47
round 48
round 49
round 50
coin 64 36
coin 6 0
round 51
round 52
round 53
round 54
round 55
coin 32 25
coin 38 11
round 56
round 57
round 58
round 59
round 60
coin 35 16
coin 35 20
round 61
round 62
round 63
round 64
round 65
coin 43 0
coin 27 36
round 66
round 67
round 68
round 69
round 70
coin 44 16
coin 26 20
round 71
round 72
round 73
round 74
round 75
coin 25 31
coin 45 5
round 76
round 77
round 78
round 79
round 80
coin 9 26
coin 62 10
round 81
round 82
round 83
round 84
round 85
coin 18 23
coin 52 13
round 86
round 87
round 88
round 89
round 90
coin 46 32
coin 24 4
round 91
round 92
round 93
round 94
round 95
coin 59 16
coin 11 20
round 96
round 97
round 98
round 99
round 100
coin 56 24
coin 14 12
round 101
coin_collected 56 24 0
bot_coins 0 1
round 102
round 103
round 104
round 105
coin 35 26
coin 35 10
round 106
round 107
round 108
round 109
round 110
coin 8 22
coin 62 14
round 111
round 112
round 113
round 114
round 115
coin 65 2
coin 5 34
round 116
round 117
round 118
round 119
round 120
coin 62 18
coin 8 18
round 121
round 122
round 123
round 124
round 125
coin 9 22
coin 62 15
round 126
round 127
round 128
round 129
round 130
coin 39 27
coin 31 9
round 131
round 132
round 133
round 134
round 135
coin 9 36
coin 61 0
round 136
round 137
round 138
round 139
round 140
coin 38 27
coin 32 9
round 141
round 142
round 143
round 144
round 145
coin 59 34
coin 11 2
round 146
round 147
round 148
round 149
round 150
coin 1 12
coin 69 24
round 151
round 152
round 153
round 154
round 155
coin 58 18
coin 12 18
round 156
round 157
round 158
round 159
round 160
coin 39 20
coin 32 16
round 161
round 162
round 163
round 164
round 165
coin 69 10
coin 1 26
round 166
round 167
round 168
round 169
round 170
coin 36 19
coin 34 17
round 171
round 172
round 173
round 174
round 175
coin 50 20
coin 19 16
round 176
round 177
round 178
round 179
round 180
coin 35 18
coin 36 18
round 181
round 182
round 183
round 184
round 185
coin 16 30
coin 54 6
round 186
round 187
round 188
round 189
round 190
coin 40 20
coin 30 17
round 191
round 192
match_over 0
round 193
