match
match_id 1639175988017_gn
match_time 1639175988020
num_bots 1
##MatchConfig
mode FRIENDLY
num_rounds 200
random_seed 42
move_time_limit 1000
coin_spawn_period 5
coin_spawn_volume 2
##MapConfig
map_size 55 35
view_radius 5
mining_radius 2
attack_radius 4
block 7 0
block 8 0
block 9 0
block 10 0
block 11 0
block 12 0
block 18 0
block 19 0
block 25 0
block 26 0
block 27 0
block 28 0
block 29 0
block 30 0
block 7 1
block 8 1
block 9 1
block 10 1
block 11 1
block 12 1
block 18 1
block 19 1
block 25 1
block 26 1
block 27 1
block 28 1
block 29 1
block 30 1
block 34 1
block 35 1
block 36 1
block 7 2
block 8 2
block 9 2
block 10 2
block 11 2
block 12 2
block 18 2
block 19 2
block 25 2
block 26 2
block 27 2
block 28 2
block 29 2
block 30 2
block 34 2
block 35 2
block 36 2
block 7 3
block 8 3
block 9 3
block 10 3
block 11 3
block 12 3
block 18 3
block 19 3
block 25 3
block 26 3
block 27 3
block 28 3
block 29 3
block 30 3
block 34 3
block 35 3
block 36 3
block 0 4
block 1 4
block 2 4
block 3 4
block 4 4
block 25 4
block 26 4
block 27 4
block 28 4
block 29 4
block 30 4
block 53 4
block 54 4
block 0 5
block 1 5
block 2 5
block 3 5
block 4 5
block 53 5
block 54 5
block 0 6
block 1 6
block 2 6
block 3 6
block 4 6
block 53 6
block 54 6
block 0 7
block 1 7
block 2 7
block 3 7
block 4 7
block 53 7
block 54 7
block 0 8
block 1 8
block 2 8
block 3 8
block 4 8
block 53 8
block 54 8
block 0 9
block 1 9
block 2 9
block 3 9
block 4 9
block 53 9
block 54 9
block 41 12
block 42 12
block 43 12
block 44 12
block 45 12
block 46 12
block 47 12
block 41 13
block 42 13
block 43 13
block 44 13
block 45 13
block 46 13
block 47 13
block 4 14
block 5 14
block 6 14
block 7 14
block 8 14
block 9 14
block 41 14
block 42 14
block 43 14
block 44 14
block 45 14
block 46 14
block 47 14
block 4 15
block 5 15
block 6 15
block 7 15
block 8 15
block 9 15
block 41 15
block 42 15
block 43 15
block 44 15
block 45 15
block 46 15
block 47 15
block 4 16
block 5 16
block 6 16
block 7 16
block 8 16
block 9 16
block 41 16
block 42 16
block 43 16
block 44 16
block 45 16
block 46 16
block 47 16
block 4 17
block 5 17
block 6 17
block 7 17
block 8 17
block 9 17
block 27 17
block 28 17
block 29 17
block 30 17
block 31 17
block 32 17
block 33 17
block 41 17
block 42 17
block 43 17
block 44 17
block 45 17
block 46 17
block 47 17
block 4 18
block 5 18
block 6 18
block 7 18
block 8 18
block 9 18
block 27 18
block 28 18
block 29 18
block 30 18
block 31 18
block 32 18
block 33 18
block 40 18
block 41 18
block 42 18
block 43 18
block 44 18
block 45 18
block 46 18
block 47 18
block 4 19
block 5 19
block 6 19
block 7 19
block 8 19
block 9 19
block 27 19
block 28 19
block 29 19
block 30 19
block 31 19
block 32 19
block 33 19
block 40 19
block 41 19
block 42 19
block 43 19
block 44 19
block 45 19
block 46 19
block 4 20
block 5 20
block 6 20
block 7 20
block 8 20
block 9 20
block 27 20
block 28 20
block 29 20
block 30 20
block 31 20
block 32 20
block 33 20
block 27 21
block 28 21
block 29 21
block 30 21
block 31 21
block 32 21
block 33 21
block 52 23
block 53 23
block 54 23
block 2 24
block 3 24
block 52 24
block 53 24
block 54 24
block 2 25
block 3 25
block 52 25
block 53 25
block 54 25
block 2 26
block 3 26
block 52 26
block 53 26
block 54 26
block 2 27
block 3 27
block 52 27
block 53 27
block 54 27
block 2 28
block 3 28
block 52 28
block 53 28
block 54 28
block 2 29
block 3 29
block 52 29
block 53 29
block 54 29
block 2 30
block 3 30
block 53 30
block 54 30
block 53 31
block 54 31
block 53 32
block 54 32
block 7 33
block 8 33
block 9 33
block 10 33
block 11 33
block 12 33
block 18 33
block 19 33
block 25 33
block 26 33
block 27 33
block 28 33
block 29 33
block 30 33
block 7 34
block 8 34
block 9 34
block 10 34
block 11 34
block 12 34
block 18 34
block 19 34
block 25 34
block 26 34
block 27 34
block 28 34
block 29 34
block 30 34
##BotsAndCoinsInfo
bot_name 0 starter-bot
bot 0 11 9
bot_coins 0 0
coin 40 33
coin 14 1
round 1
round 2
round 3
match_over 0
round 4
