match
match_id 1639335743716_ag
match_time 1639335743719
num_bots 1
##MatchConfig
mode FRIENDLY
num_rounds 200
random_seed 42
move_time_limit 1000
coin_spawn_period 5
coin_spawn_volume 2
##MapConfig
map_size 62 34
view_radius 6
mining_radius 1
attack_radius 4
block 19 0
block 20 0
block 21 0
block 22 0
block 23 0
block 46 0
block 47 0
block 48 0
block 49 0
block 56 0
block 57 0
block 58 0
block 59 0
block 60 0
block 19 1
block 20 1
block 21 1
block 22 1
block 23 1
block 44 1
block 45 1
block 46 1
block 47 1
block 48 1
block 49 1
block 56 1
block 57 1
block 58 1
block 59 1
block 60 1
block 19 2
block 20 2
block 21 2
block 22 2
block 23 2
block 31 2
block 32 2
block 33 2
block 34 2
block 35 2
block 44 2
block 45 2
block 46 2
block 47 2
block 56 2
block 57 2
block 58 2
block 59 2
block 60 2
block 4 3
block 5 3
block 6 3
block 7 3
block 8 3
block 9 3
block 10 3
block 21 3
block 22 3
block 23 3
block 24 3
block 25 3
block 26 3
block 27 3
block 29 3
block 30 3
block 31 3
block 32 3
block 33 3
block 34 3
block 35 3
block 44 3
block 45 3
block 46 3
block 47 3
block 56 3
block 57 3
block 58 3
block 59 3
block 4 4
block 5 4
block 6 4
block 7 4
block 8 4
block 9 4
block 10 4
block 21 4
block 22 4
block 23 4
block 24 4
block 25 4
block 26 4
block 27 4
block 29 4
block 30 4
block 31 4
block 32 4
block 33 4
block 34 4
block 35 4
block 44 4
block 45 4
block 46 4
block 47 4
block 56 4
block 57 4
block 58 4
block 59 4
block 4 5
block 5 5
block 6 5
block 7 5
block 8 5
block 9 5
block 10 5
block 21 5
block 22 5
block 23 5
block 24 5
block 25 5
block 26 5
block 27 5
block 28 5
block 29 5
block 30 5
block 31 5
block 32 5
block 33 5
block 34 5
block 35 5
block 40 5
block 41 5
block 42 5
block 43 5
block 44 5
block 45 5
block 46 5
block 2 6
block 3 6
block 4 6
block 5 6
block 6 6
block 7 6
block 8 6
block 9 6
block 10 6
block 11 6
block 12 6
block 21 6
block 22 6
block 23 6
block 24 6
block 25 6
block 26 6
block 27 6
block 28 6
block 29 6
block 30 6
block 31 6
block 32 6
block 33 6
block 34 6
block 35 6
block 40 6
block 41 6
block 42 6
block 43 6
block 44 6
block 45 6
block 46 6
block 2 7
block 3 7
block 4 7
block 5 7
block 6 7
block 7 7
block 8 7
block 9 7
block 10 7
block 11 7
block 12 7
block 24 7
block 25 7
block 26 7
block 27 7
block 28 7
block 29 7
block 30 7
block 31 7
block 32 7
block 33 7
block 34 7
block 35 7
block 40 7
block 41 7
block 42 7
block 43 7
block 44 7
block 45 7
block 46 7
block 2 8
block 3 8
block 4 8
block 5 8
block 6 8
block 7 8
block 8 8
block 9 8
block 10 8
block 11 8
block 12 8
block 24 8
block 25 8
block 26 8
block 27 8
block 28 8
block 29 8
block 30 8
block 31 8
block 32 8
block 33 8
block 40 8
block 41 8
block 42 8
block 43 8
block 44 8
block 45 8
block 46 8
block 0 9
block 1 9
block 2 9
block 3 9
block 4 9
block 5 9
block 9 9
block 10 9
block 11 9
block 12 9
block 13 9
block 14 9
block 15 9
block 16 9
block 17 9
block 18 9
block 19 9
block 20 9
block 29 9
block 30 9
block 31 9
block 32 9
block 33 9
block 55 9
block 56 9
block 57 9
block 58 9
block 59 9
block 60 9
block 61 9
block 0 10
block 1 10
block 2 10
block 3 10
block 4 10
block 5 10
block 9 10
block 10 10
block 11 10
block 12 10
block 13 10
block 14 10
block 15 10
block 16 10
block 17 10
block 18 10
block 19 10
block 20 10
block 55 10
block 56 10
block 57 10
block 58 10
block 59 10
block 60 10
block 61 10
block 9 11
block 10 11
block 11 11
block 12 11
block 13 11
block 14 11
block 15 11
block 16 11
block 17 11
block 18 11
block 19 11
block 20 11
block 55 11
block 56 11
block 57 11
block 58 11
block 59 11
block 60 11
block 9 12
block 10 12
block 11 12
block 12 12
block 13 12
block 14 12
block 15 12
block 16 12
block 17 12
block 18 12
block 19 12
block 20 12
block 55 12
block 56 12
block 57 12
block 58 12
block 59 12
block 60 12
block 9 13
block 10 13
block 11 13
block 12 13
block 13 13
block 14 13
block 15 13
block 16 13
block 17 13
block 18 13
block 19 13
block 20 13
block 9 14
block 10 14
block 11 14
block 12 14
block 13 14
block 14 14
block 15 14
block 16 14
block 6 15
block 7 15
block 8 15
block 9 15
block 10 15
block 11 15
block 12 15
block 13 15
block 14 15
block 15 15
block 16 15
block 6 16
block 7 16
block 8 16
block 48 16
block 49 16
block 50 16
block 51 16
block 52 16
block 53 16
block 54 16
block 6 17
block 7 17
block 8 17
block 48 17
block 49 17
block 50 17
block 51 17
block 52 17
block 53 17
block 54 17
block 6 18
block 7 18
block 8 18
block 41 18
block 42 18
block 43 18
block 48 18
block 49 18
block 50 18
block 51 18
block 52 18
block 53 18
block 54 18
block 55 18
block 56 18
block 57 18
block 3 19
block 4 19
block 6 19
block 7 19
block 8 19
block 41 19
block 42 19
block 43 19
block 54 19
block 55 19
block 56 19
block 57 19
block 3 20
block 4 20
block 6 20
block 7 20
block 8 20
block 41 20
block 42 20
block 43 20
block 54 20
block 55 20
block 56 20
block 57 20
block 3 21
block 4 21
block 6 21
block 7 21
block 8 21
block 23 21
block 24 21
block 25 21
block 26 21
block 27 21
block 28 21
block 29 21
block 34 21
block 35 21
block 36 21
block 41 21
block 42 21
block 43 21
block 3 22
block 4 22
block 23 22
block 24 22
block 25 22
block 26 22
block 27 22
block 28 22
block 29 22
block 34 22
block 35 22
block 36 22
block 3 23
block 4 23
block 23 23
block 24 23
block 25 23
block 26 23
block 27 23
block 28 23
block 29 23
block 34 23
block 35 23
block 36 23
block 9 24
block 10 24
block 11 24
block 23 24
block 24 24
block 25 24
block 26 24
block 27 24
block 28 24
block 29 24
block 34 24
block 35 24
block 36 24
block 0 25
block 9 25
block 10 25
block 11 25
block 23 25
block 24 25
block 25 25
block 26 25
block 27 25
block 28 25
block 29 25
block 34 25
block 35 25
block 36 25
block 57 25
block 58 25
block 59 25
block 60 25
block 61 25
block 0 26
block 23 26
block 24 26
block 25 26
block 26 26
block 27 26
block 28 26
block 29 26
block 34 26
block 35 26
block 36 26
block 57 26
block 58 26
block 59 26
block 60 26
block 61 26
block 0 27
block 57 27
block 58 27
block 59 27
block 60 27
block 61 27
block 19 31
block 20 31
block 21 31
block 22 31
block 23 31
block 46 31
block 47 31
block 48 31
block 49 31
block 56 31
block 57 31
block 58 31
block 59 31
block 60 31
block 19 32
block 20 32
block 21 32
block 22 32
block 23 32
block 46 32
block 47 32
block 48 32
block 49 32
block 56 32
block 57 32
block 58 32
block 59 32
block 60 32
block 19 33
block 20 33
block 21 33
block 22 33
block 23 33
block 46 33
block 47 33
block 48 33
block 49 33
block 56 33
block 57 33
block 58 33
block 59 33
block 60 33
##BotsAndCoinsInfo
bot_name 0 starter-bot
bot 0 16 28
bot_coins 0 0
coin 6 11
coin 55 22
round 1
bot 0 16 29
round 2
bot 0 16 30
round 3
bot 0 16 31
round 4
bot 0 16 32
round 5
bot 0 16 33
coin 34 12
coin 27 20
round 6
bot 0 15 32
round 7
bot 0 15 31
round 8
bot 0 15 30
round 9
bot 0 15 29
round 10
bot 0 15 28
coin 1 8
coin 60 24
round 11
bot 0 15 27
round 12
bot 0 15 26
round 13
bot 0 15 25
round 14
bot 0 15 24
round 15
bot 0 15 23
coin 3 12
coin 58 21
round 16
bot 0 15 22
round 17
bot 0 15 21
round 18
bot 0 15 20
round 19
bot 0 15 19
round 20
bot 0 15 18
coin 23 7
coin 38 26
round 21
bot 0 15 17
round 22
bot 0 15 16
round 23
round 24
round 25
coin 34 13
coin 26 20
round 26
round 27
round 28
round 29
round 30
coin 12 16
coin 49 15
round 31
round 32
round 33
round 34
round 35
coin 58 14
coin 2 19
round 36
round 37
round 38
round 39
round 40
coin 14 8
coin 47 25
round 41
round 42
round 43
round 44
round 45
coin 48 15
coin 13 18
round 46
round 47
round 48
round 49
round 50
coin 15 8
coin 46 25
round 51
round 52
round 53
round 54
round 55
coin 55 33
coin 6 0
round 56
round 57
round 58
round 59
round 60
coin 55 1
coin 6 32
round 61
round 62
round 63
round 64
round 65
coin 5 20
coin 56 13
round 66
round 67
round 68
round 69
round 70
coin 51 32
coin 10 1
round 71
round 72
round 73
round 74
round 75
coin 54 14
coin 9 19
round 76
round 77
round 78
round 79
round 80
coin 22 25
coin 39 8
round 81
round 82
round 83
round 84
round 85
coin 13 27
coin 48 6
round 86
round 87
round 88
round 89
round 90
coin 6 9
coin 55 24
round 91
round 92
round 93
round 94
round 95
coin 25 2
coin 36 31
round 96
round 97
round 98
round 99
round 100
coin 53 31
coin 8 2
round 101
round 102
round 103
round 104
round 105
coin 25 29
coin 36 4
round 106
round 107
round 108
round 109
round 110
coin 25 10
coin 37 23
round 111
round 112
round 113
round 114
round 115
coin 25 19
coin 36 14
round 116
round 117
round 118
round 119
round 120
coin 21 9
coin 40 24
round 121
round 122
round 123
round 124
round 125
coin 49 8
coin 12 25
round 126
round 127
round 128
round 129
round 130
coin 6 14
coin 55 21
round 131
round 132
round 133
round 134
round 135
coin 34 20
coin 27 13
round 136
round 137
round 138
round 139
round 140
coin 31 1
coin 30 32
round 141
round 142
round 143
round 144
round 145
coin 15 23
coin 46 10
round 146
round 147
round 148
round 149
round 150
coin 61 7
coin 1 26
round 151
round 152
round 153
round 154
round 155
coin 18 8
coin 43 25
round 156
round 157
round 158
round 159
round 160
coin 42 2
coin 19 30
round 161
round 162
round 163
round 164
round 165
coin 42 11
coin 19 22
round 166
round 167
round 168
round 169
round 170
coin 13 3
coin 48 30
round 171
round 172
round 173
round 174
round 175
coin 52 7
coin 9 26
round 176
round 177
round 178
round 179
round 180
coin 60 3
coin 1 30
round 181
round 182
round 183
round 184
round 185
coin 27 9
coin 33 24
round 186
round 187
round 188
round 189
round 190
coin 56 22
coin 5 11
round 191
round 192
round 193
round 194
round 195
coin 27 12
coin 33 21
round 196
round 197
round 198
round 199
round 200
coin 52 22
coin 8 11
match_over 0
