match
match_id 1639335602772_ac
match_time 1639335602777
num_bots 1
##MatchConfig
mode FRIENDLY
num_rounds 200
random_seed 42
move_time_limit 1000
coin_spawn_period 5
coin_spawn_volume 2
##MapConfig
map_size 75 25
view_radius 5
mining_radius 1
attack_radius 3
block 41 0
block 42 0
block 43 0
block 44 0
block 45 0
block 46 0
block 67 0
block 68 0
block 69 0
block 70 0
block 71 0
block 72 0
block 41 1
block 42 1
block 43 1
block 44 1
block 45 1
block 46 1
block 67 1
block 68 1
block 69 1
block 70 1
block 71 1
block 72 1
block 10 2
block 11 2
block 12 2
block 13 2
block 41 2
block 42 2
block 43 2
block 44 2
block 45 2
block 46 2
block 67 2
block 68 2
block 69 2
block 70 2
block 71 2
block 72 2
block 10 3
block 11 3
block 12 3
block 13 3
block 30 3
block 31 3
block 67 3
block 68 3
block 69 3
block 70 3
block 71 3
block 72 3
block 10 4
block 11 4
block 12 4
block 13 4
block 30 4
block 31 4
block 55 4
block 56 4
block 57 4
block 58 4
block 59 4
block 60 4
block 61 4
block 67 4
block 68 4
block 69 4
block 70 4
block 71 4
block 72 4
block 10 5
block 11 5
block 12 5
block 13 5
block 30 5
block 31 5
block 55 5
block 56 5
block 57 5
block 58 5
block 59 5
block 60 5
block 61 5
block 10 6
block 11 6
block 12 6
block 13 6
block 30 6
block 31 6
block 32 6
block 33 6
block 55 6
block 56 6
block 57 6
block 58 6
block 59 6
block 60 6
block 61 6
block 10 7
block 11 7
block 12 7
block 13 7
block 30 7
block 31 7
block 32 7
block 33 7
block 41 7
block 42 7
block 43 7
block 44 7
block 45 7
block 46 7
block 30 8
block 31 8
block 32 8
block 33 8
block 41 8
block 42 8
block 43 8
block 44 8
block 45 8
block 46 8
block 30 9
block 31 9
block 32 9
block 33 9
block 41 9
block 42 9
block 43 9
block 44 9
block 45 9
block 46 9
block 30 10
block 31 10
block 32 10
block 33 10
block 41 10
block 42 10
block 43 10
block 44 10
block 45 10
block 46 10
block 54 10
block 55 10
block 56 10
block 57 10
block 58 10
block 59 10
block 60 10
block 30 11
block 31 11
block 32 11
block 33 11
block 36 11
block 37 11
block 38 11
block 39 11
block 41 11
block 42 11
block 43 11
block 44 11
block 45 11
block 46 11
block 54 11
block 55 11
block 56 11
block 57 11
block 58 11
block 59 11
block 60 11
block 30 12
block 31 12
block 32 12
block 33 12
block 36 12
block 37 12
block 38 12
block 39 12
block 41 12
block 42 12
block 43 12
block 44 12
block 45 12
block 46 12
block 54 12
block 55 12
block 56 12
block 57 12
block 58 12
block 59 12
block 60 12
block 14 13
block 15 13
block 30 13
block 31 13
block 32 13
block 33 13
block 36 13
block 37 13
block 38 13
block 39 13
block 41 13
block 42 13
block 43 13
block 44 13
block 45 13
block 46 13
block 14 14
block 15 14
block 36 14
block 37 14
block 38 14
block 39 14
block 14 15
block 15 15
block 36 15
block 37 15
block 38 15
block 39 15
block 49 15
block 50 15
block 51 15
block 52 15
block 53 15
block 54 15
block 0 16
block 14 16
block 15 16
block 36 16
block 37 16
block 38 16
block 39 16
block 49 16
block 50 16
block 51 16
block 52 16
block 53 16
block 54 16
block 74 16
block 0 17
block 36 17
block 37 17
block 38 17
block 39 17
block 49 17
block 50 17
block 51 17
block 52 17
block 53 17
block 54 17
block 74 17
block 0 18
block 49 18
block 50 18
block 51 18
block 52 18
block 53 18
block 54 18
block 74 18
block 0 19
block 8 19
block 9 19
block 10 19
block 49 19
block 50 19
block 51 19
block 52 19
block 53 19
block 54 19
block 66 19
block 67 19
block 74 19
block 0 20
block 8 20
block 9 20
block 10 20
block 62 20
block 63 20
block 64 20
block 65 20
block 66 20
block 67 20
block 68 20
block 74 20
block 8 21
block 9 21
block 10 21
block 41 21
block 42 21
block 43 21
block 44 21
block 45 21
block 46 21
block 62 21
block 63 21
block 64 21
block 65 21
block 66 21
block 67 21
block 68 21
block 41 22
block 42 22
block 43 22
block 44 22
block 45 22
block 46 22
block 66 22
block 67 22
block 41 23
block 42 23
block 43 23
block 44 23
block 45 23
block 46 23
block 66 23
block 67 23
block 68 23
block 69 23
block 70 23
block 71 23
block 72 23
block 41 24
block 42 24
block 43 24
block 44 24
block 45 24
block 46 24
block 66 24
block 67 24
block 68 24
block 69 24
block 70 24
block 71 24
block 72 24
##BotsAndCoinsInfo
bot_name 0 starter-bot
bot 0 49 2
bot_coins 0 0
coin 5 13
coin 69 11
round 1
bot 0 49 3
round 2
bot 0 49 4
round 3
bot 0 49 5
round 4
bot 0 49 6
round 5
bot 0 49 7
coin 48 9
coin 26 15
round 6
bot 0 49 8
round 7
bot 0 49 9
coin_collected 48 9 0
bot_coins 0 1
round 8
bot 0 49 10
round 9
bot 0 49 11
round 10
bot 0 49 12
coin 47 0
coin 27 24
round 11
bot 0 49 13
round 12
bot 0 49 14
round 13
round 14
round 15
coin 5 18
coin 69 6
round 16
round 17
round 18
round 19
round 20
coin 19 18
coin 55 7
round 21
round 22
round 23
round 24
round 25
coin 32 2
coin 40 22
round 26
round 27
round 28
round 29
round 30
coin 48 17
coin 26 7
round 31
round 32
round 33
round 34
round 35
coin 25 7
coin 48 18
round 36
round 37
round 38
round 39
round 40
coin 6 20
coin 68 5
round 41
round 42
round 43
round 44
round 45
coin 40 9
coin 34 15
round 46
round 47
round 48
round 49
round 50
coin 50 13
coin 24 11
round 51
round 52
round 53
round 54
round 55
coin 26 13
coin 48 11
round 56
round 57
round 58
round 59
round 60
coin 68 16
coin 6 8
round 61
round 62
round 63
round 64
round 65
coin 55 8
coin 19 16
round 66
round 67
round 68
round 69
round 70
coin 37 21
coin 37 3
round 71
round 72
round 73
round 74
round 75
coin 54 6
coin 20 18
round 76
round 77
round 78
round 79
round 80
coin 5 10
coin 69 14
round 81
round 82
round 83
round 84
round 85
coin 17 2
coin 57 22
round 86
round 87
round 88
round 89
round 90
coin 12 18
coin 62 6
round 91
round 92
round 93
round 94
round 95
coin 13 14
coin 61 10
round 96
round 97
round 98
round 99
round 100
coin 29 15
coin 47 9
round 101
round 102
round 103
round 104
round 105
coin 23 12
coin 51 12
round 106
round 107
round 108
round 109
round 110
coin 50 9
coin 24 15
round 111
round 112
round 113
round 114
round 115
coin 7 10
coin 67 14
round 116
round 117
round 118
round 119
round 120
coin 7 18
coin 67 6
round 121
round 122
round 123
round 124
round 125
coin 43 15
coin 29 9
round 126
round 127
round 128
round 129
round 130
coin 8 6
coin 66 18
round 131
round 132
round 133
round 134
round 135
coin 35 10
coin 40 14
round 136
round 137
round 138
round 139
round 140
coin 13 9
coin 61 15
round 141
round 142
round 143
round 144
round 145
coin 36 3
coin 38 21
round 146
round 147
round 148
round 149
round 150
coin 22 19
coin 52 5
round 151
round 152
round 153
round 154
round 155
coin 2 1
coin 72 22
round 156
round 157
round 158
round 159
round 160
coin 44 19
coin 29 5
round 161
round 162
round 163
round 164
round 165
coin 23 19
coin 51 5
round 166
round 167
round 168
round 169
round 170
coin 0 24
coin 74 0
round 171
round 172
round 173
round 174
round 175
coin 40 1
coin 34 23
round 176
round 177
round 178
round 179
round 180
coin 28 4
coin 46 20
round 181
round 182
round 183
round 184
round 185
coin 73 8
coin 1 16
round 186
round 187
round 188
round 189
round 190
coin 11 10
coin 63 14
round 191
round 192
round 193
round 194
round 195
coin 50 20
coin 24 4
round 196
round 197
round 198
round 199
round 200
coin 1 19
coin 73 5
match_over 0
