match
match_id 1639179178510_iw
match_time 1639179178513
num_bots 1
##MatchConfig
mode FRIENDLY
num_rounds 200
random_seed 42
move_time_limit 1000
coin_spawn_period 5
coin_spawn_volume 2
##MapConfig
map_size 70 26
view_radius 5
mining_radius 2
attack_radius 3
block 0 0
block 1 0
block 32 0
block 33 0
block 34 0
block 41 0
block 42 0
block 43 0
block 44 0
block 45 0
block 46 0
block 65 0
block 66 0
block 67 0
block 68 0
block 69 0
block 0 1
block 1 1
block 32 1
block 33 1
block 34 1
block 65 1
block 66 1
block 67 1
block 68 1
block 69 1
block 0 2
block 1 2
block 32 2
block 33 2
block 34 2
block 65 2
block 66 2
block 67 2
block 68 2
block 69 2
block 0 3
block 1 3
block 32 3
block 33 3
block 34 3
block 65 3
block 66 3
block 67 3
block 68 3
block 69 3
block 0 4
block 1 4
block 65 4
block 66 4
block 67 4
block 68 4
block 69 4
block 40 5
block 41 5
block 42 5
block 43 5
block 44 5
block 10 6
block 11 6
block 12 6
block 13 6
block 30 6
block 31 6
block 32 6
block 33 6
block 34 6
block 35 6
block 36 6
block 40 6
block 41 6
block 42 6
block 43 6
block 44 6
block 10 7
block 11 7
block 12 7
block 13 7
block 30 7
block 31 7
block 32 7
block 33 7
block 34 7
block 35 7
block 36 7
block 40 7
block 41 7
block 42 7
block 43 7
block 44 7
block 3 8
block 4 8
block 5 8
block 6 8
block 7 8
block 8 8
block 9 8
block 10 8
block 11 8
block 12 8
block 13 8
block 30 8
block 31 8
block 32 8
block 33 8
block 34 8
block 35 8
block 36 8
block 40 8
block 41 8
block 42 8
block 43 8
block 44 8
block 3 9
block 4 9
block 5 9
block 6 9
block 7 9
block 8 9
block 9 9
block 10 9
block 11 9
block 12 9
block 13 9
block 30 9
block 31 9
block 32 9
block 33 9
block 34 9
block 35 9
block 36 9
block 38 9
block 39 9
block 40 9
block 41 9
block 42 9
block 43 9
block 44 9
block 3 10
block 4 10
block 5 10
block 6 10
block 7 10
block 8 10
block 9 10
block 10 10
block 11 10
block 12 10
block 13 10
block 30 10
block 31 10
block 32 10
block 33 10
block 34 10
block 35 10
block 36 10
block 38 10
block 39 10
block 40 10
block 41 10
block 42 10
block 43 10
block 44 10
block 0 11
block 1 11
block 3 11
block 4 11
block 5 11
block 6 11
block 7 11
block 8 11
block 9 11
block 10 11
block 11 11
block 12 11
block 13 11
block 30 11
block 31 11
block 32 11
block 33 11
block 34 11
block 35 11
block 36 11
block 38 11
block 39 11
block 40 11
block 41 11
block 43 11
block 44 11
block 45 11
block 46 11
block 50 11
block 51 11
block 52 11
block 53 11
block 54 11
block 55 11
block 69 11
block 0 12
block 1 12
block 10 12
block 11 12
block 12 12
block 13 12
block 31 12
block 32 12
block 35 12
block 36 12
block 38 12
block 39 12
block 40 12
block 41 12
block 43 12
block 44 12
block 45 12
block 46 12
block 50 12
block 51 12
block 52 12
block 53 12
block 54 12
block 55 12
block 69 12
block 0 13
block 1 13
block 31 13
block 32 13
block 35 13
block 36 13
block 43 13
block 44 13
block 45 13
block 46 13
block 50 13
block 51 13
block 52 13
block 53 13
block 54 13
block 55 13
block 69 13
block 0 14
block 1 14
block 31 14
block 32 14
block 35 14
block 36 14
block 43 14
block 44 14
block 45 14
block 46 14
block 50 14
block 51 14
block 52 14
block 53 14
block 54 14
block 55 14
block 68 14
block 69 14
block 0 15
block 1 15
block 35 15
block 36 15
block 54 15
block 55 15
block 66 15
block 67 15
block 68 15
block 69 15
block 0 16
block 1 16
block 15 16
block 16 16
block 17 16
block 18 16
block 19 16
block 35 16
block 36 16
block 44 16
block 45 16
block 46 16
block 47 16
block 48 16
block 54 16
block 55 16
block 59 16
block 60 16
block 61 16
block 62 16
block 63 16
block 64 16
block 66 16
block 67 16
block 68 16
block 69 16
block 0 17
block 1 17
block 15 17
block 16 17
block 17 17
block 18 17
block 19 17
block 35 17
block 36 17
block 44 17
block 45 17
block 46 17
block 47 17
block 48 17
block 54 17
block 55 17
block 59 17
block 60 17
block 61 17
block 62 17
block 63 17
block 64 17
block 44 18
block 45 18
block 46 18
block 47 18
block 48 18
block 54 18
block 55 18
block 59 18
block 60 18
block 61 18
block 62 18
block 63 18
block 64 18
block 49 19
block 50 19
block 51 19
block 52 19
block 53 19
block 54 19
block 55 19
block 56 19
block 57 19
block 58 19
block 59 19
block 60 19
block 61 19
block 62 19
block 63 19
block 64 19
block 33 20
block 34 20
block 35 20
block 36 20
block 37 20
block 49 20
block 50 20
block 51 20
block 52 20
block 53 20
block 54 20
block 55 20
block 56 20
block 57 20
block 58 20
block 59 20
block 60 20
block 61 20
block 62 20
block 63 20
block 64 20
block 33 21
block 34 21
block 35 21
block 36 21
block 37 21
block 49 21
block 50 21
block 51 21
block 52 21
block 53 21
block 54 21
block 55 21
block 56 21
block 57 21
block 58 21
block 33 22
block 34 22
block 35 22
block 36 22
block 37 22
block 49 22
block 50 22
block 51 22
block 52 22
block 53 22
block 54 22
block 55 22
block 56 22
block 57 22
block 58 22
block 33 23
block 34 23
block 35 23
block 36 23
block 37 23
block 41 23
block 42 23
block 43 23
block 44 23
block 45 23
block 46 23
block 52 23
block 53 23
block 54 23
block 55 23
block 56 23
block 57 23
block 58 23
block 59 23
block 60 23
block 32 24
block 33 24
block 34 24
block 35 24
block 36 24
block 37 24
block 41 24
block 42 24
block 43 24
block 44 24
block 45 24
block 46 24
block 52 24
block 53 24
block 54 24
block 55 24
block 56 24
block 57 24
block 58 24
block 59 24
block 60 24
block 32 25
block 33 25
block 34 25
block 41 25
block 42 25
block 43 25
block 44 25
block 45 25
block 46 25
##BotsAndCoinsInfo
bot_name 0 starter-bot
bot 0 16 19
bot_coins 0 0
coin 50 7
coin 19 18
round 1
bot 0 16 20
round 2
bot 0 16 21
round 3
bot 0 16 22
round 4
bot 0 16 23
round 5
bot 0 16 24
coin 48 12
coin 21 13
round 6
bot 0 16 25
round 7
bot 0 15 24
round 8
bot 0 15 23
round 9
bot 0 15 22
round 10
bot 0 15 21
coin 40 17
coin 29 8
round 11
bot 0 15 20
round 12
bot 0 15 19
round 13
bot 0 15 18
round 14
round 15
coin 14 16
coin 55 9
round 16
round 17
round 18
round 19
round 20
coin 69 17
coin 0 8
round 21
round 22
round 23
round 24
round 25
coin 52 0
coin 17 25
round 26
round 27
round 28
round 29
round 30
coin 56 6
coin 13 19
round 31
round 32
round 33
round 34
round 35
coin 36 4
coin 32 21
round 36
round 37
round 38
round 39
round 40
coin 56 8
coin 13 17
round 41
round 42
round 43
round 44
round 45
coin 63 25
coin 6 0
round 46
round 47
round 48
round 49
round 50
coin 40 18
coin 29 7
round 51
round 52
round 53
round 54
round 55
coin 37 17
coin 32 5
round 56
round 57
round 58
round 59
round 60
coin 63 21
coin 6 4
round 61
round 62
round 63
round 64
round 65
coin 0 6
coin 69 19
round 66
round 67
round 68
round 69
round 70
coin 67 24
coin 2 1
round 71
round 72
round 73
round 74
round 75
coin 42 11
coin 27 14
round 76
round 77
round 78
round 79
round 80
coin 29 6
coin 40 19
round 81
round 82
round 83
round 84
round 85
coin 17 21
coin 52 4
round 86
round 87
round 88
round 89
round 90
coin 14 11
coin 56 14
round 91
round 92
round 93
round 94
round 95
coin 63 10
coin 6 15
round 96
round 97
round 98
round 99
round 100
coin 69 5
coin 0 20
round 101
round 102
round 103
round 104
round 105
coin 63 3
coin 6 22
round 106
round 107
round 108
round 109
round 110
coin 45 2
coin 24 23
round 111
round 112
round 113
round 114
round 115
coin 27 21
coin 42 4
round 116
round 117
round 118
round 119
round 120
coin 27 23
coin 42 2
round 121
round 122
round 123
round 124
round 125
coin 33 18
coin 37 7
round 126
round 127
round 128
round 129
round 130
coin 58 2
coin 11 23
round 131
round 132
round 133
round 134
round 135
coin 30 16
coin 39 8
round 136
round 137
round 138
round 139
round 140
coin 63 15
coin 6 12
round 141
round 142
round 143
round 144
round 145
coin 2 2
coin 67 23
round 146
round 147
round 148
round 149
round 150
coin 7 7
coin 62 15
round 151
round 152
round 153
round 154
round 155
coin 29 9
coin 40 16
round 156
round 157
round 158
round 159
round 160
coin 64 6
coin 5 19
round 161
round 162
round 163
round 164
round 165
coin 48 15
coin 21 10
round 166
round 167
round 168
round 169
round 170
coin 55 5
coin 14 20
round 171
round 172
round 173
round 174
round 175
coin 10 21
coin 59 4
round 176
round 177
round 178
round 179
round 180
coin 53 15
coin 16 10
round 181
round 182
round 183
round 184
round 185
coin 45 7
coin 24 18
round 186
round 187
round 188
round 189
round 190
coin 26 20
coin 43 4
round 191
round 192
round 193
round 194
round 195
coin 45 21
coin 24 4
round 196
round 197
round 198
round 199
round 200
coin 30 24
coin 39 1
match_over 0
