match
match_id 1639171314064_dd
match_time 1639171314067
num_bots 1
##MatchConfig
mode FRIENDLY
num_rounds 200
random_seed 42
move_time_limit 1000
coin_spawn_period 5
coin_spawn_volume 2
##MapConfig
map_size 56 39
view_radius 5
mining_radius 2
attack_radius 4
block 2 0
block 3 0
block 4 0
block 5 0
block 6 0
block 19 0
block 20 0
block 21 0
block 22 0
block 23 0
block 24 0
block 2 1
block 3 1
block 4 1
block 5 1
block 6 1
block 19 1
block 20 1
block 21 1
block 22 1
block 23 1
block 24 1
block 29 1
block 30 1
block 31 1
block 32 1
block 33 1
block 29 2
block 30 2
block 31 2
block 32 2
block 33 2
block 0 3
block 1 3
block 8 3
block 9 3
block 10 3
block 11 3
block 12 3
block 13 3
block 28 3
block 29 3
block 30 3
block 31 3
block 32 3
block 33 3
block 53 3
block 54 3
block 55 3
block 0 4
block 1 4
block 4 4
block 5 4
block 6 4
block 7 4
block 8 4
block 9 4
block 10 4
block 11 4
block 12 4
block 13 4
block 28 4
block 29 4
block 30 4
block 31 4
block 32 4
block 33 4
block 53 4
block 54 4
block 55 4
block 0 5
block 1 5
block 4 5
block 5 5
block 6 5
block 7 5
block 8 5
block 9 5
block 10 5
block 11 5
block 12 5
block 13 5
block 28 5
block 29 5
block 30 5
block 31 5
block 53 5
block 54 5
block 55 5
block 0 6
block 1 6
block 4 6
block 5 6
block 6 6
block 7 6
block 8 6
block 9 6
block 10 6
block 11 6
block 12 6
block 13 6
block 53 6
block 54 6
block 55 6
block 0 7
block 1 7
block 8 7
block 9 7
block 10 7
block 11 7
block 12 7
block 13 7
block 53 7
block 54 7
block 55 7
block 0 8
block 1 8
block 8 8
block 9 8
block 10 8
block 11 8
block 12 8
block 13 8
block 22 8
block 23 8
block 24 8
block 25 8
block 26 8
block 53 8
block 54 8
block 55 8
block 8 9
block 9 9
block 10 9
block 11 9
block 12 9
block 13 9
block 22 9
block 23 9
block 24 9
block 25 9
block 26 9
block 22 10
block 23 10
block 24 10
block 25 10
block 26 10
block 27 10
block 28 10
block 29 10
block 30 10
block 31 10
block 32 10
block 22 11
block 23 11
block 24 11
block 25 11
block 26 11
block 27 11
block 28 11
block 29 11
block 30 11
block 31 11
block 32 11
block 22 12
block 23 12
block 24 12
block 25 12
block 26 12
block 27 12
block 28 12
block 29 12
block 30 12
block 31 12
block 32 12
block 27 13
block 28 13
block 29 13
block 30 13
block 31 13
block 32 13
block 34 13
block 35 13
block 36 13
block 37 13
block 38 13
block 27 14
block 28 14
block 29 14
block 30 14
block 31 14
block 32 14
block 34 14
block 35 14
block 36 14
block 37 14
block 38 14
block 27 15
block 28 15
block 29 15
block 30 15
block 31 15
block 32 15
block 34 15
block 35 15
block 36 15
block 37 15
block 38 15
block 34 16
block 35 16
block 36 16
block 37 16
block 38 16
block 34 17
block 35 17
block 36 17
block 37 17
block 38 17
block 16 21
block 17 21
block 18 21
block 45 21
block 46 21
block 47 21
block 52 21
block 53 21
block 54 21
block 16 22
block 17 22
block 18 22
block 45 22
block 46 22
block 47 22
block 52 22
block 53 22
block 54 22
block 25 23
block 26 23
block 27 23
block 28 23
block 45 23
block 46 23
block 47 23
block 52 23
block 53 23
block 54 23
block 25 24
block 26 24
block 27 24
block 28 24
block 52 24
block 53 24
block 54 24
block 25 25
block 26 25
block 27 25
block 28 25
block 52 25
block 53 25
block 54 25
block 25 26
block 26 26
block 27 26
block 28 26
block 52 26
block 53 26
block 54 26
block 25 27
block 26 27
block 27 27
block 28 27
block 2 34
block 3 34
block 4 34
block 5 34
block 6 34
block 2 35
block 3 35
block 4 35
block 5 35
block 6 35
block 2 36
block 3 36
block 4 36
block 5 36
block 6 36
block 19 36
block 20 36
block 21 36
block 22 36
block 23 36
block 24 36
block 2 37
block 3 37
block 4 37
block 5 37
block 6 37
block 19 37
block 20 37
block 21 37
block 22 37
block 23 37
block 24 37
block 2 38
block 3 38
block 4 38
block 5 38
block 6 38
block 19 38
block 20 38
block 21 38
block 22 38
block 23 38
block 24 38
##BotsAndCoinsInfo
bot_name 0 starter-bot
bot 0 5 14
bot_coins 0 0
coin 50 33
coin 5 3
round 1
bot 0 5 15
round 2
bot 0 5 16
round 3
bot 0 5 17
round 4
bot 0 5 18
round 5
bot 0 5 19
coin 48 38
coin 7 0
round 6
bot 0 5 20
round 7
bot 0 5 21
round 8
bot 0 5 22
round 9
bot 0 5 23
round 10
bot 0 5 24
coin 26 4
coin 29 34
round 11
bot 0 5 25
round 12
bot 0 5 26
round 13
bot 0 5 27
round 14
bot 0 5 28
round 15
bot 0 5 29
coin 1 29
coin 54 9
round 16
bot 0 5 30
round 17
bot 0 5 31
round 18
bot 0 5 32
round 19
bot 0 5 33
round 20
coin 55 2
coin 0 36
round 21
round 22
round 23
round 24
round 25
coin 38 26
coin 17 12
round 26
round 27
round 28
round 29
round 30
coin 28 6
coin 27 32
round 31
round 32
round 33
round 34
round 35
coin 36 18
coin 19 20
round 36
round 37
round 38
round 39
round 40
coin 0 21
coin 55 17
round 41
round 42
round 43
round 44
round 45
coin 7 38
coin 48 0
round 46
round 47
round 48
round 49
round 50
coin 40 4
coin 15 34
round 51
round 52
round 53
round 54
round 55
coin 50 30
coin 5 8
round 56
round 57
round 58
round 59
round 60
coin 35 21
coin 20 17
round 61
round 62
round 63
round 64
round 65
coin 14 19
coin 41 19
round 66
round 67
round 68
round 69
round 70
coin 11 24
coin 44 14
round 71
round 72
round 73
round 74
round 75
coin 26 36
coin 28 2
round 76
round 77
round 78
round 79
round 80
coin 30 20
coin 25 18
round 81
round 82
round 83
round 84
round 85
coin 17 8
coin 38 30
round 86
round 87
round 88
round 89
round 90
coin 12 37
coin 43 1
round 91
round 92
round 93
round 94
round 95
coin 49 36
coin 6 2
round 96
round 97
round 98
round 99
round 100
coin 27 31
coin 28 7
round 101
round 102
round 103
round 104
round 105
coin 7 16
coin 48 22
round 106
round 107
round 108
round 109
round 110
coin 31 16
coin 24 22
round 111
round 112
round 113
round 114
round 115
coin 55 9
coin 0 29
round 116
round 117
round 118
round 119
round 120
coin 13 10
coin 42 28
round 121
round 122
round 123
round 124
round 125
coin 33 5
coin 22 33
round 126
round 127
round 128
round 129
round 130
coin 30 28
coin 27 9
round 131
round 132
round 133
round 134
round 135
coin 16 16
coin 39 22
round 136
round 137
round 138
round 139
round 140
coin 49 28
coin 6 10
round 141
round 142
round 143
round 144
round 145
coin 29 27
coin 26 13
round 146
round 147
round 148
round 149
round 150
coin 49 35
coin 6 3
round 151
round 152
round 153
round 154
round 155
coin 32 22
coin 23 16
round 156
round 157
round 158
round 159
round 160
coin 22 32
coin 33 6
round 161
round 162
round 163
round 164
round 165
coin 6 28
coin 49 10
round 166
round 167
round 168
round 169
round 170
coin 55 18
coin 0 20
round 171
round 172
round 173
round 174
round 175
coin 38 8
coin 17 30
round 176
round 177
round 178
round 179
round 180
coin 53 13
coin 2 25
round 181
round 182
round 183
round 184
round 185
coin 29 20
coin 26 18
round 186
round 187
round 188
round 189
round 190
coin 26 7
coin 29 31
round 191
round 192
round 193
round 194
round 195
coin 17 20
coin 38 18
round 196
round 197
round 198
round 199
round 200
coin 16 37
coin 39 1
match_over 0
