match
match_id 1639173777896_ee
match_time 1639173777899
num_bots 1
##MatchConfig
mode FRIENDLY
num_rounds 200
random_seed 42
move_time_limit 1000
coin_spawn_period 5
coin_spawn_volume 2
##MapConfig
map_size 59 31
view_radius 5
mining_radius 1
attack_radius 3
block 33 0
block 34 0
block 35 0
block 36 0
block 37 0
block 38 0
block 39 0
block 40 0
block 41 0
block 42 0
block 43 0
block 44 0
block 45 0
block 46 0
block 47 0
block 48 0
block 49 0
block 50 0
block 51 0
block 55 0
block 56 0
block 33 1
block 34 1
block 35 1
block 36 1
block 37 1
block 38 1
block 39 1
block 44 1
block 45 1
block 46 1
block 47 1
block 48 1
block 49 1
block 50 1
block 51 1
block 55 1
block 56 1
block 0 2
block 1 2
block 2 2
block 3 2
block 4 2
block 33 2
block 34 2
block 35 2
block 36 2
block 37 2
block 38 2
block 39 2
block 44 2
block 45 2
block 46 2
block 47 2
block 55 2
block 56 2
block 0 3
block 1 3
block 2 3
block 3 3
block 4 3
block 0 4
block 1 4
block 2 4
block 3 4
block 4 4
block 4 6
block 5 6
block 6 6
block 7 6
block 8 6
block 9 6
block 16 6
block 17 6
block 18 6
block 19 6
block 20 6
block 21 6
block 4 7
block 5 7
block 6 7
block 7 7
block 8 7
block 9 7
block 16 7
block 17 7
block 18 7
block 19 7
block 20 7
block 21 7
block 4 8
block 5 8
block 6 8
block 7 8
block 8 8
block 9 8
block 16 8
block 17 8
block 18 8
block 19 8
block 20 8
block 21 8
block 4 9
block 5 9
block 6 9
block 7 9
block 8 9
block 9 9
block 16 9
block 17 9
block 18 9
block 19 9
block 20 9
block 21 9
block 4 10
block 5 10
block 6 10
block 7 10
block 8 10
block 9 10
block 16 10
block 17 10
block 18 10
block 19 10
block 20 10
block 21 10
block 4 11
block 5 11
block 6 11
block 7 11
block 8 11
block 9 11
block 16 11
block 17 11
block 18 11
block 19 11
block 20 11
block 21 11
block 53 12
block 54 12
block 55 12
block 12 13
block 13 13
block 14 13
block 38 13
block 39 13
block 40 13
block 41 13
block 42 13
block 53 13
block 54 13
block 55 13
block 12 14
block 13 14
block 14 14
block 19 14
block 20 14
block 21 14
block 38 14
block 39 14
block 40 14
block 41 14
block 42 14
block 43 14
block 53 14
block 54 14
block 55 14
block 12 15
block 13 15
block 14 15
block 19 15
block 20 15
block 21 15
block 38 15
block 39 15
block 40 15
block 41 15
block 42 15
block 43 15
block 53 15
block 54 15
block 55 15
block 12 16
block 13 16
block 14 16
block 19 16
block 20 16
block 21 16
block 38 16
block 39 16
block 40 16
block 41 16
block 42 16
block 43 16
block 53 16
block 54 16
block 55 16
block 12 17
block 13 17
block 14 17
block 19 17
block 20 17
block 21 17
block 38 17
block 39 17
block 40 17
block 41 17
block 42 17
block 43 17
block 12 18
block 13 18
block 14 18
block 38 18
block 39 18
block 40 18
block 41 18
block 42 18
block 46 18
block 47 18
block 48 18
block 49 18
block 50 18
block 25 19
block 26 19
block 46 19
block 47 19
block 48 19
block 49 19
block 50 19
block 25 20
block 26 20
block 46 20
block 47 20
block 48 20
block 49 20
block 50 20
block 54 20
block 55 20
block 56 20
block 57 20
block 58 20
block 25 21
block 26 21
block 46 21
block 47 21
block 48 21
block 49 21
block 50 21
block 54 21
block 55 21
block 56 21
block 57 21
block 58 21
block 25 22
block 26 22
block 46 22
block 47 22
block 48 22
block 49 22
block 50 22
block 54 22
block 55 22
block 56 22
block 57 22
block 58 22
block 46 23
block 47 23
block 48 23
block 49 23
block 50 23
block 54 23
block 55 23
block 56 23
block 57 23
block 58 23
block 26 24
block 27 24
block 28 24
block 46 24
block 47 24
block 48 24
block 49 24
block 50 24
block 26 25
block 27 25
block 28 25
block 26 26
block 27 26
block 28 26
block 26 27
block 27 27
block 28 27
block 45 27
block 46 27
block 47 27
block 48 27
block 49 27
block 50 27
block 51 27
block 55 27
block 56 27
block 26 28
block 27 28
block 28 28
block 45 28
block 46 28
block 47 28
block 48 28
block 49 28
block 50 28
block 51 28
block 55 28
block 56 28
block 26 29
block 27 29
block 28 29
block 33 29
block 34 29
block 35 29
block 36 29
block 37 29
block 38 29
block 39 29
block 40 29
block 41 29
block 42 29
block 43 29
block 44 29
block 45 29
block 46 29
block 47 29
block 48 29
block 49 29
block 50 29
block 51 29
block 55 29
block 56 29
block 33 30
block 34 30
block 35 30
block 36 30
block 37 30
block 38 30
block 39 30
block 40 30
block 41 30
block 42 30
block 43 30
block 44 30
block 45 30
block 46 30
block 47 30
block 48 30
block 49 30
block 50 30
block 51 30
block 55 30
block 56 30
##BotsAndCoinsInfo
bot_name 0 starter-bot
bot 0 1 12
bot_coins 0 0
coin 33 10
coin 24 20
round 1
bot 0 1 13
round 2
bot 0 1 14
round 3
bot 0 1 15
round 4
bot 0 1 16
round 5
bot 0 1 17
coin 15 23
coin 43 7
round 6
bot 0 1 18
round 7
bot 0 1 19
round 8
bot 0 1 20
round 9
bot 0 1 21
round 10
bot 0 1 22
coin 9 28
coin 49 2
round 11
bot 0 1 23
round 12
bot 0 1 24
round 13
bot 0 1 25
round 14
bot 0 1 26
round 15
bot 0 1 27
coin 15 1
coin 43 28
round 16
bot 0 1 28
round 17
bot 0 1 29
round 18
bot 0 1 30
round 19
round 20
coin 48 3
coin 10 27
round 21
round 22
round 23
round 24
round 25
coin 11 0
coin 48 2
round 26
round 27
round 28
round 29
round 30
coin 46 26
coin 12 4
round 31
round 32
round 33
round 34
round 35
coin 2 19
coin 56 11
round 36
round 37
round 38
round 39
round 40
coin 31 21
coin 27 9
round 41
round 42
round 43
round 44
round 45
coin 23 19
coin 35 11
round 46
round 47
round 48
round 49
round 50
coin 38 8
coin 20 22
round 51
round 52
round 53
round 54
round 55
coin 36 18
coin 22 12
round 56
round 57
round 58
round 59
round 60
coin 48 17
coin 10 13
round 61
round 62
round 63
round 64
round 65
coin 41 19
coin 17 12
round 66
round 67
round 68
round 69
round 70
coin 53 21
coin 3 9
round 71
round 72
round 73
round 74
round 75
coin 54 26
coin 4 5
round 76
round 77
round 78
round 79
round 80
coin 55 17
coin 3 13
round 81
round 82
round 83
round 84
round 85
coin 6 22
coin 52 8
round 86
round 87
round 88
round 89
round 90
coin 24 21
coin 34 9
round 91
round 92
round 93
round 94
round 95
coin 31 24
coin 27 6
round 96
round 97
round 98
round 99
round 100
coin 4 19
coin 54 11
round 101
round 102
round 103
round 104
round 105
coin 45 6
coin 13 24
round 106
round 107
round 108
round 109
round 110
coin 16 12
coin 43 18
round 111
round 112
round 113
round 114
round 115
coin 5 29
coin 53 1
round 116
round 117
round 118
round 119
round 120
coin 58 4
coin 0 26
round 121
round 122
round 123
round 124
round 125
coin 32 30
coin 26 0
round 126
round 127
round 128
round 129
round 130
coin 53 0
coin 5 30
round 131
round 132
round 133
round 134
round 135
coin 42 11
coin 16 19
round 136
round 137
round 138
round 139
round 140
coin 11 22
coin 47 8
round 141
round 142
round 143
round 144
round 145
coin 41 12
coin 17 18
round 146
round 147
round 148
round 149
round 150
coin 21 22
coin 37 8
round 151
round 152
round 153
round 154
round 155
coin 13 22
coin 45 8
round 156
round 157
round 158
round 159
round 160
coin 29 27
coin 29 3
round 161
round 162
round 163
round 164
round 165
coin 42 7
coin 16 23
round 166
round 167
round 168
round 169
round 170
coin 21 4
coin 37 26
round 171
round 172
round 173
round 174
round 175
coin 44 17
coin 14 12
round 176
round 177
round 178
round 179
round 180
coin 58 2
coin 0 28
round 181
round 182
round 183
round 184
round 185
coin 19 30
coin 40 1
round 186
round 187
round 188
round 189
round 190
coin 26 13
coin 32 17
round 191
round 192
round 193
round 194
round 195
coin 51 20
coin 7 12
round 196
round 197
round 198
round 199
round 200
coin 53 22
coin 3 8
match_over 0
