match
match_id 1639340144888_ap
match_time 1639340144891
num_bots 1
##MatchConfig
mode FRIENDLY
num_rounds 200
random_seed 42
move_time_limit 1000
coin_spawn_period 5
coin_spawn_volume 2
##MapConfig
map_size 67 32
view_radius 5
mining_radius 2
attack_radius 4
block 13 0
block 14 0
block 15 0
block 16 0
block 17 0
block 18 0
block 19 0
block 20 0
block 21 0
block 22 0
block 50 4
block 51 4
block 50 5
block 51 5
block 50 6
block 51 6
block 50 7
block 51 7
block 50 8
block 51 8
block 57 13
block 58 13
block 59 13
block 60 13
block 61 13
block 28 14
block 29 14
block 30 14
block 31 14
block 32 14
block 33 14
block 34 14
block 57 14
block 58 14
block 59 14
block 60 14
block 61 14
block 28 15
block 29 15
block 30 15
block 31 15
block 32 15
block 33 15
block 34 15
block 57 15
block 58 15
block 59 15
block 60 15
block 61 15
block 57 16
block 58 16
block 59 16
block 60 16
block 61 16
block 57 17
block 58 17
block 59 17
block 60 17
block 61 17
block 57 18
block 58 18
block 59 18
block 60 18
block 61 18
block 57 19
block 58 19
block 59 19
block 60 19
block 61 19
block 48 22
block 49 22
block 50 22
block 51 22
block 52 22
block 48 23
block 49 23
block 50 23
block 51 23
block 52 23
block 7 24
block 8 24
block 9 24
block 10 24
block 48 24
block 49 24
block 50 24
block 51 24
block 52 24
block 7 25
block 8 25
block 9 25
block 10 25
block 48 25
block 49 25
block 50 25
block 51 25
block 52 25
block 17 27
block 18 27
block 19 27
block 20 27
block 21 27
block 22 27
block 17 28
block 18 28
block 19 28
block 20 28
block 21 28
block 22 28
block 17 29
block 18 29
block 19 29
block 20 29
block 21 29
block 22 29
block 17 30
block 18 30
block 19 30
block 20 30
block 21 30
block 22 30
block 13 31
block 14 31
block 15 31
block 16 31
block 17 31
block 18 31
block 19 31
block 20 31
block 21 31
block 22 31
##BotsAndCoinsInfo
bot_name 0 starter-bot
bot 0 22 17
bot_coins 0 0
coin 41 1
coin 25 30
round 1
bot 0 22 18
round 2
bot 0 22 19
round 3
bot 0 22 20
round 4
bot 0 22 21
round 5
bot 0 22 22
coin 23 1
coin 43 30
round 6
bot 0 22 23
round 7
bot 0 22 24
round 8
bot 0 22 25
round 9
bot 0 22 26
round 10
bot 0 21 26
coin 12 30
coin 54 1
round 11
bot 0 20 26
round 12
bot 0 19 26
round 13
bot 0 18 26
round 14
bot 0 17 26
round 15
bot 0 16 26
coin 66 22
coin 0 9
round 16
bot 0 16 27
round 17
bot 0 16 28
round 18
bot 0 16 29
round 19
bot 0 16 30
round 20
bot 0 15 30
coin 62 2
coin 4 29
round 21
bot 0 14 30
coin_collected 12 30 0
bot_coins 0 1
round 22
bot 0 13 30
round 23
bot 0 12 30
round 24
bot 0 12 31
round 25
bot 0 11 30
coin 21 14
coin 45 17
round 26
bot 0 11 29
round 27
bot 0 11 28
round 28
bot 0 11 27
round 29
bot 0 11 26
round 30
bot 0 11 25
coin 0 12
coin 66 19
round 31
bot 0 11 24
round 32
bot 0 11 23
round 33
bot 0 11 22
round 34
bot 0 11 21
round 35
bot 0 11 20
coin 51 21
coin 15 10
round 36
bot 0 11 19
round 37
bot 0 11 18
round 38
bot 0 11 17
round 39
bot 0 11 16
round 40
bot 0 11 15
coin 49 26
coin 17 5
round 41
bot 0 11 14
round 42
bot 0 11 13
round 43
bot 0 11 12
round 44
bot 0 11 11
round 45
bot 0 11 10
coin 23 31
coin 43 0
round 46
bot 0 11 9
round 47
bot 0 11 8
round 48
bot 0 11 7
round 49
bot 0 11 6
round 50
bot 0 11 5
coin 37 4
coin 29 27
round 51
bot 0 11 4
round 52
bot 0 11 3
round 53
bot 0 11 2
round 54
bot 0 11 1
round 55
bot 0 11 0
coin 24 14
coin 42 17
round 56
bot 0 10 1
round 57
bot 0 10 2
round 58
bot 0 10 3
round 59
bot 0 10 4
round 60
bot 0 10 5
coin 47 29
coin 19 2
round 61
bot 0 10 6
round 62
bot 0 10 7
round 63
bot 0 10 8
round 64
bot 0 10 9
round 65
bot 0 10 10
coin 17 25
coin 49 6
round 66
bot 0 10 11
round 67
bot 0 10 12
round 68
bot 0 10 13
round 69
bot 0 10 14
round 70
bot 0 10 15
coin 9 4
coin 57 27
round 71
bot 0 10 16
round 72
bot 0 10 17
round 73
bot 0 10 18
round 74
bot 0 10 19
round 75
bot 0 10 20
coin 30 10
coin 36 21
round 76
bot 0 10 21
round 77
bot 0 10 22
round 78
bot 0 10 23
round 79
bot 0 9 23
round 80
bot 0 8 23
coin 7 8
coin 59 23
round 81
bot 0 7 23
round 82
bot 0 6 23
round 83
bot 0 6 24
round 84
bot 0 6 25
round 85
bot 0 6 26
coin 66 11
coin 0 20
round 86
bot 0 6 27
round 87
bot 0 6 28
round 88
bot 0 6 29
coin_collected 4 29 0
bot_coins 0 2
round 89
bot 0 6 30
round 90
bot 0 6 31
coin 36 5
coin 30 26
round 91
bot 0 5 30
round 92
bot 0 5 29
round 93
bot 0 5 28
round 94
bot 0 5 27
round 95
bot 0 5 26
coin 40 8
coin 26 23
round 96
bot 0 5 25
round 97
bot 0 5 24
round 98
bot 0 5 23
round 99
bot 0 5 22
round 100
bot 0 5 21
coin 34 20
coin 32 11
round 101
bot 0 5 20
round 102
bot 0 5 19
round 103
bot 0 5 18
round 104
bot 0 5 17
round 105
bot 0 5 16
coin 29 2
coin 37 29
round 106
bot 0 5 15
round 107
bot 0 5 14
round 108
bot 0 5 13
round 109
bot 0 5 12
round 110
bot 0 5 11
coin 57 2
coin 9 29
round 111
bot 0 5 10
round 112
bot 0 5 9
round 113
bot 0 5 8
coin_collected 7 8 0
bot_coins 0 3
round 114
bot 0 5 7
round 115
bot 0 5 6
coin 59 25
coin 7 6
round 116
bot 0 5 5
round 117
bot 0 5 4
round 118
bot 0 5 3
round 119
bot 0 5 2
round 120
bot 0 5 1
coin 18 10
coin 48 21
round 121
bot 0 5 0
round 122
bot 0 4 1
round 123
bot 0 4 2
round 124
bot 0 4 3
round 125
bot 0 4 4
coin 44 6
coin 22 25
round 126
bot 0 4 5
round 127
bot 0 4 6
round 128
bot 0 4 7
round 129
bot 0 4 8
round 130
bot 0 4 9
coin 17 1
coin 49 30
round 131
bot 0 4 10
round 132
bot 0 4 11
round 133
bot 0 4 12
round 134
bot 0 4 13
round 135
bot 0 4 14
coin 54 24
coin 12 7
round 136
bot 0 4 15
round 137
bot 0 4 16
round 138
bot 0 4 17
round 139
bot 0 4 18
round 140
bot 0 4 19
coin 51 2
coin 15 29
round 141
bot 0 4 20
round 142
bot 0 4 21
round 143
bot 0 4 22
round 144
bot 0 4 23
round 145
bot 0 4 24
coin 30 17
coin 36 14
round 146
bot 0 4 25
round 147
bot 0 4 26
round 148
bot 0 4 27
round 149
bot 0 4 28
round 150
bot 0 4 29
coin 40 27
coin 26 4
round 151
bot 0 4 30
round 152
bot 0 4 31
round 153
bot 0 3 30
round 154
bot 0 3 29
round 155
bot 0 3 28
coin 28 7
coin 38 24
round 156
bot 0 3 27
round 157
bot 0 3 26
round 158
bot 0 3 25
round 159
bot 0 3 24
round 160
bot 0 3 23
coin 57 20
coin 9 11
round 161
bot 0 3 22
round 162
bot 0 3 21
round 163
bot 0 3 20
round 164
bot 0 3 19
round 165
bot 0 3 18
coin 65 6
coin 1 25
round 166
bot 0 3 17
round 167
bot 0 3 16
round 168
bot 0 3 15
round 169
bot 0 3 14
round 170
bot 0 3 13
coin 66 12
coin 0 19
round 171
bot 0 3 12
round 172
bot 0 3 11
round 173
bot 0 3 10
round 174
bot 0 3 9
round 175
bot 0 3 8
coin 30 4
coin 36 27
round 176
bot 0 3 7
round 177
bot 0 3 6
round 178
bot 0 3 5
round 179
bot 0 3 4
round 180
bot 0 3 3
coin 24 13
coin 42 18
round 181
bot 0 3 2
round 182
bot 0 3 1
round 183
bot 0 3 0
round 184
bot 0 2 1
round 185
bot 0 2 2
coin 55 20
coin 11 11
round 186
bot 0 2 3
round 187
bot 0 2 4
round 188
bot 0 2 5
round 189
bot 0 2 6
round 190
bot 0 2 7
coin 11 22
coin 55 9
round 191
bot 0 2 8
round 192
bot 0 2 9
coin_collected 0 9 0
bot_coins 0 4
round 193
bot 0 2 10
round 194
bot 0 2 11
round 195
bot 0 2 12
coin_collected 0 12 0
bot_coins 0 5
coin 23 30
coin 43 1
round 196
bot 0 2 13
round 197
bot 0 2 14
round 198
bot 0 2 15
round 199
bot 0 2 16
round 200
bot 0 2 17
coin 31 17
coin 35 14
match_over 0
