match
match_id 1639170017193_ck
match_time 1639170017195
num_bots 1
##MatchConfig
mode FRIENDLY
num_rounds 200
random_seed 42
move_time_limit 1000
coin_spawn_period 5
coin_spawn_volume 2
##MapConfig
map_size 66 23
view_radius 6
mining_radius 1
attack_radius 4
block 1 0
block 2 0
block 3 0
block 4 0
block 15 0
block 16 0
block 17 0
block 18 0
block 19 0
block 20 0
block 43 0
block 44 0
block 45 0
block 46 0
block 47 0
block 48 0
block 49 0
block 50 0
block 0 1
block 1 1
block 2 1
block 3 1
block 4 1
block 5 1
block 6 1
block 7 1
block 8 1
block 44 1
block 45 1
block 46 1
block 47 1
block 48 1
block 49 1
block 50 1
block 0 2
block 1 2
block 3 2
block 4 2
block 5 2
block 6 2
block 7 2
block 8 2
block 44 2
block 45 2
block 46 2
block 47 2
block 48 2
block 49 2
block 50 2
block 0 3
block 1 3
block 3 3
block 4 3
block 5 3
block 6 3
block 7 3
block 8 3
block 40 3
block 41 3
block 44 3
block 45 3
block 46 3
block 47 3
block 48 3
block 49 3
block 50 3
block 0 4
block 1 4
block 25 4
block 26 4
block 27 4
block 28 4
block 29 4
block 30 4
block 31 4
block 32 4
block 40 4
block 41 4
block 65 4
block 0 5
block 1 5
block 25 5
block 26 5
block 27 5
block 28 5
block 29 5
block 30 5
block 31 5
block 32 5
block 65 5
block 0 6
block 1 6
block 21 6
block 22 6
block 23 6
block 24 6
block 25 6
block 26 6
block 27 6
block 28 6
block 29 6
block 30 6
block 31 6
block 65 6
block 0 7
block 1 7
block 21 7
block 22 7
block 23 7
block 24 7
block 25 7
block 26 7
block 27 7
block 28 7
block 29 7
block 30 7
block 31 7
block 61 7
block 62 7
block 63 7
block 64 7
block 65 7
block 0 8
block 21 8
block 22 8
block 23 8
block 24 8
block 25 8
block 28 8
block 29 8
block 61 8
block 62 8
block 63 8
block 64 8
block 65 8
block 0 9
block 3 9
block 4 9
block 5 9
block 6 9
block 7 9
block 8 9
block 9 9
block 10 9
block 28 9
block 29 9
block 61 9
block 62 9
block 63 9
block 64 9
block 65 9
block 0 10
block 1 10
block 2 10
block 3 10
block 4 10
block 5 10
block 6 10
block 7 10
block 8 10
block 9 10
block 10 10
block 28 10
block 29 10
block 61 10
block 62 10
block 63 10
block 64 10
block 65 10
block 0 11
block 1 11
block 2 11
block 3 11
block 4 11
block 5 11
block 6 11
block 7 11
block 8 11
block 9 11
block 10 11
block 28 11
block 29 11
block 62 11
block 63 11
block 64 11
block 65 11
block 0 12
block 1 12
block 2 12
block 3 12
block 5 12
block 6 12
block 7 12
block 8 12
block 9 12
block 10 12
block 28 12
block 29 12
block 50 12
block 51 12
block 52 12
block 53 12
block 62 12
block 63 12
block 64 12
block 65 12
block 0 13
block 1 13
block 2 13
block 3 13
block 5 13
block 6 13
block 7 13
block 8 13
block 9 13
block 10 13
block 50 13
block 51 13
block 52 13
block 53 13
block 62 13
block 63 13
block 64 13
block 65 13
block 0 14
block 1 14
block 2 14
block 3 14
block 5 14
block 6 14
block 7 14
block 8 14
block 9 14
block 10 14
block 50 14
block 51 14
block 52 14
block 53 14
block 61 14
block 62 14
block 63 14
block 64 14
block 65 14
block 2 15
block 3 15
block 5 15
block 6 15
block 7 15
block 8 15
block 9 15
block 10 15
block 61 15
block 62 15
block 63 15
block 64 15
block 2 16
block 3 16
block 61 16
block 62 16
block 63 16
block 64 16
block 2 17
block 3 17
block 15 18
block 16 18
block 17 18
block 18 18
block 19 18
block 20 18
block 46 18
block 47 18
block 48 18
block 15 19
block 16 19
block 17 19
block 18 19
block 19 19
block 20 19
block 43 19
block 44 19
block 45 19
block 46 19
block 47 19
block 48 19
block 15 20
block 16 20
block 17 20
block 18 20
block 19 20
block 20 20
block 43 20
block 44 20
block 45 20
block 46 20
block 47 20
block 48 20
block 1 21
block 2 21
block 3 21
block 4 21
block 15 21
block 16 21
block 17 21
block 18 21
block 19 21
block 20 21
block 43 21
block 44 21
block 45 21
block 46 21
block 47 21
block 48 21
block 49 21
block 50 21
block 1 22
block 2 22
block 3 22
block 4 22
block 15 22
block 16 22
block 17 22
block 18 22
block 19 22
block 20 22
block 43 22
block 44 22
block 45 22
block 46 22
block 47 22
block 48 22
block 49 22
block 50 22
##BotsAndCoinsInfo
bot_name 0 starter-bot
bot 0 18 1
bot_coins 0 0
coin 62 4
coin 3 18
round 1
bot 0 18 2
round 2
bot 0 18 3
round 3
bot 0 18 4
round 4
bot 0 18 5
round 5
bot 0 18 6
coin 30 10
coin 35 12
round 6
bot 0 18 7
round 7
bot 0 18 8
round 8
bot 0 18 9
round 9
bot 0 18 10
round 10
bot 0 18 11
coin 36 4
coin 29 18
round 11
bot 0 18 12
round 12
bot 0 18 13
round 13
bot 0 18 14
round 14
bot 0 18 15
round 15
bot 0 18 16
coin 23 20
coin 42 2
round 16
bot 0 18 17
round 17
round 18
round 19
round 20
coin 43 14
coin 22 9
round 21
round 22
round 23
round 24
round 25
coin 44 15
coin 20 7
round 26
round 27
round 28
round 29
round 30
coin 24 21
coin 41 1
round 31
round 32
round 33
round 34
round 35
coin 2 6
coin 63 17
round 36
round 37
round 38
round 39
round 40
coin 48 15
coin 17 7
round 41
round 42
round 43
round 44
round 45
coin 55 16
coin 10 6
round 46
round 47
round 48
round 49
round 50
coin 32 22
coin 33 0
round 51
round 52
round 53
round 54
round 55
coin 14 21
coin 51 1
round 56
round 57
round 58
round 59
round 60
coin 23 0
coin 42 22
round 61
round 62
round 63
round 64
round 65
coin 10 20
coin 55 2
round 66
round 67
round 68
round 69
round 70
coin 37 11
coin 27 11
round 71
round 72
round 73
round 74
round 75
coin 22 4
coin 43 18
round 76
round 77
round 78
round 79
round 80
coin 56 5
coin 9 17
round 81
round 82
round 83
round 84
round 85
coin 65 18
coin 65 3
round 86
round 87
round 88
round 89
round 90
coin 54 8
coin 11 14
round 91
round 92
round 93
round 94
round 95
coin 43 1
coin 22 21
round 96
round 97
round 98
round 99
round 100
coin 35 16
coin 30 8
round 101
round 102
round 103
round 104
round 105
coin 23 22
coin 42 0
round 106
round 107
round 108
round 109
round 110
coin 65 15
coin 1 8
round 111
round 112
round 113
round 114
round 115
coin 1 16
coin 64 6
round 116
round 117
round 118
round 119
round 120
coin 7 4
coin 58 18
round 121
round 122
round 123
round 124
round 125
coin 37 3
coin 28 19
round 126
round 127
round 128
round 129
round 130
coin 8 6
coin 57 16
round 131
round 132
round 133
round 134
round 135
coin 4 12
coin 60 10
round 136
round 137
round 138
round 139
round 140
coin 55 6
coin 10 16
round 141
round 142
round 143
round 144
round 145
coin 27 22
coin 38 0
round 146
round 147
round 148
round 149
round 150
coin 2 2
coin 63 20
round 151
round 152
round 153
round 154
round 155
coin 26 17
coin 39 5
round 156
round 157
round 158
round 159
round 160
coin 26 1
coin 39 21
round 161
round 162
round 163
round 164
round 165
coin 38 6
coin 27 16
round 166
round 167
round 168
round 169
round 170
coin 45 11
coin 20 11
round 171
round 172
round 173
round 174
round 175
coin 16 10
coin 49 12
round 176
round 177
round 178
round 179
round 180
coin 13 1
coin 52 21
round 181
round 182
round 183
round 184
round 185
coin 1 19
coin 64 3
round 186
round 187
round 188
round 189
round 190
coin 62 2
coin 3 20
round 191
round 192
round 193
round 194
round 195
coin 64 5
coin 1 17
round 196
round 197
round 198
round 199
round 200
coin 54 11
coin 11 11
match_over 0
