match
match_id 1639146962523_an
match_time 1639146962526
num_bots 1
##MatchConfig
mode FRIENDLY
num_rounds 200
random_seed 42
move_time_limit 1000
coin_spawn_period 5
coin_spawn_volume 2
##MapConfig
map_size 71 28
view_radius 5
mining_radius 2
attack_radius 4
block 61 2
block 62 2
block 63 2
block 37 3
block 38 3
block 39 3
block 61 3
block 62 3
block 63 3
block 7 4
block 8 4
block 9 4
block 10 4
block 37 4
block 38 4
block 39 4
block 61 4
block 62 4
block 63 4
block 7 5
block 8 5
block 9 5
block 10 5
block 11 5
block 12 5
block 13 5
block 37 5
block 38 5
block 39 5
block 61 5
block 62 5
block 63 5
block 8 6
block 9 6
block 10 6
block 11 6
block 12 6
block 13 6
block 37 6
block 38 6
block 39 6
block 8 7
block 9 7
block 10 7
block 11 7
block 12 7
block 13 7
block 37 7
block 38 7
block 39 7
block 37 8
block 38 8
block 39 8
block 37 9
block 38 9
block 39 9
block 51 12
block 52 12
block 53 12
block 54 12
block 55 12
block 56 12
block 57 12
block 51 13
block 52 13
block 53 13
block 54 13
block 55 13
block 56 13
block 57 13
block 51 14
block 52 14
block 53 14
block 54 14
block 55 14
block 56 14
block 57 14
block 43 18
block 44 18
block 43 19
block 44 19
block 43 20
block 44 20
block 43 21
block 44 21
##BotsAndCoinsInfo
bot_name 0 starter-bot
bot 0 4 8
bot_coins 0 0
coin 18 19
coin 52 8
round 1
bot 0 3 8
round 2
bot 0 2 8
round 3
bot 0 1 8
round 4
bot 0 0 8
round 5
bot 0 70 8
coin 11 24
coin 59 3
round 6
bot 0 69 8
round 7
bot 0 68 8
round 8
bot 0 68 7
round 9
bot 0 68 6
round 10
bot 0 68 5
coin 15 25
coin 55 2
round 11
bot 0 68 4
round 12
bot 0 68 3
round 13
bot 0 68 2
round 14
bot 0 68 1
round 15
bot 0 69 0
coin 41 10
coin 29 17
round 16
bot 0 70 27
round 17
bot 0 0 26
round 18
bot 0 1 25
round 19
bot 0 2 24
round 20
bot 0 3 23
coin 30 17
coin 40 10
round 21
bot 0 4 22
round 22
bot 0 5 21
round 23
bot 0 6 20
round 24
bot 0 7 19
round 25
bot 0 8 18
coin 20 18
coin 50 9
round 26
bot 0 9 17
round 27
bot 0 10 16
round 28
bot 0 10 15
round 29
bot 0 10 14
round 30
bot 0 10 13
coin 47 0
coin 23 27
round 31
bot 0 10 12
round 32
bot 0 10 11
round 33
bot 0 10 10
round 34
bot 0 10 9
round 35
bot 0 10 8
coin 52 24
coin 18 3
round 36
bot 0 9 9
round 37
bot 0 8 10
round 38
bot 0 7 11
round 39
bot 0 6 12
round 40
bot 0 5 13
coin 5 26
coin 65 1
round 41
bot 0 4 14
round 42
bot 0 3 15
round 43
bot 0 2 16
round 44
bot 0 3 16
round 45
bot 0 4 16
coin 32 9
coin 38 18
round 46
bot 0 5 16
round 47
bot 0 6 16
round 48
bot 0 7 16
round 49
bot 0 8 16
round 50
bot 0 9 16
coin 64 15
coin 6 12
round 51
bot 0 8 17
round 52
bot 0 7 18
round 53
bot 0 6 19
round 54
bot 0 5 20
round 55
bot 0 4 21
coin 32 10
coin 38 17
round 56
bot 0 3 22
round 57
bot 0 2 23
round 58
bot 0 1 23
round 59
bot 0 0 23
round 60
bot 0 70 23
coin 35 9
coin 35 18
round 61
bot 0 69 23
round 62
bot 0 68 23
round 63
bot 0 67 23
round 64
bot 0 66 23
round 65
bot 0 65 23
coin 43 10
coin 27 17
round 66
bot 0 64 22
round 67
bot 0 63 21
round 68
bot 0 62 20
round 69
bot 0 61 19
round 70
bot 0 60 18
coin 44 26
coin 26 1
round 71
bot 0 59 17
round 72
bot 0 58 16
round 73
bot 0 57 15
round 74
bot 0 56 16
round 75
bot 0 55 17
coin 25 20
coin 45 7
round 76
bot 0 54 18
round 77
bot 0 53 19
round 78
bot 0 52 20
round 79
bot 0 51 21
round 80
bot 0 50 22
coin 8 17
coin 62 10
round 81
bot 0 50 21
round 82
bot 0 50 20
round 83
bot 0 50 19
round 84
bot 0 50 18
round 85
bot 0 50 17
coin 18 11
coin 52 16
round 86
bot 0 50 16
coin_collected 52 16 0
bot_coins 0 1
round 87
bot 0 50 15
round 88
bot 0 50 16
round 89
bot 0 50 17
round 90
bot 0 50 18
coin 46 5
coin 24 22
round 91
bot 0 50 19
round 92
bot 0 50 20
round 93
bot 0 50 21
round 94
bot 0 50 22
round 95
bot 0 51 23
coin_collected 52 24 0
bot_coins 0 2
coin 59 20
coin 11 8
round 96
bot 0 52 24
round 97
bot 0 53 25
round 98
bot 0 54 26
round 99
bot 0 55 27
round 100
bot 0 56 0
coin 56 5
coin 14 22
round 101
bot 0 57 1
round 102
bot 0 58 1
round 103
bot 0 59 1
coin_collected 59 3 0
bot_coins 0 3
round 104
bot 0 60 1
round 105
bot 0 61 1
coin 35 21
coin 35 6
round 106
bot 0 62 1
round 107
bot 0 63 1
coin_collected 65 1 0
bot_coins 0 4
round 108
bot 0 64 1
round 109
round 110
coin 8 14
coin 62 13
round 111
round 112
round 113
round 114
round 115
coin 65 23
coin 5 4
round 116
round 117
round 118
round 119
bot 0 64 0
round 120
bot 0 64 27
coin 64 3
coin 6 24
round 121
bot 0 64 26
round 122
bot 0 64 25
round 123
bot 0 64 24
coin_collected 65 23 0
bot_coins 0 5
round 124
bot 0 64 23
round 125
bot 0 65 23
coin 8 0
coin 62 27
round 126
bot 0 66 23
round 127
bot 0 67 23
round 128
bot 0 68 23
round 129
bot 0 69 23
round 130
bot 0 70 23
coin 40 8
coin 30 19
round 131
bot 0 0 23
round 132
bot 0 1 23
round 133
bot 0 2 23
round 134
round 135
coin 9 14
coin 61 13
round 136
round 137
round 138
round 139
round 140
bot 0 1 24
coin 36 7
coin 34 20
round 141
bot 0 0 25
round 142
bot 0 70 26
round 143
bot 0 69 27
round 144
bot 0 68 0
round 145
bot 0 67 1
coin 59 3
coin 11 25
round 146
bot 0 66 2
round 147
bot 0 65 3
coin_collected 64 3 0
bot_coins 0 6
round 148
bot 0 64 4
round 149
round 150
coin 1 19
coin 69 8
round 151
round 152
round 153
round 154
round 155
coin 58 9
coin 12 18
round 156
bot 0 65 3
round 157
bot 0 66 2
round 158
bot 0 67 1
round 159
bot 0 68 0
round 160
bot 0 69 27
coin 39 2
coin 31 25
round 161
bot 0 70 26
round 162
bot 0 0 25
round 163
bot 0 1 24
round 164
bot 0 2 25
round 165
bot 0 3 26
coin_collected 5 26 0
bot_coins 0 7
coin 69 11
coin 1 16
round 166
bot 0 4 27
round 167
bot 0 5 0
round 168
bot 0 6 1
round 169
bot 0 7 2
round 170
bot 0 8 3
coin 36 19
coin 34 8
round 171
bot 0 7 3
round 172
bot 0 6 3
coin_collected 5 4 0
bot_coins 0 8
round 173
bot 0 5 3
round 174
bot 0 4 3
round 175
bot 0 3 3
coin 50 1
coin 20 26
round 176
bot 0 2 3
round 177
bot 0 1 3
round 178
bot 0 0 2
round 179
bot 0 70 1
round 180
bot 0 69 0
coin 35 22
coin 35 5
round 181
bot 0 68 27
round 182
bot 0 67 26
round 183
bot 0 66 25
round 184
bot 0 65 24
round 185
bot 0 64 23
coin 16 5
coin 54 22
round 186
bot 0 63 22
round 187
bot 0 62 22
round 188
bot 0 61 22
round 189
bot 0 60 22
round 190
bot 0 59 22
coin_collected 59 20 0
bot_coins 0 9
coin 40 0
coin 30 27
round 191
bot 0 58 22
round 192
bot 0 57 22
round 193
bot 0 56 22
coin_collected 54 22 0
bot_coins 0 10
round 194
round 195
coin 4 21
coin 66 6
round 196
round 197
round 198
round 199
round 200
coin 59 22
coin 11 4
match_over 0
