match
match_id 1639214465242_lk
match_time 1639214465244
num_bots 1
##MatchConfig
mode FRIENDLY
num_rounds 200
random_seed 42
move_time_limit 1000
coin_spawn_period 5
coin_spawn_volume 2
##MapConfig
map_size 52 25
view_radius 6
mining_radius 1
attack_radius 3
block 1 0
block 2 0
block 3 0
block 4 0
block 5 0
block 6 0
block 7 0
block 17 0
block 18 0
block 19 0
block 20 0
block 21 0
block 22 0
block 32 0
block 33 0
block 34 0
block 35 0
block 36 0
block 37 0
block 38 0
block 39 0
block 40 0
block 41 0
block 42 0
block 43 0
block 44 0
block 1 1
block 2 1
block 3 1
block 4 1
block 5 1
block 6 1
block 7 1
block 17 1
block 18 1
block 19 1
block 20 1
block 21 1
block 22 1
block 32 1
block 33 1
block 34 1
block 35 1
block 36 1
block 37 1
block 38 1
block 39 1
block 40 1
block 41 1
block 42 1
block 43 1
block 44 1
block 1 2
block 2 2
block 3 2
block 4 2
block 5 2
block 6 2
block 7 2
block 32 2
block 33 2
block 34 2
block 35 2
block 36 2
block 37 2
block 38 2
block 39 2
block 40 2
block 41 2
block 42 2
block 43 2
block 44 2
block 1 3
block 2 3
block 3 3
block 4 3
block 5 3
block 6 3
block 32 3
block 33 3
block 34 3
block 35 3
block 36 3
block 37 3
block 38 3
block 39 3
block 40 3
block 1 4
block 2 4
block 3 4
block 4 4
block 5 4
block 6 4
block 15 4
block 16 4
block 17 4
block 18 4
block 19 4
block 32 4
block 33 4
block 34 4
block 35 4
block 36 4
block 37 4
block 38 4
block 39 4
block 40 4
block 45 4
block 46 4
block 47 4
block 48 4
block 15 5
block 16 5
block 17 5
block 18 5
block 19 5
block 36 5
block 37 5
block 38 5
block 39 5
block 40 5
block 45 5
block 46 5
block 47 5
block 48 5
block 15 6
block 16 6
block 17 6
block 18 6
block 19 6
block 30 6
block 31 6
block 32 6
block 45 6
block 46 6
block 47 6
block 48 6
block 15 7
block 16 7
block 17 7
block 18 7
block 19 7
block 30 7
block 31 7
block 32 7
block 3 8
block 4 8
block 5 8
block 6 8
block 7 8
block 8 8
block 15 8
block 16 8
block 17 8
block 18 8
block 19 8
block 30 8
block 31 8
block 32 8
block 3 9
block 4 9
block 5 9
block 6 9
block 7 9
block 8 9
block 9 9
block 10 9
block 11 9
block 30 9
block 31 9
block 32 9
block 3 10
block 4 10
block 5 10
block 6 10
block 7 10
block 8 10
block 9 10
block 10 10
block 11 10
block 16 10
block 17 10
block 18 10
block 48 10
block 49 10
block 3 11
block 4 11
block 5 11
block 6 11
block 7 11
block 8 11
block 9 11
block 10 11
block 11 11
block 16 11
block 17 11
block 18 11
block 48 11
block 49 11
block 3 12
block 4 12
block 5 12
block 6 12
block 7 12
block 8 12
block 9 12
block 10 12
block 16 12
block 17 12
block 18 12
block 48 12
block 49 12
block 3 13
block 4 13
block 5 13
block 6 13
block 7 13
block 8 13
block 9 13
block 10 13
block 16 13
block 17 13
block 18 13
block 48 13
block 49 13
block 7 14
block 8 14
block 9 14
block 10 14
block 11 14
block 16 14
block 17 14
block 18 14
block 35 14
block 36 14
block 48 14
block 49 14
block 7 15
block 8 15
block 9 15
block 10 15
block 11 15
block 16 15
block 17 15
block 18 15
block 35 15
block 36 15
block 48 15
block 49 15
block 7 16
block 8 16
block 9 16
block 10 16
block 11 16
block 16 16
block 17 16
block 18 16
block 35 16
block 36 16
block 47 16
block 48 16
block 49 16
block 50 16
block 3 17
block 4 17
block 5 17
block 6 17
block 7 17
block 8 17
block 9 17
block 10 17
block 11 17
block 16 17
block 17 17
block 18 17
block 19 17
block 28 17
block 29 17
block 30 17
block 35 17
block 36 17
block 47 17
block 48 17
block 49 17
block 50 17
block 3 18
block 4 18
block 5 18
block 6 18
block 7 18
block 8 18
block 9 18
block 10 18
block 11 18
block 16 18
block 17 18
block 18 18
block 19 18
block 28 18
block 29 18
block 30 18
block 47 18
block 48 18
block 49 18
block 50 18
block 3 19
block 4 19
block 5 19
block 6 19
block 7 19
block 8 19
block 9 19
block 10 19
block 11 19
block 16 19
block 17 19
block 18 19
block 19 19
block 28 19
block 29 19
block 30 19
block 36 19
block 37 19
block 38 19
block 39 19
block 40 19
block 41 19
block 47 19
block 48 19
block 49 19
block 50 19
block 2 20
block 3 20
block 4 20
block 5 20
block 6 20
block 7 20
block 8 20
block 9 20
block 10 20
block 11 20
block 16 20
block 17 20
block 18 20
block 19 20
block 28 20
block 29 20
block 30 20
block 36 20
block 37 20
block 38 20
block 39 20
block 40 20
block 41 20
block 47 20
block 48 20
block 49 20
block 50 20
block 2 21
block 3 21
block 4 21
block 5 21
block 6 21
block 7 21
block 8 21
block 9 21
block 10 21
block 11 21
block 16 21
block 17 21
block 18 21
block 19 21
block 47 21
block 48 21
block 49 21
block 50 21
block 2 22
block 3 22
block 4 22
block 5 22
block 6 22
block 7 22
block 8 22
block 9 22
block 10 22
block 11 22
block 15 22
block 16 22
block 17 22
block 18 22
block 19 22
block 47 22
block 48 22
block 49 22
block 50 22
block 2 23
block 3 23
block 4 23
block 5 23
block 6 23
block 7 23
block 8 23
block 15 23
block 16 23
block 17 23
block 18 23
block 19 23
block 20 23
block 21 23
block 22 23
block 32 23
block 33 23
block 34 23
block 35 23
block 36 23
block 37 23
block 38 23
block 39 23
block 40 23
block 41 23
block 42 23
block 2 24
block 3 24
block 4 24
block 15 24
block 16 24
block 17 24
block 18 24
block 19 24
block 20 24
block 21 24
block 22 24
block 32 24
block 33 24
block 34 24
block 35 24
block 36 24
block 37 24
block 38 24
block 39 24
block 40 24
block 41 24
block 42 24
block 43 24
block 44 24
##BotsAndCoinsInfo
bot_name 0 starter-bot
bot 0 35 21
bot_coins 0 0
coin 26 13
coin 25 11
round 1
bot 0 35 22
round 2
round 3
round 4
round 5
coin 48 9
coin 3 15
round 6
round 7
round 8
round 9
round 10
coin 26 0
coin 25 24
round 11
round 12
round 13
round 14
round 15
coin 13 18
coin 38 6
round 16
round 17
round 18
round 19
round 20
coin 2 18
coin 49 6
round 21
round 22
round 23
round 24
round 25
coin 26 2
coin 25 22
round 26
round 27
round 28
round 29
round 30
coin 6 16
coin 45 8
round 31
round 32
round 33
round 34
round 35
coin 20 7
coin 31 17
round 36
round 37
round 38
round 39
round 40
coin 46 20
coin 5 5
round 41
round 42
round 43
round 44
round 45
coin 11 8
coin 40 16
round 46
round 47
round 48
round 49
round 50
coin 40 13
coin 12 11
round 51
round 52
round 53
round 54
round 55
coin 27 13
coin 24 11
round 56
round 57
round 58
round 59
round 60
coin 51 16
coin 0 8
round 61
round 62
round 63
round 64
round 65
coin 38 8
coin 13 16
round 66
round 67
round 68
round 69
round 70
coin 20 21
coin 31 3
round 71
round 72
round 73
round 74
round 75
coin 38 7
coin 13 17
round 76
round 77
round 78
round 79
round 80
coin 19 10
coin 32 14
round 81
round 82
round 83
round 84
round 85
coin 31 2
coin 20 22
round 86
round 87
round 88
round 89
round 90
coin 32 18
coin 20 6
round 91
round 92
round 93
round 94
round 95
coin 41 14
coin 10 8
round 96
round 97
round 98
round 99
round 100
coin 31 15
coin 20 9
round 101
round 102
round 103
round 104
round 105
coin 47 12
coin 4 14
round 106
round 107
round 108
round 109
round 110
coin 15 9
coin 37 15
round 111
round 112
round 113
round 114
round 115
coin 2 10
coin 50 14
round 116
round 117
round 118
round 119
round 120
coin 1 18
coin 50 6
round 121
round 122
round 123
round 124
round 125
coin 11 13
coin 40 11
round 126
round 127
round 128
match_over 0
round 129
