match
match_id 1639436348327_ak
match_time 1639436348330
num_bots 1
##MatchConfig
mode FRIENDLY
num_rounds 200
random_seed 42
move_time_limit 1000
coin_spawn_period 5
coin_spawn_volume 2
##MapConfig
map_size 76 28
view_radius 6
mining_radius 2
attack_radius 3
block 4 0
block 5 0
block 6 0
block 7 0
block 8 0
block 9 0
block 11 0
block 12 0
block 13 0
block 14 0
block 33 0
block 34 0
block 35 0
block 36 0
block 37 0
block 45 0
block 46 0
block 47 0
block 48 0
block 4 1
block 5 1
block 6 1
block 7 1
block 8 1
block 9 1
block 11 1
block 12 1
block 13 1
block 14 1
block 33 1
block 34 1
block 35 1
block 45 1
block 46 1
block 47 1
block 48 1
block 4 2
block 5 2
block 6 2
block 7 2
block 8 2
block 9 2
block 11 2
block 12 2
block 13 2
block 14 2
block 33 2
block 34 2
block 35 2
block 45 2
block 46 2
block 47 2
block 48 2
block 7 3
block 8 3
block 9 3
block 11 3
block 12 3
block 13 3
block 14 3
block 7 4
block 8 4
block 9 4
block 7 5
block 8 5
block 9 5
block 55 5
block 56 5
block 57 5
block 58 5
block 7 6
block 8 6
block 9 6
block 33 6
block 34 6
block 35 6
block 36 6
block 37 6
block 38 6
block 55 6
block 56 6
block 57 6
block 58 6
block 33 7
block 34 7
block 35 7
block 36 7
block 37 7
block 38 7
block 55 7
block 56 7
block 57 7
block 58 7
block 3 8
block 4 8
block 5 8
block 6 8
block 33 8
block 34 8
block 35 8
block 36 8
block 37 8
block 38 8
block 55 8
block 56 8
block 57 8
block 58 8
block 3 9
block 4 9
block 5 9
block 6 9
block 33 9
block 34 9
block 35 9
block 36 9
block 37 9
block 38 9
block 43 9
block 44 9
block 45 9
block 46 9
block 47 9
block 55 9
block 56 9
block 57 9
block 58 9
block 3 10
block 4 10
block 5 10
block 6 10
block 33 10
block 34 10
block 35 10
block 36 10
block 37 10
block 38 10
block 43 10
block 44 10
block 45 10
block 46 10
block 47 10
block 3 11
block 4 11
block 5 11
block 6 11
block 43 11
block 44 11
block 45 11
block 46 11
block 47 11
block 3 12
block 4 12
block 5 12
block 6 12
block 9 12
block 10 12
block 11 12
block 12 12
block 13 12
block 14 12
block 43 12
block 44 12
block 45 12
block 46 12
block 47 12
block 3 13
block 4 13
block 5 13
block 6 13
block 9 13
block 10 13
block 11 13
block 12 13
block 13 13
block 14 13
block 30 13
block 31 13
block 32 13
block 43 13
block 44 13
block 45 13
block 46 13
block 47 13
block 9 14
block 10 14
block 11 14
block 12 14
block 13 14
block 14 14
block 30 14
block 31 14
block 32 14
block 43 14
block 44 14
block 45 14
block 46 14
block 47 14
block 0 15
block 9 15
block 10 15
block 11 15
block 12 15
block 13 15
block 14 15
block 30 15
block 31 15
block 32 15
block 73 15
block 74 15
block 75 15
block 0 16
block 9 16
block 10 16
block 11 16
block 12 16
block 13 16
block 14 16
block 30 16
block 31 16
block 32 16
block 73 16
block 74 16
block 75 16
block 0 17
block 9 17
block 10 17
block 11 17
block 12 17
block 13 17
block 14 17
block 30 17
block 31 17
block 32 17
block 73 17
block 74 17
block 75 17
block 0 18
block 1 18
block 2 18
block 3 18
block 4 18
block 9 18
block 10 18
block 11 18
block 12 18
block 13 18
block 14 18
block 15 18
block 16 18
block 30 18
block 31 18
block 32 18
block 73 18
block 74 18
block 75 18
block 1 19
block 2 19
block 3 19
block 4 19
block 14 19
block 15 19
block 16 19
block 30 19
block 31 19
block 32 19
block 1 20
block 2 20
block 3 20
block 4 20
block 14 20
block 15 20
block 16 20
block 1 21
block 2 21
block 3 21
block 4 21
block 14 21
block 15 21
block 16 21
block 1 22
block 2 22
block 3 22
block 4 22
block 60 22
block 61 22
block 62 22
block 63 22
block 64 22
block 65 22
block 66 22
block 73 22
block 74 22
block 1 23
block 2 23
block 3 23
block 4 23
block 34 23
block 35 23
block 36 23
block 37 23
block 60 23
block 61 23
block 62 23
block 63 23
block 64 23
block 65 23
block 66 23
block 73 23
block 74 23
block 34 24
block 35 24
block 36 24
block 37 24
block 60 24
block 61 24
block 62 24
block 63 24
block 64 24
block 65 24
block 66 24
block 33 25
block 34 25
block 35 25
block 36 25
block 37 25
block 60 25
block 61 25
block 62 25
block 63 25
block 64 25
block 65 25
block 66 25
block 33 26
block 34 26
block 35 26
block 36 26
block 37 26
block 45 26
block 46 26
block 47 26
block 48 26
block 11 27
block 12 27
block 13 27
block 14 27
block 33 27
block 34 27
block 35 27
block 36 27
block 37 27
block 45 27
block 46 27
block 47 27
block 48 27
##BotsAndCoinsInfo
bot_name 0 starter-bot
bot 0 31 1
bot_coins 0 0
coin 26 19
coin 49 8
round 1
bot 0 31 2
round 2
bot 0 31 3
round 3
bot 0 31 4
round 4
bot 0 31 5
round 5
bot 0 31 6
coin 12 24
coin 63 3
round 6
bot 0 31 7
round 7
bot 0 31 8
round 8
bot 0 31 9
round 9
bot 0 31 10
round 10
bot 0 31 11
coin 6 25
coin 69 2
round 11
bot 0 31 12
round 12
bot 0 30 12
round 13
bot 0 29 12
round 14
bot 0 29 13
round 15
bot 0 29 14
coin 25 10
coin 50 17
round 16
bot 0 28 15
round 17
bot 0 27 16
round 18
bot 0 26 17
coin_collected 26 19 0
bot_coins 0 1
round 19
bot 0 25 18
round 20
bot 0 25 19
coin 51 17
coin 24 10
round 21
bot 0 25 20
round 22
bot 0 25 21
round 23
bot 0 25 22
round 24
bot 0 25 23
round 25
bot 0 25 24
coin 42 18
coin 32 9
round 26
bot 0 25 25
round 27
bot 0 25 26
round 28
bot 0 25 27
round 29
bot 0 24 26
round 30
bot 0 24 25
coin 12 26
coin 63 1
round 31
bot 0 24 24
round 32
bot 0 24 23
round 33
bot 0 24 22
round 34
bot 0 24 21
round 35
bot 0 24 20
coin 64 26
coin 10 1
round 36
bot 0 24 19
round 37
bot 0 24 18
round 38
bot 0 24 17
round 39
bot 0 24 16
round 40
bot 0 24 15
coin 68 26
coin 7 27
round 41
bot 0 23 14
round 42
bot 0 24 13
round 43
bot 0 23 12
round 44
bot 0 24 11
coin_collected 25 10 0
bot_coins 0 2
coin_collected 24 10 0
bot_coins 0 3
round 45
bot 0 24 10
coin 11 9
coin 64 18
round 46
bot 0 24 9
round 47
bot 0 24 8
round 48
bot 0 24 7
round 49
bot 0 24 6
round 50
bot 0 24 5
coin 40 15
coin 35 12
round 51
bot 0 24 4
round 52
bot 0 24 3
round 53
bot 0 24 2
round 54
bot 0 24 1
round 55
bot 0 24 0
coin 54 9
coin 21 18
round 56
bot 0 23 1
round 57
bot 0 23 2
round 58
bot 0 23 3
round 59
bot 0 23 4
round 60
bot 0 23 5
coin 47 8
coin 28 19
round 61
bot 0 23 6
round 62
bot 0 23 7
round 63
bot 0 23 8
round 64
bot 0 23 9
round 65
bot 0 23 10
coin 7 10
coin 68 17
round 66
bot 0 23 11
round 67
bot 0 23 12
round 68
bot 0 23 13
round 69
bot 0 22 14
round 70
bot 0 21 15
coin 67 26
coin 8 27
round 71
bot 0 20 16
round 72
bot 0 21 17
coin_collected 21 18 0
bot_coins 0 4
round 73
bot 0 21 18
round 74
bot 0 21 19
round 75
bot 0 21 20
coin 38 20
coin 37 5
round 76
bot 0 21 21
round 77
bot 0 21 22
round 78
bot 0 21 23
round 79
bot 0 21 24
round 80
bot 0 21 25
coin 62 17
coin 13 10
round 81
bot 0 21 26
round 82
bot 0 21 27
round 83
bot 0 20 26
round 84
bot 0 20 25
round 85
bot 0 20 24
coin 25 11
coin 50 16
round 86
bot 0 20 23
round 87
bot 0 20 22
round 88
bot 0 20 21
round 89
bot 0 20 20
round 90
bot 0 20 19
coin 60 5
coin 15 22
round 91
bot 0 19 20
round 92
bot 0 18 21
round 93
bot 0 17 22
coin_collected 15 22 0
bot_coins 0 5
round 94
bot 0 17 21
round 95
bot 0 16 22
coin 0 20
coin 75 7
round 96
bot 0 15 22
round 97
bot 0 14 22
round 98
bot 0 13 22
round 99
bot 0 13 21
round 100
bot 0 14 22
coin 27 5
coin 48 22
round 101
bot 0 13 22
round 102
bot 0 13 21
round 103
bot 0 14 22
round 104
bot 0 13 22
round 105
bot 0 13 21
coin 75 21
coin 0 6
round 106
bot 0 14 22
round 107
bot 0 15 22
round 108
bot 0 14 22
round 109
bot 0 13 22
round 110
bot 0 12 22
coin_collected 12 24 0
bot_coins 0 6
coin 29 14
coin 48 13
round 111
bot 0 13 21
round 112
bot 0 13 22
round 113
bot 0 13 21
round 114
bot 0 14 22
round 115
bot 0 13 22
coin 63 21
coin 12 6
round 116
bot 0 13 21
round 117
bot 0 14 22
round 118
bot 0 13 22
round 119
bot 0 13 21
round 120
bot 0 14 22
coin 17 3
coin 58 24
round 121
bot 0 15 23
round 122
bot 0 15 22
round 123
bot 0 14 22
round 124
bot 0 13 22
round 125
bot 0 12 22
coin 53 0
coin 22 27
round 126
bot 0 11 23
round 127
bot 0 12 24
coin_collected 12 26 0
bot_coins 0 7
round 128
bot 0 11 25
round 129
bot 0 11 24
round 130
bot 0 10 23
coin 66 8
coin 9 19
round 131
bot 0 10 22
round 132
bot 0 9 21
coin_collected 9 19 0
bot_coins 0 8
round 133
bot 0 8 20
round 134
bot 0 8 19
round 135
bot 0 8 18
coin 4 14
coin 71 13
round 136
bot 0 7 17
round 137
bot 0 6 16
round 138
bot 0 5 15
coin_collected 4 14 0
bot_coins 0 9
round 139
bot 0 5 14
round 140
bot 0 4 14
coin 59 7
coin 17 20
round 141
bot 0 3 14
round 142
bot 0 2 14
round 143
bot 0 2 13
round 144
bot 0 2 12
round 145
bot 0 2 11
coin 45 3
coin 30 24
round 146
bot 0 2 10
round 147
bot 0 2 9
round 148
bot 0 2 8
round 149
bot 0 2 7
round 150
bot 0 2 6
coin_collected 0 6 0
bot_coins 0 10
coin 9 19
coin 67 8
round 151
bot 0 2 5
round 152
bot 0 3 6
round 153
bot 0 4 7
round 154
bot 0 5 6
round 155
bot 0 5 5
coin 0 9
coin 75 19
round 156
bot 0 6 6
round 157
bot 0 7 7
round 158
bot 0 6 7
round 159
bot 0 7 8
coin_collected 7 10 0
bot_coins 0 11
round 160
bot 0 7 7
coin 26 2
coin 49 25
round 161
bot 0 6 7
round 162
bot 0 7 8
round 163
bot 0 7 7
round 164
bot 0 6 7
round 165
bot 0 7 8
coin 58 11
coin 17 16
round 166
bot 0 7 7
round 167
round 168
bot 0 6 7
round 169
bot 0 6 6
round 170
bot 0 7 7
coin 13 19
coin 62 8
round 171
bot 0 6 7
round 172
bot 0 7 8
round 173
round 174
bot 0 7 7
round 175
bot 0 6 7
coin 32 1
coin 43 26
round 176
bot 0 7 8
round 177
bot 0 7 7
round 178
bot 0 6 7
round 179
bot 0 7 8
round 180
bot 0 7 7
coin 61 21
coin 14 6
round 181
bot 0 6 7
round 182
round 183
bot 0 7 8
round 184
bot 0 7 9
round 185
bot 0 7 8
coin 57 4
coin 18 23
round 186
bot 0 8 9
round 187
bot 0 9 8
round 188
bot 0 10 9
coin_collected 11 9 0
bot_coins 0 12
round 189
bot 0 10 8
round 190
bot 0 11 9
coin 18 0
coin 57 27
round 191
bot 0 12 10
coin_collected 13 10 0
bot_coins 0 13
round 192
bot 0 12 9
round 193
bot 0 11 8
round 194
bot 0 12 7
coin_collected 12 6 0
bot_coins 0 14
round 195
bot 0 12 6
coin_collected 14 6 0
bot_coins 0 15
coin 45 21
coin 30 6
round 196
bot 0 11 5
round 197
bot 0 10 4
round 198
bot 0 10 3
coin_collected 10 1 0
bot_coins 0 16
round 199
bot 0 10 2
round 200
bot 0 10 1
coin 5 22
coin 70 5
match_over 0
