match
match_id 1639171621702_dl
match_time 1639171621705
num_bots 1
##MatchConfig
mode FRIENDLY
num_rounds 200
random_seed 42
move_time_limit 1000
coin_spawn_period 5
coin_spawn_volume 2
##MapConfig
map_size 59 22
view_radius 5
mining_radius 2
attack_radius 3
block 29 0
block 30 0
block 31 0
block 32 0
block 36 0
block 37 0
block 38 0
block 39 0
block 40 0
block 41 0
block 29 1
block 30 1
block 31 1
block 32 1
block 36 1
block 37 1
block 38 1
block 39 1
block 40 1
block 41 1
block 29 2
block 30 2
block 31 2
block 32 2
block 36 2
block 37 2
block 38 2
block 39 2
block 40 2
block 41 2
block 1 3
block 2 3
block 3 3
block 4 3
block 5 3
block 23 3
block 24 3
block 25 3
block 1 4
block 2 4
block 3 4
block 4 4
block 5 4
block 23 4
block 24 4
block 25 4
block 26 4
block 27 4
block 28 4
block 29 4
block 30 4
block 50 4
block 51 4
block 1 5
block 2 5
block 3 5
block 4 5
block 5 5
block 23 5
block 24 5
block 25 5
block 26 5
block 27 5
block 28 5
block 29 5
block 30 5
block 50 5
block 51 5
block 1 6
block 2 6
block 3 6
block 4 6
block 5 6
block 7 6
block 8 6
block 9 6
block 10 6
block 11 6
block 12 6
block 23 6
block 24 6
block 25 6
block 26 6
block 27 6
block 28 6
block 29 6
block 30 6
block 1 7
block 2 7
block 3 7
block 4 7
block 5 7
block 7 7
block 8 7
block 9 7
block 10 7
block 11 7
block 12 7
block 23 7
block 24 7
block 25 7
block 26 7
block 27 7
block 28 7
block 29 7
block 30 7
block 7 8
block 8 8
block 9 8
block 10 8
block 11 8
block 12 8
block 24 8
block 25 8
block 26 8
block 27 8
block 28 8
block 29 8
block 30 8
block 7 9
block 8 9
block 9 9
block 10 9
block 11 9
block 12 9
block 56 10
block 57 10
block 56 11
block 57 11
block 56 12
block 57 12
block 56 13
block 57 13
block 29 18
block 30 18
block 31 18
block 32 18
block 29 19
block 30 19
block 31 19
block 32 19
block 29 20
block 30 20
block 31 20
block 32 20
block 29 21
block 30 21
block 31 21
block 32 21
block 36 21
block 37 21
block 38 21
block 39 21
block 40 21
block 41 21
##BotsAndCoinsInfo
bot_name 0 starter-bot
bot 0 24 18
bot_coins 0 0
coin 33 15
coin 23 8
round 1
bot 0 24 19
round 2
bot 0 24 20
round 3
bot 0 24 21
round 4
bot 0 24 0
round 5
bot 0 24 1
coin 15 16
coin 43 5
round 6
bot 0 24 2
round 7
round 8
round 9
round 10
coin 9 19
coin 49 2
round 11
round 12
round 13
round 14
round 15
coin 15 2
coin 43 19
round 16
round 17
round 18
round 19
round 20
coin 48 17
coin 10 4
round 21
round 22
round 23
round 24
round 25
coin 11 18
coin 47 3
round 26
round 27
round 28
round 29
round 30
coin 46 0
coin 12 21
round 31
round 32
round 33
round 34
round 35
coin 2 0
coin 56 21
round 36
round 37
round 38
round 39
round 40
coin 33 20
coin 25 1
round 41
coin_collected 25 1 0
bot_coins 0 1
round 42
round 43
round 44
round 45
coin 23 9
coin 35 12
round 46
round 47
round 48
round 49
round 50
coin 38 15
coin 20 6
round 51
round 52
round 53
round 54
round 55
coin 36 9
coin 22 12
round 56
round 57
round 58
round 59
round 60
coin 48 19
coin 10 2
round 61
round 62
round 63
round 64
round 65
coin 41 6
coin 17 15
round 66
round 67
round 68
round 69
round 70
coin 53 18
coin 5 2
round 71
round 72
round 73
round 74
round 75
coin 54 4
coin 4 17
round 76
round 77
round 78
round 79
round 80
coin 55 13
coin 3 8
round 81
round 82
round 83
round 84
round 85
coin 6 3
coin 52 18
round 86
round 87
round 88
round 89
round 90
coin 25 11
coin 33 10
round 91
round 92
round 93
round 94
round 95
coin 31 4
coin 27 17
round 96
round 97
round 98
round 99
round 100
coin 4 2
coin 54 19
round 101
round 102
round 103
round 104
round 105
coin 45 13
coin 13 8
round 106
round 107
round 108
round 109
round 110
coin 17 6
coin 41 15
round 111
round 112
round 113
round 114
round 115
coin 6 5
coin 52 16
round 116
round 117
round 118
round 119
round 120
coin 58 11
coin 0 10
round 121
round 122
round 123
round 124
round 125
coin 32 3
coin 26 18
round 126
round 127
round 128
round 129
round 130
coin 53 4
coin 5 17
round 131
round 132
round 133
round 134
round 135
coin 42 2
coin 16 19
round 136
round 137
round 138
round 139
round 140
coin 11 17
coin 47 4
round 141
round 142
round 143
round 144
round 145
coin 42 15
coin 16 6
round 146
round 147
round 148
round 149
round 150
coin 21 3
coin 37 18
round 151
round 152
round 153
round 154
round 155
coin 13 19
coin 45 2
round 156
round 157
round 158
round 159
round 160
coin 29 3
coin 29 17
round 161
round 162
round 163
round 164
round 165
coin 42 3
coin 16 18
round 166
round 167
round 168
round 169
round 170
coin 21 15
coin 37 6
round 171
round 172
round 173
round 174
round 175
coin 44 13
coin 14 8
round 176
round 177
round 178
round 179
round 180
coin 0 15
coin 58 6
round 181
round 182
round 183
round 184
round 185
coin 19 5
coin 39 16
round 186
round 187
round 188
round 189
round 190
coin 26 9
coin 32 12
round 191
round 192
round 193
round 194
round 195
coin 50 21
coin 8 0
round 196
round 197
round 198
round 199
round 200
coin 54 14
coin 4 8
match_over 0
