match
match_id 1639341114521_bf
match_time 1639341114527
num_bots 1
##MatchConfig
mode FRIENDLY
num_rounds 200
random_seed 42
move_time_limit 1000
coin_spawn_period 5
coin_spawn_volume 2
##MapConfig
map_size 77 31
view_radius 5
mining_radius 1
attack_radius 3
block 47 0
block 48 0
block 49 0
block 50 0
block 51 0
block 52 0
block 53 0
block 54 0
block 55 0
block 47 1
block 48 1
block 49 1
block 50 1
block 51 1
block 52 1
block 53 1
block 54 1
block 55 1
block 40 2
block 41 2
block 42 2
block 43 2
block 44 2
block 49 2
block 50 2
block 51 2
block 52 2
block 53 2
block 54 2
block 55 2
block 40 3
block 41 3
block 42 3
block 43 3
block 44 3
block 43 8
block 44 8
block 45 8
block 46 8
block 47 8
block 59 8
block 60 8
block 61 8
block 43 9
block 44 9
block 45 9
block 46 9
block 47 9
block 59 9
block 60 9
block 61 9
block 43 10
block 44 10
block 45 10
block 46 10
block 47 10
block 59 10
block 60 10
block 61 10
block 43 11
block 44 11
block 45 11
block 46 11
block 47 11
block 59 11
block 60 11
block 61 11
block 43 12
block 44 12
block 45 12
block 46 12
block 47 12
block 59 12
block 60 12
block 61 12
block 43 13
block 44 13
block 45 13
block 46 13
block 47 13
block 59 13
block 60 13
block 61 13
block 43 14
block 44 14
block 45 14
block 46 14
block 47 14
block 70 15
block 71 15
block 72 15
block 70 16
block 71 16
block 72 16
block 70 17
block 71 17
block 72 17
block 70 18
block 71 18
block 72 18
block 70 19
block 71 19
block 72 19
block 70 20
block 71 20
block 72 20
block 70 21
block 71 21
block 72 21
block 0 24
block 1 24
block 72 24
block 73 24
block 74 24
block 75 24
block 76 24
block 0 25
block 1 25
block 72 25
block 73 25
block 74 25
block 75 25
block 76 25
block 0 26
block 1 26
block 72 26
block 73 26
block 74 26
block 75 26
block 76 26
block 0 27
block 1 27
block 47 27
block 48 27
block 49 27
block 72 27
block 73 27
block 74 27
block 75 27
block 76 27
block 47 28
block 48 28
block 49 28
block 47 29
block 48 29
block 49 29
block 47 30
block 48 30
block 49 30
##BotsAndCoinsInfo
bot_name 0 starter-bot
bot 0 3 14
bot_coins 0 0
coin 29 10
coin 47 20
round 1
bot 0 3 15
round 2
bot 0 3 16
round 3
bot 0 3 17
round 4
bot 0 3 18
round 5
bot 0 3 19
coin 41 23
coin 35 7
round 6
bot 0 3 20
round 7
bot 0 3 21
round 8
bot 0 3 22
round 9
bot 0 3 23
round 10
bot 0 3 24
coin 46 28
coin 30 2
round 11
bot 0 3 25
round 12
bot 0 3 26
round 13
bot 0 3 27
round 14
bot 0 3 28
round 15
bot 0 3 29
coin 1 1
coin 75 29
round 16
bot 0 3 30
round 17
bot 0 2 29
round 18
bot 0 2 28
round 19
bot 0 2 27
round 20
bot 0 2 26
coin 76 3
coin 0 28
round 21
bot 0 2 25
round 22
bot 0 2 24
round 23
bot 0 2 23
round 24
bot 0 2 22
round 25
bot 0 2 21
coin 66 0
coin 10 30
round 26
bot 0 2 20
round 27
bot 0 2 19
round 28
bot 0 2 18
round 29
bot 0 2 17
round 30
bot 0 2 16
coin 35 27
coin 41 4
round 31
bot 0 2 15
round 32
bot 0 2 14
round 33
bot 0 2 13
round 34
bot 0 2 12
round 35
bot 0 2 11
coin 57 19
coin 19 11
round 36
bot 0 2 10
round 37
bot 0 2 9
round 38
bot 0 2 8
round 39
bot 0 2 7
round 40
bot 0 2 6
coin 70 22
coin 6 8
round 41
bot 0 2 5
round 42
bot 0 2 4
round 43
bot 0 2 3
round 44
bot 0 2 2
round 45
bot 0 2 1
coin_collected 1 1 0
bot_coins 0 1
coin 0 19
coin 76 11
round 46
bot 0 2 0
round 47
bot 0 1 1
round 48
bot 0 1 2
round 49
bot 0 1 3
round 50
bot 0 1 4
coin 54 8
coin 22 22
round 51
bot 0 1 5
round 52
bot 0 1 6
round 53
bot 0 1 7
round 54
bot 0 1 8
round 55
bot 0 1 9
coin 36 18
coin 40 12
round 56
bot 0 1 10
round 57
bot 0 1 11
round 58
bot 0 1 12
round 59
bot 0 1 13
round 60
bot 0 1 14
coin 56 18
coin 20 12
round 61
bot 0 1 15
round 62
bot 0 1 16
round 63
bot 0 1 17
round 64
bot 0 1 18
round 65
bot 0 1 19
coin_collected 0 19 0
bot_coins 0 2
coin 21 18
coin 55 12
round 66
bot 0 1 20
round 67
bot 0 1 21
round 68
bot 0 1 22
round 69
bot 0 1 23
round 70
bot 0 0 23
coin 4 21
coin 72 9
round 71
bot 0 76 23
round 72
bot 0 75 23
round 73
bot 0 74 23
round 74
bot 0 73 23
round 75
bot 0 72 23
coin 33 26
coin 43 4
round 76
bot 0 71 23
round 77
bot 0 71 24
round 78
bot 0 71 25
round 79
bot 0 71 26
round 80
bot 0 71 27
coin 23 17
coin 53 13
round 81
bot 0 71 28
round 82
bot 0 71 29
round 83
bot 0 71 30
round 84
bot 0 70 29
round 85
bot 0 70 28
coin 10 22
coin 66 8
round 86
bot 0 70 27
round 87
bot 0 70 26
round 88
bot 0 70 25
round 89
bot 0 70 24
round 90
bot 0 70 23
coin_collected 70 22 0
bot_coins 0 3
coin 54 20
coin 22 10
round 91
bot 0 70 22
round 92
bot 0 69 22
round 93
bot 0 69 21
round 94
bot 0 69 20
round 95
bot 0 69 19
coin 21 24
coin 55 6
round 96
bot 0 69 18
round 97
bot 0 69 17
round 98
bot 0 69 16
round 99
bot 0 69 15
round 100
bot 0 69 14
coin 13 19
coin 63 11
round 101
bot 0 69 13
round 102
bot 0 69 12
round 103
bot 0 69 11
round 104
bot 0 69 10
round 105
bot 0 69 9
coin 56 6
coin 20 24
round 106
bot 0 69 8
round 107
bot 0 69 7
round 108
bot 0 69 6
round 109
bot 0 69 5
round 110
bot 0 69 4
coin 10 12
coin 66 18
round 111
bot 0 69 3
round 112
bot 0 69 2
round 113
bot 0 69 1
round 114
bot 0 69 0
round 115
bot 0 68 1
coin 34 29
coin 42 1
round 116
bot 0 68 2
round 117
bot 0 68 3
round 118
bot 0 68 4
round 119
bot 0 68 5
round 120
bot 0 68 6
coin 62 4
coin 14 26
round 121
bot 0 68 7
round 122
bot 0 68 8
round 123
bot 0 68 9
round 124
bot 0 68 10
round 125
bot 0 68 11
coin 26 30
coin 50 30
round 126
bot 0 68 12
round 127
bot 0 68 13
round 128
bot 0 68 14
round 129
bot 0 68 15
round 130
bot 0 68 16
coin 30 1
coin 46 29
round 131
bot 0 68 17
round 132
bot 0 68 18
round 133
bot 0 68 19
round 134
bot 0 68 20
round 135
bot 0 68 21
coin 2 11
coin 74 19
round 136
bot 0 68 22
round 137
bot 0 68 23
round 138
bot 0 68 24
round 139
bot 0 68 25
round 140
bot 0 68 26
coin 0 22
coin 76 8
round 141
bot 0 68 27
round 142
bot 0 68 28
round 143
bot 0 68 29
round 144
bot 0 68 30
round 145
bot 0 67 29
coin 71 14
coin 5 16
round 146
bot 0 67 28
round 147
bot 0 67 27
round 148
bot 0 67 26
round 149
bot 0 67 25
round 150
bot 0 67 24
coin 56 22
coin 20 8
round 151
bot 0 67 23
round 152
bot 0 67 22
round 153
bot 0 67 21
round 154
bot 0 67 20
round 155
bot 0 67 19
coin 4 22
coin 72 8
round 156
bot 0 67 18
coin_collected 66 18 0
bot_coins 0 4
round 157
bot 0 67 17
round 158
bot 0 67 16
round 159
bot 0 67 15
round 160
bot 0 67 14
coin 15 27
coin 61 3
round 161
bot 0 67 13
round 162
bot 0 67 12
round 163
bot 0 67 11
round 164
bot 0 67 10
round 165
bot 0 67 9
coin 27 7
coin 49 23
round 166
bot 0 67 8
coin_collected 66 8 0
bot_coins 0 5
round 167
bot 0 67 7
round 168
bot 0 67 6
round 169
bot 0 67 5
round 170
bot 0 67 4
coin 34 4
coin 42 26
round 171
bot 0 67 3
round 172
bot 0 67 2
round 173
bot 0 67 1
round 174
bot 0 67 0
coin_collected 66 0 0
bot_coins 0 6
round 175
bot 0 66 1
coin 38 17
coin 38 13
round 176
bot 0 66 2
round 177
bot 0 66 3
round 178
bot 0 66 4
round 179
bot 0 66 5
round 180
bot 0 66 6
coin 46 2
coin 30 28
round 181
bot 0 66 7
round 182
bot 0 66 8
round 183
bot 0 66 9
round 184
bot 0 66 10
round 185
bot 0 66 11
coin 1 30
coin 75 0
round 186
bot 0 66 12
round 187
bot 0 66 13
round 188
bot 0 66 14
round 189
bot 0 66 15
round 190
bot 0 66 16
coin 40 13
coin 36 17
round 191
bot 0 66 17
round 192
bot 0 66 18
round 193
bot 0 66 19
round 194
bot 0 66 20
round 195
bot 0 66 21
coin 10 20
coin 66 10
round 196
bot 0 66 22
round 197
bot 0 66 23
round 198
bot 0 66 24
round 199
bot 0 66 25
round 200
bot 0 66 26
coin 65 22
coin 11 8
match_over 0
