match
match_id 1639471085602_aj
match_time 1639471085605
num_bots 1
##MatchConfig
mode FRIENDLY
num_rounds 200
random_seed 42
move_time_limit 1000
coin_spawn_period 5
coin_spawn_volume 2
##MapConfig
map_size 79 24
view_radius 5
mining_radius 2
attack_radius 3
block 0 0
block 33 0
block 34 0
block 35 0
block 36 0
block 37 0
block 38 0
block 39 0
block 44 0
block 45 0
block 46 0
block 47 0
block 48 0
block 49 0
block 50 0
block 53 0
block 54 0
block 55 0
block 56 0
block 73 0
block 74 0
block 75 0
block 76 0
block 77 0
block 78 0
block 0 1
block 6 1
block 7 1
block 8 1
block 9 1
block 10 1
block 11 1
block 12 1
block 18 1
block 19 1
block 20 1
block 21 1
block 22 1
block 23 1
block 44 1
block 45 1
block 46 1
block 47 1
block 48 1
block 49 1
block 50 1
block 53 1
block 54 1
block 55 1
block 56 1
block 73 1
block 74 1
block 75 1
block 76 1
block 77 1
block 78 1
block 6 2
block 7 2
block 8 2
block 9 2
block 10 2
block 11 2
block 12 2
block 18 2
block 19 2
block 20 2
block 21 2
block 22 2
block 23 2
block 44 2
block 45 2
block 46 2
block 47 2
block 48 2
block 49 2
block 50 2
block 18 3
block 19 3
block 20 3
block 21 3
block 22 3
block 23 3
block 44 3
block 45 3
block 46 3
block 47 3
block 48 3
block 49 3
block 50 3
block 8 4
block 9 4
block 10 4
block 11 4
block 12 4
block 44 4
block 45 4
block 46 4
block 47 4
block 48 4
block 49 4
block 50 4
block 0 5
block 1 5
block 2 5
block 3 5
block 8 5
block 9 5
block 10 5
block 11 5
block 12 5
block 78 5
block 0 6
block 1 6
block 2 6
block 3 6
block 8 6
block 9 6
block 10 6
block 11 6
block 12 6
block 78 6
block 8 7
block 9 7
block 10 7
block 11 7
block 12 7
block 64 7
block 65 7
block 66 7
block 67 7
block 68 7
block 69 7
block 70 7
block 64 8
block 65 8
block 66 8
block 67 8
block 68 8
block 69 8
block 70 8
block 25 9
block 26 9
block 27 9
block 28 9
block 29 9
block 30 9
block 47 9
block 48 9
block 64 9
block 65 9
block 66 9
block 67 9
block 68 9
block 69 9
block 70 9
block 25 10
block 26 10
block 27 10
block 28 10
block 29 10
block 30 10
block 47 10
block 48 10
block 64 10
block 65 10
block 66 10
block 67 10
block 68 10
block 69 10
block 70 10
block 25 11
block 26 11
block 27 11
block 28 11
block 29 11
block 30 11
block 47 11
block 48 11
block 64 11
block 65 11
block 66 11
block 67 11
block 68 11
block 69 11
block 70 11
block 71 11
block 72 11
block 73 11
block 74 11
block 75 11
block 76 11
block 25 12
block 26 12
block 27 12
block 28 12
block 29 12
block 30 12
block 31 12
block 32 12
block 33 12
block 47 12
block 48 12
block 70 12
block 71 12
block 72 12
block 73 12
block 74 12
block 75 12
block 76 12
block 25 13
block 26 13
block 27 13
block 28 13
block 29 13
block 30 13
block 31 13
block 32 13
block 33 13
block 47 13
block 48 13
block 49 13
block 50 13
block 51 13
block 52 13
block 70 13
block 71 13
block 72 13
block 73 13
block 74 13
block 75 13
block 76 13
block 25 14
block 26 14
block 27 14
block 28 14
block 29 14
block 30 14
block 31 14
block 32 14
block 33 14
block 38 14
block 39 14
block 47 14
block 48 14
block 49 14
block 50 14
block 51 14
block 52 14
block 27 15
block 28 15
block 29 15
block 30 15
block 31 15
block 32 15
block 33 15
block 38 15
block 39 15
block 47 15
block 48 15
block 49 15
block 50 15
block 51 15
block 52 15
block 53 15
block 54 15
block 18 16
block 19 16
block 20 16
block 21 16
block 22 16
block 23 16
block 24 16
block 27 16
block 28 16
block 29 16
block 30 16
block 31 16
block 32 16
block 33 16
block 34 16
block 35 16
block 36 16
block 37 16
block 38 16
block 39 16
block 47 16
block 48 16
block 49 16
block 50 16
block 51 16
block 52 16
block 53 16
block 54 16
block 9 17
block 10 17
block 11 17
block 12 17
block 13 17
block 14 17
block 15 17
block 18 17
block 19 17
block 20 17
block 21 17
block 22 17
block 23 17
block 24 17
block 27 17
block 28 17
block 29 17
block 30 17
block 31 17
block 32 17
block 33 17
block 34 17
block 35 17
block 36 17
block 37 17
block 38 17
block 39 17
block 47 17
block 48 17
block 49 17
block 50 17
block 51 17
block 52 17
block 53 17
block 54 17
block 9 18
block 10 18
block 11 18
block 12 18
block 13 18
block 14 18
block 15 18
block 18 18
block 19 18
block 20 18
block 21 18
block 22 18
block 23 18
block 24 18
block 25 18
block 32 18
block 33 18
block 34 18
block 35 18
block 36 18
block 37 18
block 38 18
block 39 18
block 47 18
block 48 18
block 49 18
block 50 18
block 51 18
block 52 18
block 53 18
block 54 18
block 12 19
block 13 19
block 14 19
block 15 19
block 18 19
block 19 19
block 20 19
block 21 19
block 22 19
block 23 19
block 24 19
block 25 19
block 38 19
block 39 19
block 47 19
block 48 19
block 49 19
block 50 19
block 51 19
block 52 19
block 53 19
block 54 19
block 12 20
block 13 20
block 14 20
block 15 20
block 22 20
block 23 20
block 24 20
block 25 20
block 38 20
block 39 20
block 49 20
block 50 20
block 51 20
block 52 20
block 53 20
block 54 20
block 49 21
block 50 21
block 51 21
block 52 21
block 53 21
block 54 21
block 55 21
block 56 21
block 0 22
block 33 22
block 34 22
block 35 22
block 36 22
block 37 22
block 38 22
block 39 22
block 53 22
block 54 22
block 55 22
block 56 22
block 73 22
block 74 22
block 75 22
block 76 22
block 77 22
block 78 22
block 0 23
block 33 23
block 34 23
block 35 23
block 36 23
block 37 23
block 38 23
block 39 23
block 53 23
block 54 23
block 55 23
block 56 23
block 73 23
block 74 23
block 75 23
block 76 23
block 77 23
block 78 23
##BotsAndCoinsInfo
bot_name 0 starter-bot
bot 0 56 18
bot_coins 0 0
coin 19 4
coin 59 19
round 1
bot 0 57 19
coin_collected 59 19 0
bot_coins 0 1
round 2
bot 0 58 18
round 3
bot 0 58 19
round 4
bot 0 58 20
round 5
bot 0 58 21
coin 21 20
coin 57 3
round 6
bot 0 58 22
round 7
bot 0 58 23
round 8
bot 0 57 22
round 9
round 10
coin 74 14
coin 4 9
round 11
round 12
bot 0 57 21
round 13
bot 0 57 20
round 14
bot 0 56 19
round 15
bot 0 56 18
coin 62 14
coin 16 9
round 16
bot 0 57 17
round 17
bot 0 58 17
round 18
bot 0 59 16
round 19
bot 0 60 15
round 20
bot 0 59 16
coin 1 4
coin 77 19
round 21
bot 0 59 15
round 22
bot 0 58 15
round 23
bot 0 59 14
round 24
bot 0 60 15
round 25
bot 0 60 16
coin 15 14
coin 63 9
round 26
bot 0 61 16
round 27
round 28
bot 0 61 15
coin_collected 62 14 0
bot_coins 0 2
round 29
bot 0 60 16
round 30
bot 0 61 17
coin 24 12
coin 54 11
round 31
bot 0 62 16
round 32
bot 0 63 15
round 33
round 34
bot 0 62 14
round 35
bot 0 61 13
coin 68 6
coin 10 16
round 36
bot 0 62 14
round 37
bot 0 62 15
round 38
bot 0 63 15
round 39
bot 0 64 16
round 40
bot 0 63 17
coin 27 18
coin 51 5
round 41
bot 0 63 18
round 42
bot 0 63 19
round 43
bot 0 64 19
round 44
bot 0 65 18
round 45
bot 0 65 19
coin 65 17
coin 13 6
round 46
bot 0 66 18
coin_collected 65 17 0
bot_coins 0 3
round 47
round 48
bot 0 67 19
round 49
bot 0 66 20
round 50
bot 0 65 19
coin 37 7
coin 41 16
round 51
bot 0 64 20
round 52
bot 0 64 19
round 53
bot 0 63 19
round 54
bot 0 62 19
round 55
bot 0 62 20
coin 27 8
coin 53 14
round 56
bot 0 61 20
round 57
bot 0 62 21
round 58
round 59
bot 0 63 21
round 60
bot 0 62 21
coin 35 9
coin 43 14
round 61
bot 0 63 22
round 62
bot 0 63 23
round 63
bot 0 62 23
round 64
bot 0 62 22
round 65
bot 0 61 23
coin 46 10
coin 34 13
round 66
bot 0 62 22
round 67
bot 0 61 23
round 68
bot 0 61 22
round 69
bot 0 62 23
round 70
bot 0 63 0
coin 6 6
coin 72 17
round 71
bot 0 62 0
round 72
bot 0 62 23
round 73
bot 0 61 23
round 74
bot 0 62 0
round 75
bot 0 63 0
coin 24 13
coin 54 10
round 76
bot 0 62 0
round 77
bot 0 62 1
round 78
bot 0 63 1
round 79
bot 0 62 0
round 80
bot 0 61 0
coin 52 5
coin 26 18
round 81
bot 0 60 1
round 82
bot 0 59 0
round 83
bot 0 59 1
round 84
bot 0 58 1
round 85
coin 6 23
coin 72 0
round 86
bot 0 57 2
coin_collected 57 3 0
bot_coins 0 4
round 87
bot 0 58 1
round 88
bot 0 57 0
round 89
round 90
bot 0 58 0
coin 31 11
coin 46 12
round 91
bot 0 57 1
round 92
bot 0 56 2
round 93
bot 0 57 3
round 94
bot 0 56 2
round 95
bot 0 55 3
coin 69 12
coin 9 11
round 96
bot 0 56 4
round 97
bot 0 57 3
round 98
bot 0 56 4
round 99
bot 0 56 3
round 100
bot 0 55 3
coin 47 23
coin 31 0
round 101
bot 0 54 4
round 102
bot 0 55 5
round 103
bot 0 56 5
round 104
bot 0 57 4
round 105
bot 0 56 5
coin 43 1
coin 35 21
round 106
bot 0 56 4
round 107
bot 0 57 3
round 108
bot 0 56 4
round 109
bot 0 55 4
round 110
bot 0 56 5
coin 27 6
coin 55 17
round 111
bot 0 55 4
round 112
bot 0 55 5
round 113
bot 0 56 4
round 114
bot 0 57 5
round 115
coin 58 23
coin 20 0
round 116
bot 0 58 5
round 117
bot 0 58 6
round 118
bot 0 59 6
round 119
round 120
bot 0 59 5
coin 48 20
coin 30 3
round 121
round 122
bot 0 59 6
round 123
bot 0 60 6
round 124
bot 0 59 5
round 125
coin 11 8
coin 67 15
round 126
bot 0 60 4
round 127
bot 0 60 5
round 128
bot 0 61 6
round 129
bot 0 62 6
round 130
bot 0 62 5
coin 8 3
coin 70 20
round 131
bot 0 63 4
round 132
bot 0 63 3
round 133
bot 0 63 2
round 134
bot 0 64 1
round 135
bot 0 63 2
coin 21 10
coin 57 13
round 136
bot 0 62 2
round 137
bot 0 61 3
round 138
bot 0 61 2
round 139
bot 0 62 3
round 140
bot 0 63 4
coin 55 19
coin 23 4
round 141
bot 0 64 5
round 142
bot 0 65 5
round 143
bot 0 66 6
coin_collected 68 6 0
bot_coins 0 5
round 144
bot 0 65 6
round 145
bot 0 64 6
coin 63 3
coin 15 21
round 146
bot 0 63 6
round 147
bot 0 64 6
round 148
bot 0 63 6
round 149
bot 0 63 5
coin_collected 63 3 0
bot_coins 0 6
round 150
bot 0 64 4
coin 75 10
coin 3 13
round 151
round 152
bot 0 65 5
round 153
bot 0 66 4
round 154
bot 0 65 4
round 155
bot 0 64 3
coin 68 1
coin 10 22
round 156
bot 0 63 2
round 157
bot 0 62 1
round 158
bot 0 61 1
round 159
bot 0 60 0
round 160
bot 0 61 23
coin 24 2
coin 55 20
round 161
bot 0 62 0
round 162
bot 0 63 0
round 163
bot 0 63 1
round 164
bot 0 63 2
round 165
bot 0 62 1
coin 24 7
coin 55 16
round 166
bot 0 62 2
round 167
bot 0 63 3
round 168
bot 0 64 3
round 169
bot 0 64 4
round 170
coin 58 3
coin 20 20
round 171
bot 0 65 4
round 172
bot 0 66 3
round 173
bot 0 65 3
round 174
bot 0 66 4
round 175
bot 0 67 3
coin 24 5
coin 55 18
round 176
bot 0 67 2
coin_collected 68 1 0
bot_coins 0 7
round 177
bot 0 67 1
round 178
bot 0 68 1
round 179
bot 0 67 0
round 180
bot 0 67 1
coin 62 13
coin 16 10
round 181
bot 0 67 2
round 182
bot 0 66 1
round 183
bot 0 67 2
round 184
bot 0 68 3
round 185
bot 0 68 2
coin 71 5
coin 7 18
round 186
bot 0 67 3
round 187
bot 0 68 2
round 188
bot 0 69 2
round 189
bot 0 68 1
round 190
bot 0 67 1
coin 70 4
coin 8 19
round 191
bot 0 67 0
round 192
bot 0 66 0
round 193
bot 0 65 0
round 194
bot 0 65 1
round 195
bot 0 66 2
coin 33 21
coin 43 2
round 196
bot 0 67 2
round 197
bot 0 68 3
round 198
bot 0 67 4
round 199
bot 0 66 3
round 200
bot 0 67 2
coin 37 10
coin 41 13
match_over 0
