match
match_id 1639174477815_em
match_time 1639174477821
num_bots 1
##MatchConfig
mode FRIENDLY
num_rounds 200
random_seed 42
move_time_limit 1000
coin_spawn_period 5
coin_spawn_volume 2
##MapConfig
map_size 66 34
view_radius 5
mining_radius 1
attack_radius 3
block 1 1
block 2 1
block 3 1
block 4 1
block 5 1
block 6 1
block 7 1
block 32 1
block 33 1
block 1 2
block 2 2
block 3 2
block 4 2
block 5 2
block 6 2
block 7 2
block 32 2
block 33 2
block 32 3
block 33 3
block 32 4
block 33 4
block 52 4
block 53 4
block 54 4
block 55 4
block 56 4
block 32 5
block 33 5
block 52 5
block 53 5
block 54 5
block 55 5
block 56 5
block 57 5
block 58 5
block 59 5
block 60 5
block 13 6
block 14 6
block 15 6
block 16 6
block 17 6
block 32 6
block 33 6
block 52 6
block 53 6
block 54 6
block 55 6
block 56 6
block 57 6
block 58 6
block 59 6
block 60 6
block 13 7
block 14 7
block 15 7
block 16 7
block 17 7
block 37 7
block 38 7
block 39 7
block 40 7
block 41 7
block 42 7
block 54 7
block 55 7
block 56 7
block 57 7
block 58 7
block 59 7
block 60 7
block 13 8
block 14 8
block 15 8
block 16 8
block 17 8
block 32 8
block 33 8
block 34 8
block 35 8
block 37 8
block 38 8
block 39 8
block 40 8
block 41 8
block 42 8
block 13 9
block 14 9
block 15 9
block 16 9
block 17 9
block 19 9
block 20 9
block 21 9
block 22 9
block 23 9
block 24 9
block 32 9
block 33 9
block 34 9
block 35 9
block 37 9
block 38 9
block 39 9
block 40 9
block 41 9
block 42 9
block 6 10
block 7 10
block 13 10
block 14 10
block 15 10
block 16 10
block 17 10
block 19 10
block 20 10
block 21 10
block 22 10
block 23 10
block 24 10
block 32 10
block 33 10
block 34 10
block 35 10
block 37 10
block 38 10
block 39 10
block 40 10
block 41 10
block 42 10
block 6 11
block 7 11
block 13 11
block 14 11
block 15 11
block 16 11
block 17 11
block 19 11
block 20 11
block 21 11
block 22 11
block 23 11
block 24 11
block 32 11
block 33 11
block 34 11
block 35 11
block 37 11
block 38 11
block 39 11
block 40 11
block 41 11
block 42 11
block 6 12
block 7 12
block 19 12
block 20 12
block 21 12
block 22 12
block 23 12
block 24 12
block 32 12
block 33 12
block 34 12
block 35 12
block 6 13
block 7 13
block 19 13
block 20 13
block 21 13
block 22 13
block 23 13
block 24 13
block 32 13
block 33 13
block 34 13
block 35 13
block 44 13
block 45 13
block 46 13
block 47 13
block 44 14
block 45 14
block 46 14
block 47 14
block 44 15
block 45 15
block 46 15
block 47 15
block 44 16
block 45 16
block 46 16
block 47 16
block 32 17
block 33 17
block 34 17
block 35 17
block 44 17
block 45 17
block 46 17
block 47 17
block 32 18
block 33 18
block 34 18
block 35 18
block 62 18
block 63 18
block 64 18
block 65 18
block 24 19
block 25 19
block 26 19
block 27 19
block 28 19
block 29 19
block 31 19
block 32 19
block 33 19
block 34 19
block 35 19
block 62 19
block 63 19
block 64 19
block 65 19
block 24 20
block 25 20
block 26 20
block 27 20
block 28 20
block 29 20
block 31 20
block 32 20
block 33 20
block 34 20
block 35 20
block 62 20
block 63 20
block 64 20
block 65 20
block 24 21
block 25 21
block 26 21
block 27 21
block 28 21
block 29 21
block 32 21
block 33 21
block 34 21
block 35 21
block 62 21
block 63 21
block 64 21
block 65 21
block 17 22
block 18 22
block 24 22
block 25 22
block 26 22
block 27 22
block 28 22
block 29 22
block 32 22
block 33 22
block 34 22
block 35 22
block 62 22
block 63 22
block 64 22
block 65 22
block 17 23
block 18 23
block 24 23
block 25 23
block 26 23
block 27 23
block 28 23
block 29 23
block 32 23
block 33 23
block 34 23
block 35 23
block 62 23
block 63 23
block 64 23
block 65 23
block 17 24
block 18 24
block 62 24
block 63 24
block 64 24
block 65 24
block 4 25
block 5 25
block 17 25
block 18 25
block 4 26
block 5 26
block 17 26
block 18 26
block 4 27
block 5 27
block 17 27
block 18 27
block 57 27
block 58 27
block 59 27
block 60 27
block 61 27
block 4 28
block 5 28
block 17 28
block 18 28
block 57 28
block 58 28
block 59 28
block 60 28
block 61 28
block 4 29
block 5 29
block 50 29
block 51 29
block 52 29
block 53 29
block 54 29
block 55 29
block 56 29
block 57 29
block 58 29
block 59 29
block 60 29
block 61 29
block 50 30
block 51 30
block 52 30
block 53 30
block 54 30
block 55 30
block 56 30
block 57 30
block 58 30
block 59 30
block 60 30
block 61 30
block 50 31
block 51 31
block 52 31
block 53 31
block 54 31
block 55 31
block 56 31
block 57 31
block 58 31
block 59 31
block 60 31
block 61 31
block 50 32
block 51 32
block 52 32
block 53 32
block 54 32
block 55 32
block 56 32
block 57 32
block 58 32
block 59 32
block 60 32
block 61 32
block 50 33
block 51 33
block 52 33
block 53 33
block 54 33
block 55 33
block 56 33
block 57 33
block 58 33
block 59 33
block 60 33
block 61 33
##BotsAndCoinsInfo
bot_name 0 starter-bot
bot 0 0 15
bot_coins 0 0
coin 62 11
coin 3 22
round 1
bot 0 0 16
round 2
bot 0 0 17
round 3
bot 0 0 18
round 4
bot 0 0 19
round 5
bot 0 0 20
coin 30 12
coin 36 21
round 6
bot 0 0 21
round 7
bot 0 0 22
round 8
bot 0 0 23
round 9
bot 0 0 24
round 10
bot 0 0 25
coin 36 9
coin 29 24
round 11
bot 0 0 26
round 12
bot 0 0 27
round 13
bot 0 0 28
round 14
bot 0 0 29
round 15
bot 0 0 30
coin 25 12
coin 40 21
round 16
bot 0 0 31
round 17
bot 0 0 32
round 18
bot 0 0 33
round 19
bot 0 65 32
round 20
bot 0 65 31
coin 43 7
coin 22 26
round 21
bot 0 65 30
round 22
bot 0 65 29
round 23
bot 0 65 28
round 24
bot 0 65 27
round 25
bot 0 65 26
coin 44 12
coin 21 21
round 26
bot 0 65 25
round 27
round 28
round 29
round 30
coin 24 14
coin 41 19
round 31
round 32
match_over 0
round 33
