match
match_id 1639327493066_aa
match_time 1639327493140
num_bots 1
##MatchConfig
mode FRIENDLY
num_rounds 200
random_seed 42
move_time_limit 1000
coin_spawn_period 5
coin_spawn_volume 2
##MapConfig
map_size 58 33
view_radius 6
mining_radius 2
attack_radius 4
block 30 0
block 31 0
block 19 1
block 20 1
block 24 1
block 25 1
block 26 1
block 27 1
block 46 1
block 47 1
block 48 1
block 49 1
block 50 1
block 19 2
block 20 2
block 24 2
block 25 2
block 26 2
block 27 2
block 46 2
block 47 2
block 48 2
block 49 2
block 50 2
block 24 3
block 25 3
block 26 3
block 27 3
block 46 3
block 47 3
block 48 3
block 49 3
block 50 3
block 46 4
block 47 4
block 48 4
block 49 4
block 50 4
block 28 6
block 29 6
block 30 6
block 47 6
block 48 6
block 49 6
block 50 6
block 10 7
block 11 7
block 12 7
block 17 7
block 18 7
block 19 7
block 20 7
block 28 7
block 29 7
block 30 7
block 47 7
block 48 7
block 49 7
block 50 7
block 51 7
block 10 8
block 11 8
block 12 8
block 17 8
block 18 8
block 19 8
block 20 8
block 28 8
block 29 8
block 30 8
block 38 8
block 39 8
block 40 8
block 47 8
block 48 8
block 49 8
block 50 8
block 51 8
block 10 9
block 11 9
block 12 9
block 17 9
block 18 9
block 19 9
block 20 9
block 28 9
block 29 9
block 30 9
block 38 9
block 39 9
block 40 9
block 47 9
block 48 9
block 49 9
block 50 9
block 51 9
block 10 10
block 11 10
block 12 10
block 17 10
block 18 10
block 19 10
block 20 10
block 28 10
block 29 10
block 30 10
block 38 10
block 39 10
block 40 10
block 43 10
block 44 10
block 45 10
block 46 10
block 47 10
block 48 10
block 49 10
block 50 10
block 51 10
block 52 10
block 53 10
block 54 10
block 11 11
block 12 11
block 17 11
block 18 11
block 19 11
block 20 11
block 38 11
block 39 11
block 40 11
block 43 11
block 44 11
block 45 11
block 46 11
block 47 11
block 48 11
block 50 11
block 51 11
block 52 11
block 53 11
block 54 11
block 17 12
block 18 12
block 19 12
block 20 12
block 38 12
block 39 12
block 40 12
block 43 12
block 44 12
block 45 12
block 46 12
block 47 12
block 48 12
block 50 12
block 51 12
block 52 12
block 53 12
block 54 12
block 17 13
block 18 13
block 19 13
block 20 13
block 38 13
block 39 13
block 40 13
block 43 13
block 44 13
block 45 13
block 46 13
block 47 13
block 48 13
block 50 13
block 51 13
block 52 13
block 53 13
block 54 13
block 38 14
block 39 14
block 40 14
block 44 14
block 45 14
block 46 14
block 50 14
block 51 14
block 52 14
block 53 14
block 54 14
block 14 15
block 15 15
block 16 15
block 17 15
block 44 15
block 45 15
block 46 15
block 50 15
block 51 15
block 52 15
block 53 15
block 54 15
block 0 16
block 1 16
block 2 16
block 3 16
block 4 16
block 14 16
block 15 16
block 16 16
block 17 16
block 44 16
block 45 16
block 46 16
block 48 16
block 49 16
block 50 16
block 51 16
block 52 16
block 53 16
block 0 17
block 1 17
block 2 17
block 3 17
block 4 17
block 14 17
block 15 17
block 16 17
block 17 17
block 44 17
block 45 17
block 46 17
block 47 17
block 48 17
block 49 17
block 50 17
block 51 17
block 52 17
block 53 17
block 0 18
block 1 18
block 2 18
block 3 18
block 4 18
block 14 18
block 15 18
block 16 18
block 17 18
block 37 18
block 38 18
block 39 18
block 40 18
block 41 18
block 42 18
block 43 18
block 45 18
block 46 18
block 47 18
block 48 18
block 49 18
block 50 18
block 51 18
block 52 18
block 53 18
block 14 19
block 15 19
block 16 19
block 17 19
block 37 19
block 38 19
block 39 19
block 40 19
block 41 19
block 42 19
block 43 19
block 45 19
block 46 19
block 47 19
block 48 19
block 14 20
block 15 20
block 16 20
block 17 20
block 37 20
block 38 20
block 39 20
block 40 20
block 41 20
block 42 20
block 43 20
block 45 20
block 46 20
block 47 20
block 48 20
block 4 21
block 5 21
block 6 21
block 7 21
block 8 21
block 14 21
block 15 21
block 16 21
block 17 21
block 4 22
block 5 22
block 6 22
block 7 22
block 8 22
block 4 23
block 5 23
block 6 23
block 7 23
block 8 23
block 39 23
block 40 23
block 41 23
block 42 23
block 43 23
block 44 23
block 4 24
block 5 24
block 6 24
block 7 24
block 8 24
block 39 24
block 40 24
block 41 24
block 42 24
block 43 24
block 44 24
block 39 25
block 40 25
block 41 25
block 42 25
block 43 25
block 44 25
block 39 26
block 40 26
block 41 26
block 42 26
block 43 26
block 44 26
block 39 27
block 40 27
block 41 27
block 42 27
block 43 27
block 44 27
block 30 28
block 31 28
block 30 29
block 31 29
block 30 31
block 31 31
block 30 32
block 31 32
##BotsAndCoinsInfo
bot_name 0 starter-bot
bot 0 56 24
bot_coins 0 0
coin 43 15
coin 13 17
round 1
bot 0 56 25
round 2
bot 0 56 26
round 3
bot 0 56 27
round 4
bot 0 56 28
round 5
bot 0 56 29
coin 38 5
coin 19 27
round 6
bot 0 56 30
round 7
bot 0 56 31
round 8
bot 0 56 32
round 9
bot 0 55 31
round 10
bot 0 55 30
coin 42 21
coin 15 11
round 11
bot 0 55 29
round 12
bot 0 55 28
round 13
bot 0 55 27
round 14
bot 0 55 26
round 15
bot 0 55 25
coin 28 2
coin 29 30
round 16
bot 0 55 24
round 17
bot 0 55 23
round 18
bot 0 55 22
round 19
bot 0 55 21
round 20
bot 0 55 20
coin 31 17
coin 26 15
round 21
bot 0 55 19
round 22
bot 0 55 18
round 23
bot 0 55 17
round 24
bot 0 55 16
round 25
bot 0 55 15
coin 26 29
coin 31 3
round 26
bot 0 55 14
round 27
bot 0 55 13
round 28
bot 0 55 12
round 29
bot 0 55 11
round 30
bot 0 55 10
coin 18 0
coin 39 32
round 31
bot 0 55 9
round 32
bot 0 55 8
round 33
bot 0 55 7
round 34
bot 0 55 6
round 35
bot 0 55 5
coin 21 11
coin 36 21
round 36
bot 0 55 4
round 37
bot 0 55 3
round 38
bot 0 55 2
round 39
bot 0 55 1
round 40
bot 0 55 0
coin 21 9
coin 36 23
round 41
bot 0 54 1
round 42
bot 0 54 2
round 43
bot 0 54 3
round 44
bot 0 54 4
round 45
bot 0 54 5
coin 7 20
coin 49 12
round 46
bot 0 54 6
round 47
bot 0 54 7
round 48
bot 0 54 8
round 49
bot 0 54 9
round 50
coin 48 5
coin 9 27
round 51
round 52
round 53
round 54
round 55
coin 27 9
coin 30 23
round 56
round 57
round 58
round 59
round 60
coin 5 30
coin 52 2
round 61
round 62
round 63
round 64
round 65
coin 34 28
coin 23 4
round 66
round 67
round 68
round 69
round 70
coin 9 18
coin 48 14
round 71
round 72
round 73
round 74
round 75
coin 30 15
coin 27 17
round 76
round 77
round 78
round 79
round 80
coin 2 2
coin 55 30
round 81
round 82
round 83
round 84
round 85
coin 47 14
coin 10 18
round 86
round 87
round 88
round 89
round 90
coin 10 22
coin 46 9
round 91
match_over 0
round 92
