match
match_id 1639176493357_ha
match_time 1639176493358
num_bots 1
##MatchConfig
mode FRIENDLY
num_rounds 200
random_seed 42
move_time_limit 1000
coin_spawn_period 5
coin_spawn_volume 2
##MapConfig
map_size 50 26
view_radius 6
mining_radius 2
attack_radius 3
block 12 0
block 13 0
block 14 0
block 15 0
block 16 0
block 17 0
block 18 0
block 12 1
block 13 1
block 14 1
block 15 1
block 16 1
block 17 1
block 18 1
block 12 2
block 13 2
block 14 2
block 15 2
block 16 2
block 17 2
block 18 2
block 30 2
block 31 2
block 30 3
block 31 3
block 46 3
block 47 3
block 30 4
block 31 4
block 46 4
block 47 4
block 30 5
block 31 5
block 46 5
block 47 5
block 30 6
block 31 6
block 44 6
block 45 6
block 46 6
block 47 6
block 35 7
block 36 7
block 37 7
block 38 7
block 39 7
block 40 7
block 41 7
block 44 7
block 45 7
block 46 7
block 47 7
block 19 8
block 20 8
block 21 8
block 22 8
block 35 8
block 36 8
block 37 8
block 38 8
block 39 8
block 40 8
block 41 8
block 44 8
block 45 8
block 3 9
block 4 9
block 19 9
block 20 9
block 21 9
block 22 9
block 35 9
block 36 9
block 37 9
block 38 9
block 39 9
block 40 9
block 41 9
block 44 9
block 45 9
block 3 10
block 4 10
block 19 10
block 20 10
block 21 10
block 22 10
block 35 10
block 36 10
block 37 10
block 38 10
block 39 10
block 40 10
block 41 10
block 44 10
block 45 10
block 3 11
block 4 11
block 19 11
block 20 11
block 21 11
block 22 11
block 35 11
block 36 11
block 37 11
block 38 11
block 39 11
block 40 11
block 41 11
block 3 12
block 4 12
block 8 12
block 9 12
block 10 12
block 11 12
block 12 12
block 19 12
block 20 12
block 21 12
block 22 12
block 35 12
block 36 12
block 37 12
block 38 12
block 39 12
block 40 12
block 41 12
block 3 13
block 4 13
block 8 13
block 9 13
block 10 13
block 11 13
block 12 13
block 19 13
block 20 13
block 21 13
block 22 13
block 35 13
block 36 13
block 37 13
block 38 13
block 39 13
block 40 13
block 41 13
block 3 14
block 4 14
block 8 14
block 9 14
block 10 14
block 11 14
block 12 14
block 19 14
block 20 14
block 21 14
block 22 14
block 45 16
block 46 16
block 47 16
block 48 16
block 44 17
block 45 17
block 46 17
block 47 17
block 48 17
block 44 18
block 45 18
block 46 18
block 47 18
block 48 18
block 44 19
block 45 19
block 44 20
block 45 20
block 44 21
block 45 21
block 44 22
block 45 22
block 9 23
block 10 23
block 11 23
block 12 23
block 13 23
block 44 23
block 45 23
block 9 24
block 10 24
block 11 24
block 12 24
block 13 24
block 14 24
block 15 24
block 16 24
block 17 24
block 18 24
block 9 25
block 10 25
block 11 25
block 12 25
block 13 25
block 14 25
block 15 25
block 16 25
block 17 25
block 18 25
##BotsAndCoinsInfo
bot_name 0 starter-bot
bot 0 34 9
bot_coins 0 0
coin 30 7
coin 19 18
round 1
round 2
round 3
round 4
round 5
coin 48 12
coin 1 13
round 6
round 7
round 8
round 9
round 10
coin 20 17
coin 29 8
round 11
round 12
round 13
round 14
bot 0 33 9
round 15
bot 0 32 9
coin 5 16
coin 43 9
round 16
round 17
round 18
match_over 0
round 19
