match
match_id 1639176862337_he
match_time 1639176862339
num_bots 1
##MatchConfig
mode FRIENDLY
num_rounds 200
random_seed 42
move_time_limit 1000
coin_spawn_period 5
coin_spawn_volume 2
##MapConfig
map_size 65 21
view_radius 6
mining_radius 2
attack_radius 3
block 25 0
block 26 0
block 27 0
block 28 0
block 29 0
block 30 0
block 40 0
block 41 0
block 25 1
block 26 1
block 27 1
block 28 1
block 29 1
block 30 1
block 40 1
block 41 1
block 25 2
block 26 2
block 27 2
block 28 2
block 29 2
block 30 2
block 40 2
block 41 2
block 21 5
block 22 5
block 23 5
block 24 5
block 25 5
block 26 5
block 34 5
block 35 5
block 36 5
block 37 5
block 38 5
block 39 5
block 21 6
block 22 6
block 23 6
block 24 6
block 25 6
block 26 6
block 34 6
block 35 6
block 36 6
block 37 6
block 38 6
block 39 6
block 21 7
block 22 7
block 23 7
block 24 7
block 25 7
block 26 7
block 34 7
block 35 7
block 36 7
block 37 7
block 38 7
block 39 7
block 40 7
block 41 7
block 21 8
block 22 8
block 23 8
block 24 8
block 25 8
block 26 8
block 34 8
block 35 8
block 36 8
block 37 8
block 38 8
block 39 8
block 40 8
block 41 8
block 21 9
block 22 9
block 23 9
block 24 9
block 25 9
block 26 9
block 34 9
block 35 9
block 36 9
block 37 9
block 38 9
block 39 9
block 53 9
block 54 9
block 55 9
block 56 9
block 57 9
block 58 9
block 21 10
block 22 10
block 23 10
block 24 10
block 25 10
block 26 10
block 53 10
block 54 10
block 55 10
block 56 10
block 57 10
block 58 10
block 53 11
block 54 11
block 55 11
block 56 11
block 57 11
block 58 11
block 53 12
block 54 12
block 55 12
block 56 12
block 57 12
block 58 12
block 53 13
block 54 13
block 55 13
block 56 13
block 57 13
block 58 13
block 53 14
block 54 14
block 55 14
block 56 14
block 57 14
block 58 14
block 25 17
block 26 17
block 27 17
block 28 17
block 29 17
block 30 17
block 25 18
block 26 18
block 27 18
block 28 18
block 29 18
block 30 18
block 25 19
block 26 19
block 27 19
block 28 19
block 29 19
block 30 19
block 31 19
block 32 19
block 33 19
block 34 19
block 35 19
block 36 19
block 40 19
block 41 19
block 25 20
block 26 20
block 27 20
block 28 20
block 29 20
block 30 20
block 31 20
block 32 20
block 33 20
block 34 20
block 35 20
block 36 20
block 40 20
block 41 20
##BotsAndCoinsInfo
bot_name 0 starter-bot
bot 0 39 10
bot_coins 0 0
coin 0 12
coin 64 8
round 1
bot 0 39 11
round 2
bot 0 39 12
round 3
bot 0 39 13
round 4
bot 0 39 14
round 5
bot 0 39 15
coin 48 17
coin 16 3
round 6
bot 0 39 16
round 7
bot 0 39 17
round 8
bot 0 39 18
round 9
bot 0 39 19
round 10
bot 0 39 20
coin 0 4
coin 64 16
round 11
bot 0 39 0
round 12
bot 0 38 20
round 13
bot 0 38 19
round 14
bot 0 38 18
round 15
bot 0 38 17
coin 0 17
coin 64 3
round 16
bot 0 38 16
round 17
bot 0 38 15
round 18
bot 0 38 14
round 19
bot 0 38 13
round 20
bot 0 38 12
coin 29 16
coin 35 4
round 21
bot 0 38 11
round 22
bot 0 38 10
round 23
bot 0 37 10
round 24
bot 0 36 10
round 25
bot 0 35 10
coin 52 11
coin 12 9
round 26
bot 0 34 10
round 27
bot 0 33 10
round 28
bot 0 33 9
round 29
bot 0 33 8
round 30
bot 0 33 7
coin 21 0
coin 43 20
round 31
bot 0 33 6
round 32
bot 0 33 5
round 33
bot 0 33 4
coin_collected 35 4 0
bot_coins 0 1
round 34
bot 0 33 3
round 35
bot 0 33 2
coin 46 17
coin 18 3
round 36
bot 0 33 1
round 37
bot 0 33 0
round 38
bot 0 32 1
round 39
bot 0 32 2
round 40
bot 0 32 3
coin 61 12
coin 3 8
round 41
bot 0 32 4
round 42
bot 0 32 5
round 43
bot 0 32 6
round 44
bot 0 32 7
round 45
bot 0 32 8
coin 63 2
coin 1 18
round 46
bot 0 32 9
round 47
bot 0 32 10
round 48
bot 0 32 11
round 49
bot 0 32 12
round 50
bot 0 32 13
coin 39 1
coin 24 19
round 51
bot 0 32 14
round 52
bot 0 32 15
round 53
bot 0 32 16
round 54
bot 0 32 17
round 55
bot 0 32 18
coin 27 9
coin 37 11
round 56
bot 0 31 18
round 57
round 58
round 59
round 60
coin 38 10
coin 27 10
round 61
round 62
round 63
round 64
round 65
coin 25 11
coin 40 9
round 66
round 67
round 68
round 69
round 70
coin 32 12
coin 32 8
round 71
round 72
round 73
round 74
round 75
coin 27 6
coin 37 14
round 76
round 77
round 78
round 79
round 80
coin 5 17
coin 59 3
round 81
round 82
round 83
round 84
round 85
coin 7 11
coin 57 8
round 86
round 87
round 88
round 89
round 90
coin 32 18
coin 32 2
round 91
coin_collected 32 18 0
bot_coins 0 2
round 92
round 93
round 94
round 95
coin 28 6
coin 36 14
round 96
round 97
round 98
round 99
round 100
coin 44 19
coin 20 1
round 101
round 102
round 103
round 104
round 105
coin 8 7
coin 56 15
round 106
round 107
round 108
round 109
round 110
coin 15 0
coin 49 20
round 111
round 112
round 113
round 114
round 115
coin 42 2
coin 22 18
round 116
round 117
round 118
round 119
round 120
coin 28 10
coin 36 10
round 121
round 122
round 123
round 124
round 125
coin 48 14
coin 16 6
round 126
round 127
round 128
round 129
round 130
coin 3 1
coin 61 19
round 131
round 132
round 133
round 134
round 135
coin 40 6
coin 24 14
round 136
round 137
round 138
round 139
round 140
coin 40 5
coin 24 15
round 141
round 142
round 143
round 144
round 145
coin 36 3
coin 28 16
round 146
round 147
round 148
round 149
round 150
coin 32 5
coin 32 15
round 151
round 152
round 153
round 154
round 155
coin 32 16
coin 32 4
round 156
round 157
round 158
round 159
round 160
coin 24 2
coin 40 18
round 161
round 162
round 163
round 164
round 165
coin 33 4
coin 31 16
round 166
coin_collected 31 16 0
bot_coins 0 3
round 167
round 168
round 169
round 170
coin 35 12
coin 29 8
round 171
round 172
round 173
round 174
round 175
coin 45 8
coin 19 12
round 176
round 177
round 178
round 179
round 180
coin 13 7
coin 51 13
round 181
round 182
round 183
round 184
round 185
coin 13 5
coin 51 15
round 186
round 187
round 188
round 189
round 190
coin 16 7
coin 48 13
round 191
round 192
round 193
round 194
round 195
coin 55 0
coin 9 20
round 196
round 197
round 198
round 199
round 200
coin 39 2
coin 24 18
match_over 0
