match
match_id 1639430798804_ae
match_time 1639430798808
num_bots 1
##MatchConfig
mode FRIENDLY
num_rounds 200
random_seed 42
move_time_limit 1000
coin_spawn_period 5
coin_spawn_volume 2
##MapConfig
map_size 63 32
view_radius 6
mining_radius 2
attack_radius 4
block 0 0
block 1 0
block 2 0
block 3 0
block 4 0
block 56 0
block 57 0
block 58 0
block 59 0
block 17 1
block 18 1
block 19 1
block 20 1
block 21 1
block 22 1
block 0 2
block 1 2
block 17 2
block 18 2
block 19 2
block 20 2
block 21 2
block 22 2
block 59 2
block 60 2
block 61 2
block 62 2
block 0 3
block 1 3
block 17 3
block 18 3
block 19 3
block 20 3
block 21 3
block 22 3
block 59 3
block 60 3
block 61 3
block 62 3
block 0 4
block 1 4
block 17 4
block 18 4
block 19 4
block 20 4
block 21 4
block 22 4
block 59 4
block 60 4
block 61 4
block 62 4
block 0 5
block 1 5
block 2 5
block 3 5
block 17 5
block 18 5
block 19 5
block 20 5
block 21 5
block 22 5
block 25 5
block 26 5
block 27 5
block 28 5
block 29 5
block 30 5
block 0 6
block 1 6
block 2 6
block 3 6
block 17 6
block 18 6
block 19 6
block 20 6
block 21 6
block 22 6
block 25 6
block 26 6
block 27 6
block 28 6
block 29 6
block 30 6
block 36 6
block 37 6
block 38 6
block 39 6
block 40 6
block 0 7
block 1 7
block 2 7
block 3 7
block 17 7
block 18 7
block 19 7
block 20 7
block 21 7
block 22 7
block 25 7
block 26 7
block 27 7
block 28 7
block 29 7
block 30 7
block 36 7
block 37 7
block 38 7
block 39 7
block 40 7
block 0 8
block 1 8
block 2 8
block 3 8
block 25 8
block 26 8
block 27 8
block 28 8
block 29 8
block 30 8
block 36 8
block 37 8
block 38 8
block 39 8
block 40 8
block 0 9
block 1 9
block 2 9
block 3 9
block 6 9
block 7 9
block 8 9
block 9 9
block 10 9
block 11 9
block 12 9
block 25 9
block 26 9
block 27 9
block 28 9
block 29 9
block 30 9
block 36 9
block 37 9
block 38 9
block 39 9
block 40 9
block 0 10
block 1 10
block 2 10
block 3 10
block 6 10
block 7 10
block 8 10
block 9 10
block 10 10
block 11 10
block 12 10
block 25 10
block 26 10
block 27 10
block 28 10
block 29 10
block 30 10
block 0 11
block 1 11
block 2 11
block 3 11
block 6 11
block 7 11
block 8 11
block 9 11
block 10 11
block 11 11
block 12 11
block 25 11
block 26 11
block 27 11
block 28 11
block 29 11
block 30 11
block 6 12
block 7 12
block 8 12
block 9 12
block 10 12
block 11 12
block 12 12
block 8 15
block 9 15
block 10 15
block 11 15
block 12 15
block 8 16
block 9 16
block 10 16
block 11 16
block 12 16
block 8 17
block 9 17
block 10 17
block 11 17
block 12 17
block 44 17
block 45 17
block 46 17
block 47 17
block 48 17
block 49 17
block 44 18
block 45 18
block 46 18
block 47 18
block 48 18
block 49 18
block 51 18
block 52 18
block 53 18
block 54 18
block 55 18
block 56 18
block 57 18
block 51 19
block 52 19
block 53 19
block 54 19
block 55 19
block 56 19
block 57 19
block 44 20
block 45 20
block 51 20
block 52 20
block 53 20
block 54 20
block 55 20
block 56 20
block 57 20
block 44 21
block 45 21
block 51 21
block 52 21
block 53 21
block 54 21
block 55 21
block 56 21
block 57 21
block 12 22
block 13 22
block 12 23
block 13 23
block 12 24
block 13 24
block 12 25
block 13 25
block 12 26
block 13 26
block 19 27
block 20 27
block 21 27
block 22 27
block 30 27
block 31 27
block 32 27
block 19 28
block 20 28
block 21 28
block 22 28
block 30 28
block 31 28
block 32 28
block 0 29
block 1 29
block 2 29
block 3 29
block 4 29
block 19 29
block 20 29
block 21 29
block 22 29
block 30 29
block 31 29
block 32 29
block 0 30
block 1 30
block 2 30
block 3 30
block 4 30
block 19 30
block 20 30
block 21 30
block 22 30
block 30 30
block 31 30
block 32 30
block 56 30
block 57 30
block 58 30
block 59 30
block 0 31
block 1 31
block 2 31
block 3 31
block 4 31
block 19 31
block 20 31
block 21 31
block 22 31
block 56 31
block 57 31
block 58 31
block 59 31
##BotsAndCoinsInfo
bot_name 0 starter-bot
bot 0 14 4
bot_coins 0 0
coin 8 1
coin 54 30
round 1
bot 0 14 5
round 2
bot 0 14 6
round 3
bot 0 14 7
round 4
bot 0 14 8
round 5
bot 0 14 9
coin 27 1
coin 35 30
round 6
bot 0 14 10
round 7
bot 0 14 11
round 8
bot 0 14 12
round 9
bot 0 14 13
round 10
bot 0 14 14
coin 54 29
coin 8 2
round 11
bot 0 14 15
round 12
bot 0 14 16
round 13
bot 0 14 17
round 14
bot 0 14 18
round 15
bot 0 14 19
coin 50 22
coin 13 9
round 16
bot 0 14 20
round 17
bot 0 14 21
round 18
bot 0 14 22
round 19
bot 0 14 23
round 20
bot 0 14 24
coin 34 2
coin 28 29
round 21
bot 0 14 25
round 22
bot 0 14 26
round 23
bot 0 14 27
round 24
bot 0 14 28
round 25
bot 0 14 29
coin 38 14
coin 24 17
round 26
bot 0 14 30
round 27
bot 0 14 31
round 28
bot 0 13 30
round 29
bot 0 12 29
round 30
bot 0 11 28
coin 42 12
coin 20 19
round 31
bot 0 10 27
round 32
bot 0 10 26
round 33
bot 0 10 25
round 34
bot 0 10 24
round 35
bot 0 10 23
coin 8 22
coin 54 9
round 36
bot 0 9 22
coin_collected 8 22 0
bot_coins 0 1
round 37
bot 0 9 21
round 38
bot 0 9 20
round 39
bot 0 9 19
round 40
bot 0 9 18
coin 42 24
coin 20 8
round 41
bot 0 8 18
round 42
bot 0 7 18
round 43
bot 0 7 17
round 44
bot 0 7 16
round 45
bot 0 7 15
coin 28 31
coin 34 0
round 46
bot 0 7 14
round 47
bot 0 7 13
round 48
bot 0 6 13
round 49
bot 0 5 13
round 50
bot 0 5 12
coin 5 4
coin 57 27
round 51
bot 0 5 11
round 52
bot 0 5 10
round 53
bot 0 5 9
round 54
bot 0 4 8
round 55
bot 0 5 7
coin 8 14
coin 54 17
round 56
bot 0 6 6
round 57
bot 0 7 5
round 58
bot 0 8 4
coin_collected 8 2 0
bot_coins 0 2
round 59
bot 0 7 3
round 60
bot 0 8 2
coin_collected 8 1 0
bot_coins 0 3
coin 14 29
coin 48 2
round 61
bot 0 7 3
round 62
bot 0 6 4
coin_collected 5 4 0
bot_coins 0 4
round 63
bot 0 6 3
round 64
bot 0 6 2
round 65
bot 0 6 1
coin 7 25
coin 55 6
round 66
bot 0 6 0
round 67
bot 0 5 1
round 68
bot 0 5 2
round 69
bot 0 5 3
round 70
bot 0 5 4
coin 46 4
coin 16 27
round 71
bot 0 5 5
round 72
bot 0 5 6
round 73
bot 0 5 7
round 74
bot 0 5 8
round 75
bot 0 5 9
coin 40 10
coin 22 21
round 76
bot 0 5 10
round 77
bot 0 4 11
round 78
bot 0 5 12
round 79
bot 0 6 13
round 80
bot 0 7 14
coin_collected 8 14 0
bot_coins 0 5
coin 4 8
coin 58 23
round 81
bot 0 7 15
round 82
bot 0 7 16
round 83
bot 0 7 17
round 84
bot 0 7 18
round 85
bot 0 7 19
coin 38 11
coin 24 20
round 86
bot 0 7 20
round 87
bot 0 6 21
round 88
bot 0 7 22
round 89
bot 0 6 23
round 90
bot 0 7 24
coin_collected 7 25 0
bot_coins 0 6
coin 12 5
coin 50 26
round 91
bot 0 7 25
round 92
bot 0 7 26
round 93
bot 0 7 27
round 94
bot 0 7 28
round 95
bot 0 7 29
coin 7 8
coin 55 23
round 96
bot 0 7 30
round 97
bot 0 7 31
round 98
bot 0 6 30
round 99
bot 0 6 29
round 100
bot 0 6 28
coin 41 20
coin 21 11
round 101
bot 0 6 27
round 102
bot 0 6 26
round 103
bot 0 6 25
round 104
bot 0 6 24
round 105
bot 0 6 23
coin 35 2
coin 27 29
round 106
bot 0 6 22
round 107
bot 0 6 21
round 108
bot 0 6 20
round 109
bot 0 6 19
round 110
bot 0 6 18
coin 59 1
coin 3 28
round 111
bot 0 6 17
round 112
bot 0 6 16
round 113
bot 0 6 15
round 114
bot 0 6 14
round 115
bot 0 6 13
coin 14 25
coin 48 6
round 116
bot 0 5 13
round 117
bot 0 4 12
round 118
bot 0 3 13
round 119
bot 0 4 12
round 120
bot 0 5 12
coin 55 10
coin 7 21
round 121
bot 0 4 11
round 122
bot 0 3 12
round 123
bot 0 2 12
round 124
bot 0 1 12
round 125
bot 0 0 12
coin 41 6
coin 21 25
round 126
bot 0 62 12
round 127
bot 0 62 11
round 128
bot 0 61 10
round 129
bot 0 61 9
round 130
bot 0 61 8
coin 44 0
coin 18 31
round 131
bot 0 61 7
round 132
bot 0 61 6
round 133
bot 0 60 5
round 134
bot 0 59 5
round 135
bot 0 58 5
coin 44 24
coin 18 8
round 136
bot 0 57 5
round 137
bot 0 58 4
round 138
bot 0 57 3
round 139
bot 0 56 4
round 140
bot 0 57 3
coin 28 2
coin 34 29
round 141
bot 0 56 4
round 142
bot 0 57 3
round 143
bot 0 56 4
round 144
bot 0 57 3
round 145
bot 0 56 2
coin 57 17
coin 5 14
round 146
bot 0 55 3
round 147
bot 0 54 4
round 148
bot 0 54 3
round 149
bot 0 53 4
round 150
bot 0 52 5
coin 28 27
coin 34 4
round 151
bot 0 51 6
round 152
bot 0 50 5
round 153
bot 0 49 4
round 154
bot 0 48 3
coin_collected 48 2 0
bot_coins 0 7
round 155
bot 0 47 4
coin_collected 46 4 0
bot_coins 0 8
coin 11 7
coin 51 24
round 156
bot 0 48 5
coin_collected 48 6 0
bot_coins 0 9
round 157
bot 0 48 4
round 158
bot 0 47 3
round 159
bot 0 46 2
round 160
bot 0 45 1
coin_collected 44 0 0
bot_coins 0 10
coin 8 19
coin 54 12
round 161
bot 0 45 0
round 162
bot 0 44 1
round 163
bot 0 43 2
round 164
bot 0 42 3
round 165
bot 0 41 4
coin_collected 41 6 0
bot_coins 0 11
coin 41 6
coin 21 26
round 166
bot 0 40 5
coin_collected 41 6 0
bot_coins 0 12
round 167
bot 0 39 5
round 168
bot 0 38 5
round 169
bot 0 37 5
round 170
bot 0 36 5
coin 48 12
coin 14 19
round 171
bot 0 35 5
coin_collected 34 4 0
bot_coins 0 13
round 172
bot 0 34 4
coin_collected 34 2 0
bot_coins 0 14
round 173
bot 0 33 3
round 174
bot 0 34 2
coin_collected 35 2 0
bot_coins 0 15
coin_collected 34 0 0
bot_coins 0 16
round 175
bot 0 33 3
coin 10 4
coin 52 27
round 176
bot 0 34 4
round 177
bot 0 34 5
round 178
bot 0 34 6
round 179
bot 0 34 7
round 180
bot 0 35 8
coin 4 13
coin 58 18
round 181
bot 0 34 8
round 182
bot 0 35 9
round 183
bot 0 36 10
round 184
bot 0 37 11
coin_collected 38 11 0
bot_coins 0 17
round 185
bot 0 38 12
coin_collected 38 14 0
bot_coins 0 18
coin 43 20
coin 19 11
round 186
bot 0 39 11
coin_collected 40 10 0
bot_coins 0 19
round 187
bot 0 40 12
coin_collected 42 12 0
bot_coins 0 20
round 188
bot 0 40 13
round 189
bot 0 40 14
round 190
bot 0 40 15
coin 5 22
coin 57 9
round 191
bot 0 41 16
round 192
bot 0 40 17
round 193
bot 0 41 18
coin_collected 41 20 0
bot_coins 0 21
round 194
bot 0 42 19
coin_collected 43 20 0
bot_coins 0 22
round 195
bot 0 41 20
coin 38 30
coin 24 1
round 196
bot 0 42 21
round 197
bot 0 41 22
round 198
bot 0 42 23
coin_collected 42 24 0
bot_coins 0 23
round 199
bot 0 43 24
coin_collected 44 24 0
bot_coins 0 24
round 200
bot 0 43 25
coin 30 17
coin 32 14
match_over 0
