match
match_id 1639167688882_av
match_time 1639167688884
num_bots 1
##MatchConfig
mode FRIENDLY
num_rounds 200
random_seed 42
move_time_limit 1000
coin_spawn_period 5
coin_spawn_volume 2
##MapConfig
map_size 50 36
view_radius 6
mining_radius 1
attack_radius 3
block 0 0
block 1 0
block 2 0
block 3 0
block 4 0
block 5 0
block 6 0
block 7 0
block 46 0
block 47 0
block 48 0
block 49 0
block 0 1
block 1 1
block 2 1
block 3 1
block 4 1
block 5 1
block 6 1
block 7 1
block 10 1
block 11 1
block 12 1
block 13 1
block 14 1
block 15 1
block 16 1
block 46 1
block 47 1
block 48 1
block 49 1
block 0 2
block 1 2
block 2 2
block 3 2
block 4 2
block 5 2
block 6 2
block 7 2
block 10 2
block 11 2
block 12 2
block 13 2
block 14 2
block 15 2
block 16 2
block 46 2
block 47 2
block 48 2
block 49 2
block 0 3
block 1 3
block 2 3
block 3 3
block 4 3
block 5 3
block 6 3
block 7 3
block 10 3
block 11 3
block 12 3
block 13 3
block 14 3
block 15 3
block 16 3
block 42 3
block 43 3
block 44 3
block 45 3
block 46 3
block 47 3
block 48 3
block 49 3
block 0 4
block 1 4
block 2 4
block 3 4
block 4 4
block 5 4
block 10 4
block 11 4
block 12 4
block 13 4
block 14 4
block 15 4
block 16 4
block 42 4
block 43 4
block 44 4
block 45 4
block 46 4
block 47 4
block 48 4
block 49 4
block 0 5
block 1 5
block 2 5
block 3 5
block 4 5
block 5 5
block 10 5
block 11 5
block 12 5
block 13 5
block 14 5
block 15 5
block 16 5
block 29 5
block 30 5
block 31 5
block 46 5
block 47 5
block 48 5
block 49 5
block 0 6
block 1 6
block 2 6
block 3 6
block 4 6
block 5 6
block 10 6
block 11 6
block 12 6
block 13 6
block 14 6
block 15 6
block 16 6
block 29 6
block 30 6
block 31 6
block 46 6
block 47 6
block 48 6
block 49 6
block 0 7
block 1 7
block 2 7
block 3 7
block 4 7
block 5 7
block 10 7
block 11 7
block 12 7
block 13 7
block 14 7
block 15 7
block 16 7
block 29 7
block 30 7
block 31 7
block 46 7
block 47 7
block 48 7
block 49 7
block 0 8
block 1 8
block 2 8
block 3 8
block 4 8
block 5 8
block 29 8
block 30 8
block 31 8
block 0 9
block 1 9
block 2 9
block 3 9
block 4 9
block 5 9
block 3 11
block 4 11
block 5 11
block 6 11
block 3 12
block 4 12
block 5 12
block 6 12
block 3 13
block 4 13
block 5 13
block 6 13
block 29 13
block 30 13
block 31 13
block 32 13
block 36 13
block 37 13
block 3 14
block 4 14
block 5 14
block 6 14
block 29 14
block 30 14
block 31 14
block 32 14
block 36 14
block 37 14
block 3 15
block 4 15
block 5 15
block 6 15
block 36 15
block 37 15
block 3 16
block 4 16
block 5 16
block 6 16
block 36 16
block 37 16
block 43 16
block 44 16
block 45 16
block 46 16
block 47 16
block 48 16
block 36 17
block 37 17
block 43 17
block 44 17
block 45 17
block 46 17
block 47 17
block 48 17
block 36 18
block 37 18
block 13 19
block 14 19
block 15 19
block 16 19
block 36 19
block 37 19
block 13 20
block 14 20
block 15 20
block 16 20
block 13 21
block 14 21
block 15 21
block 16 21
block 13 22
block 14 22
block 15 22
block 16 22
block 28 22
block 29 22
block 2 23
block 3 23
block 4 23
block 5 23
block 6 23
block 7 23
block 8 23
block 13 23
block 14 23
block 15 23
block 16 23
block 21 23
block 22 23
block 23 23
block 28 23
block 29 23
block 2 24
block 3 24
block 4 24
block 5 24
block 6 24
block 7 24
block 8 24
block 21 24
block 22 24
block 23 24
block 28 24
block 29 24
block 2 25
block 3 25
block 4 25
block 5 25
block 6 25
block 7 25
block 8 25
block 9 25
block 10 25
block 11 25
block 12 25
block 13 25
block 14 25
block 21 25
block 22 25
block 23 25
block 28 25
block 29 25
block 9 26
block 10 26
block 11 26
block 12 26
block 13 26
block 14 26
block 21 26
block 22 26
block 23 26
block 28 26
block 29 26
block 28 27
block 29 27
block 28 28
block 29 28
##BotsAndCoinsInfo
bot_name 0 starter-bot
bot 0 7 30
bot_coins 0 0
coin 30 3
coin 19 32
round 1
round 2
round 3
round 4
round 5
coin 48 8
coin 1 27
round 6
round 7
round 8
round 9
round 10
coin 20 25
coin 29 10
round 11
round 12
round 13
match_over 0
round 14
