match
match_id 1639216520144_nc
match_time 1639216520146
num_bots 1
##MatchConfig
mode FRIENDLY
num_rounds 200
random_seed 42
move_time_limit 1000
coin_spawn_period 5
coin_spawn_volume 2
##MapConfig
map_size 54 23
view_radius 6
mining_radius 1
attack_radius 4
block 0 0
block 1 0
block 2 0
block 3 0
block 4 0
block 5 0
block 6 0
block 7 0
block 8 0
block 12 0
block 13 0
block 14 0
block 15 0
block 16 0
block 17 0
block 0 1
block 1 1
block 2 1
block 3 1
block 4 1
block 5 1
block 6 1
block 7 1
block 8 1
block 4 2
block 5 2
block 6 2
block 7 2
block 8 2
block 4 3
block 5 3
block 6 3
block 7 3
block 8 3
block 4 4
block 5 4
block 6 4
block 7 4
block 8 4
block 37 4
block 38 4
block 39 4
block 37 5
block 38 5
block 39 5
block 40 5
block 37 6
block 38 6
block 39 6
block 40 6
block 37 7
block 38 7
block 39 7
block 40 7
block 38 8
block 39 8
block 40 8
block 38 9
block 39 9
block 40 9
block 38 10
block 39 10
block 40 10
block 0 11
block 1 11
block 50 11
block 51 11
block 52 11
block 53 11
block 0 12
block 1 12
block 50 12
block 51 12
block 52 12
block 53 12
block 0 13
block 1 13
block 50 13
block 51 13
block 52 13
block 53 13
block 0 14
block 1 14
block 50 14
block 51 14
block 52 14
block 53 14
block 0 15
block 1 15
block 50 15
block 51 15
block 52 15
block 53 15
block 0 16
block 1 16
block 50 16
block 51 16
block 52 16
block 53 16
block 0 17
block 1 17
block 50 17
block 51 17
block 52 17
block 53 17
block 12 18
block 13 18
block 14 18
block 15 18
block 16 18
block 17 18
block 0 19
block 1 19
block 2 19
block 3 19
block 4 19
block 5 19
block 6 19
block 12 19
block 13 19
block 14 19
block 15 19
block 16 19
block 17 19
block 0 20
block 1 20
block 2 20
block 3 20
block 4 20
block 5 20
block 6 20
block 12 20
block 13 20
block 14 20
block 15 20
block 16 20
block 17 20
block 0 21
block 1 21
block 2 21
block 3 21
block 4 21
block 5 21
block 6 21
block 7 21
block 8 21
block 12 21
block 13 21
block 14 21
block 15 21
block 16 21
block 17 21
block 0 22
block 1 22
block 2 22
block 3 22
block 4 22
block 5 22
block 6 22
block 7 22
block 8 22
block 12 22
block 13 22
block 14 22
block 15 22
block 16 22
block 17 22
##BotsAndCoinsInfo
bot_name 0 starter-bot
bot 0 51 18
bot_coins 0 0
coin 44 4
coin 9 18
round 1
bot 0 51 19
round 2
bot 0 51 20
round 3
bot 0 51 21
round 4
bot 0 51 22
round 5
bot 0 50 21
coin 36 10
coin 17 12
round 6
bot 0 50 20
round 7
bot 0 50 19
round 8
bot 0 50 18
round 9
round 10
coin 36 4
coin 18 18
round 11
round 12
round 13
round 14
round 15
coin 41 20
coin 12 2
round 16
round 17
round 18
round 19
round 20
coin 43 14
coin 10 8
round 21
round 22
round 23
round 24
round 25
coin 20 15
coin 33 7
round 26
round 27
round 28
round 29
round 30
coin 24 21
coin 29 1
round 31
round 32
round 33
round 34
round 35
coin 44 6
coin 9 16
round 36
round 37
round 38
round 39
round 40
coin 6 15
coin 47 7
round 41
round 42
round 43
round 44
round 45
coin 19 16
coin 34 6
round 46
round 47
round 48
round 49
round 50
coin 50 22
coin 3 2
round 51
round 52
round 53
round 54
round 55
coin 8 20
coin 45 2
round 56
round 57
round 58
round 59
round 60
coin 23 0
coin 30 22
round 61
round 62
round 63
round 64
round 65
coin 34 20
coin 19 2
round 66
round 67
round 68
round 69
round 70
coin 37 11
coin 16 11
round 71
round 72
round 73
round 74
round 75
coin 40 4
coin 13 17
round 76
round 77
round 78
round 79
round 80
coin 2 5
coin 51 18
round 81
coin_collected 51 18 0
bot_coins 0 1
round 82
round 83
round 84
round 85
coin 11 18
coin 42 4
round 86
round 87
round 88
round 89
round 90
coin 12 8
coin 41 14
round 91
round 92
round 93
round 94
round 95
coin 9 1
coin 44 21
round 96
round 97
round 98
round 99
round 100
coin 5 16
coin 48 6
round 101
round 102
round 103
round 104
round 105
coin 53 22
coin 53 0
round 106
round 107
round 108
round 109
round 110
coin 5 14
coin 48 8
round 111
round 112
round 113
round 114
round 115
coin 49 16
coin 4 6
round 116
round 117
round 118
round 119
round 120
coin 19 3
coin 34 19
round 121
round 122
round 123
round 124
round 125
coin 49 3
coin 4 18
round 126
round 127
round 128
round 129
round 130
coin 8 6
coin 45 16
round 131
round 132
round 133
round 134
round 135
coin 8 12
coin 45 10
round 136
round 137
round 138
round 139
round 140
coin 19 6
coin 34 16
round 141
round 142
round 143
round 144
round 145
coin 39 22
coin 14 1
round 146
round 147
round 148
round 149
round 150
coin 37 1
coin 18 21
round 151
round 152
round 153
round 154
round 155
coin 20 17
coin 33 5
round 156
round 157
round 158
round 159
round 160
coin 26 1
coin 27 21
round 161
round 162
round 163
round 164
round 165
coin 14 6
coin 39 16
round 166
round 167
round 168
round 169
round 170
coin 3 11
coin 49 11
round 171
round 172
round 173
round 174
round 175
coin 28 10
coin 25 12
round 176
round 177
round 178
round 179
round 180
coin 31 1
coin 22 21
round 181
round 182
round 183
match_over 0
round 184
