match
match_id 1639167825682_ba
match_time 1639167825685
num_bots 1
##MatchConfig
mode FRIENDLY
num_rounds 200
random_seed 42
move_time_limit 1000
coin_spawn_period 5
coin_spawn_volume 2
##MapConfig
map_size 52 24
view_radius 5
mining_radius 2
attack_radius 3
block 4 0
block 5 0
block 6 0
block 7 0
block 8 0
block 9 0
block 12 0
block 13 0
block 14 0
block 15 0
block 16 0
block 17 0
block 18 0
block 19 0
block 20 0
block 27 0
block 28 0
block 29 0
block 4 1
block 5 1
block 6 1
block 7 1
block 8 1
block 9 1
block 18 1
block 19 1
block 20 1
block 23 1
block 24 1
block 27 1
block 28 1
block 29 1
block 8 2
block 9 2
block 18 2
block 19 2
block 20 2
block 23 2
block 24 2
block 27 2
block 28 2
block 29 2
block 18 3
block 19 3
block 20 3
block 23 3
block 24 3
block 27 3
block 28 3
block 29 3
block 18 4
block 19 4
block 20 4
block 23 4
block 24 4
block 27 4
block 28 4
block 29 4
block 30 4
block 31 4
block 32 4
block 33 4
block 34 4
block 35 4
block 36 4
block 6 5
block 7 5
block 8 5
block 14 5
block 15 5
block 16 5
block 17 5
block 23 5
block 24 5
block 30 5
block 31 5
block 32 5
block 33 5
block 34 5
block 35 5
block 36 5
block 46 5
block 47 5
block 48 5
block 49 5
block 50 5
block 6 6
block 7 6
block 8 6
block 14 6
block 15 6
block 16 6
block 17 6
block 23 6
block 24 6
block 30 6
block 31 6
block 32 6
block 33 6
block 34 6
block 35 6
block 36 6
block 40 6
block 41 6
block 42 6
block 46 6
block 47 6
block 48 6
block 49 6
block 50 6
block 0 7
block 1 7
block 6 7
block 7 7
block 8 7
block 23 7
block 24 7
block 30 7
block 31 7
block 32 7
block 33 7
block 34 7
block 35 7
block 36 7
block 40 7
block 41 7
block 42 7
block 46 7
block 47 7
block 48 7
block 49 7
block 50 7
block 51 7
block 0 8
block 1 8
block 6 8
block 7 8
block 8 8
block 30 8
block 31 8
block 32 8
block 33 8
block 34 8
block 35 8
block 36 8
block 40 8
block 41 8
block 42 8
block 46 8
block 47 8
block 48 8
block 49 8
block 50 8
block 51 8
block 0 9
block 1 9
block 6 9
block 7 9
block 8 9
block 15 9
block 16 9
block 40 9
block 41 9
block 42 9
block 46 9
block 47 9
block 48 9
block 49 9
block 50 9
block 51 9
block 0 10
block 1 10
block 15 10
block 16 10
block 23 10
block 24 10
block 25 10
block 26 10
block 27 10
block 28 10
block 33 10
block 34 10
block 35 10
block 36 10
block 37 10
block 40 10
block 41 10
block 42 10
block 46 10
block 47 10
block 48 10
block 49 10
block 50 10
block 51 10
block 0 11
block 1 11
block 15 11
block 16 11
block 23 11
block 24 11
block 25 11
block 26 11
block 27 11
block 28 11
block 33 11
block 34 11
block 35 11
block 36 11
block 37 11
block 43 11
block 44 11
block 47 11
block 48 11
block 49 11
block 50 11
block 51 11
block 0 12
block 1 12
block 15 12
block 16 12
block 23 12
block 24 12
block 25 12
block 26 12
block 27 12
block 28 12
block 33 12
block 34 12
block 35 12
block 36 12
block 37 12
block 43 12
block 44 12
block 47 12
block 48 12
block 49 12
block 50 12
block 51 12
block 15 13
block 16 13
block 23 13
block 24 13
block 25 13
block 26 13
block 27 13
block 28 13
block 33 13
block 34 13
block 35 13
block 36 13
block 37 13
block 38 13
block 43 13
block 44 13
block 15 14
block 16 14
block 23 14
block 24 14
block 25 14
block 26 14
block 27 14
block 28 14
block 33 14
block 34 14
block 35 14
block 36 14
block 37 14
block 38 14
block 43 14
block 44 14
block 15 15
block 16 15
block 21 15
block 22 15
block 23 15
block 24 15
block 25 15
block 26 15
block 27 15
block 28 15
block 33 15
block 34 15
block 35 15
block 36 15
block 37 15
block 43 15
block 44 15
block 45 15
block 46 15
block 47 15
block 48 15
block 15 16
block 16 16
block 17 16
block 18 16
block 19 16
block 21 16
block 22 16
block 23 16
block 24 16
block 25 16
block 26 16
block 27 16
block 28 16
block 33 16
block 34 16
block 35 16
block 36 16
block 37 16
block 43 16
block 44 16
block 45 16
block 46 16
block 47 16
block 48 16
block 15 17
block 16 17
block 17 17
block 18 17
block 19 17
block 21 17
block 22 17
block 28 17
block 29 17
block 36 17
block 37 17
block 38 17
block 39 17
block 40 17
block 41 17
block 43 17
block 44 17
block 45 17
block 46 17
block 47 17
block 48 17
block 13 18
block 14 18
block 15 18
block 16 18
block 17 18
block 18 18
block 19 18
block 21 18
block 22 18
block 28 18
block 29 18
block 36 18
block 37 18
block 38 18
block 39 18
block 40 18
block 41 18
block 43 18
block 44 18
block 45 18
block 46 18
block 47 18
block 48 18
block 13 19
block 14 19
block 15 19
block 16 19
block 17 19
block 18 19
block 19 19
block 21 19
block 22 19
block 26 19
block 27 19
block 28 19
block 29 19
block 30 19
block 31 19
block 32 19
block 36 19
block 37 19
block 38 19
block 39 19
block 40 19
block 41 19
block 0 20
block 1 20
block 2 20
block 3 20
block 4 20
block 13 20
block 14 20
block 15 20
block 16 20
block 17 20
block 18 20
block 19 20
block 26 20
block 27 20
block 28 20
block 29 20
block 30 20
block 31 20
block 32 20
block 36 20
block 37 20
block 38 20
block 39 20
block 40 20
block 41 20
block 50 20
block 51 20
block 0 21
block 1 21
block 2 21
block 3 21
block 4 21
block 13 21
block 14 21
block 15 21
block 16 21
block 26 21
block 27 21
block 28 21
block 29 21
block 30 21
block 31 21
block 32 21
block 36 21
block 37 21
block 38 21
block 39 21
block 40 21
block 41 21
block 50 21
block 51 21
block 6 22
block 7 22
block 8 22
block 12 22
block 13 22
block 14 22
block 15 22
block 16 22
block 17 22
block 18 22
block 19 22
block 20 22
block 26 22
block 27 22
block 28 22
block 29 22
block 30 22
block 31 22
block 32 22
block 36 22
block 37 22
block 38 22
block 39 22
block 40 22
block 41 22
block 4 23
block 5 23
block 6 23
block 7 23
block 8 23
block 9 23
block 12 23
block 13 23
block 14 23
block 15 23
block 16 23
block 17 23
block 18 23
block 19 23
block 20 23
block 26 23
block 27 23
block 28 23
block 29 23
block 30 23
block 31 23
block 32 23
##BotsAndCoinsInfo
bot_name 0 starter-bot
bot 0 18 6
bot_coins 0 0
coin 26 3
coin 25 20
round 1
round 2
round 3
round 4
round 5
coin 48 20
coin 3 3
round 6
round 7
round 8
round 9
round 10
coin 29 13
coin 22 10
round 11
match_over 0
round 12
