match
match_id 1639406117814_cj
match_time 1639406117816
num_bots 1
##MatchConfig
mode FRIENDLY
num_rounds 200
random_seed 42
move_time_limit 1000
coin_spawn_period 5
coin_spawn_volume 2
##MapConfig
map_size 54 27
view_radius 5
mining_radius 2
attack_radius 3
block 7 0
block 8 0
block 9 0
block 13 0
block 14 0
block 15 0
block 16 0
block 17 0
block 18 0
block 35 0
block 36 0
block 37 0
block 38 0
block 39 0
block 40 0
block 7 1
block 8 1
block 9 1
block 14 1
block 15 1
block 16 1
block 21 1
block 22 1
block 35 1
block 36 1
block 37 1
block 38 1
block 39 1
block 40 1
block 0 2
block 1 2
block 7 2
block 8 2
block 9 2
block 14 2
block 15 2
block 16 2
block 21 2
block 22 2
block 29 2
block 30 2
block 31 2
block 32 2
block 33 2
block 34 2
block 35 2
block 36 2
block 37 2
block 38 2
block 39 2
block 40 2
block 50 2
block 51 2
block 52 2
block 53 2
block 0 3
block 1 3
block 14 3
block 15 3
block 16 3
block 21 3
block 22 3
block 29 3
block 30 3
block 31 3
block 32 3
block 33 3
block 34 3
block 35 3
block 36 3
block 37 3
block 38 3
block 39 3
block 40 3
block 50 3
block 51 3
block 52 3
block 53 3
block 9 4
block 10 4
block 14 4
block 15 4
block 16 4
block 21 4
block 22 4
block 29 4
block 30 4
block 31 4
block 32 4
block 33 4
block 34 4
block 35 4
block 36 4
block 37 4
block 38 4
block 39 4
block 40 4
block 9 5
block 10 5
block 14 5
block 15 5
block 16 5
block 21 5
block 22 5
block 29 5
block 30 5
block 31 5
block 32 5
block 33 5
block 34 5
block 35 5
block 36 5
block 37 5
block 38 5
block 39 5
block 40 5
block 9 6
block 10 6
block 14 6
block 15 6
block 16 6
block 29 6
block 30 6
block 31 6
block 32 6
block 33 6
block 34 6
block 6 7
block 7 7
block 9 7
block 10 7
block 14 7
block 15 7
block 16 7
block 17 7
block 18 7
block 29 7
block 30 7
block 31 7
block 32 7
block 33 7
block 34 7
block 43 7
block 44 7
block 45 7
block 46 7
block 47 7
block 50 7
block 51 7
block 52 7
block 6 8
block 7 8
block 16 8
block 17 8
block 18 8
block 43 8
block 44 8
block 45 8
block 46 8
block 47 8
block 50 8
block 51 8
block 52 8
block 6 9
block 7 9
block 16 9
block 17 9
block 18 9
block 30 9
block 31 9
block 32 9
block 33 9
block 34 9
block 35 9
block 36 9
block 43 9
block 44 9
block 45 9
block 46 9
block 47 9
block 50 9
block 51 9
block 52 9
block 6 10
block 7 10
block 16 10
block 17 10
block 18 10
block 30 10
block 31 10
block 32 10
block 33 10
block 34 10
block 35 10
block 36 10
block 37 10
block 38 10
block 39 10
block 40 10
block 43 10
block 44 10
block 45 10
block 46 10
block 47 10
block 50 10
block 51 10
block 52 10
block 6 11
block 7 11
block 16 11
block 17 11
block 18 11
block 30 11
block 31 11
block 32 11
block 33 11
block 34 11
block 35 11
block 36 11
block 37 11
block 38 11
block 39 11
block 40 11
block 43 11
block 44 11
block 45 11
block 46 11
block 47 11
block 50 11
block 51 11
block 52 11
block 6 12
block 7 12
block 16 12
block 17 12
block 18 12
block 30 12
block 31 12
block 32 12
block 33 12
block 34 12
block 35 12
block 36 12
block 37 12
block 38 12
block 39 12
block 40 12
block 41 12
block 42 12
block 43 12
block 44 12
block 45 12
block 46 12
block 47 12
block 50 12
block 51 12
block 52 12
block 6 13
block 7 13
block 34 13
block 35 13
block 36 13
block 37 13
block 38 13
block 39 13
block 40 13
block 41 13
block 42 13
block 43 13
block 44 13
block 45 13
block 50 13
block 51 13
block 52 13
block 18 14
block 19 14
block 20 14
block 21 14
block 39 14
block 40 14
block 41 14
block 42 14
block 43 14
block 44 14
block 45 14
block 18 15
block 19 15
block 20 15
block 21 15
block 25 15
block 26 15
block 39 15
block 40 15
block 41 15
block 42 15
block 43 15
block 44 15
block 45 15
block 18 16
block 19 16
block 20 16
block 21 16
block 25 16
block 26 16
block 37 16
block 38 16
block 39 16
block 40 16
block 41 16
block 42 16
block 43 16
block 44 16
block 45 16
block 18 17
block 19 17
block 20 17
block 21 17
block 25 17
block 26 17
block 37 17
block 38 17
block 39 17
block 0 18
block 1 18
block 2 18
block 18 18
block 19 18
block 20 18
block 21 18
block 31 18
block 32 18
block 33 18
block 37 18
block 38 18
block 39 18
block 50 18
block 51 18
block 52 18
block 53 18
block 0 19
block 1 19
block 2 19
block 19 19
block 20 19
block 21 19
block 22 19
block 23 19
block 24 19
block 25 19
block 31 19
block 32 19
block 33 19
block 37 19
block 38 19
block 39 19
block 50 19
block 51 19
block 52 19
block 53 19
block 0 20
block 1 20
block 2 20
block 19 20
block 20 20
block 21 20
block 22 20
block 23 20
block 24 20
block 25 20
block 30 20
block 31 20
block 32 20
block 33 20
block 34 20
block 37 20
block 38 20
block 39 20
block 50 20
block 51 20
block 52 20
block 53 20
block 0 21
block 1 21
block 2 21
block 13 21
block 14 21
block 15 21
block 16 21
block 17 21
block 18 21
block 19 21
block 20 21
block 21 21
block 22 21
block 23 21
block 24 21
block 25 21
block 30 21
block 31 21
block 32 21
block 33 21
block 34 21
block 37 21
block 38 21
block 39 21
block 50 21
block 51 21
block 52 21
block 53 21
block 0 22
block 1 22
block 2 22
block 13 22
block 14 22
block 15 22
block 16 22
block 17 22
block 18 22
block 19 22
block 20 22
block 21 22
block 24 22
block 25 22
block 26 22
block 27 22
block 28 22
block 30 22
block 31 22
block 32 22
block 33 22
block 34 22
block 37 22
block 38 22
block 39 22
block 50 22
block 51 22
block 52 22
block 53 22
block 7 23
block 8 23
block 9 23
block 13 23
block 14 23
block 15 23
block 16 23
block 17 23
block 18 23
block 19 23
block 20 23
block 21 23
block 24 23
block 25 23
block 26 23
block 27 23
block 28 23
block 30 23
block 31 23
block 32 23
block 33 23
block 34 23
block 7 24
block 8 24
block 9 24
block 13 24
block 14 24
block 15 24
block 16 24
block 17 24
block 18 24
block 19 24
block 20 24
block 21 24
block 24 24
block 25 24
block 26 24
block 27 24
block 28 24
block 7 25
block 8 25
block 9 25
block 13 25
block 14 25
block 15 25
block 16 25
block 17 25
block 18 25
block 19 25
block 20 25
block 21 25
block 24 25
block 25 25
block 26 25
block 27 25
block 28 25
block 7 26
block 8 26
block 9 26
block 13 26
block 14 26
block 15 26
block 16 26
block 17 26
block 18 26
block 19 26
block 20 26
block 21 26
block 24 26
block 25 26
block 26 26
block 27 26
block 28 26
block 35 26
block 36 26
block 37 26
block 38 26
block 39 26
block 40 26
##BotsAndCoinsInfo
bot_name 0 starter-bot
bot 0 12 1
bot_coins 0 0
coin 44 3
coin 10 23
round 1
bot 0 12 2
round 2
bot 0 12 3
round 3
bot 0 12 4
round 4
bot 0 12 5
round 5
bot 0 12 6
coin 36 17
coin 15 9
round 6
bot 0 13 7
round 7
bot 0 14 8
coin_collected 15 9 0
bot_coins 0 1
round 8
bot 0 14 9
round 9
bot 0 14 10
round 10
bot 0 14 11
coin 36 16
coin 15 10
round 11
bot 0 15 10
coin_collected 15 10 0
bot_coins 0 2
round 12
bot 0 15 11
round 13
bot 0 15 12
round 14
bot 0 15 13
round 15
bot 0 15 14
coin 41 20
coin 12 6
round 16
bot 0 15 15
round 17
bot 0 15 16
round 18
bot 0 15 17
round 19
bot 0 15 18
round 20
bot 0 15 19
coin 43 2
coin 10 24
round 21
bot 0 15 20
round 22
bot 0 14 20
round 23
bot 0 13 20
round 24
bot 0 12 20
round 25
bot 0 12 21
coin 20 0
coin 33 26
round 26
bot 0 11 22
coin_collected 10 23 0
bot_coins 0 3
round 27
bot 0 10 23
coin_collected 10 24 0
bot_coins 0 4
round 28
bot 0 10 24
round 29
bot 0 10 25
round 30
bot 0 10 26
coin 24 9
coin 29 17
round 31
bot 0 10 25
round 32
bot 0 10 24
round 33
bot 0 10 23
round 34
bot 0 10 22
round 35
bot 0 9 22
coin 44 5
coin 9 21
round 36
bot 0 10 23
round 37
bot 0 10 22
coin_collected 9 21 0
bot_coins 0 5
round 38
bot 0 9 22
round 39
bot 0 8 22
round 40
bot 0 7 22
coin 6 6
coin 47 20
round 41
bot 0 6 22
round 42
bot 0 5 21
round 43
bot 0 5 20
round 44
bot 0 5 19
round 45
bot 0 5 18
coin 19 8
coin 34 18
round 46
bot 0 5 17
round 47
bot 0 5 16
round 48
bot 0 5 15
round 49
bot 0 5 14
round 50
bot 0 5 13
coin 50 4
coin 3 22
round 51
bot 0 5 12
round 52
bot 0 5 11
round 53
bot 0 5 10
round 54
round 55
coin 10 24
coin 43 3
round 56
round 57
round 58
round 59
round 60
coin 23 0
coin 30 26
round 61
round 62
round 63
round 64
round 65
coin 35 22
coin 18 4
round 66
round 67
round 68
round 69
round 70
coin 37 6
coin 16 20
round 71
round 72
round 73
round 74
round 75
coin 40 21
coin 13 5
round 76
round 77
round 78
round 79
round 80
coin 2 23
coin 51 4
round 81
round 82
round 83
round 84
round 85
coin 11 14
coin 42 11
round 86
round 87
round 88
round 89
round 90
coin 12 7
coin 41 19
round 91
round 92
round 93
round 94
round 95
coin 7 21
coin 46 5
round 96
round 97
round 98
round 99
round 100
coin 5 22
coin 48 4
round 101
round 102
round 103
round 104
round 105
coin 53 25
coin 0 1
round 106
round 107
round 108
round 109
round 110
coin 5 24
coin 48 2
round 111
round 112
round 113
round 114
round 115
coin 49 20
coin 4 6
round 116
round 117
round 118
round 119
round 120
coin 19 7
coin 34 19
round 121
round 122
round 123
round 124
round 125
coin 49 14
coin 4 12
round 126
round 127
round 128
round 129
round 130
coin 8 4
coin 45 22
round 131
round 132
round 133
round 134
round 135
coin 8 7
coin 45 19
round 136
round 137
round 138
round 139
round 140
coin 19 4
coin 35 21
round 141
round 142
round 143
round 144
round 145
coin 40 18
coin 13 8
round 146
round 147
round 148
round 149
round 150
coin 37 14
coin 16 13
round 151
round 152
round 153
round 154
round 155
coin 20 13
coin 33 13
round 156
round 157
round 158
round 159
round 160
coin 26 21
coin 27 5
round 161
round 162
round 163
round 164
round 165
coin 12 22
coin 41 4
round 166
round 167
round 168
round 169
round 170
coin 3 9
coin 50 17
round 171
round 172
round 173
round 174
round 175
coin 28 5
coin 26 20
round 176
round 177
round 178
round 179
round 180
coin 31 8
coin 22 18
round 181
round 182
round 183
round 184
round 185
coin 43 23
coin 10 3
round 186
round 187
round 188
round 189
round 190
coin 50 25
coin 3 1
round 191
round 192
round 193
round 194
round 195
coin 28 6
coin 26 19
round 196
round 197
round 198
round 199
round 200
coin 48 19
coin 5 7
match_over 0
