match
match_id 1639473657158_af
match_time 1639473657160
num_bots 1
##MatchConfig
mode FRIENDLY
num_rounds 200
random_seed 42
move_time_limit 1000
coin_spawn_period 5
coin_spawn_volume 2
##MapConfig
map_size 69 22
view_radius 6
mining_radius 1
attack_radius 4
block 12 0
block 13 0
block 14 0
block 15 0
block 38 0
block 39 0
block 40 0
block 12 1
block 13 1
block 14 1
block 15 1
block 38 1
block 39 1
block 40 1
block 62 1
block 63 1
block 64 1
block 65 1
block 38 2
block 39 2
block 40 2
block 62 2
block 63 2
block 64 2
block 65 2
block 38 3
block 39 3
block 40 3
block 62 3
block 63 3
block 64 3
block 65 3
block 12 4
block 13 4
block 14 4
block 15 4
block 16 4
block 17 4
block 38 4
block 39 4
block 40 4
block 62 4
block 63 4
block 64 4
block 65 4
block 12 5
block 13 5
block 14 5
block 15 5
block 16 5
block 17 5
block 62 5
block 63 5
block 64 5
block 65 5
block 34 7
block 35 7
block 36 7
block 37 7
block 38 7
block 39 7
block 34 8
block 35 8
block 36 8
block 37 8
block 38 8
block 39 8
block 34 9
block 35 9
block 36 9
block 37 9
block 38 9
block 39 9
block 34 10
block 35 10
block 36 10
block 37 10
block 38 10
block 39 10
block 34 11
block 35 11
block 36 11
block 37 11
block 38 11
block 39 11
block 30 13
block 31 13
block 32 13
block 33 13
block 34 13
block 35 13
block 36 13
block 30 14
block 31 14
block 32 14
block 33 14
block 34 14
block 35 14
block 36 14
block 7 15
block 8 15
block 9 15
block 10 15
block 11 15
block 12 15
block 13 15
block 30 15
block 31 15
block 32 15
block 33 15
block 34 15
block 35 15
block 36 15
block 7 16
block 8 16
block 9 16
block 10 16
block 11 16
block 12 16
block 13 16
block 30 16
block 31 16
block 32 16
block 33 16
block 34 16
block 35 16
block 36 16
block 7 17
block 8 17
block 9 17
block 10 17
block 11 17
block 12 17
block 13 17
block 14 17
block 15 17
block 30 17
block 31 17
block 32 17
block 33 17
block 34 17
block 35 17
block 36 17
block 42 17
block 43 17
block 7 18
block 8 18
block 9 18
block 10 18
block 11 18
block 12 18
block 13 18
block 14 18
block 15 18
block 30 18
block 31 18
block 32 18
block 33 18
block 34 18
block 35 18
block 36 18
block 40 18
block 41 18
block 42 18
block 43 18
block 12 19
block 13 19
block 14 19
block 15 19
block 30 19
block 31 19
block 32 19
block 33 19
block 34 19
block 35 19
block 36 19
block 40 19
block 41 19
block 42 19
block 43 19
block 12 20
block 13 20
block 14 20
block 15 20
block 38 20
block 39 20
block 40 20
block 41 20
block 42 20
block 43 20
block 12 21
block 13 21
block 14 21
block 15 21
block 38 21
block 39 21
block 40 21
block 41 21
block 42 21
block 43 21
##BotsAndCoinsInfo
bot_name 0 starter-bot
bot 0 49 19
bot_coins 0 0
coin 29 15
coin 39 6
round 1
bot 0 49 20
round 2
bot 0 49 21
round 3
bot 0 48 20
round 4
bot 0 48 19
round 5
bot 0 48 18
coin 9 14
coin 59 7
round 6
bot 0 48 17
round 7
bot 0 48 16
round 8
bot 0 48 15
round 9
bot 0 48 14
round 10
bot 0 48 13
coin 29 19
coin 41 2
round 11
bot 0 48 12
round 12
bot 0 48 11
round 13
bot 0 48 10
round 14
bot 0 48 9
round 15
bot 0 48 8
coin 5 2
coin 63 19
round 16
bot 0 48 7
round 17
bot 0 48 6
round 18
bot 0 48 5
round 19
bot 0 48 4
round 20
bot 0 48 3
coin 6 17
coin 61 4
round 21
bot 0 48 2
round 22
bot 0 48 1
round 23
bot 0 48 0
round 24
bot 0 47 1
round 25
bot 0 47 2
coin 23 18
coin 45 3
round 26
bot 0 47 3
round 27
bot 0 46 2
round 28
bot 0 46 3
coin_collected 45 3 0
bot_coins 0 1
round 29
bot 0 46 4
round 30
bot 0 46 5
coin 48 0
coin 20 21
round 31
bot 0 46 6
round 32
bot 0 46 7
round 33
bot 0 46 8
round 34
bot 0 46 9
round 35
bot 0 46 10
coin 59 0
coin 9 21
round 36
bot 0 46 11
round 37
bot 0 46 12
round 38
bot 0 46 13
round 39
bot 0 46 14
round 40
bot 0 46 15
coin 33 20
coin 35 1
round 41
bot 0 46 16
round 42
bot 0 46 17
round 43
bot 0 46 18
round 44
bot 0 46 19
round 45
bot 0 46 20
coin 46 9
coin 22 12
round 46
bot 0 47 19
round 47
bot 0 47 18
round 48
bot 0 47 17
round 49
bot 0 47 16
round 50
bot 0 47 15
coin 14 15
coin 54 6
round 51
bot 0 47 14
round 52
bot 0 47 13
round 53
bot 0 47 12
round 54
bot 0 47 11
round 55
bot 0 46 10
coin_collected 46 9 0
bot_coins 0 2
coin 23 9
coin 45 12
round 56
bot 0 45 11
coin_collected 45 12 0
bot_coins 0 3
round 57
bot 0 45 12
round 58
bot 0 45 13
round 59
bot 0 45 14
round 60
bot 0 45 15
coin 26 19
coin 42 2
round 61
bot 0 45 16
round 62
bot 0 45 17
round 63
bot 0 45 18
round 64
bot 0 45 19
round 65
bot 0 45 20
coin 61 6
coin 6 15
round 66
bot 0 45 21
round 67
bot 0 44 20
round 68
bot 0 44 19
round 69
bot 0 44 18
round 70
bot 0 44 17
coin 58 18
coin 10 3
round 71
bot 0 44 16
round 72
bot 0 44 15
round 73
bot 0 44 14
round 74
bot 0 44 13
round 75
bot 0 44 12
coin 43 4
coin 25 17
round 76
bot 0 44 11
round 77
bot 0 44 10
round 78
bot 0 44 9
round 79
bot 0 44 8
round 80
bot 0 44 7
coin 65 13
coin 3 8
round 81
bot 0 44 6
round 82
bot 0 43 5
coin_collected 43 4 0
bot_coins 0 4
round 83
bot 0 43 4
round 84
bot 0 42 3
coin_collected 42 2 0
bot_coins 0 5
round 85
bot 0 41 2
coin_collected 41 2 0
bot_coins 0 6
coin 61 3
coin 7 19
round 86
bot 0 41 1
round 87
bot 0 41 0
round 88
bot 0 41 1
round 89
round 90
coin 42 11
coin 26 10
round 91
round 92
round 93
round 94
round 95
bot 0 41 2
coin 7 4
coin 61 17
round 96
round 97
round 98
round 99
round 100
coin 32 3
coin 37 18
round 101
round 102
round 103
round 104
round 105
coin 14 13
coin 54 8
round 106
round 107
round 108
round 109
round 110
coin 41 6
coin 27 15
round 111
round 112
round 113
round 114
bot 0 42 3
round 115
coin 37 5
coin 29 16
round 116
round 117
round 118
round 119
round 120
coin 25 11
coin 43 10
round 121
round 122
round 123
round 124
round 125
bot 0 41 4
coin 37 2
coin 31 20
round 126
round 127
round 128
round 129
bot 0 41 5
coin_collected 41 6 0
bot_coins 0 7
round 130
coin 32 4
coin 37 17
round 131
round 132
round 133
bot 0 40 5
round 134
round 135
coin 68 2
coin 0 19
round 136
round 137
round 138
round 139
round 140
coin 28 17
coin 41 4
round 141
round 142
round 143
round 144
round 145
bot 0 39 5
coin_collected 39 6 0
bot_coins 0 8
coin 10 14
coin 58 7
round 146
round 147
round 148
round 149
round 150
coin 4 3
coin 64 18
round 151
round 152
round 153
round 154
round 155
coin 62 19
coin 6 2
round 156
round 157
bot 0 39 6
round 158
round 159
round 160
coin 44 4
coin 24 17
round 161
bot 0 40 7
round 162
round 163
round 164
round 165
coin 35 3
coin 32 20
round 166
round 167
round 168
round 169
bot 0 40 6
round 170
coin 42 15
coin 26 6
round 171
round 172
round 173
round 174
round 175
coin 40 13
coin 28 8
round 176
round 177
round 178
round 179
round 180
coin 67 15
coin 1 6
round 181
bot 0 40 7
round 182
round 183
round 184
round 185
bot 0 40 6
coin 58 5
coin 11 14
round 186
round 187
round 188
round 189
round 190
coin 53 8
coin 15 13
round 191
round 192
round 193
bot 0 41 6
round 194
round 195
coin 23 21
coin 45 0
round 196
round 197
bot 0 40 6
round 198
round 199
round 200
coin 15 14
coin 53 7
match_over 0
