match
match_id 1639399864558_ap
match_time 1639399864561
num_bots 1
##MatchConfig
mode FRIENDLY
num_rounds 200
random_seed 42
move_time_limit 1000
coin_spawn_period 5
coin_spawn_volume 2
##MapConfig
map_size 56 30
view_radius 5
mining_radius 1
attack_radius 4
block 4 0
block 5 0
block 6 0
block 7 0
block 16 0
block 17 0
block 18 0
block 19 0
block 20 0
block 21 0
block 22 0
block 4 1
block 5 1
block 6 1
block 7 1
block 16 1
block 17 1
block 18 1
block 19 1
block 20 1
block 21 1
block 22 1
block 5 5
block 6 5
block 7 5
block 41 5
block 42 5
block 5 6
block 6 6
block 7 6
block 28 6
block 29 6
block 30 6
block 31 6
block 32 6
block 33 6
block 41 6
block 42 6
block 5 7
block 6 7
block 7 7
block 28 7
block 29 7
block 30 7
block 31 7
block 32 7
block 33 7
block 41 7
block 42 7
block 48 7
block 49 7
block 50 7
block 51 7
block 1 8
block 2 8
block 3 8
block 4 8
block 5 8
block 6 8
block 7 8
block 28 8
block 29 8
block 30 8
block 31 8
block 32 8
block 33 8
block 41 8
block 42 8
block 48 8
block 49 8
block 50 8
block 51 8
block 1 9
block 2 9
block 3 9
block 4 9
block 5 9
block 6 9
block 7 9
block 28 9
block 29 9
block 30 9
block 31 9
block 32 9
block 33 9
block 48 9
block 49 9
block 50 9
block 51 9
block 1 10
block 2 10
block 3 10
block 4 10
block 5 10
block 6 10
block 7 10
block 28 10
block 29 10
block 30 10
block 31 10
block 32 10
block 33 10
block 48 10
block 49 10
block 50 10
block 51 10
block 28 11
block 29 11
block 30 11
block 31 11
block 32 11
block 33 11
block 48 11
block 49 11
block 50 11
block 51 11
block 5 12
block 6 12
block 7 12
block 28 12
block 29 12
block 30 12
block 31 12
block 32 12
block 33 12
block 48 12
block 49 12
block 50 12
block 51 12
block 5 13
block 6 13
block 7 13
block 48 13
block 49 13
block 50 13
block 51 13
block 5 14
block 6 14
block 7 14
block 20 14
block 21 14
block 22 14
block 23 14
block 5 15
block 6 15
block 7 15
block 20 15
block 21 15
block 22 15
block 23 15
block 41 15
block 42 15
block 5 16
block 6 16
block 7 16
block 20 16
block 21 16
block 22 16
block 23 16
block 41 16
block 42 16
block 20 17
block 21 17
block 22 17
block 23 17
block 41 17
block 42 17
block 20 18
block 21 18
block 22 18
block 23 18
block 41 18
block 42 18
block 20 19
block 21 19
block 22 19
block 23 19
block 41 19
block 42 19
block 0 20
block 1 20
block 20 20
block 21 20
block 22 20
block 23 20
block 41 20
block 42 20
block 0 21
block 1 21
block 47 22
block 48 22
block 49 22
block 47 23
block 48 23
block 49 23
block 47 24
block 48 24
block 49 24
block 37 25
block 38 25
block 39 25
block 40 25
block 41 25
block 42 25
block 47 25
block 48 25
block 49 25
block 37 26
block 38 26
block 39 26
block 40 26
block 41 26
block 42 26
block 47 26
block 48 26
block 49 26
block 4 27
block 5 27
block 6 27
block 7 27
block 37 27
block 38 27
block 39 27
block 40 27
block 41 27
block 42 27
block 47 27
block 48 27
block 49 27
block 4 28
block 5 28
block 6 28
block 7 28
block 16 28
block 17 28
block 18 28
block 19 28
block 20 28
block 21 28
block 22 28
block 4 29
block 5 29
block 6 29
block 7 29
block 16 29
block 17 29
block 18 29
block 19 29
block 20 29
block 21 29
block 22 29
##BotsAndCoinsInfo
bot_name 0 starter-bot
bot 0 46 23
bot_coins 0 0
coin 50 3
coin 5 26
round 1
bot 0 46 24
round 2
bot 0 46 25
round 3
bot 0 46 26
round 4
bot 0 46 27
round 5
bot 0 46 28
coin 48 14
coin 8 15
round 6
bot 0 46 29
round 7
bot 0 45 28
round 8
bot 0 45 27
round 9
bot 0 45 26
round 10
bot 0 45 25
coin 26 25
coin 29 4
round 11
bot 0 45 24
round 12
bot 0 45 23
round 13
bot 0 45 22
round 14
bot 0 45 21
round 15
bot 0 45 20
coin 0 8
coin 55 21
round 16
bot 0 45 19
round 17
bot 0 45 18
round 18
round 19
round 20
coin 55 23
coin 0 6
round 21
round 22
round 23
round 24
round 25
coin 38 2
coin 17 27
round 26
round 27
round 28
round 29
round 30
coin 28 13
coin 27 16
round 31
round 32
round 33
round 34
round 35
coin 36 2
coin 19 27
round 36
round 37
round 38
round 39
round 40
coin 0 0
coin 55 29
round 41
round 42
round 43
round 44
round 45
coin 8 29
coin 47 0
round 46
round 47
round 48
round 49
round 50
coin 40 13
coin 15 16
round 51
round 52
round 53
round 54
round 55
coin 50 2
coin 6 26
round 56
round 57
round 58
round 59
round 60
coin 35 21
coin 20 8
round 61
round 62
round 63
round 64
round 65
coin 14 28
coin 41 1
round 66
round 67
round 68
round 69
round 70
coin 11 6
coin 44 23
round 71
round 72
round 73
round 74
bot 0 45 17
round 75
bot 0 45 16
coin 26 6
coin 29 23
round 76
round 77
round 78
round 79
round 80
coin 30 5
coin 25 24
round 81
round 82
round 83
round 84
round 85
coin 17 17
coin 38 12
round 86
round 87
round 88
round 89
round 90
coin 12 13
coin 43 16
round 91
bot 0 46 15
round 92
bot 0 47 14
coin_collected 48 14 0
bot_coins 0 1
round 93
bot 0 47 13
round 94
bot 0 47 12
round 95
bot 0 47 11
coin 50 24
coin 4 5
round 96
bot 0 47 10
round 97
bot 0 47 9
round 98
bot 0 47 8
round 99
bot 0 47 7
round 100
bot 0 47 6
coin 27 25
coin 28 4
round 101
bot 0 47 5
round 102
bot 0 47 4
round 103
bot 0 47 3
round 104
bot 0 46 2
round 105
bot 0 47 1
coin_collected 47 0 0
bot_coins 0 2
coin 8 7
coin 46 22
round 106
bot 0 48 2
round 107
bot 0 49 3
coin_collected 50 3 0
bot_coins 0 3
round 108
bot 0 50 2
coin_collected 50 2 0
bot_coins 0 4
round 109
bot 0 50 1
round 110
bot 0 50 0
coin 31 24
coin 24 5
round 111
bot 0 49 1
round 112
bot 0 49 2
round 113
bot 0 49 3
round 114
bot 0 49 4
round 115
bot 0 49 5
coin 55 5
coin 0 24
round 116
bot 0 49 6
round 117
bot 0 48 6
round 118
bot 0 47 6
round 119
bot 0 47 7
round 120
bot 0 47 8
coin 13 13
coin 43 17
round 121
bot 0 47 9
round 122
bot 0 47 10
round 123
bot 0 47 11
round 124
bot 0 47 12
round 125
bot 0 47 13
coin 33 20
coin 22 9
round 126
bot 0 47 14
round 127
bot 0 47 15
round 128
bot 0 47 16
round 129
bot 0 47 17
round 130
bot 0 47 18
coin 30 16
coin 25 13
round 131
bot 0 47 19
round 132
bot 0 47 20
round 133
bot 0 47 21
round 134
bot 0 46 21
coin_collected 46 22 0
bot_coins 0 5
round 135
bot 0 45 22
coin 16 10
coin 39 19
round 136
bot 0 44 23
coin_collected 44 23 0
bot_coins 0 6
round 137
bot 0 44 24
round 138
bot 0 44 25
round 139
bot 0 44 26
round 140
bot 0 44 27
coin 49 19
coin 6 11
round 141
bot 0 44 28
round 142
bot 0 44 29
round 143
bot 0 43 28
round 144
round 145
coin 29 3
coin 26 26
round 146
round 147
round 148
round 149
round 150
coin 49 29
coin 6 2
round 151
round 152
round 153
round 154
round 155
coin 32 1
coin 23 28
round 156
round 157
round 158
round 159
round 160
coin 22 13
coin 33 16
round 161
round 162
round 163
round 164
round 165
coin 6 19
coin 47 10
round 166
round 167
round 168
round 169
round 170
coin 55 9
coin 55 20
round 171
round 172
round 173
round 174
round 175
coin 38 11
coin 17 18
round 176
round 177
round 178
round 179
round 180
coin 53 19
coin 2 11
round 181
round 182
round 183
round 184
round 185
coin 29 22
coin 26 7
round 186
round 187
round 188
round 189
round 190
coin 26 10
coin 29 19
round 191
round 192
round 193
round 194
round 195
coin 17 3
coin 38 28
round 196
round 197
round 198
round 199
round 200
coin 16 4
coin 39 24
match_over 0
