match
match_id 1639405039575_bz
match_time 1639405039577
num_bots 1
##MatchConfig
mode FRIENDLY
num_rounds 200
random_seed 42
move_time_limit 1000
coin_spawn_period 5
coin_spawn_volume 2
##MapConfig
map_size 79 22
view_radius 6
mining_radius 2
attack_radius 4
block 43 0
block 44 0
block 45 0
block 46 0
block 47 0
block 48 0
block 49 0
block 50 0
block 51 0
block 54 0
block 55 0
block 56 0
block 67 0
block 68 0
block 69 0
block 70 0
block 71 0
block 72 0
block 43 1
block 44 1
block 45 1
block 46 1
block 47 1
block 48 1
block 49 1
block 50 1
block 51 1
block 54 1
block 55 1
block 56 1
block 67 1
block 68 1
block 69 1
block 70 1
block 71 1
block 72 1
block 29 2
block 30 2
block 31 2
block 43 2
block 44 2
block 45 2
block 46 2
block 47 2
block 48 2
block 67 2
block 68 2
block 69 2
block 70 2
block 71 2
block 72 2
block 29 3
block 30 3
block 31 3
block 43 3
block 44 3
block 45 3
block 46 3
block 47 3
block 48 3
block 67 3
block 68 3
block 69 3
block 70 3
block 71 3
block 72 3
block 29 4
block 30 4
block 31 4
block 43 4
block 44 4
block 45 4
block 46 4
block 47 4
block 48 4
block 66 4
block 67 4
block 68 4
block 69 4
block 70 4
block 18 5
block 19 5
block 20 5
block 21 5
block 22 5
block 29 5
block 30 5
block 31 5
block 66 5
block 67 5
block 68 5
block 69 5
block 70 5
block 18 6
block 19 6
block 20 6
block 21 6
block 22 6
block 29 6
block 30 6
block 31 6
block 18 7
block 19 7
block 20 7
block 21 7
block 22 7
block 29 7
block 30 7
block 31 7
block 73 7
block 74 7
block 75 7
block 76 7
block 77 7
block 18 8
block 19 8
block 20 8
block 21 8
block 22 8
block 73 8
block 74 8
block 75 8
block 76 8
block 77 8
block 0 9
block 1 9
block 2 9
block 17 9
block 18 9
block 19 9
block 20 9
block 21 9
block 22 9
block 27 9
block 28 9
block 29 9
block 30 9
block 43 9
block 44 9
block 45 9
block 46 9
block 47 9
block 73 9
block 74 9
block 75 9
block 76 9
block 77 9
block 78 9
block 0 10
block 1 10
block 2 10
block 17 10
block 18 10
block 19 10
block 20 10
block 21 10
block 22 10
block 27 10
block 28 10
block 29 10
block 30 10
block 43 10
block 44 10
block 45 10
block 46 10
block 47 10
block 76 10
block 77 10
block 78 10
block 0 11
block 1 11
block 2 11
block 17 11
block 18 11
block 19 11
block 20 11
block 21 11
block 27 11
block 28 11
block 29 11
block 30 11
block 43 11
block 44 11
block 45 11
block 46 11
block 47 11
block 48 11
block 49 11
block 50 11
block 51 11
block 52 11
block 76 11
block 77 11
block 78 11
block 0 12
block 1 12
block 2 12
block 17 12
block 18 12
block 19 12
block 20 12
block 21 12
block 22 12
block 23 12
block 27 12
block 28 12
block 29 12
block 30 12
block 45 12
block 46 12
block 47 12
block 48 12
block 49 12
block 50 12
block 51 12
block 52 12
block 65 12
block 66 12
block 67 12
block 76 12
block 77 12
block 78 12
block 1 13
block 2 13
block 3 13
block 17 13
block 18 13
block 19 13
block 20 13
block 21 13
block 22 13
block 23 13
block 27 13
block 28 13
block 29 13
block 30 13
block 45 13
block 46 13
block 47 13
block 48 13
block 49 13
block 50 13
block 51 13
block 52 13
block 65 13
block 66 13
block 67 13
block 1 14
block 2 14
block 3 14
block 17 14
block 18 14
block 19 14
block 20 14
block 21 14
block 46 14
block 47 14
block 48 14
block 49 14
block 50 14
block 51 14
block 52 14
block 65 14
block 66 14
block 67 14
block 1 15
block 2 15
block 3 15
block 46 15
block 47 15
block 48 15
block 49 15
block 50 15
block 51 15
block 52 15
block 65 15
block 66 15
block 67 15
block 1 16
block 2 16
block 3 16
block 8 16
block 9 16
block 10 16
block 11 16
block 12 16
block 13 16
block 14 16
block 65 16
block 66 16
block 67 16
block 1 17
block 2 17
block 3 17
block 8 17
block 9 17
block 10 17
block 11 17
block 12 17
block 13 17
block 14 17
block 22 17
block 23 17
block 24 17
block 25 17
block 26 17
block 27 17
block 28 17
block 65 17
block 66 17
block 67 17
block 8 18
block 9 18
block 22 18
block 23 18
block 24 18
block 25 18
block 26 18
block 27 18
block 28 18
block 65 18
block 66 18
block 67 18
block 8 19
block 9 19
block 46 20
block 47 20
block 48 20
block 49 20
block 50 20
block 51 20
block 54 20
block 55 20
block 56 20
block 43 21
block 44 21
block 45 21
block 46 21
block 47 21
block 48 21
block 49 21
block 50 21
block 51 21
block 54 21
block 55 21
block 56 21
##BotsAndCoinsInfo
bot_name 0 starter-bot
bot 0 74 21
bot_coins 0 0
coin 19 15
coin 59 6
round 1
round 2
round 3
round 4
round 5
coin 22 16
coin 56 5
round 6
round 7
round 8
round 9
bot 0 73 0
round 10
bot 0 73 1
coin 74 19
coin 4 2
round 11
bot 0 74 2
round 12
round 13
round 14
match_over 0
round 15
