match
match_id 1639470429889_aa
match_time 1639470429946
num_bots 1
##MatchConfig
mode FRIENDLY
num_rounds 200
random_seed 42
move_time_limit 1000
coin_spawn_period 5
coin_spawn_volume 2
##MapConfig
map_size 50 20
view_radius 6
mining_radius 1
attack_radius 4
block 28 0
block 29 0
block 30 0
block 31 0
block 32 0
block 28 1
block 29 1
block 30 1
block 31 1
block 32 1
block 33 1
block 32 2
block 33 2
block 36 2
block 37 2
block 38 2
block 39 2
block 40 2
block 41 2
block 42 2
block 32 3
block 33 3
block 36 3
block 37 3
block 38 3
block 39 3
block 40 3
block 41 3
block 42 3
block 2 4
block 3 4
block 4 4
block 5 4
block 6 4
block 23 4
block 24 4
block 25 4
block 26 4
block 27 4
block 28 4
block 29 4
block 36 4
block 37 4
block 38 4
block 39 4
block 40 4
block 41 4
block 42 4
block 2 5
block 3 5
block 4 5
block 5 5
block 6 5
block 23 5
block 24 5
block 25 5
block 26 5
block 27 5
block 28 5
block 29 5
block 36 5
block 37 5
block 38 5
block 39 5
block 40 5
block 41 5
block 42 5
block 2 6
block 3 6
block 4 6
block 5 6
block 6 6
block 23 6
block 24 6
block 25 6
block 26 6
block 27 6
block 28 6
block 29 6
block 36 6
block 37 6
block 38 6
block 39 6
block 40 6
block 41 6
block 42 6
block 44 6
block 45 6
block 46 6
block 47 6
block 48 6
block 49 6
block 2 7
block 3 7
block 4 7
block 5 7
block 6 7
block 17 7
block 18 7
block 19 7
block 20 7
block 23 7
block 24 7
block 25 7
block 26 7
block 27 7
block 28 7
block 29 7
block 44 7
block 45 7
block 46 7
block 47 7
block 48 7
block 49 7
block 2 8
block 3 8
block 4 8
block 5 8
block 6 8
block 17 8
block 18 8
block 19 8
block 20 8
block 23 8
block 24 8
block 25 8
block 26 8
block 27 8
block 28 8
block 29 8
block 44 8
block 45 8
block 46 8
block 47 8
block 48 8
block 49 8
block 2 9
block 3 9
block 4 9
block 5 9
block 6 9
block 17 9
block 18 9
block 19 9
block 20 9
block 23 9
block 24 9
block 25 9
block 26 9
block 27 9
block 28 9
block 29 9
block 44 9
block 45 9
block 46 9
block 47 9
block 48 9
block 49 9
block 2 10
block 3 10
block 4 10
block 5 10
block 6 10
block 17 10
block 18 10
block 19 10
block 20 10
block 44 10
block 45 10
block 46 10
block 47 10
block 48 10
block 49 10
block 43 11
block 44 11
block 45 11
block 46 11
block 1 12
block 2 12
block 3 12
block 4 12
block 5 12
block 6 12
block 43 12
block 44 12
block 45 12
block 46 12
block 1 13
block 2 13
block 3 13
block 4 13
block 5 13
block 6 13
block 29 13
block 30 13
block 43 13
block 44 13
block 45 13
block 46 13
block 1 14
block 2 14
block 3 14
block 4 14
block 5 14
block 6 14
block 29 14
block 30 14
block 43 14
block 44 14
block 45 14
block 46 14
block 1 15
block 2 15
block 3 15
block 4 15
block 5 15
block 6 15
block 28 15
block 29 15
block 30 15
block 31 15
block 32 15
block 43 15
block 44 15
block 45 15
block 46 15
block 1 16
block 2 16
block 3 16
block 4 16
block 5 16
block 6 16
block 28 16
block 29 16
block 30 16
block 31 16
block 32 16
block 43 16
block 44 16
block 45 16
block 46 16
block 1 17
block 2 17
block 3 17
block 4 17
block 5 17
block 6 17
block 28 17
block 29 17
block 30 17
block 31 17
block 32 17
block 43 17
block 44 17
block 45 17
block 46 17
block 1 18
block 2 18
block 3 18
block 4 18
block 5 18
block 6 18
block 28 18
block 29 18
block 30 18
block 31 18
block 32 18
block 28 19
block 29 19
block 30 19
block 31 19
block 32 19
##BotsAndCoinsInfo
bot_name 0 starter-bot
bot 0 30 8
bot_coins 0 0
coin 30 3
coin 19 16
round 1
bot 0 30 9
round 2
bot 0 30 10
round 3
bot 0 30 11
round 4
bot 0 30 12
round 5
bot 0 29 12
coin 48 4
coin 0 15
round 6
bot 0 28 12
round 7
bot 0 28 13
round 8
bot 0 28 14
round 9
bot 0 27 14
round 10
bot 0 27 15
coin 20 5
coin 28 14
round 11
bot 0 28 14
coin_collected 28 14 0
bot_coins 0 1
round 12
bot 0 27 14
round 13
bot 0 28 13
round 14
bot 0 27 14
round 15
bot 0 28 13
coin 5 19
coin 44 0
round 16
bot 0 27 14
round 17
bot 0 27 15
round 18
bot 0 28 14
round 19
bot 0 27 14
round 20
bot 0 28 13
coin 19 13
coin 30 6
round 21
bot 0 27 14
round 22
bot 0 28 13
round 23
bot 0 27 14
round 24
bot 0 28 13
round 25
bot 0 27 14
coin 31 2
coin 18 17
round 26
bot 0 26 15
round 27
bot 0 27 14
round 28
bot 0 28 13
round 29
bot 0 27 14
round 30
bot 0 28 13
coin 26 12
coin 22 7
round 31
bot 0 29 12
round 32
bot 0 28 12
round 33
bot 0 27 13
round 34
bot 0 28 14
round 35
coin 25 12
coin 22 8
round 36
bot 0 27 14
round 37
bot 0 28 13
round 38
bot 0 27 14
round 39
bot 0 26 14
round 40
bot 0 27 13
coin 6 11
coin 43 8
round 41
bot 0 28 14
round 42
bot 0 27 14
round 43
bot 0 28 13
round 44
bot 0 27 14
round 45
bot 0 28 13
coin 43 9
coin 7 10
round 46
bot 0 27 14
round 47
bot 0 28 13
round 48
bot 0 28 14
round 49
bot 0 27 14
round 50
coin 0 3
coin 49 16
round 51
bot 0 28 13
round 52
bot 0 27 14
round 53
bot 0 28 13
round 54
bot 0 27 14
round 55
bot 0 28 13
coin 26 13
coin 22 6
round 56
bot 0 27 14
round 57
bot 0 27 13
coin_collected 26 13 0
bot_coins 0 2
round 58
bot 0 28 14
round 59
bot 0 28 13
round 60
bot 0 28 12
coin 43 1
coin 6 19
round 61
bot 0 27 13
round 62
bot 0 27 14
round 63
bot 0 28 13
round 64
bot 0 27 14
round 65
bot 0 28 13
coin 33 18
coin 16 1
round 66
bot 0 27 14
round 67
bot 0 28 13
round 68
bot 0 27 14
round 69
bot 0 27 15
round 70
bot 0 28 14
coin 37 7
coin 12 12
round 71
bot 0 27 14
round 72
bot 0 28 13
round 73
bot 0 28 12
round 74
round 75
bot 0 27 13
coin 31 14
coin 18 5
round 76
bot 0 28 14
round 77
bot 0 27 14
round 78
bot 0 28 13
round 79
bot 0 27 14
round 80
bot 0 28 13
coin 30 5
coin 19 14
round 81
bot 0 27 14
round 82
round 83
bot 0 28 13
round 84
bot 0 27 14
round 85
bot 0 28 13
coin 17 6
coin 32 13
round 86
bot 0 27 12
coin_collected 26 12 0
bot_coins 0 3
round 87
bot 0 28 13
round 88
bot 0 27 14
round 89
bot 0 28 13
round 90
bot 0 27 14
coin 12 13
coin 38 7
round 91
round 92
bot 0 28 13
round 93
bot 0 27 14
round 94
bot 0 28 13
round 95
coin 13 4
coin 36 15
round 96
bot 0 27 14
round 97
bot 0 28 13
round 98
bot 0 27 14
round 99
bot 0 28 14
round 100
bot 0 27 14
coin 30 4
coin 19 15
round 101
bot 0 28 13
round 102
bot 0 27 14
round 103
bot 0 28 13
round 104
bot 0 27 12
round 105
bot 0 28 13
coin 23 17
coin 26 2
round 106
bot 0 27 14
round 107
bot 0 28 13
round 108
bot 0 27 14
round 109
bot 0 28 13
round 110
bot 0 27 14
coin 25 14
coin 24 3
round 111
bot 0 28 13
round 112
bot 0 28 12
round 113
bot 0 27 13
round 114
bot 0 28 14
round 115
coin 7 15
coin 43 4
round 116
bot 0 27 14
round 117
bot 0 28 13
round 118
bot 0 27 14
round 119
bot 0 28 13
round 120
bot 0 27 14
coin 7 3
coin 42 16
round 121
bot 0 27 15
round 122
round 123
bot 0 28 14
round 124
bot 0 27 14
round 125
bot 0 28 13
coin 43 0
coin 6 0
round 126
bot 0 27 14
round 127
bot 0 28 13
round 128
bot 0 27 14
round 129
bot 0 28 13
round 130
bot 0 27 14
coin 8 16
coin 43 3
round 131
round 132
bot 0 28 13
round 133
bot 0 27 14
round 134
bot 0 28 13
round 135
bot 0 27 14
coin 10 10
coin 39 9
round 136
bot 0 28 13
round 137
bot 0 28 14
round 138
bot 0 27 14
round 139
round 140
bot 0 28 13
coin 13 19
coin 36 0
round 141
bot 0 27 14
round 142
bot 0 28 13
round 143
bot 0 27 14
round 144
bot 0 28 13
round 145
bot 0 27 14
coin 11 3
coin 38 16
round 146
bot 0 26 13
round 147
bot 0 27 14
round 148
bot 0 28 13
round 149
round 150
bot 0 27 14
coin 47 19
coin 2 0
round 151
bot 0 28 13
round 152
bot 0 27 14
round 153
bot 0 28 13
round 154
bot 0 27 14
round 155
coin 2 1
coin 47 18
round 156
bot 0 28 13
round 157
bot 0 27 13
round 158
bot 0 28 14
round 159
bot 0 27 15
round 160
bot 0 28 14
coin 42 14
coin 7 5
round 161
bot 0 27 14
round 162
bot 0 28 13
round 163
bot 0 27 14
round 164
bot 0 28 13
round 165
bot 0 27 14
coin 48 19
coin 1 0
round 166
bot 0 26 15
round 167
bot 0 27 14
round 168
bot 0 28 13
round 169
bot 0 27 14
round 170
bot 0 28 13
coin 25 19
coin 24 0
round 171
bot 0 27 14
round 172
bot 0 28 13
round 173
bot 0 27 14
round 174
round 175
bot 0 28 13
coin 40 1
coin 9 18
round 176
bot 0 27 14
round 177
bot 0 28 13
round 178
bot 0 27 14
round 179
bot 0 28 13
round 180
bot 0 27 12
coin 1 9
coin 48 11
round 181
bot 0 28 13
round 182
bot 0 27 14
round 183
bot 0 26 15
round 184
bot 0 27 14
round 185
bot 0 28 13
coin 23 13
coin 26 3
round 186
bot 0 27 14
round 187
bot 0 28 13
round 188
bot 0 27 14
round 189
bot 0 28 13
round 190
coin 37 0
coin 12 19
round 191
bot 0 27 14
round 192
bot 0 28 14
round 193
bot 0 27 14
round 194
bot 0 28 13
round 195
bot 0 27 14
coin 25 13
coin 22 5
round 196
bot 0 28 13
round 197
bot 0 27 14
round 198
bot 0 28 13
round 199
bot 0 27 12
round 200
bot 0 26 12
coin_collected 25 12 0
bot_coins 0 4
coin 0 14
coin 49 5
match_over 0
