match
match_id 1639168772178_bu
match_time 1639168772180
num_bots 1
##MatchConfig
mode FRIENDLY
num_rounds 200
random_seed 42
move_time_limit 1000
coin_spawn_period 5
coin_spawn_volume 2
##MapConfig
map_size 64 22
view_radius 6
mining_radius 1
attack_radius 4
block 21 0
block 22 0
block 44 0
block 45 0
block 46 0
block 47 0
block 48 0
block 49 0
block 50 0
block 51 0
block 52 0
block 55 0
block 56 0
block 57 0
block 58 0
block 59 0
block 60 0
block 32 1
block 33 1
block 34 1
block 35 1
block 36 1
block 44 1
block 45 1
block 46 1
block 47 1
block 48 1
block 49 1
block 50 1
block 51 1
block 52 1
block 55 1
block 56 1
block 57 1
block 58 1
block 59 1
block 60 1
block 32 2
block 33 2
block 34 2
block 35 2
block 36 2
block 44 2
block 45 2
block 46 2
block 47 2
block 48 2
block 49 2
block 55 2
block 56 2
block 57 2
block 58 2
block 59 2
block 60 2
block 32 3
block 33 3
block 34 3
block 35 3
block 36 3
block 44 3
block 45 3
block 46 3
block 47 3
block 48 3
block 49 3
block 55 3
block 56 3
block 57 3
block 58 3
block 59 3
block 60 3
block 5 4
block 6 4
block 23 4
block 24 4
block 30 4
block 31 4
block 32 4
block 33 4
block 34 4
block 35 4
block 36 4
block 44 4
block 45 4
block 46 4
block 47 4
block 48 4
block 49 4
block 55 4
block 56 4
block 57 4
block 58 4
block 59 4
block 60 4
block 5 5
block 6 5
block 23 5
block 24 5
block 30 5
block 31 5
block 32 5
block 33 5
block 34 5
block 35 5
block 36 5
block 44 5
block 45 5
block 46 5
block 47 5
block 48 5
block 49 5
block 23 6
block 24 6
block 30 6
block 31 6
block 32 6
block 33 6
block 34 6
block 35 6
block 36 6
block 23 7
block 24 7
block 30 7
block 31 7
block 32 7
block 33 7
block 34 7
block 35 7
block 36 7
block 37 7
block 38 7
block 39 7
block 40 7
block 41 7
block 42 7
block 30 8
block 31 8
block 32 8
block 33 8
block 34 8
block 35 8
block 36 8
block 37 8
block 38 8
block 39 8
block 40 8
block 41 8
block 42 8
block 0 9
block 36 9
block 37 9
block 38 9
block 39 9
block 40 9
block 41 9
block 42 9
block 43 9
block 44 9
block 45 9
block 46 9
block 52 9
block 53 9
block 54 9
block 55 9
block 56 9
block 58 9
block 59 9
block 60 9
block 61 9
block 62 9
block 63 9
block 0 10
block 7 10
block 8 10
block 9 10
block 10 10
block 11 10
block 12 10
block 13 10
block 15 10
block 16 10
block 21 10
block 22 10
block 23 10
block 24 10
block 36 10
block 37 10
block 38 10
block 39 10
block 40 10
block 41 10
block 42 10
block 43 10
block 44 10
block 45 10
block 46 10
block 52 10
block 53 10
block 54 10
block 55 10
block 56 10
block 58 10
block 59 10
block 60 10
block 61 10
block 62 10
block 63 10
block 0 11
block 7 11
block 8 11
block 9 11
block 10 11
block 11 11
block 12 11
block 13 11
block 15 11
block 16 11
block 21 11
block 22 11
block 23 11
block 24 11
block 25 11
block 26 11
block 27 11
block 36 11
block 37 11
block 38 11
block 39 11
block 40 11
block 41 11
block 42 11
block 43 11
block 44 11
block 45 11
block 46 11
block 52 11
block 53 11
block 54 11
block 55 11
block 56 11
block 58 11
block 59 11
block 60 11
block 61 11
block 62 11
block 63 11
block 0 12
block 7 12
block 8 12
block 9 12
block 10 12
block 11 12
block 12 12
block 13 12
block 15 12
block 16 12
block 21 12
block 22 12
block 23 12
block 24 12
block 25 12
block 26 12
block 27 12
block 36 12
block 37 12
block 38 12
block 39 12
block 40 12
block 41 12
block 42 12
block 43 12
block 44 12
block 45 12
block 46 12
block 52 12
block 53 12
block 54 12
block 55 12
block 56 12
block 58 12
block 59 12
block 60 12
block 61 12
block 62 12
block 63 12
block 0 13
block 8 13
block 9 13
block 10 13
block 11 13
block 12 13
block 13 13
block 15 13
block 16 13
block 17 13
block 18 13
block 19 13
block 20 13
block 21 13
block 22 13
block 23 13
block 24 13
block 25 13
block 26 13
block 27 13
block 41 13
block 42 13
block 43 13
block 44 13
block 45 13
block 46 13
block 52 13
block 53 13
block 54 13
block 55 13
block 56 13
block 58 13
block 59 13
block 60 13
block 61 13
block 62 13
block 63 13
block 8 14
block 9 14
block 10 14
block 11 14
block 12 14
block 13 14
block 17 14
block 18 14
block 19 14
block 20 14
block 21 14
block 22 14
block 23 14
block 24 14
block 25 14
block 52 14
block 53 14
block 54 14
block 55 14
block 56 14
block 8 15
block 9 15
block 10 15
block 11 15
block 12 15
block 13 15
block 17 15
block 18 15
block 19 15
block 20 15
block 21 15
block 22 15
block 23 15
block 24 15
block 25 15
block 17 16
block 18 16
block 19 16
block 20 16
block 21 16
block 22 16
block 23 16
block 24 16
block 25 16
block 26 16
block 17 17
block 18 17
block 19 17
block 20 17
block 24 17
block 25 17
block 26 17
block 17 18
block 18 18
block 19 18
block 20 18
block 21 18
block 22 18
block 50 18
block 51 18
block 58 18
block 59 18
block 60 18
block 61 18
block 62 18
block 21 19
block 22 19
block 27 19
block 28 19
block 29 19
block 30 19
block 50 19
block 51 19
block 58 19
block 59 19
block 60 19
block 61 19
block 62 19
block 21 20
block 22 20
block 27 20
block 28 20
block 29 20
block 30 20
block 50 20
block 51 20
block 58 20
block 59 20
block 60 20
block 61 20
block 62 20
block 21 21
block 22 21
block 50 21
block 51 21
block 55 21
block 56 21
block 57 21
block 58 21
block 59 21
block 60 21
##BotsAndCoinsInfo
bot_name 0 starter-bot
bot 0 41 21
bot_coins 0 0
coin 46 15
coin 17 6
round 1
round 2
round 3
round 4
round 5
coin 43 16
coin 20 5
round 6
round 7
round 8
round 9
round 10
coin 19 19
coin 43 2
round 11
round 12
round 13
round 14
round 15
coin 17 2
coin 46 19
round 16
round 17
round 18
round 19
round 20
coin 42 17
coin 21 4
round 21
round 22
round 23
round 24
round 25
coin 57 18
coin 6 3
round 26
round 27
round 28
round 29
round 30
coin 23 0
coin 40 21
round 31
coin_collected 40 21 0
bot_coins 0 1
round 32
round 33
round 34
round 35
coin 17 0
coin 46 21
round 36
round 37
round 38
round 39
round 40
coin 29 21
coin 34 0
round 41
round 42
round 43
round 44
round 45
coin 50 9
coin 14 12
round 46
round 47
round 48
round 49
round 50
coin 58 15
coin 5 6
round 51
round 52
round 53
round 54
round 55
coin 27 9
coin 36 13
round 56
round 57
round 58
round 59
round 60
coin 47 19
coin 16 2
round 61
round 62
round 63
round 64
round 65
coin 25 6
coin 38 15
round 66
round 67
round 68
round 69
round 70
coin 11 18
coin 52 3
round 71
round 72
round 73
round 74
round 75
coin 38 4
coin 25 18
round 76
round 77
round 78
round 79
round 80
coin 14 13
coin 49 8
round 81
round 82
round 83
round 84
round 85
coin 53 3
coin 10 18
round 86
round 87
round 88
round 89
round 90
coin 11 9
coin 51 12
round 91
round 92
round 93
round 94
round 95
coin 37 4
coin 26 18
round 96
round 97
round 98
round 99
round 100
coin 50 3
coin 13 18
round 101
round 102
round 103
round 104
round 105
coin 37 13
coin 26 8
round 106
round 107
round 108
round 109
round 110
coin 37 6
coin 26 15
round 111
round 112
round 113
round 114
round 115
coin 48 6
coin 15 15
round 116
round 117
round 118
round 119
round 120
coin 2 11
coin 61 8
round 121
round 122
round 123
round 124
round 125
coin 22 2
coin 41 19
round 126
round 127
round 128
round 129
round 130
coin 52 4
coin 11 17
round 131
round 132
round 133
round 134
round 135
coin 26 2
coin 37 19
round 136
round 137
round 138
round 139
round 140
coin 62 17
coin 1 4
round 141
bot 0 40 21
round 142
round 143
match_over 0
round 144
