match
match_id 1639339656287_ah
match_time 1639339656289
num_bots 1
##MatchConfig
mode FRIENDLY
num_rounds 200
random_seed 42
move_time_limit 1000
coin_spawn_period 5
coin_spawn_volume 2
##MapConfig
map_size 68 20
view_radius 6
mining_radius 2
attack_radius 3
block 10 0
block 11 0
block 12 0
block 13 0
block 59 0
block 60 0
block 61 0
block 62 0
block 59 1
block 60 1
block 61 1
block 62 1
block 59 2
block 60 2
block 61 2
block 62 2
block 16 3
block 17 3
block 18 3
block 19 3
block 59 3
block 60 3
block 61 3
block 62 3
block 8 4
block 9 4
block 10 4
block 11 4
block 12 4
block 13 4
block 14 4
block 16 4
block 17 4
block 18 4
block 19 4
block 59 4
block 60 4
block 61 4
block 62 4
block 8 5
block 9 5
block 10 5
block 11 5
block 12 5
block 13 5
block 14 5
block 16 5
block 17 5
block 18 5
block 19 5
block 8 6
block 9 6
block 10 6
block 11 6
block 12 6
block 13 6
block 14 6
block 16 6
block 17 6
block 18 6
block 19 6
block 16 7
block 17 7
block 18 7
block 19 7
block 40 8
block 41 8
block 42 8
block 40 9
block 41 9
block 42 9
block 29 10
block 30 10
block 31 10
block 32 10
block 29 11
block 30 11
block 31 11
block 32 11
block 29 12
block 30 12
block 31 12
block 32 12
block 33 12
block 34 12
block 35 12
block 36 12
block 37 12
block 29 13
block 30 13
block 31 13
block 32 13
block 33 13
block 34 13
block 35 13
block 36 13
block 37 13
block 32 14
block 33 14
block 34 14
block 35 14
block 36 14
block 37 14
block 10 15
block 11 15
block 12 15
block 13 15
block 10 16
block 11 16
block 12 16
block 13 16
block 10 17
block 11 17
block 12 17
block 13 17
block 10 18
block 11 18
block 12 18
block 13 18
block 10 19
block 11 19
block 12 19
block 13 19
##BotsAndCoinsInfo
bot_name 0 starter-bot
bot 0 12 8
bot_coins 0 0
coin 26 3
coin 41 16
round 1
bot 0 12 9
round 2
bot 0 12 10
round 3
bot 0 12 11
round 4
bot 0 12 12
round 5
bot 0 12 13
coin 0 4
coin 67 15
round 6
bot 0 12 14
round 7
bot 0 11 14
round 8
bot 0 10 14
round 9
bot 0 9 14
round 10
bot 0 9 15
coin 26 5
coin 41 14
round 11
bot 0 9 16
round 12
bot 0 9 17
round 13
bot 0 9 18
round 14
bot 0 9 19
round 15
bot 0 8 18
coin 17 18
coin 50 1
round 16
bot 0 8 17
round 17
bot 0 8 16
round 18
bot 0 8 15
round 19
bot 0 8 14
round 20
bot 0 8 13
coin 35 15
coin 32 4
round 21
bot 0 8 12
round 22
bot 0 8 11
round 23
bot 0 8 10
round 24
bot 0 8 9
round 25
bot 0 8 8
coin 14 2
coin 53 17
round 26
bot 0 8 7
round 27
bot 0 7 7
round 28
bot 0 7 6
round 29
bot 0 7 5
round 30
bot 0 7 4
coin 8 12
coin 59 7
round 31
bot 0 7 3
round 32
bot 0 7 2
round 33
bot 0 7 1
round 34
bot 0 7 0
round 35
bot 0 6 1
coin 9 12
coin 58 7
round 36
bot 0 6 2
round 37
bot 0 6 3
round 38
bot 0 6 4
round 39
bot 0 6 5
round 40
bot 0 6 6
coin 20 10
coin 47 9
round 41
bot 0 6 7
round 42
bot 0 6 8
round 43
bot 0 6 9
round 44
bot 0 6 10
round 45
bot 0 6 11
coin 23 9
coin 44 10
round 46
bot 0 6 12
coin_collected 8 12 0
bot_coins 0 1
round 47
bot 0 6 13
round 48
bot 0 6 14
round 49
bot 0 6 15
round 50
bot 0 6 16
coin 52 3
coin 15 16
round 51
bot 0 6 17
round 52
bot 0 6 18
round 53
bot 0 6 19
round 54
bot 0 5 18
round 55
bot 0 5 17
coin 6 13
coin 61 6
round 56
bot 0 5 16
round 57
bot 0 5 15
round 58
bot 0 5 14
coin_collected 6 13 0
bot_coins 0 2
round 59
bot 0 5 13
round 60
bot 0 5 12
coin 19 1
coin 48 18
round 61
bot 0 5 11
round 62
bot 0 5 10
round 63
bot 0 5 9
round 64
bot 0 5 8
round 65
bot 0 5 7
coin 58 18
coin 9 1
round 66
bot 0 5 6
round 67
bot 0 5 5
round 68
bot 0 5 4
round 69
bot 0 5 3
round 70
bot 0 5 2
coin 20 6
coin 47 13
round 71
bot 0 5 1
round 72
bot 0 5 0
round 73
bot 0 4 1
round 74
bot 0 4 2
round 75
bot 0 4 3
coin 62 16
coin 5 3
round 76
bot 0 4 4
coin_collected 5 3 0
bot_coins 0 3
round 77
bot 0 4 5
round 78
bot 0 4 6
round 79
bot 0 4 7
round 80
bot 0 4 8
coin 38 5
coin 29 14
round 81
bot 0 4 9
round 82
bot 0 4 10
round 83
bot 0 4 11
round 84
bot 0 4 12
round 85
bot 0 4 13
coin 41 7
coin 26 12
round 86
bot 0 4 14
round 87
bot 0 4 15
round 88
bot 0 4 16
round 89
bot 0 4 17
round 90
bot 0 4 18
coin 8 13
coin 59 6
round 91
bot 0 4 19
round 92
bot 0 3 18
round 93
bot 0 3 17
round 94
bot 0 3 16
round 95
bot 0 3 15
coin 1 4
coin 66 15
round 96
bot 0 3 14
round 97
bot 0 3 13
round 98
bot 0 3 12
round 99
bot 0 3 11
round 100
bot 0 3 10
coin 23 5
coin 44 14
round 101
bot 0 3 9
round 102
bot 0 3 8
round 103
bot 0 3 7
round 104
bot 0 3 6
round 105
bot 0 3 5
coin 63 17
coin 4 2
round 106
bot 0 3 4
coin_collected 1 4 0
bot_coins 0 4
round 107
bot 0 3 3
coin_collected 4 2 0
bot_coins 0 5
round 108
bot 0 3 2
round 109
bot 0 3 1
round 110
bot 0 3 0
coin 31 14
coin 36 5
round 111
bot 0 2 1
round 112
bot 0 2 2
round 113
bot 0 2 3
round 114
bot 0 2 4
coin_collected 0 4 0
bot_coins 0 6
round 115
bot 0 2 5
coin 11 14
coin 56 5
round 116
bot 0 2 6
round 117
bot 0 2 7
round 118
bot 0 2 8
round 119
bot 0 2 9
round 120
bot 0 2 10
coin 13 3
coin 54 16
round 121
bot 0 2 11
round 122
bot 0 2 12
round 123
bot 0 2 13
round 124
bot 0 2 14
round 125
bot 0 2 15
coin 5 0
coin 62 19
round 126
bot 0 2 16
round 127
bot 0 2 17
round 128
bot 0 2 18
round 129
bot 0 2 19
round 130
bot 0 1 18
coin 22 16
coin 45 3
round 131
bot 0 1 17
round 132
bot 0 1 16
round 133
bot 0 1 15
coin_collected 67 15 0
bot_coins 0 7
round 134
bot 0 1 14
round 135
bot 0 1 13
coin 40 10
coin 27 9
round 136
bot 0 1 12
round 137
bot 0 1 11
round 138
bot 0 1 10
round 139
bot 0 1 9
round 140
bot 0 1 8
coin 17 19
coin 50 0
round 141
bot 0 1 7
round 142
bot 0 1 6
round 143
bot 0 1 5
round 144
bot 0 1 4
round 145
bot 0 1 3
coin 25 3
coin 42 16
round 146
bot 0 1 2
round 147
bot 0 1 1
round 148
bot 0 1 0
round 149
bot 0 0 1
round 150
bot 0 0 2
coin 29 19
coin 38 0
round 151
bot 0 0 3
round 152
bot 0 0 4
round 153
bot 0 0 5
round 154
bot 0 0 6
round 155
bot 0 0 7
coin 20 1
coin 47 18
round 156
bot 0 0 8
round 157
bot 0 0 9
round 158
bot 0 0 10
round 159
bot 0 0 11
round 160
bot 0 0 12
coin 38 14
coin 29 5
round 161
bot 0 0 13
round 162
bot 0 0 14
round 163
bot 0 0 15
coin_collected 66 15 0
bot_coins 0 8
round 164
bot 0 0 16
round 165
bot 0 0 17
coin 54 19
coin 14 0
round 166
bot 0 0 18
round 167
bot 0 0 19
round 168
bot 0 67 18
round 169
bot 0 67 17
round 170
bot 0 67 16
coin 51 19
coin 16 0
round 171
bot 0 67 15
round 172
bot 0 67 14
round 173
bot 0 67 13
round 174
bot 0 67 12
round 175
bot 0 67 11
coin 66 1
coin 1 18
round 176
bot 0 67 10
round 177
bot 0 67 9
round 178
bot 0 67 8
round 179
bot 0 67 7
round 180
bot 0 67 6
coin 13 9
coin 54 10
round 181
bot 0 67 5
round 182
bot 0 67 4
round 183
bot 0 67 3
round 184
bot 0 67 2
coin_collected 66 1 0
bot_coins 0 9
round 185
bot 0 67 1
coin 5 13
coin 62 6
round 186
bot 0 67 0
round 187
bot 0 66 1
round 188
bot 0 66 2
round 189
bot 0 66 3
round 190
bot 0 66 4
coin 30 0
coin 37 19
round 191
bot 0 66 5
round 192
bot 0 66 6
round 193
bot 0 66 7
round 194
bot 0 66 8
round 195
bot 0 66 9
coin 21 13
coin 46 6
round 196
bot 0 66 10
round 197
bot 0 66 11
round 198
bot 0 66 12
round 199
bot 0 66 13
round 200
bot 0 66 14
coin 24 14
coin 43 5
match_over 0
