match
match_id 1639216586940_nj
match_time 1639216586942
num_bots 1
##MatchConfig
mode FRIENDLY
num_rounds 200
random_seed 42
move_time_limit 1000
coin_spawn_period 5
coin_spawn_volume 2
##MapConfig
map_size 64 27
view_radius 6
mining_radius 1
attack_radius 4
block 8 0
block 9 0
block 10 0
block 11 0
block 12 0
block 14 0
block 15 0
block 29 0
block 30 0
block 31 0
block 32 0
block 33 0
block 34 0
block 35 0
block 50 0
block 51 0
block 52 0
block 53 0
block 54 0
block 59 0
block 60 0
block 61 0
block 14 1
block 15 1
block 29 1
block 30 1
block 31 1
block 32 1
block 33 1
block 34 1
block 35 1
block 50 1
block 51 1
block 52 1
block 53 1
block 54 1
block 30 2
block 31 2
block 32 2
block 33 2
block 34 2
block 35 2
block 15 3
block 16 3
block 17 3
block 30 3
block 31 3
block 32 3
block 33 3
block 34 3
block 35 3
block 15 4
block 16 4
block 17 4
block 30 4
block 31 4
block 32 4
block 33 4
block 34 4
block 35 4
block 0 5
block 1 5
block 15 5
block 16 5
block 17 5
block 30 5
block 31 5
block 32 5
block 33 5
block 34 5
block 35 5
block 60 5
block 61 5
block 62 5
block 63 5
block 0 6
block 1 6
block 6 6
block 7 6
block 60 6
block 61 6
block 62 6
block 63 6
block 6 7
block 7 7
block 10 7
block 11 7
block 12 7
block 13 7
block 14 7
block 15 7
block 6 8
block 7 8
block 10 8
block 11 8
block 12 8
block 13 8
block 14 8
block 15 8
block 16 8
block 17 8
block 18 8
block 19 8
block 20 8
block 21 8
block 6 9
block 7 9
block 10 9
block 11 9
block 12 9
block 13 9
block 14 9
block 15 9
block 16 9
block 17 9
block 18 9
block 19 9
block 20 9
block 21 9
block 10 10
block 11 10
block 12 10
block 13 10
block 14 10
block 15 10
block 16 10
block 17 10
block 18 10
block 19 10
block 20 10
block 21 10
block 23 10
block 24 10
block 25 10
block 0 11
block 10 11
block 11 11
block 12 11
block 13 11
block 14 11
block 15 11
block 16 11
block 17 11
block 18 11
block 19 11
block 20 11
block 21 11
block 23 11
block 24 11
block 25 11
block 58 11
block 59 11
block 60 11
block 61 11
block 62 11
block 63 11
block 0 12
block 10 12
block 11 12
block 12 12
block 13 12
block 14 12
block 15 12
block 23 12
block 24 12
block 25 12
block 33 12
block 34 12
block 35 12
block 36 12
block 58 12
block 59 12
block 60 12
block 61 12
block 62 12
block 63 12
block 0 13
block 8 13
block 9 13
block 10 13
block 11 13
block 12 13
block 13 13
block 23 13
block 24 13
block 25 13
block 33 13
block 34 13
block 35 13
block 36 13
block 58 13
block 59 13
block 60 13
block 61 13
block 62 13
block 63 13
block 0 14
block 8 14
block 9 14
block 10 14
block 11 14
block 12 14
block 13 14
block 33 14
block 34 14
block 35 14
block 36 14
block 37 14
block 38 14
block 51 14
block 52 14
block 53 14
block 54 14
block 55 14
block 56 14
block 58 14
block 59 14
block 60 14
block 61 14
block 62 14
block 63 14
block 0 15
block 8 15
block 9 15
block 10 15
block 11 15
block 12 15
block 13 15
block 33 15
block 34 15
block 35 15
block 36 15
block 37 15
block 38 15
block 51 15
block 52 15
block 53 15
block 54 15
block 55 15
block 56 15
block 58 15
block 59 15
block 60 15
block 61 15
block 62 15
block 63 15
block 0 16
block 8 16
block 9 16
block 10 16
block 11 16
block 12 16
block 13 16
block 33 16
block 34 16
block 35 16
block 36 16
block 37 16
block 38 16
block 39 16
block 40 16
block 41 16
block 42 16
block 43 16
block 51 16
block 52 16
block 53 16
block 54 16
block 55 16
block 56 16
block 58 16
block 59 16
block 60 16
block 61 16
block 62 16
block 63 16
block 8 17
block 9 17
block 10 17
block 11 17
block 12 17
block 13 17
block 37 17
block 38 17
block 39 17
block 40 17
block 41 17
block 42 17
block 43 17
block 51 17
block 52 17
block 53 17
block 54 17
block 55 17
block 56 17
block 61 17
block 62 17
block 63 17
block 3 18
block 4 18
block 5 18
block 6 18
block 7 18
block 8 18
block 37 18
block 38 18
block 39 18
block 40 18
block 41 18
block 42 18
block 43 18
block 51 18
block 52 18
block 53 18
block 54 18
block 55 18
block 56 18
block 3 19
block 4 19
block 5 19
block 6 19
block 7 19
block 8 19
block 48 19
block 49 19
block 50 19
block 51 19
block 52 19
block 53 19
block 54 19
block 55 19
block 56 19
block 3 20
block 4 20
block 5 20
block 6 20
block 7 20
block 8 20
block 32 20
block 33 20
block 34 20
block 35 20
block 36 20
block 48 20
block 49 20
block 50 20
block 51 20
block 52 20
block 53 20
block 54 20
block 8 21
block 9 21
block 10 21
block 11 21
block 17 21
block 18 21
block 19 21
block 20 21
block 21 21
block 22 21
block 32 21
block 33 21
block 34 21
block 35 21
block 36 21
block 48 21
block 49 21
block 50 21
block 51 21
block 52 21
block 53 21
block 54 21
block 59 21
block 60 21
block 61 21
block 8 22
block 9 22
block 10 22
block 11 22
block 17 22
block 18 22
block 19 22
block 20 22
block 21 22
block 22 22
block 29 22
block 30 22
block 31 22
block 32 22
block 33 22
block 34 22
block 35 22
block 36 22
block 48 22
block 49 22
block 50 22
block 51 22
block 52 22
block 53 22
block 54 22
block 59 22
block 60 22
block 61 22
block 8 23
block 9 23
block 10 23
block 11 23
block 17 23
block 18 23
block 19 23
block 20 23
block 21 23
block 22 23
block 29 23
block 30 23
block 31 23
block 32 23
block 33 23
block 34 23
block 35 23
block 36 23
block 48 23
block 49 23
block 50 23
block 51 23
block 52 23
block 53 23
block 54 23
block 59 23
block 60 23
block 61 23
block 8 24
block 9 24
block 10 24
block 11 24
block 12 24
block 17 24
block 18 24
block 19 24
block 20 24
block 21 24
block 22 24
block 29 24
block 30 24
block 31 24
block 32 24
block 33 24
block 34 24
block 35 24
block 36 24
block 40 24
block 41 24
block 42 24
block 43 24
block 44 24
block 45 24
block 48 24
block 49 24
block 50 24
block 51 24
block 52 24
block 53 24
block 54 24
block 59 24
block 60 24
block 61 24
block 8 25
block 9 25
block 10 25
block 11 25
block 12 25
block 29 25
block 30 25
block 31 25
block 32 25
block 33 25
block 34 25
block 35 25
block 40 25
block 41 25
block 42 25
block 43 25
block 44 25
block 45 25
block 48 25
block 49 25
block 50 25
block 51 25
block 52 25
block 53 25
block 54 25
block 59 25
block 60 25
block 61 25
block 8 26
block 9 26
block 10 26
block 11 26
block 12 26
block 14 26
block 15 26
block 29 26
block 30 26
block 31 26
block 32 26
block 33 26
block 34 26
block 35 26
block 40 26
block 41 26
block 42 26
block 43 26
block 44 26
block 45 26
block 48 26
block 49 26
block 50 26
block 51 26
block 52 26
block 53 26
block 54 26
block 59 26
block 60 26
block 61 26
##BotsAndCoinsInfo
bot_name 0 starter-bot
bot 0 21 0
bot_coins 0 0
coin 46 3
coin 16 23
round 1
bot 0 20 26
round 2
bot 0 19 0
round 3
bot 0 18 26
round 4
bot 0 17 0
round 5
bot 0 16 26
coin 44 17
coin 19 7
round 6
bot 0 16 0
round 7
round 8
round 9
round 10
coin 19 16
coin 44 10
round 11
round 12
round 13
round 14
round 15
coin 17 20
coin 46 6
round 16
round 17
round 18
round 19
round 20
coin 42 2
coin 21 25
round 21
round 22
round 23
round 24
round 25
coin 57 26
coin 6 0
round 26
round 27
round 28
round 29
round 30
coin 23 9
coin 40 15
round 31
round 32
round 33
round 34
round 35
coin 18 5
coin 45 21
round 36
round 37
round 38
round 39
round 40
coin 29 6
coin 34 19
round 41
round 42
round 43
round 44
round 45
coin 50 8
coin 13 18
round 46
round 47
round 48
round 49
round 50
coin 58 4
coin 5 22
round 51
round 52
round 53
round 54
round 55
coin 27 24
coin 36 2
round 56
round 57
round 58
round 59
round 60
coin 47 0
coin 16 26
round 61
coin_collected 16 26 0
bot_coins 0 1
round 62
round 63
round 64
round 65
coin 24 22
coin 39 4
round 66
round 67
round 68
round 69
round 70
coin 11 3
coin 55 23
round 71
round 72
round 73
round 74
round 75
coin 38 21
coin 25 5
round 76
round 77
round 78
round 79
round 80
coin 13 23
coin 50 3
round 81
round 82
round 83
round 84
round 85
coin 52 13
coin 9 12
round 86
round 87
round 88
round 89
round 90
coin 11 6
coin 50 18
round 91
round 92
round 93
round 94
round 95
coin 37 21
coin 26 5
round 96
round 97
round 98
round 99
round 100
coin 47 22
coin 16 6
round 101
round 102
round 103
round 104
round 105
coin 36 25
coin 27 1
round 106
round 107
round 108
round 109
round 110
coin 37 24
coin 26 2
round 111
round 112
round 113
round 114
round 115
coin 47 20
coin 17 6
round 116
round 117
round 118
round 119
round 120
coin 2 7
coin 61 19
round 121
round 122
round 123
round 124
round 125
coin 22 14
coin 41 12
round 126
round 127
round 128
round 129
round 130
coin 52 4
coin 12 22
round 131
round 132
round 133
round 134
round 135
coin 26 7
coin 37 19
round 136
round 137
round 138
round 139
round 140
coin 62 4
coin 1 22
round 141
round 142
round 143
round 144
round 145
coin 45 18
coin 18 7
round 146
round 147
round 148
round 149
round 150
coin 30 14
coin 33 11
round 151
round 152
round 153
round 154
round 155
coin 18 13
coin 45 13
round 156
round 157
round 158
round 159
round 160
coin 62 23
coin 1 3
round 161
round 162
round 163
round 164
round 165
coin 55 22
coin 8 4
round 166
round 167
round 168
round 169
round 170
coin 40 9
coin 23 17
round 171
round 172
round 173
round 174
round 175
coin 23 5
coin 40 21
round 176
round 177
round 178
round 179
round 180
coin 23 7
coin 40 19
round 181
round 182
round 183
round 184
round 185
coin 27 23
coin 36 3
round 186
round 187
round 188
round 189
round 190
coin 28 25
coin 36 1
round 191
round 192
round 193
round 194
round 195
coin 30 6
coin 33 19
round 196
round 197
round 198
round 199
round 200
coin 30 19
coin 33 7
match_over 0
