match
match_id 1639212850397_ka
match_time 1639212850400
num_bots 1
##MatchConfig
mode FRIENDLY
num_rounds 200
random_seed 42
move_time_limit 1000
coin_spawn_period 5
coin_spawn_volume 2
##MapConfig
map_size 53 38
view_radius 5
mining_radius 2
attack_radius 4
block 1 0
block 2 0
block 3 0
block 4 0
block 5 0
block 6 0
block 7 0
block 14 0
block 15 0
block 1 1
block 2 1
block 3 1
block 4 1
block 5 1
block 6 1
block 7 1
block 14 1
block 15 1
block 39 1
block 40 1
block 41 1
block 42 1
block 43 1
block 44 1
block 1 2
block 2 2
block 3 2
block 4 2
block 5 2
block 6 2
block 7 2
block 14 2
block 15 2
block 22 2
block 23 2
block 24 2
block 25 2
block 26 2
block 27 2
block 28 2
block 39 2
block 40 2
block 41 2
block 42 2
block 43 2
block 44 2
block 1 3
block 2 3
block 3 3
block 4 3
block 5 3
block 6 3
block 7 3
block 14 3
block 15 3
block 22 3
block 23 3
block 24 3
block 25 3
block 26 3
block 27 3
block 28 3
block 39 3
block 40 3
block 41 3
block 42 3
block 43 3
block 44 3
block 39 4
block 40 4
block 41 4
block 42 4
block 43 4
block 44 4
block 17 5
block 18 5
block 19 5
block 20 5
block 21 5
block 39 5
block 40 5
block 41 5
block 42 5
block 43 5
block 44 5
block 17 6
block 18 6
block 19 6
block 20 6
block 21 6
block 17 7
block 18 7
block 19 7
block 20 7
block 21 7
block 17 8
block 18 8
block 19 8
block 20 8
block 21 8
block 17 9
block 18 9
block 19 9
block 20 9
block 21 9
block 17 10
block 18 10
block 19 10
block 20 10
block 21 10
block 9 14
block 10 14
block 11 14
block 12 14
block 13 14
block 6 15
block 7 15
block 8 15
block 9 15
block 10 15
block 11 15
block 12 15
block 13 15
block 44 15
block 45 15
block 46 15
block 0 16
block 1 16
block 2 16
block 6 16
block 7 16
block 8 16
block 9 16
block 10 16
block 11 16
block 12 16
block 13 16
block 36 16
block 37 16
block 38 16
block 39 16
block 40 16
block 41 16
block 44 16
block 45 16
block 46 16
block 52 16
block 0 17
block 1 17
block 2 17
block 3 17
block 4 17
block 5 17
block 6 17
block 7 17
block 8 17
block 9 17
block 10 17
block 11 17
block 12 17
block 13 17
block 36 17
block 37 17
block 38 17
block 39 17
block 40 17
block 41 17
block 52 17
block 0 18
block 1 18
block 2 18
block 3 18
block 4 18
block 5 18
block 6 18
block 7 18
block 8 18
block 9 18
block 10 18
block 11 18
block 12 18
block 13 18
block 36 18
block 37 18
block 38 18
block 39 18
block 40 18
block 41 18
block 52 18
block 0 19
block 1 19
block 2 19
block 3 19
block 4 19
block 5 19
block 6 19
block 7 19
block 8 19
block 9 19
block 10 19
block 11 19
block 12 19
block 13 19
block 36 19
block 37 19
block 38 19
block 39 19
block 40 19
block 41 19
block 52 19
block 6 20
block 7 20
block 8 20
block 9 20
block 10 20
block 11 20
block 12 20
block 36 20
block 37 20
block 38 20
block 39 20
block 40 20
block 41 20
block 6 21
block 7 21
block 8 21
block 9 21
block 10 21
block 11 21
block 12 21
block 36 21
block 37 21
block 38 21
block 39 21
block 40 21
block 41 21
block 0 22
block 1 22
block 2 22
block 3 22
block 4 22
block 5 22
block 0 23
block 1 23
block 2 23
block 3 23
block 4 23
block 5 23
block 31 23
block 32 23
block 33 23
block 28 24
block 29 24
block 31 24
block 32 24
block 33 24
block 28 25
block 29 25
block 31 25
block 32 25
block 33 25
block 1 26
block 2 26
block 3 26
block 28 26
block 29 26
block 31 26
block 32 26
block 33 26
block 37 26
block 38 26
block 39 26
block 1 27
block 2 27
block 3 27
block 27 27
block 28 27
block 29 27
block 30 27
block 31 27
block 32 27
block 33 27
block 37 27
block 38 27
block 39 27
block 1 28
block 2 28
block 3 28
block 27 28
block 28 28
block 29 28
block 30 28
block 31 28
block 32 28
block 1 29
block 2 29
block 3 29
block 27 29
block 28 29
block 29 29
block 30 29
block 31 29
block 32 29
block 1 30
block 2 30
block 3 30
block 27 30
block 28 30
block 29 30
block 30 30
block 31 30
block 32 30
block 27 31
block 28 31
block 29 31
block 30 31
block 31 31
block 32 31
block 27 32
block 28 32
block 29 32
block 30 32
block 31 32
block 32 32
block 26 33
block 27 33
block 28 33
block 26 34
block 27 34
block 28 34
block 1 35
block 2 35
block 3 35
block 4 35
block 5 35
block 6 35
block 7 35
block 26 35
block 27 35
block 28 35
block 1 36
block 2 36
block 3 36
block 4 36
block 5 36
block 6 36
block 7 36
block 14 36
block 15 36
block 1 37
block 2 37
block 3 37
block 4 37
block 5 37
block 6 37
block 7 37
block 14 37
block 15 37
##BotsAndCoinsInfo
bot_name 0 starter-bot
bot 0 30 22
bot_coins 0 0
coin 34 9
coin 18 28
round 1
bot 0 30 23
round 2
bot 0 30 24
round 3
bot 0 30 25
round 4
bot 0 30 26
round 5
coin 5 6
coin 47 31
round 6
round 7
round 8
round 9
round 10
coin 19 15
coin 33 22
round 11
round 12
round 13
round 14
round 15
coin 45 28
coin 7 9
round 16
round 17
round 18
round 19
round 20
coin 14 17
coin 38 22
round 21
round 22
round 23
round 24
round 25
coin 3 14
coin 49 23
round 26
round 27
round 28
round 29
round 30
coin 20 34
coin 32 3
round 31
round 32
round 33
round 34
round 35
coin 34 36
coin 18 1
round 36
round 37
round 38
round 39
round 40
coin 35 36
coin 17 1
round 41
round 42
round 43
round 44
round 45
coin 40 37
coin 12 0
round 46
round 47
round 48
round 49
round 50
coin 39 13
coin 13 24
round 51
round 52
round 53
round 54
round 55
coin 22 7
coin 30 33
round 56
round 57
round 58
round 59
round 60
coin 42 13
coin 10 24
round 61
round 62
round 63
round 64
round 65
coin 34 6
coin 18 31
round 66
round 67
round 68
round 69
round 70
coin 27 22
coin 25 15
round 71
round 72
round 73
round 74
round 75
coin 24 4
coin 29 33
round 76
round 77
round 78
round 79
round 80
coin 43 33
coin 9 4
round 81
round 82
round 83
round 84
round 85
coin 26 37
coin 26 0
round 86
round 87
round 88
round 89
round 90
coin 46 17
coin 5 20
round 91
round 92
round 93
round 94
round 95
coin 30 6
coin 22 31
round 96
round 97
round 98
round 99
round 100
coin 33 31
coin 19 4
round 101
round 102
round 103
round 104
round 105
coin 27 11
coin 25 26
round 106
round 107
round 108
round 109
round 110
coin 6 10
coin 46 27
round 111
round 112
round 113
round 114
round 115
coin 0 24
coin 52 13
round 116
round 117
round 118
round 119
round 120
coin 44 35
coin 8 2
round 121
round 122
round 123
round 124
round 125
coin 46 6
coin 6 31
round 126
round 127
round 128
round 129
round 130
coin 49 12
coin 3 25
round 131
round 132
round 133
round 134
round 135
coin 19 3
coin 33 34
round 136
round 137
round 138
match_over 0
round 139
