match
match_id 1639174618308_eq
match_time 1639174618310
num_bots 1
##MatchConfig
mode FRIENDLY
num_rounds 200
random_seed 42
move_time_limit 1000
coin_spawn_period 5
coin_spawn_volume 2
##MapConfig
map_size 62 28
view_radius 5
mining_radius 2
attack_radius 3
block 30 0
block 31 0
block 32 0
block 33 0
block 30 1
block 31 1
block 32 1
block 33 1
block 30 2
block 31 2
block 32 2
block 33 2
block 0 3
block 1 3
block 2 3
block 3 3
block 4 3
block 5 3
block 30 3
block 31 3
block 32 3
block 33 3
block 35 3
block 36 3
block 37 3
block 38 3
block 39 3
block 61 3
block 0 4
block 1 4
block 2 4
block 3 4
block 4 4
block 5 4
block 20 4
block 21 4
block 22 4
block 23 4
block 24 4
block 25 4
block 26 4
block 35 4
block 36 4
block 37 4
block 38 4
block 39 4
block 61 4
block 0 5
block 1 5
block 2 5
block 3 5
block 4 5
block 5 5
block 20 5
block 21 5
block 22 5
block 23 5
block 24 5
block 25 5
block 26 5
block 61 5
block 0 6
block 1 6
block 2 6
block 3 6
block 4 6
block 5 6
block 20 6
block 21 6
block 22 6
block 23 6
block 24 6
block 25 6
block 26 6
block 60 6
block 61 6
block 0 7
block 1 7
block 2 7
block 3 7
block 4 7
block 5 7
block 20 7
block 21 7
block 22 7
block 23 7
block 24 7
block 25 7
block 26 7
block 56 7
block 57 7
block 58 7
block 59 7
block 60 7
block 61 7
block 20 8
block 21 8
block 22 8
block 23 8
block 24 8
block 25 8
block 26 8
block 56 8
block 57 8
block 58 8
block 59 8
block 60 8
block 61 8
block 20 9
block 21 9
block 22 9
block 23 9
block 24 9
block 25 9
block 26 9
block 56 9
block 57 9
block 58 9
block 59 9
block 60 9
block 61 9
block 20 10
block 21 10
block 22 10
block 23 10
block 24 10
block 25 10
block 26 10
block 56 10
block 57 10
block 58 10
block 59 10
block 60 10
block 61 10
block 60 11
block 61 11
block 44 14
block 45 14
block 46 14
block 23 15
block 24 15
block 25 15
block 26 15
block 27 15
block 28 15
block 44 15
block 45 15
block 46 15
block 23 16
block 24 16
block 25 16
block 26 16
block 27 16
block 28 16
block 44 16
block 45 16
block 46 16
block 23 17
block 24 17
block 25 17
block 26 17
block 27 17
block 28 17
block 44 17
block 45 17
block 46 17
block 47 17
block 48 17
block 49 17
block 50 17
block 51 17
block 15 18
block 16 18
block 17 18
block 18 18
block 19 18
block 20 18
block 23 18
block 24 18
block 25 18
block 26 18
block 27 18
block 28 18
block 44 18
block 45 18
block 46 18
block 47 18
block 48 18
block 49 18
block 50 18
block 51 18
block 15 19
block 16 19
block 17 19
block 18 19
block 19 19
block 20 19
block 25 19
block 26 19
block 27 19
block 28 19
block 44 19
block 45 19
block 46 19
block 47 19
block 48 19
block 49 19
block 50 19
block 51 19
block 0 20
block 1 20
block 2 20
block 3 20
block 4 20
block 5 20
block 15 20
block 16 20
block 17 20
block 18 20
block 19 20
block 20 20
block 25 20
block 26 20
block 27 20
block 28 20
block 44 20
block 45 20
block 46 20
block 0 21
block 1 21
block 2 21
block 3 21
block 4 21
block 5 21
block 15 21
block 16 21
block 17 21
block 18 21
block 19 21
block 20 21
block 25 21
block 26 21
block 27 21
block 28 21
block 0 22
block 1 22
block 2 22
block 3 22
block 4 22
block 5 22
block 15 22
block 16 22
block 17 22
block 18 22
block 19 22
block 20 22
block 25 22
block 26 22
block 27 22
block 28 22
block 15 23
block 16 23
block 17 23
block 18 23
block 19 23
block 20 23
block 25 23
block 26 23
block 27 23
block 28 23
block 25 24
block 26 24
block 27 24
block 28 24
block 30 27
block 31 27
block 32 27
block 33 27
##BotsAndCoinsInfo
bot_name 0 starter-bot
bot 0 43 2
bot_coins 0 0
coin 6 19
coin 55 8
round 1
bot 0 43 3
round 2
bot 0 43 4
round 3
bot 0 43 5
round 4
bot 0 43 6
round 5
bot 0 43 7
coin 34 24
coin 27 3
round 6
bot 0 43 8
round 7
bot 0 43 9
round 8
bot 0 43 10
round 9
bot 0 43 11
round 10
bot 0 43 12
coin 2 25
coin 59 2
round 11
bot 0 43 13
round 12
bot 0 43 14
round 13
bot 0 43 15
round 14
bot 0 43 16
round 15
bot 0 43 17
coin 3 10
coin 58 17
round 16
bot 0 43 18
round 17
bot 0 43 19
round 18
bot 0 43 20
round 19
bot 0 43 21
round 20
bot 0 43 22
coin 22 17
coin 39 10
round 21
bot 0 43 23
round 22
bot 0 43 24
round 23
bot 0 43 25
round 24
bot 0 43 26
round 25
bot 0 43 27
coin 34 18
coin 27 9
round 26
round 27
round 28
match_over 0
round 29
