match
match_id 1639553710759_ae
match_time 1639553710760
num_bots 1
##MatchConfig
mode FRIENDLY
num_rounds 200
random_seed 42
move_time_limit 1000
coin_spawn_period 5
coin_spawn_volume 2
##MapConfig
map_size 49 23
view_radius 6
mining_radius 1
attack_radius 4
block 4 0
block 5 0
block 6 0
block 7 0
block 8 0
block 9 0
block 10 0
block 19 0
block 20 0
block 21 0
block 22 0
block 23 0
block 24 0
block 25 0
block 26 0
block 27 0
block 28 0
block 39 0
block 40 0
block 41 0
block 42 0
block 43 0
block 44 0
block 45 0
block 4 1
block 5 1
block 6 1
block 7 1
block 8 1
block 9 1
block 10 1
block 19 1
block 20 1
block 21 1
block 22 1
block 23 1
block 24 1
block 25 1
block 26 1
block 27 1
block 28 1
block 39 1
block 40 1
block 41 1
block 42 1
block 43 1
block 44 1
block 45 1
block 4 2
block 5 2
block 6 2
block 7 2
block 8 2
block 9 2
block 10 2
block 19 2
block 20 2
block 21 2
block 22 2
block 23 2
block 24 2
block 25 2
block 26 2
block 27 2
block 28 2
block 39 2
block 40 2
block 41 2
block 42 2
block 43 2
block 44 2
block 45 2
block 4 3
block 5 3
block 6 3
block 7 3
block 8 3
block 9 3
block 10 3
block 19 3
block 20 3
block 21 3
block 22 3
block 23 3
block 24 3
block 25 3
block 26 3
block 27 3
block 28 3
block 31 3
block 32 3
block 33 3
block 34 3
block 4 4
block 5 4
block 6 4
block 7 4
block 8 4
block 9 4
block 10 4
block 11 4
block 19 4
block 20 4
block 21 4
block 22 4
block 23 4
block 24 4
block 25 4
block 26 4
block 27 4
block 28 4
block 31 4
block 32 4
block 33 4
block 34 4
block 9 5
block 10 5
block 11 5
block 31 5
block 32 5
block 33 5
block 34 5
block 9 6
block 10 6
block 11 6
block 31 6
block 32 6
block 33 6
block 34 6
block 0 7
block 1 7
block 2 7
block 3 7
block 48 7
block 0 8
block 1 8
block 2 8
block 3 8
block 46 8
block 47 8
block 48 8
block 0 9
block 1 9
block 2 9
block 3 9
block 46 9
block 47 9
block 48 9
block 0 10
block 1 10
block 2 10
block 3 10
block 39 10
block 40 10
block 41 10
block 42 10
block 43 10
block 44 10
block 46 10
block 47 10
block 48 10
block 0 11
block 1 11
block 2 11
block 3 11
block 4 11
block 5 11
block 6 11
block 7 11
block 32 11
block 33 11
block 34 11
block 35 11
block 36 11
block 37 11
block 39 11
block 40 11
block 41 11
block 42 11
block 43 11
block 44 11
block 46 11
block 47 11
block 48 11
block 0 12
block 1 12
block 2 12
block 3 12
block 4 12
block 5 12
block 6 12
block 7 12
block 32 12
block 33 12
block 34 12
block 35 12
block 36 12
block 37 12
block 39 12
block 40 12
block 41 12
block 42 12
block 43 12
block 44 12
block 46 12
block 47 12
block 48 12
block 0 13
block 1 13
block 2 13
block 3 13
block 4 13
block 5 13
block 6 13
block 7 13
block 10 13
block 11 13
block 12 13
block 13 13
block 14 13
block 15 13
block 16 13
block 17 13
block 18 13
block 19 13
block 28 13
block 29 13
block 30 13
block 31 13
block 32 13
block 33 13
block 34 13
block 35 13
block 36 13
block 37 13
block 39 13
block 40 13
block 41 13
block 42 13
block 43 13
block 44 13
block 46 13
block 47 13
block 48 13
block 0 14
block 1 14
block 2 14
block 3 14
block 4 14
block 5 14
block 6 14
block 7 14
block 8 14
block 9 14
block 10 14
block 11 14
block 12 14
block 13 14
block 14 14
block 15 14
block 16 14
block 17 14
block 18 14
block 19 14
block 28 14
block 29 14
block 30 14
block 31 14
block 32 14
block 33 14
block 34 14
block 35 14
block 36 14
block 37 14
block 39 14
block 40 14
block 41 14
block 42 14
block 43 14
block 44 14
block 46 14
block 47 14
block 48 14
block 0 15
block 1 15
block 2 15
block 3 15
block 4 15
block 5 15
block 6 15
block 7 15
block 8 15
block 9 15
block 10 15
block 11 15
block 12 15
block 13 15
block 14 15
block 28 15
block 29 15
block 30 15
block 31 15
block 32 15
block 33 15
block 34 15
block 35 15
block 36 15
block 37 15
block 38 15
block 39 15
block 40 15
block 41 15
block 42 15
block 46 15
block 47 15
block 48 15
block 0 16
block 1 16
block 2 16
block 3 16
block 4 16
block 5 16
block 6 16
block 7 16
block 8 16
block 9 16
block 10 16
block 11 16
block 12 16
block 13 16
block 14 16
block 28 16
block 29 16
block 30 16
block 31 16
block 32 16
block 33 16
block 34 16
block 37 16
block 38 16
block 39 16
block 40 16
block 41 16
block 42 16
block 46 16
block 47 16
block 48 16
block 0 17
block 1 17
block 2 17
block 3 17
block 4 17
block 5 17
block 6 17
block 7 17
block 10 17
block 11 17
block 12 17
block 13 17
block 14 17
block 28 17
block 29 17
block 30 17
block 31 17
block 32 17
block 33 17
block 34 17
block 37 17
block 38 17
block 39 17
block 40 17
block 41 17
block 42 17
block 46 17
block 47 17
block 48 17
block 0 18
block 1 18
block 2 18
block 3 18
block 4 18
block 10 18
block 11 18
block 12 18
block 13 18
block 14 18
block 28 18
block 29 18
block 30 18
block 31 18
block 32 18
block 33 18
block 34 18
block 37 18
block 38 18
block 39 18
block 40 18
block 41 18
block 42 18
block 46 18
block 47 18
block 48 18
block 0 19
block 1 19
block 2 19
block 3 19
block 4 19
block 37 19
block 38 19
block 39 19
block 40 19
block 41 19
block 42 19
block 47 19
block 48 19
block 0 20
block 1 20
block 47 20
block 48 20
block 0 21
block 1 21
block 4 21
block 5 21
block 6 21
block 7 21
block 8 21
block 9 21
block 10 21
block 19 21
block 20 21
block 21 21
block 39 21
block 40 21
block 41 21
block 42 21
block 43 21
block 44 21
block 45 21
block 47 21
block 48 21
block 0 22
block 1 22
block 4 22
block 5 22
block 6 22
block 7 22
block 8 22
block 9 22
block 10 22
block 19 22
block 20 22
block 21 22
block 39 22
block 40 22
block 41 22
block 42 22
block 43 22
block 44 22
block 45 22
block 47 22
block 48 22
##BotsAndCoinsInfo
bot_name 0 starter-bot
bot 0 32 20
bot_coins 0 0
coin 29 4
coin 19 18
round 1
bot 0 32 21
round 2
bot 0 32 22
round 3
bot 0 31 21
round 4
bot 0 31 20
round 5
bot 0 31 19
coin 34 10
coin 14 12
round 6
bot 0 30 19
round 7
bot 0 29 19
round 8
bot 0 28 19
round 9
bot 0 27 18
round 10
bot 0 27 17
coin 18 4
coin 30 19
round 11
bot 0 26 18
round 12
bot 0 27 19
round 13
bot 0 28 19
round 14
bot 0 29 19
coin_collected 30 19 0
bot_coins 0 1
round 15
bot 0 29 20
coin 2 20
coin 46 2
round 16
bot 0 29 21
round 17
bot 0 29 22
round 18
bot 0 28 21
round 19
bot 0 28 20
round 20
bot 0 28 19
coin 45 14
coin 4 8
round 21
bot 0 27 18
round 22
bot 0 27 17
round 23
bot 0 27 16
round 24
bot 0 27 15
round 25
bot 0 27 14
coin 5 18
coin 43 4
round 26
bot 0 27 13
round 27
bot 0 27 12
round 28
bot 0 27 11
round 29
bot 0 27 10
round 30
bot 0 27 9
coin 28 21
coin 18 1
round 31
bot 0 27 8
round 32
bot 0 28 7
round 33
bot 0 29 6
round 34
bot 0 29 5
coin_collected 29 4 0
bot_coins 0 2
round 35
bot 0 29 4
coin 15 6
coin 35 16
round 36
bot 0 29 3
round 37
bot 0 29 2
round 38
bot 0 30 3
round 39
bot 0 30 4
round 40
bot 0 30 5
coin 27 15
coin 21 7
round 41
bot 0 30 6
round 42
bot 0 30 7
round 43
bot 0 30 8
round 44
bot 0 31 9
round 45
bot 0 32 10
coin 45 16
coin 3 6
round 46
bot 0 31 10
round 47
bot 0 32 10
round 48
bot 0 31 10
round 49
bot 0 32 10
round 50
bot 0 31 10
coin 40 20
coin 11 2
round 51
bot 0 32 10
round 52
bot 0 33 10
coin_collected 34 10 0
bot_coins 0 3
round 53
bot 0 33 9
round 54
bot 0 33 8
round 55
bot 0 33 7
coin 15 21
coin 33 1
round 56
bot 0 32 7
round 57
bot 0 31 7
round 58
bot 0 30 6
round 59
bot 0 30 5
round 60
bot 0 30 4
coin 29 0
coin 18 22
round 61
bot 0 29 3
round 62
bot 0 29 2
round 63
bot 0 30 3
round 64
bot 0 30 4
round 65
bot 0 29 3
coin 35 20
coin 13 2
round 66
bot 0 29 2
round 67
bot 0 30 3
round 68
bot 0 30 4
round 69
bot 0 30 3
round 70
coin 11 11
coin 37 10
round 71
bot 0 30 4
round 72
bot 0 29 3
round 73
bot 0 30 4
round 74
bot 0 29 3
round 75
bot 0 29 2
coin 26 5
coin 22 17
round 76
round 77
bot 0 30 3
round 78
bot 0 29 4
round 79
bot 0 28 5
round 80
bot 0 27 5
coin_collected 26 5 0
bot_coins 0 4
coin 44 5
coin 6 18
round 81
bot 0 27 6
round 82
bot 0 27 7
round 83
bot 0 27 8
round 84
bot 0 27 9
round 85
bot 0 27 10
coin 10 19
coin 38 3
round 86
bot 0 27 11
round 87
bot 0 27 12
round 88
bot 0 27 13
round 89
bot 0 27 14
coin_collected 27 15 0
bot_coins 0 5
round 90
bot 0 27 15
coin 19 8
coin 27 14
round 91
bot 0 27 16
round 92
bot 0 27 17
round 93
bot 0 27 18
round 94
bot 0 27 19
round 95
bot 0 27 20
coin 22 22
coin 26 22
round 96
bot 0 26 21
coin_collected 26 22 0
bot_coins 0 6
round 97
bot 0 26 22
round 98
bot 0 25 21
round 99
bot 0 25 20
round 100
bot 0 24 19
coin 43 16
coin 5 6
round 101
bot 0 23 18
round 102
bot 0 22 17
coin_collected 22 17 0
bot_coins 0 7
round 103
bot 0 22 16
round 104
bot 0 22 15
round 105
bot 0 22 14
coin 0 0
coin 48 0
round 106
bot 0 22 13
round 107
bot 0 22 12
round 108
bot 0 22 11
round 109
bot 0 21 10
round 110
bot 0 20 9
coin 9 13
coin 39 9
round 111
bot 0 20 8
coin_collected 19 8 0
bot_coins 0 8
round 112
bot 0 20 7
coin_collected 21 7 0
bot_coins 0 9
round 113
bot 0 20 6
round 114
bot 0 20 5
round 115
bot 0 19 5
coin 8 17
coin 40 5
round 116
bot 0 18 4
coin_collected 18 4 0
bot_coins 0 10
round 117
bot 0 17 5
round 118
bot 0 16 6
coin_collected 15 6 0
bot_coins 0 11
round 119
bot 0 16 7
round 120
bot 0 16 8
coin 48 3
coin 2 21
round 121
bot 0 15 9
round 122
bot 0 14 10
round 123
bot 0 14 11
coin_collected 14 12 0
bot_coins 0 12
round 124
bot 0 14 12
round 125
bot 0 13 12
coin 12 3
coin 36 19
round 126
bot 0 12 12
round 127
bot 0 11 12
coin_collected 11 11 0
bot_coins 0 13
round 128
bot 0 10 12
round 129
bot 0 9 12
coin_collected 9 13 0
bot_coins 0 14
round 130
bot 0 9 13
coin 37 6
coin 9 17
round 131
bot 0 8 13
round 132
bot 0 9 13
round 133
bot 0 8 13
round 134
bot 0 9 13
round 135
bot 0 8 13
coin 16 12
coin 32 10
round 136
bot 0 9 13
round 137
round 138
bot 0 8 13
round 139
bot 0 9 12
round 140
bot 0 9 11
coin 42 6
coin 7 18
round 141
bot 0 9 10
round 142
bot 0 9 9
round 143
bot 0 9 8
round 144
bot 0 9 7
round 145
bot 0 8 6
coin 43 20
coin 3 2
round 146
bot 0 8 5
round 147
bot 0 7 5
round 148
bot 0 6 5
round 149
bot 0 5 5
coin_collected 5 6 0
bot_coins 0 15
round 150
bot 0 4 5
coin 0 1
coin 46 21
round 151
bot 0 3 4
round 152
bot 0 4 5
round 153
bot 0 4 6
coin_collected 3 6 0
bot_coins 0 16
round 154
bot 0 4 7
coin_collected 4 8 0
bot_coins 0 17
round 155
bot 0 4 8
coin 45 17
coin 3 5
round 156
bot 0 5 7
round 157
bot 0 4 6
round 158
bot 0 4 5
coin_collected 3 5 0
bot_coins 0 18
round 159
bot 0 3 4
round 160
bot 0 2 3
coin 1 1
coin 46 20
round 161
bot 0 2 2
coin_collected 3 2 0
bot_coins 0 19
round 162
bot 0 2 1
coin_collected 1 1 0
bot_coins 0 20
round 163
bot 0 2 0
round 164
bot 0 1 1
coin_collected 0 1 0
bot_coins 0 21
round 165
bot 0 1 2
coin 34 7
coin 15 15
round 166
bot 0 1 3
round 167
bot 0 2 2
round 168
bot 0 2 1
round 169
bot 0 2 0
round 170
bot 0 1 1
coin 34 10
coin 14 12
round 171
bot 0 1 2
round 172
bot 0 1 3
round 173
bot 0 2 2
round 174
bot 0 2 1
round 175
bot 0 2 0
coin 31 10
coin 17 12
round 176
bot 0 1 1
round 177
bot 0 1 2
round 178
bot 0 1 3
round 179
bot 0 2 2
round 180
coin 3 1
coin 45 20
round 181
bot 0 3 1
coin_collected 3 1 0
bot_coins 0 22
round 182
bot 0 2 2
round 183
bot 0 2 3
round 184
bot 0 2 4
round 185
bot 0 2 5
coin 15 19
coin 33 2
round 186
bot 0 2 6
round 187
bot 0 1 6
round 188
bot 0 0 6
round 189
bot 0 48 6
round 190
bot 0 47 6
coin 3 2
coin 45 19
round 191
bot 0 47 7
round 192
bot 0 46 7
round 193
bot 0 45 7
round 194
bot 0 45 8
round 195
bot 0 45 9
coin 10 7
coin 38 14
round 196
bot 0 44 8
round 197
bot 0 44 7
round 198
bot 0 43 6
coin_collected 42 6 0
bot_coins 0 23
round 199
bot 0 43 5
coin_collected 44 5 0
bot_coins 0 24
coin_collected 43 4 0
bot_coins 0 25
round 200
bot 0 43 4
coin 23 11
coin 25 11
match_over 0
