match
match_id 1639473947122_aj
match_time 1639473947125
num_bots 1
##MatchConfig
mode FRIENDLY
num_rounds 200
random_seed 42
move_time_limit 1000
coin_spawn_period 5
coin_spawn_volume 2
##MapConfig
map_size 77 23
view_radius 5
mining_radius 1
attack_radius 4
block 0 0
block 6 0
block 7 0
block 8 0
block 9 0
block 10 0
block 25 0
block 26 0
block 27 0
block 28 0
block 29 0
block 38 0
block 39 0
block 40 0
block 41 0
block 43 0
block 44 0
block 45 0
block 46 0
block 47 0
block 48 0
block 49 0
block 50 0
block 51 0
block 52 0
block 53 0
block 54 0
block 55 0
block 56 0
block 71 0
block 72 0
block 73 0
block 74 0
block 75 0
block 76 0
block 0 1
block 6 1
block 7 1
block 8 1
block 9 1
block 10 1
block 25 1
block 26 1
block 27 1
block 28 1
block 29 1
block 38 1
block 39 1
block 40 1
block 41 1
block 50 1
block 51 1
block 52 1
block 53 1
block 54 1
block 55 1
block 56 1
block 71 1
block 72 1
block 73 1
block 74 1
block 75 1
block 76 1
block 4 2
block 5 2
block 6 2
block 7 2
block 8 2
block 9 2
block 10 2
block 25 2
block 26 2
block 27 2
block 28 2
block 29 2
block 38 2
block 39 2
block 40 2
block 41 2
block 4 3
block 5 3
block 6 3
block 7 3
block 8 3
block 9 3
block 10 3
block 38 3
block 39 3
block 40 3
block 41 3
block 0 4
block 1 4
block 2 4
block 3 4
block 4 4
block 5 4
block 6 4
block 7 4
block 8 4
block 9 4
block 10 4
block 38 4
block 39 4
block 40 4
block 41 4
block 0 5
block 1 5
block 2 5
block 3 5
block 4 5
block 7 5
block 8 5
block 9 5
block 10 5
block 38 5
block 39 5
block 40 5
block 41 5
block 0 6
block 1 6
block 2 6
block 3 6
block 4 6
block 7 6
block 8 6
block 9 6
block 10 6
block 58 6
block 59 6
block 60 6
block 0 7
block 1 7
block 2 7
block 3 7
block 4 7
block 7 7
block 8 7
block 9 7
block 10 7
block 39 7
block 40 7
block 41 7
block 42 7
block 43 7
block 58 7
block 59 7
block 60 7
block 0 8
block 1 8
block 2 8
block 3 8
block 4 8
block 7 8
block 8 8
block 9 8
block 10 8
block 39 8
block 40 8
block 41 8
block 42 8
block 43 8
block 58 8
block 59 8
block 60 8
block 0 9
block 1 9
block 2 9
block 3 9
block 4 9
block 7 9
block 8 9
block 9 9
block 10 9
block 24 9
block 25 9
block 26 9
block 27 9
block 28 9
block 29 9
block 39 9
block 40 9
block 41 9
block 42 9
block 43 9
block 49 9
block 50 9
block 51 9
block 52 9
block 53 9
block 54 9
block 58 9
block 59 9
block 60 9
block 7 10
block 8 10
block 9 10
block 10 10
block 24 10
block 25 10
block 26 10
block 27 10
block 28 10
block 29 10
block 36 10
block 37 10
block 38 10
block 39 10
block 40 10
block 41 10
block 42 10
block 43 10
block 49 10
block 50 10
block 51 10
block 52 10
block 53 10
block 54 10
block 58 10
block 59 10
block 60 10
block 70 10
block 71 10
block 72 10
block 73 10
block 24 11
block 25 11
block 26 11
block 27 11
block 28 11
block 29 11
block 36 11
block 37 11
block 38 11
block 39 11
block 40 11
block 41 11
block 49 11
block 50 11
block 51 11
block 52 11
block 53 11
block 70 11
block 71 11
block 72 11
block 73 11
block 24 12
block 25 12
block 26 12
block 27 12
block 28 12
block 29 12
block 36 12
block 37 12
block 38 12
block 39 12
block 40 12
block 70 12
block 71 12
block 72 12
block 73 12
block 24 13
block 25 13
block 26 13
block 27 13
block 28 13
block 29 13
block 36 13
block 37 13
block 38 13
block 39 13
block 40 13
block 70 13
block 71 13
block 72 13
block 73 13
block 24 14
block 25 14
block 26 14
block 27 14
block 28 14
block 29 14
block 36 14
block 37 14
block 38 14
block 39 14
block 40 14
block 70 14
block 71 14
block 72 14
block 73 14
block 0 15
block 1 15
block 2 15
block 3 15
block 4 15
block 5 15
block 24 15
block 25 15
block 26 15
block 27 15
block 28 15
block 29 15
block 34 15
block 35 15
block 36 15
block 37 15
block 38 15
block 39 15
block 40 15
block 70 15
block 71 15
block 72 15
block 73 15
block 76 15
block 0 16
block 1 16
block 2 16
block 3 16
block 4 16
block 5 16
block 22 16
block 23 16
block 24 16
block 25 16
block 26 16
block 34 16
block 35 16
block 36 16
block 37 16
block 38 16
block 39 16
block 40 16
block 70 16
block 71 16
block 72 16
block 73 16
block 76 16
block 0 17
block 1 17
block 2 17
block 3 17
block 4 17
block 5 17
block 22 17
block 23 17
block 24 17
block 25 17
block 26 17
block 34 17
block 35 17
block 36 17
block 37 17
block 38 17
block 39 17
block 40 17
block 45 17
block 46 17
block 47 17
block 48 17
block 49 17
block 50 17
block 76 17
block 0 18
block 1 18
block 2 18
block 3 18
block 4 18
block 5 18
block 22 18
block 23 18
block 24 18
block 25 18
block 26 18
block 34 18
block 35 18
block 36 18
block 37 18
block 38 18
block 39 18
block 40 18
block 45 18
block 46 18
block 47 18
block 48 18
block 49 18
block 50 18
block 76 18
block 0 19
block 1 19
block 2 19
block 22 19
block 23 19
block 24 19
block 25 19
block 26 19
block 27 19
block 28 19
block 29 19
block 34 19
block 35 19
block 45 19
block 46 19
block 47 19
block 48 19
block 49 19
block 50 19
block 75 19
block 76 19
block 0 20
block 1 20
block 2 20
block 25 20
block 26 20
block 27 20
block 28 20
block 29 20
block 34 20
block 35 20
block 43 20
block 44 20
block 45 20
block 46 20
block 47 20
block 48 20
block 49 20
block 71 20
block 72 20
block 73 20
block 74 20
block 75 20
block 76 20
block 0 21
block 1 21
block 2 21
block 25 21
block 26 21
block 27 21
block 28 21
block 29 21
block 38 21
block 39 21
block 40 21
block 43 21
block 44 21
block 45 21
block 46 21
block 47 21
block 48 21
block 49 21
block 71 21
block 72 21
block 73 21
block 74 21
block 75 21
block 76 21
block 0 22
block 1 22
block 2 22
block 6 22
block 7 22
block 8 22
block 9 22
block 10 22
block 25 22
block 26 22
block 27 22
block 28 22
block 29 22
block 38 22
block 39 22
block 40 22
block 43 22
block 44 22
block 45 22
block 46 22
block 47 22
block 48 22
block 49 22
block 50 22
block 51 22
block 52 22
block 53 22
block 54 22
block 55 22
block 56 22
block 71 22
block 72 22
block 73 22
block 74 22
block 75 22
block 76 22
##BotsAndCoinsInfo
bot_name 0 starter-bot
bot 0 54 21
bot_coins 0 0
coin 29 4
coin 47 16
round 1
bot 0 53 21
round 2
bot 0 52 21
round 3
bot 0 51 21
round 4
bot 0 50 21
round 5
coin 42 11
coin 34 11
round 6
bot 0 50 20
round 7
bot 0 51 19
round 8
bot 0 51 18
round 9
bot 0 51 17
round 10
bot 0 51 16
coin 47 4
coin 29 18
round 11
bot 0 51 15
round 12
bot 0 51 14
round 13
bot 0 51 13
round 14
bot 0 51 12
round 15
bot 0 50 12
coin 3 20
coin 73 2
round 16
bot 0 49 12
round 17
bot 0 48 12
round 18
bot 0 48 11
round 19
bot 0 48 10
round 20
bot 0 48 9
coin 76 14
coin 76 8
round 21
bot 0 48 8
round 22
bot 0 48 7
round 23
bot 0 48 6
round 24
bot 0 48 5
round 25
bot 0 48 4
coin_collected 47 4 0
bot_coins 0 1
coin 66 15
coin 11 7
round 26
bot 0 48 3
round 27
bot 0 48 2
round 28
bot 0 48 1
round 29
bot 0 47 1
round 30
bot 0 46 1
coin 35 21
coin 42 1
round 31
bot 0 45 1
round 32
bot 0 44 1
round 33
bot 0 43 1
coin_collected 42 1 0
bot_coins 0 2
round 34
bot 0 42 1
round 35
bot 0 42 0
coin 57 6
coin 19 16
round 36
bot 0 42 1
round 37
round 38
round 39
round 40
coin 69 15
coin 6 7
round 41
round 42
round 43
round 44
round 45
coin 75 16
coin 76 6
round 46
round 47
bot 0 43 2
round 48
round 49
round 50
coin 54 21
coin 22 1
round 51
bot 0 44 1
round 52
round 53
round 54
bot 0 43 1
round 55
coin 36 21
coin 42 1
round 56
coin_collected 42 1 0
bot_coins 0 3
round 57
bot 0 44 2
round 58
round 59
round 60
coin 57 0
coin 19 22
round 61
bot 0 43 2
round 62
round 63
round 64
round 65
bot 0 42 2
coin 21 20
coin 55 2
round 66
round 67
round 68
round 69
round 70
coin 4 11
coin 74 11
round 71
round 72
round 73
bot 0 42 1
round 74
round 75
coin 33 4
coin 43 18
round 76
round 77
round 78
round 79
round 80
coin 23 5
coin 53 17
round 81
round 82
round 83
round 84
round 85
coin 10 18
coin 66 4
round 86
round 87
round 88
round 89
bot 0 42 0
round 90
bot 0 42 1
coin 54 8
coin 22 14
round 91
round 92
round 93
round 94
round 95
coin 21 1
coin 55 21
round 96
round 97
round 98
bot 0 42 0
round 99
bot 0 42 1
round 100
coin 13 16
coin 63 6
round 101
round 102
round 103
round 104
round 105
coin 57 22
coin 19 0
round 106
round 107
round 108
round 109
round 110
coin 10 14
coin 66 8
round 111
round 112
round 113
round 114
round 115
bot 0 43 1
coin 33 16
coin 43 6
round 116
round 117
round 118
round 119
bot 0 42 1
round 120
coin 62 3
coin 14 19
round 121
round 122
round 123
round 124
round 125
coin 26 3
coin 51 19
round 126
round 127
bot 0 42 2
round 128
round 129
round 130
coin 30 6
coin 46 16
round 131
round 132
round 133
round 134
round 135
bot 0 43 2
coin 2 12
coin 74 10
round 136
round 137
round 138
round 139
bot 0 42 3
round 140
coin 76 7
coin 0 14
round 141
round 142
round 143
round 144
round 145
coin 70 22
coin 5 0
round 146
round 147
bot 0 42 2
round 148
round 149
round 150
coin 57 1
coin 19 21
round 151
bot 0 42 3
round 152
round 153
round 154
round 155
coin 4 19
coin 72 3
round 156
round 157
round 158
round 159
bot 0 42 2
round 160
coin 15 1
coin 61 21
round 161
round 162
round 163
round 164
round 165
coin 27 6
coin 49 16
round 166
round 167
round 168
round 169
round 170
coin 34 12
coin 43 11
round 171
bot 0 43 3
round 172
round 173
round 174
round 175
bot 0 42 3
coin 38 9
coin 35 13
round 176
round 177
round 178
round 179
round 180
coin 46 1
coin 30 21
round 181
round 182
round 183
bot 0 43 3
round 184
round 185
coin 3 19
coin 73 3
round 186
round 187
bot 0 42 4
round 188
round 189
round 190
coin 42 2
coin 34 21
round 191
bot 0 43 5
coin_collected 43 6 0
bot_coins 0 4
round 192
round 193
round 194
round 195
bot 0 43 6
coin 11 8
coin 65 14
round 196
round 197
round 198
round 199
round 200
coin 65 11
coin 11 11
match_over 0
