match
match_id 1639327386314_at
match_time 1639327386318
num_bots 1
##MatchConfig
mode FRIENDLY
num_rounds 200
random_seed 42
move_time_limit 1000
coin_spawn_period 5
coin_spawn_volume 2
##MapConfig
map_size 74 36
view_radius 6
mining_radius 2
attack_radius 3
block 13 0
block 14 0
block 15 0
block 16 0
block 17 0
block 18 0
block 19 0
block 36 0
block 37 0
block 38 0
block 58 0
block 59 0
block 60 0
block 61 0
block 69 0
block 70 0
block 13 1
block 14 1
block 15 1
block 16 1
block 17 1
block 18 1
block 19 1
block 58 1
block 59 1
block 60 1
block 61 1
block 13 2
block 14 2
block 15 2
block 16 2
block 17 2
block 18 2
block 19 2
block 56 2
block 57 2
block 58 2
block 59 2
block 60 2
block 61 2
block 62 2
block 63 2
block 64 2
block 65 2
block 66 2
block 67 2
block 68 2
block 13 3
block 14 3
block 15 3
block 16 3
block 17 3
block 18 3
block 19 3
block 25 3
block 26 3
block 27 3
block 28 3
block 29 3
block 30 3
block 56 3
block 57 3
block 58 3
block 59 3
block 60 3
block 61 3
block 62 3
block 63 3
block 64 3
block 65 3
block 66 3
block 67 3
block 68 3
block 13 4
block 14 4
block 15 4
block 16 4
block 17 4
block 18 4
block 19 4
block 25 4
block 26 4
block 27 4
block 28 4
block 29 4
block 30 4
block 56 4
block 57 4
block 58 4
block 59 4
block 60 4
block 61 4
block 62 4
block 63 4
block 64 4
block 65 4
block 66 4
block 67 4
block 68 4
block 1 5
block 2 5
block 25 5
block 26 5
block 27 5
block 28 5
block 29 5
block 30 5
block 56 5
block 57 5
block 58 5
block 59 5
block 60 5
block 61 5
block 62 5
block 1 6
block 2 6
block 25 6
block 26 6
block 27 6
block 28 6
block 29 6
block 30 6
block 56 6
block 57 6
block 58 6
block 59 6
block 60 6
block 61 6
block 62 6
block 1 7
block 2 7
block 25 7
block 26 7
block 27 7
block 28 7
block 29 7
block 30 7
block 50 7
block 51 7
block 52 7
block 53 7
block 56 7
block 57 7
block 58 7
block 59 7
block 60 7
block 61 7
block 62 7
block 1 8
block 2 8
block 32 8
block 33 8
block 34 8
block 50 8
block 51 8
block 52 8
block 53 8
block 32 9
block 33 9
block 34 9
block 50 9
block 51 9
block 52 9
block 53 9
block 32 10
block 33 10
block 34 10
block 4 11
block 5 11
block 6 11
block 32 11
block 33 11
block 34 11
block 66 11
block 67 11
block 68 11
block 69 11
block 70 11
block 4 12
block 5 12
block 6 12
block 32 12
block 33 12
block 34 12
block 61 12
block 62 12
block 63 12
block 64 12
block 66 12
block 67 12
block 68 12
block 69 12
block 70 12
block 7 13
block 8 13
block 9 13
block 10 13
block 61 13
block 62 13
block 63 13
block 64 13
block 66 13
block 67 13
block 68 13
block 69 13
block 70 13
block 7 14
block 8 14
block 9 14
block 10 14
block 28 14
block 29 14
block 30 14
block 31 14
block 32 14
block 33 14
block 34 14
block 61 14
block 62 14
block 63 14
block 64 14
block 7 15
block 8 15
block 9 15
block 10 15
block 28 15
block 29 15
block 30 15
block 31 15
block 32 15
block 33 15
block 34 15
block 61 15
block 62 15
block 63 15
block 64 15
block 0 16
block 1 16
block 2 16
block 3 16
block 4 16
block 7 16
block 8 16
block 9 16
block 10 16
block 28 16
block 29 16
block 30 16
block 31 16
block 32 16
block 33 16
block 34 16
block 61 16
block 62 16
block 63 16
block 64 16
block 71 16
block 72 16
block 73 16
block 0 17
block 1 17
block 2 17
block 3 17
block 4 17
block 7 17
block 8 17
block 9 17
block 10 17
block 28 17
block 29 17
block 30 17
block 31 17
block 32 17
block 33 17
block 34 17
block 61 17
block 62 17
block 63 17
block 64 17
block 71 17
block 72 17
block 73 17
block 0 18
block 1 18
block 2 18
block 3 18
block 4 18
block 7 18
block 8 18
block 9 18
block 10 18
block 61 18
block 62 18
block 63 18
block 64 18
block 66 18
block 67 18
block 68 18
block 69 18
block 70 18
block 71 18
block 72 18
block 73 18
block 0 19
block 1 19
block 2 19
block 3 19
block 4 19
block 66 19
block 67 19
block 68 19
block 69 19
block 70 19
block 71 19
block 72 19
block 73 19
block 0 20
block 1 20
block 2 20
block 3 20
block 4 20
block 66 20
block 67 20
block 68 20
block 69 20
block 70 20
block 71 20
block 72 20
block 66 21
block 67 21
block 68 21
block 69 21
block 70 21
block 71 21
block 72 21
block 66 22
block 67 22
block 68 22
block 69 22
block 70 22
block 71 22
block 72 22
block 66 23
block 67 23
block 68 23
block 69 23
block 70 23
block 71 23
block 72 23
block 7 26
block 8 26
block 9 26
block 10 26
block 11 26
block 12 26
block 13 26
block 37 26
block 38 26
block 39 26
block 40 26
block 41 26
block 42 26
block 43 26
block 7 27
block 8 27
block 9 27
block 10 27
block 11 27
block 12 27
block 13 27
block 30 27
block 31 27
block 32 27
block 33 27
block 34 27
block 35 27
block 36 27
block 37 27
block 38 27
block 39 27
block 40 27
block 41 27
block 42 27
block 43 27
block 18 28
block 19 28
block 20 28
block 21 28
block 22 28
block 23 28
block 30 28
block 31 28
block 32 28
block 33 28
block 34 28
block 35 28
block 36 28
block 37 28
block 38 28
block 39 28
block 40 28
block 41 28
block 42 28
block 43 28
block 18 29
block 19 29
block 20 29
block 21 29
block 22 29
block 23 29
block 30 29
block 31 29
block 32 29
block 33 29
block 34 29
block 35 29
block 36 29
block 37 29
block 38 29
block 39 29
block 40 29
block 41 29
block 42 29
block 43 29
block 18 30
block 19 30
block 20 30
block 21 30
block 22 30
block 23 30
block 30 30
block 31 30
block 32 30
block 33 30
block 34 30
block 35 30
block 36 30
block 30 31
block 31 31
block 32 31
block 33 31
block 34 31
block 35 31
block 36 31
block 30 32
block 31 32
block 32 32
block 33 32
block 34 32
block 35 32
block 36 32
block 36 33
block 37 33
block 38 33
block 36 34
block 37 34
block 38 34
block 13 35
block 14 35
block 15 35
block 16 35
block 17 35
block 18 35
block 19 35
block 36 35
block 37 35
block 38 35
block 58 35
block 59 35
block 60 35
block 61 35
block 69 35
block 70 35
##BotsAndCoinsInfo
bot_name 0 starter-bot
bot 0 41 24
bot_coins 0 0
coin 12 3
coin 61 32
round 1
bot 0 41 25
round 2
round 3
round 4
round 5
coin 2 9
coin 71 26
round 6
round 7
round 8
round 9
round 10
coin 48 25
coin 25 10
round 11
round 12
round 13
round 14
round 15
coin 11 2
coin 62 33
round 16
round 17
round 18
round 19
round 20
coin 57 29
coin 16 6
round 21
round 22
round 23
round 24
round 25
coin 64 26
coin 9 9
round 26
round 27
round 28
round 29
round 30
coin 24 0
coin 49 35
round 31
round 32
round 33
round 34
round 35
coin 48 32
coin 24 3
round 36
round 37
round 38
round 39
round 40
coin 31 6
coin 42 30
round 41
round 42
round 43
round 44
round 45
coin 65 17
coin 8 19
round 46
round 47
round 48
round 49
round 50
coin 62 31
coin 11 4
round 51
round 52
round 53
round 54
round 55
coin 40 33
coin 33 2
round 56
round 57
round 58
round 59
round 60
coin 7 9
coin 66 26
round 61
round 62
round 63
round 64
round 65
coin 44 22
coin 29 13
round 66
round 67
round 68
round 69
round 70
coin 19 31
coin 54 4
round 71
round 72
round 73
round 74
round 75
coin 68 14
coin 5 21
round 76
round 77
round 78
round 79
round 80
coin 20 5
coin 53 30
round 81
round 82
round 83
round 84
round 85
coin 37 23
coin 36 12
round 86
round 87
round 88
round 89
round 90
coin 10 25
coin 63 10
round 91
round 92
round 93
round 94
round 95
coin 59 12
coin 14 23
round 96
round 97
round 98
round 99
round 100
coin 23 13
coin 50 22
round 101
round 102
round 103
round 104
round 105
coin 17 25
coin 56 10
round 106
round 107
round 108
round 109
round 110
coin 0 6
coin 73 29
round 111
round 112
round 113
round 114
round 115
coin 57 11
coin 16 24
round 116
round 117
round 118
round 119
round 120
coin 65 7
coin 8 28
round 121
round 122
round 123
round 124
round 125
coin 71 32
coin 2 3
round 126
round 127
round 128
round 129
round 130
coin 40 4
coin 33 33
round 131
round 132
round 133
round 134
round 135
coin 72 34
coin 1 1
round 136
round 137
round 138
round 139
round 140
coin 51 31
coin 22 4
round 141
round 142
round 143
round 144
round 145
coin 45 27
coin 28 8
round 146
round 147
round 148
round 149
round 150
coin 67 24
coin 6 10
round 151
round 152
round 153
round 154
round 155
coin 60 13
coin 13 22
round 156
round 157
round 158
round 159
round 160
coin 56 14
coin 17 21
round 161
round 162
round 163
round 164
round 165
coin 37 31
coin 36 4
round 166
round 167
round 168
round 169
round 170
coin 31 26
coin 42 9
round 171
round 172
round 173
round 174
round 175
coin 14 5
coin 59 30
round 176
round 177
round 178
round 179
round 180
coin 17 26
coin 56 9
round 181
round 182
round 183
round 184
round 185
coin 9 5
coin 64 30
round 186
round 187
round 188
round 189
round 190
coin 50 16
coin 23 19
round 191
round 192
round 193
round 194
round 195
coin 65 33
coin 8 2
round 196
round 197
round 198
round 199
round 200
coin 56 11
coin 17 24
match_over 0
