match
match_id 1639337869431_ag
match_time 1639337869435
num_bots 1
##MatchConfig
mode FRIENDLY
num_rounds 200
random_seed 42
move_time_limit 1000
coin_spawn_period 5
coin_spawn_volume 2
##MapConfig
map_size 63 29
view_radius 5
mining_radius 2
attack_radius 3
block 6 0
block 7 0
block 8 0
block 9 0
block 10 0
block 11 0
block 31 0
block 32 0
block 44 0
block 45 0
block 46 0
block 47 0
block 48 0
block 6 1
block 7 1
block 8 1
block 9 1
block 10 1
block 11 1
block 31 1
block 32 1
block 44 1
block 45 1
block 46 1
block 47 1
block 48 1
block 7 2
block 8 2
block 9 2
block 31 2
block 32 2
block 7 3
block 8 3
block 9 3
block 56 5
block 57 5
block 58 5
block 59 5
block 60 5
block 61 5
block 6 6
block 7 6
block 8 6
block 37 6
block 38 6
block 39 6
block 40 6
block 41 6
block 42 6
block 56 6
block 57 6
block 58 6
block 59 6
block 60 6
block 61 6
block 6 7
block 7 7
block 8 7
block 13 7
block 14 7
block 15 7
block 16 7
block 37 7
block 38 7
block 39 7
block 40 7
block 41 7
block 42 7
block 56 7
block 57 7
block 58 7
block 59 7
block 60 7
block 61 7
block 6 8
block 7 8
block 8 8
block 13 8
block 14 8
block 15 8
block 16 8
block 56 8
block 57 8
block 58 8
block 59 8
block 60 8
block 61 8
block 13 9
block 14 9
block 15 9
block 16 9
block 56 9
block 57 9
block 58 9
block 59 9
block 60 9
block 61 9
block 56 10
block 57 10
block 58 10
block 59 10
block 60 10
block 61 10
block 56 11
block 57 11
block 58 11
block 59 11
block 60 11
block 61 11
block 20 13
block 21 13
block 20 14
block 21 14
block 20 15
block 21 15
block 20 16
block 21 16
block 2 17
block 3 17
block 4 17
block 20 17
block 21 17
block 2 18
block 3 18
block 4 18
block 20 18
block 21 18
block 2 19
block 3 19
block 4 19
block 2 20
block 3 20
block 4 20
block 6 25
block 7 25
block 8 25
block 9 25
block 10 25
block 11 25
block 44 25
block 45 25
block 46 25
block 47 25
block 48 25
block 6 26
block 7 26
block 8 26
block 9 26
block 10 26
block 11 26
block 44 26
block 45 26
block 46 26
block 47 26
block 48 26
block 6 27
block 7 27
block 8 27
block 9 27
block 10 27
block 11 27
block 44 27
block 45 27
block 46 27
block 47 27
block 48 27
block 6 28
block 7 28
block 8 28
block 9 28
block 10 28
block 11 28
block 44 28
block 45 28
block 46 28
block 47 28
block 48 28
##BotsAndCoinsInfo
bot_name 0 starter-bot
bot 0 60 26
bot_coins 0 0
coin 8 9
coin 54 19
round 1
bot 0 60 27
round 2
bot 0 60 28
round 3
bot 0 59 27
round 4
bot 0 59 26
round 5
bot 0 59 25
coin 27 15
coin 35 13
round 6
bot 0 59 24
round 7
bot 0 59 23
round 8
bot 0 59 22
round 9
bot 0 59 21
round 10
bot 0 59 20
coin 54 23
coin 8 5
round 11
bot 0 59 19
round 12
bot 0 59 18
round 13
bot 0 59 17
round 14
bot 0 59 16
round 15
bot 0 59 15
coin 50 8
coin 12 20
round 16
bot 0 59 14
round 17
bot 0 59 13
round 18
bot 0 59 12
round 19
bot 0 58 12
round 20
bot 0 57 12
coin 34 25
coin 28 3
round 21
bot 0 56 12
round 22
bot 0 55 12
round 23
bot 0 55 11
round 24
bot 0 55 10
round 25
bot 0 55 9
coin 38 22
coin 24 6
round 26
bot 0 55 8
round 27
bot 0 55 7
round 28
bot 0 55 6
round 29
bot 0 55 5
round 30
bot 0 55 4
coin 42 15
coin 19 13
round 31
bot 0 55 3
round 32
bot 0 55 2
round 33
bot 0 55 1
round 34
bot 0 55 0
round 35
bot 0 54 1
coin 8 20
coin 54 8
round 36
bot 0 54 2
round 37
bot 0 54 3
round 38
bot 0 54 4
round 39
bot 0 54 5
round 40
bot 0 54 6
coin_collected 54 8 0
bot_coins 0 1
coin 42 1
coin 20 27
round 41
bot 0 54 7
round 42
bot 0 54 8
round 43
bot 0 54 9
round 44
bot 0 54 10
round 45
bot 0 54 11
coin 28 2
coin 34 26
round 46
bot 0 54 12
round 47
bot 0 54 13
round 48
bot 0 54 14
round 49
bot 0 54 15
round 50
bot 0 54 16
coin 5 27
coin 57 1
round 51
bot 0 54 17
coin_collected 54 19 0
bot_coins 0 2
round 52
bot 0 54 18
round 53
bot 0 54 19
round 54
bot 0 54 20
round 55
bot 0 54 21
coin_collected 54 23 0
bot_coins 0 3
coin 8 19
coin 54 9
round 56
bot 0 54 22
round 57
bot 0 54 23
round 58
bot 0 54 24
round 59
bot 0 54 25
round 60
bot 0 54 26
coin 14 19
coin 48 9
round 61
bot 0 54 27
round 62
bot 0 54 28
round 63
bot 0 53 27
round 64
bot 0 53 26
round 65
bot 0 53 25
coin 7 9
coin 55 19
round 66
bot 0 53 24
round 67
bot 0 53 23
round 68
bot 0 53 22
round 69
bot 0 53 21
round 70
bot 0 53 20
coin 46 11
coin 16 17
round 71
bot 0 53 19
coin_collected 55 19 0
bot_coins 0 4
round 72
bot 0 53 18
round 73
bot 0 53 17
round 74
bot 0 53 16
round 75
bot 0 53 15
coin 40 1
coin 22 27
round 76
bot 0 53 14
round 77
bot 0 53 13
round 78
bot 0 53 12
round 79
bot 0 53 11
round 80
bot 0 53 10
coin_collected 54 9 0
bot_coins 0 5
coin 2 16
coin 60 12
round 81
bot 0 53 9
round 82
bot 0 53 8
round 83
bot 0 53 7
round 84
bot 0 53 6
round 85
bot 0 53 5
coin 38 8
coin 24 20
round 86
bot 0 53 4
round 87
bot 0 53 3
round 88
bot 0 53 2
round 89
bot 0 53 1
round 90
bot 0 53 0
coin 12 27
coin 50 1
round 91
bot 0 52 1
coin_collected 50 1 0
bot_coins 0 6
round 92
bot 0 52 2
round 93
bot 0 52 3
round 94
bot 0 52 4
round 95
bot 0 52 5
coin 7 22
coin 55 6
round 96
bot 0 52 6
round 97
bot 0 52 7
round 98
bot 0 52 8
coin_collected 50 8 0
bot_coins 0 7
round 99
bot 0 52 9
round 100
bot 0 52 10
coin 41 22
coin 21 6
round 101
bot 0 52 11
round 102
bot 0 52 12
round 103
bot 0 52 13
round 104
bot 0 52 14
round 105
bot 0 52 15
coin 35 23
coin 27 5
round 106
bot 0 52 16
round 107
bot 0 52 17
round 108
bot 0 52 18
round 109
bot 0 52 19
round 110
bot 0 52 20
coin 59 15
coin 3 13
round 111
bot 0 52 21
round 112
bot 0 52 22
round 113
bot 0 52 23
round 114
bot 0 52 24
round 115
bot 0 52 25
coin 13 0
coin 49 28
round 116
bot 0 52 26
round 117
bot 0 52 27
round 118
bot 0 52 28
round 119
bot 0 51 27
round 120
bot 0 51 26
coin 55 14
coin 7 14
round 121
bot 0 51 25
round 122
bot 0 51 24
round 123
bot 0 51 23
round 124
bot 0 51 22
round 125
bot 0 51 21
coin 40 2
coin 22 26
round 126
bot 0 51 20
round 127
bot 0 51 19
round 128
bot 0 51 18
round 129
bot 0 51 17
round 130
bot 0 51 16
coin 44 10
coin 18 18
round 131
bot 0 51 15
round 132
bot 0 51 14
round 133
bot 0 51 13
round 134
bot 0 51 12
round 135
bot 0 51 11
coin 44 19
coin 18 9
round 136
bot 0 51 10
round 137
bot 0 51 9
round 138
bot 0 51 8
round 139
bot 0 51 7
round 140
bot 0 51 6
coin 28 22
coin 34 6
round 141
bot 0 51 5
round 142
bot 0 51 4
round 143
bot 0 51 3
round 144
bot 0 51 2
round 145
bot 0 51 1
coin 57 4
coin 5 24
round 146
bot 0 51 0
round 147
bot 0 50 1
round 148
bot 0 50 2
round 149
bot 0 50 3
round 150
bot 0 50 4
coin 28 6
coin 34 22
round 151
bot 0 50 5
round 152
bot 0 50 6
round 153
bot 0 50 7
round 154
bot 0 50 8
round 155
bot 0 50 9
coin_collected 48 9 0
bot_coins 0 8
coin 11 20
coin 51 8
round 156
bot 0 50 10
round 157
bot 0 50 11
round 158
bot 0 50 12
round 159
bot 0 50 13
round 160
bot 0 50 14
coin 8 13
coin 54 15
round 161
bot 0 50 15
round 162
bot 0 50 16
round 163
bot 0 50 17
round 164
bot 0 50 18
round 165
bot 0 50 19
coin 41 25
coin 21 3
round 166
bot 0 50 20
round 167
bot 0 50 21
round 168
bot 0 50 22
round 169
bot 0 50 23
round 170
bot 0 50 24
coin 48 5
coin 14 23
round 171
bot 0 50 25
round 172
bot 0 50 26
round 173
bot 0 50 27
coin_collected 49 28 0
bot_coins 0 9
round 174
bot 0 50 28
round 175
bot 0 49 27
coin 10 18
coin 52 10
round 176
bot 0 49 26
round 177
bot 0 49 25
round 178
bot 0 49 24
round 179
bot 0 49 23
round 180
bot 0 49 22
coin 4 5
coin 58 23
round 181
bot 0 49 21
round 182
bot 0 49 20
round 183
bot 0 49 19
round 184
bot 0 49 18
round 185
bot 0 49 17
coin 43 24
coin 19 4
round 186
bot 0 49 16
round 187
bot 0 49 15
round 188
bot 0 49 14
round 189
bot 0 49 13
round 190
bot 0 49 12
coin 5 6
coin 57 22
round 191
bot 0 49 11
round 192
bot 0 49 10
round 193
bot 0 49 9
round 194
bot 0 49 8
coin_collected 51 8 0
bot_coins 0 10
round 195
bot 0 49 7
coin 38 11
coin 24 17
round 196
bot 0 49 6
coin_collected 48 5 0
bot_coins 0 11
round 197
bot 0 49 5
round 198
bot 0 49 4
round 199
bot 0 49 3
round 200
bot 0 49 2
coin 30 4
coin 32 24
match_over 0
