match
match_id 1639167987602_be
match_time 1639167987605
num_bots 1
##MatchConfig
mode FRIENDLY
num_rounds 200
random_seed 42
move_time_limit 1000
coin_spawn_period 5
coin_spawn_volume 2
##MapConfig
map_size 50 30
view_radius 5
mining_radius 2
attack_radius 4
block 18 0
block 19 0
block 20 0
block 21 0
block 22 0
block 23 0
block 24 0
block 29 0
block 30 0
block 31 0
block 14 1
block 15 1
block 18 1
block 19 1
block 20 1
block 21 1
block 22 1
block 23 1
block 24 1
block 29 1
block 30 1
block 31 1
block 14 2
block 15 2
block 18 2
block 19 2
block 20 2
block 21 2
block 22 2
block 23 2
block 24 2
block 29 2
block 30 2
block 31 2
block 7 3
block 8 3
block 9 3
block 10 3
block 11 3
block 14 3
block 15 3
block 18 3
block 19 3
block 20 3
block 21 3
block 22 3
block 23 3
block 24 3
block 29 3
block 30 3
block 31 3
block 32 3
block 33 3
block 34 3
block 1 4
block 2 4
block 3 4
block 4 4
block 5 4
block 7 4
block 8 4
block 9 4
block 10 4
block 11 4
block 14 4
block 15 4
block 29 4
block 30 4
block 31 4
block 32 4
block 33 4
block 34 4
block 1 5
block 2 5
block 3 5
block 4 5
block 5 5
block 7 5
block 8 5
block 9 5
block 10 5
block 11 5
block 14 5
block 15 5
block 27 5
block 28 5
block 29 5
block 30 5
block 31 5
block 32 5
block 33 5
block 34 5
block 1 6
block 2 6
block 3 6
block 4 6
block 5 6
block 7 6
block 8 6
block 9 6
block 10 6
block 11 6
block 12 6
block 13 6
block 14 6
block 15 6
block 16 6
block 17 6
block 27 6
block 28 6
block 29 6
block 30 6
block 31 6
block 32 6
block 33 6
block 34 6
block 35 6
block 36 6
block 1 7
block 2 7
block 3 7
block 4 7
block 5 7
block 7 7
block 8 7
block 9 7
block 10 7
block 11 7
block 12 7
block 13 7
block 14 7
block 15 7
block 16 7
block 17 7
block 27 7
block 28 7
block 29 7
block 30 7
block 31 7
block 32 7
block 33 7
block 34 7
block 35 7
block 36 7
block 1 8
block 2 8
block 3 8
block 4 8
block 5 8
block 6 8
block 12 8
block 13 8
block 14 8
block 15 8
block 16 8
block 17 8
block 29 8
block 30 8
block 31 8
block 32 8
block 33 8
block 34 8
block 35 8
block 36 8
block 1 9
block 2 9
block 3 9
block 4 9
block 5 9
block 6 9
block 12 9
block 13 9
block 14 9
block 15 9
block 16 9
block 17 9
block 22 9
block 23 9
block 24 9
block 25 9
block 26 9
block 27 9
block 32 9
block 33 9
block 34 9
block 35 9
block 36 9
block 1 10
block 2 10
block 3 10
block 4 10
block 5 10
block 6 10
block 12 10
block 13 10
block 14 10
block 15 10
block 16 10
block 17 10
block 22 10
block 23 10
block 24 10
block 25 10
block 26 10
block 27 10
block 32 10
block 33 10
block 34 10
block 35 10
block 36 10
block 2 11
block 3 11
block 4 11
block 5 11
block 6 11
block 22 11
block 23 11
block 24 11
block 25 11
block 26 11
block 27 11
block 32 11
block 33 11
block 34 11
block 35 11
block 36 11
block 2 12
block 3 12
block 4 12
block 5 12
block 6 12
block 22 12
block 23 12
block 24 12
block 25 12
block 26 12
block 27 12
block 32 12
block 33 12
block 34 12
block 35 12
block 36 12
block 22 13
block 23 13
block 24 13
block 25 13
block 26 13
block 27 13
block 0 14
block 1 14
block 46 14
block 47 14
block 48 14
block 49 14
block 0 15
block 1 15
block 46 15
block 47 15
block 48 15
block 49 15
block 0 16
block 1 16
block 15 16
block 16 16
block 46 16
block 47 16
block 48 16
block 49 16
block 15 17
block 16 17
block 15 18
block 16 18
block 15 19
block 16 19
block 15 20
block 16 20
block 15 21
block 16 21
block 22 22
block 23 22
block 24 22
block 25 22
block 22 23
block 23 23
block 24 23
block 25 23
block 35 27
block 36 27
block 37 27
block 38 27
block 39 27
block 40 27
block 41 27
block 29 28
block 30 28
block 31 28
block 35 28
block 36 28
block 37 28
block 38 28
block 39 28
block 40 28
block 41 28
block 29 29
block 30 29
block 31 29
block 35 29
block 36 29
block 37 29
block 38 29
block 39 29
block 40 29
block 41 29
##BotsAndCoinsInfo
bot_name 0 starter-bot
bot 0 22 7
bot_coins 0 0
coin 28 3
coin 21 26
round 1
bot 0 22 8
round 2
round 3
round 4
round 5
coin 48 13
coin 1 17
round 6
round 7
round 8
round 9
round 10
coin 20 25
coin 28 4
round 11
round 12
round 13
round 14
round 15
coin 6 7
coin 43 22
round 16
round 17
round 18
round 19
round 20
coin 19 23
coin 28 8
round 21
round 22
round 23
round 24
round 25
coin 32 2
coin 17 27
round 26
round 27
round 28
round 29
round 30
coin 28 12
coin 21 17
round 31
round 32
round 33
round 34
round 35
coin 26 2
coin 23 27
round 36
round 37
round 38
round 39
round 40
coin 6 0
coin 43 29
round 41
round 42
round 43
round 44
round 45
coin 44 29
coin 5 0
round 46
round 47
round 48
round 49
round 50
coin 0 13
coin 49 17
round 51
round 52
round 53
round 54
round 55
coin 26 3
coin 23 26
round 56
round 57
round 58
round 59
round 60
coin 43 21
coin 7 8
round 61
round 62
round 63
round 64
round 65
coin 30 27
coin 17 2
round 66
round 67
round 68
round 69
round 70
coin 37 6
coin 12 23
round 71
round 72
round 73
round 74
round 75
coin 30 9
coin 19 20
round 76
round 77
round 78
round 79
round 80
coin 27 4
coin 22 25
round 81
round 82
round 83
round 84
round 85
coin 17 17
coin 32 13
round 86
round 87
round 88
round 89
round 90
coin 12 13
coin 37 16
round 91
round 92
round 93
round 94
round 95
coin 13 24
coin 36 5
round 96
round 97
round 98
round 99
round 100
coin 29 25
coin 20 4
round 101
round 102
round 103
round 104
round 105
coin 23 7
coin 26 22
round 106
coin_collected 23 7 0
bot_coins 0 1
round 107
round 108
round 109
round 110
coin 25 24
coin 24 5
round 111
round 112
round 113
round 114
round 115
coin 6 5
coin 43 24
round 116
round 117
round 118
round 119
round 120
coin 7 13
coin 42 16
round 121
round 122
round 123
round 124
round 125
coin 43 20
coin 7 9
round 126
round 127
round 128
round 129
round 130
coin 8 16
coin 41 13
round 131
round 132
round 133
round 134
round 135
coin 10 10
coin 39 19
round 136
round 137
round 138
round 139
round 140
coin 13 19
coin 37 10
round 141
round 142
round 143
round 144
round 145
coin 12 3
coin 37 26
round 146
round 147
round 148
round 149
round 150
coin 47 29
coin 2 0
round 151
round 152
round 153
round 154
round 155
coin 2 1
coin 47 28
round 156
round 157
round 158
round 159
round 160
coin 44 14
coin 5 15
round 161
round 162
round 163
round 164
round 165
coin 48 19
coin 0 10
round 166
round 167
round 168
round 169
round 170
coin 25 8
coin 24 21
round 171
round 172
round 173
round 174
round 175
coin 40 11
coin 9 18
round 176
round 177
round 178
round 179
round 180
coin 3 19
coin 46 10
round 181
round 182
round 183
round 184
round 185
coin 23 24
coin 26 5
round 186
round 187
round 188
round 189
round 190
coin 37 11
coin 12 18
round 191
round 192
round 193
round 194
round 195
coin 25 3
coin 24 26
round 196
round 197
round 198
round 199
round 200
coin 0 4
coin 49 25
match_over 0
