match
match_id 1639177032801_ho
match_time 1639177032806
num_bots 1
##MatchConfig
mode FRIENDLY
num_rounds 200
random_seed 42
move_time_limit 1000
coin_spawn_period 5
coin_spawn_volume 2
##MapConfig
map_size 49 21
view_radius 5
mining_radius 2
attack_radius 4
block 0 0
block 1 0
block 6 0
block 7 0
block 8 0
block 9 0
block 10 0
block 11 0
block 12 0
block 13 0
block 37 0
block 38 0
block 39 0
block 40 0
block 41 0
block 42 0
block 43 0
block 48 0
block 0 1
block 1 1
block 30 1
block 31 1
block 40 1
block 41 1
block 42 1
block 43 1
block 44 1
block 45 1
block 46 1
block 47 1
block 48 1
block 30 2
block 31 2
block 40 2
block 41 2
block 42 2
block 43 2
block 44 2
block 45 2
block 46 2
block 47 2
block 48 2
block 0 3
block 1 3
block 2 3
block 27 3
block 28 3
block 29 3
block 30 3
block 31 3
block 32 3
block 33 3
block 44 3
block 45 3
block 46 3
block 47 3
block 48 3
block 0 4
block 1 4
block 2 4
block 7 4
block 8 4
block 9 4
block 17 4
block 18 4
block 19 4
block 27 4
block 28 4
block 29 4
block 30 4
block 31 4
block 32 4
block 33 4
block 44 4
block 45 4
block 46 4
block 47 4
block 48 4
block 0 5
block 1 5
block 2 5
block 7 5
block 8 5
block 9 5
block 17 5
block 18 5
block 19 5
block 27 5
block 28 5
block 29 5
block 30 5
block 31 5
block 32 5
block 33 5
block 44 5
block 45 5
block 46 5
block 47 5
block 48 5
block 0 6
block 1 6
block 2 6
block 17 6
block 18 6
block 19 6
block 24 6
block 25 6
block 26 6
block 27 6
block 28 6
block 29 6
block 30 6
block 31 6
block 32 6
block 33 6
block 38 6
block 39 6
block 40 6
block 44 6
block 45 6
block 46 6
block 47 6
block 48 6
block 0 7
block 1 7
block 2 7
block 17 7
block 18 7
block 19 7
block 24 7
block 25 7
block 26 7
block 27 7
block 28 7
block 29 7
block 30 7
block 31 7
block 32 7
block 33 7
block 38 7
block 39 7
block 40 7
block 44 7
block 45 7
block 46 7
block 47 7
block 48 7
block 17 8
block 18 8
block 19 8
block 22 8
block 23 8
block 24 8
block 25 8
block 26 8
block 27 8
block 28 8
block 29 8
block 30 8
block 31 8
block 32 8
block 33 8
block 38 8
block 39 8
block 40 8
block 22 9
block 23 9
block 24 9
block 25 9
block 26 9
block 27 9
block 28 9
block 29 9
block 30 9
block 31 9
block 32 9
block 33 9
block 38 9
block 39 9
block 40 9
block 46 9
block 47 9
block 22 10
block 23 10
block 24 10
block 25 10
block 26 10
block 27 10
block 28 10
block 29 10
block 32 10
block 33 10
block 38 10
block 39 10
block 40 10
block 46 10
block 47 10
block 22 11
block 23 11
block 24 11
block 25 11
block 26 11
block 27 11
block 28 11
block 29 11
block 38 11
block 39 11
block 40 11
block 46 11
block 47 11
block 22 12
block 23 12
block 24 12
block 25 12
block 26 12
block 27 12
block 28 12
block 29 12
block 38 12
block 39 12
block 40 12
block 46 12
block 47 12
block 15 13
block 16 13
block 17 13
block 18 13
block 19 13
block 20 13
block 22 13
block 23 13
block 24 13
block 25 13
block 26 13
block 27 13
block 28 13
block 29 13
block 46 13
block 47 13
block 15 14
block 16 14
block 17 14
block 18 14
block 19 14
block 20 14
block 22 14
block 23 14
block 24 14
block 25 14
block 26 14
block 27 14
block 28 14
block 29 14
block 38 14
block 39 14
block 40 14
block 46 14
block 47 14
block 0 15
block 15 15
block 16 15
block 17 15
block 18 15
block 19 15
block 20 15
block 24 15
block 25 15
block 26 15
block 27 15
block 28 15
block 29 15
block 38 15
block 39 15
block 40 15
block 46 15
block 47 15
block 48 15
block 0 16
block 15 16
block 16 16
block 17 16
block 18 16
block 19 16
block 20 16
block 24 16
block 25 16
block 26 16
block 27 16
block 28 16
block 29 16
block 37 16
block 38 16
block 39 16
block 40 16
block 41 16
block 42 16
block 43 16
block 46 16
block 47 16
block 48 16
block 0 17
block 2 17
block 3 17
block 4 17
block 5 17
block 6 17
block 7 17
block 8 17
block 9 17
block 10 17
block 11 17
block 37 17
block 38 17
block 39 17
block 40 17
block 41 17
block 42 17
block 43 17
block 46 17
block 47 17
block 48 17
block 0 18
block 1 18
block 2 18
block 3 18
block 4 18
block 5 18
block 6 18
block 7 18
block 8 18
block 9 18
block 10 18
block 11 18
block 37 18
block 38 18
block 39 18
block 40 18
block 41 18
block 42 18
block 43 18
block 46 18
block 47 18
block 48 18
block 0 19
block 1 19
block 6 19
block 7 19
block 8 19
block 9 19
block 10 19
block 11 19
block 37 19
block 38 19
block 39 19
block 40 19
block 41 19
block 42 19
block 43 19
block 46 19
block 47 19
block 48 19
block 0 20
block 1 20
block 6 20
block 7 20
block 8 20
block 9 20
block 10 20
block 11 20
block 12 20
block 13 20
block 37 20
block 38 20
block 39 20
block 40 20
block 41 20
block 42 20
block 43 20
block 46 20
block 47 20
block 48 20
##BotsAndCoinsInfo
bot_name 0 starter-bot
bot 0 14 8
bot_coins 0 0
coin 30 12
coin 18 9
round 1
bot 0 14 9
round 2
bot 0 14 10
round 3
bot 0 14 11
round 4
bot 0 14 12
round 5
bot 0 14 13
coin 34 17
coin 14 3
round 6
bot 0 14 14
round 7
bot 0 14 15
round 8
bot 0 14 16
round 9
bot 0 14 17
round 10
bot 0 14 18
coin 20 4
coin 28 17
round 11
bot 0 14 19
round 12
bot 0 14 20
round 13
bot 0 14 0
round 14
bot 0 14 20
round 15
bot 0 14 19
coin 1 17
coin 0 2
round 16
bot 0 13 19
round 17
bot 0 12 19
round 18
bot 0 12 18
round 19
bot 0 12 17
round 20
bot 0 12 16
coin 1 16
coin 1 2
round 21
bot 0 11 16
round 22
bot 0 10 16
round 23
bot 0 9 16
round 24
bot 0 8 15
round 25
bot 0 8 14
coin 3 11
coin 45 9
round 26
bot 0 8 13
round 27
bot 0 8 12
round 28
bot 0 8 11
round 29
bot 0 8 10
round 30
bot 0 8 9
coin 28 0
coin 20 20
round 31
bot 0 8 8
round 32
bot 0 8 7
round 33
bot 0 8 6
round 34
round 35
coin 15 17
coin 34 3
round 36
round 37
round 38
round 39
round 40
coin 30 13
coin 20 7
round 41
round 42
round 43
round 44
round 45
coin 2 2
coin 45 18
round 46
round 47
round 48
round 49
round 50
coin 39 1
coin 9 16
round 51
round 52
round 53
round 54
round 55
coin 15 9
coin 33 11
round 56
round 57
round 58
round 59
round 60
coin 30 10
coin 18 10
round 61
round 62
round 63
round 64
round 65
coin 35 10
coin 13 10
round 66
round 67
round 68
round 69
round 70
coin 11 12
coin 37 8
round 71
round 72
round 73
round 74
round 75
coin 26 5
coin 22 15
round 76
round 77
round 78
round 79
round 80
coin 44 17
coin 4 3
round 81
round 82
round 83
round 84
round 85
coin 10 11
coin 37 9
round 86
round 87
round 88
round 89
round 90
coin 19 19
coin 29 1
round 91
round 92
round 93
round 94
round 95
coin 21 6
coin 30 14
round 96
round 97
round 98
round 99
round 100
coin 44 19
coin 4 1
round 101
round 102
round 103
round 104
round 105
coin 0 8
coin 48 12
round 106
round 107
round 108
round 109
round 110
coin 10 1
coin 36 19
round 111
round 112
round 113
round 114
round 115
coin 6 2
coin 44 18
round 116
round 117
round 118
round 119
round 120
coin 48 10
coin 0 10
round 121
round 122
round 123
round 124
round 125
coin 12 14
coin 36 6
round 126
round 127
round 128
round 129
round 130
coin 37 1
coin 12 19
round 131
round 132
round 133
round 134
round 135
coin 16 7
coin 32 13
round 136
round 137
round 138
round 139
round 140
coin 42 7
coin 6 13
round 141
round 142
round 143
round 144
round 145
coin 43 3
coin 5 16
round 146
round 147
round 148
round 149
round 150
coin 3 5
coin 45 15
round 151
round 152
round 153
round 154
round 155
coin 45 16
coin 3 4
round 156
round 157
round 158
round 159
round 160
coin 2 1
coin 45 19
round 161
round 162
round 163
round 164
round 165
coin 34 4
coin 14 16
round 166
round 167
round 168
round 169
round 170
coin 34 12
coin 14 8
round 171
round 172
round 173
round 174
round 175
coin 31 10
coin 17 10
round 176
round 177
round 178
round 179
round 180
coin 4 7
coin 44 13
round 181
round 182
round 183
round 184
round 185
coin 15 5
coin 33 15
round 186
round 187
round 188
round 189
round 190
coin 5 7
coin 43 13
round 191
round 192
round 193
round 194
round 195
coin 9 1
coin 36 18
round 196
round 197
round 198
round 199
round 200
coin 23 1
coin 25 19
match_over 0
