match
match_id 1639073983872_af
match_time 1639073983874
num_bots 1
##MatchConfig
mode FRIENDLY
num_rounds 200
random_seed 42
move_time_limit 1000
coin_spawn_period 5
coin_spawn_volume 2
##MapConfig
map_size 48 22
view_radius 6
mining_radius 1
attack_radius 4
block 4 0
block 5 0
block 6 0
block 12 0
block 13 0
block 14 0
block 19 0
block 20 0
block 21 0
block 22 0
block 23 0
block 24 0
block 25 0
block 26 0
block 27 0
block 28 0
block 29 0
block 32 0
block 33 0
block 34 0
block 44 0
block 45 0
block 46 0
block 0 1
block 1 1
block 2 1
block 3 1
block 4 1
block 5 1
block 6 1
block 12 1
block 13 1
block 14 1
block 21 1
block 22 1
block 23 1
block 24 1
block 25 1
block 26 1
block 27 1
block 28 1
block 29 1
block 30 1
block 31 1
block 32 1
block 33 1
block 34 1
block 44 1
block 45 1
block 46 1
block 0 2
block 1 2
block 2 2
block 3 2
block 4 2
block 24 2
block 25 2
block 26 2
block 27 2
block 28 2
block 29 2
block 30 2
block 31 2
block 32 2
block 33 2
block 34 2
block 35 2
block 36 2
block 0 3
block 1 3
block 2 3
block 3 3
block 4 3
block 24 3
block 25 3
block 26 3
block 27 3
block 28 3
block 29 3
block 30 3
block 31 3
block 32 3
block 33 3
block 34 3
block 35 3
block 36 3
block 0 4
block 1 4
block 2 4
block 3 4
block 4 4
block 24 4
block 25 4
block 26 4
block 27 4
block 28 4
block 29 4
block 30 4
block 31 4
block 32 4
block 33 4
block 34 4
block 35 4
block 36 4
block 0 5
block 1 5
block 2 5
block 3 5
block 4 5
block 29 5
block 30 5
block 31 5
block 32 5
block 33 5
block 34 5
block 35 5
block 36 5
block 25 6
block 26 6
block 27 6
block 29 6
block 30 6
block 31 6
block 32 6
block 33 6
block 34 6
block 35 6
block 36 6
block 25 7
block 26 7
block 27 7
block 29 7
block 30 7
block 31 7
block 32 7
block 33 7
block 34 7
block 35 7
block 36 7
block 5 8
block 6 8
block 7 8
block 8 8
block 9 8
block 10 8
block 25 8
block 26 8
block 27 8
block 29 8
block 30 8
block 31 8
block 32 8
block 33 8
block 34 8
block 35 8
block 36 8
block 0 9
block 1 9
block 2 9
block 3 9
block 4 9
block 5 9
block 6 9
block 7 9
block 8 9
block 9 9
block 10 9
block 11 9
block 25 9
block 26 9
block 27 9
block 33 9
block 34 9
block 35 9
block 36 9
block 0 10
block 1 10
block 2 10
block 3 10
block 4 10
block 5 10
block 6 10
block 7 10
block 8 10
block 9 10
block 10 10
block 11 10
block 25 10
block 26 10
block 27 10
block 33 10
block 34 10
block 35 10
block 36 10
block 0 11
block 1 11
block 2 11
block 3 11
block 4 11
block 5 11
block 6 11
block 7 11
block 8 11
block 9 11
block 10 11
block 11 11
block 14 11
block 15 11
block 16 11
block 25 11
block 26 11
block 27 11
block 0 12
block 1 12
block 2 12
block 3 12
block 4 12
block 5 12
block 6 12
block 7 12
block 8 12
block 9 12
block 10 12
block 11 12
block 14 12
block 15 12
block 16 12
block 25 12
block 26 12
block 27 12
block 0 13
block 1 13
block 2 13
block 3 13
block 4 13
block 5 13
block 6 13
block 14 13
block 15 13
block 16 13
block 24 13
block 25 13
block 14 14
block 15 14
block 16 14
block 24 14
block 25 14
block 33 14
block 34 14
block 35 14
block 36 14
block 37 14
block 38 14
block 39 14
block 14 15
block 15 15
block 16 15
block 17 15
block 18 15
block 19 15
block 20 15
block 24 15
block 25 15
block 33 15
block 34 15
block 35 15
block 36 15
block 37 15
block 38 15
block 39 15
block 14 16
block 15 16
block 16 16
block 17 16
block 18 16
block 19 16
block 20 16
block 24 16
block 25 16
block 33 16
block 34 16
block 35 16
block 36 16
block 37 16
block 38 16
block 39 16
block 14 17
block 15 17
block 16 17
block 17 17
block 18 17
block 19 17
block 20 17
block 24 17
block 25 17
block 29 17
block 30 17
block 31 17
block 32 17
block 33 17
block 34 17
block 35 17
block 36 17
block 37 17
block 38 17
block 39 17
block 44 17
block 45 17
block 46 17
block 14 18
block 15 18
block 16 18
block 17 18
block 18 18
block 19 18
block 20 18
block 24 18
block 25 18
block 29 18
block 30 18
block 31 18
block 32 18
block 33 18
block 34 18
block 44 18
block 45 18
block 46 18
block 12 19
block 13 19
block 14 19
block 15 19
block 16 19
block 17 19
block 18 19
block 19 19
block 20 19
block 21 19
block 22 19
block 23 19
block 24 19
block 25 19
block 44 19
block 45 19
block 46 19
block 12 20
block 13 20
block 14 20
block 15 20
block 16 20
block 17 20
block 18 20
block 19 20
block 20 20
block 21 20
block 22 20
block 23 20
block 24 20
block 25 20
block 26 20
block 27 20
block 28 20
block 29 20
block 44 20
block 45 20
block 46 20
block 12 21
block 13 21
block 14 21
block 15 21
block 16 21
block 17 21
block 18 21
block 19 21
block 20 21
block 21 21
block 22 21
block 23 21
block 24 21
block 25 21
block 26 21
block 27 21
block 28 21
block 29 21
block 32 21
block 33 21
block 34 21
block 44 21
block 45 21
block 46 21
##BotsAndCoinsInfo
bot_name 0 starter-bot
bot 0 38 13
bot_coins 0 0
coin 26 15
coin 21 6
round 1
round 2
round 3
round 4
round 5
coin 0 16
coin 47 5
round 6
round 7
round 8
round 9
bot 0 38 12
round 10
bot 0 38 11
coin 18 0
coin 30 21
round 11
bot 0 38 10
round 12
bot 0 38 9
round 13
bot 0 38 8
round 14
bot 0 38 7
round 15
bot 0 38 6
coin 17 2
coin 30 19
round 16
bot 0 39 6
round 17
bot 0 40 6
round 18
bot 0 41 6
round 19
bot 0 42 6
round 20
bot 0 43 6
coin 31 16
coin 16 5
round 21
bot 0 44 6
round 22
bot 0 45 6
round 23
bot 0 46 6
round 24
bot 0 47 6
coin_collected 47 5 0
bot_coins 0 1
round 25
bot 0 0 6
coin 13 18
coin 35 1
round 26
bot 0 1 6
round 27
bot 0 2 6
round 28
bot 0 3 6
round 29
bot 0 4 6
round 30
bot 0 5 6
coin 11 0
coin 36 21
round 31
bot 0 6 5
round 32
bot 0 7 4
round 33
bot 0 8 3
round 34
bot 0 9 2
round 35
bot 0 10 1
coin 43 0
coin 4 21
round 36
bot 0 11 0
coin_collected 11 0 0
bot_coins 0 2
round 37
round 38
round 39
bot 0 10 1
round 40
bot 0 9 2
coin 26 19
coin 21 2
round 41
bot 0 8 3
round 42
bot 0 7 4
round 43
bot 0 6 5
round 44
bot 0 5 6
round 45
bot 0 4 7
coin 7 7
coin 40 14
round 46
bot 0 3 8
round 47
round 48
bot 0 2 7
round 49
bot 0 1 6
round 50
coin 8 15
coin 39 6
round 51
round 52
round 53
round 54
round 55
coin 24 9
coin 23 12
round 56
round 57
round 58
round 59
round 60
coin 11 19
coin 37 2
round 61
round 62
bot 0 1 7
round 63
bot 0 1 8
round 64
round 65
coin 46 6
coin 1 15
round 66
round 67
round 68
round 69
bot 0 2 8
round 70
bot 0 3 8
coin 43 18
coin 5 3
round 71
bot 0 4 8
round 72
round 73
round 74
round 75
coin 10 4
coin 37 18
round 76
round 77
round 78
round 79
round 80
coin 13 13
coin 32 9
round 81
round 82
round 83
round 84
bot 0 5 7
round 85
bot 0 6 6
coin 41 3
coin 6 18
round 86
bot 0 7 5
round 87
bot 0 8 4
round 88
bot 0 9 3
round 89
bot 0 10 2
round 90
bot 0 11 1
coin 12 11
coin 35 11
round 91
round 92
bot 0 10 1
round 93
bot 0 9 1
round 94
bot 0 8 1
round 95
bot 0 7 1
coin 25 5
coin 22 16
round 96
round 97
round 98
round 99
round 100
coin 11 3
coin 36 18
round 101
round 102
round 103
round 104
round 105
coin 47 13
coin 0 8
round 106
round 107
bot 0 8 1
round 108
bot 0 9 1
round 109
bot 0 10 1
round 110
bot 0 11 1
coin 23 6
coin 23 15
round 111
round 112
round 113
bot 0 11 0
round 114
bot 0 11 21
round 115
bot 0 11 20
coin_collected 11 19 0
bot_coins 0 3
coin 7 5
coin 40 16
round 116
bot 0 11 19
round 117
bot 0 11 18
round 118
bot 0 11 17
round 119
bot 0 11 16
round 120
coin 13 11
coin 34 11
round 121
round 122
round 123
round 124
round 125
coin 23 2
coin 23 18
round 126
bot 0 12 15
round 127
bot 0 13 14
coin_collected 13 13 0
bot_coins 0 4
round 128
round 129
round 130
coin 38 4
coin 9 17
round 131
round 132
round 133
round 134
round 135
coin 8 2
coin 39 19
round 136
round 137
round 138
round 139
round 140
coin 1 17
coin 46 4
round 141
bot 0 12 13
round 142
round 143
round 144
round 145
coin 21 15
coin 26 5
round 146
round 147
round 148
round 149
bot 0 13 14
round 150
coin 23 3
coin 23 17
round 151
round 152
round 153
round 154
round 155
bot 0 12 15
coin 32 19
coin 15 2
round 156
bot 0 11 16
round 157
bot 0 10 17
coin_collected 9 17 0
bot_coins 0 5
round 158
bot 0 9 18
round 159
bot 0 8 19
round 160
bot 0 7 20
coin 39 4
coin 8 17
round 161
bot 0 6 21
round 162
round 163
bot 0 7 21
round 164
bot 0 8 21
round 165
bot 0 9 21
coin 14 3
coin 33 19
round 166
bot 0 10 21
round 167
bot 0 11 21
round 168
round 169
round 170
coin 13 15
coin 37 6
round 171
round 172
round 173
round 174
round 175
coin 22 13
coin 24 8
round 176
round 177
round 178
bot 0 11 20
round 179
bot 0 11 19
round 180
bot 0 11 18
coin 13 16
coin 37 5
round 181
bot 0 11 17
round 182
bot 0 11 16
round 183
bot 0 11 15
round 184
bot 0 11 14
round 185
bot 0 11 13
coin 38 5
coin 9 16
round 186
round 187
round 188
round 189
round 190
coin 28 8
coin 19 13
round 191
round 192
round 193
round 194
bot 0 11 14
round 195
bot 0 11 15
coin 17 0
coin 30 20
round 196
bot 0 11 16
round 197
bot 0 11 17
round 198
bot 0 11 18
round 199
bot 0 11 19
round 200
bot 0 11 20
coin 23 14
coin 24 7
match_over 0
