match
match_id 1639073868066_ad
match_time 1639073868069
num_bots 1
##MatchConfig
mode FRIENDLY
num_rounds 200
random_seed 42
move_time_limit 1000
coin_spawn_period 5
coin_spawn_volume 2
##MapConfig
map_size 48 30
view_radius 6
mining_radius 2
attack_radius 4
block 5 0
block 6 0
block 7 0
block 32 6
block 33 6
block 34 6
block 32 7
block 33 7
block 34 7
block 32 8
block 33 8
block 34 8
block 32 9
block 33 9
block 34 9
block 16 12
block 17 12
block 18 12
block 19 12
block 20 12
block 21 12
block 16 13
block 17 13
block 18 13
block 19 13
block 20 13
block 21 13
block 16 14
block 17 14
block 18 14
block 19 14
block 20 14
block 21 14
block 16 15
block 17 15
block 18 15
block 19 15
block 20 15
block 21 15
block 16 16
block 17 16
block 18 16
block 19 16
block 20 16
block 21 16
block 16 17
block 17 17
block 18 17
block 19 17
block 20 17
block 21 17
block 6 18
block 7 18
block 8 18
block 9 18
block 16 18
block 17 18
block 18 18
block 19 18
block 20 18
block 21 18
block 6 19
block 7 19
block 8 19
block 9 19
block 10 19
block 6 20
block 7 20
block 8 20
block 9 20
block 10 20
block 6 21
block 7 21
block 8 21
block 9 21
block 10 21
block 6 22
block 7 22
block 8 22
block 9 22
block 10 22
block 6 23
block 7 23
block 8 23
block 9 23
block 10 23
block 11 23
block 12 23
block 13 23
block 14 23
block 6 24
block 7 24
block 8 24
block 9 24
block 10 24
block 11 24
block 12 24
block 13 24
block 14 24
block 8 25
block 9 25
block 10 25
block 11 25
block 12 25
block 13 25
block 14 25
block 5 26
block 6 26
block 7 26
block 8 26
block 9 26
block 10 26
block 11 26
block 12 26
block 13 26
block 14 26
block 5 27
block 6 27
block 7 27
block 8 27
block 9 27
block 10 27
block 11 27
block 12 27
block 13 27
block 14 27
block 5 28
block 6 28
block 7 28
block 8 28
block 9 28
block 10 28
block 11 28
block 12 28
block 13 28
block 14 28
block 5 29
block 6 29
block 7 29
block 8 29
block 9 29
block 10 29
block 11 29
block 12 29
block 13 29
block 14 29
##BotsAndCoinsInfo
bot_name 0 starter-bot
bot 0 9 9
bot_coins 0 0
coin 26 3
coin 21 26
round 1
bot 0 10 8
round 2
bot 0 11 7
round 3
bot 0 12 6
round 4
bot 0 13 5
round 5
bot 0 14 4
coin 0 14
coin 47 15
round 6
bot 0 15 3
round 7
bot 0 16 2
round 8
bot 0 15 1
round 9
bot 0 14 0
round 10
coin 18 25
coin 29 4
round 11
round 12
round 13
round 14
round 15
coin 17 8
coin 30 21
round 16
bot 0 13 0
round 17
bot 0 12 0
round 18
bot 0 11 0
round 19
bot 0 10 0
round 20
bot 0 9 0
coin 31 23
coin 16 6
round 21
bot 0 8 0
round 22
bot 0 7 1
round 23
bot 0 6 2
round 24
bot 0 5 3
round 25
bot 0 4 4
coin 14 2
coin 33 27
round 26
bot 0 3 5
round 27
bot 0 2 6
round 28
bot 0 1 7
round 29
round 30
coin 12 12
coin 35 17
round 31
round 32
round 33
round 34
round 35
coin 44 2
coin 3 27
round 36
round 37
round 38
round 39
round 40
coin 24 0
coin 23 29
round 41
round 42
round 43
bot 0 2 6
round 44
bot 0 3 5
round 45
bot 0 4 4
coin 8 0
coin 39 29
round 46
bot 0 5 3
round 47
bot 0 6 2
round 48
bot 0 7 1
coin_collected 8 0 0
bot_coins 0 1
round 49
bot 0 8 0
round 50
coin 8 13
coin 39 16
round 51
round 52
round 53
round 54
round 55
coin 25 3
coin 22 26
round 56
round 57
round 58
round 59
round 60
coin 11 21
coin 36 8
round 61
round 62
round 63
round 64
round 65
bot 0 8 1
coin 46 28
coin 1 1
round 66
bot 0 8 2
round 67
bot 0 8 3
round 68
bot 0 8 4
round 69
bot 0 8 5
round 70
bot 0 8 6
coin 43 6
coin 4 23
round 71
bot 0 8 7
round 72
bot 0 8 8
round 73
bot 0 9 8
round 74
bot 0 10 8
round 75
bot 0 11 8
coin 10 6
coin 37 23
round 76
bot 0 12 8
round 77
bot 0 13 8
round 78
bot 0 14 8
round 79
bot 0 15 8
coin_collected 17 8 0
bot_coins 0 2
round 80
bot 0 15 7
coin_collected 16 6 0
bot_coins 0 3
coin 14 5
coin 33 24
round 81
bot 0 15 6
coin_collected 14 5 0
bot_coins 0 4
round 82
bot 0 15 5
round 83
bot 0 15 4
round 84
bot 0 15 3
coin_collected 14 2 0
bot_coins 0 5
round 85
bot 0 15 2
coin 41 17
coin 6 12
round 86
bot 0 16 3
round 87
bot 0 17 4
round 88
bot 0 18 5
round 89
bot 0 19 6
round 90
bot 0 20 7
coin 12 13
coin 35 16
round 91
bot 0 21 8
round 92
bot 0 22 9
round 93
bot 0 23 8
round 94
bot 0 24 7
round 95
bot 0 25 6
coin 25 24
coin 22 5
round 96
bot 0 26 5
coin_collected 26 3 0
bot_coins 0 6
round 97
bot 0 27 4
coin_collected 29 4 0
bot_coins 0 7
round 98
bot 0 28 3
round 99
bot 0 29 2
round 100
bot 0 28 1
coin 11 22
coin 36 7
round 101
bot 0 27 0
round 102
bot 0 26 29
round 103
bot 0 25 28
round 104
bot 0 24 27
round 105
bot 0 23 26
coin_collected 22 26 0
bot_coins 0 8
coin_collected 21 26 0
bot_coins 0 9
coin 47 7
coin 0 22
round 106
bot 0 22 25
round 107
bot 0 21 25
round 108
bot 0 20 25
coin_collected 18 25 0
bot_coins 0 10
round 109
bot 0 19 25
round 110
bot 0 18 25
coin 23 24
coin 24 5
round 111
bot 0 17 25
round 112
bot 0 16 25
round 113
bot 0 15 25
round 114
bot 0 16 26
round 115
bot 0 17 27
coin 7 5
coin 40 24
round 116
bot 0 18 28
round 117
bot 0 19 29
round 118
bot 0 20 0
round 119
bot 0 21 1
round 120
coin 13 13
coin 34 16
round 121
round 122
round 123
round 124
round 125
coin 25 20
coin 22 9
round 126
bot 0 20 1
round 127
bot 0 19 1
round 128
bot 0 18 1
round 129
bot 0 17 1
round 130
bot 0 16 1
coin 38 16
coin 9 13
round 131
bot 0 15 1
round 132
bot 0 16 2
round 133
bot 0 17 3
round 134
bot 0 18 4
round 135
bot 0 19 5
coin 8 10
coin 39 19
round 136
bot 0 20 6
round 137
bot 0 21 7
round 138
bot 0 22 8
coin_collected 22 9 0
bot_coins 0 11
round 139
bot 0 23 9
round 140
bot 0 24 10
coin 1 19
coin 46 10
round 141
bot 0 23 9
round 142
bot 0 22 8
round 143
bot 0 21 7
round 144
bot 0 20 6
round 145
bot 0 19 5
coin 21 3
coin 26 26
round 146
bot 0 18 4
round 147
bot 0 19 5
round 148
bot 0 20 6
round 149
bot 0 21 7
round 150
bot 0 22 8
coin 25 29
coin 22 0
round 151
bot 0 23 9
round 152
bot 0 24 10
round 153
bot 0 25 11
round 154
bot 0 26 12
round 155
coin 32 1
coin 15 28
round 156
round 157
round 158
round 159
round 160
coin 38 14
coin 9 15
round 161
round 162
round 163
bot 0 26 13
round 164
bot 0 26 14
round 165
bot 0 26 15
coin 14 19
coin 33 10
round 166
bot 0 26 16
round 167
bot 0 26 17
round 168
bot 0 26 18
round 169
bot 0 26 19
coin_collected 25 20 0
bot_coins 0 12
round 170
bot 0 26 20
coin 15 9
coin 32 20
round 171
bot 0 26 21
round 172
bot 0 26 22
round 173
bot 0 27 21
round 174
bot 0 28 20
round 175
bot 0 29 19
coin 22 11
coin 25 18
round 176
bot 0 30 18
round 177
bot 0 31 17
round 178
bot 0 32 16
coin_collected 34 16 0
bot_coins 0 13
round 179
bot 0 33 15
round 180
bot 0 34 14
coin 13 19
coin 34 10
round 181
bot 0 34 15
coin_collected 35 16 0
bot_coins 0 14
round 182
bot 0 34 16
coin_collected 35 17 0
bot_coins 0 15
round 183
bot 0 34 17
round 184
bot 0 34 18
round 185
bot 0 34 19
coin 38 23
coin 9 6
round 186
bot 0 34 20
coin_collected 32 20 0
bot_coins 0 16
round 187
bot 0 34 21
round 188
round 189
round 190
coin 26 10
coin 21 19
round 191
round 192
round 193
round 194
round 195
bot 0 33 22
coin_collected 33 24 0
bot_coins 0 17
coin 17 3
coin 30 26
round 196
bot 0 32 23
coin_collected 31 23 0
bot_coins 0 18
round 197
bot 0 31 24
round 198
bot 0 30 25
coin_collected 30 26 0
bot_coins 0 19
round 199
bot 0 29 26
round 200
bot 0 28 27
coin 24 4
coin 23 25
match_over 0
