match
match_id 1639216266453_mu
match_time 1639216266455
num_bots 1
##MatchConfig
mode FRIENDLY
num_rounds 200
random_seed 42
move_time_limit 1000
coin_spawn_period 5
coin_spawn_volume 2
##MapConfig
map_size 61 21
view_radius 5
mining_radius 2
attack_radius 4
block 11 0
block 12 0
block 16 0
block 17 0
block 18 0
block 19 0
block 20 0
block 21 0
block 22 0
block 23 0
block 47 0
block 48 0
block 49 0
block 50 0
block 2 1
block 3 1
block 4 1
block 11 1
block 12 1
block 17 1
block 18 1
block 19 1
block 20 1
block 21 1
block 22 1
block 23 1
block 47 1
block 48 1
block 49 1
block 50 1
block 2 2
block 3 2
block 4 2
block 7 2
block 8 2
block 9 2
block 10 2
block 11 2
block 13 2
block 14 2
block 15 2
block 16 2
block 17 2
block 18 2
block 19 2
block 20 2
block 21 2
block 22 2
block 23 2
block 47 2
block 48 2
block 49 2
block 50 2
block 2 3
block 3 3
block 4 3
block 7 3
block 8 3
block 9 3
block 10 3
block 11 3
block 13 3
block 14 3
block 15 3
block 16 3
block 17 3
block 18 3
block 19 3
block 20 3
block 21 3
block 22 3
block 23 3
block 24 3
block 47 3
block 48 3
block 49 3
block 50 3
block 2 4
block 3 4
block 4 4
block 7 4
block 8 4
block 9 4
block 10 4
block 11 4
block 13 4
block 14 4
block 15 4
block 16 4
block 17 4
block 18 4
block 19 4
block 20 4
block 21 4
block 22 4
block 23 4
block 24 4
block 37 4
block 38 4
block 47 4
block 48 4
block 49 4
block 50 4
block 2 5
block 3 5
block 4 5
block 7 5
block 8 5
block 9 5
block 10 5
block 11 5
block 13 5
block 14 5
block 15 5
block 16 5
block 17 5
block 37 5
block 38 5
block 47 5
block 48 5
block 49 5
block 50 5
block 7 6
block 8 6
block 9 6
block 10 6
block 11 6
block 13 6
block 14 6
block 15 6
block 16 6
block 17 6
block 37 6
block 38 6
block 47 6
block 48 6
block 0 7
block 1 7
block 7 7
block 8 7
block 9 7
block 10 7
block 11 7
block 13 7
block 14 7
block 15 7
block 16 7
block 17 7
block 37 7
block 38 7
block 47 7
block 48 7
block 0 8
block 1 8
block 7 8
block 8 8
block 9 8
block 10 8
block 11 8
block 37 8
block 38 8
block 47 8
block 48 8
block 0 9
block 1 9
block 37 9
block 38 9
block 47 9
block 48 9
block 0 10
block 1 10
block 0 11
block 1 11
block 27 11
block 28 11
block 29 11
block 30 11
block 31 11
block 0 12
block 1 12
block 27 12
block 28 12
block 29 12
block 30 12
block 31 12
block 51 12
block 52 12
block 53 12
block 51 13
block 52 13
block 53 13
block 51 14
block 52 14
block 53 14
block 28 15
block 29 15
block 51 15
block 52 15
block 53 15
block 16 16
block 17 16
block 18 16
block 19 16
block 20 16
block 21 16
block 28 16
block 29 16
block 51 16
block 52 16
block 53 16
block 16 17
block 17 17
block 18 17
block 19 17
block 20 17
block 21 17
block 28 17
block 29 17
block 51 17
block 52 17
block 53 17
block 16 18
block 17 18
block 18 18
block 19 18
block 20 18
block 21 18
block 28 18
block 29 18
block 16 19
block 17 19
block 18 19
block 19 19
block 20 19
block 21 19
block 11 20
block 12 20
block 16 20
block 17 20
block 18 20
block 19 20
block 20 20
block 21 20
##BotsAndCoinsInfo
bot_name 0 starter-bot
bot 0 16 15
bot_coins 0 0
coin 5 12
coin 55 8
round 1
round 2
round 3
round 4
round 5
coin 25 17
coin 35 3
round 6
round 7
round 8
round 9
round 10
coin 12 4
coin 48 16
round 11
round 12
round 13
round 14
round 15
coin 55 17
coin 5 3
round 16
round 17
round 18
round 19
round 20
coin 22 17
coin 38 3
round 21
round 22
round 23
round 24
round 25
coin 38 11
coin 22 9
round 26
round 27
round 28
round 29
round 30
coin 24 0
coin 36 20
round 31
round 32
round 33
round 34
round 35
coin 23 17
coin 37 3
round 36
round 37
round 38
round 39
round 40
coin 35 12
coin 25 8
round 41
round 42
round 43
round 44
round 45
coin 41 2
coin 22 18
round 46
round 47
round 48
round 49
round 50
coin 7 1
coin 53 19
round 51
round 52
round 53
round 54
round 55
coin 55 9
coin 5 11
round 56
round 57
round 58
round 59
round 60
coin 19 9
coin 41 11
round 61
round 62
round 63
round 64
round 65
coin 19 10
coin 41 10
round 66
round 67
round 68
round 69
round 70
coin 20 12
coin 40 8
round 71
round 72
round 73
round 74
round 75
coin 50 6
coin 10 14
round 76
round 77
round 78
round 79
round 80
coin 57 17
coin 1 3
round 81
round 82
round 83
round 84
round 85
coin 39 11
coin 21 9
round 86
round 87
round 88
round 89
round 90
coin 22 19
coin 38 1
round 91
round 92
round 93
round 94
round 95
coin 39 6
coin 21 14
round 96
round 97
round 98
round 99
round 100
coin 36 19
coin 24 1
round 101
round 102
round 103
round 104
round 105
coin 49 7
coin 11 13
round 106
round 107
round 108
round 109
round 110
coin 22 20
coin 38 0
round 111
round 112
round 113
round 114
round 115
coin 16 1
coin 44 19
round 116
round 117
round 118
round 119
round 120
coin 9 10
coin 51 10
round 121
round 122
round 123
round 124
round 125
coin 48 14
coin 12 6
round 126
round 127
round 128
round 129
round 130
coin 3 0
coin 57 20
round 131
round 132
round 133
round 134
round 135
coin 36 7
coin 24 13
round 136
round 137
round 138
round 139
round 140
coin 28 7
coin 32 13
round 141
round 142
round 143
round 144
round 145
coin 25 3
coin 35 17
round 146
round 147
round 148
round 149
round 150
coin 20 5
coin 40 15
round 151
round 152
round 153
round 154
round 155
coin 48 17
coin 12 3
round 156
round 157
round 158
round 159
round 160
coin 21 5
coin 39 15
round 161
round 162
round 163
round 164
round 165
coin 51 4
coin 9 16
round 166
round 167
round 168
round 169
round 170
coin 47 12
coin 13 8
round 171
round 172
round 173
round 174
round 175
coin 17 8
coin 43 12
round 176
round 177
round 178
round 179
round 180
coin 46 7
coin 14 13
round 181
round 182
round 183
round 184
match_over 0
round 185
