match
match_id 1639216523825_nd
match_time 1639216523827
num_bots 1
##MatchConfig
mode FRIENDLY
num_rounds 200
random_seed 42
move_time_limit 1000
coin_spawn_period 5
coin_spawn_volume 2
##MapConfig
map_size 70 25
view_radius 5
mining_radius 2
attack_radius 4
block 53 0
block 54 0
block 55 0
block 56 0
block 57 0
block 58 0
block 59 0
block 20 1
block 21 1
block 22 1
block 23 1
block 24 1
block 59 1
block 60 1
block 61 1
block 20 2
block 21 2
block 22 2
block 23 2
block 24 2
block 59 2
block 60 2
block 61 2
block 29 3
block 30 3
block 31 3
block 32 3
block 59 3
block 60 3
block 61 3
block 29 4
block 30 4
block 31 4
block 32 4
block 29 5
block 30 5
block 31 5
block 32 5
block 29 6
block 30 6
block 31 6
block 32 6
block 36 6
block 37 6
block 38 6
block 29 7
block 30 7
block 31 7
block 32 7
block 36 7
block 37 7
block 38 7
block 54 7
block 55 7
block 56 7
block 57 7
block 58 7
block 59 7
block 29 8
block 30 8
block 31 8
block 32 8
block 36 8
block 37 8
block 38 8
block 54 8
block 55 8
block 56 8
block 57 8
block 58 8
block 59 8
block 61 8
block 62 8
block 63 8
block 29 9
block 30 9
block 31 9
block 32 9
block 36 9
block 37 9
block 38 9
block 54 9
block 55 9
block 56 9
block 57 9
block 58 9
block 59 9
block 61 9
block 62 9
block 63 9
block 20 10
block 21 10
block 22 10
block 23 10
block 36 10
block 37 10
block 38 10
block 39 10
block 40 10
block 41 10
block 42 10
block 43 10
block 54 10
block 55 10
block 56 10
block 57 10
block 58 10
block 59 10
block 61 10
block 62 10
block 63 10
block 20 11
block 21 11
block 22 11
block 23 11
block 36 11
block 37 11
block 38 11
block 39 11
block 40 11
block 41 11
block 42 11
block 43 11
block 54 11
block 55 11
block 56 11
block 57 11
block 58 11
block 59 11
block 61 11
block 62 11
block 63 11
block 20 12
block 21 12
block 22 12
block 23 12
block 35 12
block 36 12
block 37 12
block 38 12
block 39 12
block 40 12
block 41 12
block 42 12
block 43 12
block 54 12
block 55 12
block 56 12
block 57 12
block 58 12
block 59 12
block 61 12
block 62 12
block 63 12
block 20 13
block 21 13
block 22 13
block 23 13
block 35 13
block 36 13
block 37 13
block 38 13
block 39 13
block 40 13
block 41 13
block 42 13
block 43 13
block 54 13
block 55 13
block 56 13
block 57 13
block 58 13
block 59 13
block 61 13
block 62 13
block 63 13
block 20 14
block 21 14
block 22 14
block 23 14
block 37 14
block 38 14
block 39 14
block 40 14
block 41 14
block 42 14
block 43 14
block 61 14
block 62 14
block 63 14
block 52 17
block 53 17
block 54 17
block 55 17
block 56 17
block 57 17
block 58 17
block 23 18
block 24 18
block 25 18
block 52 18
block 53 18
block 54 18
block 55 18
block 56 18
block 57 18
block 58 18
block 23 19
block 24 19
block 25 19
block 52 19
block 53 19
block 54 19
block 55 19
block 56 19
block 57 19
block 58 19
block 23 20
block 24 20
block 25 20
block 52 20
block 53 20
block 54 20
block 55 20
block 56 20
block 57 20
block 58 20
block 23 21
block 24 21
block 25 21
block 52 21
block 53 21
block 54 21
block 55 21
block 56 21
block 57 21
block 58 21
block 59 21
block 65 21
block 66 21
block 67 21
block 68 21
block 69 21
block 23 22
block 24 22
block 25 22
block 52 22
block 53 22
block 54 22
block 55 22
block 56 22
block 57 22
block 58 22
block 59 22
block 65 22
block 66 22
block 67 22
block 68 22
block 69 22
block 3 23
block 4 23
block 5 23
block 6 23
block 7 23
block 52 23
block 53 23
block 54 23
block 55 23
block 56 23
block 57 23
block 58 23
block 59 23
block 3 24
block 4 24
block 5 24
block 6 24
block 7 24
block 53 24
block 54 24
block 55 24
block 56 24
block 57 24
block 58 24
block 59 24
##BotsAndCoinsInfo
bot_name 0 starter-bot
bot 0 62 15
bot_coins 0 0
coin 50 13
coin 19 11
round 1
bot 0 62 16
round 2
bot 0 62 17
round 3
bot 0 62 18
round 4
bot 0 62 19
round 5
bot 0 62 20
coin 48 9
coin 21 15
round 6
bot 0 62 21
round 7
bot 0 62 22
round 8
bot 0 62 23
round 9
bot 0 62 24
round 10
bot 0 61 23
coin 40 0
coin 29 24
round 11
bot 0 61 22
round 12
bot 0 61 21
round 13
bot 0 61 20
round 14
bot 0 61 19
round 15
bot 0 61 18
coin 15 18
coin 54 6
round 16
bot 0 61 17
round 17
bot 0 61 16
round 18
bot 0 61 15
round 19
round 20
coin 69 18
coin 0 6
round 21
round 22
round 23
round 24
round 25
coin 52 2
coin 17 22
round 26
round 27
round 28
round 29
round 30
coin 56 16
coin 13 8
round 31
round 32
round 33
round 34
round 35
coin 35 7
coin 34 17
round 36
round 37
round 38
round 39
round 40
coin 59 20
coin 10 4
round 41
round 42
round 43
round 44
round 45
coin 64 9
coin 5 15
round 46
round 47
round 48
round 49
round 50
coin 40 15
coin 28 9
round 51
round 52
round 53
round 54
round 55
coin 36 14
coin 33 10
round 56
round 57
round 58
round 59
round 60
coin 63 16
coin 6 8
round 61
round 62
round 63
round 64
round 65
coin 0 8
coin 69 16
round 66
round 67
round 68
round 69
round 70
coin 67 20
coin 2 4
round 71
round 72
round 73
round 74
round 75
coin 40 6
coin 29 18
round 76
round 77
round 78
round 79
round 80
coin 30 10
coin 39 15
round 81
round 82
round 83
round 84
round 85
coin 17 2
coin 51 22
round 86
round 87
round 88
round 89
round 90
coin 12 18
coin 57 6
round 91
round 92
round 93
round 94
round 95
coin 64 14
coin 5 10
round 96
round 97
round 98
round 99
round 100
coin 69 15
coin 0 9
round 101
round 102
round 103
round 104
round 105
coin 64 12
coin 5 12
round 106
round 107
round 108
round 109
round 110
match_over 0
coin 45 9
coin 24 15
round 111
