match
match_id 1639175583733_fp
match_time 1639175583737
num_bots 1
##MatchConfig
mode FRIENDLY
num_rounds 200
random_seed 42
move_time_limit 1000
coin_spawn_period 5
coin_spawn_volume 2
##MapConfig
map_size 72 35
view_radius 5
mining_radius 2
attack_radius 3
block 35 0
block 36 0
block 37 0
block 38 0
block 39 0
block 40 0
block 41 0
block 56 0
block 57 0
block 58 0
block 59 0
block 60 0
block 61 0
block 62 0
block 63 0
block 64 0
block 65 0
block 66 0
block 67 0
block 68 0
block 69 0
block 70 0
block 62 1
block 63 1
block 64 1
block 65 1
block 66 1
block 67 1
block 68 1
block 69 1
block 70 1
block 5 2
block 6 2
block 7 2
block 62 2
block 63 2
block 64 2
block 65 2
block 66 2
block 67 2
block 68 2
block 69 2
block 70 2
block 5 3
block 6 3
block 7 3
block 62 3
block 63 3
block 64 3
block 65 3
block 66 3
block 67 3
block 68 3
block 5 4
block 6 4
block 7 4
block 46 4
block 47 4
block 48 4
block 49 4
block 50 4
block 4 5
block 5 5
block 6 5
block 46 5
block 47 5
block 48 5
block 49 5
block 50 5
block 4 6
block 5 6
block 6 6
block 46 6
block 47 6
block 48 6
block 49 6
block 50 6
block 4 7
block 5 7
block 6 7
block 7 7
block 8 7
block 9 7
block 46 7
block 47 7
block 48 7
block 49 7
block 50 7
block 4 8
block 5 8
block 6 8
block 7 8
block 8 8
block 9 8
block 46 8
block 47 8
block 48 8
block 49 8
block 50 8
block 4 9
block 5 9
block 6 9
block 7 9
block 8 9
block 9 9
block 46 9
block 47 9
block 48 9
block 49 9
block 50 9
block 0 10
block 4 10
block 5 10
block 6 10
block 7 10
block 8 10
block 9 10
block 46 10
block 47 10
block 48 10
block 49 10
block 50 10
block 67 10
block 68 10
block 69 10
block 70 10
block 71 10
block 0 11
block 7 11
block 8 11
block 9 11
block 67 11
block 68 11
block 69 11
block 70 11
block 71 11
block 0 12
block 7 12
block 8 12
block 9 12
block 56 12
block 57 12
block 58 12
block 59 12
block 60 12
block 67 12
block 68 12
block 69 12
block 70 12
block 71 12
block 0 13
block 7 13
block 8 13
block 9 13
block 56 13
block 57 13
block 58 13
block 59 13
block 60 13
block 67 13
block 68 13
block 69 13
block 70 13
block 71 13
block 38 15
block 39 15
block 40 15
block 41 15
block 42 15
block 43 15
block 38 16
block 39 16
block 40 16
block 41 16
block 42 16
block 43 16
block 38 17
block 39 17
block 40 17
block 41 17
block 42 17
block 43 17
block 38 18
block 39 18
block 40 18
block 41 18
block 42 18
block 43 18
block 19 25
block 20 25
block 21 25
block 22 25
block 23 25
block 19 26
block 20 26
block 21 26
block 22 26
block 23 26
block 65 26
block 66 26
block 19 27
block 20 27
block 21 27
block 22 27
block 23 27
block 65 27
block 66 27
block 19 28
block 20 28
block 21 28
block 22 28
block 23 28
block 36 28
block 37 28
block 38 28
block 39 28
block 40 28
block 41 28
block 65 28
block 66 28
block 19 29
block 20 29
block 21 29
block 22 29
block 23 29
block 24 29
block 36 29
block 37 29
block 38 29
block 39 29
block 40 29
block 41 29
block 65 29
block 66 29
block 19 30
block 20 30
block 21 30
block 22 30
block 23 30
block 24 30
block 36 30
block 37 30
block 38 30
block 39 30
block 40 30
block 41 30
block 65 30
block 66 30
block 19 31
block 20 31
block 21 31
block 22 31
block 23 31
block 24 31
block 36 31
block 37 31
block 38 31
block 39 31
block 40 31
block 41 31
block 56 31
block 57 31
block 58 31
block 59 31
block 60 31
block 61 31
block 62 31
block 65 31
block 66 31
block 20 32
block 21 32
block 22 32
block 23 32
block 24 32
block 56 32
block 57 32
block 58 32
block 59 32
block 60 32
block 61 32
block 62 32
block 65 32
block 66 32
block 20 33
block 21 33
block 22 33
block 23 33
block 24 33
block 35 33
block 36 33
block 37 33
block 38 33
block 39 33
block 40 33
block 41 33
block 56 33
block 57 33
block 58 33
block 59 33
block 60 33
block 61 33
block 62 33
block 63 33
block 64 33
block 65 33
block 66 33
block 67 33
block 68 33
block 20 34
block 21 34
block 22 34
block 23 34
block 24 34
block 35 34
block 36 34
block 37 34
block 38 34
block 39 34
block 40 34
block 41 34
block 56 34
block 57 34
block 58 34
block 59 34
block 60 34
block 61 34
block 62 34
block 63 34
block 64 34
block 65 34
block 66 34
block 67 34
block 68 34
block 69 34
block 70 34
##BotsAndCoinsInfo
bot_name 0 starter-bot
bot 0 7 24
bot_coins 0 0
coin 26 33
coin 45 1
round 1
bot 0 7 25
round 2
bot 0 7 26
round 3
bot 0 7 27
round 4
bot 0 7 28
round 5
bot 0 7 29
coin 0 24
coin 71 9
round 6
bot 0 7 30
round 7
bot 0 7 31
round 8
bot 0 7 32
round 9
bot 0 7 33
round 10
bot 0 7 34
coin 18 25
coin 53 9
round 11
bot 0 7 0
round 12
bot 0 6 34
round 13
bot 0 6 33
round 14
bot 0 6 32
round 15
bot 0 6 31
coin 41 3
coin 30 31
round 16
bot 0 6 30
round 17
bot 0 6 29
round 18
bot 0 6 28
round 19
bot 0 6 27
round 20
bot 0 6 26
coin 8 3
coin 63 31
round 21
bot 0 6 25
round 22
bot 0 6 24
round 23
bot 0 6 23
round 24
bot 0 6 22
round 25
bot 0 6 21
coin 38 32
coin 33 2
round 26
bot 0 6 20
round 27
bot 0 6 19
round 28
bot 0 6 18
round 29
bot 0 6 17
round 30
bot 0 6 16
coin 60 7
coin 11 27
round 31
bot 0 6 15
round 32
bot 0 6 14
round 33
bot 0 6 13
round 34
bot 0 6 12
round 35
bot 0 6 11
coin 44 17
coin 27 17
round 36
round 37
round 38
round 39
round 40
coin 24 5
coin 47 29
round 41
round 42
round 43
round 44
round 45
coin 55 9
coin 16 25
round 46
round 47
round 48
round 49
round 50
coin 32 8
coin 39 26
round 51
round 52
round 53
round 54
round 55
coin 26 23
coin 45 11
round 56
round 57
round 58
round 59
round 60
coin 59 16
coin 12 18
round 61
round 62
round 63
round 64
round 65
coin 70 3
coin 1 31
round 66
round 67
round 68
round 69
round 70
coin 18 26
coin 53 8
round 71
round 72
round 73
round 74
round 75
coin 58 6
coin 13 28
round 76
round 77
round 78
round 79
round 80
coin 38 10
coin 33 24
round 81
round 82
round 83
round 84
round 85
coin 64 32
coin 8 2
round 86
round 87
round 88
round 89
round 90
coin 12 33
coin 59 1
round 91
round 92
round 93
round 94
round 95
coin 25 34
coin 46 0
round 96
round 97
round 98
round 99
round 100
coin 59 5
coin 12 29
round 101
round 102
round 103
round 104
round 105
coin 71 7
coin 0 27
round 106
round 107
round 108
round 109
round 110
coin 23 14
coin 48 20
round 111
round 112
round 113
round 114
round 115
coin 31 30
coin 40 4
round 116
round 117
round 118
round 119
round 120
coin 37 3
coin 34 31
round 121
round 122
round 123
round 124
round 125
coin 49 0
coin 22 0
round 126
round 127
round 128
round 129
round 130
coin 61 1
coin 10 33
round 131
round 132
round 133
round 134
round 135
coin 8 0
coin 63 32
round 136
round 137
round 138
round 139
round 140
coin 1 14
coin 70 20
round 141
round 142
round 143
round 144
round 145
coin 21 3
coin 50 31
round 146
round 147
round 148
round 149
round 150
coin 1 19
coin 70 15
round 151
round 152
round 153
round 154
round 155
coin 56 16
coin 15 18
round 156
round 157
round 158
round 159
round 160
coin 62 9
coin 9 25
round 161
round 162
round 163
round 164
round 165
coin 14 4
coin 57 30
round 166
round 167
round 168
round 169
round 170
coin 39 19
coin 32 15
round 171
round 172
round 173
round 174
round 175
coin 46 1
coin 25 33
round 176
round 177
round 178
round 179
round 180
coin 13 14
coin 58 20
round 181
round 182
round 183
round 184
round 185
coin 61 30
coin 10 4
round 186
round 187
round 188
round 189
round 190
coin 50 0
coin 21 0
round 191
round 192
round 193
round 194
round 195
coin 64 28
coin 7 6
round 196
round 197
round 198
round 199
round 200
coin 48 29
coin 23 5
match_over 0
