match
match_id 1639175550590_fm
match_time 1639175550593
num_bots 1
##MatchConfig
mode FRIENDLY
num_rounds 200
random_seed 42
move_time_limit 1000
coin_spawn_period 5
coin_spawn_volume 2
##MapConfig
map_size 57 37
view_radius 5
mining_radius 1
attack_radius 4
block 11 0
block 12 0
block 13 0
block 14 0
block 15 0
block 16 0
block 11 1
block 12 1
block 13 1
block 14 1
block 15 1
block 16 1
block 11 2
block 12 2
block 13 2
block 14 2
block 15 2
block 16 2
block 11 3
block 12 3
block 13 3
block 14 3
block 15 3
block 16 3
block 11 4
block 12 4
block 13 4
block 14 4
block 15 4
block 16 4
block 35 6
block 36 6
block 35 7
block 36 7
block 35 8
block 36 8
block 35 9
block 36 9
block 35 10
block 36 10
block 12 11
block 13 11
block 14 11
block 15 11
block 16 11
block 17 11
block 3 12
block 4 12
block 12 12
block 13 12
block 14 12
block 15 12
block 16 12
block 17 12
block 29 12
block 30 12
block 31 12
block 32 12
block 33 12
block 3 13
block 4 13
block 12 13
block 13 13
block 14 13
block 15 13
block 16 13
block 17 13
block 29 13
block 30 13
block 31 13
block 32 13
block 33 13
block 3 14
block 4 14
block 12 14
block 13 14
block 14 14
block 15 14
block 16 14
block 17 14
block 29 14
block 30 14
block 31 14
block 32 14
block 33 14
block 3 15
block 4 15
block 12 15
block 13 15
block 14 15
block 15 15
block 16 15
block 17 15
block 29 15
block 30 15
block 31 15
block 32 15
block 33 15
block 3 16
block 4 16
block 3 17
block 4 17
block 37 17
block 38 17
block 39 17
block 40 17
block 41 17
block 42 17
block 3 18
block 4 18
block 37 18
block 38 18
block 39 18
block 40 18
block 41 18
block 42 18
block 37 19
block 38 19
block 39 19
block 40 19
block 41 19
block 42 19
block 10 20
block 11 20
block 12 20
block 13 20
block 37 20
block 38 20
block 39 20
block 40 20
block 41 20
block 42 20
block 10 21
block 11 21
block 12 21
block 13 21
block 37 21
block 38 21
block 39 21
block 40 21
block 41 21
block 42 21
block 10 22
block 11 22
block 12 22
block 13 22
block 37 22
block 38 22
block 39 22
block 40 22
block 41 22
block 42 22
block 37 23
block 38 23
block 39 23
block 40 23
block 41 23
block 42 23
block 7 27
block 8 27
block 9 27
block 10 27
block 11 27
block 12 27
block 7 28
block 8 28
block 9 28
block 10 28
block 11 28
block 12 28
block 7 29
block 8 29
block 9 29
block 10 29
block 11 29
block 12 29
block 19 31
block 20 31
block 49 31
block 50 31
block 51 31
block 52 31
block 53 31
block 54 31
block 12 32
block 13 32
block 14 32
block 15 32
block 19 32
block 20 32
block 36 32
block 37 32
block 38 32
block 49 32
block 50 32
block 51 32
block 52 32
block 53 32
block 54 32
block 12 33
block 13 33
block 14 33
block 15 33
block 19 33
block 20 33
block 36 33
block 37 33
block 38 33
block 49 33
block 50 33
block 51 33
block 52 33
block 53 33
block 54 33
block 12 34
block 13 34
block 14 34
block 15 34
block 19 34
block 20 34
block 36 34
block 37 34
block 38 34
block 12 35
block 13 35
block 14 35
block 15 35
block 19 35
block 20 35
block 11 36
block 12 36
block 13 36
block 14 36
block 15 36
block 16 36
block 19 36
block 20 36
##BotsAndCoinsInfo
bot_name 0 starter-bot
bot 0 7 26
bot_coins 0 0
coin 26 14
coin 30 22
round 1
round 2
round 3
round 4
round 5
coin 12 10
coin 44 26
round 6
round 7
round 8
round 9
round 10
coin 6 8
coin 50 28
round 11
round 12
round 13
round 14
round 15
coin 44 14
coin 12 23
round 16
round 17
round 18
round 19
round 20
coin 11 35
coin 45 1
round 21
round 22
round 23
round 24
round 25
coin 23 21
coin 33 16
round 26
round 27
round 28
round 29
round 30
coin 12 18
coin 44 18
round 31
round 32
round 33
round 34
round 35
coin 26 9
coin 30 27
round 36
round 37
round 38
round 39
round 40
coin 28 14
coin 28 22
round 41
round 42
round 43
round 44
round 45
coin 49 1
coin 7 35
round 46
round 47
round 48
round 49
round 50
coin 2 36
coin 54 0
round 51
round 52
round 53
round 54
round 55
coin 35 25
coin 21 11
round 56
round 57
round 58
round 59
round 60
coin 47 16
coin 9 20
round 61
round 62
round 63
round 64
round 65
coin 25 0
coin 31 36
round 66
round 67
round 68
round 69
round 70
coin 10 16
coin 46 20
round 71
round 72
round 73
round 74
round 75
coin 18 31
coin 38 5
round 76
round 77
round 78
round 79
round 80
coin 5 26
coin 51 10
round 81
round 82
round 83
round 84
round 85
coin 44 23
coin 11 13
round 86
round 87
round 88
round 89
round 90
coin 3 31
coin 53 5
round 91
round 92
round 93
round 94
round 95
coin 1 16
coin 55 20
round 96
round 97
round 98
round 99
round 100
coin 8 24
coin 48 12
round 101
round 102
round 103
round 104
round 105
coin 56 26
coin 0 10
round 106
round 107
round 108
round 109
round 110
coin 50 22
coin 6 14
round 111
round 112
round 113
round 114
round 115
coin 25 2
coin 31 34
round 116
round 117
round 118
round 119
round 120
coin 56 20
coin 0 16
round 121
round 122
round 123
round 124
round 125
coin 34 22
coin 22 14
round 126
round 127
round 128
round 129
round 130
coin 47 26
coin 9 10
round 131
round 132
round 133
round 134
round 135
coin 23 36
coin 33 0
round 136
round 137
round 138
round 139
round 140
coin 19 29
coin 37 7
round 141
round 142
round 143
round 144
round 145
coin 45 34
coin 10 2
round 146
round 147
round 148
round 149
round 150
coin 28 12
coin 28 24
round 151
round 152
round 153
round 154
round 155
coin 36 18
coin 20 18
round 156
round 157
round 158
round 159
round 160
coin 26 22
coin 30 16
round 161
round 162
round 163
round 164
round 165
coin 20 10
coin 36 26
round 166
round 167
round 168
round 169
round 170
coin 15 19
coin 41 16
round 171
round 172
round 173
round 174
round 175
coin 34 21
coin 22 15
round 176
round 177
round 178
round 179
round 180
coin 4 19
coin 52 17
round 181
round 182
round 183
round 184
round 185
coin 19 30
coin 37 6
round 186
round 187
round 188
round 189
round 190
coin 0 20
coin 56 16
round 191
round 192
round 193
round 194
round 195
coin 26 27
coin 30 9
round 196
round 197
round 198
round 199
round 200
coin 42 31
coin 14 5
match_over 0
