match
match_id 1639170111648_co
match_time 1639170111651
num_bots 1
##MatchConfig
mode FRIENDLY
num_rounds 200
random_seed 42
move_time_limit 1000
coin_spawn_period 5
coin_spawn_volume 2
##MapConfig
map_size 49 39
view_radius 5
mining_radius 1
attack_radius 3
block 0 0
block 1 0
block 2 0
block 3 0
block 4 0
block 5 0
block 6 0
block 8 0
block 9 0
block 10 0
block 11 0
block 12 0
block 13 0
block 14 0
block 24 0
block 25 0
block 26 0
block 27 0
block 28 0
block 29 0
block 0 1
block 1 1
block 2 1
block 3 1
block 4 1
block 5 1
block 6 1
block 8 1
block 9 1
block 10 1
block 11 1
block 12 1
block 13 1
block 14 1
block 24 1
block 25 1
block 26 1
block 27 1
block 28 1
block 29 1
block 0 2
block 1 2
block 2 2
block 3 2
block 4 2
block 5 2
block 6 2
block 7 2
block 8 2
block 9 2
block 10 2
block 11 2
block 12 2
block 13 2
block 14 2
block 24 2
block 25 2
block 26 2
block 27 2
block 28 2
block 29 2
block 6 3
block 7 3
block 8 3
block 9 3
block 10 3
block 11 3
block 12 3
block 13 3
block 14 3
block 24 3
block 25 3
block 26 3
block 27 3
block 28 3
block 29 3
block 6 4
block 7 4
block 8 4
block 9 4
block 10 4
block 11 4
block 12 4
block 13 4
block 14 4
block 9 5
block 10 5
block 9 6
block 10 6
block 22 6
block 23 6
block 24 6
block 25 6
block 33 6
block 34 6
block 9 7
block 10 7
block 22 7
block 23 7
block 24 7
block 25 7
block 33 7
block 34 7
block 9 8
block 10 8
block 13 8
block 14 8
block 15 8
block 16 8
block 33 8
block 34 8
block 9 9
block 10 9
block 13 9
block 14 9
block 15 9
block 16 9
block 33 9
block 34 9
block 9 10
block 10 10
block 13 10
block 14 10
block 15 10
block 16 10
block 33 10
block 34 10
block 13 11
block 14 11
block 15 11
block 16 11
block 33 11
block 34 11
block 40 11
block 41 11
block 42 11
block 43 11
block 44 11
block 45 11
block 46 11
block 40 12
block 41 12
block 42 12
block 43 12
block 44 12
block 45 12
block 46 12
block 40 13
block 41 13
block 42 13
block 43 13
block 44 13
block 45 13
block 46 13
block 24 16
block 25 16
block 24 17
block 25 17
block 21 20
block 22 20
block 23 20
block 21 21
block 22 21
block 23 21
block 9 22
block 10 22
block 11 22
block 12 22
block 13 22
block 21 22
block 22 22
block 23 22
block 24 22
block 25 22
block 26 22
block 27 22
block 28 22
block 9 23
block 10 23
block 11 23
block 12 23
block 13 23
block 17 23
block 18 23
block 24 23
block 25 23
block 26 23
block 27 23
block 28 23
block 9 24
block 10 24
block 11 24
block 12 24
block 13 24
block 17 24
block 18 24
block 24 24
block 25 24
block 26 24
block 27 24
block 28 24
block 34 24
block 35 24
block 36 24
block 37 24
block 9 25
block 10 25
block 11 25
block 12 25
block 13 25
block 17 25
block 18 25
block 24 25
block 25 25
block 26 25
block 27 25
block 28 25
block 34 25
block 35 25
block 36 25
block 37 25
block 9 26
block 10 26
block 11 26
block 12 26
block 13 26
block 17 26
block 18 26
block 24 26
block 25 26
block 26 26
block 27 26
block 28 26
block 34 26
block 35 26
block 36 26
block 37 26
block 9 27
block 10 27
block 11 27
block 12 27
block 13 27
block 17 27
block 18 27
block 34 27
block 35 27
block 36 27
block 37 27
block 9 28
block 10 28
block 11 28
block 12 28
block 13 28
block 17 28
block 18 28
block 34 28
block 35 28
block 36 28
block 37 28
block 17 29
block 18 29
block 34 29
block 35 29
block 36 29
block 37 29
block 38 29
block 39 29
block 45 29
block 46 29
block 24 30
block 25 30
block 34 30
block 35 30
block 36 30
block 37 30
block 38 30
block 39 30
block 45 30
block 46 30
block 18 31
block 19 31
block 20 31
block 21 31
block 22 31
block 23 31
block 24 31
block 25 31
block 37 31
block 38 31
block 39 31
block 45 31
block 46 31
block 18 32
block 19 32
block 20 32
block 21 32
block 22 32
block 23 32
block 37 32
block 38 32
block 39 32
block 45 32
block 46 32
block 2 33
block 3 33
block 4 33
block 16 33
block 17 33
block 18 33
block 19 33
block 20 33
block 21 33
block 22 33
block 23 33
block 45 33
block 46 33
block 2 34
block 3 34
block 4 34
block 5 34
block 6 34
block 7 34
block 8 34
block 9 34
block 16 34
block 17 34
block 18 34
block 19 34
block 20 34
block 21 34
block 22 34
block 23 34
block 45 34
block 46 34
block 2 35
block 3 35
block 4 35
block 5 35
block 6 35
block 7 35
block 8 35
block 9 35
block 2 36
block 3 36
block 4 36
block 5 36
block 6 36
block 7 36
block 8 36
block 9 36
block 8 37
block 9 37
block 10 37
block 11 37
block 12 37
block 13 37
block 14 37
block 8 38
block 9 38
block 10 38
block 11 38
block 12 38
block 13 38
block 14 38
##BotsAndCoinsInfo
bot_name 0 starter-bot
bot 0 9 32
bot_coins 0 0
coin 29 33
coin 19 5
round 1
bot 0 9 33
round 2
round 3
round 4
round 5
coin 34 38
coin 15 0
round 6
round 7
round 8
round 9
round 10
coin 19 4
coin 29 34
round 11
round 12
round 13
round 14
round 15
coin 1 29
coin 47 9
round 16
round 17
round 18
round 19
round 20
coin 48 2
coin 0 36
round 21
round 22
round 23
round 24
round 25
coin 3 26
coin 47 12
round 26
round 27
round 28
round 29
round 30
coin 28 6
coin 20 30
round 31
round 32
round 33
round 34
round 35
coin 15 17
coin 33 21
round 36
round 37
round 38
round 39
round 40
coin 28 21
coin 20 17
round 41
round 42
round 43
round 44
round 45
coin 0 38
coin 48 0
round 46
round 47
round 48
round 49
round 50
coin 40 4
coin 8 33
round 51
coin_collected 8 33 0
bot_coins 0 1
round 52
round 53
round 54
round 55
coin 15 30
coin 32 8
round 56
round 57
round 58
round 59
round 60
coin 28 20
coin 20 18
round 61
round 62
round 63
round 64
round 65
coin 35 19
coin 13 19
round 66
round 67
round 68
round 69
round 70
coin 11 21
coin 37 17
round 71
round 72
round 73
round 74
round 75
coin 26 36
coin 22 2
round 76
round 77
round 78
round 79
round 80
coin 44 20
coin 4 18
round 81
round 82
round 83
round 84
round 85
coin 11 8
coin 36 31
round 86
round 87
round 88
round 89
round 90
coin 19 37
coin 30 1
round 91
round 92
round 93
round 94
round 95
coin 21 36
coin 27 4
round 96
round 97
round 98
round 99
round 100
coin 41 31
coin 7 7
round 101
round 102
round 103
round 104
round 105
coin 0 16
coin 48 22
round 106
round 107
round 108
round 109
round 110
coin 10 15
coin 38 23
round 111
round 112
round 113
round 114
round 115
coin 6 8
coin 42 30
round 116
round 117
round 118
round 119
round 120
coin 48 10
coin 0 28
round 121
round 122
round 123
round 124
round 125
coin 12 5
coin 36 33
round 126
round 127
round 128
round 129
round 130
coin 38 28
coin 11 10
round 131
round 132
round 133
round 134
round 135
coin 16 16
coin 32 22
round 136
round 137
round 138
round 139
round 140
coin 42 28
coin 6 10
round 141
round 142
round 143
round 144
round 145
coin 43 27
coin 5 11
round 146
round 147
round 148
round 149
round 150
coin 0 35
coin 48 3
round 151
round 152
round 153
round 154
round 155
coin 46 22
coin 2 16
round 156
round 157
round 158
round 159
round 160
coin 1 32
coin 47 6
round 161
round 162
round 163
round 164
round 165
coin 33 28
coin 15 12
round 166
round 167
round 168
round 169
round 170
coin 34 18
coin 14 20
round 171
round 172
round 173
round 174
round 175
coin 31 8
coin 17 30
round 176
round 177
round 178
round 179
round 180
coin 4 13
coin 44 25
round 181
round 182
round 183
round 184
round 185
coin 15 20
coin 33 18
round 186
round 187
round 188
round 189
round 190
coin 5 7
coin 43 31
round 191
round 192
round 193
round 194
round 195
coin 10 21
coin 38 17
round 196
round 197
round 198
round 199
round 200
coin 23 37
coin 25 38
match_over 0
