match
match_id 1639415020396_eo
match_time 1639415020399
num_bots 1
##MatchConfig
mode FRIENDLY
num_rounds 200
random_seed 42
move_time_limit 1000
coin_spawn_period 5
coin_spawn_volume 2
##MapConfig
map_size 76 26
view_radius 5
mining_radius 1
attack_radius 3
block 3 0
block 4 0
block 0 1
block 1 1
block 2 1
block 3 1
block 4 1
block 75 1
block 0 2
block 1 2
block 2 2
block 3 2
block 4 2
block 10 2
block 11 2
block 12 2
block 75 2
block 0 3
block 1 3
block 2 3
block 3 3
block 4 3
block 10 3
block 11 3
block 12 3
block 32 3
block 33 3
block 34 3
block 35 3
block 36 3
block 37 3
block 38 3
block 75 3
block 0 4
block 1 4
block 2 4
block 3 4
block 4 4
block 10 4
block 11 4
block 12 4
block 32 4
block 33 4
block 34 4
block 35 4
block 36 4
block 37 4
block 38 4
block 75 4
block 0 5
block 1 5
block 2 5
block 3 5
block 4 5
block 10 5
block 11 5
block 12 5
block 75 5
block 10 6
block 11 6
block 12 6
block 17 10
block 18 10
block 19 10
block 20 10
block 17 11
block 18 11
block 19 11
block 20 11
block 17 12
block 18 12
block 19 12
block 20 12
block 17 13
block 18 13
block 19 13
block 20 13
block 17 14
block 18 14
block 19 14
block 20 14
block 17 15
block 18 15
block 19 15
block 20 15
block 17 16
block 18 16
block 19 16
block 20 16
block 57 17
block 58 17
block 57 18
block 58 18
block 73 18
block 74 18
block 57 19
block 58 19
block 73 19
block 74 19
block 57 20
block 58 20
block 73 20
block 74 20
block 27 21
block 28 21
block 29 21
block 57 21
block 58 21
block 73 21
block 74 21
block 3 22
block 4 22
block 27 22
block 28 22
block 29 22
block 57 22
block 58 22
block 73 22
block 74 22
block 3 23
block 4 23
block 56 23
block 57 23
block 58 23
block 59 23
block 60 23
block 73 23
block 74 23
block 3 24
block 4 24
block 56 24
block 57 24
block 58 24
block 59 24
block 60 24
block 73 24
block 74 24
block 3 25
block 4 25
block 56 25
block 57 25
block 58 25
block 59 25
block 60 25
##BotsAndCoinsInfo
bot_name 0 martyn
bot 0 15 17
bot_coins 0 0
coin 26 7
coin 49 18
round 1
bot 0 15 18
round 2
bot 0 15 19
round 3
bot 0 15 20
round 4
bot 0 15 21
round 5
coin 12 12
coin 63 13
round 6
round 7
match_over 0
round 8
