match
match_id 1639174599699_ep
match_time 1639174599702
num_bots 1
##MatchConfig
mode FRIENDLY
num_rounds 200
random_seed 42
move_time_limit 1000
coin_spawn_period 5
coin_spawn_volume 2
##MapConfig
map_size 57 22
view_radius 6
mining_radius 1
attack_radius 3
block 0 0
block 1 0
block 2 0
block 3 0
block 28 0
block 29 0
block 30 0
block 31 0
block 32 0
block 33 0
block 34 0
block 35 0
block 36 0
block 37 0
block 46 0
block 47 0
block 48 0
block 56 0
block 0 1
block 1 1
block 2 1
block 3 1
block 28 1
block 29 1
block 30 1
block 31 1
block 32 1
block 33 1
block 34 1
block 35 1
block 36 1
block 37 1
block 46 1
block 47 1
block 48 1
block 52 1
block 53 1
block 54 1
block 55 1
block 56 1
block 0 2
block 1 2
block 2 2
block 3 2
block 7 2
block 8 2
block 9 2
block 10 2
block 11 2
block 28 2
block 29 2
block 30 2
block 31 2
block 32 2
block 33 2
block 38 2
block 39 2
block 40 2
block 41 2
block 42 2
block 52 2
block 53 2
block 54 2
block 55 2
block 56 2
block 0 3
block 1 3
block 2 3
block 3 3
block 4 3
block 7 3
block 8 3
block 9 3
block 10 3
block 11 3
block 28 3
block 29 3
block 30 3
block 31 3
block 32 3
block 33 3
block 38 3
block 39 3
block 40 3
block 41 3
block 42 3
block 43 3
block 52 3
block 53 3
block 54 3
block 55 3
block 56 3
block 0 4
block 1 4
block 2 4
block 3 4
block 4 4
block 7 4
block 8 4
block 9 4
block 10 4
block 11 4
block 28 4
block 29 4
block 30 4
block 31 4
block 32 4
block 33 4
block 38 4
block 39 4
block 40 4
block 41 4
block 42 4
block 43 4
block 52 4
block 53 4
block 54 4
block 55 4
block 56 4
block 2 5
block 3 5
block 4 5
block 7 5
block 8 5
block 9 5
block 10 5
block 11 5
block 28 5
block 29 5
block 30 5
block 31 5
block 32 5
block 33 5
block 34 5
block 38 5
block 39 5
block 40 5
block 41 5
block 42 5
block 43 5
block 46 5
block 47 5
block 52 5
block 53 5
block 54 5
block 55 5
block 56 5
block 2 6
block 3 6
block 4 6
block 7 6
block 8 6
block 9 6
block 10 6
block 11 6
block 28 6
block 29 6
block 30 6
block 31 6
block 32 6
block 33 6
block 34 6
block 38 6
block 39 6
block 40 6
block 41 6
block 42 6
block 43 6
block 46 6
block 47 6
block 52 6
block 53 6
block 54 6
block 55 6
block 56 6
block 2 7
block 3 7
block 4 7
block 7 7
block 8 7
block 9 7
block 10 7
block 11 7
block 28 7
block 29 7
block 30 7
block 31 7
block 32 7
block 33 7
block 34 7
block 52 7
block 53 7
block 54 7
block 55 7
block 56 7
block 7 8
block 8 8
block 9 8
block 10 8
block 11 8
block 28 8
block 29 8
block 30 8
block 47 8
block 48 8
block 49 8
block 50 8
block 51 8
block 28 9
block 29 9
block 30 9
block 47 9
block 48 9
block 49 9
block 50 9
block 51 9
block 28 10
block 29 10
block 30 10
block 47 10
block 48 10
block 49 10
block 50 10
block 51 10
block 0 11
block 14 11
block 15 11
block 16 11
block 28 11
block 29 11
block 30 11
block 47 11
block 48 11
block 49 11
block 50 11
block 51 11
block 55 11
block 56 11
block 0 12
block 12 12
block 13 12
block 14 12
block 15 12
block 16 12
block 28 12
block 29 12
block 30 12
block 31 12
block 32 12
block 33 12
block 34 12
block 47 12
block 48 12
block 49 12
block 50 12
block 51 12
block 55 12
block 56 12
block 0 13
block 10 13
block 11 13
block 12 13
block 13 13
block 14 13
block 15 13
block 16 13
block 17 13
block 18 13
block 28 13
block 29 13
block 30 13
block 31 13
block 32 13
block 33 13
block 34 13
block 35 13
block 47 13
block 48 13
block 49 13
block 50 13
block 51 13
block 55 13
block 56 13
block 0 14
block 10 14
block 11 14
block 12 14
block 13 14
block 14 14
block 15 14
block 16 14
block 17 14
block 18 14
block 29 14
block 30 14
block 31 14
block 32 14
block 33 14
block 34 14
block 35 14
block 47 14
block 48 14
block 49 14
block 50 14
block 51 14
block 55 14
block 56 14
block 0 15
block 10 15
block 11 15
block 12 15
block 13 15
block 14 15
block 15 15
block 16 15
block 17 15
block 18 15
block 29 15
block 30 15
block 31 15
block 32 15
block 33 15
block 34 15
block 35 15
block 36 15
block 37 15
block 38 15
block 39 15
block 40 15
block 41 15
block 44 15
block 45 15
block 46 15
block 47 15
block 55 15
block 56 15
block 0 16
block 10 16
block 11 16
block 12 16
block 13 16
block 14 16
block 15 16
block 16 16
block 17 16
block 18 16
block 29 16
block 30 16
block 31 16
block 32 16
block 33 16
block 34 16
block 35 16
block 36 16
block 37 16
block 38 16
block 39 16
block 40 16
block 41 16
block 44 16
block 45 16
block 46 16
block 47 16
block 55 16
block 56 16
block 0 17
block 12 17
block 13 17
block 14 17
block 15 17
block 16 17
block 17 17
block 18 17
block 29 17
block 30 17
block 31 17
block 32 17
block 33 17
block 34 17
block 35 17
block 36 17
block 37 17
block 38 17
block 39 17
block 40 17
block 41 17
block 55 17
block 56 17
block 12 18
block 13 18
block 14 18
block 15 18
block 16 18
block 17 18
block 18 18
block 28 18
block 29 18
block 30 18
block 31 18
block 32 18
block 33 18
block 36 18
block 37 18
block 38 18
block 39 18
block 40 18
block 41 18
block 15 19
block 16 19
block 17 19
block 18 19
block 28 19
block 29 19
block 30 19
block 31 19
block 32 19
block 33 19
block 34 19
block 35 19
block 36 19
block 37 19
block 38 19
block 39 19
block 40 19
block 41 19
block 0 20
block 1 20
block 2 20
block 3 20
block 15 20
block 16 20
block 17 20
block 18 20
block 28 20
block 29 20
block 30 20
block 31 20
block 32 20
block 33 20
block 34 20
block 35 20
block 36 20
block 37 20
block 0 21
block 1 21
block 2 21
block 3 21
block 15 21
block 16 21
block 17 21
block 18 21
block 28 21
block 29 21
block 30 21
block 31 21
block 32 21
block 33 21
block 34 21
block 35 21
block 36 21
block 37 21
block 46 21
block 47 21
block 48 21
block 56 21
##BotsAndCoinsInfo
bot_name 0 starter-bot
bot 0 45 2
bot_coins 0 0
coin 26 15
coin 31 8
round 1
bot 0 45 3
round 2
bot 0 45 4
round 3
bot 0 45 5
round 4
bot 0 45 6
round 5
bot 0 45 7
coin 11 17
coin 45 4
round 6
bot 0 45 8
round 7
bot 0 45 9
round 8
bot 0 45 10
round 9
bot 0 45 11
round 10
bot 0 45 12
coin 6 19
coin 50 2
round 11
bot 0 45 13
round 12
bot 0 45 14
round 13
round 14
round 15
coin 44 2
coin 12 19
round 16
round 17
round 18
round 19
round 20
coin 13 19
coin 43 2
round 21
round 22
round 23
round 24
round 25
coin 23 18
coin 34 3
round 26
round 27
round 28
round 29
round 30
coin 12 0
coin 44 21
round 31
round 32
round 33
round 34
round 35
coin 26 0
coin 27 21
round 36
round 37
round 38
round 39
round 40
coin 27 20
coin 27 1
round 41
round 42
round 43
round 44
round 45
coin 49 7
coin 7 14
round 46
round 47
round 48
round 49
round 50
coin 2 15
coin 54 8
round 51
round 52
round 53
round 54
round 55
coin 35 9
coin 21 12
round 56
round 57
round 58
round 59
round 60
coin 47 19
coin 9 1
round 61
round 62
round 63
round 64
round 65
coin 25 6
coin 28 15
round 66
round 67
round 68
round 69
round 70
coin 10 18
coin 46 3
round 71
round 72
round 73
round 74
round 75
coin 19 4
coin 35 18
round 76
round 77
round 78
round 79
round 80
coin 5 13
coin 52 8
round 81
round 82
round 83
round 84
round 85
coin 44 3
coin 11 18
round 86
round 87
round 88
round 89
round 90
coin 3 11
coin 53 10
round 91
round 92
round 93
round 94
round 95
coin 1 5
coin 54 16
round 96
round 97
round 98
round 99
round 100
coin 8 1
coin 48 20
round 101
round 102
round 103
round 104
round 105
coin 1 13
coin 55 8
round 106
round 107
round 108
round 109
round 110
coin 50 6
coin 6 15
round 111
round 112
round 113
round 114
round 115
coin 25 5
coin 28 16
round 116
round 117
round 118
round 119
round 120
coin 54 11
coin 2 10
round 121
round 122
round 123
round 124
round 125
coin 34 2
coin 22 19
round 126
round 127
round 128
round 129
round 130
coin 47 4
coin 9 17
round 131
round 132
round 133
round 134
round 135
coin 23 2
coin 34 18
round 136
round 137
round 138
round 139
round 140
coin 19 17
coin 37 4
round 141
round 142
round 143
round 144
round 145
coin 46 14
coin 12 7
round 146
coin_collected 46 14 0
bot_coins 0 1
round 147
round 148
round 149
round 150
coin 27 3
coin 28 17
round 151
round 152
round 153
round 154
round 155
coin 38 20
coin 18 1
round 156
round 157
round 158
round 159
round 160
coin 26 4
coin 27 17
round 161
round 162
round 163
round 164
round 165
coin 20 3
coin 39 20
round 166
round 167
round 168
round 169
round 170
coin 17 12
coin 39 9
round 171
round 172
round 173
round 174
round 175
coin 35 12
coin 21 9
round 176
round 177
round 178
round 179
round 180
coin 4 15
coin 51 6
round 181
round 182
round 183
round 184
round 185
coin 19 5
coin 37 14
round 186
round 187
round 188
round 189
round 190
coin 56 8
coin 1 14
round 191
round 192
round 193
round 194
round 195
coin 26 21
coin 27 0
round 196
round 197
round 198
round 199
round 200
coin 42 14
coin 14 7
match_over 0
