match
match_id 1639212659503_jz
match_time 1639212659505
num_bots 1
##MatchConfig
mode FRIENDLY
num_rounds 200
random_seed 42
move_time_limit 1000
coin_spawn_period 5
coin_spawn_volume 2
##MapConfig
map_size 51 27
view_radius 6
mining_radius 2
attack_radius 3
block 7 0
block 8 0
block 9 0
block 10 0
block 20 0
block 21 0
block 22 0
block 32 0
block 33 0
block 34 0
block 35 0
block 36 0
block 37 0
block 40 0
block 41 0
block 42 0
block 43 0
block 48 0
block 49 0
block 7 1
block 8 1
block 9 1
block 10 1
block 20 1
block 21 1
block 22 1
block 32 1
block 33 1
block 34 1
block 35 1
block 36 1
block 37 1
block 40 1
block 41 1
block 42 1
block 43 1
block 7 2
block 8 2
block 9 2
block 10 2
block 32 2
block 33 2
block 34 2
block 35 2
block 36 2
block 37 2
block 40 2
block 41 2
block 42 2
block 43 2
block 5 3
block 6 3
block 7 3
block 8 3
block 40 3
block 41 3
block 42 3
block 43 3
block 0 4
block 1 4
block 2 4
block 5 4
block 6 4
block 7 4
block 8 4
block 43 4
block 44 4
block 45 4
block 46 4
block 47 4
block 49 4
block 50 4
block 0 5
block 1 5
block 2 5
block 3 5
block 4 5
block 5 5
block 6 5
block 7 5
block 8 5
block 43 5
block 44 5
block 45 5
block 46 5
block 47 5
block 49 5
block 50 5
block 0 6
block 1 6
block 2 6
block 3 6
block 4 6
block 43 6
block 44 6
block 45 6
block 46 6
block 47 6
block 49 6
block 50 6
block 0 7
block 1 7
block 2 7
block 44 7
block 45 7
block 46 7
block 47 7
block 49 7
block 50 7
block 0 8
block 1 8
block 2 8
block 49 8
block 50 8
block 0 9
block 1 9
block 2 9
block 49 9
block 50 9
block 0 10
block 1 10
block 2 10
block 19 10
block 20 10
block 27 10
block 28 10
block 29 10
block 49 10
block 50 10
block 0 11
block 1 11
block 2 11
block 3 11
block 7 11
block 8 11
block 9 11
block 10 11
block 19 11
block 20 11
block 27 11
block 28 11
block 29 11
block 49 11
block 50 11
block 0 12
block 1 12
block 2 12
block 3 12
block 7 12
block 8 12
block 9 12
block 10 12
block 19 12
block 20 12
block 24 12
block 25 12
block 26 12
block 27 12
block 28 12
block 29 12
block 49 12
block 50 12
block 0 13
block 1 13
block 2 13
block 3 13
block 7 13
block 8 13
block 9 13
block 10 13
block 19 13
block 20 13
block 24 13
block 25 13
block 26 13
block 27 13
block 28 13
block 29 13
block 49 13
block 50 13
block 0 14
block 1 14
block 2 14
block 3 14
block 7 14
block 8 14
block 9 14
block 10 14
block 19 14
block 20 14
block 27 14
block 28 14
block 29 14
block 49 14
block 50 14
block 0 15
block 1 15
block 2 15
block 3 15
block 7 15
block 8 15
block 9 15
block 10 15
block 19 15
block 20 15
block 27 15
block 28 15
block 29 15
block 44 15
block 45 15
block 46 15
block 47 15
block 48 15
block 49 15
block 50 15
block 0 16
block 1 16
block 2 16
block 3 16
block 7 16
block 8 16
block 9 16
block 10 16
block 44 16
block 45 16
block 46 16
block 47 16
block 48 16
block 49 16
block 50 16
block 0 17
block 1 17
block 2 17
block 3 17
block 44 17
block 45 17
block 46 17
block 47 17
block 48 17
block 49 17
block 50 17
block 44 18
block 45 18
block 46 18
block 47 18
block 48 18
block 49 18
block 44 19
block 45 19
block 46 19
block 47 19
block 48 19
block 49 19
block 13 20
block 14 20
block 15 20
block 44 20
block 45 20
block 46 20
block 47 20
block 48 20
block 49 20
block 13 21
block 14 21
block 15 21
block 44 21
block 45 21
block 46 21
block 47 21
block 48 21
block 49 21
block 13 22
block 14 22
block 15 22
block 44 22
block 45 22
block 46 22
block 47 22
block 48 22
block 49 22
block 7 23
block 8 23
block 9 23
block 10 23
block 13 23
block 14 23
block 15 23
block 7 24
block 8 24
block 9 24
block 10 24
block 13 24
block 14 24
block 15 24
block 40 24
block 41 24
block 42 24
block 43 24
block 7 25
block 8 25
block 9 25
block 10 25
block 40 25
block 41 25
block 42 25
block 43 25
block 48 25
block 49 25
block 7 26
block 8 26
block 9 26
block 10 26
block 20 26
block 21 26
block 22 26
block 40 26
block 41 26
block 42 26
block 43 26
block 48 26
block 49 26
##BotsAndCoinsInfo
bot_name 0 starter-bot
bot 0 47 10
bot_coins 0 0
coin 26 3
coin 24 23
round 1
bot 0 47 11
round 2
bot 0 47 12
round 3
bot 0 47 13
round 4
bot 0 47 14
round 5
bot 0 46 14
coin 0 18
coin 48 8
round 6
bot 0 45 14
round 7
bot 0 44 14
round 8
bot 0 43 14
round 9
bot 0 43 15
round 10
bot 0 43 16
coin 9 17
coin 41 9
round 11
bot 0 43 17
round 12
bot 0 43 18
round 13
bot 0 43 19
round 14
bot 0 43 20
round 15
bot 0 43 21
coin 17 20
coin 33 6
round 16
bot 0 43 22
round 17
bot 0 43 23
round 18
bot 0 42 23
round 19
bot 0 41 23
round 20
bot 0 40 23
coin 1 2
coin 49 24
round 21
bot 0 39 23
round 22
bot 0 39 24
round 23
bot 0 39 25
round 24
bot 0 39 26
round 25
bot 0 38 25
coin 14 26
coin 36 26
round 26
bot 0 38 24
round 27
bot 0 38 23
round 28
bot 0 38 22
round 29
bot 0 38 21
round 30
bot 0 38 20
coin 42 9
coin 8 17
round 31
bot 0 38 19
round 32
bot 0 38 18
round 33
bot 0 38 17
round 34
bot 0 38 16
round 35
bot 0 38 15
coin 9 5
coin 41 21
round 36
bot 0 38 14
round 37
bot 0 38 13
round 38
bot 0 38 12
round 39
bot 0 38 11
round 40
bot 0 38 10
coin 3 7
coin 50 19
round 41
bot 0 38 9
round 42
bot 0 38 8
round 43
bot 0 38 7
round 44
bot 0 38 6
round 45
bot 0 38 5
coin 40 8
coin 10 18
round 46
bot 0 38 4
round 47
bot 0 38 3
round 48
bot 0 38 2
round 49
bot 0 38 1
round 50
bot 0 38 0
coin 35 4
coin 16 22
round 51
bot 0 38 1
round 52
bot 0 38 2
round 53
bot 0 38 3
round 54
bot 0 37 4
coin_collected 35 4 0
bot_coins 0 1
round 55
bot 0 37 5
coin 23 24
coin 27 2
round 56
bot 0 37 6
round 57
bot 0 37 7
round 58
bot 0 37 8
round 59
bot 0 37 9
round 60
bot 0 37 10
coin 2 0
coin 47 26
round 61
bot 0 37 11
round 62
bot 0 37 12
round 63
bot 0 37 13
round 64
bot 0 37 14
round 65
bot 0 37 15
coin 7 22
coin 42 4
round 66
bot 0 37 16
round 67
bot 0 37 17
round 68
bot 0 37 18
round 69
bot 0 37 19
round 70
bot 0 37 20
coin 19 3
coin 31 23
round 71
bot 0 37 21
round 72
bot 0 37 22
round 73
bot 0 37 23
round 74
bot 0 37 24
round 75
bot 0 37 25
coin_collected 36 26 0
bot_coins 0 2
coin 28 21
coin 22 5
round 76
bot 0 37 26
round 77
bot 0 36 25
round 78
bot 0 36 24
round 79
bot 0 36 23
round 80
bot 0 36 22
coin 38 23
coin 12 3
round 81
bot 0 36 21
round 82
bot 0 36 20
round 83
bot 0 36 19
round 84
bot 0 36 18
round 85
bot 0 36 17
coin 41 14
coin 9 10
round 86
bot 0 36 16
round 87
bot 0 36 15
round 88
bot 0 36 14
round 89
bot 0 36 13
round 90
bot 0 36 12
coin 42 7
coin 8 19
round 91
bot 0 36 11
round 92
bot 0 36 10
round 93
bot 0 36 9
round 94
bot 0 36 8
round 95
bot 0 36 7
coin 1 21
coin 48 5
round 96
bot 0 36 6
round 97
bot 0 36 5
round 98
bot 0 36 4
round 99
bot 0 36 3
round 100
coin 23 22
coin 27 4
round 101
round 102
round 103
round 104
round 105
coin 29 25
coin 21 2
round 106
round 107
round 108
round 109
round 110
coin 14 25
coin 36 26
round 111
round 112
round 113
round 114
round 115
coin 28 20
coin 22 6
round 116
round 117
round 118
round 119
round 120
coin 13 7
coin 37 19
round 121
round 122
round 123
round 124
round 125
coin 22 14
coin 30 12
round 126
round 127
round 128
round 129
round 130
coin 4 4
coin 46 23
round 131
round 132
round 133
round 134
round 135
coin 23 7
coin 27 19
round 136
round 137
round 138
round 139
round 140
coin 34 4
coin 16 23
round 141
round 142
round 143
round 144
round 145
coin 42 18
coin 8 8
round 146
round 147
round 148
round 149
round 150
coin 46 14
coin 4 12
round 151
round 152
round 153
round 154
round 155
coin 21 13
coin 30 13
round 156
round 157
round 158
round 159
round 160
coin 37 23
coin 13 3
round 161
round 162
round 163
round 164
round 165
coin 20 22
coin 30 4
round 166
round 167
round 168
round 169
round 170
coin 48 9
coin 2 18
round 171
round 172
round 173
round 174
round 175
coin 48 6
coin 2 20
round 176
round 177
round 178
round 179
round 180
coin 13 8
coin 37 18
round 181
round 182
round 183
round 184
round 185
coin 22 23
coin 28 3
round 186
round 187
round 188
round 189
round 190
coin 47 25
coin 3 1
round 191
round 192
round 193
round 194
round 195
coin 38 6
coin 12 20
round 196
round 197
round 198
round 199
round 200
coin 24 19
coin 26 7
match_over 0
