match
match_id 1639179355941_ja
match_time 1639179355944
num_bots 1
##MatchConfig
mode FRIENDLY
num_rounds 200
random_seed 42
move_time_limit 1000
coin_spawn_period 5
coin_spawn_volume 2
##MapConfig
map_size 48 37
view_radius 5
mining_radius 1
attack_radius 3
block 20 0
block 21 0
block 22 0
block 20 1
block 21 1
block 22 1
block 20 2
block 21 2
block 22 2
block 20 3
block 21 3
block 22 3
block 1 4
block 2 4
block 3 4
block 4 4
block 5 4
block 6 4
block 20 4
block 21 4
block 22 4
block 1 5
block 2 5
block 3 5
block 4 5
block 5 5
block 6 5
block 20 5
block 21 5
block 22 5
block 1 6
block 2 6
block 3 6
block 4 6
block 5 6
block 6 6
block 1 7
block 2 7
block 3 7
block 4 7
block 5 7
block 6 7
block 1 8
block 2 8
block 3 8
block 4 8
block 5 8
block 6 8
block 8 8
block 9 8
block 10 8
block 11 8
block 12 8
block 13 8
block 1 9
block 2 9
block 3 9
block 4 9
block 5 9
block 6 9
block 8 9
block 9 9
block 10 9
block 11 9
block 12 9
block 13 9
block 8 10
block 9 10
block 10 10
block 11 10
block 12 10
block 13 10
block 8 11
block 9 11
block 10 11
block 11 11
block 12 11
block 13 11
block 16 20
block 17 20
block 18 20
block 19 20
block 20 20
block 21 20
block 16 21
block 17 21
block 18 21
block 19 21
block 20 21
block 21 21
block 8 22
block 9 22
block 10 22
block 11 22
block 12 22
block 13 22
block 14 22
block 16 22
block 17 22
block 18 22
block 19 22
block 20 22
block 21 22
block 8 23
block 9 23
block 10 23
block 11 23
block 12 23
block 13 23
block 14 23
block 16 23
block 17 23
block 18 23
block 19 23
block 20 23
block 21 23
block 3 24
block 4 24
block 5 24
block 6 24
block 7 24
block 8 24
block 9 24
block 10 24
block 11 24
block 12 24
block 13 24
block 14 24
block 16 24
block 17 24
block 18 24
block 19 24
block 20 24
block 21 24
block 3 25
block 4 25
block 5 25
block 6 25
block 7 25
block 16 25
block 17 25
block 18 25
block 19 25
block 20 25
block 21 25
block 3 26
block 4 26
block 5 26
block 6 26
block 7 26
block 16 26
block 17 26
block 18 26
block 19 26
block 20 26
block 21 26
block 3 27
block 4 27
block 5 27
block 6 27
block 7 27
block 3 28
block 4 28
block 5 28
block 6 28
block 7 28
block 3 29
block 4 29
block 5 29
block 6 29
block 7 29
block 3 30
block 4 30
block 5 30
block 6 30
block 7 30
##BotsAndCoinsInfo
bot_name 0 starter-bot
bot 0 14 21
bot_coins 0 0
coin 26 14
coin 22 22
round 1
round 2
round 3
round 4
round 5
coin 0 10
coin 47 26
round 6
round 7
round 8
round 9
round 10
coin 18 8
coin 29 28
round 11
round 12
round 13
round 14
round 15
coin 17 14
coin 30 22
round 16
round 17
round 18
round 19
round 20
coin 31 0
coin 16 36
round 21
round 22
round 23
round 24
round 25
coin 14 20
coin 33 16
round 26
coin_collected 14 20 0
bot_coins 0 1
round 27
round 28
round 29
round 30
coin 12 18
coin 35 18
round 31
round 32
round 33
round 34
round 35
coin 44 9
coin 2 27
round 36
round 37
round 38
round 39
round 40
coin 24 14
coin 23 22
round 41
round 42
round 43
round 44
round 45
coin 7 1
coin 40 35
round 46
round 47
round 48
round 49
round 50
coin 8 36
coin 39 0
round 51
round 52
round 53
round 54
round 55
coin 26 25
coin 21 11
round 56
round 57
round 58
round 59
round 60
coin 11 16
coin 36 20
round 61
round 62
round 63
round 64
round 65
coin 46 0
coin 1 36
round 66
round 67
round 68
round 69
round 70
coin 43 16
coin 4 20
round 71
round 72
round 73
round 74
round 75
bot 0 13 21
coin 10 31
coin 37 5
round 76
bot 0 12 21
round 77
bot 0 11 21
round 78
bot 0 10 21
round 79
bot 0 9 21
round 80
bot 0 8 21
coin 14 26
coin 33 10
round 81
bot 0 7 21
round 82
bot 0 7 22
round 83
bot 0 7 23
round 84
bot 0 6 23
round 85
bot 0 5 23
coin 41 23
coin 6 13
round 86
bot 0 4 23
round 87
bot 0 3 23
round 88
bot 0 2 23
round 89
round 90
coin 12 31
coin 35 5
round 91
match_over 0
round 92
