match
match_id 1639170006179_ci
match_time 1639170006181
num_bots 1
##MatchConfig
mode FRIENDLY
num_rounds 200
random_seed 42
move_time_limit 1000
coin_spawn_period 5
coin_spawn_volume 2
##MapConfig
map_size 71 22
view_radius 6
mining_radius 1
attack_radius 4
block 11 0
block 12 0
block 13 0
block 14 0
block 49 0
block 50 0
block 51 0
block 52 0
block 11 1
block 12 1
block 13 1
block 14 1
block 38 1
block 39 1
block 40 1
block 41 1
block 42 1
block 43 1
block 44 1
block 49 1
block 50 1
block 51 1
block 52 1
block 66 1
block 67 1
block 68 1
block 69 1
block 70 1
block 11 2
block 12 2
block 13 2
block 14 2
block 15 2
block 38 2
block 39 2
block 40 2
block 41 2
block 42 2
block 43 2
block 44 2
block 66 2
block 67 2
block 68 2
block 69 2
block 70 2
block 11 3
block 12 3
block 13 3
block 14 3
block 15 3
block 38 3
block 39 3
block 40 3
block 41 3
block 42 3
block 43 3
block 44 3
block 14 4
block 15 4
block 38 4
block 39 4
block 40 4
block 41 4
block 42 4
block 43 4
block 44 4
block 14 5
block 15 5
block 38 5
block 39 5
block 40 5
block 41 5
block 42 5
block 43 5
block 44 5
block 14 6
block 15 6
block 38 6
block 39 6
block 40 6
block 41 6
block 42 6
block 43 6
block 44 6
block 14 7
block 15 7
block 38 7
block 39 7
block 40 7
block 41 7
block 42 7
block 43 7
block 44 7
block 63 8
block 64 8
block 65 8
block 66 8
block 4 9
block 5 9
block 63 9
block 64 9
block 65 9
block 66 9
block 4 10
block 5 10
block 63 10
block 64 10
block 65 10
block 66 10
block 4 11
block 5 11
block 61 11
block 62 11
block 63 11
block 64 11
block 65 11
block 66 11
block 4 12
block 5 12
block 61 12
block 62 12
block 63 12
block 64 12
block 65 12
block 66 12
block 4 13
block 5 13
block 54 13
block 55 13
block 56 13
block 57 13
block 58 13
block 59 13
block 60 13
block 61 13
block 62 13
block 63 13
block 4 14
block 5 14
block 6 14
block 7 14
block 8 14
block 9 14
block 54 14
block 55 14
block 56 14
block 57 14
block 58 14
block 59 14
block 60 14
block 61 14
block 62 14
block 63 14
block 5 15
block 6 15
block 7 15
block 8 15
block 9 15
block 10 15
block 11 15
block 53 15
block 54 15
block 55 15
block 56 15
block 57 15
block 58 15
block 59 15
block 60 15
block 61 15
block 62 15
block 63 15
block 5 16
block 6 16
block 7 16
block 8 16
block 9 16
block 10 16
block 11 16
block 53 16
block 54 16
block 55 16
block 56 16
block 57 16
block 62 16
block 63 16
block 5 17
block 6 17
block 7 17
block 8 17
block 9 17
block 10 17
block 11 17
block 30 17
block 31 17
block 32 17
block 33 17
block 34 17
block 53 17
block 54 17
block 55 17
block 56 17
block 57 17
block 62 17
block 63 17
block 5 18
block 6 18
block 7 18
block 8 18
block 9 18
block 30 18
block 31 18
block 32 18
block 33 18
block 34 18
block 49 18
block 50 18
block 51 18
block 52 18
block 53 18
block 54 18
block 55 18
block 56 18
block 57 18
block 62 18
block 63 18
block 5 19
block 6 19
block 7 19
block 8 19
block 9 19
block 30 19
block 31 19
block 32 19
block 33 19
block 34 19
block 49 19
block 50 19
block 51 19
block 52 19
block 53 19
block 54 19
block 55 19
block 56 19
block 57 19
block 62 19
block 63 19
block 30 20
block 31 20
block 32 20
block 33 20
block 34 20
block 49 20
block 50 20
block 51 20
block 52 20
block 30 21
block 31 21
block 32 21
block 33 21
block 34 21
block 49 21
block 50 21
block 51 21
block 52 21
##BotsAndCoinsInfo
bot_name 0 starter-bot
bot 0 16 7
bot_coins 0 0
coin 18 15
coin 52 6
round 1
bot 0 16 8
round 2
bot 0 16 9
round 3
bot 0 16 10
round 4
bot 0 16 11
round 5
bot 0 16 12
coin 12 16
coin 58 5
round 6
bot 0 16 13
round 7
bot 0 16 14
round 8
bot 0 16 15
round 9
bot 0 16 16
round 10
bot 0 16 17
coin 15 19
coin 55 2
round 11
bot 0 16 18
round 12
bot 0 16 19
coin_collected 15 19 0
bot_coins 0 1
round 13
bot 0 16 20
round 14
bot 0 16 21
round 15
bot 0 15 21
coin 41 0
coin 29 21
round 16
bot 0 15 20
round 17
bot 0 15 19
round 18
bot 0 15 18
round 19
bot 0 15 17
round 20
bot 0 15 16
coin 30 16
coin 37 5
round 21
bot 0 15 15
round 22
bot 0 15 14
round 23
bot 0 15 13
round 24
bot 0 15 12
round 25
bot 0 15 11
coin 20 18
coin 50 3
round 26
bot 0 15 10
round 27
bot 0 15 9
round 28
bot 0 15 8
round 29
round 30
coin 47 0
coin 23 21
round 31
round 32
round 33
round 34
round 35
coin 53 0
coin 17 21
round 36
round 37
round 38
round 39
round 40
coin 5 20
coin 65 1
round 41
round 42
round 43
round 44
round 45
coin 32 9
coin 38 12
round 46
round 47
round 48
round 49
round 50
coin 64 15
coin 6 6
round 51
round 52
round 53
round 54
round 55
coin 33 9
coin 37 12
round 56
round 57
round 58
round 59
round 60
coin 35 19
coin 35 2
round 61
round 62
round 63
round 64
round 65
coin 43 8
coin 27 13
round 66
round 67
round 68
round 69
round 70
coin 44 18
coin 26 3
round 71
round 72
round 73
round 74
round 75
coin 25 4
coin 45 17
round 76
round 77
round 78
round 79
round 80
coin 8 13
coin 62 8
round 81
round 82
round 83
round 84
round 85
coin 18 3
coin 52 17
round 86
round 87
round 88
round 89
round 90
coin 46 11
coin 24 10
round 91
round 92
round 93
round 94
round 95
coin 59 4
coin 11 18
round 96
round 97
round 98
round 99
round 100
coin 56 3
coin 14 18
round 101
round 102
round 103
round 104
round 105
coin 35 13
coin 35 8
round 106
round 107
round 108
round 109
round 110
coin 8 6
coin 61 16
round 111
round 112
round 113
round 114
round 115
coin 65 5
coin 4 16
round 116
round 117
round 118
round 119
round 120
coin 64 13
coin 6 8
round 121
round 122
round 123
round 124
round 125
coin 8 2
coin 62 20
round 126
round 127
round 128
round 129
round 130
coin 37 4
coin 33 16
round 131
round 132
round 133
round 134
round 135
coin 9 2
coin 61 19
round 136
round 137
round 138
round 139
round 140
coin 38 17
coin 32 4
round 141
round 142
round 143
round 144
round 145
coin 59 16
coin 11 5
round 146
round 147
round 148
round 149
round 150
coin 1 3
coin 69 18
round 151
round 152
round 153
round 154
round 155
coin 58 19
coin 10 2
round 156
round 157
round 158
round 159
round 160
coin 37 3
coin 35 18
round 161
round 162
round 163
round 164
round 165
coin 69 3
coin 1 18
round 166
round 167
round 168
round 169
round 170
coin 36 15
coin 34 6
round 171
round 172
round 173
round 174
round 175
coin 50 13
coin 20 8
round 176
round 177
round 178
round 179
round 180
coin 35 15
coin 35 6
round 181
round 182
round 183
round 184
round 185
coin 16 5
coin 52 16
round 186
round 187
round 188
round 189
round 190
coin 40 8
coin 30 13
round 191
round 192
round 193
round 194
round 195
coin 4 21
coin 66 0
round 196
round 197
round 198
round 199
round 200
coin 59 12
coin 11 9
match_over 0
