match
match_id 1639180951775_ji
match_time 1639180951778
num_bots 1
##MatchConfig
mode FRIENDLY
num_rounds 200
random_seed 42
move_time_limit 1000
coin_spawn_period 5
coin_spawn_volume 2
##MapConfig
map_size 58 37
view_radius 5
mining_radius 2
attack_radius 4
block 25 0
block 26 0
block 48 0
block 49 0
block 50 0
block 51 0
block 52 0
block 25 1
block 26 1
block 48 1
block 49 1
block 50 1
block 51 1
block 52 1
block 25 2
block 26 2
block 48 2
block 49 2
block 50 2
block 51 2
block 52 2
block 1 3
block 2 3
block 3 3
block 25 3
block 26 3
block 37 3
block 38 3
block 39 3
block 40 3
block 48 3
block 49 3
block 50 3
block 51 3
block 52 3
block 1 4
block 2 4
block 3 4
block 25 4
block 26 4
block 31 4
block 32 4
block 33 4
block 34 4
block 35 4
block 36 4
block 37 4
block 38 4
block 39 4
block 40 4
block 31 5
block 32 5
block 33 5
block 34 5
block 35 5
block 36 5
block 37 5
block 31 6
block 32 6
block 33 6
block 34 6
block 35 6
block 36 6
block 37 6
block 31 7
block 32 7
block 33 7
block 34 7
block 35 7
block 36 7
block 37 7
block 31 8
block 32 8
block 33 8
block 34 8
block 35 8
block 36 8
block 37 8
block 14 10
block 15 10
block 16 10
block 17 10
block 18 10
block 19 10
block 14 11
block 15 11
block 16 11
block 17 11
block 18 11
block 19 11
block 14 12
block 15 12
block 16 12
block 17 12
block 18 12
block 19 12
block 21 14
block 22 14
block 34 14
block 35 14
block 36 14
block 37 14
block 38 14
block 39 14
block 40 14
block 21 15
block 22 15
block 34 15
block 35 15
block 36 15
block 37 15
block 38 15
block 39 15
block 40 15
block 21 16
block 22 16
block 34 16
block 35 16
block 36 16
block 37 16
block 38 16
block 39 16
block 40 16
block 21 17
block 22 17
block 21 18
block 22 18
block 30 18
block 31 18
block 21 19
block 22 19
block 30 19
block 31 19
block 55 19
block 56 19
block 30 20
block 31 20
block 55 20
block 56 20
block 55 21
block 56 21
block 12 22
block 13 22
block 14 22
block 15 22
block 16 22
block 17 22
block 18 22
block 55 22
block 56 22
block 12 23
block 13 23
block 14 23
block 15 23
block 16 23
block 17 23
block 18 23
block 55 23
block 56 23
block 12 24
block 13 24
block 14 24
block 15 24
block 16 24
block 17 24
block 18 24
block 12 25
block 13 25
block 14 25
block 15 25
block 16 25
block 17 25
block 18 25
block 27 28
block 28 28
block 34 28
block 35 28
block 36 28
block 37 28
block 38 28
block 27 29
block 28 29
block 34 29
block 35 29
block 36 29
block 37 29
block 38 29
block 27 30
block 28 30
block 34 30
block 35 30
block 36 30
block 37 30
block 38 30
block 27 31
block 28 31
block 34 31
block 35 31
block 36 31
block 37 31
block 38 31
block 23 32
block 24 32
block 25 32
block 26 32
block 27 32
block 28 32
block 23 33
block 24 33
block 25 33
block 26 33
block 27 33
block 28 33
block 23 34
block 24 34
block 25 34
block 26 34
block 27 34
block 28 34
block 48 34
block 49 34
block 50 34
block 51 34
block 52 34
block 23 35
block 24 35
block 25 35
block 26 35
block 27 35
block 28 35
block 48 35
block 49 35
block 50 35
block 51 35
block 52 35
block 25 36
block 26 36
block 48 36
block 49 36
block 50 36
block 51 36
block 52 36
##BotsAndCoinsInfo
bot_name 0 starter-bot
bot 0 9 2
bot_coins 0 0
coin 44 14
coin 13 21
round 1
bot 0 9 3
round 2
bot 0 9 4
round 3
bot 0 9 5
round 4
bot 0 9 6
round 5
bot 0 9 7
coin 38 10
coin 19 26
round 6
bot 0 9 8
round 7
bot 0 9 9
round 8
bot 0 9 10
round 9
bot 0 9 11
round 10
bot 0 9 12
coin 42 8
coin 15 28
round 11
bot 0 9 13
round 12
bot 0 9 14
round 13
bot 0 9 15
round 14
bot 0 9 16
round 15
bot 0 9 17
coin 27 14
coin 30 22
round 16
bot 0 9 18
round 17
bot 0 9 19
round 18
bot 0 9 20
round 19
bot 0 9 21
round 20
bot 0 9 22
coin 31 0
coin 27 36
round 21
bot 0 9 23
round 22
bot 0 9 24
round 23
bot 0 9 25
round 24
bot 0 9 26
round 25
bot 0 9 27
coin 26 21
coin 31 15
round 26
bot 0 9 28
round 27
bot 0 9 29
round 28
bot 0 9 30
round 29
bot 0 9 31
round 30
bot 0 9 32
coin 18 18
coin 39 18
round 31
bot 0 9 33
round 32
bot 0 9 34
round 33
bot 0 9 35
round 34
bot 0 9 36
round 35
bot 0 8 35
coin 20 9
coin 37 27
round 36
bot 0 8 34
round 37
bot 0 8 33
round 38
bot 0 8 32
round 39
bot 0 8 31
round 40
bot 0 8 30
coin 20 14
coin 37 22
round 41
bot 0 8 29
round 42
bot 0 8 28
round 43
bot 0 8 27
round 44
bot 0 8 26
round 45
bot 0 8 25
coin 7 1
coin 50 33
round 46
bot 0 8 24
round 47
bot 0 8 23
round 48
bot 0 8 22
round 49
bot 0 8 21
round 50
bot 0 8 20
coin 47 36
coin 10 0
round 51
bot 0 8 19
round 52
bot 0 8 18
round 53
bot 0 8 17
round 54
bot 0 8 16
round 55
bot 0 8 15
coin 28 25
coin 29 11
round 56
bot 0 8 14
round 57
bot 0 8 13
round 58
bot 0 8 12
round 59
bot 0 8 11
round 60
bot 0 8 10
coin 5 16
coin 52 20
round 61
bot 0 8 9
round 62
bot 0 8 8
round 63
bot 0 8 7
round 64
bot 0 8 6
round 65
bot 0 8 5
coin 34 0
coin 23 36
round 66
bot 0 8 4
round 67
bot 0 8 3
round 68
bot 0 8 2
coin_collected 7 1 0
bot_coins 0 1
round 69
bot 0 8 1
round 70
bot 0 8 0
coin_collected 10 0 0
bot_coins 0 2
coin 9 16
coin 48 20
round 71
bot 0 7 1
round 72
bot 0 7 2
round 73
bot 0 7 3
round 74
bot 0 7 4
round 75
bot 0 7 5
coin 30 31
coin 27 5
round 76
bot 0 7 6
round 77
bot 0 7 7
round 78
bot 0 7 8
round 79
bot 0 7 9
round 80
bot 0 7 10
coin 2 26
coin 55 10
round 81
bot 0 7 11
round 82
bot 0 7 12
round 83
bot 0 7 13
round 84
bot 0 7 14
round 85
bot 0 7 15
coin 47 23
coin 10 13
round 86
bot 0 7 16
coin_collected 9 16 0
bot_coins 0 3
coin_collected 5 16 0
bot_coins 0 4
round 87
bot 0 7 17
round 88
bot 0 7 18
round 89
bot 0 7 19
round 90
bot 0 7 20
coin 10 31
coin 47 5
round 91
bot 0 7 21
round 92
bot 0 7 22
round 93
bot 0 7 23
round 94
bot 0 7 24
round 95
bot 0 7 25
coin 51 16
coin 6 20
round 96
bot 0 7 26
round 97
bot 0 7 27
round 98
bot 0 7 28
round 99
bot 0 7 29
round 100
bot 0 7 30
coin 43 24
coin 14 13
round 101
bot 0 7 31
round 102
bot 0 7 32
round 103
bot 0 7 33
round 104
bot 0 7 34
round 105
bot 0 7 35
coin 23 26
coin 34 10
round 106
bot 0 7 36
round 107
bot 0 6 35
round 108
bot 0 6 34
round 109
bot 0 6 33
round 110
bot 0 6 32
coin 11 22
coin 46 14
round 111
bot 0 6 31
round 112
bot 0 6 30
round 113
bot 0 6 29
round 114
bot 0 6 28
round 115
bot 0 6 27
coin 21 2
coin 36 34
round 116
bot 0 6 26
round 117
bot 0 6 25
round 118
bot 0 6 24
round 119
bot 0 6 23
round 120
bot 0 6 22
coin_collected 6 20 0
bot_coins 0 5
coin 33 20
coin 24 16
round 121
bot 0 6 21
round 122
bot 0 6 20
round 123
bot 0 6 19
round 124
bot 0 6 18
round 125
bot 0 6 17
coin 57 22
coin 0 14
round 126
bot 0 6 16
round 127
bot 0 6 15
round 128
bot 0 6 14
round 129
bot 0 6 13
round 130
bot 0 6 12
coin 10 26
coin 47 10
round 131
bot 0 6 11
round 132
bot 0 6 10
round 133
bot 0 6 9
round 134
bot 0 6 8
round 135
bot 0 6 7
coin 27 0
coin 30 36
round 136
bot 0 6 6
round 137
bot 0 6 5
round 138
bot 0 6 4
round 139
bot 0 6 3
round 140
bot 0 6 2
coin 25 29
coin 30 7
round 141
bot 0 6 1
round 142
bot 0 6 0
round 143
bot 0 5 1
round 144
bot 0 5 2
round 145
bot 0 5 3
coin 21 34
coin 36 2
round 146
bot 0 5 4
round 147
bot 0 5 5
round 148
bot 0 5 6
round 149
bot 0 5 7
round 150
bot 0 5 8
coin 55 12
coin 2 24
round 151
bot 0 5 9
round 152
bot 0 5 10
round 153
bot 0 5 11
round 154
bot 0 5 12
round 155
bot 0 5 13
coin 52 18
coin 5 18
round 156
bot 0 5 14
round 157
bot 0 5 15
round 158
bot 0 5 16
coin_collected 5 18 0
bot_coins 0 6
round 159
bot 0 5 17
round 160
bot 0 5 18
coin 19 22
coin 38 13
round 161
bot 0 5 19
round 162
bot 0 5 20
round 163
bot 0 5 21
round 164
bot 0 5 22
round 165
bot 0 5 23
coin 10 10
coin 47 26
round 166
bot 0 5 24
round 167
bot 0 5 25
round 168
bot 0 5 26
round 169
bot 0 5 27
round 170
bot 0 5 28
coin 3 19
coin 54 17
round 171
bot 0 5 29
round 172
bot 0 5 30
round 173
bot 0 5 31
round 174
bot 0 5 32
round 175
bot 0 5 33
coin 44 21
coin 13 15
round 176
bot 0 5 34
round 177
bot 0 5 35
round 178
bot 0 5 36
round 179
bot 0 4 35
round 180
bot 0 4 34
coin 43 18
coin 14 18
round 181
bot 0 4 33
round 182
bot 0 4 32
round 183
bot 0 4 31
round 184
bot 0 4 30
round 185
bot 0 4 29
coin 49 31
coin 8 5
round 186
bot 0 4 28
round 187
bot 0 4 27
round 188
bot 0 4 26
coin_collected 2 26 0
bot_coins 0 7
round 189
bot 0 4 25
round 190
bot 0 4 24
coin_collected 2 24 0
bot_coins 0 8
coin 46 20
coin 11 16
round 191
bot 0 4 23
round 192
bot 0 4 22
round 193
bot 0 4 21
round 194
bot 0 4 20
coin_collected 3 19 0
bot_coins 0 9
round 195
bot 0 4 19
coin 29 27
coin 28 9
round 196
bot 0 4 18
round 197
bot 0 4 17
round 198
bot 0 4 16
round 199
bot 0 4 15
round 200
bot 0 4 14
coin 2 31
coin 55 5
match_over 0
