match
match_id 1639212647712_jx
match_time 1639212647714
num_bots 1
##MatchConfig
mode FRIENDLY
num_rounds 200
random_seed 42
move_time_limit 1000
coin_spawn_period 5
coin_spawn_volume 2
##MapConfig
map_size 52 29
view_radius 6
mining_radius 1
attack_radius 3
block 0 0
block 1 0
block 2 0
block 3 0
block 4 0
block 17 0
block 18 0
block 19 0
block 20 0
block 21 0
block 22 0
block 51 0
block 17 1
block 18 1
block 19 1
block 20 1
block 21 1
block 22 1
block 17 2
block 18 2
block 19 2
block 20 2
block 21 2
block 22 2
block 17 3
block 18 3
block 19 3
block 20 3
block 21 3
block 22 3
block 31 3
block 32 3
block 33 3
block 34 3
block 31 4
block 32 4
block 33 4
block 34 4
block 31 5
block 32 5
block 33 5
block 34 5
block 31 6
block 32 6
block 33 6
block 34 6
block 23 7
block 24 7
block 25 7
block 26 7
block 27 7
block 28 7
block 29 7
block 31 7
block 32 7
block 33 7
block 34 7
block 1 8
block 2 8
block 3 8
block 4 8
block 20 8
block 21 8
block 22 8
block 23 8
block 24 8
block 25 8
block 26 8
block 27 8
block 28 8
block 29 8
block 31 8
block 32 8
block 33 8
block 34 8
block 1 9
block 2 9
block 3 9
block 4 9
block 20 9
block 21 9
block 22 9
block 23 9
block 24 9
block 25 9
block 26 9
block 27 9
block 28 9
block 29 9
block 31 9
block 32 9
block 33 9
block 34 9
block 49 9
block 50 9
block 1 10
block 2 10
block 3 10
block 4 10
block 20 10
block 21 10
block 22 10
block 23 10
block 24 10
block 25 10
block 26 10
block 27 10
block 28 10
block 29 10
block 49 10
block 50 10
block 1 11
block 2 11
block 3 11
block 4 11
block 20 11
block 21 11
block 22 11
block 23 11
block 24 11
block 25 11
block 26 11
block 27 11
block 28 11
block 29 11
block 49 11
block 50 11
block 23 12
block 24 12
block 25 12
block 26 12
block 27 12
block 28 12
block 29 12
block 49 12
block 50 12
block 49 13
block 50 13
block 49 14
block 50 14
block 19 23
block 20 23
block 21 23
block 22 23
block 23 23
block 19 24
block 20 24
block 21 24
block 22 24
block 23 24
block 19 25
block 20 25
block 21 25
block 22 25
block 23 25
block 17 26
block 18 26
block 19 26
block 20 26
block 21 26
block 22 26
block 0 27
block 1 27
block 2 27
block 3 27
block 4 27
block 17 27
block 18 27
block 19 27
block 20 27
block 21 27
block 22 27
block 51 27
block 0 28
block 1 28
block 2 28
block 3 28
block 4 28
block 17 28
block 18 28
block 19 28
block 20 28
block 21 28
block 22 28
block 51 28
##BotsAndCoinsInfo
bot_name 0 starter-bot
bot 0 9 22
bot_coins 0 0
coin 26 6
coin 25 22
round 1
bot 0 9 23
round 2
bot 0 9 24
round 3
bot 0 9 25
round 4
bot 0 9 26
round 5
bot 0 9 27
coin 48 15
coin 3 13
round 6
bot 0 9 28
round 7
bot 0 8 27
round 8
bot 0 8 26
round 9
bot 0 8 25
round 10
bot 0 8 24
coin 26 23
coin 25 5
round 11
bot 0 8 23
round 12
bot 0 8 22
round 13
bot 0 8 21
round 14
bot 0 8 20
round 15
bot 0 8 19
coin 13 8
coin 38 20
round 16
bot 0 8 18
round 17
bot 0 8 17
round 18
bot 0 8 16
round 19
bot 0 8 15
round 20
bot 0 8 14
coin 3 25
coin 48 3
round 21
bot 0 8 13
round 22
bot 0 8 12
round 23
bot 0 8 11
round 24
bot 0 8 10
round 25
bot 0 8 9
coin 26 22
coin 25 6
round 26
bot 0 8 8
round 27
bot 0 8 7
round 28
bot 0 8 6
round 29
bot 0 8 5
round 30
bot 0 8 4
coin 8 15
coin 43 13
round 31
bot 0 8 3
round 32
bot 0 8 2
round 33
bot 0 8 1
round 34
bot 0 8 0
round 35
bot 0 7 1
coin 20 20
coin 30 8
round 36
bot 0 7 2
round 37
bot 0 7 3
round 38
bot 0 7 4
round 39
bot 0 7 5
round 40
bot 0 7 6
coin 48 1
coin 3 26
round 41
bot 0 7 7
round 42
bot 0 7 8
round 43
bot 0 7 9
round 44
bot 0 7 10
round 45
bot 0 7 11
coin 11 2
coin 40 26
round 46
bot 0 7 12
round 47
bot 0 7 13
round 48
bot 0 7 14
round 49
bot 0 7 15
coin_collected 8 15 0
bot_coins 0 1
round 50
bot 0 7 16
coin 40 27
coin 11 1
round 51
bot 0 7 17
round 52
bot 0 7 18
round 53
bot 0 7 19
round 54
bot 0 7 20
round 55
bot 0 7 21
coin 26 19
coin 24 6
round 56
bot 0 7 22
round 57
bot 0 7 23
round 58
bot 0 7 24
round 59
bot 0 7 25
round 60
bot 0 7 26
coin 51 19
coin 0 9
round 61
bot 0 7 27
round 62
bot 0 7 28
round 63
bot 0 6 27
round 64
bot 0 6 26
round 65
bot 0 6 25
coin 38 8
coin 13 20
round 66
bot 0 6 24
round 67
bot 0 6 23
round 68
bot 0 6 22
round 69
bot 0 6 21
round 70
bot 0 6 20
coin 19 11
coin 32 17
round 71
bot 0 6 19
round 72
bot 0 6 18
round 73
bot 0 6 17
round 74
bot 0 6 16
round 75
bot 0 6 15
coin 38 1
coin 13 27
round 76
bot 0 6 14
round 77
bot 0 6 13
round 78
bot 0 6 12
round 79
bot 0 6 11
round 80
bot 0 6 10
coin 18 16
coin 33 12
round 81
bot 0 6 9
round 82
bot 0 6 8
round 83
bot 0 6 7
round 84
bot 0 6 6
round 85
bot 0 6 5
coin 33 10
coin 18 18
round 86
bot 0 6 4
round 87
bot 0 6 3
round 88
bot 0 6 2
round 89
bot 0 6 1
round 90
bot 0 6 0
coin 32 27
coin 16 1
round 91
bot 0 5 1
round 92
bot 0 5 2
round 93
bot 0 5 3
round 94
bot 0 5 4
round 95
bot 0 5 5
coin 41 22
coin 10 6
round 96
bot 0 5 6
round 97
bot 0 5 7
round 98
bot 0 5 8
round 99
bot 0 5 9
round 100
bot 0 5 10
coin 31 22
coin 20 6
round 101
bot 0 5 11
round 102
bot 0 5 12
round 103
bot 0 5 13
round 104
bot 0 5 14
round 105
bot 0 5 15
coin 47 23
coin 4 5
round 106
bot 0 5 16
round 107
bot 0 5 17
round 108
bot 0 5 18
round 109
bot 0 5 19
round 110
bot 0 5 20
coin 15 15
coin 36 13
round 111
bot 0 5 21
round 112
bot 0 5 22
round 113
bot 0 5 23
round 114
bot 0 5 24
round 115
bot 0 5 25
coin 3 1
coin 48 27
round 116
bot 0 5 26
round 117
bot 0 5 27
round 118
bot 0 5 28
round 119
bot 0 5 27
round 120
bot 0 5 26
coin 1 14
coin 51 14
round 121
bot 0 4 26
coin_collected 3 26 0
bot_coins 0 2
round 122
bot 0 3 26
coin_collected 3 25 0
bot_coins 0 3
round 123
bot 0 2 25
round 124
bot 0 2 24
round 125
bot 0 2 23
coin 9 2
coin 42 26
round 126
bot 0 2 22
round 127
bot 0 2 21
round 128
bot 0 2 20
round 129
bot 0 2 19
round 130
bot 0 2 18
coin 42 10
coin 9 18
round 131
bot 0 2 17
round 132
bot 0 2 16
round 133
bot 0 2 15
round 134
bot 0 2 14
coin_collected 1 14 0
bot_coins 0 4
round 135
bot 0 2 13
coin_collected 3 13 0
bot_coins 0 5
coin 40 19
coin 11 9
round 136
bot 0 2 12
round 137
round 138
round 139
round 140
coin 25 23
coin 26 5
round 141
round 142
round 143
round 144
round 145
coin 49 5
coin 2 23
round 146
round 147
round 148
round 149
round 150
coin 45 6
coin 6 22
round 151
round 152
round 153
round 154
round 155
coin 32 20
coin 19 8
round 156
round 157
round 158
round 159
round 160
coin 51 13
coin 0 15
round 161
round 162
round 163
round 164
round 165
coin 46 25
coin 5 3
round 166
round 167
round 168
round 169
round 170
coin 35 5
coin 16 23
round 171
round 172
round 173
round 174
round 175
coin 6 18
coin 45 10
round 176
round 177
round 178
round 179
round 180
coin 13 5
coin 38 23
round 181
round 182
round 183
round 184
round 185
coin 13 24
coin 38 4
round 186
round 187
round 188
round 189
round 190
coin 42 6
coin 9 22
round 191
round 192
round 193
round 194
round 195
coin 30 11
coin 21 17
round 196
round 197
round 198
round 199
round 200
coin 40 4
coin 11 24
match_over 0
