match
match_id 1639470603204_ac
match_time 1639470603206
num_bots 1
##MatchConfig
mode FRIENDLY
num_rounds 200
random_seed 42
move_time_limit 1000
coin_spawn_period 5
coin_spawn_volume 2
##MapConfig
map_size 48 24
view_radius 5
mining_radius 2
attack_radius 3
block 9 0
block 10 0
block 11 0
block 17 0
block 18 0
block 19 0
block 20 0
block 21 0
block 22 0
block 17 1
block 18 1
block 19 1
block 20 1
block 21 1
block 22 1
block 17 2
block 18 2
block 19 2
block 20 2
block 21 2
block 22 2
block 23 2
block 24 2
block 25 2
block 26 2
block 27 2
block 28 2
block 17 3
block 18 3
block 19 3
block 20 3
block 21 3
block 22 3
block 23 3
block 24 3
block 25 3
block 26 3
block 27 3
block 28 3
block 1 4
block 2 4
block 17 4
block 18 4
block 19 4
block 20 4
block 21 4
block 22 4
block 23 4
block 24 4
block 25 4
block 26 4
block 27 4
block 28 4
block 1 5
block 2 5
block 17 5
block 18 5
block 19 5
block 20 5
block 21 5
block 22 5
block 23 5
block 24 5
block 25 5
block 26 5
block 27 5
block 28 5
block 1 6
block 2 6
block 17 6
block 18 6
block 19 6
block 20 6
block 21 6
block 22 6
block 1 7
block 2 7
block 1 8
block 2 8
block 22 11
block 23 11
block 24 11
block 25 11
block 26 11
block 22 12
block 23 12
block 24 12
block 25 12
block 26 12
block 12 13
block 13 13
block 14 13
block 15 13
block 16 13
block 17 13
block 22 13
block 23 13
block 24 13
block 25 13
block 26 13
block 12 14
block 13 14
block 14 14
block 15 14
block 16 14
block 17 14
block 22 14
block 23 14
block 24 14
block 25 14
block 26 14
block 0 15
block 12 15
block 13 15
block 14 15
block 15 15
block 16 15
block 17 15
block 18 15
block 19 15
block 20 15
block 21 15
block 22 15
block 23 15
block 24 15
block 25 15
block 26 15
block 42 15
block 43 15
block 44 15
block 45 15
block 46 15
block 47 15
block 0 16
block 12 16
block 13 16
block 16 16
block 17 16
block 18 16
block 19 16
block 20 16
block 21 16
block 22 16
block 42 16
block 43 16
block 44 16
block 45 16
block 46 16
block 47 16
block 0 17
block 12 17
block 13 17
block 36 17
block 37 17
block 38 17
block 39 17
block 40 17
block 42 17
block 43 17
block 44 17
block 45 17
block 46 17
block 47 17
block 0 18
block 12 18
block 13 18
block 36 18
block 37 18
block 38 18
block 39 18
block 40 18
block 42 18
block 43 18
block 44 18
block 45 18
block 46 18
block 47 18
block 0 19
block 12 19
block 13 19
block 36 19
block 37 19
block 38 19
block 39 19
block 40 19
block 42 19
block 43 19
block 44 19
block 45 19
block 46 19
block 47 19
block 0 20
block 36 20
block 37 20
block 38 20
block 39 20
block 40 20
block 42 20
block 43 20
block 44 20
block 45 20
block 46 20
block 47 20
block 36 21
block 37 21
block 38 21
block 39 21
block 40 21
block 9 22
block 10 22
block 11 22
block 9 23
block 10 23
block 11 23
##BotsAndCoinsInfo
bot_name 0 starter-bot
bot 0 2 13
bot_coins 0 0
coin 26 1
coin 21 22
round 1
bot 0 2 14
round 2
bot 0 2 15
round 3
bot 0 2 16
round 4
bot 0 2 17
round 5
bot 0 2 18
coin 1 20
coin 46 3
round 6
bot 0 1 19
coin_collected 1 20 0
bot_coins 0 1
round 7
bot 0 1 20
round 8
bot 0 1 21
round 9
bot 0 1 22
round 10
bot 0 1 23
coin 18 13
coin 29 10
round 11
round 12
round 13
round 14
bot 0 1 0
round 15
bot 0 1 1
coin 18 14
coin 29 9
round 16
bot 0 1 2
round 17
bot 0 1 3
round 18
bot 0 0 3
coin_collected 46 3 0
bot_coins 0 2
round 19
bot 0 0 4
round 20
bot 0 0 5
coin 31 5
coin 16 18
round 21
bot 0 0 6
round 22
bot 0 0 7
round 23
bot 0 0 8
round 24
bot 0 0 9
round 25
bot 0 0 10
coin 14 12
coin 33 11
round 26
bot 0 0 11
round 27
bot 0 0 12
round 28
bot 0 0 13
round 29
bot 0 0 14
round 30
bot 0 47 14
coin 12 12
coin 35 11
round 31
bot 0 46 14
round 32
bot 0 45 14
round 33
bot 0 44 14
round 34
bot 0 43 14
round 35
bot 0 42 14
coin 44 8
coin 3 15
round 36
bot 0 41 14
round 37
bot 0 41 15
round 38
bot 0 41 16
round 39
bot 0 41 17
round 40
bot 0 41 18
coin 24 18
coin 23 6
round 41
bot 0 41 19
round 42
bot 0 41 20
round 43
bot 0 41 21
round 44
bot 0 41 22
round 45
bot 0 41 23
coin 7 17
coin 40 6
round 46
bot 0 41 0
round 47
bot 0 41 1
round 48
bot 0 41 2
round 49
bot 0 41 3
round 50
bot 0 41 4
coin 8 7
coin 39 16
round 51
bot 0 41 5
coin_collected 40 6 0
bot_coins 0 3
round 52
bot 0 41 6
round 53
bot 0 41 7
round 54
bot 0 41 8
round 55
bot 0 41 9
coin 26 9
coin 21 14
round 56
bot 0 41 10
round 57
bot 0 41 11
round 58
bot 0 41 12
round 59
bot 0 41 13
round 60
bot 0 41 14
coin 11 9
coin 36 14
round 61
bot 0 41 15
round 62
bot 0 41 16
coin_collected 39 16 0
bot_coins 0 4
round 63
bot 0 41 17
round 64
bot 0 41 18
round 65
bot 0 41 19
coin 46 10
coin 1 13
round 66
bot 0 41 20
round 67
bot 0 41 21
round 68
bot 0 41 22
round 69
bot 0 41 23
round 70
bot 0 41 0
coin 43 6
coin 4 17
round 71
bot 0 41 1
round 72
bot 0 41 2
round 73
bot 0 41 3
round 74
bot 0 41 4
round 75
bot 0 41 5
coin 10 12
coin 37 11
round 76
bot 0 41 6
coin_collected 43 6 0
bot_coins 0 5
round 77
bot 0 41 7
round 78
bot 0 41 8
round 79
bot 0 41 9
round 80
bot 0 41 10
coin 14 5
coin 33 18
round 81
bot 0 41 11
round 82
bot 0 41 12
round 83
bot 0 41 13
round 84
bot 0 41 14
round 85
bot 0 41 15
coin 41 23
coin 6 0
round 86
bot 0 41 16
round 87
bot 0 41 17
round 88
bot 0 41 18
round 89
bot 0 41 19
round 90
bot 0 41 20
coin 11 13
coin 36 10
round 91
bot 0 41 21
coin_collected 41 23 0
bot_coins 0 6
round 92
bot 0 41 22
round 93
bot 0 41 23
round 94
bot 0 41 0
round 95
bot 0 41 1
coin 27 12
coin 20 11
round 96
bot 0 41 2
round 97
bot 0 41 3
round 98
bot 0 41 4
round 99
bot 0 41 5
round 100
bot 0 41 6
coin 11 1
coin 36 22
round 101
bot 0 41 7
round 102
bot 0 41 8
round 103
bot 0 41 9
round 104
bot 0 41 10
round 105
bot 0 41 11
coin 47 1
coin 0 22
round 106
bot 0 41 12
round 107
bot 0 41 13
round 108
bot 0 41 14
round 109
bot 0 42 14
round 110
bot 0 41 14
coin 24 6
coin 23 17
round 111
bot 0 41 15
round 112
bot 0 41 14
round 113
bot 0 41 15
round 114
bot 0 41 16
round 115
coin 7 23
coin 40 0
round 116
bot 0 41 17
round 117
round 118
bot 0 41 18
round 119
round 120
bot 0 41 19
coin 14 19
coin 33 4
round 121
round 122
bot 0 41 20
round 123
round 124
bot 0 41 21
round 125
bot 0 42 21
coin 25 8
coin 23 16
round 126
bot 0 42 22
round 127
bot 0 42 23
round 128
bot 0 42 0
coin_collected 40 0 0
bot_coins 0 7
round 129
bot 0 42 1
round 130
bot 0 42 2
coin 38 4
coin 9 19
round 131
bot 0 42 3
round 132
bot 0 42 4
round 133
bot 0 42 5
round 134
bot 0 42 6
round 135
bot 0 42 7
coin 8 10
coin 39 13
round 136
bot 0 42 8
coin_collected 44 8 0
bot_coins 0 8
round 137
bot 0 42 9
round 138
bot 0 42 10
round 139
bot 0 42 11
round 140
bot 0 42 12
coin 1 19
coin 46 4
round 141
bot 0 42 13
round 142
bot 0 42 14
round 143
bot 0 41 14
round 144
bot 0 41 15
round 145
bot 0 41 16
coin 23 1
coin 24 22
round 146
bot 0 41 17
round 147
bot 0 41 18
round 148
bot 0 41 19
round 149
bot 0 41 20
round 150
bot 0 41 21
coin 25 10
coin 21 13
round 151
bot 0 41 22
round 152
bot 0 42 22
round 153
bot 0 42 23
round 154
bot 0 42 0
round 155
bot 0 42 1
coin 32 1
coin 15 22
round 156
bot 0 42 2
round 157
bot 0 42 3
round 158
bot 0 42 4
round 159
bot 0 42 5
round 160
bot 0 42 6
coin 38 2
coin 9 21
round 161
bot 0 42 7
round 162
bot 0 42 8
round 163
bot 0 42 9
round 164
bot 0 42 10
round 165
bot 0 42 11
coin 14 7
coin 33 16
round 166
bot 0 42 12
round 167
bot 0 42 13
round 168
bot 0 42 14
round 169
bot 0 43 14
round 170
bot 0 42 14
coin 15 3
coin 32 20
round 171
bot 0 41 14
round 172
bot 0 41 13
coin_collected 39 13 0
bot_coins 0 9
round 173
bot 0 41 14
round 174
bot 0 41 15
round 175
bot 0 41 16
coin 22 7
coin 25 16
round 176
bot 0 41 17
round 177
bot 0 41 18
round 178
bot 0 41 19
round 179
bot 0 41 20
round 180
bot 0 41 21
coin 13 12
coin 34 11
round 181
bot 0 41 22
round 182
bot 0 41 23
round 183
bot 0 40 0
round 184
bot 0 40 1
round 185
bot 0 40 2
coin_collected 38 2 0
bot_coins 0 10
coin 37 5
coin 10 18
round 186
bot 0 40 3
round 187
bot 0 40 4
coin_collected 38 4 0
bot_coins 0 11
round 188
bot 0 40 5
round 189
bot 0 40 6
round 190
bot 0 40 7
coin 26 6
coin 21 17
round 191
bot 0 40 8
round 192
bot 0 40 9
round 193
bot 0 40 10
round 194
bot 0 40 11
round 195
bot 0 40 12
coin 17 21
coin 30 2
round 196
bot 0 40 13
round 197
bot 0 40 14
round 198
bot 0 40 15
round 199
bot 0 40 16
round 200
bot 0 39 16
coin 24 10
coin 21 12
match_over 0
