match
match_id 1639414218745_dy
match_time 1639414218750
num_bots 1
##MatchConfig
mode FRIENDLY
num_rounds 200
random_seed 42
move_time_limit 1000
coin_spawn_period 5
coin_spawn_volume 2
##MapConfig
map_size 63 31
view_radius 5
mining_radius 1
attack_radius 4
block 8 0
block 9 0
block 10 0
block 11 0
block 57 0
block 58 0
block 59 0
block 8 1
block 9 1
block 10 1
block 11 1
block 57 1
block 58 1
block 59 1
block 8 2
block 9 2
block 10 2
block 11 2
block 57 2
block 58 2
block 59 2
block 57 3
block 58 3
block 59 3
block 9 4
block 10 4
block 11 4
block 12 4
block 13 4
block 57 4
block 58 4
block 59 4
block 9 5
block 10 5
block 11 5
block 12 5
block 13 5
block 9 6
block 10 6
block 11 6
block 12 6
block 13 6
block 9 7
block 10 7
block 11 7
block 12 7
block 13 7
block 56 13
block 57 13
block 58 13
block 59 13
block 60 13
block 61 13
block 62 13
block 56 14
block 57 14
block 58 14
block 59 14
block 60 14
block 61 14
block 62 14
block 0 15
block 1 15
block 2 15
block 3 15
block 56 15
block 57 15
block 58 15
block 59 15
block 60 15
block 61 15
block 62 15
block 0 16
block 1 16
block 2 16
block 3 16
block 56 16
block 57 16
block 58 16
block 59 16
block 60 16
block 61 16
block 62 16
block 56 17
block 57 17
block 58 17
block 59 17
block 60 17
block 61 17
block 62 17
block 56 18
block 57 18
block 58 18
block 59 18
block 60 18
block 61 18
block 62 18
block 0 19
block 56 19
block 57 19
block 58 19
block 59 19
block 60 19
block 61 19
block 62 19
block 0 20
block 62 20
block 0 21
block 62 21
block 0 22
block 62 22
block 0 23
block 62 23
block 0 24
block 62 24
block 51 26
block 52 26
block 53 26
block 51 27
block 52 27
block 53 27
block 8 29
block 9 29
block 10 29
block 11 29
block 57 29
block 58 29
block 59 29
block 8 30
block 9 30
block 10 30
block 11 30
block 57 30
block 58 30
block 59 30
##BotsAndCoinsInfo
bot_name 0 martyn
bot 0 35 28
bot_coins 0 0
coin 8 10
coin 54 20
round 1
round 2
round 3
match_over 0
round 4
