match
match_id 1639170033099_cn
match_time 1639170033109
num_bots 1
##MatchConfig
mode FRIENDLY
num_rounds 200
random_seed 42
move_time_limit 1000
coin_spawn_period 5
coin_spawn_volume 2
##MapConfig
map_size 78 24
view_radius 6
mining_radius 1
attack_radius 4
block 6 0
block 7 0
block 8 0
block 9 0
block 10 0
block 11 0
block 12 0
block 13 0
block 14 0
block 17 0
block 18 0
block 19 0
block 20 0
block 21 0
block 23 0
block 24 0
block 25 0
block 43 0
block 44 0
block 6 1
block 7 1
block 8 1
block 9 1
block 10 1
block 11 1
block 12 1
block 13 1
block 14 1
block 17 1
block 18 1
block 19 1
block 20 1
block 21 1
block 23 1
block 24 1
block 25 1
block 43 1
block 44 1
block 6 2
block 7 2
block 8 2
block 9 2
block 10 2
block 11 2
block 12 2
block 13 2
block 14 2
block 23 2
block 24 2
block 25 2
block 43 2
block 44 2
block 6 3
block 7 3
block 8 3
block 9 3
block 10 3
block 11 3
block 12 3
block 13 3
block 14 3
block 23 3
block 24 3
block 25 3
block 43 3
block 44 3
block 9 4
block 10 4
block 11 4
block 12 4
block 13 4
block 14 4
block 23 4
block 24 4
block 25 4
block 42 4
block 43 4
block 9 5
block 10 5
block 11 5
block 12 5
block 13 5
block 14 5
block 42 5
block 43 5
block 65 5
block 66 5
block 42 6
block 43 6
block 62 6
block 63 6
block 64 6
block 65 6
block 66 6
block 9 7
block 10 7
block 11 7
block 12 7
block 36 7
block 37 7
block 38 7
block 39 7
block 40 7
block 42 7
block 43 7
block 62 7
block 63 7
block 64 7
block 65 7
block 66 7
block 67 7
block 68 7
block 9 8
block 10 8
block 11 8
block 12 8
block 36 8
block 37 8
block 38 8
block 39 8
block 40 8
block 42 8
block 43 8
block 62 8
block 63 8
block 64 8
block 65 8
block 66 8
block 67 8
block 68 8
block 9 9
block 10 9
block 11 9
block 12 9
block 21 9
block 22 9
block 23 9
block 24 9
block 25 9
block 36 9
block 37 9
block 38 9
block 39 9
block 40 9
block 42 9
block 43 9
block 62 9
block 63 9
block 64 9
block 65 9
block 66 9
block 67 9
block 68 9
block 9 10
block 10 10
block 11 10
block 12 10
block 21 10
block 22 10
block 23 10
block 24 10
block 25 10
block 36 10
block 37 10
block 38 10
block 39 10
block 40 10
block 62 10
block 63 10
block 64 10
block 65 10
block 66 10
block 67 10
block 68 10
block 9 11
block 10 11
block 11 11
block 12 11
block 21 11
block 22 11
block 23 11
block 24 11
block 25 11
block 36 11
block 37 11
block 38 11
block 39 11
block 40 11
block 65 11
block 66 11
block 67 11
block 68 11
block 56 14
block 57 14
block 23 15
block 24 15
block 25 15
block 56 15
block 57 15
block 0 16
block 1 16
block 23 16
block 24 16
block 25 16
block 75 16
block 76 16
block 77 16
block 0 17
block 1 17
block 23 17
block 24 17
block 25 17
block 75 17
block 76 17
block 77 17
block 0 18
block 1 18
block 23 18
block 24 18
block 25 18
block 75 18
block 76 18
block 77 18
block 17 19
block 18 19
block 19 19
block 20 19
block 21 19
block 22 19
block 23 19
block 24 19
block 25 19
block 26 19
block 27 19
block 17 20
block 18 20
block 19 20
block 20 20
block 21 20
block 22 20
block 23 20
block 24 20
block 25 20
block 26 20
block 27 20
block 17 21
block 18 21
block 19 21
block 20 21
block 21 21
block 23 21
block 24 21
block 25 21
block 33 21
block 34 21
block 35 21
block 17 22
block 18 22
block 19 22
block 20 22
block 21 22
block 33 22
block 34 22
block 35 22
block 6 23
block 7 23
block 8 23
block 9 23
block 10 23
block 11 23
block 12 23
block 13 23
block 14 23
block 17 23
block 18 23
block 19 23
block 20 23
block 21 23
block 23 23
block 24 23
block 25 23
block 33 23
block 34 23
block 35 23
block 43 23
block 44 23
##BotsAndCoinsInfo
bot_name 0 starter-bot
bot 0 15 9
bot_coins 0 0
coin 26 3
coin 51 20
round 1
bot 0 15 10
round 2
bot 0 15 11
round 3
bot 0 15 12
round 4
bot 0 15 13
round 5
bot 0 15 14
coin 48 20
coin 29 3
round 6
bot 0 15 15
round 7
bot 0 15 16
round 8
bot 0 15 17
round 9
bot 0 15 18
round 10
bot 0 15 19
coin 0 13
coin 77 10
round 11
bot 0 15 20
round 12
bot 0 15 21
round 13
bot 0 15 22
round 14
bot 0 15 23
round 15
coin 65 14
coin 13 9
round 16
round 17
round 18
round 19
round 20
match_over 0
coin 55 5
coin 22 18
round 21
