match
match_id 1639173554786_ec
match_time 1639173554790
num_bots 1
##MatchConfig
mode FRIENDLY
num_rounds 200
random_seed 42
move_time_limit 1000
coin_spawn_period 5
coin_spawn_volume 2
##MapConfig
map_size 64 29
view_radius 6
mining_radius 1
attack_radius 4
block 30 0
block 31 0
block 32 0
block 45 1
block 46 1
block 45 2
block 46 2
block 55 2
block 56 2
block 57 2
block 58 2
block 59 2
block 60 2
block 31 3
block 32 3
block 33 3
block 34 3
block 45 3
block 46 3
block 55 3
block 56 3
block 57 3
block 58 3
block 59 3
block 60 3
block 11 4
block 12 4
block 13 4
block 31 4
block 32 4
block 33 4
block 34 4
block 45 4
block 46 4
block 55 4
block 56 4
block 57 4
block 58 4
block 59 4
block 60 4
block 11 5
block 12 5
block 13 5
block 16 5
block 17 5
block 18 5
block 19 5
block 31 5
block 32 5
block 33 5
block 34 5
block 45 5
block 46 5
block 50 5
block 51 5
block 52 5
block 55 5
block 56 5
block 57 5
block 58 5
block 59 5
block 60 5
block 11 6
block 12 6
block 13 6
block 16 6
block 17 6
block 18 6
block 19 6
block 31 6
block 32 6
block 33 6
block 34 6
block 40 6
block 41 6
block 42 6
block 43 6
block 44 6
block 45 6
block 46 6
block 50 6
block 51 6
block 52 6
block 55 6
block 56 6
block 57 6
block 58 6
block 59 6
block 60 6
block 11 7
block 12 7
block 13 7
block 16 7
block 17 7
block 18 7
block 19 7
block 20 7
block 21 7
block 22 7
block 23 7
block 31 7
block 32 7
block 33 7
block 34 7
block 40 7
block 41 7
block 42 7
block 43 7
block 44 7
block 45 7
block 46 7
block 50 7
block 51 7
block 52 7
block 11 8
block 12 8
block 13 8
block 16 8
block 17 8
block 18 8
block 19 8
block 20 8
block 21 8
block 22 8
block 23 8
block 31 8
block 32 8
block 33 8
block 34 8
block 50 8
block 51 8
block 52 8
block 1 9
block 2 9
block 3 9
block 4 9
block 5 9
block 6 9
block 11 9
block 12 9
block 13 9
block 16 9
block 17 9
block 18 9
block 19 9
block 20 9
block 21 9
block 22 9
block 23 9
block 50 9
block 51 9
block 52 9
block 1 10
block 2 10
block 3 10
block 4 10
block 5 10
block 6 10
block 16 10
block 17 10
block 18 10
block 19 10
block 20 10
block 21 10
block 22 10
block 23 10
block 50 10
block 51 10
block 52 10
block 1 11
block 2 11
block 3 11
block 4 11
block 5 11
block 6 11
block 18 11
block 19 11
block 20 11
block 21 11
block 22 11
block 23 11
block 40 11
block 41 11
block 42 11
block 1 12
block 2 12
block 3 12
block 4 12
block 5 12
block 6 12
block 18 12
block 19 12
block 20 12
block 21 12
block 22 12
block 23 12
block 33 12
block 34 12
block 35 12
block 40 12
block 41 12
block 42 12
block 1 13
block 2 13
block 3 13
block 4 13
block 5 13
block 6 13
block 18 13
block 19 13
block 20 13
block 21 13
block 22 13
block 23 13
block 33 13
block 34 13
block 35 13
block 40 13
block 41 13
block 42 13
block 45 13
block 46 13
block 47 13
block 40 14
block 41 14
block 42 14
block 45 14
block 46 14
block 47 14
block 55 14
block 56 14
block 57 14
block 58 14
block 59 14
block 7 15
block 8 15
block 40 15
block 41 15
block 42 15
block 45 15
block 46 15
block 47 15
block 55 15
block 56 15
block 57 15
block 58 15
block 59 15
block 7 16
block 8 16
block 40 16
block 41 16
block 42 16
block 45 16
block 46 16
block 47 16
block 55 16
block 56 16
block 57 16
block 58 16
block 59 16
block 40 17
block 41 17
block 42 17
block 53 17
block 54 17
block 55 17
block 56 17
block 53 18
block 54 18
block 55 18
block 56 18
block 53 19
block 54 19
block 55 19
block 56 19
block 57 19
block 56 20
block 57 20
block 27 21
block 28 21
block 29 21
block 30 21
block 31 21
block 7 22
block 8 22
block 9 22
block 10 22
block 11 22
block 27 22
block 28 22
block 29 22
block 30 22
block 31 22
block 7 23
block 8 23
block 9 23
block 10 23
block 11 23
block 27 23
block 28 23
block 29 23
block 30 23
block 31 23
block 7 24
block 8 24
block 9 24
block 10 24
block 11 24
block 27 24
block 28 24
block 29 24
block 30 24
block 31 24
block 32 24
block 33 24
block 34 24
block 35 24
block 7 25
block 8 25
block 9 25
block 10 25
block 11 25
block 27 25
block 28 25
block 29 25
block 30 25
block 31 25
block 32 25
block 33 25
block 34 25
block 35 25
block 7 26
block 8 26
block 9 26
block 10 26
block 11 26
block 30 26
block 31 26
block 32 26
block 33 26
block 34 26
block 35 26
block 7 27
block 8 27
block 9 27
block 10 27
block 11 27
block 30 27
block 31 27
block 32 27
block 7 28
block 8 28
block 9 28
block 10 28
block 11 28
block 30 28
block 31 28
block 32 28
##BotsAndCoinsInfo
bot_name 0 starter-bot
bot 0 48 14
bot_coins 0 0
coin 46 9
coin 17 19
round 1
bot 0 48 15
round 2
bot 0 48 16
round 3
bot 0 48 17
round 4
bot 0 48 18
round 5
bot 0 48 19
coin 43 15
coin 20 14
round 6
bot 0 48 20
round 7
bot 0 48 21
round 8
bot 0 48 22
round 9
bot 0 48 23
round 10
bot 0 48 24
coin 19 23
coin 44 5
round 11
bot 0 48 25
round 12
bot 0 48 26
round 13
bot 0 48 27
round 14
bot 0 48 28
round 15
bot 0 48 27
coin 15 8
coin 48 20
round 16
bot 0 48 26
round 17
bot 0 48 25
round 18
bot 0 48 24
round 19
bot 0 48 23
round 20
bot 0 48 22
coin 42 25
coin 21 3
round 21
bot 0 48 21
coin_collected 48 20 0
bot_coins 0 1
round 22
bot 0 48 20
round 23
bot 0 48 19
round 24
bot 0 48 18
round 25
bot 0 48 17
coin 57 22
coin 6 6
round 26
bot 0 48 16
round 27
bot 0 48 15
round 28
bot 0 48 14
round 29
bot 0 48 13
round 30
bot 0 48 12
coin 23 15
coin 39 13
round 31
bot 0 48 11
round 32
bot 0 48 10
round 33
bot 0 48 9
round 34
bot 0 48 8
round 35
bot 0 48 7
coin 17 20
coin 46 8
round 36
bot 0 48 6
round 37
bot 0 48 5
round 38
bot 0 48 4
round 39
bot 0 48 3
round 40
bot 0 48 2
coin 29 1
coin 34 27
round 41
bot 0 48 1
round 42
bot 0 48 2
round 43
bot 0 48 3
round 44
bot 0 48 4
round 45
bot 0 48 5
coin 50 2
coin 13 26
round 46
bot 0 48 6
round 47
bot 0 48 7
round 48
bot 0 48 8
round 49
bot 0 48 9
round 50
bot 0 48 10
coin 58 27
coin 5 1
round 51
bot 0 48 11
round 52
bot 0 48 12
round 53
bot 0 48 13
round 54
bot 0 48 14
round 55
bot 0 48 15
coin 27 19
coin 36 9
round 56
bot 0 48 16
round 57
bot 0 48 17
round 58
bot 0 48 18
round 59
bot 0 48 19
round 60
bot 0 48 20
coin 47 19
coin 15 9
round 61
bot 0 48 21
round 62
bot 0 48 22
round 63
bot 0 48 23
round 64
bot 0 48 24
round 65
bot 0 48 25
coin 24 8
coin 39 20
round 66
bot 0 48 26
round 67
bot 0 48 27
round 68
bot 0 48 28
round 69
bot 0 48 27
round 70
bot 0 48 26
coin 11 11
coin 52 17
round 71
bot 0 48 25
round 72
bot 0 48 24
round 73
bot 0 48 23
round 74
bot 0 48 22
round 75
bot 0 48 21
coin 38 1
coin 25 27
round 76
bot 0 48 20
round 77
bot 0 48 19
coin_collected 47 19 0
bot_coins 0 2
round 78
bot 0 48 18
round 79
bot 0 48 17
round 80
bot 0 48 16
coin 13 16
coin 50 12
round 81
bot 0 48 15
round 82
bot 0 48 14
round 83
bot 0 48 13
round 84
bot 0 48 12
round 85
bot 0 48 11
coin 53 8
coin 10 20
round 86
bot 0 48 10
round 87
bot 0 48 9
round 88
bot 0 48 8
round 89
bot 0 48 7
round 90
bot 0 48 6
coin 12 27
coin 51 1
round 91
bot 0 48 5
round 92
bot 0 48 4
round 93
bot 0 48 3
round 94
bot 0 48 2
round 95
bot 0 48 1
coin 37 22
coin 26 6
round 96
bot 0 48 2
round 97
bot 0 48 3
round 98
bot 0 48 4
round 99
bot 0 48 5
round 100
bot 0 48 6
coin 48 22
coin 15 6
round 101
bot 0 48 7
round 102
bot 0 48 8
round 103
bot 0 48 9
round 104
bot 0 48 10
round 105
bot 0 48 11
coin 36 23
coin 27 5
round 106
bot 0 48 12
round 107
bot 0 48 13
round 108
bot 0 48 14
round 109
bot 0 48 15
round 110
bot 0 48 16
coin 37 15
coin 26 13
round 111
bot 0 48 17
round 112
bot 0 48 18
round 113
bot 0 48 19
round 114
bot 0 48 20
round 115
bot 0 48 21
coin_collected 48 22 0
bot_coins 0 3
coin 48 0
coin 15 28
round 116
bot 0 48 22
round 117
bot 0 48 23
round 118
bot 0 48 24
round 119
bot 0 48 25
round 120
bot 0 48 26
coin 2 14
coin 61 14
round 121
bot 0 48 27
round 122
bot 0 48 28
coin_collected 48 0 0
bot_coins 0 4
round 123
bot 0 48 27
round 124
bot 0 48 26
round 125
bot 0 48 25
coin 22 2
coin 41 26
round 126
bot 0 48 24
round 127
bot 0 48 23
round 128
bot 0 48 22
round 129
bot 0 48 21
round 130
bot 0 48 20
coin 53 10
coin 10 18
round 131
bot 0 48 19
round 132
bot 0 48 18
round 133
bot 0 48 17
round 134
bot 0 48 16
round 135
bot 0 48 15
coin 26 19
coin 37 9
round 136
bot 0 48 14
round 137
bot 0 48 13
round 138
bot 0 48 12
round 139
bot 0 48 11
round 140
bot 0 48 10
coin 62 22
coin 1 6
round 141
bot 0 48 9
round 142
bot 0 48 8
round 143
bot 0 48 7
round 144
bot 0 48 6
round 145
bot 0 48 5
coin 44 4
coin 19 24
round 146
bot 0 48 4
round 147
bot 0 48 3
round 148
bot 0 48 2
round 149
bot 0 48 1
round 150
bot 0 48 2
coin 30 6
coin 33 22
round 151
bot 0 48 3
round 152
bot 0 48 4
round 153
bot 0 48 5
round 154
bot 0 48 6
round 155
bot 0 48 7
coin 18 20
coin 45 8
round 156
bot 0 48 8
round 157
bot 0 48 9
round 158
bot 0 48 10
round 159
bot 0 48 11
round 160
bot 0 48 12
coin 60 13
coin 3 15
round 161
bot 0 48 13
round 162
bot 0 48 14
round 163
bot 0 48 15
round 164
bot 0 48 16
round 165
bot 0 48 17
coin 52 25
coin 11 3
round 166
bot 0 48 18
round 167
bot 0 48 19
round 168
bot 0 48 20
round 169
bot 0 48 21
round 170
bot 0 48 22
coin 40 5
coin 23 23
round 171
bot 0 48 23
round 172
bot 0 48 24
round 173
bot 0 48 25
round 174
bot 0 48 26
round 175
bot 0 48 27
coin 23 18
coin 40 10
round 176
bot 0 48 28
round 177
bot 0 48 27
round 178
bot 0 48 26
round 179
bot 0 48 25
round 180
bot 0 48 24
coin 23 5
coin 40 23
round 181
bot 0 48 23
round 182
bot 0 48 22
round 183
bot 0 48 21
round 184
bot 0 48 20
round 185
bot 0 48 19
coin 26 24
coin 37 4
round 186
bot 0 48 18
round 187
bot 0 48 17
round 188
bot 0 48 16
round 189
bot 0 48 15
round 190
bot 0 48 14
coin 29 6
coin 34 22
round 191
bot 0 48 13
round 192
bot 0 48 12
round 193
bot 0 48 11
round 194
bot 0 48 10
round 195
bot 0 48 9
coin 30 11
coin 33 17
round 196
bot 0 48 8
round 197
bot 0 48 7
round 198
bot 0 48 6
round 199
bot 0 48 5
round 200
bot 0 48 4
coin 30 4
coin 33 23
match_over 0
