match
match_id 1639213563195_kk
match_time 1639213563197
num_bots 1
##MatchConfig
mode FRIENDLY
num_rounds 200
random_seed 42
move_time_limit 1000
coin_spawn_period 5
coin_spawn_volume 2
##MapConfig
map_size 59 27
view_radius 5
mining_radius 2
attack_radius 4
block 3 0
block 4 0
block 5 0
block 6 0
block 7 0
block 8 0
block 10 0
block 11 0
block 12 0
block 26 0
block 27 0
block 28 0
block 29 0
block 30 0
block 31 0
block 45 0
block 46 0
block 47 0
block 48 0
block 49 0
block 50 0
block 51 0
block 3 1
block 4 1
block 5 1
block 6 1
block 7 1
block 8 1
block 10 1
block 11 1
block 12 1
block 26 1
block 27 1
block 28 1
block 29 1
block 30 1
block 31 1
block 45 1
block 46 1
block 47 1
block 48 1
block 49 1
block 50 1
block 51 1
block 3 2
block 4 2
block 5 2
block 6 2
block 7 2
block 8 2
block 9 2
block 10 2
block 11 2
block 12 2
block 13 2
block 26 2
block 27 2
block 28 2
block 29 2
block 30 2
block 31 2
block 45 2
block 46 2
block 47 2
block 48 2
block 49 2
block 50 2
block 51 2
block 3 3
block 4 3
block 5 3
block 6 3
block 7 3
block 8 3
block 9 3
block 10 3
block 11 3
block 12 3
block 13 3
block 26 3
block 27 3
block 28 3
block 29 3
block 30 3
block 31 3
block 45 3
block 46 3
block 47 3
block 48 3
block 49 3
block 3 4
block 4 4
block 5 4
block 6 4
block 7 4
block 8 4
block 9 4
block 10 4
block 11 4
block 12 4
block 13 4
block 19 4
block 20 4
block 21 4
block 22 4
block 40 4
block 41 4
block 42 4
block 43 4
block 44 4
block 45 4
block 46 4
block 47 4
block 48 4
block 49 4
block 6 5
block 7 5
block 8 5
block 9 5
block 10 5
block 11 5
block 12 5
block 13 5
block 19 5
block 20 5
block 21 5
block 22 5
block 39 5
block 40 5
block 41 5
block 42 5
block 43 5
block 44 5
block 45 5
block 46 5
block 47 5
block 48 5
block 49 5
block 0 6
block 1 6
block 2 6
block 3 6
block 4 6
block 6 6
block 7 6
block 8 6
block 9 6
block 10 6
block 19 6
block 20 6
block 21 6
block 22 6
block 39 6
block 40 6
block 45 6
block 46 6
block 47 6
block 48 6
block 49 6
block 0 7
block 1 7
block 2 7
block 3 7
block 4 7
block 6 7
block 7 7
block 8 7
block 9 7
block 10 7
block 19 7
block 20 7
block 21 7
block 22 7
block 45 7
block 46 7
block 47 7
block 48 7
block 49 7
block 50 7
block 0 8
block 1 8
block 2 8
block 3 8
block 4 8
block 6 8
block 7 8
block 8 8
block 9 8
block 10 8
block 19 8
block 20 8
block 21 8
block 22 8
block 46 8
block 47 8
block 48 8
block 49 8
block 50 8
block 51 8
block 0 9
block 1 9
block 2 9
block 3 9
block 4 9
block 6 9
block 7 9
block 8 9
block 9 9
block 10 9
block 21 9
block 22 9
block 23 9
block 24 9
block 44 9
block 45 9
block 46 9
block 47 9
block 48 9
block 49 9
block 50 9
block 51 9
block 0 10
block 1 10
block 2 10
block 3 10
block 4 10
block 6 10
block 7 10
block 8 10
block 9 10
block 10 10
block 21 10
block 22 10
block 23 10
block 24 10
block 44 10
block 45 10
block 46 10
block 47 10
block 48 10
block 49 10
block 50 10
block 58 10
block 0 11
block 1 11
block 2 11
block 3 11
block 4 11
block 6 11
block 7 11
block 8 11
block 9 11
block 10 11
block 41 11
block 42 11
block 44 11
block 45 11
block 58 11
block 0 12
block 1 12
block 2 12
block 3 12
block 4 12
block 41 12
block 42 12
block 58 12
block 0 13
block 1 13
block 2 13
block 3 13
block 4 13
block 58 13
block 9 16
block 10 16
block 11 16
block 12 16
block 13 16
block 14 16
block 9 17
block 10 17
block 11 17
block 12 17
block 13 17
block 14 17
block 43 17
block 44 17
block 45 17
block 46 17
block 9 18
block 10 18
block 11 18
block 12 18
block 13 18
block 14 18
block 43 18
block 44 18
block 45 18
block 46 18
block 9 19
block 10 19
block 11 19
block 12 19
block 13 19
block 14 19
block 35 19
block 36 19
block 43 19
block 44 19
block 45 19
block 46 19
block 2 20
block 3 20
block 4 20
block 5 20
block 9 20
block 10 20
block 11 20
block 12 20
block 13 20
block 14 20
block 35 20
block 36 20
block 43 20
block 44 20
block 45 20
block 46 20
block 2 21
block 3 21
block 4 21
block 5 21
block 9 21
block 10 21
block 11 21
block 12 21
block 13 21
block 14 21
block 35 21
block 36 21
block 43 21
block 44 21
block 2 22
block 3 22
block 4 22
block 5 22
block 43 22
block 44 22
block 2 23
block 3 23
block 4 23
block 5 23
block 2 24
block 3 24
block 4 24
block 5 24
block 26 26
block 27 26
block 28 26
block 29 26
block 30 26
block 31 26
block 45 26
block 46 26
block 47 26
block 48 26
block 49 26
block 50 26
block 51 26
##BotsAndCoinsInfo
bot_name 0 starter-bot
bot 0 24 7
bot_coins 0 0
coin 33 3
coin 25 23
round 1
bot 0 24 8
round 2
round 3
round 4
round 5
coin 15 17
coin 43 9
round 6
round 7
round 8
round 9
round 10
coin 8 16
coin 51 10
round 11
round 12
round 13
round 14
round 15
coin 15 20
coin 43 6
round 16
round 17
round 18
round 19
round 20
coin 50 3
coin 8 23
round 21
round 22
round 23
round 24
round 25
coin 11 26
coin 47 25
round 26
round 27
round 28
round 29
round 30
coin 45 8
coin 15 18
round 31
round 32
round 33
round 34
round 35
coin 2 5
coin 56 21
round 36
round 37
round 38
round 39
round 40
coin 31 6
coin 27 20
round 41
round 42
round 43
round 44
round 45
coin 23 8
coin 35 18
round 46
coin_collected 23 8 0
bot_coins 0 1
round 47
round 48
round 49
round 50
coin 38 4
coin 20 22
round 51
round 52
round 53
round 54
round 55
coin 36 24
coin 22 2
round 56
round 57
round 58
round 59
round 60
coin 48 25
coin 9 1
round 61
round 62
round 63
round 64
round 65
coin 41 22
coin 17 4
round 66
round 67
round 68
round 69
round 70
coin 53 3
coin 6 23
round 71
round 72
round 73
round 74
round 75
coin 54 21
coin 4 5
round 76
round 77
round 78
round 79
round 80
coin 55 23
coin 2 3
round 81
round 82
round 83
round 84
round 85
coin 6 14
coin 52 12
round 86
round 87
round 88
round 89
round 90
coin 25 7
coin 33 19
round 91
coin_collected 25 7 0
bot_coins 0 2
round 92
round 93
round 94
round 95
coin 31 21
coin 27 5
round 96
round 97
round 98
round 99
round 100
coin 6 22
coin 52 4
round 101
round 102
round 103
round 104
round 105
coin 45 25
coin 13 1
round 106
round 107
round 108
round 109
round 110
coin 17 24
coin 41 2
round 111
round 112
round 113
round 114
round 115
coin 5 19
coin 53 7
round 116
round 117
round 118
round 119
round 120
coin 58 7
coin 0 19
round 121
round 122
match_over 0
round 123
