match
match_id 1639168081166_bg
match_time 1639168081170
num_bots 1
##MatchConfig
mode FRIENDLY
num_rounds 200
random_seed 42
move_time_limit 1000
coin_spawn_period 5
coin_spawn_volume 2
##MapConfig
map_size 73 38
view_radius 5
mining_radius 1
attack_radius 3
block 22 0
block 23 0
block 24 0
block 25 0
block 59 0
block 60 0
block 62 0
block 63 0
block 64 0
block 65 0
block 66 0
block 67 0
block 68 0
block 59 1
block 60 1
block 62 1
block 63 1
block 64 1
block 65 1
block 66 1
block 67 1
block 68 1
block 44 2
block 45 2
block 46 2
block 47 2
block 48 2
block 49 2
block 59 2
block 60 2
block 44 3
block 45 3
block 46 3
block 47 3
block 48 3
block 49 3
block 59 3
block 60 3
block 44 4
block 45 4
block 46 4
block 47 4
block 48 4
block 49 4
block 59 4
block 60 4
block 35 6
block 36 6
block 37 6
block 38 6
block 35 7
block 36 7
block 37 7
block 38 7
block 43 7
block 44 7
block 45 7
block 46 7
block 47 7
block 35 8
block 36 8
block 37 8
block 38 8
block 43 8
block 44 8
block 45 8
block 46 8
block 47 8
block 0 10
block 1 10
block 2 10
block 3 10
block 4 10
block 5 10
block 72 10
block 0 11
block 1 11
block 2 11
block 3 11
block 4 11
block 5 11
block 72 11
block 0 12
block 1 12
block 2 12
block 3 12
block 4 12
block 5 12
block 72 12
block 34 13
block 35 13
block 34 14
block 35 14
block 51 17
block 52 17
block 53 17
block 54 17
block 55 17
block 18 18
block 19 18
block 20 18
block 21 18
block 51 18
block 52 18
block 53 18
block 54 18
block 55 18
block 18 19
block 19 19
block 20 19
block 21 19
block 51 19
block 52 19
block 53 19
block 54 19
block 55 19
block 56 19
block 57 19
block 58 19
block 15 20
block 16 20
block 17 20
block 18 20
block 19 20
block 20 20
block 21 20
block 53 20
block 54 20
block 55 20
block 56 20
block 57 20
block 58 20
block 65 20
block 66 20
block 67 20
block 68 20
block 69 20
block 70 20
block 71 20
block 15 21
block 16 21
block 17 21
block 18 21
block 19 21
block 20 21
block 21 21
block 53 21
block 54 21
block 55 21
block 56 21
block 57 21
block 58 21
block 65 21
block 66 21
block 67 21
block 68 21
block 69 21
block 70 21
block 71 21
block 15 22
block 16 22
block 17 22
block 18 22
block 19 22
block 20 22
block 59 22
block 60 22
block 61 22
block 62 22
block 63 22
block 65 22
block 66 22
block 67 22
block 68 22
block 69 22
block 70 22
block 71 22
block 15 23
block 16 23
block 17 23
block 18 23
block 19 23
block 20 23
block 59 23
block 60 23
block 61 23
block 62 23
block 63 23
block 65 23
block 66 23
block 67 23
block 68 23
block 69 23
block 70 23
block 71 23
block 59 24
block 60 24
block 61 24
block 62 24
block 63 24
block 65 24
block 66 24
block 67 24
block 68 24
block 69 24
block 70 24
block 71 24
block 59 25
block 60 25
block 61 25
block 62 25
block 63 25
block 65 25
block 66 25
block 67 25
block 68 25
block 69 25
block 70 25
block 71 25
block 59 26
block 60 26
block 61 26
block 62 26
block 63 26
block 59 27
block 60 27
block 61 27
block 62 27
block 63 27
block 59 28
block 60 28
block 61 28
block 62 28
block 63 28
block 27 31
block 28 31
block 29 31
block 30 31
block 31 31
block 27 32
block 28 32
block 29 32
block 30 32
block 31 32
block 32 32
block 33 32
block 34 32
block 69 32
block 70 32
block 27 33
block 28 33
block 29 33
block 30 33
block 31 33
block 32 33
block 33 33
block 34 33
block 69 33
block 70 33
block 27 34
block 28 34
block 29 34
block 30 34
block 31 34
block 32 34
block 33 34
block 34 34
block 69 34
block 70 34
block 27 35
block 28 35
block 29 35
block 30 35
block 31 35
block 32 35
block 33 35
block 34 35
block 22 36
block 23 36
block 24 36
block 25 36
block 27 36
block 28 36
block 29 36
block 30 36
block 31 36
block 59 36
block 60 36
block 62 36
block 63 36
block 64 36
block 65 36
block 66 36
block 67 36
block 68 36
block 22 37
block 23 37
block 24 37
block 25 37
block 59 37
block 60 37
block 62 37
block 63 37
block 64 37
block 65 37
block 66 37
block 67 37
block 68 37
##BotsAndCoinsInfo
bot_name 0 starter-bot
bot 0 65 3
bot_coins 0 0
coin 12 9
coin 60 29
round 1
bot 0 65 4
round 2
bot 0 65 5
round 3
bot 0 65 6
round 4
bot 0 65 7
round 5
bot 0 65 8
coin 16 6
coin 56 31
round 6
bot 0 65 9
round 7
bot 0 65 10
round 8
bot 0 65 11
round 9
bot 0 65 12
round 10
bot 0 65 13
coin 30 15
coin 42 22
round 11
bot 0 65 14
round 12
bot 0 65 15
round 13
bot 0 65 16
round 14
bot 0 65 17
round 15
bot 0 65 18
coin 38 28
coin 34 9
round 16
bot 0 65 19
round 17
round 18
round 19
round 20
coin 53 16
coin 21 22
round 21
round 22
round 23
round 24
round 25
coin 65 14
coin 7 23
round 26
round 27
round 28
round 29
round 30
coin 32 36
coin 40 1
round 31
round 32
round 33
round 34
round 35
coin 10 36
coin 61 1
round 36
round 37
round 38
round 39
round 40
coin 65 35
coin 7 2
round 41
round 42
round 43
round 44
round 45
coin 49 37
coin 23 1
round 46
round 47
round 48
round 49
round 50
coin 54 13
coin 18 24
round 51
round 52
round 53
round 54
round 55
coin 69 7
coin 3 30
round 56
round 57
round 58
round 59
round 60
coin 72 13
coin 0 24
round 61
round 62
round 63
round 64
round 65
coin 31 6
coin 41 31
round 66
round 67
round 68
round 69
round 70
coin 29 22
coin 43 15
round 71
round 72
round 73
round 74
round 75
coin 56 4
coin 16 33
round 76
round 77
round 78
round 79
round 80
coin 15 33
coin 57 4
round 81
round 82
round 83
round 84
round 85
coin 57 37
coin 15 0
round 86
round 87
round 88
round 89
round 90
coin 57 17
coin 15 19
round 91
round 92
round 93
round 94
round 95
coin 51 6
coin 21 31
round 96
round 97
round 98
round 99
round 100
coin 37 31
coin 35 5
round 101
round 102
round 103
round 104
round 105
coin 52 11
coin 20 26
round 106
round 107
round 108
round 109
round 110
coin 12 10
coin 58 27
round 111
round 112
round 113
round 114
round 115
coin 55 23
coin 17 14
round 116
round 117
round 118
round 119
round 120
coin 53 35
coin 19 2
round 121
round 122
round 123
round 124
round 125
coin 46 6
coin 26 31
round 126
round 127
round 128
round 129
round 130
coin 28 12
coin 44 25
round 131
round 132
round 133
round 134
round 135
coin 26 4
coin 46 33
round 136
round 137
round 138
round 139
round 140
coin 64 21
coin 8 16
round 141
round 142
round 143
round 144
round 145
coin 37 35
coin 35 2
round 146
round 147
round 148
round 149
round 150
coin 4 31
coin 68 6
round 151
round 152
round 153
round 154
round 155
coin 34 7
coin 38 30
round 156
round 157
round 158
round 159
round 160
coin 24 34
coin 48 1
round 161
round 162
round 163
round 164
round 165
coin 47 21
coin 25 16
round 166
round 167
round 168
round 169
round 170
coin 63 17
coin 9 20
round 171
round 172
round 173
round 174
round 175
coin 64 3
coin 8 34
round 176
round 177
round 178
round 179
round 180
coin 9 23
coin 63 14
round 181
round 182
round 183
round 184
round 185
coin 6 9
coin 66 28
round 186
round 187
round 188
round 189
round 190
coin 14 14
coin 58 23
round 191
round 192
round 193
round 194
round 195
coin 2 35
coin 70 2
round 196
round 197
round 198
round 199
round 200
coin 43 2
coin 29 37
match_over 0
