match
match_id 1639178230071_hx
match_time 1639178230076
num_bots 1
##MatchConfig
mode FRIENDLY
num_rounds 200
random_seed 42
move_time_limit 1000
coin_spawn_period 5
coin_spawn_volume 2
##MapConfig
map_size 72 33
view_radius 6
mining_radius 1
attack_radius 4
block 37 0
block 38 0
block 12 5
block 13 5
block 14 5
block 15 5
block 16 5
block 12 6
block 13 6
block 14 6
block 15 6
block 16 6
block 42 6
block 43 6
block 44 6
block 45 6
block 46 6
block 12 7
block 13 7
block 14 7
block 15 7
block 16 7
block 42 7
block 43 7
block 44 7
block 45 7
block 46 7
block 12 8
block 13 8
block 14 8
block 15 8
block 16 8
block 42 8
block 43 8
block 44 8
block 45 8
block 46 8
block 12 9
block 13 9
block 14 9
block 15 9
block 16 9
block 42 9
block 43 9
block 44 9
block 45 9
block 46 9
block 42 10
block 43 10
block 44 10
block 45 10
block 46 10
block 31 13
block 32 13
block 33 13
block 34 13
block 35 13
block 36 13
block 43 13
block 44 13
block 45 13
block 46 13
block 47 13
block 48 13
block 31 14
block 32 14
block 33 14
block 34 14
block 35 14
block 36 14
block 43 14
block 44 14
block 45 14
block 46 14
block 47 14
block 48 14
block 31 15
block 32 15
block 33 15
block 34 15
block 35 15
block 36 15
block 43 15
block 44 15
block 45 15
block 46 15
block 47 15
block 48 15
block 31 16
block 32 16
block 33 16
block 34 16
block 35 16
block 36 16
block 43 16
block 44 16
block 45 16
block 46 16
block 47 16
block 48 16
block 26 17
block 27 17
block 28 17
block 31 17
block 32 17
block 33 17
block 34 17
block 35 17
block 36 17
block 43 17
block 44 17
block 45 17
block 46 17
block 47 17
block 48 17
block 26 18
block 27 18
block 28 18
block 60 18
block 61 18
block 62 18
block 63 18
block 26 19
block 27 19
block 28 19
block 52 19
block 53 19
block 54 19
block 55 19
block 60 19
block 61 19
block 62 19
block 63 19
block 14 20
block 15 20
block 16 20
block 52 20
block 53 20
block 54 20
block 55 20
block 14 21
block 15 21
block 16 21
block 52 21
block 53 21
block 54 21
block 55 21
block 14 22
block 15 22
block 16 22
block 52 22
block 53 22
block 54 22
block 55 22
block 14 23
block 15 23
block 16 23
block 52 23
block 53 23
block 54 23
block 55 23
block 60 23
block 61 23
block 62 23
block 65 23
block 66 23
block 67 23
block 5 24
block 6 24
block 7 24
block 8 24
block 14 24
block 15 24
block 16 24
block 52 24
block 53 24
block 54 24
block 55 24
block 60 24
block 61 24
block 62 24
block 65 24
block 66 24
block 67 24
block 5 25
block 6 25
block 7 25
block 8 25
block 35 25
block 36 25
block 37 25
block 52 25
block 53 25
block 54 25
block 55 25
block 60 25
block 61 25
block 62 25
block 65 25
block 66 25
block 67 25
block 35 26
block 36 26
block 37 26
block 35 27
block 36 27
block 37 27
block 55 28
block 56 28
block 57 28
block 58 28
block 59 28
block 37 29
block 38 29
block 55 29
block 56 29
block 57 29
block 58 29
block 59 29
block 37 30
block 38 30
block 55 30
block 56 30
block 57 30
block 58 30
block 59 30
block 37 31
block 38 31
block 37 32
block 38 32
##BotsAndCoinsInfo
bot_name 0 starter-bot
bot 0 8 22
bot_coins 0 0
coin 26 15
coin 45 18
round 1
bot 0 8 23
round 2
round 3
round 4
round 5
coin 0 5
coin 71 27
round 6
round 7
round 8
round 9
round 10
coin 18 19
coin 53 13
round 11
round 12
round 13
round 14
round 15
coin 41 2
coin 30 30
round 16
round 17
round 18
round 19
round 20
coin 7 17
coin 64 15
round 21
round 22
round 23
round 24
round 25
coin 39 29
coin 32 3
round 26
round 27
round 28
round 29
round 30
coin 60 0
coin 11 32
round 31
round 32
round 33
round 34
round 35
coin 44 11
coin 27 21
round 36
round 37
round 38
round 39
round 40
coin 24 9
coin 47 23
round 41
round 42
round 43
round 44
round 45
coin 56 20
coin 15 12
round 46
round 47
round 48
round 49
round 50
coin 32 4
coin 39 28
round 51
round 52
round 53
round 54
round 55
coin 26 9
coin 45 23
round 56
round 57
round 58
round 59
round 60
coin 59 31
coin 12 1
round 61
round 62
round 63
round 64
round 65
coin 70 28
coin 1 4
round 66
round 67
round 68
round 69
round 70
coin 19 18
coin 52 14
round 71
round 72
round 73
round 74
round 75
coin 58 15
coin 13 17
round 76
round 77
round 78
round 79
round 80
coin 38 2
coin 33 30
round 81
round 82
round 83
round 84
round 85
coin 65 14
coin 6 18
round 86
round 87
round 88
round 89
round 90
coin 12 22
coin 59 10
round 91
round 92
round 93
round 94
round 95
coin 25 15
coin 46 18
round 96
round 97
round 98
round 99
round 100
coin 59 25
coin 11 7
round 101
round 102
round 103
round 104
round 105
coin 71 13
coin 0 19
round 106
round 107
round 108
round 109
round 110
coin 23 6
coin 48 26
round 111
round 112
round 113
round 114
round 115
coin 31 5
coin 40 27
round 116
round 117
round 118
round 119
round 120
coin 37 22
coin 34 10
round 121
round 122
round 123
round 124
round 125
coin 49 2
coin 22 30
round 126
round 127
round 128
round 129
round 130
coin 62 4
coin 9 28
round 131
round 132
round 133
round 134
round 135
coin 8 13
coin 63 20
round 136
round 137
round 138
round 139
round 140
coin 1 28
coin 70 4
round 141
round 142
round 143
round 144
round 145
coin 21 15
coin 50 17
round 146
round 147
round 148
round 149
round 150
coin 1 14
coin 70 18
round 151
round 152
round 153
round 154
round 155
coin 56 19
coin 15 13
round 156
round 157
round 158
round 159
round 160
coin 62 26
coin 9 6
round 161
round 162
round 163
round 164
round 165
coin 14 25
coin 57 7
round 166
round 167
round 168
round 169
round 170
coin 39 15
coin 32 18
round 171
round 172
round 173
round 174
round 175
coin 46 2
coin 25 30
round 176
round 177
round 178
round 179
round 180
coin 13 4
coin 58 27
round 181
round 182
round 183
round 184
round 185
coin 61 5
coin 10 27
round 186
round 187
round 188
round 189
round 190
coin 50 19
coin 21 13
round 191
round 192
round 193
round 194
round 195
coin 65 21
coin 6 11
round 196
round 197
round 198
round 199
round 200
coin 48 25
coin 23 7
match_over 0
