match
match_id 1639172401464_dw
match_time 1639172401467
num_bots 1
##MatchConfig
mode FRIENDLY
num_rounds 200
random_seed 42
move_time_limit 1000
coin_spawn_period 5
coin_spawn_volume 2
##MapConfig
map_size 58 30
view_radius 5
mining_radius 2
attack_radius 3
block 16 1
block 17 1
block 18 1
block 19 1
block 20 1
block 21 1
block 22 1
block 41 1
block 42 1
block 43 1
block 44 1
block 45 1
block 46 1
block 16 2
block 17 2
block 18 2
block 19 2
block 20 2
block 21 2
block 22 2
block 41 2
block 42 2
block 43 2
block 44 2
block 45 2
block 46 2
block 16 3
block 17 3
block 18 3
block 19 3
block 20 3
block 21 3
block 22 3
block 41 3
block 42 3
block 43 3
block 44 3
block 45 3
block 46 3
block 16 4
block 17 4
block 18 4
block 19 4
block 20 4
block 21 4
block 22 4
block 41 4
block 42 4
block 43 4
block 44 4
block 45 4
block 46 4
block 16 5
block 17 5
block 18 5
block 19 5
block 20 5
block 21 5
block 22 5
block 41 5
block 42 5
block 43 5
block 44 5
block 45 5
block 46 5
block 16 6
block 17 6
block 18 6
block 19 6
block 20 6
block 21 6
block 22 6
block 41 6
block 42 6
block 43 6
block 44 6
block 45 6
block 46 6
block 7 8
block 8 8
block 9 8
block 46 8
block 47 8
block 48 8
block 49 8
block 7 9
block 8 9
block 9 9
block 10 9
block 11 9
block 12 9
block 13 9
block 14 9
block 15 9
block 31 9
block 32 9
block 33 9
block 34 9
block 46 9
block 47 9
block 48 9
block 49 9
block 7 10
block 8 10
block 9 10
block 10 10
block 11 10
block 12 10
block 13 10
block 14 10
block 15 10
block 31 10
block 32 10
block 33 10
block 34 10
block 35 10
block 36 10
block 37 10
block 38 10
block 39 10
block 46 10
block 47 10
block 48 10
block 49 10
block 9 11
block 10 11
block 11 11
block 12 11
block 13 11
block 14 11
block 15 11
block 16 11
block 17 11
block 31 11
block 32 11
block 33 11
block 34 11
block 35 11
block 36 11
block 37 11
block 38 11
block 39 11
block 0 12
block 9 12
block 10 12
block 11 12
block 12 12
block 13 12
block 14 12
block 15 12
block 16 12
block 17 12
block 31 12
block 32 12
block 33 12
block 34 12
block 35 12
block 36 12
block 37 12
block 38 12
block 39 12
block 55 12
block 56 12
block 57 12
block 0 13
block 9 13
block 10 13
block 11 13
block 12 13
block 13 13
block 14 13
block 15 13
block 16 13
block 17 13
block 31 13
block 32 13
block 33 13
block 34 13
block 55 13
block 56 13
block 57 13
block 0 14
block 12 14
block 13 14
block 14 14
block 15 14
block 16 14
block 17 14
block 31 14
block 32 14
block 33 14
block 34 14
block 55 14
block 56 14
block 57 14
block 0 15
block 55 15
block 56 15
block 57 15
block 0 16
block 55 16
block 56 16
block 57 16
block 47 18
block 48 18
block 18 19
block 19 19
block 20 19
block 21 19
block 22 19
block 47 19
block 48 19
block 18 20
block 19 20
block 20 20
block 21 20
block 22 20
block 5 21
block 6 21
block 7 21
block 8 21
block 9 21
block 10 21
block 11 21
block 18 21
block 19 21
block 20 21
block 21 21
block 22 21
block 54 21
block 55 21
block 5 22
block 6 22
block 7 22
block 8 22
block 9 22
block 10 22
block 11 22
block 18 22
block 19 22
block 20 22
block 21 22
block 22 22
block 23 22
block 54 22
block 55 22
block 5 23
block 6 23
block 7 23
block 8 23
block 9 23
block 10 23
block 11 23
block 18 23
block 19 23
block 20 23
block 21 23
block 22 23
block 23 23
block 54 23
block 55 23
block 5 24
block 6 24
block 7 24
block 8 24
block 9 24
block 10 24
block 11 24
block 18 24
block 19 24
block 20 24
block 21 24
block 22 24
block 23 24
block 5 25
block 6 25
block 7 25
block 8 25
block 9 25
block 10 25
block 11 25
block 18 25
block 19 25
block 20 25
block 21 25
block 22 25
block 23 25
block 5 26
block 6 26
block 7 26
block 8 26
block 9 26
block 10 26
block 11 26
##BotsAndCoinsInfo
bot_name 0 starter-bot
bot 0 27 7
bot_coins 0 0
coin 44 0
coin 13 29
round 1
bot 0 27 8
round 2
bot 0 27 9
round 3
bot 0 27 10
round 4
bot 0 27 11
round 5
bot 0 27 12
coin 38 14
coin 19 15
round 6
bot 0 27 13
round 7
bot 0 27 14
round 8
bot 0 27 15
round 9
bot 0 27 16
round 10
bot 0 27 17
coin 42 25
coin 15 4
round 11
bot 0 27 18
round 12
bot 0 27 19
round 13
bot 0 27 20
round 14
bot 0 27 21
round 15
bot 0 27 22
coin 27 8
coin 30 21
round 16
bot 0 27 23
round 17
bot 0 27 24
round 18
bot 0 27 25
round 19
bot 0 27 26
round 20
bot 0 27 27
coin 31 23
coin 26 6
round 21
bot 0 27 28
round 22
bot 0 27 29
round 23
round 24
round 25
coin 26 2
coin 31 27
round 26
round 27
round 28
round 29
round 30
coin 18 12
coin 39 17
round 31
round 32
round 33
round 34
round 35
coin 20 0
coin 37 29
round 36
round 37
round 38
round 39
round 40
coin 21 0
coin 36 29
round 41
round 42
round 43
round 44
round 45
coin 7 29
coin 50 0
round 46
round 47
round 48
round 49
round 50
coin 48 13
coin 9 16
round 51
round 52
round 53
round 54
round 55
coin 28 3
coin 29 26
round 56
round 57
round 58
match_over 0
round 59
