match
match_id 1639174070492_eh
match_time 1639174070495
num_bots 1
##MatchConfig
mode FRIENDLY
num_rounds 200
random_seed 42
move_time_limit 1000
coin_spawn_period 5
coin_spawn_volume 2
##MapConfig
map_size 73 30
view_radius 6
mining_radius 1
attack_radius 4
block 13 0
block 14 0
block 15 0
block 16 0
block 17 0
block 13 1
block 14 1
block 15 1
block 16 1
block 17 1
block 53 1
block 54 1
block 55 1
block 56 1
block 57 1
block 58 1
block 59 1
block 23 2
block 24 2
block 25 2
block 26 2
block 27 2
block 53 2
block 54 2
block 55 2
block 56 2
block 57 2
block 58 2
block 59 2
block 23 3
block 24 3
block 25 3
block 26 3
block 27 3
block 53 3
block 54 3
block 55 3
block 56 3
block 57 3
block 58 3
block 59 3
block 23 4
block 24 4
block 25 4
block 26 4
block 27 4
block 53 4
block 54 4
block 55 4
block 56 4
block 57 4
block 58 4
block 59 4
block 23 5
block 24 5
block 25 5
block 26 5
block 27 5
block 53 5
block 54 5
block 55 5
block 56 5
block 57 5
block 58 5
block 59 5
block 23 6
block 24 6
block 25 6
block 26 6
block 27 6
block 53 6
block 54 6
block 55 6
block 56 6
block 57 6
block 58 6
block 59 6
block 18 7
block 19 7
block 20 7
block 21 7
block 22 7
block 23 7
block 24 7
block 25 7
block 26 7
block 27 7
block 53 7
block 54 7
block 55 7
block 56 7
block 57 7
block 58 7
block 59 7
block 18 8
block 19 8
block 20 8
block 21 8
block 22 8
block 23 8
block 24 8
block 25 8
block 26 8
block 27 8
block 18 9
block 19 9
block 20 9
block 21 9
block 22 9
block 23 9
block 24 9
block 54 9
block 55 9
block 56 9
block 57 9
block 58 9
block 18 10
block 19 10
block 20 10
block 21 10
block 22 10
block 23 10
block 24 10
block 54 10
block 55 10
block 56 10
block 57 10
block 58 10
block 18 11
block 19 11
block 20 11
block 21 11
block 22 11
block 23 11
block 24 11
block 54 11
block 55 11
block 56 11
block 57 11
block 58 11
block 18 12
block 19 12
block 20 12
block 21 12
block 22 12
block 23 12
block 24 12
block 14 17
block 15 17
block 16 17
block 17 17
block 31 17
block 32 17
block 33 17
block 34 17
block 14 18
block 15 18
block 16 18
block 17 18
block 27 18
block 28 18
block 29 18
block 30 18
block 31 18
block 32 18
block 33 18
block 34 18
block 14 19
block 15 19
block 16 19
block 17 19
block 27 19
block 28 19
block 29 19
block 30 19
block 31 19
block 32 19
block 33 19
block 34 19
block 14 20
block 15 20
block 16 20
block 17 20
block 27 20
block 28 20
block 29 20
block 30 20
block 31 20
block 32 20
block 33 20
block 34 20
block 14 21
block 15 21
block 16 21
block 17 21
block 31 21
block 32 21
block 33 21
block 34 21
block 56 21
block 57 21
block 58 21
block 59 21
block 60 21
block 61 21
block 31 22
block 32 22
block 33 22
block 34 22
block 56 22
block 57 22
block 58 22
block 59 22
block 60 22
block 61 22
block 64 22
block 65 22
block 56 23
block 57 23
block 58 23
block 59 23
block 60 23
block 61 23
block 64 23
block 65 23
block 56 24
block 57 24
block 58 24
block 59 24
block 60 24
block 61 24
block 64 24
block 65 24
block 30 25
block 31 25
block 32 25
block 33 25
block 34 25
block 35 25
block 56 25
block 57 25
block 58 25
block 59 25
block 60 25
block 61 25
block 64 25
block 65 25
block 13 26
block 14 26
block 15 26
block 16 26
block 17 26
block 30 26
block 31 26
block 32 26
block 33 26
block 34 26
block 35 26
block 56 26
block 57 26
block 58 26
block 59 26
block 60 26
block 61 26
block 13 27
block 14 27
block 15 27
block 16 27
block 17 27
block 30 27
block 31 27
block 32 27
block 33 27
block 34 27
block 35 27
block 56 27
block 57 27
block 58 27
block 59 27
block 60 27
block 61 27
block 13 28
block 14 28
block 15 28
block 16 28
block 17 28
block 13 29
block 14 29
block 15 29
block 16 29
block 17 29
##BotsAndCoinsInfo
bot_name 0 starter-bot
bot 0 44 27
bot_coins 0 0
coin 12 3
coin 60 28
round 1
bot 0 44 28
round 2
bot 0 44 29
round 3
round 4
round 5
coin 16 14
coin 56 15
round 6
round 7
round 8
round 9
round 10
coin 29 25
coin 43 4
round 11
round 12
round 13
round 14
round 15
match_over 0
coin 38 8
coin 35 21
round 16
