match
match_id 1639325983142_ap
match_time 1639325983146
num_bots 1
##MatchConfig
mode FRIENDLY
num_rounds 200
random_seed 42
move_time_limit 1000
coin_spawn_period 5
coin_spawn_volume 2
##MapConfig
map_size 61 37
view_radius 6
mining_radius 2
attack_radius 3
block 24 0
block 25 0
block 27 1
block 28 1
block 29 1
block 30 1
block 48 1
block 49 1
block 50 1
block 51 1
block 52 1
block 53 1
block 27 2
block 28 2
block 29 2
block 30 2
block 45 2
block 46 2
block 48 2
block 49 2
block 50 2
block 51 2
block 52 2
block 53 2
block 54 2
block 55 2
block 56 2
block 57 2
block 58 2
block 59 2
block 60 2
block 27 3
block 28 3
block 29 3
block 30 3
block 45 3
block 46 3
block 54 3
block 55 3
block 56 3
block 57 3
block 58 3
block 59 3
block 60 3
block 27 4
block 28 4
block 29 4
block 30 4
block 45 4
block 46 4
block 54 4
block 55 4
block 56 4
block 57 4
block 58 4
block 59 4
block 60 4
block 0 5
block 1 5
block 27 5
block 28 5
block 29 5
block 30 5
block 45 5
block 46 5
block 54 5
block 55 5
block 56 5
block 57 5
block 58 5
block 59 5
block 60 5
block 0 6
block 1 6
block 27 6
block 28 6
block 29 6
block 30 6
block 45 6
block 46 6
block 54 6
block 55 6
block 56 6
block 57 6
block 58 6
block 59 6
block 60 6
block 0 7
block 1 7
block 60 7
block 0 8
block 1 8
block 53 8
block 54 8
block 55 8
block 56 8
block 57 8
block 58 8
block 60 8
block 5 9
block 6 9
block 7 9
block 8 9
block 53 9
block 54 9
block 55 9
block 56 9
block 57 9
block 58 9
block 5 10
block 6 10
block 7 10
block 8 10
block 18 10
block 19 10
block 20 10
block 21 10
block 22 10
block 53 10
block 54 10
block 55 10
block 56 10
block 57 10
block 58 10
block 5 11
block 6 11
block 7 11
block 8 11
block 18 11
block 19 11
block 20 11
block 21 11
block 22 11
block 5 12
block 6 12
block 7 12
block 8 12
block 18 12
block 19 12
block 20 12
block 21 12
block 22 12
block 27 12
block 28 12
block 29 12
block 30 12
block 5 13
block 6 13
block 7 13
block 8 13
block 18 13
block 19 13
block 20 13
block 21 13
block 22 13
block 26 13
block 27 13
block 28 13
block 29 13
block 30 13
block 5 14
block 6 14
block 7 14
block 8 14
block 26 14
block 27 14
block 28 14
block 29 14
block 30 14
block 5 15
block 6 15
block 7 15
block 8 15
block 9 15
block 26 15
block 27 15
block 28 15
block 29 15
block 30 15
block 5 16
block 6 16
block 7 16
block 8 16
block 9 16
block 22 16
block 23 16
block 24 16
block 25 16
block 26 16
block 27 16
block 28 16
block 29 16
block 30 16
block 51 16
block 52 16
block 5 17
block 6 17
block 7 17
block 8 17
block 9 17
block 22 17
block 23 17
block 24 17
block 25 17
block 26 17
block 27 17
block 28 17
block 29 17
block 30 17
block 51 17
block 52 17
block 22 18
block 23 18
block 24 18
block 25 18
block 26 18
block 27 18
block 28 18
block 29 18
block 51 18
block 52 18
block 22 19
block 23 19
block 24 19
block 25 19
block 22 20
block 23 20
block 24 20
block 25 20
block 22 21
block 23 21
block 24 21
block 25 21
block 22 22
block 23 22
block 24 22
block 25 22
block 51 23
block 52 23
block 53 23
block 51 24
block 52 24
block 53 24
block 0 25
block 1 25
block 2 25
block 51 25
block 52 25
block 53 25
block 0 26
block 1 26
block 2 26
block 51 26
block 52 26
block 53 26
block 0 27
block 1 27
block 2 27
block 36 27
block 37 27
block 38 27
block 39 27
block 40 27
block 41 27
block 36 28
block 37 28
block 38 28
block 39 28
block 40 28
block 41 28
block 36 29
block 37 29
block 38 29
block 39 29
block 40 29
block 41 29
block 36 30
block 37 30
block 38 30
block 39 30
block 40 30
block 41 30
block 36 31
block 37 31
block 38 31
block 39 31
block 40 31
block 41 31
block 42 31
block 43 31
block 0 32
block 1 32
block 2 32
block 24 32
block 25 32
block 36 32
block 37 32
block 38 32
block 39 32
block 40 32
block 41 32
block 42 32
block 43 32
block 57 32
block 58 32
block 59 32
block 60 32
block 0 33
block 1 33
block 2 33
block 24 33
block 25 33
block 40 33
block 41 33
block 42 33
block 43 33
block 53 33
block 54 33
block 55 33
block 56 33
block 57 33
block 58 33
block 59 33
block 60 33
block 0 34
block 1 34
block 2 34
block 24 34
block 25 34
block 40 34
block 41 34
block 42 34
block 43 34
block 53 34
block 54 34
block 55 34
block 56 34
block 57 34
block 58 34
block 59 34
block 60 34
block 0 35
block 1 35
block 2 35
block 24 35
block 25 35
block 40 35
block 41 35
block 42 35
block 43 35
block 53 35
block 54 35
block 55 35
block 56 35
block 57 35
block 60 35
block 0 36
block 1 36
block 2 36
block 24 36
block 25 36
block 40 36
block 41 36
block 42 36
block 43 36
block 53 36
block 54 36
block 55 36
block 56 36
block 57 36
block 60 36
##BotsAndCoinsInfo
bot_name 0 starter-bot
bot 0 34 13
bot_coins 0 0
coin 4 14
coin 56 22
round 1
bot 0 34 14
round 2
bot 0 34 15
round 3
bot 0 34 16
round 4
bot 0 34 17
round 5
bot 0 34 18
coin 25 10
coin 35 26
round 6
bot 0 34 19
round 7
bot 0 34 20
round 8
bot 0 34 21
round 9
bot 0 34 22
round 10
bot 0 34 23
coin 10 8
coin 50 28
round 11
bot 0 34 24
round 12
bot 0 34 25
coin_collected 35 26 0
bot_coins 0 1
round 13
bot 0 34 26
round 14
bot 0 34 27
round 15
bot 0 34 28
coin 55 14
coin 5 22
round 16
bot 0 34 29
round 17
bot 0 34 30
round 18
bot 0 34 31
round 19
bot 0 34 32
round 20
bot 0 34 33
coin 21 0
coin 39 36
round 21
bot 0 34 34
round 22
bot 0 34 35
round 23
bot 0 34 36
round 24
bot 0 33 35
round 25
bot 0 33 34
coin 38 21
coin 22 15
round 26
bot 0 33 33
round 27
bot 0 33 32
round 28
bot 0 33 31
round 29
bot 0 33 30
round 30
bot 0 33 29
coin 21 18
coin 39 18
round 31
bot 0 33 28
round 32
bot 0 33 27
round 33
bot 0 33 26
round 34
bot 0 33 25
round 35
bot 0 33 24
coin 22 9
coin 38 26
round 36
bot 0 33 23
round 37
bot 0 33 22
round 38
bot 0 33 21
round 39
bot 0 33 20
round 40
bot 0 33 19
coin 35 14
coin 26 22
round 41
bot 0 33 18
round 42
bot 0 33 17
round 43
bot 0 33 16
round 44
bot 0 33 15
round 45
bot 0 33 14
coin_collected 35 14 0
bot_coins 0 2
coin 41 1
coin 19 35
round 46
bot 0 33 13
round 47
bot 0 33 12
round 48
bot 0 33 11
round 49
bot 0 33 10
round 50
bot 0 33 9
coin 7 36
coin 53 0
round 51
bot 0 33 8
round 52
bot 0 33 7
round 53
bot 0 33 6
round 54
bot 0 33 5
round 55
bot 0 33 4
coin 55 25
coin 4 11
round 56
bot 0 33 3
round 57
bot 0 33 2
round 58
bot 0 33 1
round 59
bot 0 33 0
round 60
bot 0 32 1
coin 19 16
coin 41 20
round 61
bot 0 32 2
round 62
bot 0 32 3
round 63
bot 0 32 4
round 64
bot 0 32 5
round 65
bot 0 32 6
coin 19 0
coin 41 0
round 66
bot 0 32 7
round 67
bot 0 32 8
round 68
bot 0 32 9
round 69
bot 0 32 10
round 70
bot 0 32 11
coin 20 16
coin 40 20
round 71
bot 0 32 12
round 72
bot 0 32 13
round 73
bot 0 32 14
round 74
bot 0 32 15
round 75
bot 0 32 16
coin 50 31
coin 10 5
round 76
bot 0 32 17
round 77
bot 0 32 18
round 78
bot 0 32 19
round 79
bot 0 32 20
round 80
bot 0 32 21
coin 57 26
coin 3 10
round 81
bot 0 32 22
round 82
bot 0 32 23
round 83
bot 0 32 24
round 84
bot 0 32 25
round 85
bot 0 32 26
coin 38 23
coin 23 13
round 86
bot 0 32 27
round 87
bot 0 32 28
round 88
bot 0 32 29
round 89
bot 0 32 30
round 90
bot 0 32 31
coin 20 31
coin 40 5
round 91
bot 0 32 32
round 92
bot 0 32 33
round 93
bot 0 32 34
round 94
bot 0 32 35
round 95
bot 0 32 36
coin 38 16
coin 21 20
round 96
bot 0 31 35
round 97
bot 0 31 34
round 98
bot 0 31 33
round 99
bot 0 31 32
round 100
bot 0 31 31
coin 36 24
coin 24 12
round 101
bot 0 31 30
round 102
bot 0 31 29
round 103
bot 0 31 28
round 104
bot 0 31 27
round 105
bot 0 31 26
coin 48 26
coin 12 10
round 106
bot 0 31 25
round 107
bot 0 31 24
round 108
bot 0 31 23
round 109
bot 0 31 22
round 110
bot 0 31 21
coin 22 23
coin 38 13
round 111
bot 0 31 20
round 112
bot 0 31 19
round 113
bot 0 31 18
round 114
bot 0 31 17
round 115
bot 0 31 16
coin 18 2
coin 44 34
round 116
bot 0 31 15
round 117
bot 0 31 14
round 118
bot 0 31 13
round 119
bot 0 31 12
round 120
bot 0 31 11
coin 9 20
coin 51 15
round 121
bot 0 31 10
round 122
bot 0 31 9
round 123
bot 0 31 8
round 124
bot 0 31 7
round 125
bot 0 31 6
coin 48 22
coin 12 14
round 126
bot 0 31 5
round 127
bot 0 31 4
round 128
bot 0 31 3
round 129
bot 0 31 2
round 130
bot 0 31 1
coin 3 26
coin 57 11
round 131
bot 0 31 0
round 132
round 133
bot 0 30 36
round 134
bot 0 29 0
round 135
bot 0 28 36
coin 37 36
coin 23 0
round 136
bot 0 27 0
round 137
bot 0 26 36
round 138
bot 0 26 0
round 139
bot 0 26 1
round 140
bot 0 25 2
coin 28 29
coin 32 7
round 141
bot 0 25 3
round 142
bot 0 25 4
round 143
bot 0 25 5
round 144
bot 0 25 6
round 145
bot 0 25 7
coin 23 34
coin 37 2
round 146
bot 0 25 8
coin_collected 25 10 0
bot_coins 0 3
round 147
bot 0 25 9
round 148
bot 0 25 10
round 149
bot 0 25 11
coin_collected 24 12 0
bot_coins 0 4
round 150
bot 0 25 12
coin 20 14
coin 40 22
round 151
bot 0 25 13
coin_collected 23 13 0
bot_coins 0 5
round 152
bot 0 25 14
round 153
bot 0 25 15
round 154
round 155
coin 48 18
coin 12 18
round 156
round 157
round 158
round 159
round 160
coin 21 22
coin 39 14
round 161
round 162
round 163
round 164
round 165
coin 51 10
coin 9 26
round 166
round 167
round 168
round 169
round 170
coin 47 19
coin 13 17
round 171
round 172
round 173
round 174
round 175
coin 17 21
coin 43 15
round 176
round 177
round 178
round 179
round 180
coin 47 18
coin 13 18
round 181
round 182
round 183
round 184
round 185
coin 22 31
coin 38 5
round 186
round 187
round 188
round 189
round 190
coin 18 20
coin 42 16
round 191
round 192
round 193
round 194
round 195
coin 56 27
coin 4 9
round 196
round 197
round 198
round 199
round 200
coin 47 31
coin 13 5
match_over 0
