match
match_id 1639175823571_gf
match_time 1639175823573
num_bots 1
##MatchConfig
mode FRIENDLY
num_rounds 200
random_seed 42
move_time_limit 1000
coin_spawn_period 5
coin_spawn_volume 2
##MapConfig
map_size 76 24
view_radius 5
mining_radius 1
attack_radius 4
block 59 0
block 60 0
block 61 0
block 58 4
block 59 4
block 60 4
block 61 4
block 62 4
block 18 5
block 19 5
block 20 5
block 21 5
block 22 5
block 23 5
block 24 5
block 32 5
block 33 5
block 34 5
block 35 5
block 36 5
block 37 5
block 58 5
block 59 5
block 60 5
block 61 5
block 62 5
block 18 6
block 19 6
block 20 6
block 21 6
block 22 6
block 23 6
block 24 6
block 32 6
block 33 6
block 34 6
block 35 6
block 36 6
block 37 6
block 58 6
block 59 6
block 60 6
block 61 6
block 62 6
block 18 7
block 19 7
block 20 7
block 21 7
block 22 7
block 23 7
block 24 7
block 32 7
block 33 7
block 34 7
block 35 7
block 36 7
block 37 7
block 58 7
block 59 7
block 60 7
block 61 7
block 62 7
block 18 8
block 19 8
block 20 8
block 21 8
block 22 8
block 23 8
block 24 8
block 32 8
block 33 8
block 34 8
block 35 8
block 36 8
block 37 8
block 58 8
block 59 8
block 60 8
block 61 8
block 62 8
block 18 9
block 19 9
block 20 9
block 21 9
block 22 9
block 23 9
block 24 9
block 32 9
block 33 9
block 34 9
block 35 9
block 36 9
block 37 9
block 18 10
block 19 10
block 20 10
block 21 10
block 22 10
block 23 10
block 24 10
block 32 10
block 33 10
block 34 10
block 35 10
block 36 10
block 37 10
block 8 11
block 9 11
block 10 11
block 11 11
block 12 11
block 13 11
block 14 11
block 8 12
block 9 12
block 10 12
block 11 12
block 12 12
block 13 12
block 14 12
block 8 13
block 9 13
block 10 13
block 11 13
block 12 13
block 13 13
block 14 13
block 8 14
block 9 14
block 10 14
block 11 14
block 12 14
block 13 14
block 14 14
block 59 20
block 60 20
block 61 20
block 59 21
block 60 21
block 61 21
block 22 22
block 23 22
block 24 22
block 25 22
block 26 22
block 27 22
block 28 22
block 59 22
block 60 22
block 61 22
block 22 23
block 23 23
block 24 23
block 25 23
block 26 23
block 27 23
block 28 23
block 59 23
block 60 23
block 61 23
##BotsAndCoinsInfo
bot_name 0 starter-bot
bot 0 39 21
bot_coins 0 0
coin 26 3
coin 49 20
round 1
bot 0 39 22
round 2
bot 0 39 23
round 3
bot 0 39 0
round 4
bot 0 38 23
round 5
bot 0 37 22
coin 12 20
coin 63 3
round 6
bot 0 36 21
round 7
bot 0 35 20
round 8
bot 0 34 19
round 9
bot 0 33 18
round 10
bot 0 32 17
coin 6 13
coin 69 10
round 11
bot 0 31 16
round 12
bot 0 30 15
round 13
bot 0 29 14
round 14
bot 0 28 13
round 15
bot 0 28 12
coin 25 14
coin 50 9
round 16
bot 0 28 11
round 17
bot 0 28 10
round 18
bot 0 28 9
round 19
bot 0 28 8
round 20
bot 0 28 7
coin 51 5
coin 24 18
round 21
bot 0 28 6
round 22
bot 0 28 5
round 23
bot 0 28 4
round 24
bot 0 28 3
round 25
bot 0 28 2
coin 42 14
coin 33 11
round 26
bot 0 28 1
round 27
bot 0 28 0
round 28
bot 0 27 1
round 29
bot 0 27 2
round 30
bot 0 27 3
coin_collected 26 3 0
bot_coins 0 1
coin 12 10
coin 63 13
round 31
bot 0 27 4
round 32
bot 0 27 5
round 33
bot 0 27 6
round 34
bot 0 27 7
round 35
bot 0 27 8
coin 64 8
coin 11 15
round 36
bot 0 27 9
round 37
bot 0 27 10
round 38
bot 0 27 11
round 39
bot 0 27 12
round 40
bot 0 27 13
coin 68 18
coin 7 5
round 41
bot 0 27 14
round 42
bot 0 27 15
round 43
bot 0 27 16
round 44
bot 0 27 17
round 45
bot 0 27 18
coin 11 17
coin 64 6
round 46
bot 0 27 19
round 47
bot 0 27 20
round 48
bot 0 27 21
round 49
round 50
coin 40 7
coin 35 16
round 51
round 52
round 53
round 54
round 55
coin 54 9
coin 21 14
round 56
round 57
round 58
round 59
round 60
coin 47 9
coin 28 14
round 61
round 62
round 63
round 64
round 65
coin 6 10
coin 69 13
round 66
round 67
round 68
round 69
round 70
coin 67 6
coin 8 17
round 71
round 72
round 73
round 74
round 75
coin 38 12
coin 37 11
round 76
round 77
round 78
round 79
round 80
coin 63 5
coin 12 18
round 81
round 82
round 83
round 84
round 85
coin 25 0
coin 50 23
round 86
round 87
round 88
round 89
round 90
coin 60 13
coin 15 10
round 91
round 92
round 93
round 94
round 95
coin 1 12
coin 74 11
round 96
round 97
round 98
round 99
round 100
coin 27 1
coin 48 22
round 101
round 102
round 103
round 104
round 105
coin 75 1
coin 0 22
round 106
round 107
round 108
round 109
round 110
coin 31 6
coin 44 17
round 111
round 112
round 113
round 114
round 115
coin 63 23
coin 12 0
round 116
round 117
round 118
round 119
round 120
coin 17 19
coin 58 3
round 121
round 122
round 123
round 124
round 125
coin 53 8
coin 22 15
round 126
round 127
round 128
round 129
round 130
coin 66 4
coin 9 19
round 131
round 132
round 133
round 134
round 135
coin 4 10
coin 71 13
round 136
round 137
round 138
round 139
round 140
coin 57 19
coin 18 4
round 141
round 142
round 143
round 144
round 145
coin 45 3
coin 30 20
round 146
round 147
round 148
round 149
round 150
coin 9 10
coin 66 13
round 151
round 152
round 153
round 154
round 155
coin 0 1
coin 75 22
round 156
round 157
round 158
round 159
round 160
coin 26 2
coin 49 21
round 161
round 162
round 163
round 164
round 165
coin 57 7
coin 18 16
round 166
round 167
round 168
round 169
round 170
coin 15 3
coin 60 19
round 171
round 172
round 173
round 174
round 175
coin 34 4
coin 41 19
round 176
round 177
round 178
round 179
round 180
coin 61 13
coin 14 10
round 181
round 182
round 183
round 184
round 185
coin 57 5
coin 18 18
round 186
round 187
round 188
round 189
round 190
coin 19 4
coin 56 19
round 191
round 192
round 193
round 194
round 195
coin 45 21
coin 30 2
round 196
round 197
round 198
round 199
round 200
coin 4 11
coin 71 12
match_over 0
