match
match_id 1639335767790_ai
match_time 1639335767793
num_bots 1
##MatchConfig
mode FRIENDLY
num_rounds 200
random_seed 42
move_time_limit 1000
coin_spawn_period 5
coin_spawn_volume 2
##MapConfig
map_size 76 27
view_radius 5
mining_radius 1
attack_radius 3
block 48 0
block 49 0
block 50 0
block 51 0
block 52 0
block 53 0
block 38 1
block 39 1
block 40 1
block 41 1
block 48 1
block 49 1
block 50 1
block 51 1
block 52 1
block 53 1
block 38 2
block 39 2
block 40 2
block 41 2
block 50 2
block 51 2
block 27 3
block 28 3
block 29 3
block 30 3
block 38 3
block 39 3
block 40 3
block 41 3
block 50 3
block 51 3
block 61 3
block 62 3
block 63 3
block 64 3
block 65 3
block 66 3
block 67 3
block 68 3
block 69 3
block 70 3
block 27 4
block 28 4
block 29 4
block 30 4
block 33 4
block 34 4
block 35 4
block 61 4
block 62 4
block 63 4
block 64 4
block 65 4
block 66 4
block 67 4
block 68 4
block 69 4
block 70 4
block 27 5
block 28 5
block 29 5
block 30 5
block 33 5
block 34 5
block 35 5
block 55 5
block 56 5
block 57 5
block 58 5
block 59 5
block 61 5
block 62 5
block 63 5
block 64 5
block 65 5
block 66 5
block 67 5
block 68 5
block 69 5
block 70 5
block 27 6
block 28 6
block 29 6
block 30 6
block 33 6
block 34 6
block 35 6
block 55 6
block 56 6
block 57 6
block 58 6
block 59 6
block 60 6
block 61 6
block 62 6
block 63 6
block 64 6
block 65 6
block 66 6
block 67 6
block 68 6
block 69 6
block 70 6
block 33 7
block 34 7
block 35 7
block 55 7
block 56 7
block 57 7
block 58 7
block 59 7
block 60 7
block 61 7
block 62 7
block 63 7
block 64 7
block 65 7
block 66 7
block 67 7
block 68 7
block 69 7
block 70 7
block 11 8
block 12 8
block 13 8
block 14 8
block 15 8
block 33 8
block 34 8
block 35 8
block 55 8
block 56 8
block 57 8
block 58 8
block 59 8
block 65 8
block 66 8
block 67 8
block 68 8
block 69 8
block 70 8
block 11 9
block 12 9
block 13 9
block 14 9
block 15 9
block 55 9
block 56 9
block 57 9
block 58 9
block 59 9
block 61 9
block 62 9
block 63 9
block 55 10
block 56 10
block 57 10
block 58 10
block 59 10
block 61 10
block 62 10
block 63 10
block 13 11
block 14 11
block 55 11
block 56 11
block 57 11
block 58 11
block 59 11
block 61 11
block 62 11
block 63 11
block 13 12
block 14 12
block 22 12
block 23 12
block 24 12
block 25 12
block 61 12
block 62 12
block 63 12
block 13 13
block 14 13
block 22 13
block 23 13
block 24 13
block 25 13
block 61 13
block 62 13
block 63 13
block 22 14
block 23 14
block 24 14
block 25 14
block 61 14
block 62 14
block 63 14
block 2 15
block 3 15
block 4 15
block 5 15
block 6 15
block 7 15
block 8 15
block 22 15
block 23 15
block 24 15
block 25 15
block 46 15
block 47 15
block 48 15
block 49 15
block 50 15
block 51 15
block 52 15
block 61 15
block 62 15
block 63 15
block 2 16
block 3 16
block 4 16
block 5 16
block 6 16
block 7 16
block 8 16
block 22 16
block 23 16
block 24 16
block 25 16
block 46 16
block 47 16
block 48 16
block 49 16
block 50 16
block 51 16
block 52 16
block 2 17
block 3 17
block 4 17
block 5 17
block 6 17
block 7 17
block 8 17
block 22 17
block 23 17
block 24 17
block 25 17
block 46 17
block 47 17
block 48 17
block 49 17
block 50 17
block 51 17
block 52 17
block 22 18
block 23 18
block 24 18
block 25 18
block 46 18
block 47 18
block 48 18
block 49 18
block 50 18
block 51 18
block 52 18
block 46 19
block 47 19
block 48 19
block 49 19
block 50 19
block 51 19
block 52 19
block 46 20
block 47 20
block 48 20
block 49 20
block 50 20
block 51 20
block 52 20
block 26 21
block 27 21
block 46 21
block 47 21
block 48 21
block 49 21
block 50 21
block 51 21
block 52 21
block 26 22
block 27 22
block 46 23
block 47 23
block 46 24
block 47 24
block 48 24
block 49 24
block 50 24
block 51 24
block 52 24
block 53 24
block 58 24
block 59 24
block 60 24
block 61 24
block 62 24
block 46 25
block 47 25
block 48 25
block 49 25
block 50 25
block 51 25
block 52 25
block 53 25
block 58 25
block 59 25
block 60 25
block 61 25
block 62 25
block 48 26
block 49 26
block 50 26
block 51 26
block 52 26
block 53 26
block 58 26
block 59 26
block 60 26
block 61 26
block 62 26
##BotsAndCoinsInfo
bot_name 0 starter-bot
bot 0 71 25
bot_coins 0 0
coin 26 3
coin 49 23
round 1
bot 0 71 26
round 2
bot 0 70 25
round 3
bot 0 70 24
round 4
bot 0 70 23
round 5
bot 0 70 22
coin 12 17
coin 63 8
round 6
bot 0 70 21
round 7
bot 0 70 20
round 8
bot 0 70 19
round 9
bot 0 70 18
round 10
bot 0 70 17
coin 6 14
coin 69 12
round 11
bot 0 70 16
round 12
bot 0 70 15
round 13
bot 0 70 14
round 14
bot 0 70 13
round 15
bot 0 70 12
coin_collected 69 12 0
bot_coins 0 1
coin 25 20
coin 50 6
round 16
bot 0 70 11
round 17
bot 0 70 10
round 18
bot 0 70 9
round 19
round 20
coin 52 2
coin 23 24
round 21
round 22
round 23
round 24
round 25
coin 42 26
coin 33 0
round 26
round 27
round 28
round 29
round 30
coin 12 10
coin 63 16
round 31
round 32
round 33
round 34
round 35
coin 64 8
coin 11 18
round 36
round 37
round 38
round 39
round 40
coin 71 6
coin 4 20
round 41
round 42
round 43
round 44
round 45
coin 11 7
coin 64 19
round 46
round 47
round 48
round 49
round 50
coin 40 4
coin 35 22
round 51
round 52
round 53
round 54
round 55
coin 54 24
coin 21 2
round 56
round 57
round 58
round 59
round 60
coin 47 0
coin 28 26
round 61
round 62
round 63
round 64
round 65
coin 6 22
coin 69 2
round 66
round 67
round 68
round 69
round 70
coin 67 2
coin 8 24
round 71
round 72
round 73
round 74
round 75
coin 38 21
coin 37 5
round 76
round 77
round 78
round 79
round 80
coin 62 23
coin 13 3
round 81
round 82
round 83
round 84
round 85
coin 26 14
coin 49 12
round 86
round 87
round 88
round 89
round 90
coin 60 8
coin 15 18
round 91
round 92
round 93
round 94
round 95
coin 1 21
coin 74 5
round 96
round 97
round 98
round 99
round 100
coin 28 22
coin 47 4
round 101
round 102
round 103
round 104
round 105
coin 75 25
coin 0 1
round 106
round 107
round 108
round 109
round 110
coin 31 24
coin 44 2
round 111
round 112
round 113
round 114
round 115
coin 63 20
coin 12 6
round 116
round 117
round 118
round 119
round 120
coin 17 7
coin 58 19
round 121
round 122
round 123
round 124
round 125
coin 53 14
coin 22 11
round 126
round 127
round 128
round 129
round 130
coin 66 2
coin 9 24
round 131
round 132
round 133
round 134
round 135
coin 4 7
coin 71 19
round 136
round 137
round 138
round 139
round 140
coin 57 4
coin 18 22
round 141
round 142
round 143
round 144
round 145
coin 45 18
coin 30 8
round 146
round 147
round 148
round 149
round 150
coin 9 14
coin 66 12
round 151
round 152
round 153
round 154
round 155
coin 0 13
coin 75 13
round 156
round 157
round 158
round 159
round 160
coin 26 23
coin 49 3
round 161
round 162
round 163
round 164
round 165
coin 58 22
coin 17 4
round 166
round 167
round 168
round 169
round 170
coin 15 10
coin 60 16
round 171
round 172
round 173
round 174
round 175
coin 34 3
coin 41 23
round 176
round 177
round 178
round 179
round 180
coin 61 8
coin 14 18
round 181
round 182
round 183
round 184
round 185
coin 57 23
coin 18 3
round 186
round 187
round 188
round 189
round 190
coin 18 25
coin 57 1
round 191
round 192
round 193
round 194
round 195
coin 45 6
coin 30 20
round 196
round 197
round 198
round 199
round 200
coin 4 19
coin 71 7
match_over 0
