match
match_id 1639414270688_ec
match_time 1639414270690
num_bots 1
##MatchConfig
mode FRIENDLY
num_rounds 200
random_seed 42
move_time_limit 1000
coin_spawn_period 5
coin_spawn_volume 2
##MapConfig
map_size 77 22
view_radius 6
mining_radius 1
attack_radius 3
block 13 0
block 14 0
block 15 0
block 16 0
block 17 0
block 18 0
block 19 0
block 31 0
block 32 0
block 33 0
block 34 0
block 61 0
block 62 0
block 63 0
block 64 0
block 65 0
block 66 0
block 67 0
block 68 0
block 73 0
block 74 0
block 13 1
block 14 1
block 15 1
block 16 1
block 17 1
block 18 1
block 19 1
block 61 1
block 62 1
block 63 1
block 64 1
block 65 1
block 73 1
block 74 1
block 13 2
block 14 2
block 15 2
block 16 2
block 17 2
block 18 2
block 19 2
block 36 2
block 37 2
block 38 2
block 49 2
block 50 2
block 51 2
block 52 2
block 53 2
block 59 2
block 60 2
block 61 2
block 62 2
block 63 2
block 64 2
block 65 2
block 36 3
block 37 3
block 38 3
block 39 3
block 40 3
block 41 3
block 42 3
block 43 3
block 49 3
block 50 3
block 51 3
block 52 3
block 53 3
block 59 3
block 60 3
block 61 3
block 62 3
block 63 3
block 64 3
block 65 3
block 36 4
block 37 4
block 38 4
block 39 4
block 40 4
block 41 4
block 42 4
block 43 4
block 49 4
block 50 4
block 51 4
block 52 4
block 53 4
block 59 4
block 60 4
block 61 4
block 62 4
block 63 4
block 64 4
block 65 4
block 12 5
block 13 5
block 36 5
block 37 5
block 38 5
block 39 5
block 40 5
block 41 5
block 42 5
block 43 5
block 49 5
block 50 5
block 51 5
block 52 5
block 53 5
block 59 5
block 60 5
block 61 5
block 62 5
block 63 5
block 64 5
block 65 5
block 12 6
block 13 6
block 36 6
block 37 6
block 38 6
block 39 6
block 40 6
block 41 6
block 42 6
block 43 6
block 49 6
block 50 6
block 59 6
block 60 6
block 61 6
block 62 6
block 63 6
block 36 7
block 37 7
block 38 7
block 39 7
block 40 7
block 41 7
block 42 7
block 43 7
block 59 7
block 60 7
block 61 7
block 62 7
block 63 7
block 36 8
block 37 8
block 38 8
block 39 8
block 40 8
block 41 8
block 42 8
block 43 8
block 59 8
block 60 8
block 61 8
block 62 8
block 63 8
block 37 9
block 38 9
block 39 9
block 40 9
block 41 9
block 42 9
block 43 9
block 43 10
block 44 10
block 45 10
block 56 10
block 57 10
block 58 10
block 59 10
block 60 10
block 61 10
block 66 10
block 67 10
block 68 10
block 69 10
block 70 10
block 71 10
block 10 11
block 11 11
block 12 11
block 13 11
block 43 11
block 44 11
block 45 11
block 56 11
block 57 11
block 58 11
block 59 11
block 60 11
block 61 11
block 66 11
block 67 11
block 68 11
block 69 11
block 70 11
block 71 11
block 10 12
block 11 12
block 12 12
block 13 12
block 14 12
block 43 12
block 44 12
block 45 12
block 56 12
block 57 12
block 58 12
block 59 12
block 60 12
block 61 12
block 66 12
block 67 12
block 68 12
block 69 12
block 70 12
block 71 12
block 10 13
block 11 13
block 12 13
block 13 13
block 14 13
block 27 13
block 28 13
block 29 13
block 30 13
block 43 13
block 44 13
block 45 13
block 66 13
block 67 13
block 68 13
block 69 13
block 70 13
block 71 13
block 6 14
block 7 14
block 8 14
block 9 14
block 10 14
block 11 14
block 12 14
block 13 14
block 14 14
block 27 14
block 28 14
block 29 14
block 30 14
block 43 14
block 44 14
block 64 14
block 65 14
block 66 14
block 67 14
block 68 14
block 69 14
block 70 14
block 71 14
block 6 15
block 7 15
block 8 15
block 9 15
block 10 15
block 11 15
block 12 15
block 13 15
block 14 15
block 27 15
block 28 15
block 29 15
block 30 15
block 43 15
block 44 15
block 64 15
block 65 15
block 66 15
block 67 15
block 68 15
block 69 15
block 70 15
block 71 15
block 10 16
block 11 16
block 12 16
block 13 16
block 14 16
block 27 16
block 28 16
block 29 16
block 30 16
block 31 16
block 32 16
block 33 16
block 34 16
block 43 16
block 44 16
block 64 16
block 65 16
block 66 16
block 67 16
block 68 16
block 10 17
block 11 17
block 12 17
block 13 17
block 14 17
block 31 17
block 32 17
block 33 17
block 34 17
block 43 17
block 44 17
block 59 17
block 60 17
block 61 17
block 62 17
block 63 17
block 64 17
block 65 17
block 66 17
block 67 17
block 68 17
block 10 18
block 11 18
block 12 18
block 13 18
block 14 18
block 31 18
block 32 18
block 33 18
block 34 18
block 49 18
block 50 18
block 51 18
block 52 18
block 57 18
block 58 18
block 59 18
block 60 18
block 61 18
block 62 18
block 63 18
block 64 18
block 65 18
block 66 18
block 67 18
block 68 18
block 31 19
block 32 19
block 33 19
block 34 19
block 49 19
block 50 19
block 51 19
block 52 19
block 57 19
block 58 19
block 59 19
block 60 19
block 61 19
block 62 19
block 63 19
block 64 19
block 65 19
block 66 19
block 67 19
block 68 19
block 31 20
block 32 20
block 33 20
block 34 20
block 49 20
block 50 20
block 51 20
block 52 20
block 57 20
block 58 20
block 66 20
block 67 20
block 68 20
block 13 21
block 14 21
block 15 21
block 31 21
block 32 21
block 33 21
block 34 21
block 49 21
block 50 21
block 51 21
block 52 21
block 66 21
block 67 21
block 68 21
##BotsAndCoinsInfo
bot_name 0 martyn
bot 0 74 2
bot_coins 0 0
coin 31 15
coin 45 6
round 1
bot 0 74 3
round 2
bot 0 74 4
round 3
bot 0 74 5
round 4
bot 0 74 6
round 5
bot 0 74 7
coin 41 16
coin 35 5
round 6
bot 0 74 8
round 7
bot 0 74 9
round 8
bot 0 74 10
round 9
bot 0 74 11
round 10
bot 0 74 12
coin 47 19
coin 29 2
round 11
bot 0 74 13
round 12
bot 0 74 14
round 13
bot 0 74 15
round 14
bot 0 74 16
round 15
bot 0 74 17
coin 1 2
coin 75 19
round 16
bot 0 75 18
coin_collected 75 19 0
bot_coins 0 1
round 17
bot 0 75 19
round 18
bot 0 74 18
round 19
bot 0 74 19
round 20
bot 0 74 20
coin 76 17
coin 0 4
round 21
bot 0 75 19
round 22
bot 0 76 18
coin_collected 76 17 0
bot_coins 0 2
round 23
bot 0 76 19
round 24
bot 0 75 18
round 25
bot 0 75 19
coin 65 20
coin 11 1
round 26
bot 0 74 18
round 27
bot 0 74 19
round 28
bot 0 74 20
round 29
bot 0 73 19
round 30
bot 0 73 20
coin 35 0
coin 41 21
round 31
bot 0 73 21
round 32
bot 0 72 20
round 33
bot 0 71 19
round 34
bot 0 71 18
round 35
bot 0 71 17
coin 57 0
coin 19 21
round 36
bot 0 71 16
round 37
bot 0 70 16
round 38
bot 0 69 16
round 39
round 40
coin 70 20
coin 6 1
round 41
bot 0 70 17
round 42
bot 0 69 18
round 43
bot 0 70 19
coin_collected 70 20 0
bot_coins 0 3
round 44
bot 0 69 20
round 45
coin 0 9
coin 76 12
round 46
round 47
round 48
bot 0 70 20
round 49
bot 0 69 19
round 50
coin 54 15
coin 22 6
round 51
round 52
round 53
round 54
round 55
coin 36 9
coin 40 12
round 56
round 57
bot 0 70 18
round 58
bot 0 69 19
round 59
round 60
coin 56 19
coin 20 2
round 61
round 62
round 63
round 64
round 65
coin 21 6
coin 55 15
round 66
round 67
round 68
round 69
round 70
bot 0 70 19
coin 4 18
coin 72 3
round 71
bot 0 69 20
round 72
bot 0 70 19
round 73
bot 0 69 20
round 74
bot 0 70 19
round 75
bot 0 71 19
coin 33 4
coin 42 17
round 76
bot 0 71 20
round 77
bot 0 72 19
round 78
bot 0 72 20
round 79
bot 0 71 19
round 80
bot 0 71 20
coin 23 13
coin 53 8
round 81
bot 0 72 19
round 82
bot 0 72 20
round 83
bot 0 71 19
round 84
round 85
bot 0 71 20
coin 10 3
coin 64 20
round 86
bot 0 72 19
round 87
bot 0 72 20
round 88
bot 0 72 21
round 89
bot 0 71 20
round 90
bot 0 71 21
coin 54 11
coin 22 10
round 91
bot 0 72 20
round 92
bot 0 71 19
round 93
bot 0 70 18
round 94
bot 0 69 19
round 95
coin 21 4
coin 55 17
round 96
round 97
round 98
bot 0 70 19
round 99
bot 0 69 20
round 100
bot 0 70 19
coin 13 3
coin 63 20
round 101
bot 0 69 20
round 102
round 103
bot 0 70 19
round 104
bot 0 69 20
round 105
bot 0 70 19
coin 56 13
coin 20 8
round 106
bot 0 71 20
round 107
bot 0 72 19
round 108
bot 0 73 18
round 109
bot 0 73 17
round 110
bot 0 74 16
coin 10 6
coin 65 13
round 111
bot 0 75 15
round 112
bot 0 76 14
round 113
bot 0 75 13
round 114
bot 0 74 12
round 115
bot 0 73 11
coin 34 5
coin 42 16
round 116
bot 0 72 10
round 117
bot 0 71 9
round 118
bot 0 71 8
round 119
bot 0 72 7
round 120
bot 0 71 6
coin 62 11
coin 14 10
round 121
bot 0 72 5
round 122
bot 0 71 4
round 123
bot 0 72 3
coin_collected 72 3 0
bot_coins 0 4
round 124
bot 0 71 4
round 125
bot 0 71 3
coin 26 2
coin 50 17
round 126
bot 0 71 2
round 127
bot 0 71 1
round 128
bot 0 71 0
round 129
bot 0 70 1
round 130
bot 0 69 2
coin 30 4
coin 46 17
round 131
bot 0 68 3
round 132
bot 0 67 4
round 133
bot 0 67 5
round 134
bot 0 67 6
round 135
bot 0 67 7
coin 2 2
coin 74 19
round 136
bot 0 67 8
round 137
bot 0 66 9
round 138
bot 0 65 9
round 139
bot 0 64 10
round 140
bot 0 63 11
coin_collected 62 11 0
bot_coins 0 5
coin 0 17
coin 76 4
round 141
bot 0 64 12
round 142
bot 0 65 13
coin_collected 65 13 0
bot_coins 0 6
round 143
bot 0 64 13
round 144
bot 0 63 13
round 145
bot 0 63 14
coin 72 15
coin 4 6
round 146
bot 0 63 15
round 147
bot 0 62 16
round 148
bot 0 61 16
round 149
bot 0 60 16
round 150
bot 0 59 16
coin 56 3
coin 20 18
round 151
bot 0 58 16
round 152
bot 0 57 17
round 153
bot 0 56 17
coin_collected 55 17 0
bot_coins 0 7
round 154
bot 0 55 18
round 155
bot 0 56 19
coin_collected 56 19 0
bot_coins 0 8
coin 4 19
coin 72 2
round 156
bot 0 56 20
round 157
bot 0 55 19
round 158
bot 0 54 18
round 159
bot 0 53 17
round 160
bot 0 54 16
coin_collected 54 15 0
bot_coins 0 9
coin 15 4
coin 61 16
round 161
bot 0 55 15
coin_collected 55 15 0
bot_coins 0 10
round 162
bot 0 54 14
round 163
bot 0 53 13
round 164
bot 0 54 12
coin_collected 54 11 0
bot_coins 0 11
round 165
bot 0 55 13
coin_collected 56 13 0
bot_coins 0 12
coin 27 3
coin 49 17
round 166
bot 0 54 12
round 167
bot 0 53 11
round 168
bot 0 52 10
round 169
bot 0 53 9
coin_collected 53 8 0
bot_coins 0 13
round 170
bot 0 53 10
coin 34 15
coin 44 6
round 171
bot 0 53 11
round 172
bot 0 53 12
round 173
bot 0 52 13
round 174
bot 0 51 14
round 175
bot 0 50 15
coin 38 13
coin 38 10
round 176
bot 0 49 16
coin_collected 49 17 0
bot_coins 0 14
round 177
bot 0 48 17
round 178
bot 0 48 18
round 179
bot 0 47 19
coin_collected 47 19 0
bot_coins 0 15
round 180
bot 0 46 18
coin_collected 46 17 0
bot_coins 0 16
coin 46 15
coin 30 6
round 181
bot 0 45 19
round 182
bot 0 44 20
round 183
bot 0 43 21
round 184
bot 0 42 20
round 185
bot 0 41 21
coin_collected 41 21 0
bot_coins 0 17
coin 1 5
coin 75 16
round 186
bot 0 42 20
round 187
bot 0 41 19
round 188
bot 0 42 18
coin_collected 42 17 0
bot_coins 0 18
round 189
bot 0 41 17
coin_collected 41 16 0
bot_coins 0 19
round 190
bot 0 40 16
coin 40 10
coin 36 11
round 191
bot 0 39 15
round 192
bot 0 38 14
coin_collected 38 13 0
bot_coins 0 20
round 193
bot 0 37 15
round 194
bot 0 36 14
round 195
bot 0 35 15
coin_collected 34 15 0
bot_coins 0 21
coin 10 21
coin 66 1
round 196
bot 0 36 14
round 197
bot 0 35 13
round 198
bot 0 36 12
coin_collected 36 11 0
bot_coins 0 22
round 199
bot 0 35 11
round 200
bot 0 36 10
coin_collected 36 9 0
bot_coins 0 23
coin 65 13
coin 11 8
match_over 0
