match
match_id 1639215155370_mb
match_time 1639215155372
num_bots 1
##MatchConfig
mode FRIENDLY
num_rounds 200
random_seed 42
move_time_limit 1000
coin_spawn_period 5
coin_spawn_volume 2
##MapConfig
map_size 51 30
view_radius 6
mining_radius 1
attack_radius 3
block 0 0
block 1 0
block 2 0
block 3 0
block 4 0
block 7 0
block 8 0
block 9 0
block 10 0
block 11 0
block 12 0
block 48 0
block 49 0
block 50 0
block 0 1
block 1 1
block 7 1
block 8 1
block 9 1
block 10 1
block 11 1
block 12 1
block 48 1
block 49 1
block 50 1
block 0 2
block 1 2
block 7 2
block 8 2
block 9 2
block 10 2
block 11 2
block 12 2
block 21 2
block 22 2
block 23 2
block 24 2
block 25 2
block 26 2
block 35 2
block 36 2
block 37 2
block 38 2
block 39 2
block 40 2
block 48 2
block 49 2
block 50 2
block 0 3
block 1 3
block 7 3
block 8 3
block 9 3
block 10 3
block 11 3
block 12 3
block 13 3
block 14 3
block 15 3
block 16 3
block 17 3
block 18 3
block 19 3
block 21 3
block 22 3
block 23 3
block 24 3
block 25 3
block 26 3
block 35 3
block 36 3
block 37 3
block 38 3
block 39 3
block 40 3
block 48 3
block 49 3
block 50 3
block 0 4
block 1 4
block 7 4
block 8 4
block 9 4
block 10 4
block 11 4
block 12 4
block 13 4
block 14 4
block 15 4
block 16 4
block 17 4
block 18 4
block 19 4
block 21 4
block 22 4
block 23 4
block 24 4
block 25 4
block 26 4
block 48 4
block 49 4
block 50 4
block 0 5
block 1 5
block 3 5
block 4 5
block 5 5
block 6 5
block 7 5
block 8 5
block 9 5
block 10 5
block 11 5
block 12 5
block 13 5
block 14 5
block 15 5
block 16 5
block 17 5
block 18 5
block 19 5
block 20 5
block 21 5
block 22 5
block 23 5
block 24 5
block 25 5
block 26 5
block 36 5
block 37 5
block 38 5
block 39 5
block 40 5
block 41 5
block 48 5
block 49 5
block 50 5
block 0 6
block 1 6
block 3 6
block 4 6
block 5 6
block 6 6
block 13 6
block 14 6
block 15 6
block 16 6
block 17 6
block 18 6
block 19 6
block 20 6
block 21 6
block 22 6
block 23 6
block 24 6
block 36 6
block 37 6
block 38 6
block 39 6
block 40 6
block 41 6
block 48 6
block 49 6
block 50 6
block 3 7
block 4 7
block 5 7
block 6 7
block 13 7
block 14 7
block 15 7
block 16 7
block 17 7
block 18 7
block 19 7
block 20 7
block 21 7
block 22 7
block 23 7
block 24 7
block 36 7
block 37 7
block 38 7
block 39 7
block 40 7
block 41 7
block 3 8
block 4 8
block 5 8
block 6 8
block 13 8
block 14 8
block 15 8
block 16 8
block 17 8
block 18 8
block 19 8
block 20 8
block 21 8
block 22 8
block 23 8
block 24 8
block 36 8
block 37 8
block 38 8
block 39 8
block 40 8
block 41 8
block 3 9
block 4 9
block 5 9
block 6 9
block 19 9
block 20 9
block 21 9
block 22 9
block 23 9
block 24 9
block 36 9
block 37 9
block 38 9
block 39 9
block 40 9
block 41 9
block 3 10
block 4 10
block 5 10
block 6 10
block 19 10
block 20 10
block 21 10
block 22 10
block 23 10
block 24 10
block 36 10
block 37 10
block 38 10
block 39 10
block 40 10
block 41 10
block 3 11
block 4 11
block 5 11
block 6 11
block 10 12
block 11 12
block 12 12
block 13 12
block 27 12
block 28 12
block 29 12
block 30 12
block 31 12
block 32 12
block 33 12
block 10 13
block 11 13
block 12 13
block 13 13
block 27 13
block 28 13
block 29 13
block 30 13
block 31 13
block 32 13
block 33 13
block 10 14
block 11 14
block 12 14
block 13 14
block 10 15
block 11 15
block 12 15
block 13 15
block 29 20
block 30 20
block 31 20
block 32 20
block 33 20
block 34 20
block 29 21
block 30 21
block 31 21
block 32 21
block 33 21
block 34 21
block 29 22
block 30 22
block 31 22
block 32 22
block 33 22
block 34 22
block 29 23
block 30 23
block 31 23
block 32 23
block 33 23
block 34 23
block 0 24
block 1 24
block 2 24
block 3 24
block 29 24
block 30 24
block 31 24
block 32 24
block 33 24
block 34 24
block 42 24
block 43 24
block 44 24
block 45 24
block 46 24
block 0 25
block 1 25
block 2 25
block 3 25
block 42 25
block 43 25
block 44 25
block 45 25
block 46 25
block 0 26
block 1 26
block 2 26
block 3 26
block 42 26
block 43 26
block 44 26
block 45 26
block 46 26
block 0 27
block 1 27
block 2 27
block 3 27
block 4 27
block 45 27
block 46 27
block 50 27
block 0 28
block 1 28
block 2 28
block 3 28
block 4 28
block 50 28
block 0 29
block 1 29
block 2 29
block 3 29
block 4 29
block 7 29
block 8 29
block 9 29
block 10 29
block 11 29
block 12 29
block 50 29
##BotsAndCoinsInfo
bot_name 0 starter-bot
bot 0 40 13
bot_coins 0 0
coin 27 3
coin 23 26
round 1
bot 0 40 14
round 2
bot 0 40 15
round 3
bot 0 40 16
round 4
bot 0 40 17
round 5
bot 0 40 18
coin 0 14
coin 50 15
round 6
bot 0 40 19
round 7
bot 0 40 20
round 8
bot 0 40 21
round 9
bot 0 40 22
round 10
bot 0 40 23
coin 9 25
coin 41 4
round 11
bot 0 40 24
round 12
bot 0 40 25
round 13
bot 0 40 26
round 14
bot 0 40 27
round 15
bot 0 40 28
coin 17 9
coin 33 19
round 16
bot 0 40 29
round 17
bot 0 39 28
round 18
bot 0 39 27
round 19
bot 0 39 26
round 20
bot 0 39 25
coin 1 23
coin 49 7
round 21
bot 0 39 24
round 22
bot 0 39 23
round 23
bot 0 39 22
round 24
bot 0 39 21
round 25
bot 0 39 20
coin 14 2
coin 36 27
round 26
bot 0 39 19
round 27
bot 0 39 18
round 28
bot 0 39 17
round 29
bot 0 39 16
round 30
bot 0 39 15
coin 42 12
coin 8 17
round 31
bot 0 39 14
round 32
bot 0 39 13
round 33
bot 0 39 12
round 34
bot 0 39 11
round 35
coin 6 2
coin 44 27
round 36
round 37
round 38
round 39
round 40
coin 3 1
coin 47 28
round 41
round 42
round 43
round 44
round 45
coin 40 29
coin 10 28
round 46
round 47
round 48
round 49
round 50
coin 35 13
coin 15 16
round 51
round 52
round 53
round 54
round 55
coin 23 1
coin 27 28
round 56
round 57
round 58
round 59
round 60
coin 2 21
coin 48 8
round 61
round 62
round 63
round 64
round 65
coin 7 28
coin 43 1
round 66
round 67
round 68
round 69
round 70
coin 20 4
coin 30 25
round 71
round 72
round 73
round 74
round 75
coin 28 6
coin 22 23
round 76
round 77
round 78
round 79
round 80
coin 38 4
coin 12 25
round 81
round 82
round 83
round 84
round 85
coin 41 17
coin 9 12
round 86
round 87
round 88
round 89
round 90
coin 42 13
coin 8 16
round 91
round 92
round 93
round 94
round 95
coin 2 23
coin 47 6
round 96
round 97
round 98
round 99
round 100
coin 23 25
coin 27 4
round 101
round 102
round 103
round 104
round 105
coin 29 7
coin 21 22
round 106
round 107
round 108
round 109
round 110
coin 14 24
coin 36 4
round 111
round 112
round 113
round 114
round 115
coin 28 5
coin 22 24
round 116
round 117
round 118
round 119
round 120
coin 14 13
coin 36 16
round 121
round 122
round 123
round 124
round 125
coin 22 20
coin 28 9
round 126
round 127
round 128
round 129
round 130
coin 5 16
coin 45 13
round 131
round 132
round 133
round 134
round 135
coin 23 11
coin 27 18
round 136
round 137
round 138
round 139
round 140
coin 34 19
coin 16 10
round 141
round 142
round 143
round 144
round 145
coin 42 3
coin 8 26
round 146
round 147
round 148
round 149
round 150
coin 46 29
coin 4 1
round 151
round 152
round 153
round 154
round 155
coin 20 1
coin 30 28
round 156
round 157
round 158
round 159
round 160
coin 38 14
coin 12 16
round 161
round 162
round 163
round 164
round 165
coin 20 19
coin 30 10
round 166
round 167
round 168
round 169
round 170
coin 0 9
coin 50 20
round 171
round 172
round 173
round 174
round 175
coin 49 11
coin 1 18
round 176
round 177
round 178
round 179
round 180
coin 13 19
coin 37 11
round 181
round 182
round 183
round 184
round 185
coin 23 23
coin 27 6
round 186
round 187
round 188
round 189
round 190
coin 47 10
coin 3 19
round 191
round 192
round 193
round 194
round 195
coin 39 4
coin 11 25
round 196
round 197
round 198
round 199
round 200
match_over 0
coin 25 6
coin 25 23
