match
match_id 1639402217756_bc
match_time 1639402217760
num_bots 1
##MatchConfig
mode FRIENDLY
num_rounds 200
random_seed 42
move_time_limit 1000
coin_spawn_period 5
coin_spawn_volume 2
##MapConfig
map_size 55 39
view_radius 5
mining_radius 1
attack_radius 3
block 1 0
block 2 0
block 3 0
block 4 0
block 5 0
block 6 0
block 11 0
block 12 0
block 13 0
block 11 1
block 12 1
block 13 1
block 37 6
block 38 6
block 39 6
block 40 6
block 37 7
block 38 7
block 39 7
block 40 7
block 37 8
block 38 8
block 39 8
block 40 8
block 10 23
block 11 23
block 12 23
block 13 23
block 10 24
block 11 24
block 12 24
block 13 24
block 10 25
block 11 25
block 12 25
block 13 25
block 10 26
block 11 26
block 12 26
block 13 26
block 10 27
block 11 27
block 12 27
block 13 27
block 10 28
block 11 28
block 12 28
block 13 28
block 24 32
block 25 32
block 26 32
block 27 32
block 28 32
block 29 32
block 30 32
block 24 33
block 25 33
block 26 33
block 27 33
block 28 33
block 29 33
block 30 33
block 2 35
block 3 35
block 11 35
block 12 35
block 13 35
block 1 36
block 2 36
block 3 36
block 4 36
block 5 36
block 6 36
block 11 36
block 12 36
block 13 36
block 1 37
block 2 37
block 3 37
block 4 37
block 5 37
block 6 37
block 11 37
block 12 37
block 13 37
block 42 37
block 43 37
block 44 37
block 45 37
block 46 37
block 47 37
block 48 37
block 1 38
block 2 38
block 3 38
block 4 38
block 5 38
block 6 38
block 11 38
block 12 38
block 13 38
block 42 38
block 43 38
block 44 38
block 45 38
block 46 38
block 47 38
block 48 38
##BotsAndCoinsInfo
bot_name 0 starter-bot
bot 0 16 1
bot_coins 0 0
coin 40 33
coin 14 5
round 1
round 2
round 3
round 4
round 5
coin 8 38
coin 46 0
round 6
round 7
round 8
round 9
round 10
coin 25 4
coin 29 34
round 11
round 12
round 13
round 14
round 15
coin 45 29
coin 9 9
round 16
round 17
round 18
round 19
round 20
coin 54 2
coin 0 36
round 21
round 22
round 23
round 24
round 25
coin 22 26
coin 32 12
round 26
round 27
round 28
round 29
round 30
coin 46 6
coin 8 32
round 31
round 32
round 33
round 34
round 35
coin 46 17
coin 8 21
round 36
round 37
round 38
round 39
round 40
coin 26 21
coin 28 17
round 41
round 42
round 43
round 44
round 45
coin 33 38
coin 21 0
round 46
round 47
round 48
round 49
round 50
coin 10 4
coin 44 34
round 51
round 52
round 53
round 54
round 55
coin 36 30
coin 18 8
round 56
round 57
round 58
round 59
round 60
coin 23 21
coin 31 17
round 61
round 62
round 63
round 64
round 65
coin 10 19
coin 44 19
round 66
round 67
round 68
round 69
round 70
coin 37 24
coin 17 14
round 71
round 72
round 73
round 74
round 75
coin 0 37
coin 54 1
round 76
round 77
round 78
round 79
round 80
coin 45 20
coin 9 18
round 81
round 82
round 83
round 84
round 85
coin 32 8
coin 22 30
round 86
round 87
round 88
round 89
round 90
coin 32 37
coin 22 1
round 91
round 92
round 93
round 94
round 95
coin 43 36
coin 11 2
round 96
round 97
round 98
round 99
round 100
coin 24 31
coin 30 7
round 101
round 102
round 103
round 104
round 105
coin 23 16
coin 31 22
round 106
round 107
round 108
round 109
round 110
coin 10 15
coin 44 23
round 111
round 112
round 113
round 114
round 115
coin 12 8
coin 42 30
round 116
round 117
round 118
round 119
round 120
coin 7 10
coin 47 28
round 121
bot 0 15 2
round 122
bot 0 14 3
round 123
bot 0 13 4
round 124
bot 0 14 5
coin_collected 14 5 0
bot_coins 0 1
round 125
bot 0 14 6
coin 48 5
coin 6 33
round 126
bot 0 13 7
round 127
bot 0 12 8
coin_collected 12 8 0
bot_coins 0 2
round 128
bot 0 12 9
round 129
bot 0 11 8
round 130
bot 0 10 9
coin_collected 9 9 0
bot_coins 0 3
coin 8 28
coin 46 10
round 131
bot 0 10 10
round 132
bot 0 10 11
round 133
bot 0 9 12
round 134
bot 0 10 13
round 135
bot 0 9 14
coin 35 16
coin 19 22
round 136
bot 0 10 15
coin_collected 10 15 0
bot_coins 0 4
round 137
bot 0 10 16
round 138
bot 0 9 17
coin_collected 9 18 0
bot_coins 0 5
round 139
bot 0 9 18
round 140
bot 0 8 19
coin 33 28
coin 21 10
round 141
bot 0 7 20
round 142
bot 0 8 21
coin_collected 8 21 0
bot_coins 0 6
round 143
bot 0 8 22
round 144
bot 0 9 21
round 145
coin 16 27
coin 38 11
round 146
round 147
match_over 0
round 148
