match
match_id 1639213711345_kr
match_time 1639213711347
num_bots 1
##MatchConfig
mode FRIENDLY
num_rounds 200
random_seed 42
move_time_limit 1000
coin_spawn_period 5
coin_spawn_volume 2
##MapConfig
map_size 53 31
view_radius 5
mining_radius 1
attack_radius 3
block 8 0
block 9 0
block 10 0
block 11 0
block 12 0
block 13 0
block 14 0
block 15 0
block 16 0
block 17 0
block 18 0
block 19 0
block 20 0
block 31 0
block 32 0
block 33 0
block 34 0
block 35 0
block 36 0
block 37 0
block 48 0
block 49 0
block 50 0
block 51 0
block 52 0
block 8 1
block 9 1
block 10 1
block 11 1
block 12 1
block 13 1
block 14 1
block 15 1
block 16 1
block 17 1
block 18 1
block 19 1
block 20 1
block 21 1
block 22 1
block 23 1
block 24 1
block 25 1
block 26 1
block 27 1
block 28 1
block 31 1
block 32 1
block 33 1
block 34 1
block 35 1
block 36 1
block 37 1
block 48 1
block 49 1
block 50 1
block 51 1
block 52 1
block 8 2
block 9 2
block 10 2
block 11 2
block 12 2
block 13 2
block 14 2
block 15 2
block 16 2
block 17 2
block 18 2
block 19 2
block 20 2
block 21 2
block 22 2
block 23 2
block 24 2
block 25 2
block 26 2
block 27 2
block 28 2
block 31 2
block 32 2
block 33 2
block 34 2
block 35 2
block 36 2
block 37 2
block 48 2
block 49 2
block 50 2
block 51 2
block 52 2
block 8 3
block 9 3
block 10 3
block 11 3
block 12 3
block 13 3
block 14 3
block 15 3
block 16 3
block 17 3
block 18 3
block 19 3
block 20 3
block 21 3
block 22 3
block 23 3
block 24 3
block 25 3
block 26 3
block 27 3
block 28 3
block 33 3
block 34 3
block 35 3
block 36 3
block 48 3
block 49 3
block 50 3
block 14 4
block 15 4
block 16 4
block 17 4
block 18 4
block 19 4
block 20 4
block 21 4
block 22 4
block 23 4
block 24 4
block 25 4
block 26 4
block 27 4
block 28 4
block 29 4
block 30 4
block 31 4
block 33 4
block 34 4
block 35 4
block 36 4
block 48 4
block 49 4
block 50 4
block 2 5
block 3 5
block 4 5
block 5 5
block 6 5
block 7 5
block 8 5
block 14 5
block 15 5
block 16 5
block 17 5
block 18 5
block 19 5
block 20 5
block 21 5
block 22 5
block 23 5
block 24 5
block 25 5
block 26 5
block 27 5
block 28 5
block 29 5
block 30 5
block 31 5
block 2 6
block 3 6
block 4 6
block 5 6
block 6 6
block 7 6
block 8 6
block 14 6
block 15 6
block 16 6
block 17 6
block 18 6
block 19 6
block 20 6
block 21 6
block 22 6
block 23 6
block 24 6
block 25 6
block 26 6
block 27 6
block 28 6
block 29 6
block 30 6
block 31 6
block 35 6
block 36 6
block 37 6
block 38 6
block 39 6
block 40 6
block 13 7
block 14 7
block 15 7
block 28 7
block 29 7
block 30 7
block 31 7
block 35 7
block 36 7
block 37 7
block 38 7
block 39 7
block 40 7
block 13 8
block 14 8
block 15 8
block 28 8
block 29 8
block 30 8
block 31 8
block 35 8
block 36 8
block 37 8
block 38 8
block 39 8
block 40 8
block 13 9
block 14 9
block 15 9
block 35 9
block 36 9
block 37 9
block 38 9
block 39 9
block 40 9
block 9 10
block 10 10
block 11 10
block 12 10
block 13 10
block 14 10
block 15 10
block 35 10
block 36 10
block 37 10
block 38 10
block 39 10
block 40 10
block 9 11
block 10 11
block 11 11
block 12 11
block 35 11
block 36 11
block 37 11
block 38 11
block 39 11
block 40 11
block 9 12
block 10 12
block 11 12
block 12 12
block 41 12
block 42 12
block 43 12
block 44 12
block 45 12
block 31 13
block 32 13
block 33 13
block 34 13
block 35 13
block 36 13
block 37 13
block 41 13
block 42 13
block 43 13
block 44 13
block 45 13
block 27 14
block 28 14
block 29 14
block 30 14
block 31 14
block 32 14
block 33 14
block 34 14
block 35 14
block 36 14
block 37 14
block 41 14
block 42 14
block 43 14
block 44 14
block 45 14
block 46 14
block 47 14
block 48 14
block 49 14
block 50 14
block 51 14
block 27 15
block 28 15
block 29 15
block 30 15
block 31 15
block 32 15
block 33 15
block 34 15
block 35 15
block 36 15
block 37 15
block 41 15
block 42 15
block 43 15
block 44 15
block 45 15
block 46 15
block 47 15
block 48 15
block 49 15
block 50 15
block 51 15
block 32 16
block 33 16
block 41 16
block 42 16
block 43 16
block 44 16
block 45 16
block 46 16
block 47 16
block 48 16
block 49 16
block 50 16
block 51 16
block 0 17
block 1 17
block 2 17
block 3 17
block 4 17
block 5 17
block 32 17
block 33 17
block 41 17
block 42 17
block 43 17
block 44 17
block 45 17
block 46 17
block 47 17
block 48 17
block 49 17
block 50 17
block 51 17
block 0 18
block 1 18
block 2 18
block 3 18
block 4 18
block 5 18
block 32 18
block 33 18
block 0 19
block 1 19
block 2 19
block 3 19
block 4 19
block 5 19
block 32 19
block 33 19
block 49 19
block 50 19
block 51 19
block 52 19
block 0 20
block 1 20
block 2 20
block 3 20
block 4 20
block 5 20
block 32 20
block 33 20
block 49 20
block 50 20
block 51 20
block 52 20
block 0 21
block 1 21
block 2 21
block 3 21
block 4 21
block 5 21
block 32 21
block 33 21
block 49 21
block 50 21
block 51 21
block 52 21
block 0 22
block 1 22
block 2 22
block 3 22
block 4 22
block 5 22
block 49 22
block 50 22
block 51 22
block 52 22
block 0 23
block 1 23
block 2 23
block 3 23
block 4 23
block 5 23
block 6 24
block 7 24
block 8 24
block 9 24
block 10 24
block 11 24
block 1 25
block 2 25
block 3 25
block 4 25
block 5 25
block 6 25
block 7 25
block 8 25
block 9 25
block 10 25
block 11 25
block 1 26
block 2 26
block 3 26
block 4 26
block 5 26
block 6 26
block 7 26
block 8 26
block 9 26
block 10 26
block 11 26
block 33 26
block 34 26
block 35 26
block 36 26
block 1 27
block 2 27
block 3 27
block 4 27
block 5 27
block 6 27
block 7 27
block 8 27
block 9 27
block 10 27
block 11 27
block 31 27
block 32 27
block 33 27
block 34 27
block 35 27
block 36 27
block 37 27
block 38 27
block 39 27
block 46 27
block 47 27
block 48 27
block 49 27
block 50 27
block 51 27
block 8 28
block 9 28
block 10 28
block 11 28
block 12 28
block 13 28
block 14 28
block 31 28
block 32 28
block 33 28
block 34 28
block 35 28
block 36 28
block 37 28
block 38 28
block 39 28
block 46 28
block 47 28
block 48 28
block 49 28
block 50 28
block 51 28
block 52 28
block 8 29
block 9 29
block 10 29
block 11 29
block 12 29
block 13 29
block 14 29
block 15 29
block 16 29
block 17 29
block 18 29
block 19 29
block 20 29
block 31 29
block 32 29
block 33 29
block 34 29
block 35 29
block 36 29
block 37 29
block 38 29
block 39 29
block 46 29
block 47 29
block 48 29
block 49 29
block 50 29
block 51 29
block 52 29
block 8 30
block 9 30
block 10 30
block 11 30
block 12 30
block 13 30
block 14 30
block 15 30
block 16 30
block 17 30
block 18 30
block 19 30
block 20 30
block 31 30
block 32 30
block 33 30
block 34 30
block 35 30
block 36 30
block 37 30
block 38 30
block 39 30
block 48 30
block 49 30
block 50 30
block 51 30
block 52 30
##BotsAndCoinsInfo
bot_name 0 starter-bot
bot 0 45 20
bot_coins 0 0
coin 34 10
coin 18 20
round 1
bot 0 45 21
round 2
bot 0 45 22
round 3
bot 0 45 23
round 4
bot 0 45 24
round 5
bot 0 45 25
coin 5 24
coin 47 6
round 6
bot 0 45 26
round 7
bot 0 45 27
round 8
bot 0 45 28
round 9
bot 0 45 29
round 10
bot 0 45 30
coin 19 28
coin 32 3
round 11
round 12
round 13
round 14
round 15
coin 45 1
coin 7 29
round 16
round 17
round 18
round 19
round 20
coin 13 4
coin 39 26
round 21
round 22
round 23
round 24
round 25
coin 3 0
coin 47 30
round 26
round 27
round 28
round 29
round 30
coin 20 27
coin 32 4
round 31
round 32
round 33
round 34
round 35
coin 34 19
coin 18 11
round 36
round 37
round 38
round 39
round 40
coin 34 21
coin 18 9
round 41
round 42
round 43
round 44
round 45
coin 40 19
coin 13 11
round 46
round 47
round 48
round 49
round 50
coin 41 8
coin 11 22
round 51
round 52
round 53
round 54
round 55
coin 21 18
coin 31 12
round 56
round 57
round 58
round 59
round 60
coin 42 18
coin 10 13
round 61
round 62
round 63
match_over 0
round 64
