match
match_id 1639168358503_bl
match_time 1639168358507
num_bots 1
##MatchConfig
mode FRIENDLY
num_rounds 200
random_seed 42
move_time_limit 1000
coin_spawn_period 5
coin_spawn_volume 2
##MapConfig
map_size 76 34
view_radius 6
mining_radius 1
attack_radius 4
block 13 0
block 14 0
block 21 0
block 22 0
block 23 0
block 24 0
block 25 0
block 26 0
block 27 0
block 59 0
block 60 0
block 61 0
block 62 0
block 63 0
block 64 0
block 13 1
block 14 1
block 21 1
block 22 1
block 23 1
block 24 1
block 25 1
block 26 1
block 27 1
block 59 1
block 60 1
block 61 1
block 62 1
block 63 1
block 64 1
block 13 2
block 14 2
block 59 2
block 60 2
block 61 2
block 62 2
block 63 2
block 64 2
block 59 3
block 60 3
block 61 3
block 62 3
block 63 3
block 64 3
block 59 4
block 60 4
block 61 4
block 62 4
block 63 4
block 64 4
block 59 5
block 60 5
block 61 5
block 62 5
block 63 5
block 64 5
block 43 6
block 44 6
block 45 6
block 0 7
block 1 7
block 2 7
block 3 7
block 4 7
block 17 7
block 18 7
block 19 7
block 20 7
block 21 7
block 22 7
block 23 7
block 43 7
block 44 7
block 45 7
block 0 8
block 1 8
block 2 8
block 3 8
block 4 8
block 11 8
block 12 8
block 13 8
block 17 8
block 18 8
block 19 8
block 20 8
block 21 8
block 22 8
block 23 8
block 24 8
block 25 8
block 43 8
block 44 8
block 45 8
block 53 8
block 54 8
block 11 9
block 12 9
block 13 9
block 17 9
block 18 9
block 19 9
block 20 9
block 21 9
block 22 9
block 23 9
block 24 9
block 25 9
block 43 9
block 44 9
block 45 9
block 53 9
block 54 9
block 11 10
block 12 10
block 13 10
block 20 10
block 21 10
block 22 10
block 23 10
block 24 10
block 25 10
block 53 10
block 54 10
block 66 10
block 67 10
block 68 10
block 69 10
block 70 10
block 71 10
block 72 10
block 11 11
block 12 11
block 13 11
block 20 11
block 21 11
block 22 11
block 23 11
block 24 11
block 25 11
block 30 11
block 31 11
block 53 11
block 54 11
block 66 11
block 67 11
block 68 11
block 69 11
block 70 11
block 71 11
block 72 11
block 11 12
block 12 12
block 13 12
block 30 12
block 31 12
block 35 12
block 36 12
block 37 12
block 38 12
block 53 12
block 54 12
block 11 13
block 12 13
block 13 13
block 30 13
block 31 13
block 35 13
block 36 13
block 37 13
block 38 13
block 11 14
block 12 14
block 13 14
block 30 14
block 31 14
block 35 14
block 36 14
block 37 14
block 38 14
block 21 15
block 22 15
block 23 15
block 24 15
block 25 15
block 26 15
block 27 15
block 28 15
block 30 15
block 31 15
block 35 15
block 36 15
block 37 15
block 38 15
block 21 16
block 22 16
block 23 16
block 24 16
block 25 16
block 26 16
block 27 16
block 28 16
block 35 16
block 36 16
block 37 16
block 38 16
block 21 17
block 22 17
block 23 17
block 24 17
block 25 17
block 26 17
block 27 17
block 28 17
block 35 17
block 36 17
block 37 17
block 38 17
block 21 18
block 22 18
block 23 18
block 24 18
block 25 18
block 26 18
block 27 18
block 28 18
block 59 18
block 60 18
block 61 18
block 62 18
block 63 18
block 64 18
block 65 18
block 21 19
block 22 19
block 23 19
block 24 19
block 25 19
block 26 19
block 27 19
block 28 19
block 59 19
block 60 19
block 61 19
block 62 19
block 63 19
block 64 19
block 65 19
block 21 20
block 22 20
block 23 20
block 24 20
block 25 20
block 26 20
block 27 20
block 28 20
block 59 20
block 60 20
block 61 20
block 62 20
block 63 20
block 64 20
block 65 20
block 0 21
block 1 21
block 2 21
block 3 21
block 24 21
block 25 21
block 26 21
block 27 21
block 28 21
block 59 21
block 60 21
block 61 21
block 62 21
block 63 21
block 64 21
block 65 21
block 0 22
block 1 22
block 2 22
block 3 22
block 59 22
block 60 22
block 61 22
block 62 22
block 63 22
block 64 22
block 65 22
block 0 23
block 1 23
block 2 23
block 3 23
block 59 23
block 60 23
block 61 23
block 62 23
block 63 23
block 64 23
block 65 23
block 0 24
block 1 24
block 2 24
block 3 24
block 8 24
block 9 24
block 10 24
block 11 24
block 12 24
block 13 24
block 14 24
block 30 24
block 31 24
block 32 24
block 33 24
block 34 24
block 35 24
block 0 25
block 1 25
block 2 25
block 3 25
block 8 25
block 9 25
block 10 25
block 11 25
block 12 25
block 13 25
block 14 25
block 30 25
block 31 25
block 32 25
block 33 25
block 34 25
block 35 25
block 0 26
block 1 26
block 2 26
block 3 26
block 8 26
block 9 26
block 10 26
block 11 26
block 12 26
block 13 26
block 14 26
block 30 26
block 31 26
block 32 26
block 33 26
block 34 26
block 35 26
block 0 27
block 1 27
block 2 27
block 3 27
block 8 27
block 9 27
block 10 27
block 11 27
block 12 27
block 13 27
block 14 27
block 30 27
block 31 27
block 32 27
block 33 27
block 34 27
block 35 27
block 1 28
block 2 28
block 3 28
block 8 28
block 9 28
block 10 28
block 11 28
block 12 28
block 13 28
block 14 28
block 30 28
block 31 28
block 32 28
block 33 28
block 34 28
block 35 28
block 1 29
block 2 29
block 3 29
block 13 30
block 14 30
block 21 30
block 22 30
block 23 30
block 24 30
block 25 30
block 26 30
block 27 30
block 13 31
block 14 31
block 21 31
block 22 31
block 23 31
block 24 31
block 25 31
block 26 31
block 27 31
block 28 31
block 29 31
block 13 32
block 14 32
block 21 32
block 22 32
block 23 32
block 24 32
block 25 32
block 26 32
block 27 32
block 28 32
block 29 32
block 13 33
block 14 33
block 21 33
block 22 33
block 23 33
block 24 33
block 25 33
block 26 33
block 27 33
block 59 33
block 60 33
block 61 33
block 62 33
block 63 33
block 64 33
##BotsAndCoinsInfo
bot_name 0 starter-bot
bot 0 31 8
bot_coins 0 0
coin 26 11
coin 49 22
round 1
round 2
round 3
round 4
bot 0 31 9
round 5
bot 0 31 10
coin 10 12
coin 66 21
round 6
round 7
round 8
match_over 0
round 9
