match
match_id 1639406334596_cn
match_time 1639406334600
num_bots 1
##MatchConfig
mode FRIENDLY
num_rounds 200
random_seed 42
move_time_limit 1000
coin_spawn_period 5
coin_spawn_volume 2
##MapConfig
map_size 78 24
view_radius 5
mining_radius 1
attack_radius 4
block 62 0
block 63 0
block 64 0
block 65 0
block 62 1
block 63 1
block 64 1
block 65 1
block 6 2
block 7 2
block 62 2
block 63 2
block 64 2
block 65 2
block 6 3
block 7 3
block 47 3
block 48 3
block 49 3
block 50 3
block 51 3
block 62 3
block 63 3
block 64 3
block 65 3
block 0 4
block 21 4
block 22 4
block 23 4
block 24 4
block 25 4
block 47 4
block 48 4
block 49 4
block 50 4
block 51 4
block 62 4
block 63 4
block 64 4
block 65 4
block 74 4
block 75 4
block 76 4
block 77 4
block 0 5
block 21 5
block 22 5
block 23 5
block 24 5
block 25 5
block 47 5
block 48 5
block 49 5
block 50 5
block 51 5
block 62 5
block 63 5
block 64 5
block 65 5
block 74 5
block 75 5
block 76 5
block 77 5
block 0 6
block 21 6
block 22 6
block 23 6
block 24 6
block 25 6
block 26 6
block 27 6
block 28 6
block 74 6
block 75 6
block 76 6
block 77 6
block 21 7
block 22 7
block 23 7
block 24 7
block 25 7
block 26 7
block 27 7
block 28 7
block 52 7
block 53 7
block 54 7
block 52 8
block 53 8
block 54 8
block 18 9
block 19 9
block 20 9
block 21 9
block 22 9
block 52 9
block 53 9
block 54 9
block 71 9
block 72 9
block 73 9
block 74 9
block 75 9
block 76 9
block 77 9
block 18 10
block 19 10
block 20 10
block 21 10
block 22 10
block 52 10
block 53 10
block 54 10
block 71 10
block 72 10
block 73 10
block 74 10
block 75 10
block 76 10
block 77 10
block 18 11
block 19 11
block 20 11
block 21 11
block 22 11
block 48 11
block 49 11
block 52 11
block 53 11
block 54 11
block 71 11
block 72 11
block 73 11
block 74 11
block 75 11
block 76 11
block 77 11
block 18 12
block 19 12
block 20 12
block 21 12
block 22 12
block 31 12
block 32 12
block 33 12
block 34 12
block 35 12
block 36 12
block 37 12
block 48 12
block 49 12
block 52 12
block 53 12
block 54 12
block 56 12
block 57 12
block 58 12
block 59 12
block 60 12
block 71 12
block 72 12
block 73 12
block 74 12
block 75 12
block 76 12
block 77 12
block 18 13
block 19 13
block 20 13
block 21 13
block 22 13
block 31 13
block 32 13
block 33 13
block 34 13
block 35 13
block 36 13
block 37 13
block 48 13
block 49 13
block 52 13
block 53 13
block 54 13
block 56 13
block 57 13
block 58 13
block 59 13
block 60 13
block 68 13
block 69 13
block 71 13
block 72 13
block 73 13
block 74 13
block 75 13
block 76 13
block 77 13
block 0 14
block 1 14
block 2 14
block 3 14
block 18 14
block 19 14
block 20 14
block 21 14
block 22 14
block 25 14
block 26 14
block 31 14
block 32 14
block 33 14
block 34 14
block 35 14
block 36 14
block 37 14
block 48 14
block 49 14
block 68 14
block 69 14
block 71 14
block 72 14
block 73 14
block 74 14
block 75 14
block 76 14
block 77 14
block 0 15
block 1 15
block 2 15
block 3 15
block 4 15
block 5 15
block 18 15
block 19 15
block 20 15
block 21 15
block 22 15
block 25 15
block 26 15
block 31 15
block 32 15
block 33 15
block 34 15
block 35 15
block 36 15
block 37 15
block 48 15
block 49 15
block 68 15
block 69 15
block 71 15
block 72 15
block 73 15
block 74 15
block 75 15
block 76 15
block 77 15
block 0 16
block 1 16
block 2 16
block 3 16
block 4 16
block 5 16
block 31 16
block 32 16
block 33 16
block 34 16
block 35 16
block 36 16
block 37 16
block 48 16
block 49 16
block 68 16
block 69 16
block 75 16
block 76 16
block 77 16
block 0 17
block 1 17
block 2 17
block 3 17
block 4 17
block 5 17
block 62 17
block 63 17
block 64 17
block 65 17
block 66 17
block 67 17
block 68 17
block 69 17
block 75 17
block 76 17
block 77 17
block 0 18
block 1 18
block 2 18
block 3 18
block 4 18
block 5 18
block 22 18
block 23 18
block 62 18
block 63 18
block 64 18
block 65 18
block 66 18
block 67 18
block 68 18
block 69 18
block 75 18
block 76 18
block 77 18
block 0 19
block 1 19
block 2 19
block 3 19
block 4 19
block 5 19
block 22 19
block 23 19
block 62 19
block 63 19
block 64 19
block 65 19
block 66 19
block 67 19
block 68 19
block 69 19
block 75 19
block 76 19
block 77 19
block 0 20
block 1 20
block 2 20
block 3 20
block 4 20
block 5 20
block 6 20
block 7 20
block 8 20
block 9 20
block 22 20
block 23 20
block 75 20
block 76 20
block 77 20
block 0 21
block 1 21
block 2 21
block 3 21
block 4 21
block 5 21
block 6 21
block 7 21
block 8 21
block 9 21
block 22 21
block 23 21
block 77 21
block 0 22
block 1 22
block 2 22
block 3 22
block 4 22
block 22 22
block 23 22
block 77 22
block 22 23
block 23 23
block 62 23
block 63 23
block 64 23
block 65 23
##BotsAndCoinsInfo
bot_name 0 starter-bot
bot 0 6 13
bot_coins 0 0
coin 26 3
coin 51 20
round 1
bot 0 6 14
round 2
bot 0 6 15
round 3
bot 0 6 16
round 4
bot 0 6 17
round 5
bot 0 6 18
coin 48 20
coin 29 3
round 6
bot 0 6 19
round 7
round 8
bot 0 6 18
round 9
bot 0 6 17
round 10
bot 0 6 16
coin 0 13
coin 0 10
round 11
bot 0 6 15
round 12
bot 0 6 14
round 13
bot 0 6 13
round 14
bot 0 6 12
round 15
bot 0 6 11
coin 65 14
coin 12 9
round 16
bot 0 6 10
round 17
bot 0 6 9
round 18
bot 0 6 8
round 19
bot 0 6 7
round 20
bot 0 6 6
coin 55 5
coin 22 17
round 21
bot 0 6 5
round 22
bot 0 6 4
round 23
bot 0 5 4
round 24
bot 0 5 3
round 25
bot 0 5 2
coin 27 14
coin 50 9
round 26
bot 0 5 1
round 27
bot 0 5 0
round 28
bot 0 4 1
round 29
bot 0 4 2
round 30
bot 0 4 3
coin 61 12
coin 16 11
round 31
bot 0 4 4
round 32
bot 0 4 5
round 33
bot 0 4 6
round 34
bot 0 4 7
round 35
bot 0 4 8
coin 20 8
coin 57 15
round 36
bot 0 3 9
round 37
bot 0 2 10
round 38
bot 0 1 9
round 39
bot 0 0 10
coin_collected 0 10 0
bot_coins 0 1
round 40
bot 0 0 11
coin 48 18
coin 29 5
round 41
bot 0 0 12
coin_collected 0 13 0
bot_coins 0 2
round 42
bot 0 0 13
round 43
round 44
round 45
coin 37 17
coin 40 6
round 46
round 47
round 48
round 49
round 50
coin 14 7
coin 63 16
round 51
round 52
round 53
round 54
round 55
coin 26 9
coin 51 14
round 56
round 57
round 58
round 59
round 60
coin 0 9
coin 1 13
round 61
coin_collected 1 13 0
bot_coins 0 3
round 62
round 63
round 64
round 65
coin 64 10
coin 13 13
round 66
round 67
round 68
round 69
round 70
coin 19 6
coin 58 17
round 71
round 72
round 73
round 74
round 75
coin 64 12
coin 13 11
round 76
round 77
round 78
round 79
round 80
coin 44 5
coin 33 18
round 81
round 82
round 83
round 84
round 85
coin 59 23
coin 18 0
round 86
round 87
round 88
round 89
round 90
coin 6 13
coin 70 10
round 91
round 92
round 93
round 94
round 95
coin 67 12
coin 10 11
round 96
round 97
round 98
round 99
round 100
coin 5 1
coin 72 22
round 101
round 102
round 103
round 104
round 105
coin 47 1
coin 30 22
round 106
round 107
round 108
round 109
round 110
coin 41 6
coin 36 17
round 111
round 112
round 113
round 114
round 115
coin 55 23
coin 22 0
round 116
round 117
round 118
round 119
round 120
coin 76 21
coin 1 2
round 121
round 122
round 123
round 124
round 125
coin 61 8
coin 16 15
round 126
round 127
round 128
round 129
round 130
coin 68 4
coin 9 19
round 131
round 132
round 133
round 134
round 135
coin 14 10
coin 63 13
round 136
round 137
round 138
round 139
round 140
coin 25 19
coin 52 4
round 141
round 142
round 143
round 144
round 145
coin 75 3
coin 2 23
round 146
round 147
round 148
round 149
round 150
coin 17 11
coin 60 11
round 151
round 152
round 153
round 154
round 155
coin 32 1
coin 45 22
round 156
round 157
round 158
round 159
round 160
coin 50 2
coin 27 21
round 161
round 162
round 163
round 164
round 165
coin 20 7
coin 57 16
round 166
round 167
round 168
round 169
round 170
coin 9 3
coin 68 20
round 171
round 172
round 173
round 174
round 175
coin 58 5
coin 19 18
round 176
round 177
round 178
round 179
round 180
coin 13 12
coin 64 11
round 181
round 182
round 183
round 184
round 185
coin 13 5
coin 64 20
round 186
round 187
round 188
round 189
round 190
coin 68 5
coin 9 18
round 191
round 192
round 193
round 194
round 195
coin 29 21
coin 48 2
round 196
round 197
round 198
round 199
round 200
coin 66 10
coin 11 13
match_over 0
