match
match_id 1639214886922_lw
match_time 1639214886924
num_bots 1
##MatchConfig
mode FRIENDLY
num_rounds 200
random_seed 42
move_time_limit 1000
coin_spawn_period 5
coin_spawn_volume 2
##MapConfig
map_size 67 21
view_radius 6
mining_radius 2
attack_radius 4
block 34 0
block 35 0
block 36 0
block 37 0
block 11 1
block 12 1
block 13 1
block 14 1
block 15 1
block 16 1
block 17 1
block 34 1
block 35 1
block 36 1
block 37 1
block 42 1
block 43 1
block 44 1
block 3 2
block 4 2
block 11 2
block 12 2
block 13 2
block 14 2
block 15 2
block 16 2
block 17 2
block 42 2
block 43 2
block 44 2
block 3 3
block 4 3
block 11 3
block 12 3
block 13 3
block 14 3
block 15 3
block 16 3
block 17 3
block 3 4
block 4 4
block 11 4
block 12 4
block 13 4
block 14 4
block 15 4
block 16 4
block 17 4
block 0 5
block 1 5
block 2 5
block 3 5
block 4 5
block 66 5
block 0 6
block 1 6
block 2 6
block 3 6
block 66 6
block 0 7
block 1 7
block 2 7
block 3 7
block 16 7
block 17 7
block 18 7
block 19 7
block 20 7
block 66 7
block 0 8
block 1 8
block 2 8
block 3 8
block 11 8
block 12 8
block 13 8
block 16 8
block 17 8
block 18 8
block 19 8
block 20 8
block 66 8
block 0 9
block 1 9
block 2 9
block 3 9
block 11 9
block 12 9
block 13 9
block 14 9
block 15 9
block 16 9
block 17 9
block 18 9
block 19 9
block 20 9
block 26 9
block 27 9
block 66 9
block 13 10
block 14 10
block 15 10
block 16 10
block 17 10
block 18 10
block 19 10
block 20 10
block 26 10
block 27 10
block 13 11
block 14 11
block 15 11
block 16 11
block 17 11
block 18 11
block 19 11
block 20 11
block 26 11
block 27 11
block 10 12
block 11 12
block 12 12
block 13 12
block 14 12
block 15 12
block 16 12
block 17 12
block 18 12
block 19 12
block 20 12
block 26 12
block 27 12
block 34 12
block 35 12
block 36 12
block 37 12
block 38 12
block 39 12
block 40 12
block 43 12
block 44 12
block 45 12
block 46 12
block 47 12
block 48 12
block 0 13
block 1 13
block 2 13
block 3 13
block 4 13
block 5 13
block 10 13
block 11 13
block 12 13
block 13 13
block 14 13
block 15 13
block 16 13
block 17 13
block 18 13
block 19 13
block 26 13
block 27 13
block 34 13
block 35 13
block 36 13
block 37 13
block 38 13
block 39 13
block 40 13
block 43 13
block 44 13
block 45 13
block 46 13
block 47 13
block 48 13
block 0 14
block 1 14
block 2 14
block 3 14
block 4 14
block 5 14
block 10 14
block 11 14
block 12 14
block 13 14
block 14 14
block 15 14
block 16 14
block 17 14
block 18 14
block 19 14
block 34 14
block 35 14
block 36 14
block 37 14
block 38 14
block 39 14
block 40 14
block 43 14
block 44 14
block 45 14
block 46 14
block 47 14
block 48 14
block 0 15
block 1 15
block 2 15
block 3 15
block 4 15
block 5 15
block 10 15
block 11 15
block 12 15
block 13 15
block 14 15
block 15 15
block 16 15
block 32 15
block 33 15
block 34 15
block 35 15
block 43 15
block 44 15
block 45 15
block 46 15
block 47 15
block 48 15
block 0 16
block 1 16
block 2 16
block 3 16
block 4 16
block 5 16
block 10 16
block 11 16
block 12 16
block 13 16
block 14 16
block 15 16
block 16 16
block 32 16
block 33 16
block 34 16
block 35 16
block 43 16
block 44 16
block 45 16
block 46 16
block 47 16
block 48 16
block 0 17
block 1 17
block 2 17
block 3 17
block 4 17
block 5 17
block 32 17
block 33 17
block 34 17
block 35 17
block 36 17
block 37 17
block 38 17
block 39 17
block 40 17
block 41 17
block 42 17
block 43 17
block 44 17
block 45 17
block 46 17
block 47 17
block 48 17
block 0 18
block 1 18
block 2 18
block 3 18
block 4 18
block 5 18
block 32 18
block 33 18
block 34 18
block 35 18
block 36 18
block 37 18
block 38 18
block 39 18
block 40 18
block 41 18
block 42 18
block 43 18
block 44 18
block 45 18
block 46 18
block 47 18
block 48 18
block 32 19
block 33 19
block 34 19
block 35 19
block 36 19
block 37 19
block 32 20
block 33 20
block 34 20
block 35 20
block 36 20
block 37 20
##BotsAndCoinsInfo
bot_name 0 starter-bot
bot 0 30 13
bot_coins 0 0
coin 41 12
coin 25 8
round 1
bot 0 30 14
round 2
bot 0 30 15
round 3
bot 0 30 16
round 4
bot 0 30 17
round 5
bot 0 30 18
coin 23 17
coin 43 3
round 6
bot 0 30 19
round 7
bot 0 30 20
round 8
bot 0 30 19
round 9
bot 0 30 18
round 10
bot 0 30 17
coin 12 5
coin 54 15
round 11
bot 0 30 16
round 12
bot 0 30 15
round 13
bot 0 30 14
round 14
bot 0 30 13
round 15
bot 0 30 12
coin 66 17
coin 0 3
round 16
bot 0 30 11
round 17
bot 0 30 10
round 18
bot 0 30 9
round 19
bot 0 30 8
round 20
bot 0 30 7
coin 62 17
coin 5 3
round 21
bot 0 30 6
round 22
bot 0 30 5
round 23
bot 0 30 4
round 24
bot 0 30 3
round 25
bot 0 30 2
coin 21 11
coin 45 9
round 26
bot 0 30 1
round 27
bot 0 30 0
round 28
bot 0 30 20
round 29
bot 0 30 19
round 30
bot 0 30 18
coin 0 0
coin 66 20
round 31
bot 0 30 17
round 32
bot 0 30 16
round 33
bot 0 30 15
round 34
bot 0 30 14
round 35
bot 0 30 13
coin 51 17
coin 15 5
round 36
bot 0 30 12
round 37
bot 0 30 11
round 38
bot 0 30 10
round 39
bot 0 30 9
round 40
bot 0 30 8
coin 49 12
coin 15 8
round 41
bot 0 30 7
round 42
bot 0 30 6
round 43
bot 0 30 5
round 44
bot 0 30 4
round 45
bot 0 30 3
coin 22 2
coin 44 19
round 46
bot 0 30 2
round 47
bot 0 30 1
round 48
bot 0 30 0
round 49
bot 0 30 20
round 50
bot 0 30 19
coin 38 1
coin 28 19
round 51
bot 0 30 18
round 52
bot 0 30 17
round 53
bot 0 30 16
round 54
bot 0 30 15
round 55
bot 0 30 14
coin 24 9
coin 42 11
round 56
bot 0 30 13
round 57
bot 0 30 12
round 58
bot 0 30 11
round 59
bot 0 30 10
round 60
bot 0 30 9
coin 47 9
coin 20 13
round 61
bot 0 30 8
round 62
bot 0 30 7
round 63
bot 0 30 6
round 64
bot 0 30 5
round 65
bot 0 30 4
coin 15 7
coin 51 13
round 66
bot 0 30 3
round 67
bot 0 30 2
round 68
bot 0 30 1
round 69
bot 0 30 0
round 70
bot 0 30 20
coin 9 12
coin 57 8
round 71
bot 0 30 19
coin_collected 28 19 0
bot_coins 0 1
round 72
bot 0 30 18
round 73
bot 0 30 17
round 74
bot 0 30 16
round 75
bot 0 30 15
coin 30 6
coin 36 15
round 76
bot 0 30 14
round 77
bot 0 30 13
round 78
bot 0 30 12
round 79
bot 0 30 11
round 80
bot 0 30 10
coin 7 17
coin 59 3
round 81
bot 0 30 9
round 82
bot 0 30 8
coin_collected 30 6 0
bot_coins 0 2
round 83
bot 0 30 7
round 84
bot 0 30 6
round 85
bot 0 30 5
coin 66 11
coin 0 10
round 86
bot 0 30 4
round 87
bot 0 30 3
round 88
bot 0 30 2
round 89
bot 0 30 1
round 90
bot 0 30 0
coin 38 19
coin 28 1
round 91
bot 0 30 20
round 92
bot 0 30 19
round 93
bot 0 30 18
round 94
bot 0 30 17
round 95
bot 0 30 16
coin 40 6
coin 26 14
round 96
bot 0 30 15
round 97
bot 0 30 14
round 98
bot 0 30 13
round 99
bot 0 30 12
round 100
bot 0 30 11
coin 33 0
coin 32 0
round 101
bot 0 30 10
round 102
bot 0 30 9
round 103
bot 0 30 8
round 104
bot 0 30 7
round 105
bot 0 30 6
coin 29 7
coin 37 11
round 106
bot 0 30 5
round 107
bot 0 30 4
round 108
bot 0 30 3
round 109
bot 0 30 2
round 110
bot 0 30 1
coin_collected 28 1 0
bot_coins 0 3
coin 57 0
coin 9 20
round 111
bot 0 30 0
coin_collected 32 0 0
bot_coins 0 4
round 112
bot 0 30 20
round 113
bot 0 30 19
round 114
bot 0 30 18
round 115
bot 0 30 17
coin 59 2
coin 7 18
round 116
bot 0 30 16
round 117
bot 0 30 15
round 118
bot 0 30 14
round 119
bot 0 30 13
round 120
bot 0 30 12
coin 21 10
coin 45 10
round 121
bot 0 30 11
round 122
bot 0 30 10
round 123
bot 0 30 9
round 124
bot 0 30 8
coin_collected 29 7 0
bot_coins 0 5
round 125
bot 0 30 7
coin 42 14
coin 24 6
round 126
bot 0 30 6
round 127
bot 0 30 5
round 128
bot 0 30 4
round 129
bot 0 30 3
round 130
bot 0 30 2
coin 18 1
coin 48 19
round 131
bot 0 30 1
round 132
bot 0 30 0
round 133
bot 0 30 20
round 134
bot 0 30 19
round 135
bot 0 30 18
coin 54 7
coin 12 11
round 136
bot 0 30 17
round 137
bot 0 30 16
round 138
bot 0 30 15
round 139
bot 0 30 14
round 140
bot 0 30 13
coin 51 7
coin 17 15
round 141
bot 0 30 12
round 142
bot 0 30 11
round 143
bot 0 30 10
round 144
bot 0 30 9
round 145
bot 0 30 8
coin 30 3
coin 36 16
round 146
bot 0 30 7
round 147
bot 0 30 6
round 148
bot 0 30 5
coin_collected 30 3 0
bot_coins 0 6
round 149
bot 0 30 4
round 150
bot 0 30 3
coin 40 5
coin 26 15
round 151
bot 0 30 2
round 152
bot 0 30 1
round 153
bot 0 30 0
round 154
bot 0 30 20
round 155
bot 0 30 19
coin 28 16
coin 38 4
round 156
bot 0 30 18
round 157
bot 0 30 17
round 158
bot 0 30 16
coin_collected 28 16 0
bot_coins 0 7
round 159
bot 0 30 15
round 160
bot 0 30 14
coin 57 2
coin 9 18
round 161
bot 0 30 13
round 162
bot 0 30 12
round 163
bot 0 30 11
round 164
bot 0 30 10
round 165
bot 0 30 9
coin 65 4
coin 66 16
round 166
bot 0 30 8
round 167
bot 0 30 7
round 168
bot 0 30 6
round 169
bot 0 30 5
round 170
bot 0 30 4
coin 66 12
coin 65 8
round 171
bot 0 30 3
round 172
bot 0 30 2
round 173
bot 0 30 1
round 174
bot 0 30 0
round 175
bot 0 30 20
coin 30 8
coin 36 11
round 176
bot 0 30 19
round 177
bot 0 30 18
round 178
bot 0 30 17
round 179
bot 0 30 16
round 180
bot 0 30 15
coin 24 7
coin 42 13
round 181
bot 0 30 14
round 182
bot 0 30 13
round 183
bot 0 30 12
round 184
bot 0 30 11
round 185
bot 0 30 10
coin_collected 30 8 0
bot_coins 0 8
coin 55 5
coin 9 15
round 186
bot 0 30 9
round 187
bot 0 30 8
round 188
bot 0 30 7
round 189
bot 0 30 6
round 190
bot 0 30 5
coin 11 7
coin 55 13
round 191
bot 0 30 4
round 192
bot 0 30 3
round 193
bot 0 30 2
round 194
bot 0 30 1
round 195
bot 0 30 0
coin 23 0
coin 43 20
round 196
bot 0 30 20
round 197
bot 0 30 19
round 198
bot 0 30 18
round 199
bot 0 30 17
round 200
bot 0 30 16
coin 31 1
coin 38 20
match_over 0
