match
match_id 1639327390437_au
match_time 1639327390440
num_bots 1
##MatchConfig
mode FRIENDLY
num_rounds 200
random_seed 42
move_time_limit 1000
coin_spawn_period 5
coin_spawn_volume 2
##MapConfig
map_size 66 31
view_radius 5
mining_radius 2
attack_radius 4
block 30 0
block 31 0
block 32 0
block 33 0
block 34 0
block 35 0
block 32 1
block 33 1
block 34 1
block 35 1
block 32 2
block 33 2
block 34 2
block 35 2
block 32 3
block 33 3
block 34 3
block 35 3
block 58 13
block 59 13
block 60 13
block 58 14
block 59 14
block 60 14
block 58 15
block 59 15
block 60 15
block 9 16
block 10 16
block 11 16
block 43 16
block 44 16
block 45 16
block 46 16
block 47 16
block 58 16
block 59 16
block 60 16
block 9 17
block 10 17
block 11 17
block 43 17
block 44 17
block 45 17
block 46 17
block 47 17
block 58 17
block 59 17
block 60 17
block 43 18
block 44 18
block 45 18
block 46 18
block 47 18
block 58 18
block 59 18
block 60 18
block 43 19
block 44 19
block 45 19
block 46 19
block 47 19
block 58 19
block 59 19
block 60 19
block 26 20
block 27 20
block 28 20
block 29 20
block 30 20
block 43 20
block 44 20
block 26 21
block 27 21
block 28 21
block 29 21
block 30 21
block 31 21
block 32 21
block 43 21
block 44 21
block 50 21
block 51 21
block 52 21
block 26 22
block 27 22
block 28 22
block 29 22
block 30 22
block 31 22
block 32 22
block 33 22
block 43 22
block 44 22
block 50 22
block 51 22
block 52 22
block 26 23
block 27 23
block 28 23
block 29 23
block 30 23
block 31 23
block 32 23
block 33 23
block 43 23
block 44 23
block 26 24
block 27 24
block 28 24
block 29 24
block 30 24
block 31 24
block 32 24
block 43 24
block 44 24
block 26 25
block 27 25
block 28 25
block 29 25
block 30 25
block 30 30
block 31 30
block 32 30
##BotsAndCoinsInfo
bot_name 0 starter-bot
bot 0 46 24
bot_coins 0 0
coin 62 10
coin 3 20
round 1
bot 0 46 25
round 2
bot 0 46 26
round 3
bot 0 46 27
round 4
bot 0 46 28
round 5
bot 0 46 29
coin 31 25
coin 34 5
round 6
bot 0 46 30
round 7
bot 0 45 29
round 8
bot 0 45 28
round 9
bot 0 45 27
round 10
bot 0 45 26
coin 36 28
coin 29 2
round 11
bot 0 45 25
round 12
bot 0 45 24
round 13
bot 0 45 23
round 14
bot 0 45 22
round 15
bot 0 45 21
coin 23 1
coin 42 29
round 16
bot 0 45 20
round 17
round 18
round 19
round 20
coin 43 3
coin 22 27
round 21
round 22
round 23
round 24
round 25
coin 44 0
coin 21 30
round 26
round 27
round 28
round 29
round 30
coin 24 27
coin 41 3
round 31
round 32
round 33
round 34
round 35
coin 2 19
coin 63 11
round 36
round 37
round 38
round 39
round 40
coin 48 21
coin 17 9
round 41
round 42
round 43
round 44
round 45
coin 55 19
coin 10 11
round 46
round 47
round 48
round 49
round 50
coin 32 8
coin 34 22
round 51
round 52
round 53
round 54
round 55
coin 14 18
coin 51 12
round 56
round 57
round 58
round 59
round 60
coin 23 18
coin 42 12
round 61
round 62
round 63
round 64
round 65
coin 10 18
coin 55 12
round 66
round 67
round 68
round 69
round 70
coin 37 21
coin 28 9
round 71
round 72
round 73
round 74
round 75
coin 22 26
coin 43 4
round 76
round 77
round 78
round 79
round 80
coin 56 17
coin 9 13
round 81
round 82
round 83
round 84
round 85
coin 65 22
coin 0 8
round 86
round 87
round 88
round 89
round 90
coin 54 20
coin 11 10
round 91
round 92
round 93
round 94
round 95
coin 43 25
coin 22 5
round 96
round 97
round 98
round 99
round 100
coin 35 19
coin 30 11
round 101
round 102
round 103
round 104
round 105
coin 23 6
coin 42 24
round 106
round 107
round 108
round 109
round 110
coin 65 12
coin 0 18
round 111
round 112
round 113
round 114
round 115
coin 1 29
coin 64 1
round 116
round 117
round 118
round 119
round 120
coin 7 4
coin 58 26
round 121
round 122
round 123
round 124
round 125
coin 37 30
coin 28 0
round 126
round 127
round 128
round 129
round 130
coin 8 1
coin 57 29
round 131
round 132
round 133
round 134
round 135
coin 2 11
coin 63 19
round 136
round 137
round 138
round 139
round 140
coin 55 22
coin 10 8
round 141
round 142
round 143
round 144
round 145
coin 27 14
coin 38 16
round 146
round 147
round 148
round 149
round 150
coin 1 22
coin 64 8
round 151
round 152
round 153
round 154
round 155
coin 25 22
coin 40 8
round 156
round 157
round 158
round 159
round 160
coin 26 27
coin 39 3
round 161
round 162
round 163
round 164
round 165
coin 38 7
coin 25 23
round 166
round 167
round 168
round 169
round 170
coin 45 4
coin 20 26
round 171
round 172
round 173
round 174
round 175
coin 16 17
coin 49 13
round 176
round 177
round 178
round 179
round 180
coin 13 2
coin 52 28
round 181
round 182
round 183
round 184
round 185
coin 1 30
coin 64 0
round 186
round 187
round 188
round 189
round 190
coin 62 13
coin 3 17
round 191
round 192
round 193
round 194
round 195
coin 65 20
coin 0 10
round 196
round 197
round 198
round 199
round 200
coin 54 22
coin 11 8
match_over 0
