match
match_id 1639473650461_ae
match_time 1639473650464
num_bots 1
##MatchConfig
mode FRIENDLY
num_rounds 200
random_seed 42
move_time_limit 1000
coin_spawn_period 5
coin_spawn_volume 2
##MapConfig
map_size 58 27
view_radius 5
mining_radius 2
attack_radius 3
block 0 0
block 1 0
block 2 0
block 27 0
block 28 0
block 29 0
block 55 0
block 56 0
block 57 0
block 27 1
block 28 1
block 29 1
block 50 4
block 51 4
block 52 4
block 50 5
block 51 5
block 52 5
block 50 6
block 51 6
block 52 6
block 50 7
block 51 7
block 52 7
block 50 8
block 51 8
block 52 8
block 50 9
block 51 9
block 52 9
block 40 13
block 41 13
block 42 13
block 43 13
block 40 14
block 41 14
block 42 14
block 43 14
block 40 15
block 41 15
block 42 15
block 43 15
block 25 16
block 26 16
block 27 16
block 28 16
block 29 16
block 30 16
block 31 16
block 32 16
block 33 16
block 34 16
block 35 16
block 40 16
block 41 16
block 42 16
block 43 16
block 25 17
block 26 17
block 27 17
block 28 17
block 29 17
block 30 17
block 31 17
block 32 17
block 33 17
block 34 17
block 35 17
block 40 17
block 41 17
block 42 17
block 43 17
block 25 18
block 26 18
block 27 18
block 28 18
block 29 18
block 30 18
block 31 18
block 32 18
block 33 18
block 34 18
block 35 18
block 40 18
block 41 18
block 42 18
block 43 18
block 25 19
block 26 19
block 27 19
block 28 19
block 29 19
block 30 19
block 31 19
block 32 19
block 33 19
block 34 19
block 35 19
block 40 19
block 41 19
block 42 19
block 43 19
block 25 20
block 26 20
block 27 20
block 28 20
block 29 20
block 30 20
block 31 20
block 32 20
block 33 20
block 34 20
block 35 20
block 25 21
block 26 21
block 27 21
block 28 21
block 26 22
block 27 22
block 28 22
block 29 22
block 26 23
block 27 23
block 28 23
block 29 23
block 26 24
block 27 24
block 28 24
block 29 24
block 0 26
block 1 26
block 2 26
block 55 26
block 56 26
block 57 26
##BotsAndCoinsInfo
bot_name 0 starter-bot
bot 0 34 1
bot_coins 0 0
coin 44 3
coin 13 23
round 1
bot 0 34 2
round 2
bot 0 34 3
round 3
bot 0 34 4
round 4
bot 0 34 5
round 5
bot 0 34 6
coin 38 17
coin 19 9
round 6
bot 0 34 7
round 7
bot 0 34 8
round 8
bot 0 34 9
round 9
bot 0 34 10
round 10
bot 0 34 11
coin 44 16
coin 13 10
round 11
bot 0 34 12
round 12
bot 0 34 13
round 13
bot 0 34 14
round 14
bot 0 34 15
round 15
bot 0 33 15
coin 29 21
coin 28 5
round 16
bot 0 32 15
round 17
bot 0 31 15
round 18
bot 0 30 15
round 19
bot 0 29 15
round 20
bot 0 28 15
coin 31 2
coin 25 24
round 21
bot 0 27 15
round 22
bot 0 26 15
round 23
bot 0 25 15
round 24
bot 0 24 15
round 25
bot 0 24 16
coin 26 26
coin 31 0
round 26
bot 0 24 17
round 27
bot 0 24 18
round 28
bot 0 24 19
round 29
bot 0 24 20
round 30
bot 0 24 21
coin 18 9
coin 39 17
round 31
bot 0 24 22
round 32
bot 0 24 23
coin_collected 25 24 0
bot_coins 0 1
round 33
bot 0 25 24
round 34
bot 0 25 25
coin_collected 26 26 0
bot_coins 0 2
round 35
bot 0 25 26
coin 20 5
coin 37 21
round 36
bot 0 24 25
round 37
bot 0 24 24
round 38
bot 0 24 23
round 39
bot 0 24 22
round 40
bot 0 24 21
coin 20 6
coin 37 20
round 41
bot 0 24 20
round 42
bot 0 24 19
round 43
bot 0 24 18
round 44
bot 0 24 17
round 45
bot 0 24 16
coin 7 8
coin 50 18
round 46
bot 0 24 15
round 47
bot 0 24 14
round 48
bot 0 24 13
round 49
bot 0 24 12
round 50
bot 0 24 11
coin 48 4
coin 9 22
round 51
bot 0 24 10
round 52
bot 0 24 9
round 53
bot 0 24 8
round 54
bot 0 24 7
round 55
bot 0 24 6
coin 28 25
coin 30 1
round 56
bot 0 24 5
round 57
bot 0 25 4
round 58
bot 0 26 5
coin_collected 28 5 0
bot_coins 0 3
round 59
bot 0 26 6
round 60
bot 0 26 7
coin 5 0
coin 52 26
round 61
bot 0 26 8
round 62
bot 0 26 9
round 63
bot 0 26 10
round 64
bot 0 26 11
round 65
bot 0 26 12
coin 34 22
coin 23 4
round 66
bot 0 26 13
round 67
bot 0 26 14
round 68
bot 0 26 15
round 69
bot 0 25 15
round 70
bot 0 24 15
coin 9 3
coin 48 23
round 71
bot 0 24 16
round 72
bot 0 24 17
round 73
bot 0 24 18
round 74
bot 0 24 19
round 75
bot 0 24 20
coin 30 21
coin 27 5
round 76
bot 0 24 21
round 77
bot 0 24 22
round 78
bot 0 24 23
round 79
bot 0 24 24
round 80
bot 0 24 25
coin 2 23
coin 55 3
round 81
bot 0 25 24
round 82
bot 0 26 25
coin_collected 28 25 0
bot_coins 0 4
round 83
bot 0 26 26
round 84
bot 0 25 25
round 85
bot 0 25 24
coin 47 14
coin 10 12
round 86
bot 0 25 23
round 87
bot 0 25 22
round 88
bot 0 24 22
round 89
bot 0 25 22
round 90
bot 0 25 23
coin 10 7
coin 47 19
round 91
bot 0 25 24
round 92
round 93
bot 0 25 23
round 94
bot 0 25 22
round 95
bot 0 24 22
coin 51 21
coin 6 5
round 96
bot 0 24 21
round 97
bot 0 25 22
round 98
round 99
bot 0 24 22
round 100
bot 0 24 21
coin 43 22
coin 14 4
round 101
bot 0 24 20
round 102
round 103
bot 0 24 21
round 104
bot 0 24 22
round 105
bot 0 24 23
coin 23 25
coin 34 1
round 106
bot 0 23 23
coin_collected 23 25 0
bot_coins 0 5
round 107
bot 0 23 22
round 108
bot 0 23 21
round 109
bot 0 23 20
round 110
bot 0 23 19
coin 11 24
coin 46 2
round 111
bot 0 23 18
round 112
bot 0 23 17
round 113
bot 0 23 16
round 114
bot 0 23 15
round 115
bot 0 23 14
coin 21 20
coin 36 6
round 116
bot 0 23 13
round 117
bot 0 23 12
round 118
bot 0 23 11
round 119
bot 0 23 10
round 120
bot 0 23 9
coin 33 7
coin 24 19
round 121
bot 0 23 8
round 122
bot 0 22 7
round 123
bot 0 23 6
coin_collected 23 4 0
bot_coins 0 6
round 124
bot 0 23 5
round 125
bot 0 24 4
coin 57 14
coin 0 12
round 126
bot 0 25 5
coin_collected 27 5 0
bot_coins 0 7
round 127
bot 0 25 6
round 128
bot 0 25 7
round 129
bot 0 25 8
round 130
bot 0 25 9
coin 10 4
coin 47 22
round 131
bot 0 25 10
round 132
bot 0 25 11
round 133
bot 0 25 12
round 134
bot 0 25 13
round 135
bot 0 25 14
coin 26 7
coin 31 21
round 136
bot 0 25 15
round 137
bot 0 24 15
round 138
bot 0 25 14
round 139
bot 0 25 13
round 140
bot 0 25 12
coin 25 4
coin 32 22
round 141
bot 0 25 11
round 142
bot 0 25 10
round 143
bot 0 26 9
coin_collected 26 7 0
bot_coins 0 8
round 144
bot 0 26 8
round 145
bot 0 26 7
coin 21 18
coin 36 8
round 146
bot 0 25 6
coin_collected 25 4 0
bot_coins 0 9
round 147
bot 0 25 5
round 148
bot 0 25 4
round 149
bot 0 25 3
round 150
bot 0 25 2
coin 55 14
coin 2 12
round 151
bot 0 25 1
round 152
bot 0 25 0
round 153
bot 0 24 1
round 154
bot 0 24 2
round 155
bot 0 24 3
coin 52 13
coin 5 13
round 156
bot 0 24 4
round 157
bot 0 24 5
round 158
bot 0 24 6
round 159
bot 0 23 5
round 160
bot 0 22 6
coin_collected 20 6 0
bot_coins 0 10
coin 18 23
coin 39 3
round 161
bot 0 22 7
round 162
bot 0 22 8
round 163
bot 0 22 9
round 164
bot 0 21 8
round 165
bot 0 20 9
coin_collected 19 9 0
bot_coins 0 11
coin_collected 18 9 0
bot_coins 0 12
coin 10 22
coin 47 4
round 166
bot 0 19 8
round 167
bot 0 20 7
coin_collected 20 5 0
bot_coins 0 13
round 168
bot 0 20 6
round 169
bot 0 20 5
round 170
bot 0 20 4
coin 3 9
coin 54 17
round 171
bot 0 20 3
round 172
bot 0 20 2
round 173
bot 0 20 1
round 174
bot 0 20 0
round 175
bot 0 19 1
coin 44 5
coin 13 21
round 176
bot 0 19 2
round 177
bot 0 19 3
round 178
bot 0 19 4
round 179
bot 0 19 5
round 180
bot 0 19 6
coin 43 7
coin 14 19
round 181
bot 0 19 7
round 182
bot 0 19 8
round 183
bot 0 19 9
round 184
bot 0 19 10
round 185
bot 0 19 11
coin 49 23
coin 8 3
round 186
bot 0 19 12
round 187
bot 0 19 13
round 188
bot 0 19 14
round 189
bot 0 19 15
round 190
bot 0 20 16
coin 46 25
coin 11 1
round 191
bot 0 21 17
coin_collected 21 18 0
bot_coins 0 14
round 192
bot 0 22 18
round 193
bot 0 23 19
coin_collected 24 19 0
bot_coins 0 15
round 194
bot 0 22 20
coin_collected 21 20 0
bot_coins 0 16
round 195
bot 0 22 21
coin 29 6
coin 30 22
round 196
bot 0 22 22
round 197
bot 0 22 23
round 198
bot 0 21 22
round 199
bot 0 20 23
coin_collected 18 23 0
bot_coins 0 17
round 200
bot 0 20 24
coin 2 19
coin 55 7
match_over 0
