match
match_id 1639216773503_nt
match_time 1639216773509
num_bots 1
##MatchConfig
mode FRIENDLY
num_rounds 200
random_seed 42
move_time_limit 1000
coin_spawn_period 5
coin_spawn_volume 2
##MapConfig
map_size 62 38
view_radius 5
mining_radius 2
attack_radius 4
block 7 0
block 8 0
block 9 0
block 44 0
block 45 0
block 46 0
block 47 0
block 48 0
block 44 1
block 45 1
block 46 1
block 47 1
block 44 2
block 45 2
block 46 2
block 47 2
block 27 3
block 28 3
block 29 3
block 30 3
block 44 3
block 45 3
block 46 3
block 47 3
block 14 4
block 15 4
block 16 4
block 17 4
block 18 4
block 19 4
block 27 4
block 28 4
block 29 4
block 30 4
block 58 4
block 59 4
block 60 4
block 14 5
block 15 5
block 16 5
block 17 5
block 18 5
block 19 5
block 20 5
block 21 5
block 22 5
block 23 5
block 24 5
block 25 5
block 26 5
block 27 5
block 28 5
block 29 5
block 30 5
block 34 5
block 35 5
block 36 5
block 37 5
block 38 5
block 58 5
block 59 5
block 60 5
block 9 6
block 10 6
block 14 6
block 15 6
block 16 6
block 17 6
block 18 6
block 19 6
block 20 6
block 21 6
block 22 6
block 23 6
block 24 6
block 25 6
block 26 6
block 27 6
block 28 6
block 29 6
block 30 6
block 34 6
block 35 6
block 36 6
block 37 6
block 38 6
block 45 6
block 46 6
block 47 6
block 48 6
block 49 6
block 50 6
block 58 6
block 59 6
block 60 6
block 9 7
block 10 7
block 20 7
block 21 7
block 22 7
block 23 7
block 24 7
block 25 7
block 26 7
block 27 7
block 28 7
block 29 7
block 30 7
block 31 7
block 32 7
block 33 7
block 34 7
block 35 7
block 36 7
block 37 7
block 38 7
block 45 7
block 46 7
block 47 7
block 48 7
block 49 7
block 50 7
block 58 7
block 59 7
block 60 7
block 9 8
block 10 8
block 20 8
block 21 8
block 22 8
block 23 8
block 24 8
block 25 8
block 26 8
block 27 8
block 28 8
block 29 8
block 30 8
block 31 8
block 32 8
block 33 8
block 34 8
block 35 8
block 36 8
block 37 8
block 38 8
block 45 8
block 46 8
block 47 8
block 48 8
block 49 8
block 50 8
block 58 8
block 59 8
block 60 8
block 9 9
block 10 9
block 20 9
block 21 9
block 22 9
block 23 9
block 24 9
block 25 9
block 26 9
block 27 9
block 28 9
block 29 9
block 30 9
block 31 9
block 32 9
block 33 9
block 34 9
block 35 9
block 36 9
block 37 9
block 38 9
block 45 9
block 46 9
block 47 9
block 48 9
block 49 9
block 50 9
block 58 9
block 59 9
block 60 9
block 12 10
block 13 10
block 14 10
block 15 10
block 16 10
block 17 10
block 20 10
block 21 10
block 22 10
block 23 10
block 24 10
block 25 10
block 26 10
block 30 10
block 31 10
block 32 10
block 33 10
block 34 10
block 35 10
block 45 10
block 46 10
block 47 10
block 48 10
block 49 10
block 50 10
block 12 11
block 13 11
block 14 11
block 15 11
block 16 11
block 17 11
block 30 11
block 31 11
block 32 11
block 33 11
block 34 11
block 35 11
block 45 11
block 46 11
block 47 11
block 48 11
block 49 11
block 50 11
block 12 12
block 13 12
block 14 12
block 15 12
block 16 12
block 17 12
block 30 12
block 31 12
block 32 12
block 33 12
block 34 12
block 35 12
block 14 13
block 15 13
block 16 13
block 30 13
block 31 13
block 32 13
block 33 13
block 34 13
block 35 13
block 14 14
block 15 14
block 16 14
block 55 14
block 56 14
block 57 14
block 58 14
block 14 15
block 15 15
block 16 15
block 37 15
block 38 15
block 39 15
block 40 15
block 55 15
block 56 15
block 57 15
block 58 15
block 14 16
block 15 16
block 16 16
block 37 16
block 38 16
block 39 16
block 40 16
block 55 16
block 56 16
block 57 16
block 58 16
block 14 17
block 15 17
block 16 17
block 51 17
block 52 17
block 53 17
block 54 17
block 55 17
block 56 17
block 14 18
block 15 18
block 16 18
block 19 18
block 20 18
block 21 18
block 22 18
block 23 18
block 51 18
block 52 18
block 53 18
block 54 18
block 55 18
block 56 18
block 4 19
block 5 19
block 19 19
block 20 19
block 21 19
block 22 19
block 23 19
block 51 19
block 52 19
block 53 19
block 54 19
block 55 19
block 56 19
block 4 20
block 5 20
block 19 20
block 20 20
block 21 20
block 22 20
block 23 20
block 29 20
block 30 20
block 31 20
block 32 20
block 33 20
block 34 20
block 51 20
block 52 20
block 53 20
block 54 20
block 55 20
block 56 20
block 29 21
block 30 21
block 31 21
block 32 21
block 33 21
block 34 21
block 51 21
block 52 21
block 53 21
block 54 21
block 55 21
block 56 21
block 29 22
block 30 22
block 31 22
block 32 22
block 33 22
block 34 22
block 37 22
block 38 22
block 39 22
block 51 22
block 52 22
block 53 22
block 54 22
block 55 22
block 56 22
block 21 23
block 22 23
block 27 23
block 28 23
block 29 23
block 30 23
block 31 23
block 32 23
block 33 23
block 34 23
block 37 23
block 38 23
block 39 23
block 51 23
block 52 23
block 53 23
block 54 23
block 55 23
block 56 23
block 21 24
block 22 24
block 27 24
block 28 24
block 29 24
block 30 24
block 31 24
block 55 24
block 56 24
block 21 25
block 22 25
block 21 26
block 22 26
block 21 27
block 22 27
block 7 33
block 8 33
block 9 33
block 7 34
block 8 34
block 9 34
block 29 34
block 30 34
block 31 34
block 32 34
block 33 34
block 34 34
block 35 34
block 7 35
block 8 35
block 9 35
block 29 35
block 30 35
block 31 35
block 32 35
block 33 35
block 34 35
block 35 35
block 7 36
block 8 36
block 9 36
block 29 36
block 30 36
block 31 36
block 32 36
block 33 36
block 34 36
block 35 36
block 44 36
block 45 36
block 46 36
block 47 36
block 7 37
block 8 37
block 9 37
block 44 37
block 45 37
block 46 37
block 47 37
block 48 37
##BotsAndCoinsInfo
bot_name 0 starter-bot
bot 0 47 31
bot_coins 0 0
coin 6 9
coin 55 28
round 1
bot 0 47 32
round 2
bot 0 47 33
round 3
bot 0 47 34
round 4
bot 0 47 35
round 5
coin 33 6
coin 28 31
round 6
round 7
round 8
round 9
round 10
coin 2 15
coin 59 22
round 11
round 12
round 13
round 14
round 15
coin 3 28
coin 57 9
round 16
round 17
round 18
round 19
round 20
coin 23 17
coin 38 20
round 21
round 22
round 23
round 24
round 25
coin 34 14
coin 27 22
round 26
round 27
round 28
round 29
round 30
coin 12 34
coin 49 3
round 31
round 32
round 33
round 34
round 35
coin 58 36
coin 3 1
round 36
round 37
round 38
round 39
round 40
coin 14 36
coin 48 1
round 41
round 42
round 43
round 44
round 45
coin 49 37
coin 12 0
round 46
round 47
round 48
round 49
round 50
coin 13 13
coin 48 24
round 51
round 52
round 53
round 54
round 55
coin 57 7
coin 4 30
round 56
round 57
round 58
round 59
round 60
coin 55 13
coin 6 24
round 61
round 62
round 63
round 64
round 65
coin 6 6
coin 55 31
round 66
round 67
round 68
round 69
round 70
coin 50 22
coin 11 15
round 71
round 72
round 73
round 74
round 75
coin 54 4
coin 6 33
round 76
round 77
round 78
round 79
round 80
coin 22 33
coin 39 4
round 81
round 82
round 83
round 84
round 85
coin 13 37
coin 49 0
round 86
round 87
round 88
round 89
round 90
coin 4 17
coin 57 20
round 91
round 92
round 93
round 94
round 95
match_over 0
coin 25 4
coin 36 33
round 96
