match
match_id 1639473895018_ai
match_time 1639473895022
num_bots 1
##MatchConfig
mode FRIENDLY
num_rounds 200
random_seed 42
move_time_limit 1000
coin_spawn_period 5
coin_spawn_volume 2
##MapConfig
map_size 72 36
view_radius 5
mining_radius 1
attack_radius 4
block 3 0
block 4 0
block 5 0
block 6 0
block 7 0
block 8 0
block 3 1
block 4 1
block 5 1
block 6 1
block 7 1
block 8 1
block 0 2
block 3 2
block 4 2
block 5 2
block 6 2
block 7 2
block 8 2
block 66 2
block 67 2
block 68 2
block 69 2
block 70 2
block 71 2
block 0 3
block 3 3
block 4 3
block 5 3
block 6 3
block 7 3
block 8 3
block 66 3
block 67 3
block 68 3
block 69 3
block 70 3
block 71 3
block 0 4
block 66 4
block 67 4
block 68 4
block 69 4
block 70 4
block 71 4
block 0 5
block 66 5
block 67 5
block 68 5
block 69 5
block 70 5
block 71 5
block 0 6
block 33 6
block 34 6
block 35 6
block 66 6
block 67 6
block 68 6
block 69 6
block 70 6
block 71 6
block 0 7
block 33 7
block 34 7
block 35 7
block 66 7
block 67 7
block 68 7
block 69 7
block 70 7
block 71 7
block 33 8
block 34 8
block 35 8
block 36 8
block 37 8
block 38 8
block 39 8
block 40 8
block 41 8
block 33 9
block 34 9
block 35 9
block 36 9
block 37 9
block 38 9
block 39 9
block 40 9
block 41 9
block 33 10
block 34 10
block 35 10
block 36 10
block 37 10
block 38 10
block 39 10
block 40 10
block 41 10
block 33 11
block 34 11
block 35 11
block 33 12
block 34 12
block 35 12
block 66 19
block 67 19
block 68 19
block 69 19
block 70 19
block 71 19
block 66 20
block 67 20
block 68 20
block 69 20
block 70 20
block 71 20
block 66 21
block 67 21
block 68 21
block 69 21
block 70 21
block 71 21
block 66 22
block 67 22
block 68 22
block 69 22
block 70 22
block 71 22
block 66 23
block 67 23
block 68 23
block 69 23
block 70 23
block 71 23
block 66 24
block 67 24
block 68 24
block 69 24
block 70 24
block 71 24
block 41 26
block 42 26
block 59 26
block 60 26
block 61 26
block 62 26
block 41 27
block 42 27
block 59 27
block 60 27
block 61 27
block 62 27
block 41 28
block 42 28
block 59 28
block 60 28
block 61 28
block 62 28
block 59 29
block 60 29
block 61 29
block 62 29
block 59 30
block 60 30
block 61 30
block 62 30
block 59 31
block 60 31
block 61 31
block 62 31
##BotsAndCoinsInfo
bot_name 0 starter-bot
bot 0 55 15
bot_coins 0 0
coin 26 3
coin 45 32
round 1
bot 0 55 16
round 2
bot 0 55 17
round 3
bot 0 55 18
round 4
bot 0 55 19
round 5
bot 0 55 20
coin 0 8
coin 71 27
round 6
bot 0 55 21
round 7
bot 0 55 22
round 8
bot 0 55 23
round 9
bot 0 55 24
round 10
bot 0 55 25
coin 18 25
coin 53 10
round 11
bot 0 55 26
round 12
bot 0 55 27
round 13
bot 0 55 28
round 14
bot 0 55 29
round 15
bot 0 55 30
coin 41 2
coin 30 33
round 16
bot 0 55 31
round 17
bot 0 55 32
round 18
bot 0 55 33
round 19
bot 0 55 34
round 20
bot 0 55 35
coin 7 29
coin 64 6
round 21
bot 0 54 34
round 22
bot 0 54 33
round 23
bot 0 54 32
round 24
bot 0 54 31
round 25
bot 0 54 30
coin 38 26
coin 32 9
round 26
bot 0 54 29
round 27
bot 0 54 28
round 28
bot 0 54 27
round 29
bot 0 54 26
round 30
bot 0 54 25
coin 60 0
coin 11 35
round 31
bot 0 54 24
round 32
bot 0 54 23
round 33
bot 0 54 22
round 34
bot 0 54 21
round 35
bot 0 54 20
coin 44 32
coin 27 3
round 36
bot 0 54 19
round 37
bot 0 54 18
round 38
bot 0 54 17
round 39
bot 0 54 16
round 40
bot 0 54 15
coin 24 6
coin 47 29
round 41
bot 0 54 14
round 42
bot 0 54 13
round 43
bot 0 54 12
round 44
bot 0 54 11
round 45
bot 0 54 10
coin_collected 53 10 0
bot_coins 0 1
coin 55 17
coin 16 18
round 46
bot 0 54 9
round 47
bot 0 54 8
round 48
bot 0 54 7
round 49
bot 0 54 6
round 50
bot 0 54 5
coin 32 31
coin 39 4
round 51
bot 0 54 4
round 52
bot 0 54 3
round 53
bot 0 54 2
round 54
bot 0 54 1
round 55
bot 0 54 0
coin 26 33
coin 45 2
round 56
bot 0 53 1
round 57
bot 0 53 2
round 58
bot 0 53 3
round 59
bot 0 53 4
round 60
bot 0 53 5
coin 59 9
coin 12 26
round 61
bot 0 53 6
round 62
bot 0 53 7
round 63
bot 0 53 8
round 64
bot 0 53 9
round 65
bot 0 53 10
coin 0 22
coin 71 13
round 66
bot 0 53 11
round 67
bot 0 53 12
round 68
bot 0 53 13
round 69
bot 0 53 14
round 70
bot 0 53 15
coin 19 30
coin 52 5
round 71
bot 0 53 16
round 72
bot 0 53 17
round 73
bot 0 53 18
round 74
bot 0 53 19
round 75
bot 0 53 20
coin 58 12
coin 13 23
round 76
bot 0 53 21
round 77
bot 0 53 22
round 78
bot 0 53 23
round 79
bot 0 53 24
round 80
bot 0 53 25
coin 38 5
coin 33 30
round 81
bot 0 53 26
round 82
bot 0 53 27
round 83
bot 0 53 28
round 84
bot 0 53 29
round 85
bot 0 53 30
coin 65 23
coin 6 12
round 86
bot 0 53 31
round 87
bot 0 53 32
round 88
bot 0 53 33
round 89
bot 0 53 34
round 90
bot 0 53 35
coin 12 25
coin 59 10
round 91
bot 0 52 34
round 92
bot 0 52 33
round 93
bot 0 52 32
round 94
bot 0 52 31
round 95
bot 0 52 30
coin 25 12
coin 46 23
round 96
bot 0 52 29
round 97
bot 0 52 28
round 98
bot 0 52 27
round 99
bot 0 52 26
round 100
bot 0 52 25
coin 59 13
coin 12 22
round 101
bot 0 52 24
round 102
bot 0 52 23
round 103
bot 0 52 22
round 104
bot 0 52 21
round 105
bot 0 52 20
coin 71 25
coin 0 10
round 106
bot 0 52 19
round 107
bot 0 52 18
round 108
bot 0 52 17
round 109
bot 0 52 16
round 110
bot 0 52 15
coin 23 6
coin 48 29
round 111
bot 0 52 14
round 112
bot 0 52 13
round 113
bot 0 52 12
round 114
bot 0 52 11
round 115
bot 0 52 10
coin 31 11
coin 40 24
round 116
bot 0 52 9
round 117
bot 0 52 8
round 118
bot 0 52 7
round 119
bot 0 52 6
coin_collected 52 5 0
bot_coins 0 2
round 120
bot 0 52 5
coin 37 7
coin 34 28
round 121
bot 0 52 4
round 122
bot 0 52 3
round 123
bot 0 52 2
round 124
bot 0 52 1
round 125
bot 0 52 0
coin 49 32
coin 22 3
round 126
bot 0 51 1
round 127
bot 0 51 2
round 128
bot 0 51 3
round 129
bot 0 51 4
round 130
bot 0 51 5
coin 62 4
coin 9 31
round 131
bot 0 51 6
round 132
bot 0 51 7
round 133
bot 0 51 8
round 134
bot 0 51 9
round 135
bot 0 51 10
coin 8 34
coin 63 1
round 136
bot 0 51 11
round 137
bot 0 51 12
round 138
bot 0 51 13
round 139
bot 0 51 14
round 140
bot 0 51 15
coin 1 31
coin 1 4
round 141
bot 0 51 16
round 142
bot 0 51 17
round 143
bot 0 51 18
round 144
bot 0 51 19
round 145
bot 0 51 20
coin 21 27
coin 50 8
round 146
bot 0 51 21
round 147
bot 0 51 22
round 148
bot 0 51 23
round 149
bot 0 51 24
round 150
bot 0 51 25
coin 1 23
coin 70 12
round 151
bot 0 51 26
round 152
bot 0 51 27
round 153
bot 0 51 28
round 154
bot 0 51 29
round 155
bot 0 51 30
coin 56 13
coin 15 22
round 156
bot 0 51 31
round 157
bot 0 51 32
round 158
bot 0 51 33
round 159
bot 0 51 34
round 160
bot 0 51 35
coin 62 14
coin 9 21
round 161
bot 0 50 34
round 162
bot 0 50 33
round 163
bot 0 50 32
coin_collected 49 32 0
bot_coins 0 3
round 164
bot 0 50 31
round 165
bot 0 50 30
coin 14 31
coin 57 4
round 166
bot 0 50 29
round 167
bot 0 50 28
round 168
bot 0 50 27
round 169
bot 0 50 26
round 170
bot 0 50 25
coin 39 27
coin 32 8
round 171
bot 0 50 24
round 172
bot 0 50 23
round 173
bot 0 50 22
round 174
bot 0 50 21
round 175
bot 0 50 20
coin 46 5
coin 25 30
round 176
bot 0 50 19
round 177
bot 0 50 18
round 178
bot 0 50 17
round 179
bot 0 50 16
round 180
bot 0 50 15
coin 13 25
coin 58 10
round 181
bot 0 50 14
round 182
bot 0 50 13
round 183
bot 0 50 12
round 184
bot 0 50 11
round 185
bot 0 50 10
coin 61 5
coin 10 30
round 186
bot 0 50 9
coin_collected 50 8 0
bot_coins 0 4
round 187
bot 0 50 8
round 188
bot 0 50 7
round 189
bot 0 50 6
round 190
bot 0 50 5
coin 50 16
coin 21 19
round 191
bot 0 50 4
round 192
bot 0 50 3
round 193
bot 0 50 2
round 194
bot 0 50 1
round 195
bot 0 50 0
coin 65 33
coin 6 4
round 196
bot 0 49 1
round 197
bot 0 49 2
round 198
bot 0 49 3
round 199
bot 0 49 4
round 200
bot 0 49 5
coin 48 10
coin 23 25
match_over 0
