match
match_id 1639216204742_mt
match_time 1639216204744
num_bots 1
##MatchConfig
mode FRIENDLY
num_rounds 200
random_seed 42
move_time_limit 1000
coin_spawn_period 5
coin_spawn_volume 2
##MapConfig
map_size 68 27
view_radius 5
mining_radius 1
attack_radius 3
block 24 0
block 25 0
block 26 0
block 27 0
block 28 0
block 29 0
block 47 0
block 48 0
block 49 0
block 50 0
block 0 1
block 1 1
block 24 1
block 25 1
block 26 1
block 27 1
block 28 1
block 29 1
block 30 1
block 31 1
block 32 1
block 33 1
block 47 1
block 48 1
block 49 1
block 50 1
block 63 1
block 64 1
block 65 1
block 66 1
block 67 1
block 0 2
block 1 2
block 2 2
block 3 2
block 4 2
block 14 2
block 15 2
block 16 2
block 17 2
block 18 2
block 19 2
block 24 2
block 25 2
block 26 2
block 27 2
block 28 2
block 29 2
block 30 2
block 31 2
block 32 2
block 33 2
block 63 2
block 64 2
block 65 2
block 66 2
block 67 2
block 0 3
block 1 3
block 2 3
block 3 3
block 4 3
block 14 3
block 15 3
block 16 3
block 17 3
block 18 3
block 19 3
block 24 3
block 25 3
block 26 3
block 27 3
block 28 3
block 29 3
block 30 3
block 31 3
block 32 3
block 33 3
block 63 3
block 64 3
block 65 3
block 66 3
block 67 3
block 0 4
block 1 4
block 2 4
block 3 4
block 4 4
block 14 4
block 15 4
block 16 4
block 17 4
block 18 4
block 19 4
block 28 4
block 29 4
block 30 4
block 31 4
block 32 4
block 33 4
block 63 4
block 64 4
block 65 4
block 66 4
block 67 4
block 0 5
block 1 5
block 2 5
block 3 5
block 4 5
block 28 5
block 29 5
block 30 5
block 31 5
block 32 5
block 33 5
block 63 5
block 64 5
block 65 5
block 66 5
block 67 5
block 0 6
block 1 6
block 2 6
block 3 6
block 4 6
block 63 6
block 64 6
block 65 6
block 66 6
block 67 6
block 0 7
block 1 7
block 2 7
block 3 7
block 4 7
block 43 8
block 44 8
block 45 8
block 46 8
block 47 8
block 48 8
block 43 9
block 44 9
block 45 9
block 46 9
block 47 9
block 48 9
block 43 10
block 44 10
block 45 10
block 46 10
block 47 10
block 48 10
block 43 11
block 44 11
block 45 11
block 46 11
block 47 11
block 48 11
block 43 12
block 44 12
block 45 12
block 46 12
block 47 12
block 48 12
block 0 13
block 1 13
block 2 13
block 3 13
block 4 13
block 5 13
block 6 13
block 43 13
block 44 13
block 45 13
block 46 13
block 47 13
block 48 13
block 60 13
block 61 13
block 62 13
block 63 13
block 64 13
block 65 13
block 66 13
block 0 14
block 1 14
block 2 14
block 3 14
block 4 14
block 5 14
block 6 14
block 44 14
block 45 14
block 46 14
block 47 14
block 48 14
block 60 14
block 61 14
block 62 14
block 63 14
block 64 14
block 65 14
block 66 14
block 0 15
block 1 15
block 2 15
block 3 15
block 4 15
block 5 15
block 6 15
block 44 15
block 45 15
block 46 15
block 47 15
block 48 15
block 60 15
block 61 15
block 62 15
block 63 15
block 64 15
block 65 15
block 66 15
block 44 16
block 45 16
block 46 16
block 47 16
block 48 16
block 60 16
block 61 16
block 62 16
block 63 16
block 64 16
block 65 16
block 66 16
block 44 17
block 45 17
block 46 17
block 47 17
block 48 17
block 60 17
block 61 17
block 62 17
block 63 17
block 64 17
block 65 17
block 66 17
block 7 18
block 8 18
block 9 18
block 10 18
block 11 18
block 12 18
block 13 18
block 14 18
block 15 18
block 42 18
block 43 18
block 7 19
block 8 19
block 9 19
block 10 19
block 11 19
block 12 19
block 13 19
block 14 19
block 15 19
block 36 19
block 37 19
block 42 19
block 43 19
block 60 19
block 61 19
block 62 19
block 63 19
block 7 20
block 8 20
block 9 20
block 10 20
block 11 20
block 12 20
block 13 20
block 14 20
block 15 20
block 36 20
block 37 20
block 42 20
block 43 20
block 44 20
block 45 20
block 46 20
block 47 20
block 60 20
block 61 20
block 62 20
block 63 20
block 14 21
block 15 21
block 42 21
block 43 21
block 44 21
block 45 21
block 46 21
block 47 21
block 14 22
block 15 22
block 42 22
block 43 22
block 44 22
block 45 22
block 46 22
block 47 22
block 42 23
block 43 23
block 44 23
block 45 23
block 46 23
block 47 23
block 42 24
block 43 24
block 44 24
block 45 24
block 46 24
block 47 24
block 48 24
block 49 24
block 50 24
block 43 25
block 44 25
block 45 25
block 46 25
block 47 25
block 48 25
block 49 25
block 50 25
block 43 26
block 44 26
block 45 26
block 46 26
block 47 26
block 48 26
block 49 26
block 50 26
##BotsAndCoinsInfo
bot_name 0 starter-bot
bot 0 39 18
bot_coins 0 0
coin 26 4
coin 41 22
round 1
bot 0 39 19
round 2
bot 0 39 20
round 3
bot 0 39 21
round 4
bot 0 39 22
round 5
bot 0 39 23
coin 0 17
coin 67 9
round 6
bot 0 39 24
round 7
bot 0 39 25
round 8
bot 0 39 26
round 9
bot 0 38 25
round 10
bot 0 38 24
coin 26 16
coin 41 10
round 11
bot 0 38 23
round 12
bot 0 38 22
round 13
bot 0 38 21
round 14
bot 0 38 20
round 15
bot 0 38 19
coin 17 20
coin 50 6
round 16
bot 0 38 18
round 17
bot 0 38 17
round 18
bot 0 38 16
round 19
bot 0 38 15
round 20
bot 0 38 14
coin 35 2
coin 32 24
round 21
bot 0 38 13
round 22
bot 0 38 12
round 23
bot 0 38 11
round 24
bot 0 38 10
round 25
bot 0 38 9
coin 14 26
coin 53 0
round 26
bot 0 38 8
round 27
bot 0 38 7
round 28
bot 0 38 6
round 29
bot 0 38 5
round 30
bot 0 38 4
coin 8 9
coin 59 17
round 31
bot 0 38 3
round 32
bot 0 38 2
round 33
bot 0 38 1
round 34
bot 0 38 0
round 35
bot 0 37 1
coin 8 5
coin 59 21
round 36
bot 0 37 2
round 37
bot 0 37 3
round 38
bot 0 37 4
round 39
bot 0 37 5
round 40
bot 0 37 6
coin 20 6
coin 48 20
round 41
bot 0 37 7
round 42
bot 0 37 8
round 43
bot 0 37 9
round 44
bot 0 37 10
round 45
bot 0 37 11
coin 23 8
coin 44 18
round 46
bot 0 37 12
round 47
bot 0 37 13
round 48
bot 0 37 14
round 49
bot 0 37 15
round 50
bot 0 37 16
coin 52 4
coin 16 22
round 51
bot 0 37 17
round 52
bot 0 37 18
round 53
round 54
round 55
coin 6 24
coin 61 2
round 56
round 57
round 58
round 59
round 60
coin 19 0
coin 46 0
round 61
round 62
round 63
round 64
round 65
coin 58 22
coin 9 4
round 66
round 67
round 68
round 69
round 70
coin 20 3
coin 48 23
round 71
round 72
round 73
round 74
round 75
coin 62 21
coin 5 5
round 76
round 77
round 78
round 79
round 80
coin 38 23
coin 27 4
round 81
round 82
round 83
round 84
round 85
coin 41 14
coin 26 12
round 86
round 87
round 88
round 89
round 90
coin 8 7
coin 59 19
round 91
round 92
round 93
round 94
round 95
coin 1 21
coin 66 7
round 96
round 97
round 98
round 99
round 100
coin 23 22
coin 44 4
round 101
round 102
round 103
round 104
round 105
coin 63 25
coin 4 1
round 106
round 107
round 108
round 109
round 110
coin 31 24
coin 36 2
round 111
round 112
round 113
round 114
round 115
coin 11 21
coin 56 5
round 116
round 117
round 118
round 119
round 120
coin 13 7
coin 54 19
round 121
round 122
round 123
round 124
round 125
coin 5 16
coin 62 10
round 126
round 127
round 128
round 129
round 130
coin 22 4
coin 45 19
round 131
round 132
round 133
round 134
round 135
coin 40 7
coin 27 19
round 136
round 137
round 138
round 139
round 140
coin 17 5
coin 50 21
round 141
round 142
round 143
round 144
round 145
coin 25 18
coin 42 8
round 146
round 147
round 148
round 149
round 150
coin 29 14
coin 38 12
round 151
round 152
round 153
round 154
round 155
coin 20 13
coin 49 13
round 156
round 157
round 158
round 159
round 160
coin 38 22
coin 29 6
round 161
round 162
round 163
round 164
round 165
coin 54 22
coin 13 4
round 166
round 167
round 168
round 169
round 170
coin 51 9
coin 16 17
round 171
round 172
round 173
round 174
round 175
coin 65 7
coin 2 19
round 176
round 177
round 178
round 179
round 180
coin 12 7
coin 55 19
round 181
round 182
round 183
round 184
round 185
coin 5 23
coin 62 3
round 186
round 187
round 188
round 189
round 190
coin 30 25
coin 37 1
round 191
round 192
round 193
round 194
round 195
coin 21 6
coin 46 19
round 196
round 197
round 198
round 199
round 200
coin 24 19
coin 43 7
match_over 0
