match
match_id 1639402435674_be
match_time 1639402435677
num_bots 1
##MatchConfig
mode FRIENDLY
num_rounds 200
random_seed 42
move_time_limit 1000
coin_spawn_period 5
coin_spawn_volume 2
##MapConfig
map_size 65 20
view_radius 5
mining_radius 1
attack_radius 4
block 6 0
block 7 0
block 8 0
block 9 0
block 10 0
block 5 1
block 6 1
block 7 1
block 8 1
block 9 1
block 10 1
block 5 2
block 6 2
block 7 2
block 8 2
block 9 2
block 10 2
block 5 3
block 6 3
block 7 3
block 8 3
block 9 3
block 10 3
block 5 4
block 6 4
block 7 4
block 8 4
block 9 4
block 10 4
block 4 5
block 5 5
block 6 5
block 7 5
block 8 5
block 9 5
block 10 5
block 24 5
block 25 5
block 26 5
block 27 5
block 28 5
block 29 5
block 30 5
block 4 6
block 5 6
block 6 6
block 7 6
block 8 6
block 9 6
block 10 6
block 24 6
block 25 6
block 26 6
block 27 6
block 28 6
block 29 6
block 30 6
block 62 6
block 63 6
block 64 6
block 4 7
block 5 7
block 6 7
block 7 7
block 8 7
block 9 7
block 10 7
block 24 7
block 25 7
block 26 7
block 27 7
block 28 7
block 29 7
block 30 7
block 31 7
block 32 7
block 33 7
block 62 7
block 63 7
block 64 7
block 4 8
block 5 8
block 6 8
block 30 8
block 31 8
block 32 8
block 33 8
block 62 8
block 63 8
block 64 8
block 4 9
block 5 9
block 6 9
block 30 9
block 31 9
block 32 9
block 33 9
block 62 9
block 63 9
block 64 9
block 61 10
block 62 10
block 63 10
block 64 10
block 61 11
block 62 11
block 63 11
block 64 11
block 61 12
block 62 12
block 63 12
block 64 12
block 61 13
block 62 13
block 61 14
block 62 14
block 61 15
block 62 15
block 6 16
block 7 16
block 8 16
block 9 16
block 10 16
block 6 17
block 7 17
block 8 17
block 9 17
block 10 17
block 34 17
block 35 17
block 36 17
block 37 17
block 38 17
block 39 17
block 6 18
block 7 18
block 8 18
block 9 18
block 10 18
block 34 18
block 35 18
block 36 18
block 37 18
block 38 18
block 39 18
block 6 19
block 7 19
block 8 19
block 9 19
block 10 19
##BotsAndCoinsInfo
bot_name 0 starter-bot
bot 0 10 8
bot_coins 0 0
coin 0 3
coin 64 16
round 1
bot 0 10 9
round 2
bot 0 10 10
round 3
bot 0 10 11
round 4
bot 0 10 12
round 5
bot 0 10 13
coin 48 4
coin 16 15
round 6
bot 0 10 14
round 7
bot 0 10 15
round 8
bot 0 9 15
round 9
bot 0 8 15
round 10
bot 0 7 15
coin 0 5
coin 64 14
round 11
bot 0 6 15
round 12
bot 0 5 15
round 13
bot 0 5 16
round 14
bot 0 5 17
round 15
bot 0 5 18
coin 0 18
coin 64 1
round 16
bot 0 5 19
round 17
bot 0 4 18
round 18
bot 0 3 17
round 19
bot 0 2 18
round 20
bot 0 1 17
coin 29 13
coin 35 6
round 21
bot 0 0 18
coin_collected 0 18 0
bot_coins 0 1
round 22
bot 0 0 17
round 23
bot 0 1 16
round 24
bot 0 2 15
round 25
bot 0 3 14
coin 52 2
coin 12 17
round 26
bot 0 4 13
round 27
bot 0 4 12
round 28
bot 0 4 11
round 29
bot 0 4 10
round 30
bot 0 3 10
coin 21 12
coin 43 7
round 31
bot 0 3 9
round 32
bot 0 3 8
round 33
bot 0 2 7
round 34
bot 0 1 6
round 35
bot 0 0 5
coin_collected 0 5 0
bot_coins 0 2
coin 46 12
coin 18 7
round 36
bot 0 0 4
coin_collected 0 3 0
bot_coins 0 3
round 37
bot 0 1 3
round 38
bot 0 2 2
round 39
bot 0 3 1
round 40
bot 0 4 0
coin 60 10
coin 4 10
round 41
bot 0 3 1
round 42
bot 0 4 0
round 43
bot 0 3 19
round 44
bot 0 4 18
round 45
bot 0 3 19
coin 61 9
coin 3 10
round 46
bot 0 4 18
round 47
bot 0 3 17
round 48
bot 0 3 16
round 49
bot 0 4 15
round 50
bot 0 4 14
coin 40 3
coin 24 16
round 51
bot 0 4 13
round 52
bot 0 3 12
round 53
bot 0 2 11
round 54
bot 0 3 10
coin_collected 4 10 0
bot_coins 0 4
coin_collected 3 10 0
bot_coins 0 5
round 55
bot 0 3 9
coin 26 13
coin 38 6
round 56
bot 0 3 8
round 57
bot 0 3 7
round 58
bot 0 3 6
round 59
bot 0 3 5
round 60
bot 0 3 4
coin 38 1
coin 26 18
round 61
bot 0 3 3
round 62
bot 0 4 2
round 63
bot 0 4 1
round 64
bot 0 4 0
round 65
bot 0 3 1
coin 25 18
coin 39 1
round 66
bot 0 4 0
round 67
bot 0 3 19
round 68
bot 0 4 18
round 69
bot 0 3 19
round 70
bot 0 4 18
coin 32 6
coin 32 13
round 71
bot 0 3 17
round 72
bot 0 3 16
round 73
bot 0 4 15
round 74
bot 0 4 14
round 75
bot 0 4 13
coin 25 16
coin 39 3
round 76
bot 0 4 12
round 77
bot 0 4 11
round 78
bot 0 4 10
round 79
bot 0 3 10
round 80
bot 0 3 9
coin 4 4
coin 60 15
round 81
bot 0 3 8
round 82
round 83
round 84
round 85
coin 7 8
coin 57 11
round 86
round 87
round 88
round 89
round 90
coin 33 13
coin 31 6
round 91
round 92
round 93
round 94
round 95
coin 28 4
coin 36 15
round 96
round 97
round 98
round 99
round 100
coin 44 5
coin 20 14
round 101
round 102
round 103
round 104
round 105
coin 8 15
coin 56 4
round 106
round 107
round 108
round 109
round 110
coin 15 14
coin 49 5
round 111
round 112
round 113
round 114
round 115
coin 42 15
coin 22 4
round 116
round 117
round 118
round 119
round 120
coin 27 3
coin 37 16
round 121
round 122
round 123
round 124
round 125
coin 48 0
coin 16 19
round 126
round 127
round 128
round 129
round 130
coin 3 16
coin 61 3
round 131
round 132
round 133
round 134
round 135
coin 40 10
coin 24 9
round 136
round 137
round 138
round 139
round 140
coin 38 19
coin 26 0
round 141
round 142
round 143
round 144
round 145
coin 36 3
coin 28 16
round 146
round 147
round 148
round 149
round 150
coin 32 19
coin 32 0
round 151
round 152
round 153
round 154
round 155
coin 32 1
coin 32 18
round 156
round 157
round 158
round 159
round 160
coin 24 14
coin 40 5
round 161
round 162
round 163
round 164
round 165
coin 33 19
coin 31 0
round 166
round 167
round 168
round 169
round 170
coin 35 19
coin 29 0
round 171
round 172
round 173
round 174
round 175
coin 45 1
coin 19 18
round 176
round 177
round 178
round 179
round 180
coin 13 9
coin 51 10
round 181
round 182
round 183
round 184
round 185
coin 13 13
coin 51 6
round 186
round 187
round 188
round 189
round 190
coin 16 0
coin 48 19
round 191
round 192
round 193
round 194
round 195
coin 55 13
coin 11 6
round 196
round 197
round 198
round 199
round 200
coin 40 14
coin 24 4
match_over 0
