match
match_id 1639176883175_hg
match_time 1639176883178
num_bots 1
##MatchConfig
mode FRIENDLY
num_rounds 200
random_seed 42
move_time_limit 1000
coin_spawn_period 5
coin_spawn_volume 2
##MapConfig
map_size 75 39
view_radius 6
mining_radius 2
attack_radius 4
block 61 0
block 62 0
block 27 1
block 28 1
block 29 1
block 30 1
block 31 1
block 32 1
block 33 1
block 27 2
block 28 2
block 29 2
block 30 2
block 31 2
block 32 2
block 33 2
block 27 3
block 28 3
block 29 3
block 30 3
block 31 3
block 32 3
block 33 3
block 14 5
block 15 5
block 16 5
block 17 5
block 18 5
block 14 6
block 15 6
block 16 6
block 17 6
block 18 6
block 49 6
block 50 6
block 51 6
block 52 6
block 53 6
block 54 6
block 55 6
block 14 7
block 15 7
block 16 7
block 17 7
block 18 7
block 27 7
block 28 7
block 49 7
block 50 7
block 51 7
block 52 7
block 53 7
block 54 7
block 55 7
block 14 8
block 15 8
block 16 8
block 17 8
block 18 8
block 27 8
block 28 8
block 49 8
block 50 8
block 51 8
block 52 8
block 53 8
block 54 8
block 55 8
block 56 8
block 57 8
block 58 8
block 59 8
block 14 9
block 15 9
block 16 9
block 17 9
block 18 9
block 47 9
block 48 9
block 49 9
block 50 9
block 51 9
block 52 9
block 53 9
block 54 9
block 55 9
block 56 9
block 57 9
block 58 9
block 59 9
block 64 9
block 65 9
block 66 9
block 67 9
block 14 10
block 15 10
block 16 10
block 17 10
block 18 10
block 47 10
block 48 10
block 49 10
block 50 10
block 51 10
block 52 10
block 53 10
block 54 10
block 55 10
block 56 10
block 57 10
block 58 10
block 59 10
block 64 10
block 65 10
block 66 10
block 67 10
block 47 11
block 48 11
block 49 11
block 50 11
block 51 11
block 52 11
block 53 11
block 54 11
block 55 11
block 56 11
block 57 11
block 58 11
block 59 11
block 64 11
block 65 11
block 66 11
block 67 11
block 49 12
block 50 12
block 51 12
block 52 12
block 53 12
block 54 12
block 55 12
block 56 12
block 57 12
block 58 12
block 59 12
block 64 12
block 65 12
block 66 12
block 67 12
block 55 13
block 56 13
block 57 13
block 58 13
block 59 13
block 64 13
block 65 13
block 66 13
block 67 13
block 55 14
block 56 14
block 57 14
block 58 14
block 59 14
block 64 14
block 65 14
block 66 14
block 67 14
block 64 15
block 65 15
block 66 15
block 67 15
block 70 15
block 71 15
block 70 16
block 71 16
block 70 17
block 71 17
block 4 18
block 5 18
block 6 18
block 7 18
block 11 18
block 12 18
block 70 18
block 71 18
block 4 19
block 5 19
block 6 19
block 7 19
block 11 19
block 12 19
block 29 19
block 30 19
block 70 19
block 71 19
block 4 20
block 5 20
block 6 20
block 7 20
block 11 20
block 12 20
block 29 20
block 30 20
block 70 20
block 71 20
block 0 21
block 4 21
block 5 21
block 6 21
block 7 21
block 11 21
block 12 21
block 29 21
block 30 21
block 70 21
block 71 21
block 73 21
block 74 21
block 0 22
block 29 22
block 30 22
block 35 22
block 36 22
block 37 22
block 38 22
block 39 22
block 40 22
block 53 22
block 54 22
block 73 22
block 74 22
block 0 23
block 29 23
block 30 23
block 35 23
block 36 23
block 37 23
block 38 23
block 39 23
block 40 23
block 53 23
block 54 23
block 73 23
block 74 23
block 0 24
block 35 24
block 36 24
block 37 24
block 38 24
block 39 24
block 40 24
block 53 24
block 54 24
block 67 24
block 68 24
block 69 24
block 70 24
block 73 24
block 74 24
block 0 25
block 35 25
block 36 25
block 37 25
block 38 25
block 39 25
block 40 25
block 53 25
block 54 25
block 67 25
block 68 25
block 69 25
block 70 25
block 73 25
block 74 25
block 0 26
block 35 26
block 36 26
block 37 26
block 38 26
block 39 26
block 40 26
block 53 26
block 54 26
block 67 26
block 68 26
block 69 26
block 70 26
block 73 26
block 74 26
block 35 27
block 36 27
block 37 27
block 38 27
block 39 27
block 40 27
block 53 27
block 54 27
block 67 27
block 68 27
block 69 27
block 70 27
block 2 28
block 3 28
block 4 28
block 5 28
block 6 28
block 7 28
block 8 28
block 35 28
block 36 28
block 37 28
block 38 28
block 39 28
block 40 28
block 67 28
block 68 28
block 69 28
block 70 28
block 2 29
block 3 29
block 4 29
block 5 29
block 6 29
block 7 29
block 8 29
block 67 29
block 68 29
block 69 29
block 70 29
block 32 30
block 33 30
block 34 30
block 35 30
block 36 30
block 32 31
block 33 31
block 34 31
block 35 31
block 36 31
block 32 32
block 33 32
block 34 32
block 35 32
block 36 32
block 32 33
block 33 33
block 34 33
block 35 33
block 36 33
block 61 35
block 62 35
block 61 36
block 62 36
block 61 37
block 62 37
block 61 38
block 62 38
##BotsAndCoinsInfo
bot_name 0 starter-bot
bot 0 49 24
bot_coins 0 0
coin 5 33
coin 69 5
round 1
bot 0 49 25
round 2
bot 0 49 26
round 3
bot 0 49 27
round 4
bot 0 49 28
round 5
bot 0 49 29
coin 48 38
coin 26 0
round 6
bot 0 49 30
round 7
bot 0 49 31
round 8
bot 0 49 32
round 9
round 10
coin 45 4
coin 29 34
round 11
match_over 0
round 12
