match
match_id 1639146723298_al
match_time 1639146723305
num_bots 1
##MatchConfig
mode FRIENDLY
num_rounds 200
random_seed 42
move_time_limit 1000
coin_spawn_period 5
coin_spawn_volume 2
##MapConfig
map_size 77 33
view_radius 5
mining_radius 2
attack_radius 3
block 31 0
block 32 0
block 33 0
block 34 0
block 35 0
block 36 0
block 37 0
block 56 0
block 57 0
block 58 0
block 59 0
block 60 0
block 61 0
block 4 1
block 5 1
block 6 1
block 7 1
block 8 1
block 9 1
block 10 1
block 15 1
block 16 1
block 17 1
block 31 1
block 32 1
block 33 1
block 34 1
block 35 1
block 36 1
block 37 1
block 60 1
block 61 1
block 4 2
block 5 2
block 6 2
block 7 2
block 8 2
block 9 2
block 10 2
block 15 2
block 16 2
block 17 2
block 34 2
block 35 2
block 36 2
block 37 2
block 60 2
block 61 2
block 4 3
block 5 3
block 6 3
block 7 3
block 8 3
block 9 3
block 10 3
block 30 3
block 31 3
block 32 3
block 34 3
block 35 3
block 36 3
block 37 3
block 60 3
block 61 3
block 4 4
block 5 4
block 6 4
block 7 4
block 8 4
block 9 4
block 10 4
block 30 4
block 31 4
block 32 4
block 34 4
block 35 4
block 36 4
block 37 4
block 4 5
block 5 5
block 6 5
block 7 5
block 8 5
block 9 5
block 10 5
block 30 5
block 31 5
block 32 5
block 34 5
block 35 5
block 36 5
block 37 5
block 4 6
block 5 6
block 6 6
block 7 6
block 8 6
block 9 6
block 10 6
block 30 6
block 31 6
block 32 6
block 10 7
block 11 7
block 12 7
block 13 7
block 30 7
block 31 7
block 32 7
block 10 8
block 11 8
block 12 8
block 13 8
block 68 8
block 69 8
block 70 8
block 7 9
block 8 9
block 9 9
block 10 9
block 11 9
block 12 9
block 13 9
block 22 9
block 23 9
block 68 9
block 69 9
block 70 9
block 7 10
block 8 10
block 9 10
block 10 10
block 11 10
block 12 10
block 13 10
block 22 10
block 23 10
block 62 10
block 63 10
block 64 10
block 65 10
block 66 10
block 67 10
block 68 10
block 69 10
block 70 10
block 7 11
block 8 11
block 9 11
block 10 11
block 11 11
block 12 11
block 13 11
block 22 11
block 23 11
block 62 11
block 63 11
block 64 11
block 65 11
block 66 11
block 67 11
block 68 11
block 69 11
block 70 11
block 3 12
block 4 12
block 5 12
block 6 12
block 7 12
block 8 12
block 9 12
block 10 12
block 11 12
block 12 12
block 13 12
block 22 12
block 23 12
block 62 12
block 63 12
block 64 12
block 65 12
block 66 12
block 67 12
block 68 12
block 69 12
block 70 12
block 3 13
block 4 13
block 5 13
block 6 13
block 7 13
block 8 13
block 9 13
block 10 13
block 11 13
block 12 13
block 22 13
block 23 13
block 62 13
block 63 13
block 64 13
block 65 13
block 66 13
block 67 13
block 68 13
block 69 13
block 70 13
block 3 14
block 4 14
block 5 14
block 6 14
block 7 14
block 8 14
block 9 14
block 10 14
block 11 14
block 12 14
block 22 14
block 23 14
block 3 15
block 4 15
block 5 15
block 6 15
block 7 15
block 8 15
block 9 15
block 22 15
block 23 15
block 3 16
block 4 16
block 5 16
block 6 16
block 7 16
block 8 16
block 9 16
block 3 17
block 4 17
block 5 17
block 6 17
block 7 17
block 8 17
block 9 17
block 0 18
block 1 18
block 3 18
block 4 18
block 5 18
block 6 18
block 7 18
block 8 18
block 9 18
block 19 18
block 20 18
block 21 18
block 22 18
block 0 19
block 1 19
block 19 19
block 20 19
block 21 19
block 22 19
block 23 19
block 24 19
block 25 19
block 26 19
block 27 19
block 0 20
block 1 20
block 19 20
block 20 20
block 21 20
block 22 20
block 23 20
block 24 20
block 25 20
block 26 20
block 27 20
block 0 21
block 1 21
block 19 21
block 20 21
block 21 21
block 22 21
block 23 21
block 24 21
block 25 21
block 26 21
block 27 21
block 0 22
block 1 22
block 7 22
block 8 22
block 9 22
block 10 22
block 11 22
block 12 22
block 13 22
block 19 22
block 20 22
block 21 22
block 22 22
block 27 22
block 28 22
block 29 22
block 30 22
block 31 22
block 73 22
block 74 22
block 75 22
block 76 22
block 0 23
block 1 23
block 7 23
block 8 23
block 9 23
block 10 23
block 11 23
block 12 23
block 13 23
block 24 23
block 25 23
block 27 23
block 28 23
block 29 23
block 30 23
block 31 23
block 41 23
block 42 23
block 43 23
block 73 23
block 74 23
block 75 23
block 76 23
block 0 24
block 1 24
block 7 24
block 8 24
block 9 24
block 10 24
block 11 24
block 12 24
block 13 24
block 24 24
block 25 24
block 27 24
block 28 24
block 29 24
block 30 24
block 31 24
block 41 24
block 42 24
block 43 24
block 73 24
block 74 24
block 75 24
block 76 24
block 0 25
block 1 25
block 24 25
block 25 25
block 27 25
block 28 25
block 29 25
block 30 25
block 31 25
block 41 25
block 42 25
block 43 25
block 73 25
block 74 25
block 75 25
block 76 25
block 0 26
block 1 26
block 24 26
block 25 26
block 27 26
block 28 26
block 29 26
block 30 26
block 31 26
block 73 26
block 74 26
block 75 26
block 76 26
block 0 27
block 1 27
block 24 27
block 25 27
block 27 27
block 28 27
block 29 27
block 30 27
block 31 27
block 44 27
block 45 27
block 46 27
block 47 27
block 48 27
block 73 27
block 74 27
block 75 27
block 76 27
block 0 28
block 1 28
block 24 28
block 25 28
block 31 28
block 32 28
block 33 28
block 34 28
block 35 28
block 36 28
block 37 28
block 44 28
block 45 28
block 46 28
block 47 28
block 48 28
block 56 28
block 57 28
block 58 28
block 59 28
block 73 28
block 74 28
block 75 28
block 76 28
block 0 29
block 1 29
block 31 29
block 32 29
block 33 29
block 34 29
block 35 29
block 36 29
block 37 29
block 44 29
block 45 29
block 46 29
block 47 29
block 48 29
block 49 29
block 56 29
block 57 29
block 58 29
block 59 29
block 76 29
block 0 30
block 1 30
block 31 30
block 32 30
block 33 30
block 34 30
block 35 30
block 36 30
block 37 30
block 44 30
block 45 30
block 46 30
block 47 30
block 48 30
block 49 30
block 56 30
block 57 30
block 58 30
block 59 30
block 76 30
block 0 31
block 1 31
block 31 31
block 32 31
block 33 31
block 34 31
block 35 31
block 36 31
block 37 31
block 48 31
block 49 31
block 56 31
block 57 31
block 58 31
block 59 31
block 60 31
block 61 31
block 76 31
block 31 32
block 32 32
block 33 32
block 34 32
block 35 32
block 36 32
block 37 32
block 56 32
block 57 32
block 58 32
block 59 32
block 60 32
block 61 32
##BotsAndCoinsInfo
bot_name 0 starter-bot
bot 0 35 10
bot_coins 0 0
coin 29 15
coin 47 17
round 1
bot 0 36 11
round 2
bot 0 37 12
round 3
bot 0 38 13
round 4
bot 0 39 14
round 5
bot 0 40 15
coin 41 5
coin 35 27
round 6
bot 0 41 16
round 7
bot 0 42 17
round 8
round 9
round 10
coin 47 19
coin 29 13
round 11
round 12
round 13
round 14
round 15
coin 1 2
coin 75 30
round 16
bot 0 41 18
round 17
bot 0 40 19
round 18
bot 0 39 20
round 19
bot 0 38 21
round 20
bot 0 37 22
coin 76 17
coin 0 15
round 21
bot 0 36 23
round 22
bot 0 35 24
round 23
bot 0 34 25
round 24
bot 0 33 26
round 25
bot 0 32 27
coin 66 29
coin 11 3
round 26
round 27
round 28
round 29
round 30
coin 33 2
coin 43 30
round 31
round 32
bot 0 33 26
round 33
bot 0 34 25
round 34
bot 0 35 24
round 35
bot 0 36 23
coin 57 11
coin 18 21
round 36
bot 0 37 22
round 37
bot 0 38 21
round 38
bot 0 37 20
round 39
bot 0 36 19
round 40
bot 0 35 18
coin 71 9
coin 5 23
round 41
bot 0 34 17
round 42
bot 0 33 16
round 43
bot 0 32 15
round 44
bot 0 31 14
round 45
bot 0 30 13
coin_collected 29 13 0
bot_coins 0 1
coin 76 20
coin 0 12
round 46
bot 0 30 12
round 47
bot 0 30 11
round 48
bot 0 30 10
round 49
bot 0 30 9
round 50
bot 0 30 8
coin 54 4
coin 22 28
round 51
round 52
round 53
round 54
round 55
coin 36 9
coin 40 23
round 56
round 57
round 58
round 59
round 60
coin 55 30
coin 21 2
round 61
round 62
round 63
round 64
round 65
coin 21 28
coin 55 4
round 66
round 67
round 68
round 69
round 70
coin 4 19
coin 72 13
round 71
round 72
round 73
round 74
round 75
bot 0 29 7
coin 33 15
coin 43 17
round 76
bot 0 28 6
round 77
bot 0 27 5
round 78
bot 0 26 4
round 79
bot 0 25 3
round 80
bot 0 24 2
coin 23 2
coin 53 30
round 81
bot 0 23 1
coin_collected 23 2 0
bot_coins 0 2
round 82
bot 0 22 0
round 83
bot 0 23 32
round 84
bot 0 24 31
round 85
bot 0 25 30
coin 10 15
coin 66 17
round 86
bot 0 26 29
round 87
bot 0 27 28
round 88
round 89
round 90
coin 54 22
coin 21 10
round 91
bot 0 26 27
round 92
round 93
round 94
round 95
coin 21 15
coin 55 17
round 96
round 97
round 98
round 99
round 100
coin 13 25
coin 63 7
round 101
round 102
round 103
round 104
round 105
coin 56 13
coin 20 17
round 106
round 107
round 108
round 109
round 110
coin 11 6
coin 65 26
round 111
round 112
round 113
round 114
round 115
coin 33 5
coin 43 27
round 116
round 117
round 118
round 119
round 120
coin 62 22
coin 14 10
round 121
round 122
round 123
round 124
round 125
coin 26 2
coin 50 30
round 126
round 127
bot 0 26 28
round 128
bot 0 26 29
round 129
bot 0 26 30
round 130
bot 0 26 31
coin 29 4
coin 49 28
round 131
bot 0 26 32
round 132
bot 0 26 0
coin_collected 26 2 0
bot_coins 0 3
round 133
bot 0 26 1
round 134
bot 0 26 2
round 135
bot 0 26 3
coin 2 13
coin 74 19
round 136
bot 0 26 4
round 137
bot 0 26 5
round 138
bot 0 26 6
round 139
bot 0 26 7
round 140
bot 0 26 8
coin 2 28
coin 74 4
round 141
bot 0 25 8
round 142
bot 0 24 8
round 143
bot 0 23 8
round 144
bot 0 22 8
round 145
bot 0 21 8
coin_collected 21 10 0
bot_coins 0 4
coin 71 15
coin 5 19
round 146
bot 0 20 8
round 147
bot 0 19 8
round 148
bot 0 18 8
round 149
bot 0 17 9
round 150
bot 0 16 10
coin_collected 14 10 0
bot_coins 0 5
coin 56 14
coin 19 17
round 151
bot 0 15 11
round 152
bot 0 14 12
round 153
bot 0 13 13
round 154
round 155
coin 3 19
coin 73 13
round 156
round 157
round 158
round 159
round 160
coin 15 26
coin 61 6
round 161
round 162
round 163
round 164
round 165
coin 26 25
coin 50 7
round 166
round 167
round 168
round 169
round 170
coin 34 15
coin 42 17
round 171
round 172
round 173
round 174
round 175
coin 38 2
coin 38 30
round 176
round 177
round 178
round 179
round 180
bot 0 14 12
coin 46 4
coin 30 28
round 181
bot 0 15 11
round 182
bot 0 16 10
round 183
bot 0 17 9
round 184
bot 0 18 8
round 185
bot 0 19 7
coin 1 5
coin 75 29
round 186
bot 0 20 6
round 187
bot 0 21 5
round 188
bot 0 22 4
round 189
bot 0 23 3
round 190
bot 0 24 2
coin 40 19
coin 36 13
round 191
bot 0 25 1
round 192
bot 0 26 0
round 193
bot 0 27 32
round 194
bot 0 28 31
round 195
bot 0 29 30
coin 10 21
coin 66 9
round 196
bot 0 30 29
coin_collected 30 28 0
bot_coins 0 6
round 197
bot 0 30 30
round 198
bot 0 30 31
round 199
bot 0 30 32
round 200
bot 0 30 0
coin 65 25
coin 12 6
match_over 0
