match
match_id 1639216599256_nl
match_time 1639216599260
num_bots 1
##MatchConfig
mode FRIENDLY
num_rounds 200
random_seed 42
move_time_limit 1000
coin_spawn_period 5
coin_spawn_volume 2
##MapConfig
map_size 56 39
view_radius 6
mining_radius 1
attack_radius 4
block 21 0
block 22 0
block 12 1
block 13 1
block 21 1
block 22 1
block 12 2
block 13 2
block 21 2
block 22 2
block 12 3
block 13 3
block 12 4
block 13 4
block 12 5
block 13 5
block 12 6
block 13 6
block 12 7
block 13 7
block 0 8
block 1 8
block 2 8
block 3 8
block 4 8
block 54 8
block 55 8
block 0 9
block 1 9
block 2 9
block 3 9
block 4 9
block 54 9
block 55 9
block 0 10
block 1 10
block 2 10
block 3 10
block 4 10
block 54 10
block 55 10
block 0 11
block 1 11
block 2 11
block 3 11
block 4 11
block 54 11
block 55 11
block 0 12
block 1 12
block 2 12
block 3 12
block 4 12
block 54 12
block 55 12
block 0 13
block 1 13
block 2 13
block 3 13
block 4 13
block 54 13
block 55 13
block 0 14
block 1 14
block 2 14
block 3 14
block 4 14
block 54 14
block 55 14
block 0 18
block 1 18
block 2 18
block 3 18
block 4 18
block 5 18
block 0 19
block 1 19
block 2 19
block 3 19
block 4 19
block 5 19
block 0 20
block 1 20
block 2 20
block 3 20
block 4 20
block 5 20
block 0 21
block 1 21
block 2 21
block 3 21
block 4 21
block 5 21
block 46 24
block 47 24
block 48 24
block 49 24
block 50 24
block 46 25
block 47 25
block 48 25
block 49 25
block 50 25
block 46 26
block 47 26
block 48 26
block 49 26
block 50 26
block 46 27
block 47 27
block 48 27
block 49 27
block 50 27
block 10 28
block 11 28
block 12 28
block 13 28
block 40 28
block 41 28
block 42 28
block 43 28
block 44 28
block 10 29
block 11 29
block 12 29
block 13 29
block 40 29
block 41 29
block 42 29
block 43 29
block 44 29
block 10 30
block 11 30
block 12 30
block 13 30
block 40 30
block 41 30
block 42 30
block 43 30
block 44 30
block 10 31
block 11 31
block 12 31
block 13 31
block 40 31
block 41 31
block 42 31
block 43 31
block 44 31
block 10 32
block 11 32
block 12 32
block 13 32
block 40 32
block 41 32
block 42 32
block 43 32
block 44 32
##BotsAndCoinsInfo
bot_name 0 starter-bot
bot 0 0 22
bot_coins 0 0
coin 50 33
coin 5 5
round 1
bot 0 0 23
round 2
bot 0 0 24
round 3
bot 0 0 25
round 4
bot 0 0 26
round 5
bot 0 0 27
coin 48 38
coin 7 0
round 6
bot 0 0 28
round 7
bot 0 0 29
round 8
bot 0 0 30
round 9
bot 0 0 31
round 10
bot 0 0 32
coin 26 4
coin 29 34
round 11
bot 0 0 33
round 12
bot 0 0 34
round 13
bot 0 0 35
round 14
bot 0 0 36
round 15
bot 0 0 37
coin 1 29
coin 53 9
round 16
bot 0 0 38
round 17
round 18
round 19
match_over 0
round 20
