match
match_id 1639179595029_jd
match_time 1639179595034
num_bots 1
##MatchConfig
mode FRIENDLY
num_rounds 200
random_seed 42
move_time_limit 1000
coin_spawn_period 5
coin_spawn_volume 2
##MapConfig
map_size 50 36
view_radius 5
mining_radius 1
attack_radius 4
block 22 0
block 23 0
block 24 0
block 25 0
block 26 0
block 27 0
block 28 0
block 29 0
block 38 0
block 39 0
block 40 0
block 41 0
block 42 0
block 43 0
block 13 1
block 14 1
block 15 1
block 16 1
block 22 1
block 23 1
block 24 1
block 25 1
block 26 1
block 27 1
block 28 1
block 29 1
block 38 1
block 39 1
block 40 1
block 41 1
block 42 1
block 43 1
block 5 2
block 6 2
block 7 2
block 8 2
block 9 2
block 13 2
block 14 2
block 15 2
block 16 2
block 25 2
block 26 2
block 27 2
block 28 2
block 29 2
block 30 2
block 31 2
block 32 2
block 33 2
block 34 2
block 38 2
block 39 2
block 40 2
block 41 2
block 42 2
block 43 2
block 5 3
block 6 3
block 7 3
block 8 3
block 9 3
block 13 3
block 14 3
block 15 3
block 16 3
block 25 3
block 26 3
block 29 3
block 30 3
block 31 3
block 32 3
block 33 3
block 34 3
block 38 3
block 39 3
block 40 3
block 41 3
block 42 3
block 43 3
block 5 4
block 6 4
block 7 4
block 8 4
block 9 4
block 13 4
block 14 4
block 15 4
block 16 4
block 25 4
block 26 4
block 29 4
block 30 4
block 31 4
block 32 4
block 33 4
block 34 4
block 13 5
block 14 5
block 15 5
block 16 5
block 25 5
block 26 5
block 29 5
block 30 5
block 31 5
block 32 5
block 33 5
block 34 5
block 13 6
block 14 6
block 15 6
block 16 6
block 29 6
block 30 6
block 31 6
block 32 6
block 33 6
block 34 6
block 8 7
block 9 7
block 10 7
block 13 7
block 14 7
block 15 7
block 16 7
block 29 7
block 30 7
block 31 7
block 32 7
block 33 7
block 34 7
block 39 7
block 40 7
block 41 7
block 42 7
block 43 7
block 8 8
block 9 8
block 10 8
block 29 8
block 30 8
block 31 8
block 32 8
block 33 8
block 34 8
block 39 8
block 40 8
block 41 8
block 42 8
block 43 8
block 8 9
block 9 9
block 10 9
block 8 10
block 9 10
block 10 10
block 20 10
block 21 10
block 22 10
block 38 10
block 39 10
block 40 10
block 41 10
block 42 10
block 43 10
block 44 10
block 3 11
block 4 11
block 8 11
block 9 11
block 10 11
block 20 11
block 21 11
block 22 11
block 38 11
block 39 11
block 40 11
block 41 11
block 42 11
block 43 11
block 44 11
block 3 12
block 4 12
block 8 12
block 9 12
block 10 12
block 20 12
block 21 12
block 22 12
block 38 12
block 39 12
block 40 12
block 41 12
block 42 12
block 43 12
block 44 12
block 0 13
block 1 13
block 2 13
block 3 13
block 4 13
block 5 13
block 20 13
block 21 13
block 22 13
block 38 13
block 39 13
block 40 13
block 41 13
block 42 13
block 43 13
block 44 13
block 49 13
block 0 14
block 1 14
block 2 14
block 3 14
block 4 14
block 5 14
block 20 14
block 21 14
block 22 14
block 38 14
block 39 14
block 40 14
block 41 14
block 42 14
block 43 14
block 44 14
block 45 14
block 46 14
block 47 14
block 48 14
block 49 14
block 0 15
block 1 15
block 2 15
block 3 15
block 4 15
block 5 15
block 20 15
block 21 15
block 22 15
block 38 15
block 39 15
block 40 15
block 41 15
block 42 15
block 43 15
block 44 15
block 45 15
block 46 15
block 47 15
block 48 15
block 49 15
block 0 16
block 1 16
block 2 16
block 3 16
block 4 16
block 5 16
block 20 16
block 21 16
block 22 16
block 23 16
block 38 16
block 39 16
block 40 16
block 41 16
block 42 16
block 43 16
block 44 16
block 45 16
block 46 16
block 47 16
block 48 16
block 49 16
block 0 17
block 1 17
block 2 17
block 3 17
block 4 17
block 5 17
block 20 17
block 21 17
block 22 17
block 23 17
block 43 17
block 44 17
block 45 17
block 46 17
block 47 17
block 48 17
block 49 17
block 5 18
block 6 18
block 7 18
block 16 18
block 17 18
block 18 18
block 19 18
block 20 18
block 21 18
block 22 18
block 23 18
block 43 18
block 44 18
block 45 18
block 46 18
block 47 18
block 48 18
block 5 19
block 6 19
block 7 19
block 16 19
block 17 19
block 18 19
block 19 19
block 20 19
block 21 19
block 22 19
block 23 19
block 43 19
block 44 19
block 45 19
block 46 19
block 47 19
block 48 19
block 5 20
block 6 20
block 7 20
block 16 20
block 17 20
block 18 20
block 19 20
block 20 20
block 21 20
block 22 20
block 43 20
block 44 20
block 45 20
block 46 20
block 47 20
block 48 20
block 5 21
block 6 21
block 7 21
block 16 21
block 17 21
block 18 21
block 19 21
block 20 21
block 21 21
block 22 21
block 5 22
block 6 22
block 7 22
block 16 22
block 17 22
block 18 22
block 19 22
block 20 22
block 21 22
block 22 22
block 5 23
block 6 23
block 7 23
block 16 23
block 17 23
block 18 23
block 19 23
block 20 23
block 21 23
block 22 23
block 16 24
block 17 24
block 18 24
block 19 24
block 20 24
block 21 24
block 22 24
block 5 26
block 6 26
block 7 26
block 8 26
block 9 26
block 10 26
block 11 26
block 5 27
block 6 27
block 7 27
block 8 27
block 9 27
block 10 27
block 11 27
block 36 27
block 37 27
block 5 28
block 6 28
block 7 28
block 8 28
block 9 28
block 10 28
block 11 28
block 26 28
block 27 28
block 28 28
block 36 28
block 37 28
block 26 29
block 27 29
block 28 29
block 36 29
block 37 29
block 38 29
block 39 29
block 40 29
block 36 30
block 37 30
block 38 30
block 39 30
block 40 30
block 36 31
block 37 31
block 38 31
block 39 31
block 40 31
block 0 32
block 1 32
block 22 32
block 23 32
block 24 32
block 25 32
block 26 32
block 27 32
block 28 32
block 36 32
block 37 32
block 38 32
block 39 32
block 40 32
block 0 33
block 1 33
block 22 33
block 23 33
block 24 33
block 25 33
block 26 33
block 27 33
block 28 33
block 36 33
block 37 33
block 38 33
block 39 33
block 40 33
block 41 33
block 42 33
block 43 33
block 0 34
block 1 34
block 22 34
block 23 34
block 24 34
block 25 34
block 26 34
block 27 34
block 28 34
block 29 34
block 38 34
block 39 34
block 40 34
block 41 34
block 42 34
block 43 34
block 0 35
block 1 35
block 22 35
block 23 35
block 24 35
block 25 35
block 26 35
block 27 35
block 28 35
block 29 35
block 38 35
block 39 35
block 40 35
block 41 35
block 42 35
block 43 35
##BotsAndCoinsInfo
bot_name 0 starter-bot
bot 0 34 32
bot_coins 0 0
coin 30 1
coin 19 34
round 1
bot 0 34 33
round 2
bot 0 34 34
round 3
bot 0 34 35
round 4
bot 0 33 34
round 5
bot 0 33 33
coin 48 8
coin 1 27
round 6
bot 0 33 32
round 7
bot 0 33 31
round 8
bot 0 33 30
round 9
bot 0 33 29
round 10
bot 0 33 28
coin 20 25
coin 29 10
round 11
bot 0 33 27
round 12
bot 0 33 26
round 13
bot 0 33 25
round 14
bot 0 33 24
round 15
bot 0 33 23
coin 5 1
coin 44 34
round 16
bot 0 33 22
round 17
bot 0 33 21
round 18
bot 0 33 20
round 19
bot 0 33 19
round 20
bot 0 33 18
coin 19 29
coin 28 6
round 21
bot 0 33 17
round 22
bot 0 33 16
round 23
bot 0 33 15
round 24
bot 0 33 14
round 25
bot 0 33 13
coin 32 26
coin 17 9
round 26
bot 0 33 12
round 27
bot 0 33 11
round 28
bot 0 33 10
round 29
bot 0 33 9
round 30
coin 24 2
coin 25 31
round 31
round 32
round 33
round 34
round 35
coin 26 31
coin 23 4
round 36
round 37
round 38
round 39
round 40
coin 6 6
coin 43 29
round 41
round 42
round 43
round 44
round 45
coin 42 17
coin 8 18
round 46
round 47
round 48
round 49
round 50
coin 0 31
coin 49 4
round 51
round 52
round 53
round 54
round 55
coin 27 31
coin 22 4
round 56
round 57
round 58
round 59
round 60
coin 43 9
coin 6 25
round 61
round 62
round 63
round 64
round 65
coin 30 22
coin 19 13
round 66
round 67
round 68
round 69
round 70
coin 35 30
coin 12 5
round 71
round 72
round 73
round 74
round 75
coin 30 12
coin 19 25
round 76
round 77
round 78
round 79
round 80
coin 28 5
coin 21 30
round 81
round 82
round 83
round 84
round 85
coin 17 25
coin 32 10
round 86
round 87
round 88
round 89
round 90
coin 12 25
coin 37 10
round 91
round 92
round 93
round 94
round 95
coin 13 12
coin 36 23
round 96
round 97
round 98
round 99
round 100
coin 29 13
coin 23 22
round 101
round 102
round 103
round 104
round 105
coin 23 25
coin 26 10
round 106
round 107
round 108
round 109
round 110
coin 25 6
coin 24 29
round 111
round 112
round 113
round 114
round 115
coin 7 11
coin 42 24
round 116
round 117
round 118
round 119
round 120
coin 7 7
coin 42 28
round 121
round 122
round 123
round 124
round 125
coin 43 32
coin 6 5
round 126
round 127
round 128
round 129
round 130
coin 8 5
coin 41 30
round 131
round 132
round 133
round 134
round 135
coin 10 34
coin 37 1
round 136
round 137
round 138
round 139
round 140
coin 13 31
coin 36 4
round 141
round 142
round 143
round 144
round 145
coin 12 27
coin 37 8
round 146
round 147
round 148
round 149
round 150
coin 47 23
coin 2 12
round 151
round 152
round 153
round 154
round 155
coin 1 12
coin 48 23
round 156
round 157
round 158
round 159
round 160
coin 45 13
coin 4 22
round 161
round 162
round 163
round 164
round 165
coin 48 31
coin 1 4
round 166
round 167
round 168
round 169
round 170
coin 25 27
coin 24 8
round 171
round 172
round 173
round 174
round 175
coin 40 5
coin 9 30
round 176
round 177
round 178
round 179
round 180
coin 3 25
coin 46 10
round 181
round 182
round 183
round 184
round 185
coin 23 5
coin 26 30
round 186
round 187
round 188
round 189
round 190
coin 36 16
coin 13 19
round 191
round 192
round 193
round 194
round 195
coin 24 31
coin 24 4
round 196
round 197
round 198
round 199
round 200
coin 0 10
coin 49 25
match_over 0
