match
match_id 1639176008190_go
match_time 1639176008193
num_bots 1
##MatchConfig
mode FRIENDLY
num_rounds 200
random_seed 42
move_time_limit 1000
coin_spawn_period 5
coin_spawn_volume 2
##MapConfig
map_size 50 35
view_radius 5
mining_radius 2
attack_radius 4
block 33 0
block 34 0
block 35 0
block 36 0
block 37 0
block 38 0
block 39 0
block 40 0
block 41 0
block 42 0
block 33 1
block 34 1
block 35 1
block 36 1
block 37 1
block 38 1
block 39 1
block 40 1
block 41 1
block 42 1
block 10 2
block 11 2
block 33 2
block 34 2
block 35 2
block 36 2
block 37 2
block 38 2
block 39 2
block 40 2
block 41 2
block 42 2
block 10 3
block 11 3
block 33 3
block 34 3
block 35 3
block 36 3
block 37 3
block 38 3
block 39 3
block 40 3
block 41 3
block 42 3
block 10 4
block 11 4
block 40 4
block 41 4
block 42 4
block 10 5
block 11 5
block 40 5
block 41 5
block 42 5
block 10 6
block 11 6
block 40 6
block 41 6
block 42 6
block 10 7
block 11 7
block 10 8
block 11 8
block 39 11
block 40 11
block 41 11
block 42 11
block 39 12
block 40 12
block 41 12
block 42 12
block 0 13
block 1 13
block 2 13
block 3 13
block 4 13
block 5 13
block 39 13
block 40 13
block 41 13
block 42 13
block 49 13
block 0 14
block 1 14
block 2 14
block 3 14
block 4 14
block 5 14
block 39 14
block 40 14
block 41 14
block 42 14
block 49 14
block 0 15
block 1 15
block 2 15
block 3 15
block 4 15
block 5 15
block 39 15
block 40 15
block 41 15
block 42 15
block 49 15
block 0 16
block 1 16
block 2 16
block 3 16
block 4 16
block 5 16
block 9 16
block 10 16
block 11 16
block 39 16
block 40 16
block 41 16
block 42 16
block 44 16
block 45 16
block 46 16
block 49 16
block 0 17
block 1 17
block 2 17
block 3 17
block 4 17
block 5 17
block 8 17
block 9 17
block 10 17
block 11 17
block 12 17
block 13 17
block 14 17
block 44 17
block 45 17
block 46 17
block 49 17
block 0 18
block 1 18
block 2 18
block 3 18
block 4 18
block 5 18
block 8 18
block 9 18
block 10 18
block 11 18
block 12 18
block 13 18
block 14 18
block 44 18
block 45 18
block 46 18
block 49 18
block 8 19
block 9 19
block 10 19
block 11 19
block 12 19
block 13 19
block 14 19
block 9 20
block 10 20
block 11 20
block 14 20
block 15 20
block 16 20
block 17 20
block 9 21
block 10 21
block 11 21
block 14 21
block 15 21
block 16 21
block 17 21
block 9 22
block 10 22
block 11 22
block 31 26
block 32 26
block 33 26
block 34 26
block 35 26
block 36 26
block 31 27
block 32 27
block 33 27
block 34 27
block 35 27
block 36 27
block 0 28
block 1 28
block 0 29
block 1 29
block 0 30
block 1 30
block 0 31
block 1 31
block 0 32
block 1 32
block 0 33
block 1 33
block 2 33
block 3 33
block 4 33
block 5 33
block 6 33
block 2 34
block 3 34
block 4 34
block 5 34
block 6 34
block 33 34
block 34 34
block 35 34
block 36 34
block 37 34
block 38 34
block 39 34
##BotsAndCoinsInfo
bot_name 0 starter-bot
bot 0 27 22
bot_coins 0 0
coin 30 33
coin 19 1
round 1
bot 0 27 23
round 2
bot 0 27 24
round 3
bot 0 27 25
round 4
bot 0 27 26
round 5
bot 0 27 27
coin 48 24
coin 1 10
round 6
bot 0 27 28
round 7
bot 0 27 29
round 8
bot 0 27 30
round 9
bot 0 27 31
round 10
bot 0 27 32
coin 20 25
coin 29 9
round 11
bot 0 27 33
round 12
bot 0 27 34
round 13
bot 0 27 0
round 14
bot 0 26 0
round 15
bot 0 25 0
coin 5 3
coin 44 31
round 16
bot 0 24 0
round 17
bot 0 23 0
round 18
bot 0 22 0
round 19
bot 0 21 0
round 20
bot 0 20 0
coin_collected 19 1 0
bot_coins 0 1
coin 19 3
coin 30 31
round 21
bot 0 19 0
round 22
bot 0 18 0
round 23
bot 0 17 0
round 24
bot 0 16 0
round 25
bot 0 15 0
coin 32 32
coin 17 2
round 26
bot 0 14 34
round 27
bot 0 14 33
round 28
bot 0 14 32
round 29
bot 0 14 31
round 30
bot 0 14 30
coin 26 7
coin 23 27
round 31
bot 0 14 29
round 32
bot 0 14 28
round 33
bot 0 14 27
round 34
bot 0 14 26
round 35
bot 0 14 25
coin 26 17
coin 23 17
round 36
bot 0 14 24
round 37
bot 0 14 23
round 38
bot 0 14 22
round 39
round 40
coin 6 5
coin 43 29
round 41
round 42
round 43
round 44
round 45
coin 43 9
coin 6 25
round 46
round 47
round 48
round 49
round 50
coin 0 8
coin 49 26
round 51
round 52
round 53
round 54
round 55
coin 26 23
coin 23 11
round 56
round 57
round 58
round 59
round 60
coin 43 16
coin 6 18
round 61
round 62
round 63
round 64
round 65
coin 30 3
coin 19 31
round 66
round 67
round 68
round 69
round 70
coin 37 26
coin 12 8
round 71
round 72
round 73
round 74
round 75
coin 30 6
coin 19 28
round 76
round 77
round 78
round 79
round 80
coin 30 10
coin 19 24
round 81
round 82
round 83
round 84
round 85
coin 17 32
coin 32 2
round 86
round 87
round 88
round 89
round 90
coin 12 33
coin 37 33
round 91
round 92
round 93
round 94
round 95
coin 13 34
coin 36 33
round 96
round 97
round 98
round 99
round 100
coin 29 5
coin 20 29
round 101
round 102
round 103
round 104
round 105
coin 23 7
coin 26 27
round 106
round 107
round 108
round 109
round 110
coin 25 14
coin 24 20
round 111
round 112
round 113
round 114
round 115
coin 7 30
coin 43 4
round 116
round 117
round 118
round 119
round 120
coin 7 3
coin 42 31
round 121
round 122
round 123
round 124
round 125
coin 43 0
coin 7 34
round 126
round 127
round 128
round 129
round 130
coin 8 1
coin 41 33
round 131
round 132
round 133
round 134
round 135
coin 10 0
coin 40 34
round 136
round 137
round 138
round 139
round 140
coin 13 14
coin 36 20
round 141
round 142
round 143
round 144
round 145
coin 12 3
coin 37 31
round 146
round 147
round 148
round 149
round 150
coin 47 19
coin 2 12
round 151
round 152
round 153
round 154
round 155
coin 2 19
coin 47 15
round 156
round 157
round 158
round 159
round 160
coin 44 9
coin 5 25
round 161
round 162
round 163
round 164
round 165
coin 48 4
coin 2 30
round 166
round 167
round 168
round 169
round 170
coin 25 19
coin 24 15
round 171
round 172
round 173
round 174
round 175
coin 41 34
coin 8 0
round 176
round 177
round 178
round 179
round 180
coin 3 12
coin 46 22
round 181
match_over 0
round 182
