match
match_id 1639475307240_ac
match_time 1639475307245
num_bots 1
##MatchConfig
mode FRIENDLY
num_rounds 200
random_seed 42
move_time_limit 1000
coin_spawn_period 5
coin_spawn_volume 2
##MapConfig
map_size 63 31
view_radius 5
mining_radius 2
attack_radius 4
block 0 0
block 1 0
block 9 0
block 10 0
block 11 0
block 12 0
block 13 0
block 14 0
block 15 0
block 18 0
block 19 0
block 20 0
block 21 0
block 22 0
block 23 0
block 24 0
block 59 0
block 60 0
block 61 0
block 62 0
block 0 1
block 1 1
block 9 1
block 10 1
block 11 1
block 12 1
block 13 1
block 14 1
block 15 1
block 18 1
block 19 1
block 20 1
block 21 1
block 22 1
block 23 1
block 24 1
block 59 1
block 60 1
block 61 1
block 62 1
block 0 2
block 1 2
block 9 2
block 10 2
block 11 2
block 12 2
block 13 2
block 14 2
block 15 2
block 16 2
block 17 2
block 18 2
block 19 2
block 20 2
block 21 2
block 22 2
block 23 2
block 24 2
block 29 2
block 30 2
block 31 2
block 59 2
block 60 2
block 61 2
block 62 2
block 9 3
block 10 3
block 11 3
block 12 3
block 13 3
block 14 3
block 15 3
block 16 3
block 17 3
block 18 3
block 19 3
block 20 3
block 21 3
block 22 3
block 23 3
block 24 3
block 29 3
block 30 3
block 31 3
block 8 4
block 9 4
block 10 4
block 11 4
block 12 4
block 13 4
block 14 4
block 15 4
block 16 4
block 17 4
block 18 4
block 19 4
block 20 4
block 21 4
block 22 4
block 23 4
block 24 4
block 26 4
block 27 4
block 28 4
block 29 4
block 30 4
block 31 4
block 32 4
block 38 4
block 39 4
block 8 5
block 9 5
block 10 5
block 11 5
block 12 5
block 13 5
block 14 5
block 15 5
block 16 5
block 17 5
block 18 5
block 19 5
block 20 5
block 21 5
block 22 5
block 23 5
block 24 5
block 25 5
block 26 5
block 27 5
block 28 5
block 29 5
block 30 5
block 31 5
block 32 5
block 38 5
block 39 5
block 8 6
block 9 6
block 10 6
block 11 6
block 12 6
block 13 6
block 14 6
block 15 6
block 16 6
block 17 6
block 18 6
block 19 6
block 20 6
block 21 6
block 22 6
block 23 6
block 24 6
block 25 6
block 26 6
block 27 6
block 28 6
block 29 6
block 30 6
block 31 6
block 32 6
block 38 6
block 39 6
block 45 6
block 46 6
block 47 6
block 48 6
block 49 6
block 50 6
block 51 6
block 15 7
block 16 7
block 17 7
block 18 7
block 19 7
block 20 7
block 21 7
block 22 7
block 23 7
block 24 7
block 25 7
block 26 7
block 27 7
block 28 7
block 29 7
block 30 7
block 31 7
block 32 7
block 38 7
block 39 7
block 45 7
block 46 7
block 47 7
block 48 7
block 49 7
block 50 7
block 51 7
block 15 8
block 16 8
block 17 8
block 18 8
block 19 8
block 20 8
block 21 8
block 22 8
block 23 8
block 24 8
block 25 8
block 26 8
block 27 8
block 28 8
block 29 8
block 30 8
block 31 8
block 32 8
block 38 8
block 39 8
block 45 8
block 46 8
block 47 8
block 48 8
block 49 8
block 50 8
block 51 8
block 28 9
block 29 9
block 30 9
block 31 9
block 32 9
block 38 9
block 39 9
block 41 9
block 42 9
block 43 9
block 44 9
block 45 9
block 46 9
block 47 9
block 48 9
block 49 9
block 50 9
block 51 9
block 22 10
block 23 10
block 24 10
block 25 10
block 26 10
block 27 10
block 28 10
block 29 10
block 30 10
block 31 10
block 32 10
block 41 10
block 42 10
block 43 10
block 44 10
block 16 11
block 17 11
block 18 11
block 19 11
block 20 11
block 21 11
block 22 11
block 23 11
block 24 11
block 25 11
block 26 11
block 27 11
block 28 11
block 41 11
block 42 11
block 43 11
block 44 11
block 16 12
block 17 12
block 18 12
block 19 12
block 20 12
block 21 12
block 22 12
block 23 12
block 24 12
block 25 12
block 26 12
block 27 12
block 28 12
block 41 12
block 42 12
block 43 12
block 44 12
block 53 12
block 54 12
block 55 12
block 16 13
block 17 13
block 18 13
block 19 13
block 20 13
block 21 13
block 22 13
block 23 13
block 24 13
block 25 13
block 26 13
block 27 13
block 28 13
block 41 13
block 42 13
block 43 13
block 44 13
block 53 13
block 54 13
block 55 13
block 16 14
block 17 14
block 18 14
block 19 14
block 20 14
block 21 14
block 22 14
block 23 14
block 24 14
block 25 14
block 26 14
block 27 14
block 28 14
block 41 14
block 42 14
block 43 14
block 44 14
block 53 14
block 54 14
block 55 14
block 60 14
block 61 14
block 62 14
block 16 15
block 17 15
block 18 15
block 19 15
block 20 15
block 21 15
block 22 15
block 23 15
block 24 15
block 25 15
block 26 15
block 27 15
block 28 15
block 53 15
block 54 15
block 55 15
block 60 15
block 61 15
block 62 15
block 53 16
block 54 16
block 55 16
block 60 16
block 61 16
block 62 16
block 53 17
block 54 17
block 55 17
block 60 17
block 61 17
block 62 17
block 53 18
block 54 18
block 55 18
block 60 18
block 61 18
block 62 18
block 30 19
block 31 19
block 32 19
block 60 19
block 61 19
block 62 19
block 30 20
block 31 20
block 32 20
block 30 21
block 31 21
block 32 21
block 30 22
block 31 22
block 32 22
block 34 22
block 35 22
block 36 22
block 8 23
block 9 23
block 10 23
block 13 23
block 14 23
block 15 23
block 16 23
block 17 23
block 34 23
block 35 23
block 36 23
block 8 24
block 9 24
block 10 24
block 13 24
block 14 24
block 15 24
block 16 24
block 17 24
block 34 24
block 35 24
block 36 24
block 1 25
block 2 25
block 3 25
block 4 25
block 8 25
block 9 25
block 10 25
block 13 25
block 14 25
block 15 25
block 16 25
block 17 25
block 28 25
block 29 25
block 30 25
block 1 26
block 2 26
block 3 26
block 4 26
block 8 26
block 9 26
block 10 26
block 28 26
block 29 26
block 30 26
block 1 27
block 2 27
block 3 27
block 4 27
block 8 27
block 9 27
block 10 27
block 28 27
block 29 27
block 30 27
block 1 28
block 2 28
block 3 28
block 4 28
block 9 28
block 10 28
block 11 28
block 12 28
block 13 28
block 14 28
block 15 28
block 28 28
block 29 28
block 30 28
block 1 29
block 2 29
block 3 29
block 4 29
block 9 29
block 10 29
block 11 29
block 12 29
block 13 29
block 14 29
block 15 29
block 0 30
block 1 30
block 2 30
block 3 30
block 4 30
block 9 30
block 10 30
block 11 30
block 12 30
block 13 30
block 14 30
block 15 30
block 59 30
block 60 30
block 61 30
block 62 30
##BotsAndCoinsInfo
bot_name 0 starter-bot
bot 0 6 26
bot_coins 0 0
coin 8 10
coin 54 20
round 1
bot 0 6 27
round 2
bot 0 6 28
round 3
bot 0 6 29
round 4
bot 0 6 30
round 5
coin 27 23
coin 35 7
round 6
round 7
round 8
round 9
round 10
coin 54 28
coin 8 2
round 11
round 12
round 13
bot 0 5 0
round 14
bot 0 4 1
round 15
bot 0 4 2
coin 50 1
coin 12 27
round 16
bot 0 4 3
round 17
bot 0 4 4
round 18
bot 0 4 5
round 19
bot 0 4 6
round 20
bot 0 4 7
coin 34 3
coin 27 27
round 21
bot 0 4 8
round 22
bot 0 4 9
round 23
bot 0 4 10
round 24
bot 0 4 11
round 25
bot 0 4 12
coin 38 0
coin 24 30
round 26
bot 0 4 13
round 27
bot 0 4 14
round 28
bot 0 4 15
round 29
bot 0 4 16
round 30
bot 0 4 17
coin 42 27
coin 17 1
round 31
bot 0 4 18
round 32
bot 0 4 19
round 33
bot 0 4 20
round 34
bot 0 4 21
round 35
bot 0 4 22
coin 8 19
coin 54 11
round 36
bot 0 4 23
round 37
bot 0 4 24
round 38
bot 0 3 24
round 39
bot 0 2 24
round 40
bot 0 1 24
coin 42 21
coin 20 9
round 41
bot 0 0 24
round 42
bot 0 0 25
round 43
bot 0 0 26
round 44
bot 0 0 27
round 45
bot 0 0 28
coin 28 19
coin 34 11
round 46
bot 0 0 29
round 47
bot 0 62 29
round 48
bot 0 61 29
round 49
bot 0 60 29
round 50
bot 0 59 29
coin 5 8
coin 57 22
round 51
bot 0 58 29
round 52
bot 0 58 30
round 53
bot 0 57 29
round 54
bot 0 57 28
round 55
bot 0 57 27
coin 8 18
coin 55 11
round 56
bot 0 57 26
round 57
bot 0 57 25
round 58
bot 0 57 24
coin_collected 57 22 0
bot_coins 0 1
round 59
bot 0 57 23
round 60
bot 0 57 22
coin 14 18
coin 48 12
round 61
bot 0 57 21
round 62
bot 0 57 20
round 63
bot 0 57 19
round 64
bot 0 57 18
round 65
bot 0 57 17
coin 7 18
coin 56 12
round 66
bot 0 57 16
round 67
bot 0 57 15
round 68
bot 0 57 14
round 69
bot 0 57 13
coin_collected 56 12 0
bot_coins 0 2
round 70
bot 0 57 12
coin 46 21
coin 16 9
round 71
bot 0 57 11
coin_collected 55 11 0
bot_coins 0 3
round 72
bot 0 57 10
round 73
bot 0 57 9
round 74
bot 0 57 8
round 75
bot 0 57 7
coin 40 26
coin 25 4
round 76
bot 0 57 6
round 77
bot 0 57 5
round 78
bot 0 57 4
round 79
bot 0 57 3
round 80
bot 0 57 2
coin 2 17
coin 60 13
round 81
bot 0 57 1
round 82
bot 0 57 0
round 83
bot 0 56 1
round 84
bot 0 56 2
round 85
bot 0 56 3
coin 38 22
coin 24 9
round 86
bot 0 56 4
round 87
bot 0 56 5
round 88
bot 0 56 6
round 89
bot 0 56 7
round 90
bot 0 56 8
coin 12 20
coin 50 10
round 91
bot 0 56 9
round 92
bot 0 56 10
round 93
bot 0 56 11
coin_collected 54 11 0
bot_coins 0 4
round 94
bot 0 56 12
round 95
bot 0 56 13
coin 7 24
coin 55 6
round 96
round 97
round 98
match_over 0
round 99
