match
match_id 1639178850950_is
match_time 1639178850954
num_bots 1
##MatchConfig
mode FRIENDLY
num_rounds 200
random_seed 42
move_time_limit 1000
coin_spawn_period 5
coin_spawn_volume 2
##MapConfig
map_size 79 20
view_radius 6
mining_radius 2
attack_radius 3
block 3 0
block 4 0
block 5 0
block 6 0
block 21 0
block 22 0
block 29 0
block 30 0
block 31 0
block 50 0
block 51 0
block 52 0
block 53 0
block 54 0
block 64 0
block 65 0
block 66 0
block 67 0
block 68 0
block 72 0
block 73 0
block 74 0
block 75 0
block 76 0
block 3 1
block 4 1
block 5 1
block 6 1
block 12 1
block 13 1
block 14 1
block 15 1
block 21 1
block 22 1
block 29 1
block 30 1
block 31 1
block 50 1
block 51 1
block 52 1
block 53 1
block 54 1
block 64 1
block 65 1
block 66 1
block 67 1
block 68 1
block 72 1
block 73 1
block 12 2
block 13 2
block 14 2
block 15 2
block 21 2
block 22 2
block 29 2
block 30 2
block 31 2
block 50 2
block 51 2
block 52 2
block 53 2
block 54 2
block 55 2
block 56 2
block 57 2
block 58 2
block 59 2
block 64 2
block 65 2
block 66 2
block 67 2
block 68 2
block 4 3
block 5 3
block 6 3
block 7 3
block 8 3
block 9 3
block 10 3
block 29 3
block 30 3
block 31 3
block 50 3
block 51 3
block 52 3
block 53 3
block 54 3
block 55 3
block 56 3
block 57 3
block 58 3
block 59 3
block 60 3
block 61 3
block 62 3
block 63 3
block 4 4
block 5 4
block 6 4
block 7 4
block 8 4
block 9 4
block 10 4
block 29 4
block 30 4
block 31 4
block 43 4
block 44 4
block 45 4
block 54 4
block 55 4
block 56 4
block 57 4
block 58 4
block 59 4
block 60 4
block 61 4
block 62 4
block 63 4
block 4 5
block 5 5
block 6 5
block 7 5
block 8 5
block 9 5
block 10 5
block 41 5
block 42 5
block 43 5
block 44 5
block 45 5
block 53 5
block 54 5
block 55 5
block 56 5
block 57 5
block 58 5
block 59 5
block 60 5
block 61 5
block 62 5
block 4 6
block 5 6
block 6 6
block 7 6
block 8 6
block 9 6
block 10 6
block 41 6
block 42 6
block 43 6
block 44 6
block 45 6
block 53 6
block 54 6
block 55 6
block 56 6
block 57 6
block 58 6
block 59 6
block 60 6
block 61 6
block 62 6
block 64 6
block 65 6
block 66 6
block 67 6
block 68 6
block 69 6
block 70 6
block 71 6
block 72 6
block 73 6
block 4 7
block 5 7
block 6 7
block 7 7
block 8 7
block 9 7
block 10 7
block 41 7
block 42 7
block 43 7
block 44 7
block 45 7
block 53 7
block 54 7
block 55 7
block 56 7
block 57 7
block 58 7
block 59 7
block 60 7
block 61 7
block 62 7
block 64 7
block 65 7
block 66 7
block 67 7
block 68 7
block 69 7
block 70 7
block 71 7
block 72 7
block 73 7
block 5 8
block 6 8
block 41 8
block 42 8
block 43 8
block 44 8
block 45 8
block 46 8
block 53 8
block 54 8
block 55 8
block 56 8
block 57 8
block 58 8
block 59 8
block 60 8
block 61 8
block 62 8
block 64 8
block 65 8
block 66 8
block 67 8
block 68 8
block 69 8
block 5 9
block 6 9
block 38 9
block 39 9
block 40 9
block 41 9
block 42 9
block 43 9
block 44 9
block 45 9
block 46 9
block 53 9
block 54 9
block 55 9
block 56 9
block 57 9
block 58 9
block 59 9
block 60 9
block 61 9
block 62 9
block 64 9
block 65 9
block 66 9
block 67 9
block 68 9
block 69 9
block 38 10
block 39 10
block 40 10
block 41 10
block 42 10
block 43 10
block 44 10
block 45 10
block 46 10
block 53 10
block 54 10
block 55 10
block 56 10
block 57 10
block 58 10
block 59 10
block 60 10
block 61 10
block 62 10
block 64 10
block 65 10
block 66 10
block 67 10
block 68 10
block 69 10
block 10 11
block 11 11
block 12 11
block 13 11
block 14 11
block 15 11
block 38 11
block 39 11
block 40 11
block 41 11
block 42 11
block 43 11
block 44 11
block 45 11
block 46 11
block 53 11
block 54 11
block 55 11
block 56 11
block 57 11
block 58 11
block 59 11
block 60 11
block 61 11
block 62 11
block 10 12
block 11 12
block 12 12
block 13 12
block 14 12
block 15 12
block 38 12
block 39 12
block 40 12
block 41 12
block 42 12
block 43 12
block 44 12
block 2 13
block 3 13
block 4 13
block 5 13
block 6 13
block 7 13
block 10 13
block 11 13
block 12 13
block 13 13
block 14 13
block 15 13
block 38 13
block 39 13
block 40 13
block 41 13
block 42 13
block 43 13
block 44 13
block 47 13
block 48 13
block 49 13
block 50 13
block 51 13
block 52 13
block 2 14
block 3 14
block 4 14
block 5 14
block 6 14
block 7 14
block 10 14
block 11 14
block 12 14
block 13 14
block 14 14
block 15 14
block 38 14
block 39 14
block 40 14
block 41 14
block 42 14
block 43 14
block 44 14
block 47 14
block 48 14
block 49 14
block 50 14
block 51 14
block 52 14
block 2 15
block 3 15
block 4 15
block 5 15
block 6 15
block 7 15
block 10 15
block 11 15
block 12 15
block 13 15
block 14 15
block 15 15
block 25 15
block 26 15
block 27 15
block 28 15
block 29 15
block 30 15
block 38 15
block 39 15
block 40 15
block 41 15
block 42 15
block 43 15
block 44 15
block 47 15
block 48 15
block 49 15
block 50 15
block 51 15
block 52 15
block 72 15
block 73 15
block 10 16
block 11 16
block 12 16
block 13 16
block 14 16
block 15 16
block 25 16
block 26 16
block 27 16
block 28 16
block 29 16
block 30 16
block 47 16
block 48 16
block 49 16
block 50 16
block 51 16
block 52 16
block 72 16
block 73 16
block 10 17
block 11 17
block 12 17
block 13 17
block 14 17
block 15 17
block 25 17
block 26 17
block 27 17
block 28 17
block 29 17
block 30 17
block 47 17
block 48 17
block 49 17
block 50 17
block 51 17
block 52 17
block 72 17
block 73 17
block 25 18
block 26 18
block 27 18
block 28 18
block 29 18
block 30 18
block 31 18
block 47 18
block 48 18
block 49 18
block 50 18
block 51 18
block 52 18
block 53 18
block 64 18
block 65 18
block 66 18
block 67 18
block 68 18
block 72 18
block 73 18
block 3 19
block 4 19
block 5 19
block 6 19
block 29 19
block 30 19
block 31 19
block 47 19
block 48 19
block 49 19
block 50 19
block 51 19
block 52 19
block 53 19
block 54 19
block 64 19
block 65 19
block 66 19
block 67 19
block 68 19
block 72 19
block 73 19
block 74 19
block 75 19
block 76 19
##BotsAndCoinsInfo
bot_name 0 starter-bot
bot 0 76 9
bot_coins 0 0
coin 19 3
coin 59 16
round 1
bot 0 76 10
round 2
bot 0 76 11
round 3
bot 0 76 12
round 4
bot 0 76 13
round 5
bot 0 76 14
coin 22 4
coin 56 15
round 6
bot 0 76 15
round 7
bot 0 76 16
round 8
bot 0 76 17
round 9
bot 0 76 18
round 10
bot 0 75 18
coin 74 5
coin 4 12
round 11
bot 0 74 18
round 12
round 13
round 14
round 15
coin 62 18
coin 16 1
round 16
round 17
round 18
round 19
round 20
coin 1 13
coin 77 6
round 21
round 22
round 23
round 24
round 25
coin 16 2
coin 62 17
round 26
round 27
round 28
round 29
round 30
coin 26 12
coin 52 7
round 31
round 32
round 33
round 34
round 35
coin 68 12
coin 10 8
round 36
round 37
round 38
round 39
round 40
coin 27 10
coin 51 9
round 41
round 42
round 43
round 44
round 45
coin 65 11
coin 13 8
round 46
round 47
round 48
round 49
round 50
coin 37 3
coin 41 16
round 51
round 52
round 53
round 54
round 55
coin 27 13
coin 51 6
round 56
round 57
round 58
round 59
round 60
coin 35 1
coin 43 18
round 61
round 62
round 63
round 64
round 65
coin 46 18
coin 32 1
round 66
round 67
round 68
round 69
round 70
coin 7 8
coin 71 11
round 71
round 72
round 73
round 74
round 75
coin 24 16
coin 53 4
round 76
round 77
round 78
round 79
round 80
coin 52 5
coin 26 14
round 81
round 82
round 83
round 84
round 85
coin 4 8
coin 74 11
round 86
round 87
round 88
round 89
round 90
coin 30 13
coin 48 6
round 91
round 92
round 93
round 94
round 95
coin 69 4
coin 9 15
round 96
round 97
round 98
round 99
round 100
coin 47 5
coin 31 14
round 101
round 102
round 103
round 104
round 105
coin 45 17
coin 33 2
round 106
round 107
round 108
round 109
round 110
coin 27 14
coin 51 5
round 111
round 112
round 113
round 114
round 115
coin 58 15
coin 20 4
round 116
round 117
round 118
round 119
round 120
coin 49 3
coin 29 14
round 121
round 122
round 123
round 124
round 125
coin 11 0
coin 69 19
round 126
round 127
round 128
round 129
round 130
coin 8 16
coin 70 3
round 131
round 132
round 133
round 134
round 135
coin 21 10
coin 57 12
round 136
round 137
round 138
round 139
round 140
coin 54 18
coin 24 1
round 141
round 142
round 143
round 144
round 145
coin 64 3
coin 14 18
round 146
round 147
round 148
round 149
round 150
coin 75 18
coin 3 2
round 151
coin_collected 75 18 0
bot_coins 0 1
round 152
round 153
round 154
round 155
coin 69 1
coin 9 18
round 156
round 157
round 158
round 159
round 160
coin 22 14
coin 56 1
round 161
round 162
round 163
round 164
round 165
coin 24 19
coin 55 0
round 166
round 167
round 168
round 169
round 170
coin 58 19
coin 20 0
round 171
round 172
round 173
round 174
round 175
coin 24 2
coin 54 17
round 176
round 177
round 178
round 179
round 180
coin 63 9
coin 15 10
round 181
round 182
round 183
round 184
round 185
coin 71 13
coin 8 8
round 186
round 187
round 188
round 189
round 190
coin 70 0
coin 8 19
round 191
round 192
round 193
round 194
round 195
coin 33 13
coin 46 6
round 196
round 197
round 198
round 199
round 200
coin 37 14
coin 40 5
match_over 0
