match
match_id 1639167790459_ay
match_time 1639167790464
num_bots 1
##MatchConfig
mode FRIENDLY
num_rounds 200
random_seed 42
move_time_limit 1000
coin_spawn_period 5
coin_spawn_volume 2
##MapConfig
map_size 65 37
view_radius 5
mining_radius 1
attack_radius 4
block 21 0
block 22 0
block 23 0
block 24 0
block 25 0
block 26 0
block 29 0
block 30 0
block 31 0
block 32 0
block 46 0
block 47 0
block 48 0
block 49 0
block 50 0
block 51 0
block 52 0
block 26 1
block 27 1
block 28 1
block 29 1
block 30 1
block 31 1
block 32 1
block 38 1
block 39 1
block 40 1
block 41 1
block 42 1
block 43 1
block 46 1
block 47 1
block 48 1
block 49 1
block 50 1
block 51 1
block 52 1
block 26 2
block 27 2
block 28 2
block 29 2
block 30 2
block 31 2
block 32 2
block 38 2
block 39 2
block 40 2
block 41 2
block 42 2
block 43 2
block 46 2
block 47 2
block 48 2
block 49 2
block 50 2
block 51 2
block 52 2
block 26 3
block 27 3
block 28 3
block 29 3
block 30 3
block 31 3
block 38 3
block 39 3
block 40 3
block 41 3
block 42 3
block 43 3
block 26 4
block 27 4
block 28 4
block 29 4
block 30 4
block 31 4
block 26 5
block 27 5
block 28 5
block 29 5
block 30 5
block 31 5
block 33 5
block 34 5
block 35 5
block 36 5
block 37 5
block 38 5
block 46 5
block 47 5
block 48 5
block 49 5
block 50 5
block 26 6
block 27 6
block 28 6
block 29 6
block 30 6
block 31 6
block 33 6
block 34 6
block 35 6
block 36 6
block 37 6
block 38 6
block 46 6
block 47 6
block 48 6
block 49 6
block 50 6
block 28 7
block 29 7
block 30 7
block 31 7
block 39 7
block 40 7
block 41 7
block 42 7
block 43 7
block 16 8
block 17 8
block 18 8
block 39 8
block 40 8
block 41 8
block 42 8
block 43 8
block 16 9
block 17 9
block 18 9
block 39 9
block 40 9
block 41 9
block 42 9
block 43 9
block 16 10
block 17 10
block 18 10
block 39 10
block 40 10
block 41 10
block 42 10
block 43 10
block 16 11
block 17 11
block 18 11
block 39 11
block 40 11
block 41 11
block 42 11
block 43 11
block 39 12
block 40 12
block 41 12
block 42 12
block 43 12
block 35 14
block 36 14
block 37 14
block 38 14
block 35 15
block 36 15
block 37 15
block 38 15
block 53 15
block 54 15
block 53 16
block 54 16
block 53 17
block 54 17
block 34 18
block 35 18
block 36 18
block 56 18
block 57 18
block 58 18
block 59 18
block 60 18
block 61 18
block 62 18
block 34 19
block 35 19
block 36 19
block 56 19
block 57 19
block 58 19
block 59 19
block 60 19
block 61 19
block 62 19
block 34 20
block 35 20
block 36 20
block 56 20
block 57 20
block 58 20
block 59 20
block 60 20
block 61 20
block 62 20
block 56 21
block 57 21
block 58 21
block 59 21
block 60 21
block 61 21
block 62 21
block 32 22
block 33 22
block 34 22
block 35 22
block 36 22
block 37 22
block 56 22
block 57 22
block 58 22
block 59 22
block 60 22
block 61 22
block 62 22
block 11 23
block 12 23
block 13 23
block 14 23
block 15 23
block 32 23
block 33 23
block 34 23
block 35 23
block 36 23
block 37 23
block 56 23
block 57 23
block 58 23
block 59 23
block 60 23
block 61 23
block 62 23
block 11 24
block 12 24
block 13 24
block 14 24
block 15 24
block 32 24
block 33 24
block 34 24
block 35 24
block 36 24
block 37 24
block 56 24
block 57 24
block 58 24
block 59 24
block 60 24
block 61 24
block 62 24
block 11 25
block 12 25
block 13 25
block 14 25
block 15 25
block 16 25
block 17 25
block 18 25
block 19 25
block 20 25
block 21 25
block 22 25
block 32 25
block 33 25
block 34 25
block 35 25
block 36 25
block 37 25
block 16 26
block 17 26
block 18 26
block 19 26
block 20 26
block 21 26
block 22 26
block 0 27
block 1 27
block 2 27
block 16 27
block 17 27
block 18 27
block 19 27
block 20 27
block 21 27
block 22 27
block 61 27
block 62 27
block 63 27
block 64 27
block 0 28
block 1 28
block 2 28
block 61 28
block 62 28
block 63 28
block 64 28
block 0 29
block 1 29
block 2 29
block 61 29
block 62 29
block 63 29
block 64 29
block 0 30
block 1 30
block 2 30
block 61 30
block 62 30
block 63 30
block 64 30
block 0 31
block 1 31
block 2 31
block 61 31
block 62 31
block 63 31
block 64 31
block 0 32
block 1 32
block 2 32
block 35 32
block 36 32
block 37 32
block 38 32
block 39 32
block 40 32
block 41 32
block 61 32
block 62 32
block 63 32
block 64 32
block 0 33
block 1 33
block 2 33
block 35 33
block 36 33
block 37 33
block 38 33
block 39 33
block 40 33
block 41 33
block 45 33
block 46 33
block 47 33
block 48 33
block 49 33
block 50 33
block 51 33
block 52 33
block 61 33
block 62 33
block 63 33
block 64 33
block 35 34
block 36 34
block 37 34
block 38 34
block 39 34
block 40 34
block 41 34
block 45 34
block 46 34
block 47 34
block 48 34
block 49 34
block 50 34
block 51 34
block 52 34
block 35 35
block 36 35
block 37 35
block 38 35
block 39 35
block 40 35
block 41 35
block 46 35
block 47 35
block 48 35
block 49 35
block 50 35
block 51 35
block 52 35
block 21 36
block 22 36
block 23 36
block 24 36
block 25 36
block 26 36
block 29 36
block 30 36
block 31 36
block 32 36
block 35 36
block 36 36
block 37 36
block 38 36
block 39 36
block 40 36
block 41 36
block 46 36
block 47 36
block 48 36
block 49 36
block 50 36
block 51 36
block 52 36
##BotsAndCoinsInfo
bot_name 0 starter-bot
bot 0 6 35
bot_coins 0 0
coin 0 14
coin 64 22
round 1
round 2
round 3
match_over 0
round 4
