match
match_id 1639340393762_au
match_time 1639340393771
num_bots 1
##MatchConfig
mode FRIENDLY
num_rounds 200
random_seed 42
move_time_limit 1000
coin_spawn_period 5
coin_spawn_volume 2
##MapConfig
map_size 71 37
view_radius 5
mining_radius 2
attack_radius 3
block 0 0
block 1 0
block 2 0
block 13 0
block 14 0
block 15 0
block 16 0
block 37 0
block 38 0
block 39 0
block 40 0
block 41 0
block 42 0
block 43 0
block 67 0
block 68 0
block 69 0
block 70 0
block 0 1
block 1 1
block 2 1
block 6 1
block 7 1
block 8 1
block 9 1
block 10 1
block 11 1
block 12 1
block 37 1
block 38 1
block 39 1
block 40 1
block 41 1
block 42 1
block 43 1
block 67 1
block 68 1
block 69 1
block 70 1
block 0 2
block 1 2
block 2 2
block 6 2
block 7 2
block 8 2
block 9 2
block 10 2
block 11 2
block 12 2
block 13 2
block 14 2
block 37 2
block 38 2
block 39 2
block 40 2
block 41 2
block 42 2
block 43 2
block 67 2
block 68 2
block 69 2
block 70 2
block 0 3
block 1 3
block 2 3
block 6 3
block 7 3
block 8 3
block 9 3
block 10 3
block 11 3
block 12 3
block 13 3
block 14 3
block 37 3
block 38 3
block 39 3
block 40 3
block 41 3
block 42 3
block 43 3
block 67 3
block 68 3
block 69 3
block 70 3
block 0 4
block 1 4
block 2 4
block 6 4
block 7 4
block 8 4
block 9 4
block 10 4
block 11 4
block 12 4
block 13 4
block 14 4
block 15 4
block 16 4
block 17 4
block 18 4
block 28 4
block 29 4
block 30 4
block 31 4
block 32 4
block 33 4
block 37 4
block 38 4
block 39 4
block 40 4
block 41 4
block 42 4
block 43 4
block 49 4
block 50 4
block 51 4
block 52 4
block 53 4
block 54 4
block 67 4
block 68 4
block 69 4
block 70 4
block 6 5
block 7 5
block 8 5
block 9 5
block 10 5
block 11 5
block 12 5
block 13 5
block 14 5
block 15 5
block 16 5
block 17 5
block 18 5
block 28 5
block 29 5
block 30 5
block 31 5
block 32 5
block 33 5
block 37 5
block 38 5
block 39 5
block 40 5
block 41 5
block 42 5
block 43 5
block 49 5
block 50 5
block 51 5
block 52 5
block 53 5
block 54 5
block 6 6
block 7 6
block 8 6
block 9 6
block 10 6
block 11 6
block 12 6
block 13 6
block 14 6
block 15 6
block 16 6
block 17 6
block 18 6
block 19 6
block 20 6
block 21 6
block 22 6
block 23 6
block 24 6
block 28 6
block 29 6
block 30 6
block 31 6
block 32 6
block 33 6
block 37 6
block 38 6
block 39 6
block 40 6
block 41 6
block 42 6
block 43 6
block 49 6
block 50 6
block 51 6
block 52 6
block 53 6
block 54 6
block 6 7
block 7 7
block 8 7
block 9 7
block 10 7
block 11 7
block 12 7
block 18 7
block 19 7
block 20 7
block 21 7
block 22 7
block 23 7
block 24 7
block 28 7
block 29 7
block 30 7
block 31 7
block 32 7
block 33 7
block 64 7
block 65 7
block 18 8
block 19 8
block 20 8
block 21 8
block 22 8
block 23 8
block 24 8
block 28 8
block 29 8
block 30 8
block 31 8
block 32 8
block 33 8
block 64 8
block 65 8
block 34 9
block 35 9
block 36 9
block 37 9
block 38 9
block 39 9
block 64 9
block 65 9
block 34 10
block 35 10
block 36 10
block 37 10
block 38 10
block 39 10
block 64 10
block 65 10
block 31 11
block 32 11
block 33 11
block 34 11
block 35 11
block 64 11
block 65 11
block 26 12
block 27 12
block 28 12
block 29 12
block 30 12
block 31 12
block 32 12
block 33 12
block 34 12
block 35 12
block 64 12
block 65 12
block 26 13
block 27 13
block 28 13
block 29 13
block 30 13
block 31 13
block 32 13
block 33 13
block 34 13
block 35 13
block 26 14
block 27 14
block 28 14
block 29 14
block 30 14
block 31 14
block 32 14
block 33 14
block 34 14
block 35 14
block 62 14
block 63 14
block 64 14
block 65 14
block 66 14
block 67 14
block 26 15
block 27 15
block 28 15
block 29 15
block 30 15
block 31 15
block 32 15
block 33 15
block 34 15
block 35 15
block 62 15
block 63 15
block 64 15
block 65 15
block 66 15
block 67 15
block 26 16
block 27 16
block 28 16
block 29 16
block 30 16
block 31 16
block 32 16
block 33 16
block 34 16
block 35 16
block 62 16
block 63 16
block 64 16
block 65 16
block 66 16
block 67 16
block 62 17
block 63 17
block 64 17
block 65 17
block 66 17
block 67 17
block 62 18
block 63 18
block 64 18
block 65 18
block 66 18
block 67 18
block 21 20
block 22 20
block 23 20
block 24 20
block 25 20
block 21 21
block 22 21
block 23 21
block 24 21
block 25 21
block 21 22
block 22 22
block 23 22
block 24 22
block 25 22
block 61 22
block 62 22
block 63 22
block 21 23
block 22 23
block 23 23
block 24 23
block 25 23
block 61 23
block 62 23
block 63 23
block 65 23
block 66 23
block 67 23
block 68 23
block 69 23
block 7 24
block 8 24
block 9 24
block 10 24
block 21 24
block 22 24
block 23 24
block 24 24
block 25 24
block 61 24
block 62 24
block 63 24
block 65 24
block 66 24
block 67 24
block 68 24
block 69 24
block 7 25
block 8 25
block 9 25
block 10 25
block 21 25
block 22 25
block 23 25
block 24 25
block 25 25
block 50 25
block 51 25
block 52 25
block 53 25
block 54 25
block 55 25
block 56 25
block 58 25
block 59 25
block 60 25
block 61 25
block 62 25
block 63 25
block 65 25
block 66 25
block 67 25
block 68 25
block 69 25
block 7 26
block 8 26
block 9 26
block 10 26
block 21 26
block 22 26
block 23 26
block 24 26
block 25 26
block 45 26
block 46 26
block 47 26
block 48 26
block 50 26
block 51 26
block 52 26
block 53 26
block 54 26
block 55 26
block 56 26
block 58 26
block 59 26
block 60 26
block 61 26
block 62 26
block 63 26
block 65 26
block 66 26
block 67 26
block 68 26
block 69 26
block 7 27
block 8 27
block 9 27
block 10 27
block 45 27
block 46 27
block 47 27
block 48 27
block 50 27
block 51 27
block 52 27
block 53 27
block 54 27
block 55 27
block 56 27
block 57 27
block 58 27
block 59 27
block 60 27
block 61 27
block 62 27
block 63 27
block 65 27
block 66 27
block 67 27
block 68 27
block 69 27
block 44 28
block 45 28
block 46 28
block 47 28
block 48 28
block 50 28
block 51 28
block 52 28
block 53 28
block 54 28
block 55 28
block 56 28
block 57 28
block 58 28
block 59 28
block 60 28
block 61 28
block 62 28
block 63 28
block 65 28
block 66 28
block 67 28
block 68 28
block 69 28
block 44 29
block 45 29
block 46 29
block 47 29
block 48 29
block 50 29
block 51 29
block 52 29
block 53 29
block 54 29
block 55 29
block 56 29
block 57 29
block 58 29
block 44 30
block 45 30
block 46 30
block 47 30
block 48 30
block 50 30
block 51 30
block 52 30
block 53 30
block 54 30
block 55 30
block 56 30
block 57 30
block 58 30
block 44 31
block 45 31
block 46 31
block 47 31
block 48 31
block 50 31
block 51 31
block 52 31
block 53 31
block 54 31
block 55 31
block 56 31
block 57 31
block 58 31
block 44 32
block 45 32
block 46 32
block 47 32
block 48 32
block 51 32
block 52 32
block 53 32
block 54 32
block 55 32
block 56 32
block 57 32
block 44 33
block 45 33
block 46 33
block 47 33
block 48 33
block 49 33
block 50 33
block 51 33
block 52 33
block 53 33
block 54 33
block 55 33
block 56 33
block 57 33
block 44 34
block 45 34
block 46 34
block 47 34
block 48 34
block 49 34
block 50 34
block 51 34
block 52 34
block 53 34
block 54 34
block 55 34
block 56 34
block 57 34
block 47 35
block 48 35
block 49 35
block 50 35
block 51 35
block 52 35
block 53 35
block 54 35
block 55 35
block 56 35
block 57 35
block 0 36
block 1 36
block 2 36
block 13 36
block 14 36
block 15 36
block 16 36
block 40 36
block 41 36
block 42 36
block 43 36
block 51 36
block 52 36
block 53 36
block 54 36
block 55 36
block 56 36
block 57 36
block 67 36
block 68 36
block 69 36
block 70 36
##BotsAndCoinsInfo
bot_name 0 starter-bot
bot 0 67 22
bot_coins 0 0
coin 18 14
coin 52 22
round 1
bot 0 66 22
round 2
bot 0 65 22
round 3
bot 0 64 22
round 4
bot 0 64 23
round 5
bot 0 64 24
coin 11 10
coin 57 26
round 6
bot 0 64 25
round 7
bot 0 64 26
round 8
bot 0 64 27
round 9
bot 0 64 28
round 10
bot 0 64 29
coin 15 8
coin 57 25
round 11
bot 0 64 30
round 12
bot 0 64 31
round 13
bot 0 64 32
round 14
bot 0 64 33
round 15
bot 0 64 34
coin 41 14
coin 29 22
round 16
bot 0 64 35
round 17
bot 0 64 36
round 18
bot 0 63 35
round 19
bot 0 63 34
round 20
bot 0 63 33
coin 30 0
coin 40 35
round 21
bot 0 63 32
round 22
bot 0 63 31
round 23
bot 0 63 30
round 24
bot 0 63 29
round 25
bot 0 62 29
coin 20 21
coin 50 15
round 26
bot 0 61 29
round 27
bot 0 60 29
round 28
bot 0 59 29
round 29
round 30
bot 0 59 30
coin 47 18
coin 23 18
round 31
bot 0 59 31
round 32
bot 0 59 32
round 33
bot 0 59 33
round 34
bot 0 59 34
round 35
bot 0 59 35
coin 52 9
coin 18 27
round 36
bot 0 59 36
round 37
bot 0 58 35
round 38
bot 0 58 34
round 39
bot 0 58 33
round 40
bot 0 58 32
coin 5 14
coin 65 22
round 41
bot 0 59 31
round 42
bot 0 59 30
round 43
bot 0 59 29
round 44
bot 0 59 30
round 45
bot 0 59 31
coin 32 1
coin 38 35
round 46
bot 0 59 32
round 47
bot 0 59 33
round 48
bot 0 59 34
round 49
bot 0 59 35
round 50
bot 0 59 36
coin 64 36
coin 6 0
round 51
bot 0 58 35
round 52
bot 0 58 34
round 53
bot 0 58 33
round 54
bot 0 58 32
round 55
bot 0 59 31
coin 32 25
coin 38 11
round 56
bot 0 59 30
round 57
bot 0 59 29
round 58
round 59
bot 0 59 30
round 60
bot 0 59 31
coin 35 17
coin 35 19
round 61
bot 0 59 32
round 62
bot 0 59 33
round 63
bot 0 59 34
round 64
bot 0 59 35
round 65
bot 0 59 36
coin 44 0
coin 26 36
round 66
bot 0 58 35
round 67
bot 0 58 34
round 68
bot 0 58 33
round 69
bot 0 58 32
round 70
bot 0 59 31
coin 44 16
coin 26 20
round 71
bot 0 59 30
round 72
bot 0 59 29
round 73
bot 0 60 29
round 74
bot 0 60 30
round 75
bot 0 60 31
coin 25 31
coin 45 5
round 76
bot 0 60 32
round 77
bot 0 60 33
round 78
bot 0 60 34
round 79
bot 0 60 35
round 80
bot 0 60 36
coin 8 28
coin 62 8
round 81
bot 0 59 35
round 82
bot 0 59 34
round 83
bot 0 59 33
round 84
bot 0 59 32
round 85
bot 0 59 31
coin 18 23
coin 52 13
round 86
bot 0 59 30
round 87
bot 0 59 29
round 88
bot 0 59 30
round 89
bot 0 59 31
round 90
bot 0 59 32
coin 49 31
coin 21 5
round 91
bot 0 59 33
round 92
bot 0 59 34
round 93
bot 0 59 35
round 94
bot 0 59 36
round 95
bot 0 58 35
coin 59 16
coin 11 20
round 96
bot 0 58 34
round 97
bot 0 58 33
round 98
bot 0 58 32
round 99
bot 0 59 31
round 100
bot 0 59 30
coin 56 24
coin 14 12
round 101
bot 0 59 29
round 102
bot 0 60 29
round 103
bot 0 60 30
round 104
bot 0 60 31
round 105
bot 0 60 32
coin 35 26
coin 36 11
round 106
bot 0 60 33
round 107
bot 0 60 34
round 108
bot 0 60 35
round 109
bot 0 60 36
round 110
bot 0 59 35
coin 8 22
coin 61 14
round 111
bot 0 59 34
round 112
bot 0 59 33
round 113
bot 0 59 32
round 114
bot 0 59 31
round 115
bot 0 59 30
coin 65 2
coin 5 34
round 116
bot 0 59 29
round 117
round 118
bot 0 59 30
round 119
bot 0 59 31
round 120
bot 0 59 32
coin 64 20
coin 6 16
round 121
bot 0 59 33
round 122
bot 0 59 34
round 123
bot 0 59 35
round 124
bot 0 59 36
round 125
bot 0 58 35
coin 8 21
coin 61 15
round 126
bot 0 58 34
round 127
bot 0 58 33
round 128
bot 0 58 32
round 129
bot 0 59 31
round 130
bot 0 59 30
coin 39 26
coin 31 10
round 131
bot 0 59 29
round 132
round 133
bot 0 59 30
round 134
bot 0 59 31
round 135
bot 0 59 32
coin 9 36
coin 61 0
round 136
bot 0 59 33
round 137
bot 0 59 34
round 138
bot 0 59 35
round 139
bot 0 59 36
round 140
bot 0 58 35
coin 38 29
coin 32 9
round 141
bot 0 58 34
round 142
bot 0 58 33
round 143
bot 0 58 32
round 144
bot 0 59 31
round 145
bot 0 59 30
coin 59 34
coin 11 0
round 146
bot 0 59 29
round 147
round 148
bot 0 59 30
round 149
bot 0 59 31
round 150
bot 0 59 32
coin_collected 59 34 0
bot_coins 0 1
coin 1 12
coin 70 24
round 151
bot 0 59 33
round 152
bot 0 59 34
round 153
bot 0 59 35
round 154
bot 0 59 36
round 155
bot 0 58 35
coin 58 18
coin 12 18
round 156
bot 0 58 34
round 157
bot 0 58 33
round 158
bot 0 58 32
round 159
bot 0 59 31
round 160
bot 0 59 30
coin 39 22
coin 31 17
round 161
bot 0 59 29
round 162
round 163
bot 0 59 30
round 164
bot 0 59 31
round 165
bot 0 59 32
coin 69 10
coin 1 26
round 166
bot 0 59 33
round 167
bot 0 59 34
round 168
bot 0 59 35
round 169
bot 0 59 36
round 170
bot 0 58 35
coin 36 19
coin 34 17
round 171
bot 0 58 34
round 172
bot 0 58 33
round 173
bot 0 58 32
round 174
bot 0 59 31
round 175
bot 0 59 30
coin 50 21
coin 20 15
round 176
bot 0 59 29
round 177
round 178
bot 0 59 30
round 179
bot 0 59 31
round 180
bot 0 59 32
coin 35 18
coin 36 18
round 181
bot 0 59 33
round 182
bot 0 59 34
round 183
bot 0 59 35
round 184
bot 0 59 36
round 185
bot 0 58 35
coin 16 31
coin 55 5
round 186
bot 0 58 34
round 187
bot 0 58 33
round 188
bot 0 58 32
round 189
bot 0 59 31
round 190
bot 0 59 30
coin 40 20
coin 30 17
round 191
bot 0 59 29
round 192
bot 0 59 30
round 193
bot 0 59 31
round 194
bot 0 59 32
round 195
bot 0 59 33
coin 4 27
coin 66 9
round 196
bot 0 59 34
round 197
bot 0 59 35
round 198
bot 0 59 36
round 199
bot 0 58 35
round 200
bot 0 58 34
coin 59 31
coin 13 7
match_over 0
