match
match_id 1639405766548_ce
match_time 1639405766550
num_bots 1
##MatchConfig
mode FRIENDLY
num_rounds 200
random_seed 42
move_time_limit 1000
coin_spawn_period 5
coin_spawn_volume 2
##MapConfig
map_size 53 37
view_radius 6
mining_radius 2
attack_radius 4
block 0 0
block 1 0
block 2 0
block 3 0
block 12 0
block 13 0
block 14 0
block 15 0
block 16 0
block 51 0
block 52 0
block 12 1
block 13 1
block 14 1
block 15 1
block 16 1
block 12 2
block 13 2
block 14 2
block 15 2
block 16 2
block 12 3
block 13 3
block 14 3
block 15 3
block 16 3
block 4 9
block 5 9
block 6 9
block 7 9
block 4 10
block 5 10
block 6 10
block 7 10
block 4 11
block 5 11
block 6 11
block 7 11
block 11 11
block 12 11
block 13 11
block 14 11
block 15 11
block 16 11
block 17 11
block 4 12
block 5 12
block 6 12
block 7 12
block 11 12
block 12 12
block 13 12
block 14 12
block 15 12
block 16 12
block 17 12
block 11 13
block 12 13
block 13 13
block 14 13
block 15 13
block 16 13
block 17 13
block 47 13
block 48 13
block 49 13
block 50 13
block 51 13
block 52 13
block 11 14
block 12 14
block 13 14
block 14 14
block 15 14
block 16 14
block 17 14
block 47 14
block 48 14
block 49 14
block 50 14
block 51 14
block 52 14
block 11 15
block 12 15
block 13 15
block 14 15
block 15 15
block 16 15
block 17 15
block 47 15
block 48 15
block 49 15
block 50 15
block 51 15
block 52 15
block 11 16
block 12 16
block 13 16
block 14 16
block 15 16
block 16 16
block 17 16
block 47 16
block 48 16
block 49 16
block 50 16
block 51 16
block 52 16
block 11 17
block 12 17
block 13 17
block 14 17
block 15 17
block 16 17
block 17 17
block 47 17
block 48 17
block 49 17
block 50 17
block 51 17
block 52 17
block 47 18
block 48 18
block 49 18
block 50 18
block 22 19
block 23 19
block 24 19
block 25 19
block 26 19
block 47 19
block 48 19
block 49 19
block 50 19
block 22 20
block 23 20
block 24 20
block 25 20
block 26 20
block 29 20
block 30 20
block 31 20
block 22 21
block 23 21
block 24 21
block 25 21
block 26 21
block 29 21
block 30 21
block 31 21
block 22 22
block 23 22
block 24 22
block 25 22
block 26 22
block 22 23
block 23 23
block 24 23
block 25 23
block 26 23
block 33 26
block 34 26
block 35 26
block 36 26
block 37 26
block 31 27
block 32 27
block 33 27
block 34 27
block 35 27
block 36 27
block 37 27
block 0 28
block 31 28
block 32 28
block 33 28
block 34 28
block 35 28
block 36 28
block 37 28
block 52 28
block 0 29
block 31 29
block 32 29
block 33 29
block 34 29
block 35 29
block 36 29
block 37 29
block 52 29
block 0 30
block 28 30
block 29 30
block 30 30
block 31 30
block 32 30
block 33 30
block 34 30
block 35 30
block 36 30
block 37 30
block 52 30
block 0 31
block 28 31
block 29 31
block 30 31
block 31 31
block 32 31
block 33 31
block 34 31
block 35 31
block 36 31
block 37 31
block 52 31
block 1 32
block 2 32
block 3 32
block 4 32
block 5 32
block 6 32
block 28 32
block 29 32
block 30 32
block 31 32
block 32 32
block 33 32
block 34 32
block 35 32
block 36 32
block 37 32
block 1 33
block 2 33
block 3 33
block 4 33
block 5 33
block 6 33
block 28 33
block 29 33
block 30 33
block 31 33
block 32 33
block 33 33
block 34 33
block 35 33
block 36 33
block 37 33
block 0 34
block 1 34
block 2 34
block 3 34
block 4 34
block 5 34
block 6 34
block 51 34
block 52 34
block 0 35
block 1 35
block 2 35
block 3 35
block 4 35
block 5 35
block 6 35
block 45 35
block 46 35
block 47 35
block 48 35
block 49 35
block 51 35
block 52 35
block 0 36
block 1 36
block 2 36
block 3 36
block 4 36
block 5 36
block 6 36
block 12 36
block 13 36
block 14 36
block 15 36
block 16 36
block 45 36
block 46 36
block 47 36
block 48 36
block 49 36
block 51 36
block 52 36
##BotsAndCoinsInfo
bot_name 0 starter-bot
bot 0 45 17
bot_coins 0 0
coin 34 14
coin 18 22
round 1
bot 0 45 18
round 2
bot 0 45 19
round 3
bot 0 45 20
round 4
bot 0 45 21
round 5
bot 0 45 22
coin 3 10
coin 49 26
round 6
bot 0 46 23
round 7
bot 0 47 24
round 8
bot 0 48 25
coin_collected 49 26 0
bot_coins 0 1
round 9
bot 0 48 26
round 10
bot 0 48 27
coin 19 8
coin 32 26
round 11
bot 0 48 28
round 12
bot 0 48 29
round 13
bot 0 48 30
round 14
bot 0 48 31
round 15
bot 0 48 32
coin 45 14
coin 7 22
round 16
bot 0 48 33
round 17
bot 0 48 34
round 18
bot 0 47 34
round 19
bot 0 46 34
round 20
bot 0 45 34
coin 14 35
coin 38 1
round 21
bot 0 44 34
round 22
bot 0 44 35
round 23
bot 0 44 36
round 24
bot 0 43 35
round 25
bot 0 43 34
coin 3 21
coin 46 15
round 26
bot 0 43 33
round 27
bot 0 43 32
round 28
bot 0 43 31
round 29
bot 0 43 30
round 30
bot 0 43 29
coin 20 18
coin 32 18
round 31
bot 0 43 28
round 32
bot 0 43 27
round 33
bot 0 43 26
round 34
bot 0 43 25
round 35
bot 0 43 24
coin 34 9
coin 18 27
round 36
bot 0 43 23
round 37
bot 0 43 22
round 38
bot 0 43 21
round 39
bot 0 43 20
round 40
bot 0 44 19
coin 34 15
coin 18 21
round 41
bot 0 45 18
round 42
bot 0 46 17
coin_collected 46 15 0
bot_coins 0 2
round 43
bot 0 46 16
round 44
bot 0 45 15
coin_collected 45 14 0
bot_coins 0 3
round 45
bot 0 45 14
coin 40 1
coin 12 35
round 46
bot 0 45 13
round 47
bot 0 45 12
round 48
bot 0 45 11
round 49
bot 0 45 10
round 50
bot 0 45 9
coin 39 36
coin 11 0
round 51
bot 0 45 8
round 52
bot 0 45 7
round 53
bot 0 45 6
round 54
bot 0 45 5
round 55
bot 0 45 4
coin 21 25
coin 31 11
round 56
bot 0 45 3
round 57
bot 0 44 2
round 58
bot 0 43 1
round 59
bot 0 42 0
round 60
bot 0 41 1
coin_collected 40 1 0
bot_coins 0 4
coin 42 16
coin 10 20
round 61
bot 0 40 2
round 62
bot 0 39 3
round 63
bot 0 38 4
round 64
bot 0 39 5
round 65
bot 0 39 6
coin 34 0
coin 18 36
round 66
bot 0 38 5
round 67
bot 0 37 4
round 68
bot 0 38 3
coin_collected 38 1 0
bot_coins 0 5
round 69
bot 0 38 4
round 70
bot 0 37 3
coin 27 16
coin 25 18
round 71
bot 0 36 2
round 72
bot 0 35 1
coin_collected 34 0 0
bot_coins 0 6
round 73
bot 0 35 2
round 74
bot 0 36 3
round 75
bot 0 37 4
coin 24 31
coin 28 5
round 76
bot 0 38 5
round 77
bot 0 38 6
round 78
bot 0 37 7
round 79
bot 0 36 8
round 80
bot 0 35 9
coin_collected 34 9 0
bot_coins 0 7
coin 43 26
coin 9 10
round 81
bot 0 35 10
round 82
bot 0 34 11
round 83
bot 0 33 12
round 84
bot 0 34 13
coin_collected 34 14 0
bot_coins 0 8
coin_collected 34 15 0
bot_coins 0 9
round 85
bot 0 34 14
coin 27 23
coin 25 13
round 86
bot 0 33 13
round 87
bot 0 32 12
coin_collected 31 11 0
bot_coins 0 10
round 88
bot 0 32 13
round 89
bot 0 31 14
round 90
bot 0 30 15
coin 46 31
coin 6 5
round 91
bot 0 29 16
coin_collected 27 16 0
bot_coins 0 11
round 92
bot 0 29 17
round 93
bot 0 28 18
round 94
bot 0 27 17
round 95
bot 0 26 18
coin_collected 25 18 0
bot_coins 0 12
coin 30 16
coin 21 20
round 96
bot 0 25 18
round 97
bot 0 24 18
round 98
bot 0 23 18
round 99
bot 0 22 18
coin_collected 20 18 0
bot_coins 0 13
round 100
bot 0 21 18
coin_collected 21 20 0
bot_coins 0 14
coin 32 24
coin 20 12
round 101
bot 0 22 17
round 102
bot 0 23 18
round 103
bot 0 22 18
round 104
bot 0 21 18
round 105
bot 0 22 17
coin 27 26
coin 25 10
round 106
bot 0 23 18
round 107
bot 0 22 18
round 108
bot 0 21 18
round 109
bot 0 22 17
round 110
bot 0 23 18
coin 6 22
coin 46 14
round 111
bot 0 22 18
round 112
bot 0 21 18
round 113
bot 0 22 17
round 114
bot 0 23 18
round 115
bot 0 22 18
coin 0 2
coin 52 33
round 116
bot 0 21 18
round 117
bot 0 22 17
round 118
bot 0 23 18
round 119
bot 0 22 18
round 120
bot 0 21 18
coin 44 20
coin 8 16
round 121
bot 0 22 17
round 122
bot 0 23 18
round 123
bot 0 22 18
round 124
bot 0 21 18
round 125
bot 0 22 17
coin 46 22
coin 6 14
round 126
bot 0 23 18
round 127
bot 0 22 18
round 128
bot 0 21 18
round 129
bot 0 22 17
round 130
bot 0 23 18
coin 49 26
coin 2 10
round 131
bot 0 22 18
round 132
bot 0 21 18
round 133
bot 0 22 17
round 134
bot 0 23 18
round 135
bot 0 22 18
coin 19 36
coin 33 0
round 136
bot 0 21 18
round 137
bot 0 22 17
round 138
bot 0 23 18
round 139
bot 0 22 18
round 140
bot 0 21 18
coin 47 29
coin 5 7
round 141
bot 0 22 17
round 142
bot 0 23 18
round 143
bot 0 22 18
round 144
bot 0 21 18
round 145
bot 0 22 17
coin 32 34
coin 20 2
round 146
bot 0 23 18
round 147
bot 0 22 18
round 148
bot 0 21 18
round 149
bot 0 22 17
round 150
bot 0 23 18
coin 39 12
coin 13 24
round 151
bot 0 22 18
round 152
bot 0 21 18
round 153
bot 0 22 17
round 154
bot 0 23 18
round 155
bot 0 22 18
coin 52 18
coin 0 18
round 156
bot 0 21 18
round 157
bot 0 22 17
round 158
bot 0 23 18
round 159
bot 0 22 18
round 160
bot 0 21 18
coin 2 22
coin 50 12
round 161
bot 0 22 17
round 162
bot 0 23 18
round 163
bot 0 22 18
round 164
bot 0 21 18
round 165
bot 0 22 17
coin 8 10
coin 44 26
round 166
bot 0 23 18
round 167
bot 0 22 18
round 168
bot 0 21 18
round 169
bot 0 22 17
round 170
bot 0 23 18
coin 15 19
coin 37 17
round 171
bot 0 22 18
round 172
bot 0 21 18
round 173
bot 0 22 17
round 174
bot 0 23 18
round 175
bot 0 22 18
coin 27 21
coin 25 15
round 176
bot 0 21 18
round 177
bot 0 22 17
round 178
bot 0 23 18
round 179
bot 0 22 18
round 180
bot 0 21 18
coin 29 18
coin 23 18
round 181
bot 0 22 17
coin_collected 23 18 0
bot_coins 0 15
round 182
bot 0 23 18
round 183
bot 0 22 18
round 184
bot 0 21 18
round 185
bot 0 22 17
coin 1 31
coin 51 5
round 186
bot 0 23 18
round 187
bot 0 22 18
round 188
bot 0 21 18
round 189
bot 0 22 17
round 190
bot 0 23 18
coin 49 20
coin 3 16
round 191
bot 0 22 18
round 192
bot 0 21 18
round 193
bot 0 22 17
round 194
bot 0 23 18
round 195
bot 0 22 18
coin 16 27
coin 36 9
round 196
bot 0 21 18
round 197
bot 0 22 17
round 198
bot 0 23 18
round 199
bot 0 22 18
round 200
bot 0 21 18
coin 51 31
coin 1 5
match_over 0
