match
match_id 1639335899436_al
match_time 1639335899439
num_bots 1
##MatchConfig
mode FRIENDLY
num_rounds 200
random_seed 42
move_time_limit 1000
coin_spawn_period 5
coin_spawn_volume 2
##MapConfig
map_size 55 38
view_radius 6
mining_radius 1
attack_radius 4
block 9 0
block 10 0
block 11 0
block 12 0
block 13 0
block 33 0
block 34 0
block 35 0
block 36 0
block 45 0
block 46 0
block 47 0
block 48 0
block 25 1
block 26 1
block 27 1
block 28 1
block 29 1
block 30 1
block 31 1
block 32 1
block 33 1
block 34 1
block 35 1
block 36 1
block 45 1
block 46 1
block 47 1
block 48 1
block 49 1
block 50 1
block 51 1
block 52 1
block 25 2
block 26 2
block 27 2
block 28 2
block 29 2
block 30 2
block 31 2
block 32 2
block 33 2
block 34 2
block 35 2
block 36 2
block 45 2
block 46 2
block 47 2
block 48 2
block 49 2
block 50 2
block 51 2
block 52 2
block 25 3
block 26 3
block 27 3
block 28 3
block 29 3
block 30 3
block 31 3
block 32 3
block 33 3
block 34 3
block 35 3
block 36 3
block 45 3
block 46 3
block 47 3
block 48 3
block 25 4
block 26 4
block 27 4
block 28 4
block 29 4
block 30 4
block 45 4
block 46 4
block 47 4
block 48 4
block 15 6
block 16 6
block 17 6
block 18 6
block 15 7
block 16 7
block 17 7
block 18 7
block 15 8
block 16 8
block 17 8
block 18 8
block 15 9
block 16 9
block 17 9
block 18 9
block 49 9
block 50 9
block 51 9
block 52 9
block 53 9
block 15 10
block 16 10
block 17 10
block 18 10
block 49 10
block 50 10
block 51 10
block 52 10
block 53 10
block 15 11
block 16 11
block 17 11
block 18 11
block 49 11
block 50 11
block 51 11
block 52 11
block 53 11
block 15 12
block 16 12
block 17 12
block 18 12
block 19 12
block 20 12
block 21 12
block 49 12
block 50 12
block 51 12
block 52 12
block 53 12
block 16 13
block 17 13
block 18 13
block 19 13
block 20 13
block 21 13
block 35 13
block 36 13
block 37 13
block 49 13
block 50 13
block 51 13
block 52 13
block 53 13
block 16 14
block 17 14
block 18 14
block 19 14
block 20 14
block 21 14
block 35 14
block 36 14
block 37 14
block 49 14
block 50 14
block 51 14
block 52 14
block 53 14
block 16 15
block 17 15
block 18 15
block 19 15
block 20 15
block 21 15
block 35 15
block 36 15
block 37 15
block 49 15
block 50 15
block 51 15
block 52 15
block 53 15
block 0 16
block 1 16
block 35 16
block 36 16
block 37 16
block 53 16
block 54 16
block 0 17
block 1 17
block 16 17
block 17 17
block 35 17
block 36 17
block 37 17
block 53 17
block 54 17
block 16 18
block 17 18
block 35 18
block 36 18
block 37 18
block 16 19
block 17 19
block 35 19
block 36 19
block 37 19
block 16 20
block 17 20
block 16 21
block 17 21
block 16 22
block 17 22
block 16 23
block 17 23
block 42 23
block 43 23
block 44 23
block 45 23
block 46 23
block 47 23
block 48 23
block 4 24
block 5 24
block 6 24
block 42 24
block 43 24
block 44 24
block 45 24
block 46 24
block 47 24
block 48 24
block 4 25
block 5 25
block 6 25
block 19 25
block 20 25
block 21 25
block 22 25
block 42 25
block 43 25
block 44 25
block 4 26
block 5 26
block 6 26
block 19 26
block 20 26
block 21 26
block 22 26
block 42 26
block 43 26
block 44 26
block 19 27
block 20 27
block 21 27
block 22 27
block 30 27
block 31 27
block 32 27
block 50 27
block 51 27
block 52 27
block 19 28
block 20 28
block 21 28
block 22 28
block 30 28
block 31 28
block 32 28
block 50 28
block 51 28
block 52 28
block 15 29
block 16 29
block 17 29
block 18 29
block 19 29
block 20 29
block 21 29
block 22 29
block 30 29
block 31 29
block 32 29
block 50 29
block 51 29
block 52 29
block 5 30
block 6 30
block 7 30
block 15 30
block 16 30
block 17 30
block 18 30
block 30 30
block 31 30
block 32 30
block 50 30
block 51 30
block 52 30
block 5 31
block 6 31
block 7 31
block 15 31
block 16 31
block 17 31
block 18 31
block 30 31
block 31 31
block 32 31
block 50 31
block 51 31
block 52 31
block 5 32
block 6 32
block 7 32
block 15 32
block 16 32
block 17 32
block 18 32
block 30 32
block 31 32
block 32 32
block 50 32
block 51 32
block 52 32
block 5 33
block 6 33
block 7 33
block 15 33
block 16 33
block 17 33
block 18 33
block 30 33
block 31 33
block 32 33
block 50 33
block 51 33
block 52 33
block 5 34
block 6 34
block 7 34
block 15 34
block 16 34
block 17 34
block 18 34
block 5 35
block 6 35
block 7 35
block 15 35
block 16 35
block 17 35
block 18 35
block 33 35
block 34 35
block 35 35
block 36 35
block 9 36
block 10 36
block 11 36
block 12 36
block 13 36
block 33 36
block 34 36
block 35 36
block 36 36
block 9 37
block 10 37
block 11 37
block 12 37
block 13 37
block 33 37
block 34 37
block 35 37
block 36 37
block 45 37
block 46 37
block 47 37
block 48 37
##BotsAndCoinsInfo
bot_name 0 starter-bot
bot 0 41 14
bot_coins 0 0
coin 40 9
coin 14 28
round 1
bot 0 41 15
round 2
bot 0 41 16
round 3
bot 0 41 17
round 4
bot 0 41 18
round 5
bot 0 41 19
coin 8 6
coin 46 31
round 6
bot 0 41 20
round 7
bot 0 41 21
round 8
bot 0 41 22
round 9
bot 0 41 23
round 10
bot 0 41 24
coin 25 15
coin 29 22
round 11
bot 0 41 25
round 12
bot 0 41 26
round 13
bot 0 41 27
round 14
bot 0 41 28
round 15
bot 0 41 29
coin 45 28
coin 9 9
round 16
bot 0 41 30
round 17
bot 0 41 31
round 18
bot 0 41 32
round 19
bot 0 41 33
round 20
bot 0 41 34
coin 54 18
coin 0 19
round 21
bot 0 41 35
round 22
bot 0 41 36
round 23
bot 0 41 37
round 24
bot 0 40 36
round 25
bot 0 40 35
coin 22 14
coin 32 23
round 26
bot 0 40 34
round 27
bot 0 40 33
round 28
bot 0 40 32
round 29
bot 0 40 31
round 30
bot 0 40 30
coin 46 34
coin 8 3
round 31
bot 0 40 29
round 32
bot 0 40 28
round 33
bot 0 40 27
round 34
bot 0 40 26
round 35
bot 0 40 25
coin 46 36
coin 8 1
round 36
bot 0 40 24
round 37
bot 0 40 23
round 38
bot 0 40 22
round 39
bot 0 40 21
round 40
bot 0 40 20
coin 26 36
coin 28 0
round 41
bot 0 40 19
round 42
bot 0 40 18
round 43
bot 0 40 17
round 44
bot 0 40 16
round 45
bot 0 40 15
coin 32 37
coin 22 0
round 46
bot 0 40 14
round 47
bot 0 40 13
round 48
bot 0 40 12
round 49
bot 0 40 11
round 50
bot 0 40 10
coin_collected 40 9 0
bot_coins 0 1
coin 10 13
coin 45 25
round 51
bot 0 40 9
round 52
bot 0 40 8
round 53
bot 0 40 7
round 54
bot 0 40 6
round 55
bot 0 40 5
coin 36 7
coin 19 30
round 56
bot 0 40 4
round 57
bot 0 40 3
round 58
bot 0 40 2
round 59
bot 0 40 1
round 60
bot 0 40 0
coin 23 13
coin 31 24
round 61
bot 0 39 1
round 62
bot 0 39 2
round 63
bot 0 39 3
round 64
bot 0 39 4
round 65
bot 0 39 5
coin 10 6
coin 44 31
round 66
bot 0 39 6
round 67
bot 0 39 7
round 68
bot 0 39 8
round 69
bot 0 39 9
round 70
bot 0 39 10
coin 37 22
coin 17 16
round 71
bot 0 39 11
round 72
bot 0 39 12
round 73
bot 0 39 13
round 74
bot 0 39 14
round 75
bot 0 39 15
coin 0 4
coin 54 33
round 76
bot 0 39 16
round 77
bot 0 39 17
round 78
bot 0 39 18
round 79
bot 0 39 19
round 80
bot 0 39 20
coin 45 33
coin 9 4
round 81
bot 0 39 21
round 82
bot 0 39 22
round 83
bot 0 39 23
round 84
bot 0 39 24
round 85
bot 0 39 25
coin 31 37
coin 23 0
round 86
bot 0 39 26
round 87
bot 0 39 27
round 88
bot 0 39 28
round 89
bot 0 39 29
round 90
bot 0 39 30
coin 32 17
coin 22 20
round 91
bot 0 39 31
round 92
bot 0 39 32
round 93
bot 0 39 33
round 94
bot 0 39 34
round 95
bot 0 39 35
coin 43 6
coin 11 31
round 96
bot 0 39 36
round 97
bot 0 39 37
round 98
bot 0 38 36
round 99
bot 0 38 35
round 100
bot 0 38 34
coin 24 31
coin 30 6
round 101
bot 0 38 33
round 102
bot 0 38 32
round 103
bot 0 38 31
round 104
bot 0 38 30
round 105
bot 0 38 29
coin 23 11
coin 31 26
round 106
bot 0 38 28
round 107
bot 0 38 27
round 108
bot 0 38 26
round 109
bot 0 38 25
round 110
bot 0 38 24
coin 10 10
coin 44 27
round 111
bot 0 38 23
round 112
bot 0 38 22
coin_collected 37 22 0
bot_coins 0 2
round 113
bot 0 38 21
round 114
bot 0 38 20
round 115
bot 0 38 19
coin 12 23
coin 42 14
round 116
bot 0 38 18
round 117
bot 0 38 17
round 118
bot 0 38 16
round 119
bot 0 38 15
round 120
bot 0 38 14
coin 7 36
coin 49 0
round 121
bot 0 38 13
round 122
bot 0 38 12
round 123
bot 0 38 11
round 124
bot 0 38 10
round 125
bot 0 38 9
coin 48 6
coin 8 31
round 126
bot 0 38 8
round 127
bot 0 38 7
round 128
bot 0 38 6
round 129
bot 0 38 5
round 130
bot 0 38 4
coin 8 12
coin 46 25
round 131
bot 0 38 3
round 132
bot 0 38 2
round 133
bot 0 38 1
round 134
bot 0 38 0
round 135
bot 0 37 1
coin 35 4
coin 19 33
round 136
bot 0 37 2
round 137
bot 0 37 3
round 138
bot 0 37 4
round 139
bot 0 37 5
round 140
bot 0 37 6
coin 33 21
coin 21 16
round 141
bot 0 37 7
coin_collected 36 7 0
bot_coins 0 3
round 142
bot 0 37 8
round 143
bot 0 37 9
round 144
bot 0 37 10
round 145
bot 0 37 11
coin 16 36
coin 38 1
round 146
bot 0 37 12
round 147
round 148
round 149
round 150
coin 12 31
coin 42 6
round 151
round 152
round 153
round 154
round 155
coin 37 7
coin 17 28
round 156
round 157
round 158
round 159
round 160
coin 4 34
coin 50 3
round 161
round 162
round 163
round 164
round 165
coin 38 21
coin 16 16
round 166
round 167
round 168
round 169
round 170
coin 45 17
coin 9 20
round 171
round 172
round 173
round 174
round 175
coin 5 3
coin 49 34
round 176
round 177
round 178
round 179
round 180
coin 13 23
coin 41 14
round 181
round 182
round 183
round 184
round 185
coin 23 9
coin 29 28
round 186
round 187
round 188
round 189
round 190
coin 51 16
coin 3 21
round 191
round 192
round 193
round 194
round 195
coin 10 35
coin 44 2
round 196
round 197
round 198
round 199
round 200
coin 10 2
coin 44 35
match_over 0
