match
match_id 1639216287543_mw
match_time 1639216287545
num_bots 1
##MatchConfig
mode FRIENDLY
num_rounds 200
random_seed 42
move_time_limit 1000
coin_spawn_period 5
coin_spawn_volume 2
##MapConfig
map_size 79 22
view_radius 6
mining_radius 1
attack_radius 4
block 52 0
block 53 0
block 24 1
block 25 1
block 26 1
block 27 1
block 28 1
block 0 2
block 12 2
block 13 2
block 14 2
block 15 2
block 16 2
block 17 2
block 24 2
block 25 2
block 26 2
block 27 2
block 28 2
block 29 2
block 30 2
block 31 2
block 41 2
block 42 2
block 43 2
block 44 2
block 45 2
block 46 2
block 73 2
block 74 2
block 75 2
block 76 2
block 77 2
block 78 2
block 0 3
block 12 3
block 13 3
block 14 3
block 15 3
block 16 3
block 17 3
block 19 3
block 20 3
block 21 3
block 22 3
block 23 3
block 24 3
block 25 3
block 26 3
block 27 3
block 28 3
block 29 3
block 30 3
block 31 3
block 41 3
block 42 3
block 43 3
block 44 3
block 45 3
block 46 3
block 52 3
block 53 3
block 54 3
block 55 3
block 56 3
block 57 3
block 73 3
block 74 3
block 75 3
block 76 3
block 77 3
block 78 3
block 0 4
block 12 4
block 13 4
block 14 4
block 15 4
block 16 4
block 17 4
block 19 4
block 20 4
block 21 4
block 22 4
block 23 4
block 24 4
block 28 4
block 29 4
block 30 4
block 31 4
block 41 4
block 42 4
block 43 4
block 44 4
block 45 4
block 46 4
block 52 4
block 53 4
block 54 4
block 55 4
block 56 4
block 57 4
block 73 4
block 74 4
block 75 4
block 76 4
block 77 4
block 78 4
block 0 5
block 12 5
block 13 5
block 14 5
block 15 5
block 16 5
block 17 5
block 19 5
block 20 5
block 21 5
block 28 5
block 29 5
block 30 5
block 31 5
block 41 5
block 42 5
block 43 5
block 44 5
block 45 5
block 46 5
block 52 5
block 53 5
block 54 5
block 55 5
block 56 5
block 57 5
block 73 5
block 74 5
block 75 5
block 76 5
block 77 5
block 78 5
block 0 6
block 1 6
block 12 6
block 13 6
block 14 6
block 15 6
block 16 6
block 17 6
block 19 6
block 20 6
block 21 6
block 28 6
block 29 6
block 30 6
block 31 6
block 52 6
block 53 6
block 54 6
block 55 6
block 56 6
block 57 6
block 73 6
block 74 6
block 75 6
block 76 6
block 77 6
block 78 6
block 0 7
block 1 7
block 12 7
block 13 7
block 14 7
block 15 7
block 16 7
block 17 7
block 19 7
block 20 7
block 21 7
block 52 7
block 53 7
block 54 7
block 55 7
block 56 7
block 57 7
block 73 7
block 74 7
block 75 7
block 76 7
block 77 7
block 78 7
block 0 8
block 1 8
block 6 8
block 7 8
block 12 8
block 13 8
block 14 8
block 15 8
block 16 8
block 17 8
block 73 8
block 74 8
block 75 8
block 76 8
block 77 8
block 78 8
block 0 9
block 1 9
block 2 9
block 6 9
block 7 9
block 40 9
block 41 9
block 42 9
block 43 9
block 44 9
block 52 9
block 53 9
block 54 9
block 55 9
block 56 9
block 74 9
block 75 9
block 76 9
block 77 9
block 78 9
block 0 10
block 1 10
block 2 10
block 6 10
block 7 10
block 40 10
block 41 10
block 42 10
block 43 10
block 44 10
block 52 10
block 53 10
block 54 10
block 55 10
block 56 10
block 59 10
block 60 10
block 61 10
block 62 10
block 74 10
block 75 10
block 76 10
block 77 10
block 78 10
block 0 11
block 1 11
block 2 11
block 40 11
block 41 11
block 42 11
block 43 11
block 44 11
block 52 11
block 53 11
block 54 11
block 55 11
block 56 11
block 59 11
block 60 11
block 61 11
block 62 11
block 74 11
block 75 11
block 76 11
block 77 11
block 78 11
block 0 12
block 1 12
block 2 12
block 52 12
block 53 12
block 54 12
block 55 12
block 56 12
block 59 12
block 60 12
block 61 12
block 62 12
block 63 12
block 64 12
block 65 12
block 66 12
block 67 12
block 74 12
block 75 12
block 76 12
block 77 12
block 78 12
block 0 13
block 1 13
block 2 13
block 52 13
block 53 13
block 54 13
block 55 13
block 56 13
block 59 13
block 60 13
block 61 13
block 62 13
block 63 13
block 64 13
block 65 13
block 66 13
block 67 13
block 75 13
block 76 13
block 77 13
block 78 13
block 0 14
block 1 14
block 2 14
block 52 14
block 53 14
block 54 14
block 55 14
block 56 14
block 59 14
block 60 14
block 61 14
block 62 14
block 63 14
block 64 14
block 65 14
block 66 14
block 67 14
block 75 14
block 76 14
block 77 14
block 78 14
block 0 15
block 1 15
block 2 15
block 46 15
block 47 15
block 48 15
block 49 15
block 50 15
block 51 15
block 52 15
block 53 15
block 54 15
block 55 15
block 56 15
block 63 15
block 64 15
block 65 15
block 66 15
block 67 15
block 75 15
block 76 15
block 77 15
block 78 15
block 0 16
block 1 16
block 2 16
block 45 16
block 46 16
block 47 16
block 48 16
block 49 16
block 50 16
block 51 16
block 52 16
block 61 16
block 62 16
block 63 16
block 64 16
block 65 16
block 66 16
block 67 16
block 75 16
block 76 16
block 77 16
block 78 16
block 0 17
block 1 17
block 2 17
block 25 17
block 26 17
block 44 17
block 45 17
block 46 17
block 47 17
block 48 17
block 49 17
block 50 17
block 51 17
block 52 17
block 57 17
block 58 17
block 59 17
block 60 17
block 61 17
block 62 17
block 63 17
block 64 17
block 65 17
block 66 17
block 67 17
block 75 17
block 76 17
block 77 17
block 78 17
block 0 18
block 1 18
block 2 18
block 25 18
block 26 18
block 44 18
block 45 18
block 46 18
block 47 18
block 48 18
block 49 18
block 50 18
block 51 18
block 52 18
block 57 18
block 58 18
block 59 18
block 60 18
block 61 18
block 62 18
block 63 18
block 64 18
block 65 18
block 66 18
block 67 18
block 78 18
block 0 19
block 1 19
block 2 19
block 25 19
block 26 19
block 44 19
block 45 19
block 46 19
block 47 19
block 48 19
block 49 19
block 50 19
block 51 19
block 52 19
block 53 19
block 57 19
block 58 19
block 59 19
block 60 19
block 61 19
block 62 19
block 63 19
block 64 19
block 65 19
block 78 19
block 0 20
block 1 20
block 2 20
block 44 20
block 45 20
block 46 20
block 47 20
block 48 20
block 49 20
block 50 20
block 51 20
block 52 20
block 53 20
block 57 20
block 58 20
block 59 20
block 60 20
block 61 20
block 62 20
block 63 20
block 78 20
block 44 21
block 45 21
block 46 21
block 47 21
block 48 21
block 52 21
block 53 21
block 57 21
block 58 21
block 59 21
block 60 21
block 61 21
block 62 21
block 63 21
##BotsAndCoinsInfo
bot_name 0 starter-bot
bot 0 72 8
bot_coins 0 0
coin 19 15
coin 59 6
round 1
bot 0 72 9
round 2
bot 0 72 10
round 3
bot 0 72 11
round 4
bot 0 72 12
round 5
bot 0 72 13
coin 22 16
coin 58 5
round 6
bot 0 72 14
round 7
bot 0 72 15
round 8
bot 0 72 16
round 9
bot 0 72 17
round 10
bot 0 72 18
coin 74 19
coin 4 2
round 11
bot 0 72 19
round 12
bot 0 72 20
round 13
bot 0 72 21
round 14
bot 0 71 20
round 15
bot 0 71 19
coin 62 2
coin 16 19
round 16
bot 0 71 18
round 17
bot 0 71 17
round 18
bot 0 71 16
round 19
bot 0 71 15
round 20
bot 0 71 14
coin 3 17
coin 72 4
round 21
bot 0 71 13
round 22
bot 0 71 12
round 23
bot 0 71 11
round 24
bot 0 71 10
round 25
bot 0 71 9
coin 15 18
coin 63 3
round 26
bot 0 71 8
round 27
bot 0 71 7
round 28
bot 0 71 6
round 29
bot 0 71 5
round 30
bot 0 71 4
coin_collected 72 4 0
bot_coins 0 1
coin 26 0
coin 51 21
round 31
bot 0 71 3
round 32
bot 0 71 2
round 33
bot 0 71 1
round 34
bot 0 71 0
round 35
bot 0 70 1
coin 68 0
coin 10 21
round 36
bot 0 70 2
round 37
bot 0 70 3
round 38
bot 0 70 4
round 39
bot 0 70 5
round 40
bot 0 70 6
coin 27 20
coin 51 1
round 41
bot 0 70 7
round 42
bot 0 70 8
round 43
bot 0 70 9
round 44
bot 0 70 10
round 45
bot 0 70 11
coin 65 9
coin 13 12
round 46
bot 0 70 12
round 47
bot 0 70 13
round 48
bot 0 70 14
round 49
bot 0 70 15
round 50
bot 0 70 16
coin 37 15
coin 41 6
round 51
bot 0 70 17
round 52
bot 0 70 18
round 53
bot 0 70 19
round 54
bot 0 70 20
round 55
bot 0 70 21
coin 27 9
coin 51 12
round 56
bot 0 69 20
round 57
bot 0 69 19
round 58
bot 0 69 18
round 59
bot 0 69 17
round 60
bot 0 69 16
coin 35 19
coin 43 1
round 61
bot 0 69 15
round 62
bot 0 69 14
round 63
bot 0 69 13
round 64
bot 0 69 12
round 65
bot 0 69 11
coin 47 6
coin 31 15
round 66
bot 0 69 10
round 67
bot 0 69 9
round 68
bot 0 69 8
round 69
bot 0 69 7
round 70
bot 0 69 6
coin 6 18
coin 72 3
round 71
bot 0 69 5
round 72
bot 0 69 4
round 73
bot 0 69 3
round 74
bot 0 69 2
round 75
bot 0 69 1
coin 25 4
coin 53 17
round 76
bot 0 69 0
coin_collected 68 0 0
bot_coins 0 2
round 77
bot 0 68 1
round 78
bot 0 68 2
round 79
bot 0 68 3
round 80
bot 0 68 4
coin 51 13
coin 27 8
round 81
bot 0 68 5
round 82
bot 0 68 6
round 83
bot 0 68 7
round 84
bot 0 68 8
round 85
bot 0 68 9
coin 6 3
coin 72 18
round 86
bot 0 68 10
round 87
bot 0 68 11
round 88
bot 0 68 12
round 89
bot 0 68 13
round 90
bot 0 68 14
coin 30 11
coin 48 10
round 91
bot 0 68 15
round 92
bot 0 68 16
round 93
bot 0 68 17
round 94
bot 0 68 18
round 95
bot 0 68 19
coin 69 4
coin 9 17
round 96
bot 0 68 20
round 97
bot 0 68 21
round 98
bot 0 67 20
round 99
bot 0 67 19
round 100
coin 47 3
coin 31 18
round 101
round 102
round 103
round 104
round 105
coin 45 13
coin 33 8
round 106
round 107
round 108
round 109
round 110
coin 27 6
coin 51 14
round 111
round 112
round 113
round 114
round 115
coin 59 5
coin 19 16
round 116
round 117
round 118
round 119
round 120
coin 49 11
coin 29 10
round 121
round 122
round 123
round 124
round 125
coin 11 2
coin 67 20
round 126
coin_collected 67 20 0
bot_coins 0 3
round 127
round 128
round 129
round 130
coin 8 4
coin 70 17
round 131
round 132
round 133
round 134
round 135
coin 21 2
coin 56 19
round 136
round 137
round 138
round 139
round 140
coin 54 17
coin 24 5
round 141
round 142
round 143
round 144
round 145
coin 62 15
coin 18 6
round 146
round 147
round 148
round 149
round 150
coin 75 1
coin 3 20
round 151
round 152
round 153
round 154
round 155
coin 68 19
coin 10 2
round 156
coin_collected 68 19 0
bot_coins 0 4
round 157
round 158
round 159
round 160
coin 22 5
coin 56 16
round 161
round 162
round 163
round 164
round 165
coin 23 2
coin 55 19
round 166
round 167
round 168
round 169
round 170
coin 58 15
coin 22 6
round 171
round 172
round 173
round 174
round 175
coin 24 13
coin 54 8
round 176
round 177
round 178
round 179
round 180
coin 61 15
coin 18 5
round 181
round 182
round 183
round 184
round 185
coin 71 5
coin 7 16
round 186
round 187
round 188
round 189
round 190
coin 70 8
coin 8 13
round 191
round 192
round 193
round 194
round 195
coin 33 21
coin 45 0
round 196
round 197
round 198
round 199
round 200
coin 37 14
coin 41 7
match_over 0
