match
match_id 1639180937599_jh
match_time 1639180937611
num_bots 1
##MatchConfig
mode FRIENDLY
num_rounds 200
random_seed 42
move_time_limit 1000
coin_spawn_period 5
coin_spawn_volume 2
##MapConfig
map_size 62 20
view_radius 6
mining_radius 1
attack_radius 3
block 4 0
block 5 0
block 6 0
block 7 0
block 8 0
block 9 0
block 10 0
block 16 0
block 17 0
block 18 0
block 19 0
block 30 0
block 31 0
block 32 0
block 33 0
block 34 0
block 35 0
block 59 0
block 60 0
block 61 0
block 4 1
block 5 1
block 6 1
block 7 1
block 8 1
block 9 1
block 10 1
block 16 1
block 17 1
block 18 1
block 19 1
block 30 1
block 31 1
block 32 1
block 33 1
block 34 1
block 35 1
block 4 2
block 5 2
block 6 2
block 7 2
block 8 2
block 9 2
block 10 2
block 30 2
block 31 2
block 32 2
block 33 2
block 34 2
block 35 2
block 30 6
block 31 6
block 32 6
block 33 6
block 54 6
block 55 6
block 56 6
block 57 6
block 58 6
block 13 7
block 14 7
block 15 7
block 16 7
block 26 7
block 27 7
block 30 7
block 31 7
block 32 7
block 33 7
block 54 7
block 55 7
block 56 7
block 57 7
block 58 7
block 13 8
block 14 8
block 15 8
block 16 8
block 26 8
block 27 8
block 30 8
block 31 8
block 32 8
block 33 8
block 54 8
block 55 8
block 56 8
block 57 8
block 58 8
block 13 9
block 14 9
block 15 9
block 16 9
block 30 9
block 31 9
block 32 9
block 33 9
block 54 9
block 55 9
block 56 9
block 57 9
block 58 9
block 13 10
block 14 10
block 15 10
block 16 10
block 20 10
block 21 10
block 22 10
block 23 10
block 24 10
block 28 10
block 29 10
block 30 10
block 31 10
block 32 10
block 33 10
block 54 10
block 55 10
block 56 10
block 57 10
block 58 10
block 20 11
block 21 11
block 22 11
block 23 11
block 24 11
block 28 11
block 29 11
block 30 11
block 31 11
block 32 11
block 33 11
block 34 11
block 35 11
block 36 11
block 37 11
block 38 11
block 39 11
block 54 11
block 55 11
block 56 11
block 57 11
block 58 11
block 12 12
block 13 12
block 14 12
block 15 12
block 16 12
block 20 12
block 21 12
block 22 12
block 23 12
block 24 12
block 28 12
block 29 12
block 30 12
block 31 12
block 32 12
block 33 12
block 34 12
block 35 12
block 36 12
block 37 12
block 38 12
block 39 12
block 48 12
block 49 12
block 50 12
block 12 13
block 13 13
block 14 13
block 15 13
block 16 13
block 17 13
block 18 13
block 19 13
block 20 13
block 21 13
block 22 13
block 23 13
block 24 13
block 25 13
block 28 13
block 29 13
block 30 13
block 31 13
block 32 13
block 33 13
block 34 13
block 35 13
block 36 13
block 37 13
block 38 13
block 39 13
block 48 13
block 49 13
block 50 13
block 12 14
block 13 14
block 14 14
block 15 14
block 16 14
block 17 14
block 18 14
block 19 14
block 20 14
block 21 14
block 22 14
block 23 14
block 24 14
block 25 14
block 26 14
block 27 14
block 28 14
block 29 14
block 30 14
block 31 14
block 32 14
block 33 14
block 48 14
block 49 14
block 50 14
block 9 15
block 10 15
block 12 15
block 13 15
block 14 15
block 15 15
block 16 15
block 17 15
block 18 15
block 19 15
block 20 15
block 21 15
block 22 15
block 23 15
block 24 15
block 25 15
block 26 15
block 27 15
block 28 15
block 29 15
block 30 15
block 31 15
block 32 15
block 33 15
block 48 15
block 49 15
block 50 15
block 56 15
block 57 15
block 9 16
block 10 16
block 12 16
block 13 16
block 14 16
block 15 16
block 16 16
block 17 16
block 18 16
block 19 16
block 20 16
block 25 16
block 26 16
block 27 16
block 28 16
block 29 16
block 30 16
block 31 16
block 32 16
block 33 16
block 48 16
block 49 16
block 50 16
block 56 16
block 57 16
block 9 17
block 10 17
block 12 17
block 13 17
block 14 17
block 15 17
block 16 17
block 17 17
block 18 17
block 19 17
block 20 17
block 25 17
block 26 17
block 27 17
block 28 17
block 29 17
block 30 17
block 48 17
block 49 17
block 50 17
block 9 18
block 10 18
block 15 18
block 16 18
block 17 18
block 18 18
block 19 18
block 20 18
block 25 18
block 26 18
block 27 18
block 28 18
block 29 18
block 30 18
block 48 18
block 49 18
block 50 18
block 9 19
block 10 19
block 15 19
block 16 19
block 17 19
block 18 19
block 19 19
block 20 19
block 25 19
block 26 19
block 27 19
block 28 19
block 29 19
block 30 19
block 59 19
block 60 19
block 61 19
##BotsAndCoinsInfo
bot_name 0 starter-bot
bot 0 34 17
bot_coins 0 0
coin 6 3
coin 55 16
round 1
bot 0 34 18
round 2
bot 0 34 19
round 3
bot 0 33 18
round 4
bot 0 33 17
round 5
coin 34 4
coin 27 13
round 6
round 7
round 8
round 9
round 10
coin 2 5
coin 59 14
round 11
round 12
round 13
round 14
round 15
coin 3 18
coin 58 1
round 16
round 17
round 18
round 19
round 20
coin 25 12
coin 36 7
round 21
round 22
round 23
round 24
round 25
coin 34 3
coin 24 16
round 26
round 27
round 28
round 29
round 30
coin 11 12
coin 50 7
round 31
round 32
round 33
round 34
round 35
coin 58 12
coin 3 7
round 36
round 37
round 38
round 39
round 40
coin 14 11
coin 47 8
round 41
round 42
round 43
round 44
round 45
coin 49 9
coin 12 10
round 46
round 47
round 48
round 49
round 50
coin 14 3
coin 47 16
round 51
round 52
round 53
round 54
round 55
coin 58 13
coin 3 6
round 56
round 57
round 58
round 59
round 60
coin 55 1
coin 6 18
round 61
round 62
round 63
round 64
round 65
coin 7 18
coin 54 1
round 66
round 67
round 68
round 69
round 70
coin 51 6
coin 10 13
round 71
round 72
round 73
round 74
round 75
coin 54 16
coin 7 3
round 76
round 77
round 78
round 79
round 80
coin 22 5
coin 39 14
round 81
round 82
round 83
round 84
round 85
coin 12 7
coin 49 11
round 86
round 87
round 88
round 89
round 90
coin 4 13
coin 57 5
round 91
round 92
round 93
round 94
round 95
coin 25 4
coin 36 15
round 96
round 97
round 98
round 99
round 100
coin 53 5
coin 8 14
round 101
round 102
round 103
round 104
round 105
coin 24 17
coin 37 2
round 106
round 107
round 108
round 109
round 110
coin 26 13
coin 35 6
round 111
round 112
round 113
round 114
round 115
coin 23 16
coin 38 3
round 116
round 117
round 118
round 119
round 120
coin 21 3
coin 40 16
round 121
round 122
round 123
round 124
round 125
coin 49 0
coin 12 19
round 126
round 127
round 128
round 129
round 130
coin 6 16
coin 55 3
round 131
round 132
round 133
round 134
round 135
coin 34 10
coin 27 9
round 136
round 137
round 138
round 139
round 140
coin 31 19
coin 29 0
round 141
round 142
round 143
round 144
round 145
coin 15 3
coin 46 16
round 146
round 147
round 148
round 149
round 150
coin 0 19
coin 61 1
round 151
round 152
round 153
round 154
round 155
coin 18 2
coin 43 17
round 156
round 157
round 158
round 159
round 160
coin 42 14
coin 19 5
round 161
round 162
round 163
round 164
round 165
coin 42 19
coin 20 0
round 166
round 167
round 168
round 169
round 170
coin 13 19
coin 48 0
round 171
round 172
round 173
round 174
round 175
coin 52 1
coin 8 18
round 176
round 177
round 178
round 179
round 180
coin 59 9
coin 2 10
round 181
round 182
round 183
round 184
round 185
coin 27 12
coin 34 7
round 186
round 187
round 188
round 189
round 190
coin 56 0
coin 5 19
round 191
round 192
round 193
round 194
round 195
coin 26 12
coin 35 7
round 196
round 197
round 198
round 199
round 200
coin 52 14
coin 9 5
match_over 0
