match
match_id 1639167716950_aw
match_time 1639167716953
num_bots 1
##MatchConfig
mode FRIENDLY
num_rounds 200
random_seed 42
move_time_limit 1000
coin_spawn_period 5
coin_spawn_volume 2
##MapConfig
map_size 61 29
view_radius 5
mining_radius 2
attack_radius 4
block 37 0
block 38 0
block 39 0
block 40 0
block 41 0
block 42 0
block 43 0
block 44 0
block 3 1
block 4 1
block 5 1
block 6 1
block 7 1
block 8 1
block 9 1
block 37 1
block 38 1
block 39 1
block 40 1
block 41 1
block 42 1
block 43 1
block 44 1
block 3 2
block 4 2
block 5 2
block 6 2
block 7 2
block 8 2
block 9 2
block 33 2
block 34 2
block 35 2
block 36 2
block 37 2
block 38 2
block 39 2
block 40 2
block 41 2
block 42 2
block 33 3
block 34 3
block 35 3
block 36 3
block 37 3
block 38 3
block 39 3
block 40 3
block 41 3
block 42 3
block 33 4
block 34 4
block 35 4
block 36 4
block 37 4
block 38 4
block 39 4
block 40 4
block 41 4
block 42 4
block 33 5
block 34 5
block 35 5
block 36 5
block 37 5
block 38 5
block 39 5
block 40 5
block 41 5
block 42 5
block 21 6
block 22 6
block 23 6
block 24 6
block 25 6
block 26 6
block 27 6
block 33 6
block 34 6
block 35 6
block 36 6
block 37 6
block 38 6
block 39 6
block 40 6
block 41 6
block 42 6
block 21 7
block 22 7
block 23 7
block 24 7
block 25 7
block 26 7
block 27 7
block 32 10
block 33 10
block 34 10
block 35 10
block 32 11
block 33 11
block 34 11
block 35 11
block 37 11
block 38 11
block 39 11
block 40 11
block 41 11
block 32 12
block 33 12
block 34 12
block 35 12
block 37 12
block 38 12
block 39 12
block 40 12
block 41 12
block 0 13
block 1 13
block 2 13
block 3 13
block 4 13
block 5 13
block 32 13
block 33 13
block 34 13
block 35 13
block 37 13
block 38 13
block 39 13
block 40 13
block 41 13
block 48 13
block 49 13
block 50 13
block 51 13
block 52 13
block 53 13
block 54 13
block 0 14
block 1 14
block 2 14
block 3 14
block 4 14
block 5 14
block 32 14
block 33 14
block 34 14
block 35 14
block 48 14
block 49 14
block 50 14
block 51 14
block 52 14
block 53 14
block 54 14
block 0 15
block 1 15
block 2 15
block 3 15
block 4 15
block 5 15
block 32 15
block 33 15
block 34 15
block 35 15
block 48 15
block 49 15
block 50 15
block 51 15
block 52 15
block 53 15
block 54 15
block 0 16
block 1 16
block 2 16
block 3 16
block 4 16
block 5 16
block 48 16
block 49 16
block 50 16
block 51 16
block 52 16
block 53 16
block 54 16
block 0 17
block 1 17
block 2 17
block 3 17
block 4 17
block 5 17
block 48 17
block 49 17
block 50 17
block 51 17
block 52 17
block 53 17
block 54 17
block 55 17
block 56 17
block 0 18
block 1 18
block 2 18
block 3 18
block 4 18
block 5 18
block 17 18
block 18 18
block 19 18
block 20 18
block 21 18
block 22 18
block 48 18
block 49 18
block 50 18
block 51 18
block 52 18
block 53 18
block 54 18
block 55 18
block 56 18
block 0 19
block 1 19
block 2 19
block 17 19
block 18 19
block 19 19
block 20 19
block 21 19
block 22 19
block 48 19
block 49 19
block 50 19
block 51 19
block 52 19
block 53 19
block 54 19
block 55 19
block 56 19
block 17 20
block 18 20
block 19 20
block 20 20
block 21 20
block 22 20
block 25 20
block 26 20
block 27 20
block 28 20
block 29 20
block 55 20
block 56 20
block 17 21
block 18 21
block 19 21
block 20 21
block 21 21
block 22 21
block 25 21
block 26 21
block 27 21
block 28 21
block 29 21
block 25 22
block 26 22
block 27 22
block 28 22
block 29 22
block 51 23
block 52 23
block 53 23
block 54 23
block 28 24
block 29 24
block 30 24
block 41 24
block 42 24
block 43 24
block 44 24
block 45 24
block 46 24
block 51 24
block 52 24
block 53 24
block 54 24
block 28 25
block 29 25
block 30 25
block 41 25
block 42 25
block 43 25
block 44 25
block 45 25
block 46 25
block 28 26
block 29 26
block 30 26
block 41 26
block 42 26
block 43 26
block 44 26
block 45 26
block 46 26
block 28 27
block 29 27
block 30 27
block 41 27
block 42 27
block 43 27
block 44 27
block 45 27
block 46 27
block 41 28
block 42 28
block 43 28
block 44 28
block 45 28
block 46 28
##BotsAndCoinsInfo
bot_name 0 starter-bot
bot 0 19 22
bot_coins 0 0
coin 5 9
coin 54 20
round 1
round 2
round 3
round 4
round 5
match_over 0
coin 25 15
coin 36 13
round 6
