match
match_id 1639414197744_dv
match_time 1639414197747
num_bots 1
##MatchConfig
mode FRIENDLY
num_rounds 200
random_seed 42
move_time_limit 1000
coin_spawn_period 5
coin_spawn_volume 2
##MapConfig
map_size 58 35
view_radius 5
mining_radius 1
attack_radius 4
block 15 0
block 16 0
block 17 0
block 18 0
block 19 0
block 20 0
block 21 0
block 23 0
block 24 0
block 25 0
block 26 0
block 27 0
block 15 1
block 16 1
block 17 1
block 18 1
block 19 1
block 20 1
block 21 1
block 23 1
block 24 1
block 25 1
block 26 1
block 27 1
block 31 1
block 32 1
block 38 1
block 39 1
block 41 1
block 42 1
block 43 1
block 15 2
block 16 2
block 17 2
block 18 2
block 19 2
block 20 2
block 21 2
block 31 2
block 32 2
block 38 2
block 39 2
block 41 2
block 42 2
block 43 2
block 9 3
block 10 3
block 15 3
block 16 3
block 17 3
block 18 3
block 19 3
block 20 3
block 21 3
block 38 3
block 39 3
block 9 4
block 10 4
block 15 4
block 16 4
block 17 4
block 18 4
block 19 4
block 20 4
block 21 4
block 38 4
block 39 4
block 9 5
block 10 5
block 15 5
block 16 5
block 17 5
block 18 5
block 19 5
block 20 5
block 21 5
block 22 5
block 23 5
block 24 5
block 25 5
block 26 5
block 27 5
block 38 5
block 39 5
block 6 6
block 7 6
block 8 6
block 9 6
block 10 6
block 11 6
block 22 6
block 23 6
block 24 6
block 25 6
block 26 6
block 27 6
block 28 6
block 29 6
block 30 6
block 38 6
block 39 6
block 6 7
block 7 7
block 8 7
block 9 7
block 10 7
block 11 7
block 24 7
block 25 7
block 26 7
block 27 7
block 28 7
block 29 7
block 30 7
block 6 8
block 7 8
block 8 8
block 9 8
block 10 8
block 11 8
block 24 8
block 25 8
block 26 8
block 27 8
block 28 8
block 29 8
block 30 8
block 52 8
block 53 8
block 6 9
block 7 9
block 8 9
block 9 9
block 10 9
block 11 9
block 12 9
block 24 9
block 25 9
block 26 9
block 27 9
block 28 9
block 29 9
block 30 9
block 52 9
block 53 9
block 8 10
block 9 10
block 10 10
block 11 10
block 12 10
block 24 10
block 25 10
block 26 10
block 27 10
block 28 10
block 29 10
block 30 10
block 52 10
block 53 10
block 49 11
block 50 11
block 51 11
block 52 11
block 53 11
block 37 12
block 38 12
block 39 12
block 40 12
block 41 12
block 42 12
block 43 12
block 49 12
block 50 12
block 51 12
block 52 12
block 53 12
block 21 13
block 22 13
block 23 13
block 24 13
block 37 13
block 38 13
block 39 13
block 40 13
block 41 13
block 42 13
block 43 13
block 49 13
block 50 13
block 51 13
block 52 13
block 53 13
block 5 14
block 6 14
block 7 14
block 8 14
block 9 14
block 10 14
block 11 14
block 21 14
block 22 14
block 23 14
block 24 14
block 37 14
block 38 14
block 39 14
block 40 14
block 41 14
block 42 14
block 43 14
block 49 14
block 50 14
block 51 14
block 52 14
block 53 14
block 5 15
block 6 15
block 7 15
block 8 15
block 9 15
block 10 15
block 11 15
block 21 15
block 22 15
block 23 15
block 24 15
block 37 15
block 38 15
block 39 15
block 40 15
block 41 15
block 42 15
block 43 15
block 49 15
block 50 15
block 51 15
block 52 15
block 53 15
block 21 16
block 22 16
block 23 16
block 24 16
block 28 16
block 29 16
block 30 16
block 31 16
block 32 16
block 33 16
block 37 16
block 38 16
block 39 16
block 40 16
block 41 16
block 42 16
block 43 16
block 49 16
block 50 16
block 51 16
block 52 16
block 53 16
block 21 17
block 22 17
block 23 17
block 24 17
block 28 17
block 29 17
block 30 17
block 31 17
block 32 17
block 33 17
block 35 17
block 36 17
block 37 17
block 38 17
block 39 17
block 40 17
block 41 17
block 42 17
block 43 17
block 21 18
block 22 18
block 23 18
block 24 18
block 28 18
block 29 18
block 30 18
block 31 18
block 32 18
block 33 18
block 35 18
block 36 18
block 37 18
block 38 18
block 39 18
block 40 18
block 41 18
block 42 18
block 43 18
block 44 18
block 35 19
block 36 19
block 37 19
block 38 19
block 39 19
block 40 19
block 41 19
block 42 19
block 43 19
block 44 19
block 34 20
block 35 20
block 36 20
block 37 20
block 40 20
block 41 20
block 42 20
block 43 20
block 34 21
block 35 21
block 36 21
block 37 21
block 40 21
block 41 21
block 42 21
block 43 21
block 44 21
block 34 22
block 35 22
block 36 22
block 37 22
block 40 22
block 41 22
block 42 22
block 43 22
block 44 22
block 34 23
block 35 23
block 36 23
block 37 23
block 40 23
block 41 23
block 42 23
block 43 23
block 40 24
block 41 24
block 42 24
block 43 24
block 15 25
block 16 25
block 17 25
block 18 25
block 19 25
block 40 25
block 41 25
block 42 25
block 43 25
block 15 26
block 16 26
block 17 26
block 18 26
block 19 26
block 28 26
block 29 26
block 30 26
block 31 26
block 5 27
block 6 27
block 7 27
block 8 27
block 9 27
block 10 27
block 28 27
block 29 27
block 30 27
block 31 27
block 32 27
block 33 27
block 34 27
block 35 27
block 36 27
block 37 27
block 5 28
block 6 28
block 7 28
block 8 28
block 9 28
block 10 28
block 30 28
block 31 28
block 32 28
block 33 28
block 34 28
block 35 28
block 36 28
block 37 28
block 5 29
block 6 29
block 7 29
block 8 29
block 9 29
block 10 29
block 30 29
block 31 29
block 32 29
block 33 29
block 34 29
block 5 30
block 6 30
block 7 30
block 8 30
block 9 30
block 10 30
block 23 30
block 24 30
block 25 30
block 26 30
block 27 30
block 30 30
block 31 30
block 32 30
block 33 30
block 34 30
block 5 31
block 6 31
block 7 31
block 8 31
block 9 31
block 10 31
block 16 31
block 17 31
block 18 31
block 19 31
block 23 31
block 24 31
block 25 31
block 26 31
block 27 31
block 30 31
block 31 31
block 32 31
block 33 31
block 34 31
block 5 32
block 6 32
block 7 32
block 8 32
block 9 32
block 10 32
block 16 32
block 17 32
block 18 32
block 19 32
block 23 32
block 24 32
block 25 32
block 26 32
block 27 32
block 16 33
block 17 33
block 18 33
block 19 33
block 23 33
block 24 33
block 25 33
block 26 33
block 27 33
block 15 34
block 16 34
block 17 34
block 18 34
block 19 34
block 20 34
block 21 34
block 23 34
block 24 34
block 25 34
block 26 34
block 27 34
##BotsAndCoinsInfo
bot_name 0 martyn
bot 0 50 30
bot_coins 0 0
coin 44 33
coin 13 1
round 1
round 2
match_over 0
round 3
