match
match_id 1639146953459_am
match_time 1639146953466
num_bots 1
##MatchConfig
mode FRIENDLY
num_rounds 200
random_seed 42
move_time_limit 1000
coin_spawn_period 5
coin_spawn_volume 2
##MapConfig
map_size 76 39
view_radius 6
mining_radius 2
attack_radius 3
block 13 0
block 14 0
block 52 0
block 53 0
block 54 0
block 13 1
block 14 1
block 52 1
block 53 1
block 54 1
block 13 2
block 14 2
block 26 6
block 27 6
block 28 6
block 29 6
block 26 7
block 27 7
block 28 7
block 29 7
block 26 8
block 27 8
block 28 8
block 29 8
block 64 8
block 65 8
block 66 8
block 67 8
block 68 8
block 69 8
block 70 8
block 26 9
block 27 9
block 28 9
block 29 9
block 64 9
block 65 9
block 66 9
block 67 9
block 68 9
block 69 9
block 70 9
block 0 11
block 1 11
block 2 11
block 3 11
block 74 11
block 75 11
block 0 12
block 1 12
block 2 12
block 3 12
block 14 12
block 15 12
block 16 12
block 17 12
block 18 12
block 19 12
block 74 12
block 75 12
block 0 13
block 1 13
block 2 13
block 3 13
block 14 13
block 15 13
block 16 13
block 17 13
block 18 13
block 19 13
block 74 13
block 75 13
block 0 14
block 1 14
block 2 14
block 3 14
block 14 14
block 15 14
block 16 14
block 17 14
block 18 14
block 19 14
block 74 14
block 75 14
block 0 15
block 1 15
block 2 15
block 3 15
block 14 15
block 15 15
block 16 15
block 17 15
block 18 15
block 19 15
block 46 15
block 47 15
block 48 15
block 49 15
block 50 15
block 74 15
block 75 15
block 0 16
block 1 16
block 2 16
block 3 16
block 14 16
block 15 16
block 16 16
block 17 16
block 18 16
block 19 16
block 23 16
block 24 16
block 25 16
block 26 16
block 27 16
block 28 16
block 29 16
block 46 16
block 47 16
block 48 16
block 49 16
block 50 16
block 74 16
block 75 16
block 0 17
block 1 17
block 2 17
block 3 17
block 23 17
block 24 17
block 25 17
block 26 17
block 27 17
block 28 17
block 29 17
block 46 17
block 47 17
block 48 17
block 49 17
block 50 17
block 74 17
block 75 17
block 46 18
block 47 18
block 48 18
block 49 18
block 50 18
block 46 19
block 47 19
block 48 19
block 49 19
block 50 19
block 23 21
block 24 21
block 25 21
block 23 22
block 24 22
block 25 22
block 23 23
block 24 23
block 25 23
block 70 23
block 71 23
block 72 23
block 73 23
block 23 24
block 24 24
block 25 24
block 41 24
block 42 24
block 43 24
block 70 24
block 71 24
block 72 24
block 73 24
block 23 25
block 24 25
block 25 25
block 41 25
block 42 25
block 43 25
block 70 25
block 71 25
block 72 25
block 73 25
block 23 26
block 24 26
block 25 26
block 32 26
block 33 26
block 34 26
block 35 26
block 47 26
block 48 26
block 49 26
block 23 27
block 24 27
block 25 27
block 30 27
block 31 27
block 32 27
block 33 27
block 34 27
block 35 27
block 47 27
block 48 27
block 49 27
block 9 28
block 10 28
block 11 28
block 12 28
block 17 28
block 18 28
block 19 28
block 20 28
block 21 28
block 22 28
block 30 28
block 31 28
block 32 28
block 33 28
block 34 28
block 35 28
block 47 28
block 48 28
block 49 28
block 9 29
block 10 29
block 11 29
block 12 29
block 13 29
block 17 29
block 18 29
block 19 29
block 20 29
block 21 29
block 22 29
block 30 29
block 31 29
block 32 29
block 33 29
block 34 29
block 35 29
block 47 29
block 48 29
block 49 29
block 9 30
block 10 30
block 11 30
block 12 30
block 13 30
block 17 30
block 18 30
block 19 30
block 20 30
block 21 30
block 22 30
block 30 30
block 31 30
block 32 30
block 33 30
block 34 30
block 35 30
block 47 30
block 48 30
block 49 30
block 9 31
block 10 31
block 11 31
block 12 31
block 13 31
block 17 31
block 18 31
block 19 31
block 20 31
block 21 31
block 22 31
block 30 31
block 31 31
block 32 31
block 47 31
block 48 31
block 49 31
block 9 32
block 10 32
block 11 32
block 12 32
block 30 32
block 31 32
block 32 32
block 47 32
block 48 32
block 49 32
block 6 33
block 7 33
block 8 33
block 9 33
block 6 34
block 7 34
block 8 34
block 9 34
block 10 34
block 11 34
block 12 34
block 13 34
block 59 34
block 60 34
block 61 34
block 62 34
block 63 34
block 64 34
block 65 34
block 6 35
block 7 35
block 8 35
block 9 35
block 10 35
block 11 35
block 12 35
block 13 35
block 59 35
block 60 35
block 61 35
block 62 35
block 63 35
block 64 35
block 65 35
block 6 36
block 7 36
block 8 36
block 9 36
block 10 36
block 11 36
block 12 36
block 13 36
block 59 36
block 60 36
block 61 36
block 62 36
block 63 36
block 64 36
block 65 36
block 68 36
block 69 36
block 70 36
block 10 37
block 11 37
block 12 37
block 13 37
block 14 37
block 52 37
block 53 37
block 54 37
block 68 37
block 69 37
block 70 37
block 10 38
block 11 38
block 12 38
block 13 38
block 14 38
block 52 38
block 53 38
block 54 38
block 68 38
block 69 38
block 70 38
##BotsAndCoinsInfo
bot_name 0 starter-bot
bot 0 37 13
bot_coins 0 0
coin 26 33
coin 49 5
round 1
bot 0 38 12
round 2
bot 0 39 11
round 3
bot 0 40 10
round 4
bot 0 41 9
round 5
bot 0 42 8
coin 12 0
coin 63 38
round 6
bot 0 43 7
round 7
bot 0 44 6
round 8
bot 0 43 5
round 9
bot 0 42 4
round 10
bot 0 41 3
coin 6 4
coin 69 34
round 11
bot 0 40 2
round 12
bot 0 39 1
round 13
bot 0 38 0
round 14
bot 0 37 38
round 15
bot 0 36 37
coin 25 29
coin 50 9
round 16
bot 0 37 37
round 17
bot 0 38 37
round 18
bot 0 39 37
round 19
bot 0 40 37
round 20
bot 0 41 37
coin 51 2
coin 24 36
round 21
bot 0 42 37
round 22
bot 0 43 37
round 23
bot 0 44 38
round 24
bot 0 45 0
round 25
bot 0 46 1
coin 42 26
coin 33 12
round 26
bot 0 47 2
round 27
bot 0 48 3
round 28
bot 0 49 4
coin_collected 49 5 0
bot_coins 0 1
round 29
bot 0 50 5
round 30
bot 0 51 6
coin 12 6
coin 63 32
round 31
bot 0 52 5
round 32
bot 0 53 4
round 33
bot 0 54 3
round 34
bot 0 55 2
round 35
bot 0 56 1
coin 64 17
coin 11 21
round 36
bot 0 57 0
round 37
bot 0 58 38
round 38
bot 0 59 37
round 39
round 40
coin 68 21
coin 7 17
round 41
round 42
round 43
round 44
round 45
coin 11 0
coin 64 38
round 46
round 47
round 48
round 49
round 50
coin 40 4
coin 35 34
round 51
round 52
round 53
round 54
round 55
coin 54 30
coin 21 8
round 56
round 57
round 58
bot 0 58 38
round 59
bot 0 57 0
round 60
bot 0 56 1
coin 47 21
coin 28 18
round 61
bot 0 55 2
round 62
bot 0 54 3
round 63
bot 0 53 4
round 64
bot 0 52 3
coin_collected 51 2 0
bot_coins 0 2
round 65
bot 0 51 2
coin 6 19
coin 69 19
round 66
bot 0 50 1
round 67
bot 0 49 0
round 68
bot 0 48 38
round 69
bot 0 47 37
round 70
bot 0 46 36
coin 67 24
coin 8 14
round 71
bot 0 45 35
round 72
bot 0 46 34
round 73
bot 0 47 33
round 74
round 75
coin 38 36
coin 37 2
round 76
round 77
round 78
round 79
round 80
coin 62 20
coin 13 18
round 81
round 82
round 83
round 84
round 85
coin 25 8
coin 50 30
round 86
round 87
bot 0 48 34
round 88
bot 0 49 35
round 89
bot 0 50 36
round 90
bot 0 51 37
coin 60 37
coin 15 1
round 91
round 92
round 93
bot 0 50 38
round 94
bot 0 49 0
round 95
bot 0 48 1
coin 1 36
coin 74 2
round 96
bot 0 47 2
round 97
bot 0 46 3
round 98
bot 0 45 4
round 99
bot 0 44 5
round 100
bot 0 43 6
coin 27 31
coin 48 7
round 101
bot 0 44 6
round 102
bot 0 45 6
round 103
bot 0 46 6
round 104
bot 0 47 6
coin_collected 48 7 0
bot_coins 0 3
round 105
bot 0 48 6
coin 73 16
coin 2 22
round 106
bot 0 49 6
round 107
bot 0 50 6
round 108
bot 0 51 6
round 109
bot 0 52 6
round 110
bot 0 53 6
coin 31 15
coin 44 23
round 111
bot 0 52 6
round 112
bot 0 51 6
round 113
bot 0 50 6
round 114
bot 0 49 6
round 115
bot 0 48 6
coin 63 8
coin 14 30
round 116
bot 0 47 6
round 117
bot 0 46 6
round 118
bot 0 46 5
round 119
bot 0 46 4
round 120
bot 0 46 3
coin 17 10
coin 58 28
round 121
bot 0 46 2
round 122
bot 0 46 1
round 123
bot 0 46 0
round 124
bot 0 46 38
round 125
bot 0 47 0
coin 53 5
coin 22 33
round 126
bot 0 48 1
round 127
bot 0 49 2
round 128
bot 0 50 3
round 129
bot 0 51 4
round 130
bot 0 52 5
coin_collected 53 5 0
bot_coins 0 4
coin 66 28
coin 9 10
round 131
bot 0 53 6
round 132
round 133
round 134
round 135
coin 4 16
coin 71 22
round 136
round 137
round 138
round 139
round 140
bot 0 54 6
coin 57 28
coin 18 10
round 141
bot 0 55 6
round 142
bot 0 56 6
round 143
bot 0 57 6
round 144
bot 0 58 6
round 145
bot 0 59 6
coin 45 27
coin 30 11
round 146
bot 0 60 6
round 147
bot 0 61 6
round 148
bot 0 60 5
round 149
bot 0 59 4
round 150
bot 0 58 3
coin 9 37
coin 66 1
round 151
bot 0 57 2
round 152
bot 0 56 1
round 153
bot 0 55 0
round 154
bot 0 56 0
round 155
bot 0 57 0
coin 0 22
coin 75 18
round 156
bot 0 58 0
round 157
bot 0 59 0
round 158
bot 0 60 0
coin_collected 60 37 0
bot_coins 0 5
round 159
bot 0 61 0
round 160
bot 0 62 0
coin_collected 63 38 0
bot_coins 0 6
coin 26 32
coin 49 6
round 161
bot 0 63 0
coin_collected 64 38 0
bot_coins 0 7
round 162
bot 0 64 0
round 163
bot 0 65 0
coin_collected 66 1 0
bot_coins 0 8
round 164
bot 0 65 38
round 165
bot 0 65 37
coin 59 28
coin 16 10
round 166
round 167
round 168
round 169
round 170
coin 15 18
coin 60 20
round 171
round 172
round 173
bot 0 64 37
round 174
bot 0 63 37
round 175
bot 0 62 37
coin 34 8
coin 41 30
round 176
bot 0 61 37
round 177
bot 0 60 37
round 178
bot 0 59 37
round 179
bot 0 58 37
round 180
bot 0 57 37
coin 61 13
coin 14 25
round 181
bot 0 58 38
round 182
bot 0 59 0
round 183
bot 0 60 1
round 184
bot 0 61 2
round 185
bot 0 62 3
coin 57 20
coin 18 18
round 186
bot 0 63 4
round 187
bot 0 64 3
round 188
bot 0 65 2
round 189
bot 0 66 1
round 190
bot 0 67 0
coin 18 7
coin 57 31
round 191
round 192
round 193
round 194
round 195
coin 45 21
coin 30 17
round 196
bot 0 68 0
round 197
bot 0 69 0
round 198
bot 0 70 0
round 199
bot 0 71 0
round 200
bot 0 72 0
coin 4 37
coin 71 1
match_over 0
