match
match_id 1639339336627_ac
match_time 1639339336631
num_bots 1
##MatchConfig
mode FRIENDLY
num_rounds 200
random_seed 42
move_time_limit 1000
coin_spawn_period 5
coin_spawn_volume 2
##MapConfig
map_size 71 32
view_radius 5
mining_radius 1
attack_radius 4
block 42 4
block 43 4
block 44 4
block 54 4
block 55 4
block 56 4
block 57 4
block 58 4
block 59 4
block 42 5
block 43 5
block 44 5
block 54 5
block 55 5
block 56 5
block 57 5
block 58 5
block 59 5
block 42 6
block 43 6
block 44 6
block 54 6
block 55 6
block 56 6
block 57 6
block 58 6
block 59 6
block 27 7
block 28 7
block 29 7
block 30 7
block 31 7
block 32 7
block 33 7
block 42 7
block 43 7
block 44 7
block 54 7
block 55 7
block 56 7
block 57 7
block 58 7
block 59 7
block 27 8
block 28 8
block 29 8
block 30 8
block 31 8
block 32 8
block 33 8
block 42 8
block 43 8
block 44 8
block 54 8
block 55 8
block 56 8
block 57 8
block 58 8
block 59 8
block 42 9
block 43 9
block 44 9
block 54 9
block 55 9
block 56 9
block 57 9
block 58 9
block 59 9
block 42 10
block 43 10
block 44 10
block 54 10
block 55 10
block 56 10
block 57 10
block 58 10
block 59 10
block 33 21
block 34 21
block 35 21
block 36 21
block 33 22
block 34 22
block 35 22
block 36 22
block 33 23
block 34 23
block 35 23
block 36 23
block 37 25
block 38 25
block 39 25
block 45 25
block 46 25
block 47 25
block 37 26
block 38 26
block 39 26
block 45 26
block 46 26
block 47 26
block 37 27
block 38 27
block 39 27
block 45 27
block 46 27
block 47 27
block 37 28
block 38 28
block 39 28
block 45 28
block 46 28
block 47 28
block 37 29
block 38 29
block 39 29
block 45 29
block 46 29
block 47 29
block 24 30
block 25 30
block 26 30
block 27 30
block 28 30
block 29 30
block 30 30
block 37 30
block 38 30
block 39 30
block 45 30
block 46 30
block 47 30
block 24 31
block 25 31
block 26 31
block 27 31
block 28 31
block 29 31
block 30 31
block 45 31
block 46 31
block 47 31
##BotsAndCoinsInfo
bot_name 0 starter-bot
bot 0 13 4
bot_coins 0 0
coin 18 1
coin 52 30
round 1
bot 0 13 5
round 2
bot 0 13 6
round 3
bot 0 13 7
round 4
bot 0 13 8
round 5
bot 0 13 9
coin 11 1
coin 59 30
round 6
bot 0 13 10
round 7
bot 0 13 11
round 8
bot 0 13 12
round 9
bot 0 13 13
round 10
bot 0 13 14
coin 15 30
coin 55 1
round 11
bot 0 13 15
round 12
bot 0 13 16
round 13
bot 0 13 17
round 14
bot 0 13 18
round 15
bot 0 13 19
coin 41 22
coin 29 9
round 16
bot 0 13 20
round 17
bot 0 13 21
round 18
bot 0 13 22
round 19
bot 0 13 23
round 20
bot 0 13 24
coin 30 2
coin 40 29
round 21
bot 0 13 25
round 22
bot 0 13 26
round 23
bot 0 13 27
round 24
bot 0 13 28
round 25
bot 0 13 29
coin 20 14
coin 50 17
round 26
bot 0 13 30
round 27
bot 0 13 31
round 28
bot 0 12 30
round 29
bot 0 12 29
round 30
bot 0 12 28
coin 47 12
coin 23 19
round 31
bot 0 12 27
round 32
bot 0 12 26
round 33
bot 0 12 25
round 34
bot 0 12 24
round 35
bot 0 12 23
coin 52 22
coin 18 9
round 36
bot 0 12 22
round 37
bot 0 12 21
round 38
bot 0 12 20
round 39
bot 0 12 19
round 40
bot 0 12 18
coin 5 24
coin 65 7
round 41
bot 0 12 17
round 42
bot 0 12 16
round 43
bot 0 12 15
round 44
bot 0 12 14
round 45
bot 0 12 13
coin 32 31
coin 38 0
round 46
bot 0 12 12
round 47
bot 0 12 11
round 48
bot 0 12 10
round 49
bot 0 12 9
round 50
bot 0 12 8
coin 64 4
coin 6 27
round 51
bot 0 12 7
round 52
bot 0 12 6
round 53
bot 0 12 5
round 54
bot 0 12 4
round 55
bot 0 12 3
coin 32 14
coin 38 17
round 56
bot 0 12 2
round 57
bot 0 12 1
coin_collected 11 1 0
bot_coins 0 1
round 58
bot 0 12 0
round 59
bot 0 11 1
round 60
bot 0 11 2
coin 35 29
coin 35 2
round 61
bot 0 11 3
round 62
bot 0 11 4
round 63
bot 0 11 5
round 64
bot 0 11 6
round 65
bot 0 11 7
coin 43 25
coin 27 6
round 66
bot 0 11 8
round 67
bot 0 11 9
round 68
bot 0 11 10
round 69
bot 0 11 11
round 70
bot 0 11 12
coin 44 3
coin 26 28
round 71
bot 0 11 13
round 72
bot 0 11 14
round 73
bot 0 11 15
round 74
bot 0 11 16
round 75
bot 0 11 17
coin 25 10
coin 45 21
round 76
bot 0 11 18
round 77
bot 0 11 19
round 78
bot 0 11 20
round 79
bot 0 11 21
round 80
bot 0 11 22
coin 8 8
coin 62 23
round 81
bot 0 11 23
round 82
bot 0 11 24
round 83
bot 0 11 25
round 84
bot 0 11 26
round 85
bot 0 11 27
coin 18 11
coin 52 20
round 86
bot 0 11 28
round 87
bot 0 11 29
round 88
bot 0 11 30
round 89
bot 0 11 31
round 90
bot 0 10 30
coin 46 5
coin 24 26
round 91
bot 0 10 29
round 92
bot 0 10 28
round 93
bot 0 10 27
round 94
bot 0 10 26
round 95
bot 0 10 25
coin 60 8
coin 10 23
round 96
bot 0 10 24
coin_collected 10 23 0
bot_coins 0 2
round 97
bot 0 10 23
round 98
bot 0 10 22
round 99
bot 0 10 21
round 100
bot 0 10 20
coin 56 20
coin 14 11
round 101
bot 0 10 19
round 102
bot 0 10 18
round 103
bot 0 10 17
round 104
bot 0 10 16
round 105
bot 0 10 15
coin 35 3
coin 35 28
round 106
bot 0 10 14
round 107
bot 0 10 13
round 108
bot 0 10 12
round 109
bot 0 10 11
round 110
bot 0 10 10
coin 8 2
coin 62 29
round 111
bot 0 10 9
round 112
bot 0 10 8
round 113
bot 0 10 7
round 114
bot 0 10 6
round 115
bot 0 10 5
coin 65 25
coin 5 6
round 116
bot 0 10 4
round 117
bot 0 10 3
round 118
bot 0 10 2
round 119
bot 0 10 1
round 120
bot 0 10 0
coin 64 10
coin 6 21
round 121
bot 0 9 1
round 122
bot 0 9 2
coin_collected 8 2 0
bot_coins 0 3
round 123
bot 0 9 3
round 124
bot 0 9 4
round 125
bot 0 9 5
coin 8 6
coin 62 25
round 126
bot 0 9 6
coin_collected 8 6 0
bot_coins 0 4
round 127
bot 0 9 7
round 128
bot 0 9 8
coin_collected 8 8 0
bot_coins 0 5
round 129
bot 0 9 9
round 130
bot 0 9 10
coin 39 0
coin 31 31
round 131
bot 0 9 11
round 132
bot 0 9 12
round 133
bot 0 9 13
round 134
bot 0 9 14
round 135
bot 0 9 15
coin 9 24
coin 61 7
round 136
bot 0 9 16
round 137
bot 0 9 17
round 138
bot 0 9 18
round 139
bot 0 9 19
round 140
bot 0 9 20
coin 38 2
coin 32 29
round 141
bot 0 9 21
round 142
bot 0 9 22
round 143
bot 0 9 23
coin_collected 9 24 0
bot_coins 0 6
round 144
bot 0 9 24
round 145
bot 0 9 25
coin 59 17
coin 11 14
round 146
bot 0 9 26
round 147
bot 0 9 27
round 148
bot 0 9 28
round 149
bot 0 9 29
round 150
bot 0 9 30
coin 1 27
coin 69 4
round 151
bot 0 9 31
round 152
bot 0 8 30
round 153
bot 0 8 29
round 154
bot 0 8 28
round 155
bot 0 8 27
coin 60 7
coin 10 24
round 156
bot 0 8 26
round 157
bot 0 8 25
round 158
bot 0 8 24
round 159
bot 0 8 23
round 160
bot 0 8 22
coin 39 19
coin 31 12
round 161
bot 0 8 21
round 162
bot 0 8 20
round 163
bot 0 8 19
round 164
bot 0 8 18
round 165
bot 0 8 17
coin 69 6
coin 1 25
round 166
bot 0 8 16
round 167
bot 0 8 15
round 168
bot 0 8 14
round 169
bot 0 8 13
round 170
bot 0 8 12
coin 36 12
coin 34 19
round 171
bot 0 8 11
round 172
bot 0 8 10
round 173
bot 0 8 9
round 174
bot 0 8 8
round 175
bot 0 8 7
coin 50 4
coin 20 27
round 176
bot 0 8 6
round 177
bot 0 8 5
round 178
bot 0 8 4
round 179
bot 0 8 3
round 180
bot 0 8 2
coin 35 13
coin 35 18
round 181
bot 0 8 1
round 182
bot 0 8 0
round 183
bot 0 7 1
round 184
bot 0 7 2
round 185
bot 0 7 3
coin 16 20
coin 54 11
round 186
bot 0 7 4
round 187
bot 0 7 5
round 188
bot 0 7 6
round 189
bot 0 7 7
round 190
bot 0 7 8
coin 40 22
coin 30 9
round 191
bot 0 7 9
round 192
bot 0 7 10
round 193
bot 0 7 11
round 194
bot 0 7 12
round 195
bot 0 7 13
coin 4 30
coin 66 1
round 196
bot 0 7 14
round 197
bot 0 7 15
round 198
bot 0 7 16
round 199
bot 0 7 17
round 200
bot 0 7 18
coin 59 18
coin 11 13
match_over 0
