match
match_id 1639403019479_bk
match_time 1639403019481
num_bots 1
##MatchConfig
mode FRIENDLY
num_rounds 200
random_seed 42
move_time_limit 1000
coin_spawn_period 5
coin_spawn_volume 2
##MapConfig
map_size 58 26
view_radius 5
mining_radius 1
attack_radius 3
block 3 0
block 4 0
block 5 0
block 6 0
block 7 0
block 8 0
block 10 0
block 11 0
block 14 0
block 15 0
block 16 0
block 30 0
block 31 0
block 32 0
block 33 0
block 34 0
block 35 0
block 36 0
block 1 1
block 2 1
block 3 1
block 4 1
block 5 1
block 6 1
block 7 1
block 8 1
block 10 1
block 11 1
block 14 1
block 15 1
block 16 1
block 30 1
block 31 1
block 32 1
block 33 1
block 34 1
block 35 1
block 36 1
block 1 2
block 2 2
block 3 2
block 4 2
block 5 2
block 6 2
block 7 2
block 8 2
block 9 2
block 10 2
block 11 2
block 12 2
block 14 2
block 15 2
block 16 2
block 30 2
block 31 2
block 32 2
block 33 2
block 34 2
block 35 2
block 36 2
block 37 2
block 38 2
block 0 3
block 1 3
block 2 3
block 3 3
block 4 3
block 5 3
block 6 3
block 7 3
block 8 3
block 9 3
block 10 3
block 11 3
block 12 3
block 30 3
block 31 3
block 32 3
block 33 3
block 34 3
block 35 3
block 36 3
block 37 3
block 38 3
block 57 3
block 0 4
block 1 4
block 2 4
block 3 4
block 4 4
block 5 4
block 6 4
block 7 4
block 8 4
block 9 4
block 10 4
block 11 4
block 12 4
block 17 4
block 18 4
block 19 4
block 20 4
block 21 4
block 30 4
block 31 4
block 32 4
block 33 4
block 34 4
block 35 4
block 36 4
block 37 4
block 38 4
block 57 4
block 5 5
block 6 5
block 7 5
block 8 5
block 9 5
block 10 5
block 11 5
block 12 5
block 17 5
block 18 5
block 19 5
block 20 5
block 21 5
block 32 5
block 33 5
block 34 5
block 35 5
block 36 5
block 5 6
block 6 6
block 7 6
block 8 6
block 17 6
block 18 6
block 19 6
block 20 6
block 21 6
block 32 6
block 33 6
block 34 6
block 35 6
block 36 6
block 43 6
block 44 6
block 45 6
block 46 6
block 47 6
block 48 6
block 49 6
block 5 7
block 6 7
block 7 7
block 8 7
block 17 7
block 18 7
block 19 7
block 20 7
block 21 7
block 32 7
block 33 7
block 34 7
block 35 7
block 36 7
block 43 7
block 44 7
block 45 7
block 46 7
block 47 7
block 48 7
block 49 7
block 5 8
block 6 8
block 7 8
block 8 8
block 17 8
block 18 8
block 19 8
block 20 8
block 21 8
block 32 8
block 33 8
block 34 8
block 35 8
block 36 8
block 43 8
block 44 8
block 45 8
block 46 8
block 47 8
block 48 8
block 49 8
block 21 9
block 22 9
block 23 9
block 24 9
block 25 9
block 26 9
block 21 10
block 22 10
block 23 10
block 24 10
block 25 10
block 26 10
block 19 11
block 20 11
block 21 11
block 22 11
block 23 11
block 24 11
block 25 11
block 26 11
block 19 12
block 20 12
block 21 12
block 22 12
block 23 12
block 24 12
block 25 12
block 26 12
block 36 12
block 37 12
block 38 12
block 39 12
block 40 12
block 41 12
block 42 12
block 36 13
block 37 13
block 38 13
block 39 13
block 40 13
block 41 13
block 42 13
block 4 14
block 5 14
block 6 14
block 7 14
block 8 14
block 9 14
block 10 14
block 36 14
block 37 14
block 38 14
block 39 14
block 40 14
block 41 14
block 42 14
block 43 14
block 44 14
block 45 14
block 46 14
block 4 15
block 5 15
block 6 15
block 7 15
block 8 15
block 9 15
block 10 15
block 36 15
block 37 15
block 38 15
block 39 15
block 40 15
block 41 15
block 42 15
block 43 15
block 44 15
block 45 15
block 46 15
block 4 16
block 5 16
block 6 16
block 7 16
block 8 16
block 9 16
block 10 16
block 36 16
block 37 16
block 38 16
block 39 16
block 40 16
block 41 16
block 42 16
block 43 16
block 44 16
block 45 16
block 46 16
block 36 17
block 37 17
block 38 17
block 39 17
block 40 17
block 41 17
block 42 17
block 43 17
block 44 17
block 45 17
block 46 17
block 47 17
block 48 17
block 43 18
block 44 18
block 45 18
block 46 18
block 47 18
block 48 18
block 2 19
block 3 19
block 4 19
block 5 19
block 6 19
block 7 19
block 17 19
block 18 19
block 19 19
block 20 19
block 21 19
block 22 19
block 23 19
block 44 19
block 45 19
block 46 19
block 47 19
block 48 19
block 2 20
block 3 20
block 4 20
block 5 20
block 6 20
block 7 20
block 17 20
block 18 20
block 19 20
block 20 20
block 21 20
block 22 20
block 23 20
block 44 20
block 45 20
block 46 20
block 47 20
block 48 20
block 2 21
block 3 21
block 4 21
block 5 21
block 6 21
block 7 21
block 17 21
block 18 21
block 19 21
block 20 21
block 21 21
block 22 21
block 23 21
block 2 22
block 3 22
block 4 22
block 5 22
block 6 22
block 7 22
block 14 22
block 15 22
block 16 22
block 19 22
block 20 22
block 21 22
block 22 22
block 23 22
block 14 23
block 15 23
block 16 23
block 30 23
block 31 23
block 32 23
block 33 23
block 34 23
block 35 23
block 36 23
block 10 24
block 11 24
block 14 24
block 15 24
block 16 24
block 30 24
block 31 24
block 32 24
block 33 24
block 34 24
block 35 24
block 36 24
block 7 25
block 8 25
block 10 25
block 11 25
block 14 25
block 15 25
block 16 25
block 30 25
block 31 25
block 32 25
block 33 25
block 34 25
block 35 25
block 36 25
##BotsAndCoinsInfo
bot_name 0 starter-bot
bot 0 34 19
bot_coins 0 0
coin 44 9
coin 13 16
round 1
bot 0 34 20
round 2
bot 0 34 21
round 3
bot 0 34 22
round 4
bot 0 33 22
round 5
bot 0 32 22
coin 38 11
coin 19 14
round 6
bot 0 31 22
round 7
bot 0 30 22
round 8
bot 0 29 22
round 9
bot 0 29 23
round 10
bot 0 29 24
coin 42 18
coin 15 7
round 11
bot 0 29 25
round 12
bot 0 28 24
round 13
bot 0 28 23
round 14
bot 0 28 22
round 15
bot 0 28 21
coin 27 16
coin 30 9
round 16
bot 0 28 20
round 17
bot 0 27 19
round 18
bot 0 26 18
round 19
bot 0 27 17
coin_collected 27 16 0
bot_coins 0 1
round 20
bot 0 27 16
coin 31 15
coin 27 10
round 21
bot 0 27 15
round 22
bot 0 28 14
round 23
bot 0 29 15
round 24
bot 0 30 14
round 25
bot 0 31 15
coin_collected 31 15 0
bot_coins 0 2
coin 26 0
coin 29 25
round 26
bot 0 31 14
round 27
bot 0 31 13
round 28
bot 0 30 14
round 29
bot 0 31 15
round 30
bot 0 31 14
coin 16 6
coin 41 19
round 31
bot 0 31 13
round 32
bot 0 30 14
round 33
bot 0 31 15
round 34
bot 0 31 14
round 35
bot 0 31 13
coin 20 3
coin 37 22
round 36
bot 0 30 14
round 37
bot 0 31 15
round 38
bot 0 31 14
round 39
bot 0 31 13
round 40
bot 0 30 14
coin 20 9
coin 35 16
round 41
bot 0 31 15
round 42
bot 0 31 14
round 43
bot 0 32 15
round 44
bot 0 33 16
round 45
bot 0 34 15
coin 6 25
coin 51 0
round 46
bot 0 35 16
coin_collected 35 16 0
bot_coins 0 3
round 47
bot 0 35 15
round 48
bot 0 35 14
round 49
round 50
coin 48 16
coin 9 9
round 51
round 52
round 53
round 54
round 55
coin 28 17
coin 29 8
round 56
round 57
round 58
round 59
round 60
coin 5 23
coin 52 2
round 61
round 62
round 63
round 64
round 65
coin 31 6
coin 26 19
round 66
round 67
round 68
round 69
round 70
coin 9 24
coin 48 1
round 71
round 72
round 73
round 74
round 75
coin 30 10
coin 27 15
round 76
round 77
round 78
round 79
round 80
coin 2 7
coin 55 18
round 81
round 82
round 83
round 84
round 85
coin 47 21
coin 10 6
round 86
round 87
round 88
round 89
round 90
coin 10 11
coin 47 14
round 91
round 92
round 93
round 94
round 95
coin 51 10
coin 6 13
round 96
round 97
round 98
round 99
round 100
coin 43 5
coin 14 20
round 101
round 102
round 103
round 104
round 105
coin 23 3
coin 34 22
round 106
round 107
round 108
round 109
round 110
coin 12 1
coin 45 24
round 111
round 112
round 113
round 114
round 115
coin 21 23
coin 37 1
round 116
round 117
round 118
round 119
round 120
coin 33 22
coin 24 3
round 121
round 122
round 123
round 124
round 125
coin 57 18
coin 0 7
round 126
round 127
round 128
round 129
round 130
coin 9 1
coin 48 24
round 131
round 132
round 133
round 134
round 135
coin 26 16
coin 31 9
round 136
round 137
round 138
round 139
round 140
coin 25 15
coin 32 10
round 141
round 142
round 143
round 144
round 145
coin 21 1
coin 37 24
round 146
round 147
round 148
round 149
round 150
coin 55 9
coin 2 16
round 151
round 152
round 153
round 154
round 155
coin 52 9
coin 5 17
round 156
round 157
round 158
round 159
round 160
coin 16 5
coin 41 20
round 161
round 162
round 163
round 164
round 165
coin 11 15
coin 46 10
round 166
round 167
round 168
round 169
round 170
coin 3 5
coin 54 20
round 171
round 172
round 173
round 174
round 175
coin 44 21
coin 13 4
round 176
round 177
round 178
round 179
round 180
coin 43 13
coin 14 12
round 181
round 182
round 183
round 184
round 185
coin 50 7
coin 7 18
round 186
round 187
round 188
round 189
round 190
coin 46 21
coin 11 6
round 191
round 192
round 193
round 194
round 195
coin 29 21
coin 28 4
round 196
round 197
round 198
round 199
round 200
coin 2 24
coin 55 1
match_over 0
