match
match_id 1639175985532_gm
match_time 1639175985535
num_bots 1
##MatchConfig
mode FRIENDLY
num_rounds 200
random_seed 42
move_time_limit 1000
coin_spawn_period 5
coin_spawn_volume 2
##MapConfig
map_size 69 30
view_radius 5
mining_radius 1
attack_radius 3
block 13 0
block 14 0
block 15 0
block 16 0
block 17 0
block 18 0
block 19 0
block 20 0
block 21 0
block 22 0
block 23 0
block 24 0
block 25 0
block 26 0
block 58 0
block 59 0
block 60 0
block 13 1
block 14 1
block 15 1
block 16 1
block 17 1
block 18 1
block 19 1
block 20 1
block 21 1
block 22 1
block 23 1
block 24 1
block 25 1
block 58 1
block 59 1
block 60 1
block 13 2
block 14 2
block 15 2
block 16 2
block 17 2
block 18 2
block 19 2
block 20 2
block 21 2
block 22 2
block 23 2
block 24 2
block 25 2
block 43 2
block 44 2
block 45 2
block 2 3
block 3 3
block 4 3
block 5 3
block 6 3
block 13 3
block 14 3
block 15 3
block 16 3
block 17 3
block 18 3
block 22 3
block 23 3
block 24 3
block 25 3
block 43 3
block 44 3
block 45 3
block 2 4
block 3 4
block 4 4
block 5 4
block 6 4
block 43 4
block 44 4
block 45 4
block 2 5
block 3 5
block 4 5
block 5 5
block 6 5
block 15 5
block 16 5
block 17 5
block 18 5
block 19 5
block 37 5
block 38 5
block 39 5
block 40 5
block 41 5
block 42 5
block 43 5
block 44 5
block 45 5
block 2 6
block 3 6
block 4 6
block 5 6
block 6 6
block 15 6
block 16 6
block 17 6
block 18 6
block 19 6
block 32 6
block 33 6
block 34 6
block 35 6
block 36 6
block 37 6
block 38 6
block 39 6
block 40 6
block 41 6
block 42 6
block 43 6
block 44 6
block 45 6
block 49 6
block 50 6
block 2 7
block 3 7
block 4 7
block 5 7
block 6 7
block 15 7
block 16 7
block 17 7
block 18 7
block 19 7
block 32 7
block 33 7
block 34 7
block 35 7
block 36 7
block 37 7
block 38 7
block 39 7
block 40 7
block 41 7
block 42 7
block 43 7
block 44 7
block 45 7
block 49 7
block 50 7
block 51 7
block 52 7
block 53 7
block 54 7
block 55 7
block 56 7
block 15 8
block 16 8
block 17 8
block 18 8
block 19 8
block 32 8
block 33 8
block 34 8
block 35 8
block 36 8
block 37 8
block 38 8
block 39 8
block 40 8
block 41 8
block 42 8
block 43 8
block 44 8
block 45 8
block 49 8
block 50 8
block 51 8
block 52 8
block 53 8
block 54 8
block 55 8
block 56 8
block 15 9
block 16 9
block 17 9
block 18 9
block 19 9
block 32 9
block 33 9
block 34 9
block 35 9
block 36 9
block 37 9
block 38 9
block 39 9
block 40 9
block 41 9
block 42 9
block 43 9
block 49 9
block 50 9
block 62 9
block 63 9
block 64 9
block 15 10
block 16 10
block 17 10
block 18 10
block 19 10
block 49 10
block 50 10
block 62 10
block 63 10
block 64 10
block 49 11
block 50 11
block 62 11
block 63 11
block 64 11
block 11 12
block 12 12
block 13 12
block 14 12
block 35 12
block 36 12
block 37 12
block 46 12
block 47 12
block 48 12
block 49 12
block 50 12
block 51 12
block 11 13
block 12 13
block 13 13
block 14 13
block 35 13
block 36 13
block 37 13
block 46 13
block 47 13
block 48 13
block 49 13
block 50 13
block 51 13
block 11 14
block 12 14
block 13 14
block 14 14
block 35 14
block 36 14
block 37 14
block 11 15
block 12 15
block 13 15
block 14 15
block 35 15
block 36 15
block 37 15
block 38 15
block 39 15
block 10 16
block 11 16
block 12 16
block 13 16
block 14 16
block 15 16
block 35 16
block 36 16
block 37 16
block 38 16
block 39 16
block 10 17
block 11 17
block 12 17
block 13 17
block 14 17
block 15 17
block 35 17
block 36 17
block 37 17
block 38 17
block 39 17
block 11 18
block 12 18
block 13 18
block 14 18
block 35 18
block 36 18
block 37 18
block 31 19
block 32 19
block 33 19
block 34 19
block 27 20
block 28 20
block 29 20
block 30 20
block 31 20
block 32 20
block 33 20
block 34 20
block 24 21
block 25 21
block 26 21
block 27 21
block 28 21
block 29 21
block 30 21
block 31 21
block 32 21
block 33 21
block 34 21
block 24 22
block 25 22
block 26 22
block 27 22
block 28 22
block 29 22
block 30 22
block 31 22
block 32 22
block 33 22
block 34 22
block 24 23
block 25 23
block 26 23
block 27 23
block 31 23
block 32 23
block 33 23
block 34 23
block 19 24
block 20 24
block 21 24
block 22 24
block 23 24
block 24 24
block 25 24
block 26 24
block 31 24
block 32 24
block 33 24
block 34 24
block 19 25
block 20 25
block 21 25
block 22 25
block 23 25
block 24 25
block 25 25
block 26 25
block 3 26
block 4 26
block 5 26
block 6 26
block 7 26
block 19 26
block 20 26
block 21 26
block 22 26
block 23 26
block 24 26
block 25 26
block 26 26
block 3 27
block 4 27
block 5 27
block 6 27
block 7 27
block 13 27
block 14 27
block 15 27
block 16 27
block 17 27
block 18 27
block 19 27
block 20 27
block 21 27
block 22 27
block 23 27
block 24 27
block 25 27
block 26 27
block 13 28
block 14 28
block 15 28
block 16 28
block 17 28
block 18 28
block 19 28
block 20 28
block 21 28
block 22 28
block 23 28
block 24 28
block 25 28
block 26 28
block 58 28
block 59 28
block 60 28
block 13 29
block 14 29
block 15 29
block 16 29
block 17 29
block 18 29
block 19 29
block 20 29
block 21 29
block 22 29
block 23 29
block 24 29
block 25 29
block 26 29
block 58 29
block 59 29
block 60 29
##BotsAndCoinsInfo
bot_name 0 starter-bot
bot 0 66 6
bot_coins 0 0
coin 29 3
coin 39 26
round 1
round 2
round 3
match_over 0
round 4
