match
match_id 1639167872825_bc
match_time 1639167872827
num_bots 1
##MatchConfig
mode FRIENDLY
num_rounds 200
random_seed 42
move_time_limit 1000
coin_spawn_period 5
coin_spawn_volume 2
##MapConfig
map_size 51 34
view_radius 5
mining_radius 1
attack_radius 4
block 3 0
block 4 0
block 5 0
block 6 0
block 7 0
block 44 0
block 45 0
block 46 0
block 47 0
block 48 0
block 44 1
block 45 1
block 46 1
block 47 1
block 48 1
block 39 2
block 40 2
block 41 2
block 42 2
block 43 2
block 44 2
block 45 2
block 46 2
block 47 2
block 48 2
block 39 3
block 40 3
block 41 3
block 42 3
block 43 3
block 44 3
block 45 3
block 46 3
block 47 3
block 39 4
block 40 4
block 41 4
block 42 4
block 43 4
block 44 4
block 39 5
block 40 5
block 41 5
block 42 5
block 43 5
block 44 5
block 35 6
block 36 6
block 37 6
block 39 6
block 40 6
block 41 6
block 42 6
block 43 6
block 44 6
block 35 7
block 36 7
block 37 7
block 8 8
block 9 8
block 35 8
block 36 8
block 37 8
block 8 9
block 9 9
block 8 10
block 9 10
block 8 11
block 9 11
block 0 12
block 1 12
block 2 12
block 3 12
block 4 12
block 5 12
block 6 12
block 8 12
block 9 12
block 0 13
block 1 13
block 2 13
block 3 13
block 4 13
block 5 13
block 6 13
block 0 14
block 1 14
block 2 14
block 3 14
block 4 14
block 5 14
block 6 14
block 0 15
block 1 15
block 2 15
block 3 15
block 4 15
block 5 15
block 6 15
block 7 15
block 8 15
block 9 15
block 10 15
block 42 15
block 43 15
block 44 15
block 0 16
block 1 16
block 2 16
block 3 16
block 4 16
block 5 16
block 6 16
block 7 16
block 8 16
block 9 16
block 10 16
block 42 16
block 43 16
block 44 16
block 41 17
block 42 17
block 43 17
block 13 18
block 14 18
block 15 18
block 16 18
block 17 18
block 18 18
block 19 18
block 41 18
block 42 18
block 43 18
block 12 19
block 13 19
block 14 19
block 15 19
block 16 19
block 17 19
block 18 19
block 19 19
block 41 19
block 42 19
block 43 19
block 12 20
block 13 20
block 14 20
block 15 20
block 16 20
block 17 20
block 18 20
block 19 20
block 41 20
block 42 20
block 43 20
block 12 21
block 13 21
block 14 21
block 15 21
block 16 21
block 17 21
block 18 21
block 19 21
block 41 21
block 42 21
block 43 21
block 12 22
block 13 22
block 14 22
block 15 22
block 16 22
block 17 22
block 18 22
block 39 22
block 40 22
block 41 22
block 42 22
block 43 22
block 39 23
block 40 23
block 41 23
block 39 24
block 40 24
block 41 24
block 39 25
block 40 25
block 41 25
block 3 28
block 4 28
block 5 28
block 6 28
block 7 28
block 3 29
block 4 29
block 5 29
block 6 29
block 7 29
block 3 30
block 4 30
block 5 30
block 6 30
block 7 30
block 45 30
block 46 30
block 47 30
block 48 30
block 49 30
block 50 30
block 3 31
block 4 31
block 5 31
block 6 31
block 7 31
block 45 31
block 46 31
block 47 31
block 48 31
block 49 31
block 50 31
block 3 32
block 4 32
block 5 32
block 6 32
block 7 32
block 14 32
block 15 32
block 16 32
block 44 32
block 45 32
block 46 32
block 47 32
block 48 32
block 3 33
block 4 33
block 5 33
block 6 33
block 7 33
block 14 33
block 15 33
block 16 33
block 44 33
block 45 33
block 46 33
block 47 33
block 48 33
##BotsAndCoinsInfo
bot_name 0 starter-bot
bot 0 27 33
bot_coins 0 0
coin 26 11
coin 24 22
round 1
round 2
round 3
round 4
round 5
coin 0 11
coin 50 22
round 6
round 7
round 8
round 9
round 10
coin 10 9
coin 40 26
round 11
round 12
round 13
round 14
round 15
coin 17 12
coin 33 21
round 16
round 17
round 18
round 19
round 20
coin 1 7
coin 49 26
round 21
round 22
round 23
match_over 0
round 24
