match
match_id 1639168528267_bp
match_time 1639168528270
num_bots 1
##MatchConfig
mode FRIENDLY
num_rounds 200
random_seed 42
move_time_limit 1000
coin_spawn_period 5
coin_spawn_volume 2
##MapConfig
map_size 51 37
view_radius 6
mining_radius 2
attack_radius 3
block 14 0
block 15 0
block 16 0
block 17 0
block 18 0
block 19 0
block 20 0
block 14 1
block 15 1
block 16 1
block 17 1
block 18 1
block 19 1
block 20 1
block 37 1
block 38 1
block 39 1
block 14 2
block 15 2
block 16 2
block 17 2
block 18 2
block 19 2
block 20 2
block 37 2
block 38 2
block 39 2
block 14 3
block 15 3
block 16 3
block 17 3
block 18 3
block 19 3
block 20 3
block 37 3
block 38 3
block 39 3
block 40 3
block 41 3
block 14 4
block 15 4
block 16 4
block 17 4
block 18 4
block 19 4
block 20 4
block 37 4
block 38 4
block 39 4
block 40 4
block 41 4
block 37 5
block 38 5
block 39 5
block 40 5
block 41 5
block 38 6
block 39 6
block 40 6
block 41 6
block 38 7
block 39 7
block 40 7
block 41 7
block 7 8
block 8 8
block 9 8
block 10 8
block 38 8
block 39 8
block 40 8
block 41 8
block 7 9
block 8 9
block 9 9
block 10 9
block 13 9
block 14 9
block 15 9
block 16 9
block 17 9
block 18 9
block 38 9
block 39 9
block 40 9
block 41 9
block 7 10
block 8 10
block 9 10
block 10 10
block 13 10
block 14 10
block 15 10
block 16 10
block 17 10
block 18 10
block 7 11
block 8 11
block 9 11
block 10 11
block 13 11
block 14 11
block 15 11
block 16 11
block 17 11
block 18 11
block 7 12
block 8 12
block 9 12
block 10 12
block 13 12
block 14 12
block 15 12
block 16 12
block 17 12
block 18 12
block 7 13
block 8 13
block 9 13
block 10 13
block 11 13
block 12 13
block 13 13
block 14 13
block 15 13
block 16 13
block 17 13
block 18 13
block 8 14
block 9 14
block 10 14
block 11 14
block 12 14
block 13 14
block 14 14
block 15 14
block 16 14
block 17 14
block 18 14
block 8 15
block 9 15
block 10 15
block 11 15
block 12 15
block 13 15
block 8 16
block 9 16
block 10 16
block 11 16
block 12 16
block 13 16
block 8 17
block 9 17
block 10 17
block 11 17
block 12 17
block 13 17
block 45 17
block 46 17
block 47 17
block 48 17
block 49 17
block 45 18
block 46 18
block 47 18
block 48 18
block 49 18
block 35 19
block 36 19
block 37 19
block 38 19
block 35 20
block 36 20
block 37 20
block 38 20
block 43 22
block 44 22
block 45 22
block 46 22
block 47 22
block 43 23
block 44 23
block 45 23
block 46 23
block 47 23
block 13 24
block 14 24
block 15 24
block 16 24
block 17 24
block 18 24
block 19 24
block 43 24
block 44 24
block 45 24
block 46 24
block 47 24
block 13 25
block 14 25
block 15 25
block 16 25
block 17 25
block 18 25
block 19 25
block 43 25
block 44 25
block 45 25
block 46 25
block 47 25
block 13 26
block 14 26
block 15 26
block 16 26
block 17 26
block 18 26
block 19 26
block 43 26
block 44 26
block 45 26
block 46 26
block 47 26
block 13 27
block 14 27
block 15 27
block 16 27
block 17 27
block 18 27
block 19 27
block 43 27
block 44 27
block 45 27
block 46 27
block 47 27
block 13 28
block 14 28
block 15 28
block 16 28
block 17 28
block 18 28
block 19 28
block 35 29
block 36 29
block 37 29
block 38 29
block 39 29
block 40 29
block 35 30
block 36 30
block 37 30
block 38 30
block 39 30
block 40 30
block 13 31
block 14 31
block 15 31
block 35 31
block 36 31
block 37 31
block 38 31
block 39 31
block 40 31
block 13 32
block 14 32
block 15 32
block 30 32
block 31 32
block 10 33
block 11 33
block 12 33
block 13 33
block 14 33
block 15 33
block 30 33
block 31 33
block 10 34
block 11 34
block 12 34
block 13 34
block 14 34
block 15 34
block 24 34
block 25 34
block 26 34
block 27 34
block 28 34
block 30 34
block 31 34
block 13 35
block 14 35
block 15 35
block 24 35
block 25 35
block 26 35
block 27 35
block 28 35
block 30 35
block 31 35
block 30 36
block 31 36
##BotsAndCoinsInfo
bot_name 0 starter-bot
bot 0 9 26
bot_coins 0 0
coin 26 14
coin 24 22
round 1
bot 0 9 27
round 2
bot 0 9 28
round 3
bot 0 9 29
round 4
bot 0 9 30
round 5
bot 0 9 31
coin 0 10
coin 50 26
round 6
bot 0 9 32
round 7
bot 0 9 33
round 8
bot 0 9 34
round 9
bot 0 9 35
round 10
bot 0 9 36
coin 9 7
coin 41 29
round 11
round 12
round 13
round 14
round 15
coin 17 15
coin 33 21
round 16
round 17
round 18
round 19
round 20
coin 1 0
coin 49 36
round 21
round 22
round 23
round 24
round 25
coin 14 21
coin 36 15
round 26
round 27
round 28
round 29
round 30
coin 42 18
coin 8 18
round 31
round 32
round 33
round 34
round 35
coin 8 7
coin 42 29
round 36
round 37
round 38
round 39
round 40
coin 3 14
coin 48 22
round 41
round 42
round 43
round 44
round 45
coin 40 1
coin 10 35
round 46
coin_collected 10 35 0
bot_coins 0 1
round 47
round 48
round 49
round 50
coin 35 36
coin 15 36
round 51
round 52
round 53
round 54
round 55
coin 23 25
coin 27 11
round 56
round 57
round 58
round 59
round 60
coin 2 16
coin 48 20
round 61
round 62
round 63
round 64
round 65
coin 7 0
coin 43 36
round 66
round 67
round 68
round 69
round 70
coin 19 16
coin 31 20
round 71
round 72
round 73
round 74
match_over 0
round 75
