match
match_id 1639213931337_kx
match_time 1639213931340
num_bots 1
##MatchConfig
mode FRIENDLY
num_rounds 200
random_seed 42
move_time_limit 1000
coin_spawn_period 5
coin_spawn_volume 2
##MapConfig
map_size 79 31
view_radius 5
mining_radius 2
attack_radius 4
block 48 0
block 49 0
block 50 0
block 52 0
block 53 0
block 64 0
block 65 0
block 48 1
block 49 1
block 50 1
block 52 1
block 53 1
block 64 1
block 65 1
block 70 1
block 71 1
block 5 2
block 6 2
block 7 2
block 8 2
block 70 2
block 71 2
block 5 3
block 6 3
block 7 3
block 8 3
block 70 3
block 71 3
block 4 4
block 5 4
block 6 4
block 7 4
block 70 4
block 71 4
block 4 5
block 5 5
block 6 5
block 7 5
block 70 5
block 71 5
block 4 6
block 5 6
block 6 6
block 7 6
block 15 6
block 16 6
block 17 6
block 18 6
block 19 6
block 42 6
block 43 6
block 44 6
block 70 6
block 71 6
block 15 7
block 16 7
block 17 7
block 18 7
block 19 7
block 42 7
block 43 7
block 44 7
block 70 7
block 71 7
block 15 8
block 16 8
block 17 8
block 18 8
block 19 8
block 42 8
block 43 8
block 44 8
block 65 8
block 66 8
block 67 8
block 68 8
block 69 8
block 70 8
block 11 9
block 12 9
block 13 9
block 14 9
block 15 9
block 16 9
block 17 9
block 18 9
block 19 9
block 42 9
block 43 9
block 44 9
block 65 9
block 66 9
block 67 9
block 68 9
block 69 9
block 70 9
block 11 10
block 12 10
block 13 10
block 14 10
block 15 10
block 16 10
block 17 10
block 18 10
block 19 10
block 42 10
block 43 10
block 44 10
block 11 11
block 12 11
block 13 11
block 14 11
block 15 11
block 16 11
block 17 11
block 18 11
block 19 11
block 42 11
block 43 11
block 44 11
block 11 12
block 12 12
block 13 12
block 14 12
block 11 13
block 12 13
block 13 13
block 14 13
block 16 17
block 17 17
block 18 17
block 19 17
block 4 18
block 5 18
block 6 18
block 7 18
block 16 18
block 17 18
block 18 18
block 19 18
block 58 18
block 59 18
block 60 18
block 61 18
block 74 18
block 75 18
block 76 18
block 77 18
block 4 19
block 5 19
block 6 19
block 7 19
block 16 19
block 17 19
block 18 19
block 19 19
block 58 19
block 59 19
block 60 19
block 61 19
block 74 19
block 75 19
block 76 19
block 77 19
block 4 20
block 5 20
block 6 20
block 7 20
block 16 20
block 17 20
block 18 20
block 19 20
block 58 20
block 59 20
block 60 20
block 61 20
block 74 20
block 75 20
block 76 20
block 77 20
block 4 21
block 5 21
block 6 21
block 7 21
block 16 21
block 17 21
block 18 21
block 19 21
block 58 21
block 59 21
block 60 21
block 61 21
block 74 21
block 75 21
block 76 21
block 77 21
block 4 22
block 5 22
block 6 22
block 7 22
block 16 22
block 17 22
block 18 22
block 19 22
block 58 22
block 59 22
block 60 22
block 61 22
block 62 22
block 63 22
block 64 22
block 74 22
block 75 22
block 76 22
block 77 22
block 4 23
block 5 23
block 6 23
block 7 23
block 16 23
block 17 23
block 18 23
block 19 23
block 58 23
block 59 23
block 60 23
block 61 23
block 62 23
block 63 23
block 64 23
block 74 23
block 75 23
block 76 23
block 77 23
block 3 24
block 4 24
block 5 24
block 6 24
block 7 24
block 27 24
block 28 24
block 29 24
block 58 24
block 59 24
block 60 24
block 61 24
block 62 24
block 63 24
block 64 24
block 74 24
block 75 24
block 76 24
block 77 24
block 3 25
block 4 25
block 5 25
block 27 25
block 28 25
block 29 25
block 60 25
block 61 25
block 62 25
block 63 25
block 64 25
block 3 26
block 4 26
block 5 26
block 27 26
block 28 26
block 29 26
block 52 26
block 53 26
block 64 26
block 65 26
block 66 26
block 67 26
block 68 26
block 69 26
block 70 26
block 71 26
block 3 27
block 4 27
block 5 27
block 27 27
block 28 27
block 29 27
block 52 27
block 53 27
block 64 27
block 65 27
block 66 27
block 67 27
block 68 27
block 69 27
block 70 27
block 71 27
block 3 28
block 4 28
block 5 28
block 27 28
block 28 28
block 29 28
block 48 28
block 49 28
block 50 28
block 52 28
block 53 28
block 64 28
block 65 28
block 66 28
block 67 28
block 68 28
block 69 28
block 70 28
block 71 28
block 27 29
block 28 29
block 29 29
block 48 29
block 49 29
block 50 29
block 52 29
block 53 29
block 64 29
block 65 29
block 48 30
block 49 30
block 50 30
block 52 30
block 53 30
block 64 30
block 65 30
##BotsAndCoinsInfo
bot_name 0 starter-bot
bot 0 29 18
bot_coins 0 0
coin 20 10
coin 57 20
round 1
bot 0 29 19
round 2
bot 0 29 20
round 3
bot 0 29 21
round 4
bot 0 29 22
round 5
bot 0 29 23
coin 22 23
coin 56 7
round 6
round 7
round 8
round 9
round 10
coin 74 28
coin 4 2
round 11
round 12
round 13
round 14
round 15
coin 62 1
coin 16 29
round 16
round 17
round 18
round 19
round 20
coin 1 3
coin 77 27
round 21
round 22
round 23
round 24
round 25
coin 15 0
coin 63 30
round 26
round 27
round 28
round 29
round 30
coin 26 27
coin 52 3
round 31
round 32
round 33
round 34
round 35
coin 68 19
coin 10 11
round 36
round 37
round 38
round 39
round 40
coin 27 21
coin 51 9
round 41
round 42
round 43
round 44
round 45
coin 65 19
coin 15 12
round 46
round 47
round 48
round 49
round 50
coin 37 8
coin 41 22
round 51
round 52
round 53
round 54
round 55
coin 27 18
coin 51 12
round 56
round 57
round 58
match_over 0
round 59
