match
match_id 1639179203353_ix
match_time 1639179203355
num_bots 1
##MatchConfig
mode FRIENDLY
num_rounds 200
random_seed 42
move_time_limit 1000
coin_spawn_period 5
coin_spawn_volume 2
##MapConfig
map_size 76 23
view_radius 5
mining_radius 1
attack_radius 3
block 6 0
block 7 0
block 8 0
block 10 0
block 11 0
block 38 0
block 39 0
block 40 0
block 41 0
block 42 0
block 43 0
block 44 0
block 45 0
block 46 0
block 47 0
block 6 1
block 7 1
block 8 1
block 10 1
block 11 1
block 12 1
block 13 1
block 14 1
block 15 1
block 45 1
block 46 1
block 47 1
block 6 2
block 7 2
block 8 2
block 10 2
block 11 2
block 12 2
block 13 2
block 14 2
block 15 2
block 41 2
block 42 2
block 43 2
block 44 2
block 45 2
block 46 2
block 47 2
block 6 3
block 7 3
block 8 3
block 11 3
block 12 3
block 13 3
block 14 3
block 15 3
block 41 3
block 42 3
block 43 3
block 44 3
block 45 3
block 46 3
block 47 3
block 61 3
block 62 3
block 6 4
block 7 4
block 8 4
block 11 4
block 12 4
block 13 4
block 14 4
block 15 4
block 41 4
block 42 4
block 43 4
block 44 4
block 61 4
block 62 4
block 11 5
block 12 5
block 13 5
block 14 5
block 15 5
block 41 5
block 42 5
block 43 5
block 44 5
block 61 5
block 62 5
block 66 6
block 67 6
block 66 7
block 67 7
block 58 8
block 59 8
block 60 8
block 61 8
block 66 8
block 67 8
block 58 9
block 59 9
block 60 9
block 61 9
block 62 9
block 63 9
block 28 10
block 29 10
block 30 10
block 31 10
block 32 10
block 58 10
block 59 10
block 60 10
block 61 10
block 62 10
block 63 10
block 28 11
block 29 11
block 30 11
block 31 11
block 32 11
block 61 11
block 62 11
block 63 11
block 28 12
block 29 12
block 30 12
block 31 12
block 32 12
block 61 12
block 62 12
block 63 12
block 28 13
block 29 13
block 30 13
block 31 13
block 32 13
block 61 13
block 62 13
block 63 13
block 28 14
block 29 14
block 30 14
block 31 14
block 32 14
block 61 14
block 62 14
block 63 14
block 28 15
block 29 15
block 30 15
block 31 15
block 32 15
block 52 16
block 53 16
block 54 16
block 45 17
block 46 17
block 52 17
block 53 17
block 54 17
block 45 18
block 46 18
block 52 18
block 53 18
block 54 18
block 38 19
block 39 19
block 40 19
block 41 19
block 42 19
block 43 19
block 44 19
block 45 19
block 46 19
block 52 19
block 53 19
block 54 19
block 38 20
block 39 20
block 40 20
block 41 20
block 42 20
block 43 20
block 44 20
block 45 20
block 46 20
block 52 20
block 53 20
block 54 20
block 10 21
block 11 21
block 38 21
block 39 21
block 40 21
block 41 21
block 42 21
block 43 21
block 44 21
block 45 21
block 46 21
block 47 21
block 52 21
block 53 21
block 54 21
block 6 22
block 7 22
block 8 22
block 10 22
block 11 22
block 38 22
block 39 22
block 40 22
block 41 22
block 42 22
block 43 22
block 44 22
block 45 22
block 46 22
block 47 22
##BotsAndCoinsInfo
bot_name 0 starter-bot
bot 0 21 2
bot_coins 0 0
coin 26 4
coin 49 18
round 1
bot 0 21 3
round 2
bot 0 21 4
round 3
bot 0 21 5
round 4
bot 0 21 6
round 5
bot 0 21 7
coin 12 10
coin 64 12
round 6
bot 0 21 8
round 7
bot 0 21 9
round 8
bot 0 21 10
round 9
bot 0 21 11
round 10
bot 0 21 12
coin 6 5
coin 69 17
round 11
bot 0 21 13
round 12
bot 0 21 14
round 13
bot 0 21 15
round 14
bot 0 21 16
round 15
bot 0 21 17
coin 25 20
coin 50 2
round 16
bot 0 21 18
round 17
bot 0 21 19
round 18
bot 0 21 20
round 19
bot 0 21 21
round 20
bot 0 21 22
coin 51 14
coin 24 8
round 21
bot 0 20 21
round 22
bot 0 20 20
round 23
bot 0 20 19
round 24
bot 0 20 18
round 25
bot 0 20 17
coin 42 15
coin 33 7
round 26
bot 0 20 16
round 27
bot 0 20 15
round 28
bot 0 20 14
round 29
bot 0 20 13
round 30
bot 0 20 12
coin 12 21
coin 63 1
round 31
bot 0 20 11
round 32
bot 0 20 10
round 33
bot 0 20 9
round 34
bot 0 20 8
round 35
bot 0 20 7
coin 64 6
coin 11 16
round 36
bot 0 20 6
round 37
bot 0 20 5
round 38
bot 0 20 4
round 39
bot 0 20 3
round 40
bot 0 20 2
coin 68 15
coin 7 7
round 41
bot 0 20 1
round 42
bot 0 20 0
round 43
bot 0 19 1
round 44
bot 0 19 2
round 45
bot 0 19 3
coin 11 17
coin 64 5
round 46
bot 0 19 4
round 47
bot 0 19 5
round 48
bot 0 19 6
round 49
bot 0 19 7
round 50
bot 0 19 8
coin 40 1
coin 35 21
round 51
bot 0 19 9
round 52
bot 0 19 10
round 53
bot 0 19 11
round 54
bot 0 19 12
round 55
bot 0 19 13
coin 54 22
coin 21 0
round 56
bot 0 19 14
round 57
bot 0 19 15
round 58
bot 0 19 16
round 59
bot 0 19 17
round 60
bot 0 19 18
coin 48 0
coin 27 22
round 61
bot 0 19 19
round 62
bot 0 19 20
round 63
bot 0 19 21
round 64
bot 0 19 22
round 65
bot 0 18 21
coin 6 20
coin 69 2
round 66
bot 0 18 20
round 67
bot 0 18 19
round 68
bot 0 18 18
round 69
bot 0 18 17
round 70
bot 0 18 16
coin 67 11
coin 8 11
round 71
bot 0 18 15
round 72
bot 0 18 14
round 73
bot 0 18 13
round 74
bot 0 18 12
round 75
bot 0 18 11
coin 38 4
coin 37 18
round 76
bot 0 18 10
round 77
bot 0 18 9
round 78
bot 0 18 8
round 79
bot 0 18 7
round 80
bot 0 18 6
coin 62 6
coin 13 16
round 81
bot 0 18 5
round 82
bot 0 18 4
round 83
bot 0 18 3
round 84
bot 0 18 2
round 85
bot 0 18 1
coin 25 18
coin 50 4
round 86
bot 0 18 0
round 87
bot 0 17 1
round 88
bot 0 17 2
round 89
bot 0 17 3
round 90
bot 0 17 4
coin 60 7
coin 15 15
round 91
bot 0 17 5
round 92
bot 0 17 6
round 93
bot 0 17 7
round 94
bot 0 17 8
round 95
bot 0 17 9
coin 1 1
coin 74 21
round 96
bot 0 17 10
round 97
bot 0 17 11
round 98
bot 0 17 12
round 99
bot 0 17 13
round 100
bot 0 17 14
coin 27 16
coin 48 6
round 101
bot 0 17 15
round 102
bot 0 17 16
round 103
bot 0 17 17
round 104
bot 0 17 18
round 105
bot 0 17 19
coin 75 22
coin 0 0
round 106
bot 0 17 20
round 107
bot 0 17 21
round 108
bot 0 17 22
round 109
bot 0 16 21
round 110
bot 0 16 20
coin 33 14
coin 42 8
round 111
bot 0 16 19
round 112
bot 0 16 18
round 113
bot 0 16 17
round 114
bot 0 16 16
round 115
bot 0 16 15
coin_collected 15 15 0
bot_coins 0 1
coin 63 16
coin 12 6
round 116
bot 0 16 14
round 117
bot 0 16 13
round 118
bot 0 16 12
round 119
bot 0 16 11
round 120
bot 0 16 10
coin 17 3
coin 58 19
round 121
bot 0 16 9
round 122
bot 0 16 8
round 123
bot 0 16 7
round 124
bot 0 16 6
round 125
bot 0 16 5
coin 53 3
coin 22 19
round 126
bot 0 16 4
round 127
bot 0 16 3
coin_collected 17 3 0
bot_coins 0 2
round 128
bot 0 16 2
round 129
bot 0 16 1
round 130
bot 0 16 0
coin 65 6
coin 10 16
round 131
round 132
bot 0 15 22
round 133
bot 0 14 0
round 134
bot 0 13 0
round 135
bot 0 12 0
coin 4 12
coin 71 10
round 136
round 137
round 138
round 139
round 140
coin 57 6
coin 18 16
round 141
round 142
round 143
round 144
round 145
coin 44 1
coin 31 21
round 146
round 147
round 148
round 149
round 150
coin 9 1
coin 66 21
round 151
round 152
round 153
round 154
round 155
coin 0 17
coin 75 5
round 156
round 157
round 158
round 159
round 160
coin 26 1
coin 49 21
round 161
round 162
round 163
round 164
round 165
coin 58 6
coin 17 16
round 166
round 167
round 168
round 169
round 170
coin 15 11
coin 60 11
round 171
round 172
round 173
round 174
round 175
coin 34 10
coin 41 12
round 176
round 177
round 178
round 179
round 180
coin 61 1
coin 14 21
round 181
round 182
round 183
round 184
round 185
coin 57 19
coin 18 3
round 186
round 187
round 188
round 189
round 190
coin 18 2
coin 57 20
round 191
round 192
round 193
round 194
round 195
coin 45 7
coin 30 16
round 196
round 197
round 198
round 199
round 200
coin 4 11
coin 71 11
match_over 0
