match
match_id 1639176076017_gt
match_time 1639176076020
num_bots 1
##MatchConfig
mode FRIENDLY
num_rounds 200
random_seed 42
move_time_limit 1000
coin_spawn_period 5
coin_spawn_volume 2
##MapConfig
map_size 63 35
view_radius 5
mining_radius 1
attack_radius 3
block 1 0
block 2 0
block 11 0
block 12 0
block 13 0
block 14 0
block 39 0
block 40 0
block 41 0
block 42 0
block 43 0
block 47 0
block 48 0
block 1 1
block 2 1
block 39 1
block 40 1
block 41 1
block 42 1
block 43 1
block 1 2
block 2 2
block 1 3
block 2 3
block 3 4
block 4 4
block 5 4
block 6 4
block 7 4
block 8 4
block 9 4
block 3 5
block 4 5
block 5 5
block 6 5
block 7 5
block 8 5
block 9 5
block 3 6
block 4 6
block 5 6
block 6 6
block 7 6
block 8 6
block 9 6
block 3 7
block 4 7
block 5 7
block 6 7
block 7 7
block 8 7
block 9 7
block 45 7
block 46 7
block 47 7
block 48 7
block 49 7
block 0 8
block 1 8
block 2 8
block 3 8
block 4 8
block 5 8
block 6 8
block 7 8
block 8 8
block 9 8
block 45 8
block 46 8
block 47 8
block 48 8
block 49 8
block 62 8
block 0 9
block 1 9
block 2 9
block 3 9
block 4 9
block 5 9
block 6 9
block 7 9
block 8 9
block 9 9
block 46 9
block 47 9
block 48 9
block 49 9
block 50 9
block 51 9
block 52 9
block 53 9
block 54 9
block 62 9
block 0 10
block 1 10
block 2 10
block 43 10
block 44 10
block 46 10
block 47 10
block 48 10
block 49 10
block 50 10
block 51 10
block 52 10
block 53 10
block 54 10
block 62 10
block 0 11
block 1 11
block 2 11
block 43 11
block 44 11
block 46 11
block 47 11
block 48 11
block 49 11
block 50 11
block 51 11
block 52 11
block 53 11
block 54 11
block 62 11
block 0 12
block 1 12
block 2 12
block 43 12
block 44 12
block 53 12
block 54 12
block 62 12
block 43 13
block 44 13
block 53 13
block 54 13
block 53 14
block 54 14
block 53 15
block 54 15
block 18 16
block 19 16
block 20 16
block 21 16
block 22 16
block 23 16
block 18 17
block 19 17
block 20 17
block 21 17
block 22 17
block 23 17
block 53 17
block 54 17
block 18 18
block 19 18
block 20 18
block 21 18
block 22 18
block 23 18
block 53 18
block 54 18
block 18 19
block 19 19
block 20 19
block 21 19
block 22 19
block 23 19
block 53 19
block 54 19
block 19 30
block 20 30
block 21 30
block 22 30
block 47 30
block 48 30
block 19 31
block 20 31
block 21 31
block 22 31
block 47 31
block 48 31
block 11 32
block 12 32
block 13 32
block 14 32
block 19 32
block 20 32
block 21 32
block 22 32
block 39 32
block 40 32
block 41 32
block 42 32
block 43 32
block 47 32
block 48 32
block 1 33
block 2 33
block 11 33
block 12 33
block 13 33
block 14 33
block 39 33
block 40 33
block 41 33
block 42 33
block 43 33
block 47 33
block 48 33
block 1 34
block 2 34
block 11 34
block 12 34
block 13 34
block 14 34
block 39 34
block 40 34
block 41 34
block 42 34
block 43 34
block 47 34
block 48 34
##BotsAndCoinsInfo
bot_name 0 starter-bot
bot 0 13 22
bot_coins 0 0
coin 8 33
coin 54 1
round 1
bot 0 13 23
round 2
bot 0 13 24
round 3
bot 0 13 25
round 4
bot 0 13 26
round 5
bot 0 13 27
coin 27 24
coin 35 10
round 6
bot 0 13 28
round 7
bot 0 13 29
round 8
bot 0 13 30
round 9
bot 0 13 31
round 10
coin 54 25
coin 8 10
round 11
round 12
round 13
round 14
round 15
coin 50 3
coin 12 31
round 16
coin_collected 12 31 0
bot_coins 0 1
round 17
round 18
round 19
round 20
coin 34 3
coin 28 31
round 21
round 22
round 23
round 24
round 25
coin 38 32
coin 24 2
round 26
round 27
round 28
round 29
round 30
coin 42 7
coin 20 27
round 31
round 32
round 33
round 34
round 35
coin 8 17
coin 55 17
round 36
round 37
round 38
round 39
round 40
coin 42 5
coin 20 29
round 41
round 42
round 43
round 44
round 45
coin 28 9
coin 34 25
round 46
round 47
round 48
round 49
round 50
coin 5 10
coin 57 24
round 51
round 52
round 53
round 54
round 55
coin 8 23
coin 55 11
round 56
round 57
round 58
round 59
round 60
coin 14 16
coin 48 18
round 61
round 62
round 63
round 64
round 65
coin 7 3
coin 55 31
round 66
round 67
round 68
round 69
round 70
coin 46 26
coin 16 8
round 71
round 72
round 73
round 74
round 75
coin 40 6
coin 22 28
round 76
round 77
round 78
round 79
round 80
coin 3 10
coin 59 24
round 81
round 82
round 83
round 84
round 85
coin 38 31
coin 24 3
round 86
round 87
round 88
round 89
round 90
coin 12 31
coin 50 4
round 91
coin_collected 12 31 0
bot_coins 0 2
round 92
round 93
round 94
round 95
coin 7 34
coin 55 0
round 96
round 97
round 98
round 99
round 100
coin 41 5
coin 21 29
round 101
round 102
round 103
round 104
round 105
coin 35 7
coin 27 27
round 106
round 107
round 108
round 109
round 110
coin 59 14
coin 3 20
round 111
round 112
round 113
round 114
round 115
match_over 0
coin 13 30
coin 49 4
round 116
