match
match_id 1639474030060_ak
match_time 1639474030066
num_bots 1
##MatchConfig
mode FRIENDLY
num_rounds 200
random_seed 42
move_time_limit 1000
coin_spawn_period 5
coin_spawn_volume 2
##MapConfig
map_size 57 24
view_radius 6
mining_radius 2
attack_radius 3
block 14 0
block 15 0
block 16 0
block 17 0
block 18 0
block 19 0
block 20 0
block 36 0
block 37 0
block 38 0
block 14 1
block 15 1
block 16 1
block 17 1
block 18 1
block 19 1
block 20 1
block 24 1
block 25 1
block 26 1
block 24 2
block 25 2
block 26 2
block 24 3
block 25 3
block 26 3
block 19 5
block 20 5
block 21 5
block 22 5
block 23 5
block 24 5
block 25 5
block 0 6
block 1 6
block 19 6
block 20 6
block 21 6
block 22 6
block 23 6
block 24 6
block 25 6
block 56 6
block 0 7
block 1 7
block 16 7
block 17 7
block 18 7
block 19 7
block 20 7
block 21 7
block 22 7
block 23 7
block 24 7
block 25 7
block 26 7
block 27 7
block 28 7
block 29 7
block 30 7
block 56 7
block 0 8
block 1 8
block 16 8
block 17 8
block 18 8
block 19 8
block 20 8
block 21 8
block 22 8
block 23 8
block 24 8
block 25 8
block 26 8
block 27 8
block 28 8
block 29 8
block 30 8
block 45 8
block 46 8
block 47 8
block 48 8
block 49 8
block 50 8
block 51 8
block 56 8
block 0 9
block 1 9
block 16 9
block 17 9
block 18 9
block 19 9
block 20 9
block 21 9
block 22 9
block 24 9
block 25 9
block 26 9
block 27 9
block 28 9
block 29 9
block 30 9
block 45 9
block 46 9
block 47 9
block 48 9
block 49 9
block 50 9
block 51 9
block 56 9
block 16 10
block 17 10
block 18 10
block 19 10
block 20 10
block 21 10
block 22 10
block 24 10
block 25 10
block 26 10
block 27 10
block 28 10
block 29 10
block 30 10
block 32 10
block 33 10
block 34 10
block 35 10
block 39 10
block 40 10
block 41 10
block 42 10
block 43 10
block 44 10
block 45 10
block 46 10
block 47 10
block 48 10
block 49 10
block 50 10
block 51 10
block 24 11
block 25 11
block 26 11
block 27 11
block 28 11
block 29 11
block 30 11
block 32 11
block 33 11
block 34 11
block 35 11
block 39 11
block 40 11
block 41 11
block 42 11
block 43 11
block 44 11
block 45 11
block 46 11
block 47 11
block 48 11
block 49 11
block 50 11
block 51 11
block 22 12
block 23 12
block 24 12
block 25 12
block 26 12
block 27 12
block 28 12
block 29 12
block 30 12
block 32 12
block 33 12
block 34 12
block 35 12
block 39 12
block 40 12
block 41 12
block 42 12
block 43 12
block 44 12
block 45 12
block 46 12
block 47 12
block 48 12
block 49 12
block 50 12
block 51 12
block 22 13
block 23 13
block 24 13
block 25 13
block 26 13
block 27 13
block 32 13
block 33 13
block 34 13
block 35 13
block 36 13
block 37 13
block 38 13
block 39 13
block 40 13
block 41 13
block 42 13
block 43 13
block 44 13
block 45 13
block 46 13
block 47 13
block 48 13
block 49 13
block 50 13
block 51 13
block 32 14
block 33 14
block 34 14
block 35 14
block 36 14
block 37 14
block 38 14
block 39 14
block 40 14
block 41 14
block 42 14
block 45 14
block 46 14
block 47 14
block 48 14
block 49 14
block 50 14
block 51 14
block 18 15
block 19 15
block 32 15
block 33 15
block 34 15
block 35 15
block 36 15
block 37 15
block 38 15
block 39 15
block 40 15
block 41 15
block 42 15
block 49 15
block 50 15
block 51 15
block 11 16
block 12 16
block 13 16
block 14 16
block 18 16
block 19 16
block 24 16
block 25 16
block 26 16
block 32 16
block 33 16
block 34 16
block 35 16
block 36 16
block 37 16
block 38 16
block 39 16
block 40 16
block 41 16
block 42 16
block 49 16
block 50 16
block 51 16
block 11 17
block 12 17
block 13 17
block 14 17
block 24 17
block 25 17
block 26 17
block 32 17
block 33 17
block 34 17
block 35 17
block 36 17
block 37 17
block 38 17
block 1 18
block 2 18
block 3 18
block 11 18
block 12 18
block 13 18
block 14 18
block 24 18
block 25 18
block 26 18
block 32 18
block 33 18
block 34 18
block 35 18
block 36 18
block 37 18
block 38 18
block 1 19
block 2 19
block 3 19
block 11 19
block 12 19
block 13 19
block 14 19
block 24 19
block 25 19
block 26 19
block 32 19
block 33 19
block 34 19
block 35 19
block 36 19
block 37 19
block 38 19
block 11 20
block 12 20
block 13 20
block 14 20
block 11 21
block 12 21
block 13 21
block 14 21
block 15 21
block 16 21
block 17 21
block 18 21
block 10 22
block 11 22
block 12 22
block 13 22
block 14 22
block 15 22
block 16 22
block 17 22
block 18 22
block 10 23
block 11 23
block 12 23
block 13 23
block 14 23
block 15 23
block 16 23
block 17 23
block 18 23
block 19 23
block 20 23
block 36 23
block 37 23
block 38 23
##BotsAndCoinsInfo
bot_name 0 starter-bot
bot 0 53 16
bot_coins 0 0
coin 27 3
coin 29 20
round 1
bot 0 53 17
round 2
bot 0 53 18
round 3
bot 0 53 19
round 4
bot 0 53 20
round 5
bot 0 53 21
coin 10 20
coin 46 3
round 6
bot 0 53 22
round 7
bot 0 53 23
round 8
bot 0 52 22
round 9
bot 0 52 21
round 10
bot 0 52 20
coin 6 13
coin 52 10
round 11
bot 0 52 19
round 12
bot 0 52 18
round 13
bot 0 52 17
round 14
bot 0 52 16
round 15
bot 0 52 15
coin 44 14
coin 12 9
round 16
bot 0 52 14
round 17
bot 0 52 13
round 18
bot 0 52 12
coin_collected 52 10 0
bot_coins 0 1
round 19
bot 0 52 11
round 20
bot 0 52 10
coin 13 5
coin 43 18
round 21
bot 0 52 9
round 22
bot 0 52 8
round 23
bot 0 52 7
round 24
bot 0 52 6
round 25
bot 0 52 5
coin 23 14
coin 33 9
round 26
bot 0 52 4
round 27
bot 0 52 3
round 28
bot 0 52 2
round 29
bot 0 52 1
round 30
bot 0 52 0
coin 12 12
coin 44 9
round 31
bot 0 51 1
round 32
bot 0 51 2
round 33
bot 0 51 3
round 34
bot 0 51 4
round 35
bot 0 51 5
coin 26 6
coin 30 17
round 36
bot 0 51 6
round 37
bot 0 51 7
round 38
bot 0 50 7
round 39
bot 0 49 7
round 40
bot 0 48 7
coin 30 18
coin 26 5
round 41
bot 0 47 7
round 42
bot 0 46 7
round 43
bot 0 45 7
round 44
bot 0 44 7
coin_collected 44 9 0
bot_coins 0 2
round 45
bot 0 44 8
coin 49 17
coin 7 6
round 46
bot 0 44 9
round 47
bot 0 43 9
round 48
bot 0 42 9
round 49
bot 0 41 9
round 50
bot 0 40 9
coin 2 7
coin 54 16
round 51
bot 0 39 9
round 52
bot 0 38 9
round 53
bot 0 38 10
round 54
bot 0 38 11
round 55
bot 0 38 12
coin 35 9
coin 21 14
round 56
bot 0 37 12
round 57
bot 0 36 12
round 58
bot 0 37 11
round 59
bot 0 37 10
round 60
bot 0 37 9
coin_collected 35 9 0
bot_coins 0 3
coin 47 7
coin 9 16
round 61
bot 0 37 8
round 62
bot 0 37 7
round 63
bot 0 37 6
round 64
bot 0 37 5
round 65
bot 0 37 4
coin 23 10
coin 31 13
round 66
bot 0 37 3
round 67
bot 0 37 2
round 68
bot 0 37 1
round 69
bot 0 36 1
round 70
bot 0 35 1
coin 10 6
coin 46 17
round 71
bot 0 35 0
round 72
bot 0 34 1
round 73
bot 0 34 2
round 74
bot 0 34 3
round 75
bot 0 34 4
coin 19 12
coin 37 11
round 76
bot 0 34 5
round 77
bot 0 34 6
round 78
bot 0 34 7
round 79
bot 0 34 8
coin_collected 33 9 0
bot_coins 0 4
round 80
bot 0 34 9
coin 5 5
coin 51 18
round 81
bot 0 33 9
round 82
bot 0 32 9
round 83
bot 0 31 9
round 84
bot 0 31 10
round 85
bot 0 31 11
coin_collected 31 13 0
bot_coins 0 5
coin 44 23
coin 12 0
round 86
bot 0 31 12
round 87
bot 0 31 13
round 88
bot 0 31 14
round 89
bot 0 31 15
round 90
bot 0 31 16
coin_collected 30 17 0
bot_coins 0 6
coin 3 13
coin 53 10
round 91
bot 0 31 17
coin_collected 30 18 0
bot_coins 0 7
round 92
bot 0 31 18
round 93
bot 0 31 19
round 94
bot 0 31 20
coin_collected 29 20 0
bot_coins 0 8
round 95
bot 0 31 21
coin 1 12
coin 55 11
round 96
bot 0 31 22
round 97
bot 0 31 23
round 98
bot 0 30 22
round 99
bot 0 30 21
round 100
bot 0 30 20
coin 8 1
coin 48 22
round 101
bot 0 30 19
round 102
bot 0 30 18
round 103
bot 0 30 17
round 104
bot 0 30 16
round 105
bot 0 30 15
coin 56 1
coin 0 22
round 106
bot 0 30 14
round 107
bot 0 30 13
round 108
bot 0 29 13
round 109
bot 0 28 13
round 110
coin 50 6
coin 6 17
round 111
bot 0 28 14
round 112
bot 0 28 15
round 113
bot 0 28 16
round 114
bot 0 28 17
round 115
bot 0 28 18
coin 25 23
coin 31 0
round 116
bot 0 28 19
round 117
bot 0 28 20
round 118
bot 0 28 21
round 119
bot 0 28 22
round 120
bot 0 28 23
coin 55 19
coin 1 4
round 121
bot 0 27 22
round 122
bot 0 27 21
round 123
bot 0 27 20
round 124
bot 0 27 19
round 125
bot 0 27 18
coin 34 8
coin 22 15
round 126
bot 0 27 17
round 127
bot 0 27 16
round 128
bot 0 27 15
round 129
bot 0 27 14
round 130
bot 0 26 14
coin 47 4
coin 9 19
round 131
bot 0 25 14
coin_collected 23 14 0
bot_coins 0 9
round 132
bot 0 24 14
round 133
bot 0 23 14
coin_collected 21 14 0
bot_coins 0 10
coin_collected 22 15 0
bot_coins 0 11
round 134
bot 0 22 14
round 135
bot 0 21 14
coin 23 9
coin 31 14
round 136
bot 0 21 13
round 137
bot 0 21 12
coin_collected 19 12 0
bot_coins 0 12
round 138
bot 0 21 11
round 139
bot 0 20 11
round 140
bot 0 19 11
coin 19 19
coin 37 4
round 141
bot 0 18 11
round 142
bot 0 17 11
round 143
bot 0 16 11
round 144
bot 0 15 11
round 145
bot 0 15 10
coin 45 3
coin 10 19
round 146
bot 0 15 9
round 147
bot 0 15 8
round 148
bot 0 15 7
round 149
bot 0 15 6
round 150
bot 0 15 5
coin_collected 13 5 0
bot_coins 0 13
coin 28 13
coin 31 10
round 151
bot 0 15 4
round 152
bot 0 15 3
round 153
bot 0 15 2
round 154
bot 0 14 2
round 155
bot 0 13 2
coin 38 1
coin 19 22
round 156
bot 0 13 1
coin_collected 12 0 0
bot_coins 0 14
round 157
bot 0 13 0
round 158
bot 0 12 1
round 159
bot 0 12 2
round 160
bot 0 12 3
coin 27 2
coin 29 21
round 161
bot 0 12 4
round 162
bot 0 12 5
round 163
bot 0 12 6
coin_collected 10 6 0
bot_coins 0 15
round 164
bot 0 12 7
coin_collected 12 9 0
bot_coins 0 16
round 165
bot 0 12 8
coin 18 6
coin 39 17
round 166
bot 0 12 9
round 167
bot 0 12 10
coin_collected 12 12 0
bot_coins 0 17
round 168
bot 0 12 11
round 169
bot 0 12 12
round 170
bot 0 12 13
coin 15 3
coin 41 20
round 171
bot 0 12 14
round 172
bot 0 12 15
round 173
bot 0 11 15
round 174
bot 0 10 15
coin_collected 9 16 0
bot_coins 0 18
round 175
bot 0 10 16
coin 34 5
coin 22 18
round 176
bot 0 10 17
coin_collected 10 19 0
bot_coins 0 19
round 177
bot 0 10 18
coin_collected 10 20 0
bot_coins 0 20
coin_collected 9 19 0
bot_coins 0 21
round 178
bot 0 10 19
round 179
bot 0 10 20
round 180
bot 0 10 21
coin 4 13
coin 52 10
round 181
bot 0 9 21
round 182
bot 0 9 22
round 183
bot 0 9 23
round 184
bot 0 8 22
round 185
bot 0 8 21
coin 18 5
coin 39 18
round 186
bot 0 8 20
round 187
bot 0 8 19
round 188
bot 0 8 18
round 189
bot 0 8 17
coin_collected 6 17 0
bot_coins 0 22
round 190
bot 0 8 16
coin 56 4
coin 0 19
round 191
bot 0 8 15
round 192
bot 0 8 14
round 193
bot 0 8 13
coin_collected 6 13 0
bot_coins 0 23
round 194
bot 0 8 12
round 195
bot 0 8 11
coin 26 21
coin 30 2
round 196
bot 0 8 10
round 197
bot 0 8 9
round 198
bot 0 8 8
round 199
bot 0 8 7
coin_collected 7 6 0
bot_coins 0 24
round 200
bot 0 8 6
coin 42 9
coin 14 14
match_over 0
