match
match_id 1639428264940_et
match_time 1639428264957
num_bots 1
##MatchConfig
mode FRIENDLY
num_rounds 200
random_seed 42
move_time_limit 1000
coin_spawn_period 5
coin_spawn_volume 2
##MapConfig
map_size 50 27
view_radius 5
mining_radius 1
attack_radius 3
block 0 0
block 2 0
block 3 0
block 4 0
block 46 0
block 47 0
block 48 0
block 49 0
block 0 1
block 2 1
block 3 1
block 4 1
block 13 1
block 14 1
block 15 1
block 46 1
block 47 1
block 48 1
block 49 1
block 2 2
block 3 2
block 4 2
block 13 2
block 14 2
block 15 2
block 1 3
block 2 3
block 3 3
block 13 3
block 14 3
block 15 3
block 20 3
block 21 3
block 22 3
block 23 3
block 1 4
block 2 4
block 3 4
block 13 4
block 14 4
block 15 4
block 16 4
block 17 4
block 18 4
block 19 4
block 20 4
block 21 4
block 22 4
block 23 4
block 40 4
block 41 4
block 42 4
block 43 4
block 44 4
block 45 4
block 0 5
block 1 5
block 2 5
block 3 5
block 13 5
block 14 5
block 15 5
block 16 5
block 17 5
block 18 5
block 19 5
block 20 5
block 21 5
block 22 5
block 23 5
block 40 5
block 41 5
block 42 5
block 43 5
block 44 5
block 45 5
block 49 5
block 0 6
block 1 6
block 2 6
block 3 6
block 13 6
block 14 6
block 15 6
block 16 6
block 17 6
block 18 6
block 19 6
block 20 6
block 21 6
block 22 6
block 23 6
block 49 6
block 0 7
block 1 7
block 2 7
block 3 7
block 20 7
block 21 7
block 22 7
block 23 7
block 49 7
block 0 8
block 1 8
block 2 8
block 3 8
block 20 8
block 21 8
block 22 8
block 23 8
block 30 8
block 31 8
block 32 8
block 49 8
block 1 9
block 2 9
block 3 9
block 30 9
block 31 9
block 32 9
block 40 9
block 41 9
block 30 10
block 31 10
block 32 10
block 40 10
block 41 10
block 0 11
block 1 11
block 2 11
block 3 11
block 4 11
block 5 11
block 30 11
block 31 11
block 32 11
block 40 11
block 41 11
block 49 11
block 0 12
block 1 12
block 2 12
block 3 12
block 4 12
block 5 12
block 30 12
block 31 12
block 32 12
block 48 12
block 49 12
block 0 13
block 1 13
block 2 13
block 3 13
block 4 13
block 5 13
block 48 13
block 49 13
block 0 14
block 1 14
block 2 14
block 3 14
block 4 14
block 5 14
block 48 14
block 49 14
block 0 15
block 1 15
block 2 15
block 3 15
block 4 15
block 5 15
block 21 15
block 22 15
block 39 15
block 40 15
block 48 15
block 49 15
block 21 16
block 22 16
block 28 16
block 29 16
block 30 16
block 38 16
block 39 16
block 40 16
block 41 16
block 42 16
block 43 16
block 44 16
block 21 17
block 22 17
block 28 17
block 29 17
block 30 17
block 34 17
block 35 17
block 36 17
block 38 17
block 39 17
block 40 17
block 41 17
block 42 17
block 43 17
block 44 17
block 8 18
block 9 18
block 10 18
block 11 18
block 12 18
block 13 18
block 21 18
block 22 18
block 26 18
block 27 18
block 28 18
block 29 18
block 30 18
block 34 18
block 35 18
block 36 18
block 38 18
block 39 18
block 40 18
block 41 18
block 42 18
block 43 18
block 44 18
block 45 18
block 0 19
block 1 19
block 2 19
block 3 19
block 4 19
block 5 19
block 8 19
block 9 19
block 10 19
block 11 19
block 12 19
block 13 19
block 20 19
block 21 19
block 22 19
block 23 19
block 24 19
block 25 19
block 26 19
block 27 19
block 28 19
block 29 19
block 30 19
block 34 19
block 35 19
block 36 19
block 38 19
block 39 19
block 40 19
block 41 19
block 42 19
block 43 19
block 44 19
block 45 19
block 46 19
block 47 19
block 48 19
block 49 19
block 0 20
block 1 20
block 2 20
block 3 20
block 4 20
block 5 20
block 6 20
block 7 20
block 8 20
block 20 20
block 21 20
block 22 20
block 23 20
block 24 20
block 25 20
block 26 20
block 27 20
block 28 20
block 29 20
block 30 20
block 31 20
block 32 20
block 33 20
block 34 20
block 35 20
block 36 20
block 37 20
block 38 20
block 39 20
block 40 20
block 41 20
block 42 20
block 43 20
block 44 20
block 45 20
block 46 20
block 47 20
block 48 20
block 49 20
block 0 21
block 1 21
block 2 21
block 3 21
block 4 21
block 5 21
block 6 21
block 7 21
block 8 21
block 20 21
block 21 21
block 22 21
block 23 21
block 24 21
block 25 21
block 26 21
block 27 21
block 28 21
block 29 21
block 30 21
block 31 21
block 32 21
block 33 21
block 34 21
block 35 21
block 36 21
block 37 21
block 38 21
block 39 21
block 40 21
block 41 21
block 42 21
block 43 21
block 44 21
block 45 21
block 46 21
block 47 21
block 48 21
block 49 21
block 0 22
block 1 22
block 2 22
block 3 22
block 4 22
block 5 22
block 6 22
block 7 22
block 8 22
block 21 22
block 22 22
block 23 22
block 24 22
block 25 22
block 26 22
block 27 22
block 28 22
block 29 22
block 30 22
block 31 22
block 32 22
block 33 22
block 34 22
block 35 22
block 36 22
block 37 22
block 39 22
block 40 22
block 41 22
block 42 22
block 43 22
block 44 22
block 45 22
block 46 22
block 47 22
block 48 22
block 49 22
block 0 23
block 1 23
block 2 23
block 3 23
block 4 23
block 5 23
block 6 23
block 7 23
block 8 23
block 21 23
block 22 23
block 28 23
block 29 23
block 30 23
block 31 23
block 32 23
block 33 23
block 34 23
block 49 23
block 0 24
block 1 24
block 2 24
block 3 24
block 4 24
block 5 24
block 6 24
block 7 24
block 8 24
block 21 24
block 22 24
block 49 24
block 2 25
block 3 25
block 4 25
block 5 25
block 6 25
block 7 25
block 8 25
block 21 25
block 22 25
block 0 26
block 2 26
block 3 26
block 4 26
block 5 26
block 6 26
block 7 26
block 8 26
block 46 26
block 47 26
block 48 26
block 49 26
##BotsAndCoinsInfo
bot_name 0 starter-bot
bot 0 29 15
bot_coins 0 0
coin 30 3
coin 19 23
round 1
bot 0 30 14
round 2
bot 0 31 13
round 3
round 4
round 5
coin 48 17
coin 0 9
round 6
round 7
round 8
round 9
round 10
coin 20 16
coin 29 10
round 11
round 12
round 13
round 14
bot 0 30 14
round 15
bot 0 29 15
coin 6 19
coin 43 7
round 16
round 17
round 18
round 19
round 20
coin 19 2
coin 30 24
round 21
bot 0 28 15
round 22
bot 0 27 15
round 23
bot 0 26 15
round 24
bot 0 25 15
round 25
bot 0 24 15
coin 32 26
coin 17 0
round 26
bot 0 23 15
round 27
round 28
bot 0 24 16
round 29
bot 0 25 17
round 30
coin 26 9
coin 23 17
round 31
round 32
round 33
round 34
round 35
coin 26 5
coin 23 23
round 36
round 37
round 38
round 39
round 40
coin 6 6
coin 43 23
round 41
bot 0 26 16
round 42
bot 0 27 15
round 43
bot 0 28 14
round 44
bot 0 29 13
round 45
coin 43 8
coin 6 18
round 46
round 47
round 48
bot 0 29 14
round 49
bot 0 29 15
round 50
coin 0 4
coin 48 23
round 51
round 52
round 53
round 54
round 55
coin 26 24
coin 23 2
round 56
bot 0 30 14
round 57
bot 0 31 13
round 58
round 59
round 60
coin 43 0
coin 6 0
round 61
round 62
round 63
round 64
bot 0 32 14
round 65
bot 0 33 15
coin 31 24
coin 18 2
round 66
bot 0 34 16
round 67
round 68
round 69
round 70
bot 0 35 15
coin 37 3
coin 12 23
round 71
bot 0 36 14
round 72
bot 0 37 13
round 73
bot 0 38 12
round 74
bot 0 39 11
round 75
coin 31 19
coin 18 7
round 76
round 77
bot 0 39 10
round 78
bot 0 39 9
round 79
bot 0 39 8
round 80
bot 0 39 7
coin 29 24
coin 20 2
round 81
bot 0 39 6
round 82
bot 0 39 5
round 83
bot 0 39 4
round 84
bot 0 39 3
round 85
bot 0 39 2
coin 17 14
coin 32 13
round 86
bot 0 39 1
round 87
bot 0 39 0
round 88
bot 0 39 26
round 89
bot 0 39 25
round 90
bot 0 39 24
coin 12 7
coin 37 19
round 91
bot 0 39 23
round 92
round 93
round 94
round 95
coin 13 21
coin 36 5
round 96
round 97
round 98
round 99
round 100
bot 0 40 23
coin 27 23
coin 22 2
round 101
bot 0 41 23
round 102
bot 0 42 23
coin_collected 43 23 0
bot_coins 0 1
round 103
bot 0 43 23
round 104
bot 0 44 23
round 105
bot 0 45 23
coin 23 25
coin 26 1
round 106
round 107
round 108
round 109
round 110
coin 25 24
coin 24 2
round 111
round 112
round 113
round 114
bot 0 46 24
round 115
bot 0 47 25
coin 7 19
coin 42 7
round 116
round 117
round 118
round 119
round 120
coin 7 7
coin 45 17
round 121
round 122
round 123
round 124
round 125
coin 43 14
coin 6 12
round 126
round 127
round 128
round 129
round 130
bot 0 48 25
coin 8 4
coin 41 23
round 131
bot 0 49 25
round 132
bot 0 0 25
round 133
bot 0 1 25
round 134
round 135
coin 10 7
coin 37 18
round 136
round 137
round 138
round 139
round 140
coin 12 4
coin 38 22
round 141
round 142
round 143
round 144
round 145
coin 11 17
coin 38 9
round 146
round 147
round 148
round 149
round 150
coin 47 14
coin 2 10
round 151
round 152
round 153
round 154
round 155
coin 2 16
coin 47 10
round 156
round 157
round 158
round 159
round 160
coin 44 23
coin 5 3
round 161
round 162
round 163
round 164
round 165
coin 47 23
coin 1 2
round 166
round 167
round 168
round 169
bot 0 1 26
round 170
bot 0 1 0
coin 25 9
coin 24 17
round 171
bot 0 1 1
coin_collected 1 2 0
bot_coins 0 2
round 172
bot 0 1 2
round 173
round 174
round 175
coin 39 5
coin 10 21
round 176
round 177
round 178
round 179
round 180
coin 4 7
coin 46 18
round 181
round 182
round 183
round 184
round 185
coin 23 24
coin 26 2
round 186
round 187
round 188
round 189
round 190
coin 36 25
coin 12 1
round 191
round 192
round 193
round 194
round 195
coin 25 6
coin 24 18
round 196
round 197
round 198
round 199
round 200
coin 0 18
coin 48 8
match_over 0
