match
match_id 1639215196753_mg
match_time 1639215196757
num_bots 1
##MatchConfig
mode FRIENDLY
num_rounds 200
random_seed 42
move_time_limit 1000
coin_spawn_period 5
coin_spawn_volume 2
##MapConfig
map_size 73 34
view_radius 5
mining_radius 2
attack_radius 3
block 14 0
block 15 0
block 16 0
block 17 0
block 18 0
block 19 0
block 20 0
block 39 0
block 40 0
block 41 0
block 42 0
block 43 0
block 44 0
block 45 0
block 9 1
block 10 1
block 14 1
block 15 1
block 16 1
block 17 1
block 18 1
block 19 1
block 20 1
block 39 1
block 40 1
block 41 1
block 42 1
block 43 1
block 44 1
block 45 1
block 9 2
block 10 2
block 14 2
block 15 2
block 16 2
block 17 2
block 18 2
block 19 2
block 20 2
block 39 2
block 40 2
block 41 2
block 42 2
block 43 2
block 44 2
block 45 2
block 6 3
block 7 3
block 8 3
block 9 3
block 10 3
block 11 3
block 12 3
block 30 3
block 31 3
block 32 3
block 33 3
block 34 3
block 39 3
block 40 3
block 41 3
block 42 3
block 43 3
block 44 3
block 45 3
block 6 4
block 7 4
block 8 4
block 9 4
block 10 4
block 11 4
block 12 4
block 30 4
block 31 4
block 32 4
block 33 4
block 34 4
block 36 4
block 37 4
block 38 4
block 39 4
block 40 4
block 41 4
block 42 4
block 43 4
block 44 4
block 45 4
block 53 4
block 54 4
block 55 4
block 59 4
block 60 4
block 61 4
block 62 4
block 63 4
block 6 5
block 7 5
block 8 5
block 9 5
block 10 5
block 11 5
block 12 5
block 30 5
block 31 5
block 32 5
block 33 5
block 34 5
block 36 5
block 37 5
block 38 5
block 39 5
block 40 5
block 53 5
block 54 5
block 55 5
block 59 5
block 60 5
block 61 5
block 62 5
block 63 5
block 6 6
block 7 6
block 8 6
block 9 6
block 10 6
block 11 6
block 12 6
block 36 6
block 37 6
block 38 6
block 39 6
block 40 6
block 53 6
block 54 6
block 55 6
block 59 6
block 60 6
block 61 6
block 62 6
block 63 6
block 0 7
block 1 7
block 2 7
block 3 7
block 6 7
block 7 7
block 8 7
block 9 7
block 10 7
block 11 7
block 12 7
block 33 7
block 34 7
block 35 7
block 36 7
block 37 7
block 38 7
block 39 7
block 40 7
block 53 7
block 54 7
block 55 7
block 59 7
block 60 7
block 61 7
block 62 7
block 63 7
block 71 7
block 72 7
block 0 8
block 1 8
block 2 8
block 3 8
block 33 8
block 34 8
block 35 8
block 36 8
block 37 8
block 38 8
block 39 8
block 40 8
block 59 8
block 60 8
block 61 8
block 62 8
block 63 8
block 71 8
block 72 8
block 0 9
block 1 9
block 2 9
block 3 9
block 33 9
block 34 9
block 35 9
block 36 9
block 37 9
block 38 9
block 39 9
block 40 9
block 59 9
block 60 9
block 61 9
block 62 9
block 63 9
block 71 9
block 72 9
block 0 10
block 1 10
block 2 10
block 3 10
block 33 10
block 34 10
block 35 10
block 36 10
block 37 10
block 38 10
block 39 10
block 40 10
block 71 10
block 72 10
block 0 11
block 1 11
block 2 11
block 3 11
block 33 11
block 34 11
block 35 11
block 36 11
block 37 11
block 38 11
block 39 11
block 71 11
block 72 11
block 0 12
block 1 12
block 2 12
block 3 12
block 33 12
block 34 12
block 35 12
block 36 12
block 37 12
block 38 12
block 39 12
block 71 12
block 72 12
block 0 20
block 49 20
block 50 20
block 51 20
block 52 20
block 53 20
block 69 20
block 70 20
block 71 20
block 72 20
block 0 21
block 6 21
block 7 21
block 8 21
block 9 21
block 10 21
block 11 21
block 49 21
block 50 21
block 51 21
block 52 21
block 53 21
block 69 21
block 70 21
block 71 21
block 72 21
block 0 22
block 6 22
block 7 22
block 8 22
block 9 22
block 10 22
block 11 22
block 69 22
block 70 22
block 71 22
block 72 22
block 0 23
block 6 23
block 7 23
block 8 23
block 9 23
block 10 23
block 11 23
block 69 23
block 70 23
block 71 23
block 72 23
block 69 24
block 70 24
block 69 25
block 70 25
block 69 26
block 70 26
block 23 27
block 24 27
block 25 27
block 26 27
block 27 27
block 28 27
block 29 27
block 23 28
block 24 28
block 25 28
block 26 28
block 27 28
block 28 28
block 29 28
block 23 29
block 24 29
block 25 29
block 26 29
block 27 29
block 28 29
block 29 29
block 23 30
block 24 30
block 25 30
block 26 30
block 27 30
block 28 30
block 29 30
block 62 30
block 63 30
block 64 30
block 65 30
block 66 30
block 23 31
block 24 31
block 25 31
block 26 31
block 27 31
block 28 31
block 29 31
block 42 31
block 43 31
block 62 31
block 63 31
block 64 31
block 65 31
block 66 31
block 23 32
block 24 32
block 25 32
block 26 32
block 27 32
block 28 32
block 29 32
block 39 32
block 40 32
block 41 32
block 42 32
block 43 32
block 44 32
block 45 32
block 62 32
block 63 32
block 64 32
block 65 32
block 66 32
block 39 33
block 40 33
block 41 33
block 42 33
block 43 33
block 44 33
block 45 33
block 62 33
block 63 33
block 64 33
block 65 33
block 66 33
##BotsAndCoinsInfo
bot_name 0 starter-bot
bot 0 30 18
bot_coins 0 0
coin 12 11
coin 60 22
round 1
bot 0 30 19
round 2
bot 0 30 20
round 3
bot 0 30 21
round 4
bot 0 30 22
round 5
bot 0 30 23
coin 16 12
coin 56 21
round 6
bot 0 30 24
round 7
bot 0 30 25
round 8
bot 0 30 26
round 9
bot 0 30 27
round 10
bot 0 30 28
coin 30 9
coin 42 24
round 11
bot 0 30 29
round 12
bot 0 30 30
round 13
bot 0 30 31
round 14
bot 0 30 32
round 15
bot 0 30 33
coin 38 13
coin 34 20
round 16
round 17
bot 0 29 0
round 18
bot 0 28 33
round 19
bot 0 27 0
round 20
bot 0 26 33
coin 53 8
coin 19 25
round 21
bot 0 25 0
round 22
bot 0 24 33
round 23
bot 0 23 0
round 24
bot 0 22 33
round 25
bot 0 21 0
coin 65 12
coin 7 20
round 26
bot 0 21 33
round 27
bot 0 20 33
round 28
bot 0 19 32
round 29
bot 0 19 31
round 30
bot 0 19 30
coin 30 14
coin 42 19
round 31
bot 0 19 29
round 32
bot 0 19 28
round 33
bot 0 19 27
coin_collected 19 25 0
bot_coins 0 1
round 34
bot 0 19 26
round 35
bot 0 19 25
coin 10 14
coin 62 19
round 36
bot 0 19 24
round 37
bot 0 19 23
round 38
bot 0 19 22
round 39
bot 0 19 21
round 40
bot 0 19 20
coin 65 8
coin 7 25
round 41
bot 0 19 19
round 42
bot 0 19 18
round 43
bot 0 19 17
round 44
bot 0 19 16
round 45
bot 0 19 15
coin 49 15
coin 23 18
round 46
bot 0 19 14
round 47
bot 0 19 13
round 48
bot 0 19 12
round 49
bot 0 19 11
round 50
bot 0 19 10
coin 54 11
coin 18 22
round 51
bot 0 19 9
round 52
bot 0 19 8
round 53
bot 0 19 7
round 54
bot 0 19 6
round 55
bot 0 19 5
coin 69 33
coin 3 0
round 56
bot 0 19 4
round 57
bot 0 19 3
round 58
round 59
round 60
coin 72 1
coin 0 32
round 61
round 62
round 63
round 64
round 65
coin 31 20
coin 41 13
round 66
round 67
round 68
round 69
round 70
coin 30 32
coin 38 1
round 71
round 72
round 73
round 74
round 75
coin 56 14
coin 16 19
round 76
round 77
round 78
round 79
round 80
coin 15 25
coin 57 8
round 81
round 82
round 83
round 84
round 85
coin 57 27
coin 15 6
round 86
round 87
round 88
round 89
round 90
coin 57 9
coin 15 24
round 91
round 92
round 93
round 94
round 95
coin 51 2
coin 21 31
round 96
round 97
round 98
round 99
round 100
coin 37 31
coin 35 2
round 101
round 102
round 103
round 104
round 105
coin 52 29
coin 20 4
round 106
coin_collected 20 4 0
bot_coins 0 2
round 107
round 108
round 109
round 110
coin 12 10
coin 60 23
round 111
round 112
round 113
round 114
round 115
coin 55 19
coin 17 14
round 116
round 117
round 118
round 119
round 120
coin 53 9
coin 19 24
round 121
round 122
round 123
round 124
round 125
coin 46 8
coin 26 25
round 126
round 127
round 128
round 129
round 130
coin 28 14
coin 44 19
round 131
round 132
round 133
round 134
round 135
coin 26 20
coin 46 13
round 136
round 137
round 138
round 139
round 140
coin 65 1
coin 7 32
round 141
round 142
round 143
round 144
round 145
coin 37 23
coin 32 10
round 146
round 147
round 148
round 149
round 150
coin 4 7
coin 68 26
round 151
round 152
round 153
round 154
round 155
coin 32 9
coin 40 24
round 156
round 157
round 158
round 159
round 160
coin 24 2
coin 48 31
round 161
round 162
round 163
round 164
round 165
coin 47 11
coin 25 22
round 166
round 167
round 168
round 169
round 170
coin 63 3
coin 9 30
round 171
round 172
round 173
round 174
round 175
coin 64 7
coin 8 26
round 176
round 177
round 178
round 179
round 180
coin 8 2
coin 64 29
round 181
round 182
round 183
round 184
round 185
coin 6 8
coin 66 25
round 186
round 187
round 188
round 189
round 190
coin 14 22
coin 58 11
round 191
round 192
round 193
round 194
round 195
coin 2 13
coin 70 19
round 196
round 197
round 198
round 199
round 200
coin 43 22
coin 29 11
match_over 0
