match
match_id 1639213999193_lb
match_time 1639213999195
num_bots 1
##MatchConfig
mode FRIENDLY
num_rounds 200
random_seed 42
move_time_limit 1000
coin_spawn_period 5
coin_spawn_volume 2
##MapConfig
map_size 63 23
view_radius 6
mining_radius 1
attack_radius 3
block 29 0
block 30 0
block 31 0
block 32 0
block 38 0
block 39 0
block 40 0
block 41 0
block 42 0
block 43 0
block 44 0
block 50 0
block 51 0
block 52 0
block 29 1
block 30 1
block 31 1
block 32 1
block 50 1
block 51 1
block 52 1
block 29 2
block 30 2
block 31 2
block 32 2
block 50 2
block 51 2
block 52 2
block 19 6
block 20 6
block 19 7
block 20 7
block 19 8
block 20 8
block 50 8
block 51 8
block 52 8
block 53 8
block 54 8
block 55 8
block 19 9
block 20 9
block 39 9
block 40 9
block 50 9
block 51 9
block 52 9
block 53 9
block 54 9
block 55 9
block 15 10
block 16 10
block 17 10
block 18 10
block 19 10
block 20 10
block 39 10
block 40 10
block 50 10
block 51 10
block 52 10
block 53 10
block 54 10
block 55 10
block 15 11
block 16 11
block 17 11
block 18 11
block 19 11
block 20 11
block 39 11
block 40 11
block 50 11
block 51 11
block 52 11
block 53 11
block 54 11
block 55 11
block 5 12
block 6 12
block 10 12
block 11 12
block 12 12
block 19 12
block 20 12
block 39 12
block 40 12
block 50 12
block 51 12
block 52 12
block 53 12
block 54 12
block 55 12
block 5 13
block 6 13
block 10 13
block 11 13
block 12 13
block 39 13
block 40 13
block 5 14
block 6 14
block 10 14
block 11 14
block 12 14
block 26 14
block 27 14
block 28 14
block 29 14
block 45 14
block 46 14
block 47 14
block 48 14
block 49 14
block 50 14
block 51 14
block 5 15
block 6 15
block 10 15
block 11 15
block 12 15
block 26 15
block 27 15
block 28 15
block 29 15
block 45 15
block 46 15
block 47 15
block 48 15
block 49 15
block 50 15
block 51 15
block 5 16
block 6 16
block 45 16
block 46 16
block 47 16
block 48 16
block 49 16
block 50 16
block 51 16
block 5 17
block 6 17
block 45 17
block 46 17
block 47 17
block 48 17
block 49 17
block 50 17
block 51 17
block 29 19
block 30 19
block 31 19
block 32 19
block 29 20
block 30 20
block 31 20
block 32 20
block 29 21
block 30 21
block 31 21
block 32 21
block 38 21
block 39 21
block 40 21
block 41 21
block 42 21
block 43 21
block 44 21
block 50 21
block 51 21
block 52 21
block 29 22
block 30 22
block 31 22
block 32 22
block 38 22
block 39 22
block 40 22
block 41 22
block 42 22
block 43 22
block 44 22
block 50 22
block 51 22
block 52 22
##BotsAndCoinsInfo
bot_name 0 starter-bot
bot 0 24 14
bot_coins 0 0
coin 8 4
coin 54 18
round 1
bot 0 24 15
round 2
bot 0 24 16
round 3
bot 0 24 17
round 4
bot 0 24 18
round 5
bot 0 24 19
coin 27 10
coin 35 12
round 6
bot 0 24 20
round 7
bot 0 24 21
round 8
bot 0 24 22
round 9
bot 0 23 21
round 10
bot 0 23 20
coin 54 4
coin 8 18
round 11
bot 0 23 19
round 12
bot 0 23 18
round 13
bot 0 23 17
round 14
bot 0 23 16
round 15
bot 0 23 15
coin 50 20
coin 12 2
round 16
bot 0 23 14
round 17
bot 0 23 13
round 18
bot 0 23 12
round 19
bot 0 23 11
round 20
bot 0 23 10
coin 34 14
coin 28 8
round 21
bot 0 23 9
round 22
bot 0 23 8
round 23
bot 0 23 7
round 24
bot 0 23 6
round 25
bot 0 23 5
coin 38 15
coin 24 7
round 26
bot 0 23 4
round 27
bot 0 23 3
round 28
bot 0 23 2
round 29
bot 0 23 1
round 30
bot 0 23 0
coin 42 20
coin 20 2
round 31
bot 0 22 1
round 32
bot 0 22 2
round 33
bot 0 22 3
round 34
bot 0 22 4
round 35
bot 0 22 5
coin 8 6
coin 54 16
round 36
bot 0 22 6
round 37
bot 0 22 7
round 38
bot 0 22 8
round 39
bot 0 22 9
round 40
bot 0 22 10
coin 42 15
coin 21 7
round 41
bot 0 22 11
round 42
bot 0 22 12
round 43
bot 0 22 13
round 44
bot 0 22 14
round 45
bot 0 22 15
coin 28 16
coin 34 6
round 46
bot 0 22 16
round 47
bot 0 22 17
round 48
bot 0 22 18
round 49
bot 0 22 19
round 50
bot 0 22 20
coin 5 22
coin 57 0
round 51
bot 0 22 21
round 52
bot 0 22 22
round 53
bot 0 21 21
round 54
bot 0 21 20
round 55
bot 0 21 19
coin 8 21
coin 54 1
round 56
bot 0 21 18
round 57
bot 0 21 17
round 58
bot 0 21 16
round 59
bot 0 21 15
round 60
bot 0 21 14
coin 14 0
coin 48 22
round 61
bot 0 21 13
round 62
bot 0 21 12
round 63
bot 0 21 11
round 64
bot 0 21 10
round 65
bot 0 21 9
coin 7 20
coin 55 2
round 66
bot 0 21 8
coin_collected 21 7 0
bot_coins 0 1
round 67
bot 0 21 7
round 68
bot 0 21 6
round 69
bot 0 21 5
round 70
bot 0 21 4
coin 46 11
coin 16 12
round 71
bot 0 21 3
round 72
bot 0 21 2
coin_collected 20 2 0
bot_coins 0 2
round 73
bot 0 21 1
round 74
bot 0 21 0
round 75
bot 0 20 1
coin 40 4
coin 22 18
round 76
bot 0 20 2
round 77
bot 0 20 3
round 78
bot 0 20 4
round 79
bot 0 20 5
round 80
coin 2 5
coin 60 17
round 81
round 82
round 83
round 84
round 85
coin 38 18
coin 24 4
round 86
round 87
round 88
round 89
round 90
coin 12 8
coin 50 13
round 91
round 92
round 93
round 94
round 95
coin 7 1
coin 55 21
round 96
round 97
round 98
round 99
round 100
coin 41 16
coin 21 6
round 101
round 102
round 103
round 104
round 105
coin 35 22
coin 27 0
round 106
round 107
round 108
round 109
round 110
coin 59 14
coin 3 8
round 111
round 112
round 113
round 114
round 115
coin 13 16
coin 49 6
round 116
round 117
round 118
round 119
round 120
coin 55 3
coin 7 19
round 121
round 122
round 123
round 124
round 125
coin 40 3
coin 22 19
round 126
round 127
round 128
round 129
round 130
coin 44 6
coin 18 16
round 131
round 132
round 133
round 134
round 135
coin 44 12
coin 18 9
round 136
round 137
round 138
round 139
round 140
coin 28 6
coin 34 16
round 141
round 142
round 143
round 144
round 145
coin 57 22
coin 5 0
round 146
round 147
round 148
round 149
round 150
coin 28 1
coin 34 21
round 151
round 152
round 153
round 154
round 155
coin 11 17
coin 51 5
round 156
round 157
round 158
round 159
round 160
coin 8 1
coin 54 21
round 161
round 162
round 163
round 164
round 165
coin 41 6
coin 21 16
round 166
round 167
round 168
round 169
round 170
coin 48 11
coin 14 11
round 171
round 172
round 173
round 174
round 175
coin 10 10
coin 52 13
round 176
round 177
round 178
round 179
round 180
coin 4 1
coin 58 21
round 181
round 182
round 183
round 184
round 185
coin 43 19
coin 19 3
round 186
round 187
round 188
round 189
round 190
coin 5 2
coin 57 20
round 191
round 192
round 193
round 194
round 195
coin 38 7
coin 24 15
round 196
round 197
round 198
round 199
round 200
coin 30 11
coin 32 11
match_over 0
