match
match_id 1639174309703_ej
match_time 1639174309705
num_bots 1
##MatchConfig
mode FRIENDLY
num_rounds 200
random_seed 42
move_time_limit 1000
coin_spawn_period 5
coin_spawn_volume 2
##MapConfig
map_size 49 37
view_radius 6
mining_radius 2
attack_radius 3
block 5 0
block 6 0
block 7 0
block 8 0
block 9 0
block 22 0
block 23 0
block 24 0
block 25 0
block 26 0
block 5 1
block 6 1
block 7 1
block 8 1
block 9 1
block 22 1
block 23 1
block 24 1
block 25 1
block 26 1
block 22 2
block 23 2
block 24 2
block 25 2
block 26 2
block 17 3
block 18 3
block 19 3
block 20 3
block 21 3
block 22 3
block 23 3
block 24 3
block 25 3
block 26 3
block 27 3
block 28 3
block 16 4
block 17 4
block 18 4
block 19 4
block 20 4
block 21 4
block 22 4
block 23 4
block 24 4
block 25 4
block 26 4
block 27 4
block 28 4
block 16 5
block 17 5
block 18 5
block 19 5
block 20 5
block 21 5
block 22 5
block 23 5
block 24 5
block 25 5
block 26 5
block 27 5
block 28 5
block 16 6
block 17 6
block 18 6
block 19 6
block 20 6
block 21 6
block 22 6
block 23 6
block 16 7
block 17 7
block 18 7
block 19 7
block 20 7
block 21 7
block 22 7
block 23 7
block 0 11
block 34 11
block 35 11
block 36 11
block 37 11
block 43 11
block 44 11
block 45 11
block 46 11
block 47 11
block 48 11
block 0 12
block 34 12
block 35 12
block 36 12
block 37 12
block 43 12
block 44 12
block 45 12
block 46 12
block 47 12
block 48 12
block 0 13
block 34 13
block 35 13
block 36 13
block 37 13
block 43 13
block 44 13
block 45 13
block 46 13
block 47 13
block 48 13
block 0 14
block 43 14
block 44 14
block 45 14
block 46 14
block 47 14
block 48 14
block 0 15
block 43 15
block 44 15
block 45 15
block 46 15
block 47 15
block 48 15
block 18 20
block 19 20
block 20 20
block 21 20
block 22 20
block 23 20
block 24 20
block 18 21
block 19 21
block 20 21
block 21 21
block 22 21
block 23 21
block 24 21
block 18 22
block 19 22
block 20 22
block 21 22
block 22 22
block 23 22
block 24 22
block 39 22
block 40 22
block 41 22
block 42 22
block 43 22
block 44 22
block 14 23
block 15 23
block 16 23
block 18 23
block 19 23
block 20 23
block 21 23
block 22 23
block 23 23
block 24 23
block 39 23
block 40 23
block 41 23
block 42 23
block 43 23
block 44 23
block 5 24
block 6 24
block 7 24
block 8 24
block 9 24
block 14 24
block 15 24
block 16 24
block 39 24
block 40 24
block 41 24
block 42 24
block 43 24
block 44 24
block 5 25
block 6 25
block 7 25
block 8 25
block 9 25
block 14 25
block 15 25
block 16 25
block 39 25
block 40 25
block 41 25
block 42 25
block 43 25
block 44 25
block 5 26
block 6 26
block 7 26
block 8 26
block 9 26
block 14 26
block 15 26
block 16 26
block 39 26
block 40 26
block 41 26
block 42 26
block 43 26
block 44 26
block 5 27
block 6 27
block 7 27
block 8 27
block 9 27
block 10 27
block 11 27
block 14 27
block 15 27
block 16 27
block 39 27
block 40 27
block 41 27
block 42 27
block 43 27
block 44 27
block 7 28
block 8 28
block 9 28
block 10 28
block 11 28
block 14 28
block 15 28
block 16 28
block 39 28
block 40 28
block 41 28
block 42 28
block 43 28
block 44 28
block 7 29
block 8 29
block 9 29
block 10 29
block 11 29
block 35 29
block 36 29
block 37 29
block 38 29
block 39 29
block 0 30
block 1 30
block 2 30
block 7 30
block 8 30
block 9 30
block 10 30
block 11 30
block 24 30
block 25 30
block 26 30
block 27 30
block 28 30
block 29 30
block 35 30
block 36 30
block 37 30
block 38 30
block 39 30
block 48 30
block 0 31
block 1 31
block 2 31
block 7 31
block 8 31
block 9 31
block 10 31
block 11 31
block 24 31
block 25 31
block 26 31
block 27 31
block 28 31
block 29 31
block 30 31
block 31 31
block 35 31
block 36 31
block 37 31
block 38 31
block 39 31
block 43 31
block 44 31
block 45 31
block 46 31
block 47 31
block 48 31
block 0 32
block 1 32
block 2 32
block 7 32
block 8 32
block 9 32
block 10 32
block 11 32
block 24 32
block 25 32
block 26 32
block 27 32
block 28 32
block 29 32
block 30 32
block 31 32
block 35 32
block 36 32
block 37 32
block 38 32
block 39 32
block 43 32
block 44 32
block 45 32
block 46 32
block 47 32
block 48 32
block 0 33
block 1 33
block 2 33
block 24 33
block 25 33
block 26 33
block 27 33
block 28 33
block 29 33
block 30 33
block 31 33
block 48 33
block 0 34
block 1 34
block 2 34
block 5 34
block 6 34
block 7 34
block 8 34
block 9 34
block 24 34
block 25 34
block 26 34
block 27 34
block 28 34
block 29 34
block 30 34
block 31 34
block 48 34
block 0 35
block 1 35
block 2 35
block 5 35
block 6 35
block 7 35
block 8 35
block 9 35
block 10 35
block 11 35
block 24 35
block 25 35
block 26 35
block 27 35
block 28 35
block 29 35
block 48 35
block 5 36
block 6 36
block 7 36
block 8 36
block 9 36
block 10 36
block 11 36
##BotsAndCoinsInfo
bot_name 0 starter-bot
bot 0 28 23
bot_coins 0 0
coin 29 14
coin 17 22
round 1
bot 0 28 24
round 2
bot 0 28 25
round 3
bot 0 28 26
round 4
bot 0 28 27
round 5
bot 0 28 28
coin 34 10
coin 13 26
round 6
bot 0 28 29
round 7
round 8
round 9
round 10
coin 19 8
coin 29 28
round 11
coin_collected 29 28 0
bot_coins 0 1
round 12
round 13
round 14
round 15
coin 1 14
coin 47 22
round 16
round 17
round 18
round 19
round 20
coin 48 0
coin 0 36
round 21
round 22
round 23
round 24
round 25
coin 3 21
coin 45 16
round 26
round 27
round 28
round 29
round 30
coin 28 18
coin 20 18
round 31
round 32
round 33
round 34
round 35
coin 15 9
coin 33 27
round 36
round 37
round 38
round 39
round 40
match_over 0
coin 28 14
coin 20 24
round 41
