match
match_id 1639174343847_ek
match_time 1639174343850
num_bots 1
##MatchConfig
mode FRIENDLY
num_rounds 200
random_seed 42
move_time_limit 1000
coin_spawn_period 5
coin_spawn_volume 2
##MapConfig
map_size 59 24
view_radius 6
mining_radius 1
attack_radius 3
block 11 0
block 12 0
block 13 0
block 14 0
block 15 0
block 16 0
block 17 0
block 19 0
block 20 0
block 21 0
block 22 0
block 23 0
block 24 0
block 25 0
block 26 0
block 30 0
block 31 0
block 32 0
block 33 0
block 34 0
block 35 0
block 11 1
block 12 1
block 13 1
block 14 1
block 15 1
block 16 1
block 17 1
block 19 1
block 20 1
block 21 1
block 22 1
block 23 1
block 24 1
block 25 1
block 26 1
block 30 1
block 31 1
block 32 1
block 33 1
block 34 1
block 35 1
block 54 1
block 55 1
block 56 1
block 57 1
block 58 1
block 11 2
block 12 2
block 13 2
block 14 2
block 15 2
block 16 2
block 17 2
block 19 2
block 20 2
block 21 2
block 22 2
block 23 2
block 24 2
block 25 2
block 26 2
block 30 2
block 31 2
block 32 2
block 33 2
block 34 2
block 35 2
block 54 2
block 55 2
block 56 2
block 57 2
block 58 2
block 1 3
block 2 3
block 3 3
block 4 3
block 19 3
block 20 3
block 21 3
block 22 3
block 23 3
block 30 3
block 31 3
block 32 3
block 33 3
block 34 3
block 35 3
block 51 3
block 52 3
block 53 3
block 54 3
block 1 4
block 2 4
block 3 4
block 4 4
block 19 4
block 20 4
block 21 4
block 51 4
block 52 4
block 53 4
block 54 4
block 1 5
block 2 5
block 3 5
block 4 5
block 19 5
block 20 5
block 21 5
block 51 5
block 52 5
block 53 5
block 54 5
block 1 6
block 2 6
block 3 6
block 4 6
block 9 6
block 10 6
block 11 6
block 12 6
block 13 6
block 14 6
block 15 6
block 51 6
block 52 6
block 53 6
block 54 6
block 9 7
block 10 7
block 11 7
block 12 7
block 13 7
block 14 7
block 15 7
block 34 7
block 35 7
block 36 7
block 37 7
block 38 7
block 51 7
block 52 7
block 53 7
block 54 7
block 0 8
block 9 8
block 10 8
block 11 8
block 12 8
block 13 8
block 14 8
block 15 8
block 34 8
block 35 8
block 36 8
block 37 8
block 38 8
block 39 8
block 40 8
block 41 8
block 58 8
block 0 9
block 5 9
block 6 9
block 7 9
block 8 9
block 9 9
block 10 9
block 11 9
block 12 9
block 13 9
block 14 9
block 15 9
block 34 9
block 35 9
block 36 9
block 37 9
block 38 9
block 39 9
block 40 9
block 41 9
block 58 9
block 5 10
block 6 10
block 7 10
block 8 10
block 11 10
block 12 10
block 13 10
block 35 10
block 36 10
block 37 10
block 38 10
block 39 10
block 40 10
block 41 10
block 43 10
block 44 10
block 45 10
block 10 11
block 11 11
block 12 11
block 13 11
block 35 11
block 36 11
block 37 11
block 38 11
block 39 11
block 40 11
block 41 11
block 43 11
block 44 11
block 45 11
block 0 12
block 1 12
block 2 12
block 10 12
block 11 12
block 12 12
block 13 12
block 35 12
block 36 12
block 37 12
block 38 12
block 39 12
block 40 12
block 41 12
block 43 12
block 44 12
block 45 12
block 55 12
block 56 12
block 57 12
block 58 12
block 0 13
block 1 13
block 2 13
block 10 13
block 11 13
block 12 13
block 14 13
block 15 13
block 33 13
block 34 13
block 35 13
block 36 13
block 37 13
block 38 13
block 39 13
block 40 13
block 43 13
block 44 13
block 45 13
block 48 13
block 49 13
block 50 13
block 51 13
block 52 13
block 53 13
block 55 13
block 56 13
block 57 13
block 58 13
block 10 14
block 11 14
block 12 14
block 13 14
block 14 14
block 15 14
block 33 14
block 34 14
block 35 14
block 36 14
block 37 14
block 38 14
block 39 14
block 43 14
block 44 14
block 45 14
block 48 14
block 49 14
block 50 14
block 51 14
block 52 14
block 53 14
block 10 15
block 11 15
block 12 15
block 13 15
block 14 15
block 15 15
block 33 15
block 34 15
block 35 15
block 36 15
block 37 15
block 38 15
block 39 15
block 10 16
block 11 16
block 12 16
block 13 16
block 14 16
block 15 16
block 24 16
block 25 16
block 26 16
block 27 16
block 28 16
block 29 16
block 30 16
block 33 16
block 34 16
block 35 16
block 36 16
block 37 16
block 38 16
block 39 16
block 8 17
block 9 17
block 10 17
block 11 17
block 12 17
block 13 17
block 14 17
block 15 17
block 24 17
block 25 17
block 26 17
block 27 17
block 28 17
block 29 17
block 30 17
block 33 17
block 34 17
block 35 17
block 36 17
block 37 17
block 38 17
block 39 17
block 8 18
block 9 18
block 10 18
block 11 18
block 12 18
block 13 18
block 14 18
block 15 18
block 24 18
block 25 18
block 26 18
block 27 18
block 28 18
block 29 18
block 30 18
block 32 18
block 33 18
block 34 18
block 35 18
block 36 18
block 37 18
block 38 18
block 39 18
block 40 18
block 8 19
block 9 19
block 10 19
block 11 19
block 12 19
block 13 19
block 14 19
block 15 19
block 24 19
block 25 19
block 26 19
block 27 19
block 28 19
block 29 19
block 30 19
block 32 19
block 33 19
block 34 19
block 35 19
block 36 19
block 37 19
block 38 19
block 39 19
block 40 19
block 11 20
block 12 20
block 13 20
block 14 20
block 15 20
block 16 20
block 17 20
block 20 20
block 21 20
block 22 20
block 23 20
block 24 20
block 25 20
block 26 20
block 27 20
block 28 20
block 29 20
block 30 20
block 39 20
block 40 20
block 11 21
block 12 21
block 13 21
block 14 21
block 15 21
block 16 21
block 17 21
block 19 21
block 20 21
block 21 21
block 22 21
block 23 21
block 24 21
block 25 21
block 26 21
block 27 21
block 28 21
block 29 21
block 30 21
block 11 22
block 12 22
block 13 22
block 14 22
block 15 22
block 16 22
block 17 22
block 19 22
block 20 22
block 21 22
block 22 22
block 23 22
block 24 22
block 25 22
block 26 22
block 30 22
block 31 22
block 32 22
block 33 22
block 34 22
block 35 22
block 11 23
block 12 23
block 13 23
block 14 23
block 15 23
block 16 23
block 17 23
block 19 23
block 20 23
block 21 23
block 22 23
block 23 23
block 24 23
block 25 23
block 26 23
block 30 23
block 31 23
block 32 23
block 33 23
block 34 23
block 35 23
##BotsAndCoinsInfo
bot_name 0 starter-bot
bot 0 27 22
bot_coins 0 0
coin 33 4
coin 23 19
round 1
bot 0 27 23
round 2
bot 0 27 22
round 3
round 4
round 5
coin 16 19
coin 42 4
round 6
round 7
round 8
round 9
round 10
coin 9 13
coin 49 10
round 11
round 12
round 13
round 14
round 15
coin 16 14
coin 42 9
round 16
round 17
round 18
round 19
round 20
coin 48 5
coin 10 20
round 21
round 22
round 23
round 24
round 25
coin 9 14
coin 49 9
round 26
round 27
match_over 0
round 28
