match
match_id 1639177064869_hq
match_time 1639177064871
num_bots 1
##MatchConfig
mode FRIENDLY
num_rounds 200
random_seed 42
move_time_limit 1000
coin_spawn_period 5
coin_spawn_volume 2
##MapConfig
map_size 48 31
view_radius 6
mining_radius 1
attack_radius 4
block 5 0
block 6 0
block 7 0
block 8 0
block 9 0
block 11 0
block 12 0
block 13 0
block 14 0
block 15 0
block 16 0
block 24 0
block 25 0
block 26 0
block 5 1
block 6 1
block 7 1
block 31 1
block 32 1
block 33 1
block 34 1
block 35 1
block 31 2
block 32 2
block 33 2
block 34 2
block 35 2
block 31 3
block 32 3
block 33 3
block 34 3
block 35 3
block 36 3
block 37 3
block 38 3
block 39 3
block 2 4
block 3 4
block 4 4
block 5 4
block 6 4
block 16 4
block 17 4
block 31 4
block 32 4
block 33 4
block 34 4
block 35 4
block 36 4
block 37 4
block 38 4
block 39 4
block 2 5
block 3 5
block 4 5
block 5 5
block 6 5
block 16 5
block 17 5
block 31 5
block 32 5
block 33 5
block 34 5
block 35 5
block 36 5
block 37 5
block 38 5
block 39 5
block 2 6
block 3 6
block 4 6
block 5 6
block 6 6
block 16 6
block 17 6
block 30 6
block 31 6
block 32 6
block 33 6
block 34 6
block 35 6
block 2 7
block 3 7
block 4 7
block 5 7
block 6 7
block 16 7
block 17 7
block 30 7
block 31 7
block 32 7
block 33 7
block 34 7
block 35 7
block 40 7
block 41 7
block 42 7
block 2 8
block 3 8
block 4 8
block 5 8
block 6 8
block 16 8
block 17 8
block 30 8
block 31 8
block 32 8
block 40 8
block 41 8
block 42 8
block 15 9
block 16 9
block 17 9
block 18 9
block 19 9
block 20 9
block 21 9
block 30 9
block 31 9
block 32 9
block 33 9
block 34 9
block 35 9
block 36 9
block 40 9
block 41 9
block 42 9
block 15 10
block 16 10
block 17 10
block 18 10
block 19 10
block 20 10
block 21 10
block 30 10
block 31 10
block 32 10
block 33 10
block 34 10
block 35 10
block 36 10
block 40 10
block 41 10
block 42 10
block 0 11
block 1 11
block 2 11
block 10 11
block 11 11
block 12 11
block 13 11
block 14 11
block 15 11
block 16 11
block 17 11
block 18 11
block 19 11
block 20 11
block 21 11
block 30 11
block 31 11
block 32 11
block 33 11
block 34 11
block 35 11
block 36 11
block 45 11
block 46 11
block 47 11
block 0 12
block 1 12
block 2 12
block 10 12
block 11 12
block 12 12
block 13 12
block 14 12
block 15 12
block 16 12
block 17 12
block 18 12
block 19 12
block 20 12
block 21 12
block 31 12
block 32 12
block 33 12
block 34 12
block 35 12
block 45 12
block 46 12
block 47 12
block 0 13
block 1 13
block 2 13
block 10 13
block 11 13
block 12 13
block 13 13
block 14 13
block 31 13
block 32 13
block 33 13
block 34 13
block 35 13
block 45 13
block 46 13
block 47 13
block 0 14
block 1 14
block 2 14
block 10 14
block 11 14
block 12 14
block 13 14
block 14 14
block 45 14
block 46 14
block 47 14
block 0 15
block 1 15
block 2 15
block 10 15
block 11 15
block 12 15
block 13 15
block 14 15
block 45 15
block 46 15
block 47 15
block 20 17
block 21 17
block 22 17
block 20 18
block 21 18
block 22 18
block 29 18
block 30 18
block 31 18
block 12 19
block 13 19
block 14 19
block 15 19
block 16 19
block 29 19
block 30 19
block 31 19
block 7 20
block 8 20
block 9 20
block 10 20
block 11 20
block 12 20
block 13 20
block 14 20
block 15 20
block 16 20
block 29 20
block 30 20
block 31 20
block 7 21
block 8 21
block 9 21
block 10 21
block 11 21
block 12 21
block 13 21
block 14 21
block 15 21
block 16 21
block 29 21
block 30 21
block 31 21
block 7 22
block 8 22
block 9 22
block 10 22
block 11 22
block 12 22
block 13 22
block 14 22
block 15 22
block 16 22
block 17 22
block 18 22
block 19 22
block 20 22
block 29 22
block 30 22
block 31 22
block 7 23
block 8 23
block 9 23
block 10 23
block 11 23
block 12 23
block 13 23
block 14 23
block 15 23
block 16 23
block 17 23
block 18 23
block 19 23
block 20 23
block 29 23
block 30 23
block 31 23
block 8 24
block 9 24
block 10 24
block 11 24
block 12 24
block 13 24
block 14 24
block 15 24
block 16 24
block 8 25
block 9 25
block 10 25
block 11 25
block 12 25
block 13 25
block 14 25
block 15 25
block 16 25
block 8 26
block 9 26
block 10 26
block 11 26
block 12 26
block 13 26
block 14 26
block 15 26
block 16 26
block 21 26
block 22 26
block 23 26
block 24 26
block 25 26
block 26 26
block 3 27
block 4 27
block 5 27
block 6 27
block 7 27
block 8 27
block 9 27
block 11 27
block 12 27
block 13 27
block 14 27
block 15 27
block 16 27
block 21 27
block 22 27
block 23 27
block 24 27
block 25 27
block 26 27
block 3 28
block 4 28
block 5 28
block 6 28
block 7 28
block 8 28
block 9 28
block 11 28
block 12 28
block 13 28
block 14 28
block 15 28
block 16 28
block 24 28
block 25 28
block 26 28
block 5 29
block 6 29
block 7 29
block 11 29
block 12 29
block 13 29
block 14 29
block 15 29
block 16 29
block 24 29
block 25 29
block 26 29
block 5 30
block 6 30
block 7 30
block 8 30
block 9 30
block 11 30
block 12 30
block 13 30
block 14 30
block 15 30
block 16 30
block 24 30
block 25 30
block 26 30
##BotsAndCoinsInfo
bot_name 0 starter-bot
bot 0 10 19
bot_coins 0 0
coin 26 10
coin 21 20
round 1
round 2
round 3
round 4
round 5
coin 0 23
coin 47 7
round 6
round 7
round 8
round 9
round 10
coin 18 28
coin 29 2
round 11
round 12
round 13
round 14
round 15
coin 17 1
coin 30 29
round 16
round 17
round 18
round 19
round 20
coin 30 3
coin 17 27
round 21
round 22
round 23
round 24
round 25
coin 14 1
coin 33 29
round 26
round 27
round 28
round 29
round 30
coin 10 27
coin 37 2
round 31
round 32
round 33
round 34
round 35
coin 44 19
coin 3 11
round 36
round 37
round 38
round 39
round 40
coin 24 21
coin 23 9
round 41
round 42
round 43
round 44
round 45
coin 7 19
coin 40 11
round 46
round 47
round 48
round 49
round 50
coin 8 8
coin 39 22
round 51
round 52
round 53
round 54
round 55
coin 26 18
coin 22 12
round 56
round 57
round 58
round 59
round 60
coin 11 18
coin 36 12
round 61
round 62
round 63
round 64
round 65
coin 46 18
coin 3 12
round 66
round 67
round 68
round 69
round 70
coin 43 21
coin 4 9
round 71
round 72
round 73
round 74
round 75
coin 10 28
coin 37 1
round 76
round 77
round 78
round 79
round 80
coin 14 17
coin 33 14
round 81
round 82
round 83
round 84
round 85
coin 41 22
coin 7 8
round 86
round 87
round 88
round 89
round 90
coin 11 19
coin 37 11
round 91
coin_collected 11 19 0
bot_coins 0 1
round 92
round 93
round 94
round 95
coin 25 24
coin 22 6
round 96
round 97
round 98
round 99
round 100
coin 11 19
coin 37 10
round 101
coin_collected 11 19 0
bot_coins 0 2
round 102
round 103
round 104
round 105
coin 47 6
coin 0 24
round 106
round 107
round 108
round 109
round 110
coin 23 12
coin 24 18
round 111
round 112
round 113
round 114
round 115
coin 8 29
coin 39 1
round 116
round 117
round 118
round 119
round 120
coin 13 4
coin 34 26
round 121
round 122
round 123
round 124
round 125
coin 27 30
coin 20 0
round 126
round 127
round 128
round 129
round 130
coin 38 1
coin 9 29
round 131
round 132
round 133
round 134
round 135
coin 8 11
coin 39 19
round 136
round 137
round 138
round 139
round 140
coin 1 22
coin 46 8
round 141
round 142
round 143
round 144
round 145
coin 21 14
coin 26 16
round 146
round 147
round 148
round 149
round 150
coin 25 22
coin 22 8
round 151
round 152
round 153
round 154
round 155
coin 32 22
coin 15 8
round 156
round 157
round 158
round 159
round 160
coin 38 27
coin 9 3
round 161
round 162
round 163
round 164
round 165
coin 14 7
coin 33 23
round 166
round 167
round 168
round 169
round 170
coin 15 4
coin 32 26
round 171
round 172
round 173
round 174
round 175
coin 23 17
coin 24 13
round 176
round 177
round 178
round 179
round 180
coin 13 2
coin 34 28
round 181
round 182
round 183
round 184
round 185
coin 37 30
coin 10 0
round 186
round 187
round 188
round 189
round 190
coin 26 13
coin 21 16
round 191
round 192
round 193
round 194
round 195
coin 17 20
coin 29 10
round 196
round 197
round 198
round 199
round 200
coin 24 22
coin 23 8
match_over 0
