match
match_id 1639470757938_ae
match_time 1639470757942
num_bots 1
##MatchConfig
mode FRIENDLY
num_rounds 200
random_seed 42
move_time_limit 1000
coin_spawn_period 5
coin_spawn_volume 2
##MapConfig
map_size 61 27
view_radius 5
mining_radius 2
attack_radius 3
block 0 0
block 1 0
block 2 0
block 4 0
block 5 0
block 6 0
block 7 0
block 8 0
block 26 0
block 27 0
block 28 0
block 29 0
block 30 0
block 31 0
block 49 0
block 50 0
block 51 0
block 52 0
block 55 0
block 56 0
block 57 0
block 58 0
block 0 1
block 1 1
block 2 1
block 4 1
block 5 1
block 6 1
block 7 1
block 8 1
block 26 1
block 27 1
block 28 1
block 29 1
block 30 1
block 31 1
block 49 1
block 50 1
block 51 1
block 52 1
block 59 1
block 60 1
block 0 2
block 1 2
block 4 2
block 5 2
block 6 2
block 7 2
block 8 2
block 12 2
block 13 2
block 14 2
block 15 2
block 26 2
block 27 2
block 28 2
block 29 2
block 30 2
block 31 2
block 59 2
block 60 2
block 0 3
block 1 3
block 6 3
block 7 3
block 8 3
block 9 3
block 10 3
block 12 3
block 13 3
block 14 3
block 15 3
block 33 3
block 34 3
block 47 3
block 48 3
block 49 3
block 50 3
block 59 3
block 60 3
block 6 4
block 7 4
block 8 4
block 9 4
block 10 4
block 12 4
block 13 4
block 14 4
block 15 4
block 33 4
block 34 4
block 47 4
block 48 4
block 49 4
block 50 4
block 6 5
block 7 5
block 8 5
block 9 5
block 10 5
block 47 5
block 48 5
block 49 5
block 50 5
block 6 6
block 7 6
block 8 6
block 9 6
block 10 6
block 11 6
block 12 6
block 13 6
block 47 6
block 48 6
block 49 6
block 50 6
block 6 7
block 7 7
block 8 7
block 9 7
block 10 7
block 11 7
block 12 7
block 13 7
block 47 7
block 48 7
block 49 7
block 50 7
block 9 8
block 10 8
block 11 8
block 12 8
block 13 8
block 9 9
block 10 9
block 11 9
block 12 9
block 13 9
block 30 9
block 31 9
block 32 9
block 33 9
block 9 10
block 10 10
block 11 10
block 12 10
block 13 10
block 19 10
block 20 10
block 21 10
block 22 10
block 23 10
block 30 10
block 31 10
block 32 10
block 33 10
block 9 11
block 10 11
block 11 11
block 12 11
block 13 11
block 19 11
block 20 11
block 21 11
block 22 11
block 23 11
block 30 11
block 31 11
block 32 11
block 33 11
block 36 11
block 37 11
block 38 11
block 19 12
block 20 12
block 21 12
block 22 12
block 23 12
block 28 12
block 29 12
block 30 12
block 31 12
block 32 12
block 33 12
block 34 12
block 35 12
block 36 12
block 37 12
block 38 12
block 9 13
block 10 13
block 11 13
block 12 13
block 13 13
block 14 13
block 15 13
block 16 13
block 17 13
block 19 13
block 20 13
block 21 13
block 28 13
block 29 13
block 30 13
block 31 13
block 32 13
block 33 13
block 34 13
block 35 13
block 36 13
block 37 13
block 38 13
block 9 14
block 10 14
block 11 14
block 12 14
block 13 14
block 14 14
block 15 14
block 16 14
block 17 14
block 28 14
block 29 14
block 30 14
block 31 14
block 32 14
block 33 14
block 34 14
block 35 14
block 36 14
block 37 14
block 38 14
block 52 14
block 53 14
block 54 14
block 55 14
block 9 15
block 10 15
block 11 15
block 12 15
block 13 15
block 30 15
block 31 15
block 32 15
block 33 15
block 34 15
block 35 15
block 52 15
block 53 15
block 54 15
block 55 15
block 11 16
block 12 16
block 13 16
block 14 16
block 15 16
block 16 16
block 17 16
block 27 16
block 28 16
block 34 16
block 35 16
block 50 16
block 51 16
block 52 16
block 53 16
block 54 16
block 55 16
block 5 17
block 6 17
block 7 17
block 8 17
block 9 17
block 10 17
block 11 17
block 12 17
block 13 17
block 14 17
block 15 17
block 16 17
block 17 17
block 27 17
block 28 17
block 34 17
block 35 17
block 50 17
block 51 17
block 52 17
block 53 17
block 54 17
block 55 17
block 5 18
block 6 18
block 7 18
block 8 18
block 9 18
block 10 18
block 11 18
block 12 18
block 13 18
block 14 18
block 15 18
block 16 18
block 17 18
block 27 18
block 28 18
block 34 18
block 35 18
block 50 18
block 51 18
block 52 18
block 53 18
block 54 18
block 55 18
block 5 19
block 6 19
block 7 19
block 8 19
block 9 19
block 10 19
block 11 19
block 12 19
block 13 19
block 14 19
block 15 19
block 16 19
block 17 19
block 27 19
block 28 19
block 50 19
block 51 19
block 52 19
block 53 19
block 54 19
block 55 19
block 5 20
block 6 20
block 7 20
block 8 20
block 10 20
block 11 20
block 12 20
block 13 20
block 14 20
block 15 20
block 16 20
block 17 20
block 25 20
block 26 20
block 27 20
block 28 20
block 52 20
block 53 20
block 54 20
block 55 20
block 5 21
block 6 21
block 7 21
block 8 21
block 10 21
block 11 21
block 12 21
block 13 21
block 14 21
block 15 21
block 16 21
block 17 21
block 25 21
block 26 21
block 27 21
block 28 21
block 55 21
block 56 21
block 57 21
block 58 21
block 5 22
block 6 22
block 7 22
block 8 22
block 10 22
block 11 22
block 12 22
block 13 22
block 14 22
block 15 22
block 16 22
block 17 22
block 25 22
block 26 22
block 55 22
block 56 22
block 57 22
block 58 22
block 0 23
block 1 23
block 2 23
block 4 23
block 5 23
block 6 23
block 7 23
block 8 23
block 10 23
block 11 23
block 12 23
block 25 23
block 26 23
block 55 23
block 56 23
block 57 23
block 58 23
block 0 24
block 1 24
block 2 24
block 4 24
block 5 24
block 6 24
block 7 24
block 8 24
block 10 24
block 11 24
block 12 24
block 55 24
block 56 24
block 57 24
block 58 24
block 0 25
block 1 25
block 2 25
block 4 25
block 5 25
block 6 25
block 7 25
block 8 25
block 55 25
block 56 25
block 57 25
block 58 25
block 0 26
block 1 26
block 2 26
block 4 26
block 5 26
block 6 26
block 7 26
block 8 26
block 26 26
block 27 26
block 28 26
block 29 26
block 30 26
block 31 26
block 49 26
block 50 26
block 51 26
block 52 26
block 55 26
block 56 26
block 57 26
block 58 26
##BotsAndCoinsInfo
bot_name 0 starter-bot
bot 0 38 3
bot_coins 0 0
coin 5 3
coin 54 23
round 1
bot 0 38 4
round 2
bot 0 38 5
round 3
bot 0 38 6
round 4
bot 0 38 7
round 5
bot 0 38 8
coin 25 17
coin 35 9
round 6
bot 0 37 9
coin_collected 35 9 0
bot_coins 0 1
round 7
bot 0 36 8
round 8
bot 0 36 9
round 9
bot 0 36 10
round 10
bot 0 35 10
coin 10 16
coin 50 10
round 11
bot 0 35 11
round 12
bot 0 34 11
round 13
round 14
bot 0 34 10
round 15
bot 0 34 9
coin 56 20
coin 4 6
round 16
bot 0 34 8
round 17
bot 0 34 7
round 18
bot 0 34 6
round 19
bot 0 34 5
round 20
bot 0 33 5
coin 21 2
coin 39 24
round 21
bot 0 32 5
round 22
bot 0 32 4
round 23
bot 0 32 3
round 24
bot 0 32 2
round 25
bot 0 32 1
coin 38 26
coin 22 0
round 26
bot 0 32 0
round 27
bot 0 32 1
round 28
bot 0 32 2
round 29
bot 0 32 3
round 30
bot 0 31 4
coin 23 9
coin 37 17
round 31
bot 0 31 5
round 32
bot 0 31 6
round 33
bot 0 31 7
round 34
bot 0 31 8
round 35
bot 0 30 8
coin 22 5
coin 38 21
round 36
bot 0 29 8
round 37
bot 0 29 9
round 38
bot 0 29 10
round 39
bot 0 29 11
round 40
bot 0 28 11
coin 35 6
coin 24 20
round 41
bot 0 27 11
round 42
bot 0 26 10
round 43
bot 0 25 9
coin_collected 23 9 0
bot_coins 0 2
round 44
bot 0 24 8
round 45
bot 0 24 9
coin 41 8
coin 19 18
round 46
bot 0 23 8
round 47
bot 0 22 7
coin_collected 22 5 0
bot_coins 0 3
round 48
bot 0 21 6
round 49
bot 0 21 7
round 50
bot 0 21 8
coin 5 4
coin 54 22
round 51
bot 0 21 9
round 52
bot 0 20 9
round 53
bot 0 19 9
round 54
bot 0 18 9
round 55
bot 0 18 10
coin 54 24
coin 4 3
round 56
bot 0 18 11
round 57
bot 0 18 12
round 58
bot 0 18 13
round 59
bot 0 18 14
round 60
bot 0 19 15
coin 19 0
coin 41 26
round 61
bot 0 18 16
round 62
bot 0 19 17
coin_collected 19 18 0
bot_coins 0 4
round 63
bot 0 19 18
round 64
bot 0 19 19
round 65
bot 0 19 20
coin 19 22
coin 41 4
round 66
bot 0 19 21
coin_collected 19 22 0
bot_coins 0 5
round 67
bot 0 19 22
round 68
bot 0 19 23
round 69
bot 0 18 22
round 70
bot 0 18 23
coin 20 3
coin 40 23
round 71
bot 0 19 22
round 72
bot 0 19 23
round 73
bot 0 18 22
round 74
bot 0 18 23
round 75
bot 0 19 22
coin 50 21
coin 11 5
round 76
bot 0 19 23
round 77
bot 0 18 22
round 78
bot 0 18 23
round 79
bot 0 19 22
round 80
bot 0 19 23
coin 59 23
coin 2 3
round 81
bot 0 18 24
round 82
bot 0 19 23
round 83
bot 0 18 22
round 84
bot 0 18 21
round 85
bot 0 18 22
coin 38 15
coin 22 9
round 86
bot 0 18 23
round 87
bot 0 19 22
round 88
bot 0 19 23
round 89
bot 0 18 22
round 90
bot 0 18 23
coin 20 7
coin 40 19
round 91
bot 0 19 22
round 92
bot 0 19 23
round 93
bot 0 18 22
round 94
bot 0 18 23
round 95
bot 0 19 22
coin 39 21
coin 21 5
round 96
bot 0 19 23
round 97
bot 0 19 24
round 98
bot 0 18 23
round 99
bot 0 19 22
round 100
bot 0 18 23
coin 36 22
coin 24 4
round 101
bot 0 18 22
round 102
bot 0 18 23
round 103
bot 0 19 22
round 104
bot 0 19 23
round 105
bot 0 18 22
coin 48 25
coin 12 1
round 106
bot 0 18 23
round 107
bot 0 19 22
round 108
bot 0 19 23
round 109
bot 0 18 22
round 110
bot 0 18 23
coin 22 24
coin 38 2
round 111
bot 0 19 22
round 112
bot 0 19 23
round 113
bot 0 18 22
round 114
bot 0 18 23
round 115
bot 0 19 24
coin 18 20
coin 42 6
round 116
bot 0 18 23
round 117
bot 0 19 22
round 118
bot 0 20 23
round 119
bot 0 19 22
round 120
bot 0 19 23
coin 8 8
coin 51 20
round 121
bot 0 20 24
coin_collected 22 24 0
bot_coins 0 6
round 122
bot 0 19 23
round 123
bot 0 18 22
coin_collected 18 20 0
bot_coins 0 7
round 124
bot 0 18 21
round 125
bot 0 18 22
coin 48 14
coin 12 12
round 126
bot 0 18 23
round 127
bot 0 19 22
round 128
bot 0 19 23
round 129
bot 0 18 22
round 130
bot 0 18 23
coin 3 4
coin 59 22
round 131
bot 0 19 22
round 132
bot 0 19 23
round 133
bot 0 18 22
round 134
bot 0 18 23
round 135
bot 0 19 23
coin 37 7
coin 23 19
round 136
bot 0 19 24
round 137
bot 0 18 23
round 138
bot 0 19 22
round 139
bot 0 18 23
round 140
bot 0 19 22
coin 28 4
coin 32 22
round 141
bot 0 19 23
round 142
bot 0 18 22
round 143
bot 0 18 23
round 144
bot 0 19 22
round 145
bot 0 19 23
coin 24 18
coin 36 8
round 146
bot 0 18 22
round 147
bot 0 18 23
round 148
bot 0 18 24
round 149
bot 0 19 23
round 150
bot 0 18 22
coin 20 14
coin 40 12
round 151
bot 0 18 23
round 152
bot 0 19 22
round 153
bot 0 19 23
round 154
bot 0 20 24
round 155
bot 0 19 23
coin 48 13
coin 11 12
round 156
bot 0 18 22
round 157
bot 0 18 23
round 158
bot 0 19 22
round 159
bot 0 19 21
round 160
bot 0 19 22
coin 21 23
coin 39 3
round 161
bot 0 19 23
coin_collected 21 23 0
bot_coins 0 8
round 162
bot 0 18 22
round 163
round 164
bot 0 18 23
round 165
bot 0 19 22
coin 51 22
coin 11 4
round 166
bot 0 19 23
round 167
bot 0 18 22
round 168
bot 0 18 23
round 169
bot 0 19 24
round 170
bot 0 20 25
coin 47 9
coin 14 15
round 171
bot 0 21 24
round 172
bot 0 21 25
round 173
bot 0 20 24
round 174
bot 0 20 25
round 175
bot 0 21 24
coin 17 5
coin 43 21
round 176
bot 0 21 25
round 177
bot 0 20 24
round 178
bot 0 21 25
round 179
bot 0 20 24
round 180
bot 0 20 25
coin 47 8
coin 15 15
round 181
bot 0 21 24
round 182
bot 0 21 25
round 183
bot 0 20 25
round 184
bot 0 19 24
round 185
bot 0 18 23
coin 22 23
coin 38 3
round 186
bot 0 19 22
round 187
bot 0 19 23
round 188
bot 0 18 23
round 189
bot 0 19 22
round 190
bot 0 19 23
coin 18 25
coin 42 1
round 191
bot 0 18 22
round 192
bot 0 18 23
coin_collected 18 25 0
bot_coins 0 9
round 193
bot 0 19 22
round 194
bot 0 19 23
round 195
bot 0 18 22
coin 56 6
coin 4 20
round 196
round 197
bot 0 18 23
round 198
bot 0 17 23
round 199
bot 0 18 22
round 200
bot 0 18 23
coin 47 19
coin 14 7
match_over 0
