match
match_id 1639214490365_ln
match_time 1639214490367
num_bots 1
##MatchConfig
mode FRIENDLY
num_rounds 200
random_seed 42
move_time_limit 1000
coin_spawn_period 5
coin_spawn_volume 2
##MapConfig
map_size 54 35
view_radius 6
mining_radius 1
attack_radius 4
block 21 0
block 22 0
block 23 0
block 27 0
block 28 0
block 29 0
block 12 1
block 13 1
block 14 1
block 15 1
block 16 1
block 17 1
block 18 1
block 21 1
block 22 1
block 23 1
block 27 1
block 28 1
block 29 1
block 12 2
block 13 2
block 14 2
block 15 2
block 16 2
block 17 2
block 18 2
block 21 2
block 22 2
block 23 2
block 8 4
block 9 4
block 8 5
block 9 5
block 30 5
block 31 5
block 32 5
block 30 6
block 31 6
block 32 6
block 30 7
block 31 7
block 32 7
block 0 8
block 1 8
block 2 8
block 3 8
block 4 8
block 5 8
block 6 8
block 30 8
block 31 8
block 32 8
block 0 9
block 1 9
block 2 9
block 3 9
block 4 9
block 5 9
block 6 9
block 30 9
block 31 9
block 32 9
block 19 10
block 20 10
block 21 10
block 0 11
block 1 11
block 2 11
block 3 11
block 4 11
block 5 11
block 19 11
block 20 11
block 21 11
block 42 11
block 43 11
block 44 11
block 45 11
block 46 11
block 53 11
block 0 12
block 1 12
block 2 12
block 3 12
block 4 12
block 5 12
block 19 12
block 20 12
block 21 12
block 42 12
block 43 12
block 44 12
block 45 12
block 46 12
block 53 12
block 0 13
block 1 13
block 2 13
block 3 13
block 4 13
block 5 13
block 42 13
block 43 13
block 44 13
block 45 13
block 46 13
block 53 13
block 0 14
block 1 14
block 2 14
block 3 14
block 4 14
block 5 14
block 42 14
block 43 14
block 44 14
block 45 14
block 46 14
block 53 14
block 0 15
block 1 15
block 42 15
block 43 15
block 44 15
block 45 15
block 46 15
block 50 15
block 51 15
block 52 15
block 53 15
block 0 16
block 1 16
block 4 16
block 5 16
block 6 16
block 7 16
block 42 16
block 43 16
block 44 16
block 45 16
block 46 16
block 50 16
block 51 16
block 52 16
block 53 16
block 4 17
block 5 17
block 6 17
block 7 17
block 33 17
block 34 17
block 35 17
block 36 17
block 37 17
block 38 17
block 39 17
block 42 17
block 43 17
block 44 17
block 45 17
block 46 17
block 4 18
block 5 18
block 6 18
block 7 18
block 33 18
block 34 18
block 35 18
block 36 18
block 37 18
block 38 18
block 39 18
block 4 19
block 5 19
block 6 19
block 7 19
block 16 19
block 17 19
block 18 19
block 19 19
block 20 19
block 21 19
block 22 19
block 27 19
block 28 19
block 29 19
block 30 19
block 31 19
block 32 19
block 33 19
block 34 19
block 35 19
block 36 19
block 37 19
block 38 19
block 39 19
block 4 20
block 5 20
block 6 20
block 7 20
block 16 20
block 17 20
block 18 20
block 19 20
block 20 20
block 21 20
block 22 20
block 27 20
block 28 20
block 29 20
block 30 20
block 31 20
block 32 20
block 33 20
block 4 21
block 5 21
block 6 21
block 7 21
block 16 21
block 17 21
block 18 21
block 19 21
block 20 21
block 21 21
block 22 21
block 4 22
block 5 22
block 6 22
block 7 22
block 16 22
block 17 22
block 18 22
block 19 22
block 20 22
block 21 22
block 22 22
block 2 23
block 3 23
block 4 23
block 16 23
block 17 23
block 18 23
block 19 23
block 20 23
block 21 23
block 22 23
block 33 23
block 34 23
block 35 23
block 36 23
block 43 23
block 44 23
block 45 23
block 46 23
block 2 24
block 3 24
block 4 24
block 16 24
block 17 24
block 18 24
block 19 24
block 20 24
block 21 24
block 22 24
block 33 24
block 34 24
block 35 24
block 36 24
block 43 24
block 44 24
block 45 24
block 46 24
block 2 25
block 3 25
block 4 25
block 33 25
block 34 25
block 35 25
block 36 25
block 43 25
block 44 25
block 45 25
block 46 25
block 2 26
block 3 26
block 4 26
block 16 26
block 17 26
block 18 26
block 19 26
block 33 26
block 34 26
block 35 26
block 36 26
block 43 26
block 44 26
block 45 26
block 46 26
block 16 27
block 17 27
block 18 27
block 19 27
block 33 27
block 34 27
block 35 27
block 36 27
block 43 27
block 44 27
block 45 27
block 46 27
block 16 28
block 17 28
block 18 28
block 19 28
block 33 28
block 34 28
block 35 28
block 36 28
block 43 28
block 44 28
block 45 28
block 46 28
block 16 29
block 17 29
block 18 29
block 19 29
block 33 29
block 34 29
block 35 29
block 36 29
block 49 29
block 50 29
block 51 29
block 52 29
block 16 30
block 17 30
block 18 30
block 19 30
block 49 30
block 50 30
block 51 30
block 52 30
block 16 31
block 17 31
block 18 31
block 19 31
block 49 31
block 50 31
block 51 31
block 52 31
block 0 32
block 25 32
block 26 32
block 27 32
block 28 32
block 29 32
block 30 32
block 49 32
block 50 32
block 51 32
block 52 32
block 53 32
block 0 33
block 21 33
block 22 33
block 23 33
block 25 33
block 26 33
block 27 33
block 28 33
block 29 33
block 30 33
block 50 33
block 51 33
block 52 33
block 53 33
block 21 34
block 22 34
block 23 34
block 27 34
block 28 34
block 29 34
##BotsAndCoinsInfo
bot_name 0 starter-bot
bot 0 31 1
bot_coins 0 0
coin 44 33
coin 9 1
round 1
bot 0 31 2
round 2
bot 0 31 3
round 3
bot 0 31 4
round 4
round 5
coin 37 24
coin 16 10
round 6
round 7
round 8
round 9
round 10
coin 37 25
coin 16 9
round 11
round 12
round 13
round 14
round 15
coin 41 3
coin 12 31
round 16
round 17
round 18
round 19
round 20
coin 43 3
coin 10 31
round 21
round 22
round 23
round 24
round 25
coin 20 32
coin 33 2
round 26
round 27
round 28
round 29
round 30
coin 24 7
coin 29 27
round 31
round 32
round 33
round 34
round 35
coin 44 18
coin 9 16
round 36
round 37
round 38
round 39
round 40
coin 6 5
coin 47 29
round 41
round 42
round 43
round 44
round 45
coin 19 9
coin 32 25
round 46
round 47
round 48
round 49
round 50
coin 50 8
coin 3 27
round 51
round 52
round 53
round 54
round 55
coin 8 23
coin 45 10
round 56
round 57
round 58
round 59
round 60
coin 23 16
coin 30 18
round 61
round 62
round 63
round 64
round 65
coin 34 3
coin 20 31
round 66
round 67
round 68
round 69
round 70
coin 37 26
coin 16 8
round 71
round 72
round 73
round 74
round 75
coin 40 6
coin 13 28
round 76
round 77
round 78
round 79
round 80
coin 2 10
coin 51 24
round 81
round 82
round 83
round 84
round 85
coin 11 32
coin 42 2
round 86
round 87
round 88
round 89
round 90
coin 12 33
coin 41 1
round 91
round 92
round 93
round 94
round 95
coin 7 34
coin 46 0
round 96
round 97
round 98
round 99
round 100
coin 5 5
coin 48 29
round 101
round 102
round 103
round 104
round 105
coin 53 7
coin 0 27
round 106
round 107
round 108
round 109
round 110
coin 6 14
coin 47 20
round 111
round 112
round 113
round 114
round 115
coin 48 30
coin 5 4
round 116
round 117
round 118
round 119
round 120
coin 19 3
coin 34 31
round 121
round 122
round 123
round 124
round 125
coin 49 0
coin 4 34
round 126
round 127
round 128
round 129
round 130
coin 8 1
coin 45 33
round 131
round 132
round 133
round 134
round 135
coin 8 0
coin 45 34
round 136
round 137
round 138
round 139
round 140
coin 19 14
coin 34 20
round 141
round 142
round 143
round 144
round 145
coin 39 3
coin 14 31
round 146
round 147
round 148
round 149
round 150
coin 37 20
coin 16 14
round 151
round 152
round 153
round 154
round 155
coin 20 16
coin 32 18
round 156
round 157
round 158
round 159
round 160
coin 26 9
coin 27 25
round 161
round 162
round 163
round 164
round 165
coin 14 4
coin 39 30
round 166
round 167
round 168
round 169
round 170
coin 3 19
coin 49 15
round 171
round 172
round 173
round 174
round 175
coin 28 2
coin 24 32
round 176
round 177
round 178
round 179
round 180
coin 31 14
coin 23 20
round 181
round 182
round 183
round 184
round 185
coin 43 33
coin 10 1
round 186
round 187
round 188
round 189
round 190
coin 50 0
coin 3 34
round 191
round 192
round 193
round 194
round 195
coin 29 28
coin 24 6
round 196
round 197
round 198
round 199
round 200
coin 48 28
coin 5 6
match_over 0
