match
match_id 1639405016955_by
match_time 1639405016958
num_bots 1
##MatchConfig
mode FRIENDLY
num_rounds 200
random_seed 42
move_time_limit 1000
coin_spawn_period 5
coin_spawn_volume 2
##MapConfig
map_size 48 37
view_radius 6
mining_radius 2
attack_radius 3
block 19 0
block 20 0
block 21 0
block 43 0
block 44 0
block 45 0
block 0 1
block 1 1
block 19 1
block 20 1
block 21 1
block 43 1
block 44 1
block 45 1
block 46 1
block 47 1
block 0 2
block 1 2
block 19 2
block 20 2
block 21 2
block 43 2
block 44 2
block 45 2
block 46 2
block 47 2
block 0 3
block 1 3
block 10 3
block 11 3
block 12 3
block 43 3
block 44 3
block 45 3
block 46 3
block 47 3
block 10 4
block 11 4
block 12 4
block 43 4
block 44 4
block 45 4
block 10 5
block 11 5
block 12 5
block 10 6
block 11 6
block 12 6
block 10 7
block 11 7
block 12 7
block 29 7
block 30 7
block 31 7
block 32 7
block 10 8
block 11 8
block 12 8
block 29 8
block 30 8
block 31 8
block 32 8
block 29 9
block 30 9
block 31 9
block 32 9
block 0 10
block 1 10
block 46 10
block 47 10
block 0 11
block 1 11
block 18 11
block 19 11
block 46 11
block 47 11
block 0 12
block 1 12
block 18 12
block 19 12
block 46 12
block 47 12
block 18 13
block 19 13
block 0 14
block 1 14
block 18 14
block 19 14
block 40 14
block 41 14
block 42 14
block 43 14
block 44 14
block 45 14
block 46 14
block 47 14
block 0 15
block 1 15
block 31 15
block 32 15
block 33 15
block 34 15
block 40 15
block 41 15
block 42 15
block 43 15
block 44 15
block 45 15
block 46 15
block 47 15
block 0 16
block 1 16
block 31 16
block 32 16
block 33 16
block 34 16
block 39 16
block 40 16
block 41 16
block 42 16
block 43 16
block 44 16
block 45 16
block 46 16
block 47 16
block 0 17
block 1 17
block 29 17
block 30 17
block 31 17
block 32 17
block 33 17
block 34 17
block 39 17
block 40 17
block 41 17
block 42 17
block 43 17
block 44 17
block 45 17
block 46 17
block 47 17
block 0 18
block 1 18
block 29 18
block 30 18
block 31 18
block 32 18
block 33 18
block 34 18
block 40 18
block 41 18
block 42 18
block 43 18
block 44 18
block 45 18
block 46 18
block 47 18
block 29 19
block 30 19
block 31 19
block 32 19
block 33 19
block 34 19
block 40 19
block 41 19
block 42 19
block 43 19
block 44 19
block 21 20
block 22 20
block 23 20
block 29 20
block 30 20
block 31 20
block 32 20
block 33 20
block 34 20
block 41 20
block 42 20
block 43 20
block 44 20
block 21 21
block 22 21
block 23 21
block 29 24
block 30 24
block 29 25
block 30 25
block 29 26
block 30 26
block 0 27
block 1 27
block 2 27
block 3 27
block 4 27
block 29 27
block 30 27
block 47 27
block 0 28
block 1 28
block 2 28
block 3 28
block 4 28
block 29 28
block 30 28
block 47 28
block 29 29
block 30 29
block 29 30
block 30 30
block 0 31
block 1 31
block 2 31
block 3 31
block 4 31
block 5 31
block 47 31
block 0 32
block 1 32
block 2 32
block 3 32
block 4 32
block 5 32
block 47 32
block 0 33
block 1 33
block 2 33
block 3 33
block 4 33
block 5 33
block 19 33
block 20 33
block 21 33
block 47 33
block 0 34
block 1 34
block 2 34
block 3 34
block 4 34
block 5 34
block 19 34
block 20 34
block 21 34
block 47 34
block 19 35
block 20 35
block 21 35
block 19 36
block 20 36
block 21 36
block 43 36
block 44 36
block 45 36
##BotsAndCoinsInfo
bot_name 0 starter-bot
bot 0 8 8
bot_coins 0 0
coin 26 14
coin 21 22
round 1
bot 0 8 9
round 2
bot 0 8 10
round 3
bot 0 8 11
round 4
bot 0 8 12
round 5
bot 0 8 13
coin 0 9
coin 46 27
round 6
bot 0 8 14
round 7
bot 0 8 15
round 8
bot 0 8 16
round 9
bot 0 8 17
round 10
bot 0 8 18
coin 18 8
coin 28 28
round 11
bot 0 8 19
round 12
bot 0 8 20
round 13
bot 0 8 21
round 14
bot 0 8 22
round 15
bot 0 8 23
coin 17 14
coin 30 22
round 16
bot 0 8 24
round 17
bot 0 8 25
round 18
bot 0 8 26
round 19
bot 0 8 27
round 20
bot 0 8 28
coin 31 0
coin 16 36
round 21
bot 0 8 29
round 22
bot 0 8 30
round 23
bot 0 8 31
round 24
bot 0 8 32
round 25
bot 0 8 33
coin 14 21
coin 33 14
round 26
bot 0 8 34
round 27
bot 0 8 35
round 28
bot 0 8 36
round 29
bot 0 7 35
round 30
bot 0 7 34
coin 12 18
coin 35 18
round 31
bot 0 7 33
round 32
bot 0 7 32
round 33
bot 0 7 31
round 34
bot 0 7 30
round 35
bot 0 7 29
coin 44 9
coin 3 26
round 36
bot 0 6 28
round 37
bot 0 5 27
round 38
bot 0 4 26
coin_collected 3 26 0
bot_coins 0 1
round 39
bot 0 4 25
round 40
bot 0 4 24
coin 24 14
coin 23 22
round 41
bot 0 4 23
round 42
bot 0 4 22
round 43
bot 0 4 21
round 44
bot 0 4 20
round 45
bot 0 4 19
coin 7 1
coin 40 35
round 46
bot 0 4 18
round 47
bot 0 4 17
round 48
bot 0 4 16
round 49
bot 0 4 15
round 50
bot 0 4 14
coin 8 36
coin 39 0
round 51
bot 0 4 13
round 52
bot 0 4 12
round 53
bot 0 3 11
round 54
bot 0 2 10
round 55
bot 0 1 9
coin_collected 0 9 0
bot_coins 0 2
coin 26 25
coin 21 11
round 56
bot 0 1 8
round 57
bot 0 2 9
round 58
bot 0 2 8
round 59
bot 0 2 7
round 60
bot 0 2 6
coin 11 16
coin 36 20
round 61
bot 0 2 5
round 62
bot 0 2 4
round 63
bot 0 3 3
round 64
bot 0 4 2
round 65
bot 0 5 1
coin_collected 7 1 0
bot_coins 0 3
coin 46 0
coin 1 36
round 66
bot 0 5 0
round 67
bot 0 6 1
round 68
bot 0 7 2
round 69
bot 0 8 3
round 70
bot 0 7 4
coin 43 13
coin 4 23
round 71
bot 0 8 5
round 72
bot 0 7 6
round 73
bot 0 7 7
round 74
bot 0 7 8
round 75
bot 0 7 9
coin 10 31
coin 37 5
round 76
bot 0 7 10
round 77
bot 0 7 11
round 78
bot 0 7 12
round 79
bot 0 8 13
round 80
bot 0 9 14
coin 14 26
coin 33 10
round 81
bot 0 10 15
coin_collected 11 16 0
bot_coins 0 4
round 82
bot 0 10 16
round 83
bot 0 11 17
coin_collected 12 18 0
bot_coins 0 5
round 84
bot 0 11 18
round 85
bot 0 12 19
coin 41 23
coin 6 13
round 86
bot 0 13 20
coin_collected 14 21 0
bot_coins 0 6
round 87
bot 0 13 21
round 88
bot 0 13 22
round 89
bot 0 14 23
round 90
bot 0 13 24
coin 12 31
coin 35 5
round 91
bot 0 14 25
coin_collected 14 26 0
bot_coins 0 7
round 92
bot 0 14 26
round 93
bot 0 14 27
round 94
bot 0 13 28
round 95
bot 0 12 29
coin_collected 12 31 0
bot_coins 0 8
coin 25 16
coin 22 19
round 96
bot 0 11 30
coin_collected 10 31 0
bot_coins 0 9
round 97
bot 0 11 31
round 98
bot 0 11 32
round 99
bot 0 10 33
round 100
bot 0 9 34
coin 11 24
coin 36 12
round 101
bot 0 8 35
coin_collected 8 36 0
bot_coins 0 10
round 102
bot 0 8 36
round 103
bot 0 7 35
round 104
bot 0 7 34
round 105
bot 0 7 33
coin 47 26
coin 0 9
round 106
bot 0 7 32
round 107
bot 0 7 31
round 108
bot 0 7 30
round 109
bot 0 7 29
round 110
bot 0 7 28
coin 24 22
coin 23 14
round 111
bot 0 7 27
round 112
bot 0 8 26
round 113
bot 0 9 25
round 114
bot 0 10 24
coin_collected 11 24 0
bot_coins 0 11
round 115
bot 0 10 23
coin 7 2
coin 40 34
round 116
bot 0 10 22
round 117
bot 0 10 21
round 118
bot 0 10 20
round 119
bot 0 10 19
round 120
bot 0 10 18
coin 13 20
coin 35 16
round 121
bot 0 11 19
round 122
bot 0 12 20
coin_collected 13 20 0
bot_coins 0 12
round 123
bot 0 12 19
round 124
bot 0 12 18
round 125
bot 0 12 17
coin 25 22
coin 22 14
round 126
bot 0 13 18
round 127
bot 0 13 17
round 128
bot 0 14 16
round 129
bot 0 15 15
round 130
bot 0 16 14
coin_collected 17 14 0
bot_coins 0 13
coin 38 26
coin 9 10
round 131
bot 0 16 13
round 132
bot 0 17 12
round 133
round 134
round 135
coin 8 36
coin 38 0
round 136
round 137
round 138
round 139
round 140
coin 1 29
coin 46 7
round 141
round 142
round 143
round 144
round 145
coin 22 34
coin 25 2
round 146
round 147
round 148
round 149
round 150
coin 25 12
coin 22 24
round 151
round 152
round 153
round 154
round 155
coin 30 16
coin 17 20
round 156
round 157
round 158
round 159
round 160
coin 38 22
coin 9 14
round 161
round 162
round 163
round 164
round 165
coin 14 10
coin 33 26
round 166
round 167
round 168
round 169
round 170
coin 15 19
coin 30 15
round 171
round 172
round 173
round 174
round 175
coin 22 22
coin 25 14
round 176
round 177
round 178
round 179
round 180
coin 13 18
coin 35 19
round 181
round 182
round 183
round 184
round 185
coin 37 31
coin 9 5
round 186
round 187
round 188
round 189
round 190
coin 26 20
coin 21 16
round 191
round 192
round 193
round 194
round 195
coin 17 27
coin 30 10
round 196
round 197
round 198
round 199
round 200
coin 24 31
coin 23 5
match_over 0
