match
match_id 1639400327698_ar
match_time 1639400327702
num_bots 1
##MatchConfig
mode FRIENDLY
num_rounds 200
random_seed 42
move_time_limit 1000
coin_spawn_period 5
coin_spawn_volume 2
##MapConfig
map_size 52 37
view_radius 5
mining_radius 2
attack_radius 3
block 13 0
block 14 0
block 47 0
block 48 0
block 13 1
block 14 1
block 47 1
block 48 1
block 13 2
block 14 2
block 47 2
block 48 2
block 13 3
block 14 3
block 47 3
block 48 3
block 47 4
block 48 4
block 47 5
block 48 5
block 0 8
block 1 8
block 2 8
block 48 8
block 49 8
block 50 8
block 51 8
block 0 9
block 1 9
block 2 9
block 48 9
block 49 9
block 50 9
block 51 9
block 0 10
block 1 10
block 2 10
block 48 10
block 49 10
block 50 10
block 51 10
block 0 11
block 1 11
block 2 11
block 48 11
block 49 11
block 50 11
block 51 11
block 0 12
block 1 12
block 2 12
block 48 12
block 49 12
block 50 12
block 51 12
block 0 18
block 1 18
block 40 18
block 41 18
block 48 18
block 49 18
block 50 18
block 51 18
block 0 19
block 1 19
block 40 19
block 41 19
block 48 19
block 49 19
block 50 19
block 51 19
block 18 27
block 19 27
block 20 27
block 18 28
block 19 28
block 20 28
block 18 29
block 19 29
block 20 29
block 13 36
block 14 36
##BotsAndCoinsInfo
bot_name 0 starter-bot
bot 0 37 11
bot_coins 0 0
coin 26 14
coin 25 22
round 1
bot 0 37 12
round 2
bot 0 37 13
round 3
bot 0 37 14
round 4
bot 0 37 15
round 5
bot 0 37 16
coin 47 10
coin 4 26
round 6
bot 0 37 17
round 7
bot 0 37 18
round 8
bot 0 37 19
round 9
bot 0 37 20
round 10
bot 0 37 21
coin 26 8
coin 25 28
round 11
bot 0 37 22
round 12
bot 0 37 23
round 13
bot 0 37 24
round 14
bot 0 37 25
round 15
bot 0 37 26
coin 13 14
coin 38 22
round 16
round 17
round 18
round 19
round 20
coin 3 0
coin 48 36
round 21
round 22
round 23
round 24
round 25
coin 26 21
coin 25 15
round 26
round 27
round 28
round 29
round 30
coin 8 18
coin 43 18
round 31
round 32
round 33
round 34
round 35
coin 20 9
coin 31 27
round 36
round 37
round 38
round 39
round 40
coin 48 14
coin 3 22
round 41
round 42
round 43
round 44
round 45
coin 11 1
coin 40 35
round 46
round 47
round 48
round 49
round 50
coin 40 36
coin 11 0
round 51
round 52
round 53
round 54
round 55
coin 26 25
coin 25 11
round 56
round 57
round 58
round 59
round 60
coin 51 16
coin 0 20
round 61
round 62
round 63
round 64
round 65
coin 38 0
coin 13 35
round 66
round 67
round 68
round 69
round 70
coin 19 16
coin 32 20
round 71
round 72
round 73
round 74
round 75
coin 38 31
coin 13 5
round 76
round 77
round 78
round 79
round 80
coin 18 26
coin 33 10
round 81
round 82
round 83
round 84
round 85
coin 33 23
coin 18 13
round 86
round 87
round 88
round 89
round 90
coin 32 31
coin 19 5
round 91
round 92
round 93
round 94
round 95
coin 41 16
coin 10 20
round 96
round 97
round 98
round 99
round 100
coin 31 24
coin 20 12
round 101
round 102
round 103
round 104
round 105
coin 47 26
coin 4 10
round 106
round 107
round 108
round 109
round 110
coin 15 22
coin 36 14
round 111
round 112
round 113
round 114
round 115
coin 3 2
coin 48 34
round 116
round 117
round 118
round 119
round 120
coin 1 20
coin 50 16
round 121
round 122
round 123
round 124
round 125
coin 9 22
coin 42 14
round 126
round 127
round 128
round 129
round 130
coin 42 26
coin 9 10
round 131
round 132
round 133
round 134
round 135
coin 40 0
coin 11 36
round 136
round 137
round 138
round 139
round 140
coin 25 29
coin 26 7
round 141
round 142
round 143
round 144
round 145
coin 49 34
coin 2 2
round 146
round 147
round 148
round 149
round 150
coin 45 12
coin 6 24
round 151
round 152
round 153
round 154
round 155
coin 32 18
coin 19 18
round 156
round 157
round 158
round 159
round 160
coin 50 22
coin 1 14
round 161
round 162
round 163
round 164
round 165
coin 46 10
coin 5 26
round 166
round 167
round 168
round 169
round 170
coin 35 19
coin 16 17
round 171
round 172
round 173
round 174
round 175
coin 6 21
coin 45 15
round 176
round 177
round 178
round 179
round 180
coin 13 18
coin 38 18
round 181
round 182
round 183
round 184
round 185
coin 13 31
coin 38 5
round 186
round 187
round 188
round 189
round 190
coin 42 20
coin 9 16
round 191
round 192
round 193
round 194
round 195
coin 29 27
coin 22 9
round 196
round 197
bot 0 37 27
round 198
round 199
match_over 0
round 200
