match
match_id 1639212871681_kc
match_time 1639212871684
num_bots 1
##MatchConfig
mode FRIENDLY
num_rounds 200
random_seed 42
move_time_limit 1000
coin_spawn_period 5
coin_spawn_volume 2
##MapConfig
map_size 56 34
view_radius 5
mining_radius 2
attack_radius 4
block 11 0
block 12 0
block 13 0
block 14 0
block 15 0
block 16 0
block 17 0
block 18 0
block 19 0
block 44 0
block 45 0
block 46 0
block 47 0
block 48 0
block 49 0
block 11 1
block 12 1
block 13 1
block 14 1
block 15 1
block 16 1
block 17 1
block 18 1
block 19 1
block 44 1
block 45 1
block 46 1
block 47 1
block 48 1
block 49 1
block 11 2
block 12 2
block 13 2
block 14 2
block 15 2
block 16 2
block 17 2
block 12 4
block 13 4
block 14 4
block 15 4
block 34 4
block 35 4
block 36 4
block 37 4
block 12 5
block 13 5
block 14 5
block 15 5
block 33 5
block 34 5
block 35 5
block 36 5
block 37 5
block 12 6
block 13 6
block 14 6
block 15 6
block 33 6
block 34 6
block 35 6
block 36 6
block 12 7
block 13 7
block 14 7
block 15 7
block 2 8
block 3 8
block 4 8
block 5 8
block 6 8
block 12 8
block 13 8
block 14 8
block 15 8
block 25 8
block 26 8
block 27 8
block 28 8
block 0 9
block 1 9
block 2 9
block 3 9
block 4 9
block 5 9
block 6 9
block 12 9
block 13 9
block 14 9
block 15 9
block 25 9
block 26 9
block 27 9
block 28 9
block 54 9
block 55 9
block 0 10
block 1 10
block 2 10
block 3 10
block 4 10
block 5 10
block 6 10
block 25 10
block 26 10
block 27 10
block 28 10
block 54 10
block 55 10
block 0 11
block 1 11
block 2 11
block 3 11
block 4 11
block 5 11
block 6 11
block 25 11
block 26 11
block 27 11
block 28 11
block 50 11
block 51 11
block 52 11
block 53 11
block 54 11
block 55 11
block 2 12
block 3 12
block 4 12
block 5 12
block 6 12
block 25 12
block 26 12
block 27 12
block 28 12
block 50 12
block 51 12
block 52 12
block 53 12
block 2 13
block 3 13
block 4 13
block 5 13
block 6 13
block 7 13
block 8 13
block 9 13
block 10 13
block 39 13
block 40 13
block 41 13
block 42 13
block 43 13
block 44 13
block 2 14
block 3 14
block 4 14
block 5 14
block 6 14
block 7 14
block 8 14
block 9 14
block 10 14
block 39 14
block 40 14
block 41 14
block 42 14
block 43 14
block 44 14
block 2 15
block 3 15
block 4 15
block 5 15
block 6 15
block 7 15
block 8 15
block 9 15
block 10 15
block 39 15
block 40 15
block 41 15
block 42 15
block 43 15
block 44 15
block 2 16
block 3 16
block 4 16
block 5 16
block 6 16
block 7 16
block 8 16
block 9 16
block 10 16
block 39 16
block 40 16
block 41 16
block 42 16
block 43 16
block 44 16
block 2 17
block 3 17
block 4 17
block 5 17
block 6 17
block 7 17
block 8 17
block 9 17
block 10 17
block 39 17
block 40 17
block 41 17
block 42 17
block 43 17
block 44 17
block 39 18
block 40 18
block 41 18
block 42 18
block 43 18
block 44 18
block 14 19
block 15 19
block 16 19
block 17 19
block 18 19
block 19 19
block 39 19
block 40 19
block 41 19
block 42 19
block 43 19
block 44 19
block 14 20
block 15 20
block 16 20
block 17 20
block 18 20
block 19 20
block 14 21
block 15 21
block 16 21
block 17 21
block 18 21
block 19 21
block 5 22
block 6 22
block 7 22
block 14 22
block 15 22
block 16 22
block 17 22
block 18 22
block 19 22
block 2 23
block 3 23
block 4 23
block 5 23
block 6 23
block 7 23
block 14 23
block 15 23
block 16 23
block 17 23
block 18 23
block 19 23
block 2 24
block 3 24
block 4 24
block 5 24
block 6 24
block 7 24
block 50 24
block 51 24
block 52 24
block 53 24
block 50 25
block 51 25
block 52 25
block 53 25
block 28 26
block 29 26
block 50 26
block 51 26
block 52 26
block 53 26
block 28 27
block 29 27
block 44 31
block 45 31
block 46 31
block 47 31
block 48 31
block 49 31
block 11 32
block 12 32
block 13 32
block 14 32
block 15 32
block 16 32
block 17 32
block 44 32
block 45 32
block 46 32
block 47 32
block 48 32
block 49 32
block 11 33
block 12 33
block 13 33
block 14 33
block 15 33
block 16 33
block 17 33
block 44 33
block 45 33
block 46 33
block 47 33
block 48 33
block 49 33
##BotsAndCoinsInfo
bot_name 0 starter-bot
bot 0 17 30
bot_coins 0 0
coin 49 11
coin 6 21
round 1
bot 0 17 31
round 2
round 3
round 4
round 5
coin 48 12
coin 7 21
round 6
round 7
round 8
round 9
round 10
coin 26 7
coin 30 26
round 11
round 12
round 13
round 14
round 15
coin 1 12
coin 54 21
round 16
round 17
round 18
round 19
round 20
coin 55 7
coin 0 26
round 21
round 22
round 23
round 24
round 25
coin 38 12
coin 17 18
round 26
round 27
round 28
round 29
round 30
coin 28 14
coin 27 19
round 31
round 32
round 33
round 34
round 35
coin 36 14
coin 20 19
round 36
round 37
round 38
round 39
round 40
coin 0 8
coin 55 25
round 41
round 42
round 43
round 44
round 45
coin 7 12
coin 48 21
round 46
round 47
round 48
round 49
round 50
coin 40 11
coin 13 22
round 51
round 52
round 53
round 54
round 55
coin 50 33
coin 5 0
round 56
round 57
round 58
round 59
round 60
coin 35 1
coin 20 32
round 61
round 62
round 63
round 64
round 65
coin 13 20
coin 42 12
round 66
round 67
round 68
round 69
round 70
coin 10 32
coin 45 2
round 71
round 72
round 73
round 74
round 75
coin 26 14
coin 29 19
round 76
round 77
round 78
round 79
round 80
coin 30 25
coin 24 8
round 81
round 82
round 83
round 84
round 85
coin 17 27
coin 38 6
round 86
round 87
round 88
round 89
round 90
coin 12 10
coin 43 23
round 91
round 92
round 93
round 94
round 95
coin 49 2
coin 6 31
round 96
round 97
round 98
round 99
round 100
coin 27 31
coin 28 2
round 101
round 102
round 103
round 104
round 105
coin 7 29
coin 48 4
round 106
round 107
round 108
round 109
round 110
coin 31 10
coin 24 23
round 111
round 112
round 113
round 114
round 115
coin 55 19
coin 0 14
round 116
round 117
round 118
round 119
round 120
coin 13 10
coin 42 23
round 121
round 122
round 123
round 124
round 125
coin 33 8
coin 22 25
round 126
round 127
round 128
round 129
round 130
coin 30 14
coin 25 19
round 131
round 132
round 133
round 134
round 135
coin 16 18
coin 38 15
round 136
round 137
round 138
round 139
round 140
coin 50 1
coin 5 32
round 141
round 142
round 143
round 144
round 145
coin 29 23
coin 24 10
round 146
round 147
round 148
round 149
round 150
coin 49 7
coin 6 26
round 151
round 152
round 153
round 154
round 155
coin 32 9
coin 23 24
round 156
round 157
round 158
round 159
round 160
coin 22 2
coin 33 31
round 161
round 162
round 163
round 164
round 165
coin 7 11
coin 48 22
round 166
round 167
round 168
round 169
round 170
coin 55 3
coin 0 30
round 171
round 172
round 173
round 174
round 175
coin 38 7
coin 17 26
round 176
round 177
round 178
round 179
round 180
coin 53 3
coin 2 30
round 181
round 182
round 183
round 184
round 185
coin 29 7
coin 26 26
round 186
round 187
round 188
round 189
round 190
coin 26 22
coin 29 11
round 191
round 192
round 193
round 194
round 195
coin 17 13
coin 38 20
round 196
round 197
round 198
round 199
round 200
coin 16 24
coin 39 9
match_over 0
