match
match_id 1639173548519_eb
match_time 1639173548521
num_bots 1
##MatchConfig
mode FRIENDLY
num_rounds 200
random_seed 42
move_time_limit 1000
coin_spawn_period 5
coin_spawn_volume 2
##MapConfig
map_size 58 29
view_radius 5
mining_radius 2
attack_radius 3
block 4 0
block 5 0
block 34 0
block 35 0
block 36 0
block 37 0
block 38 0
block 39 0
block 40 0
block 4 1
block 5 1
block 34 1
block 35 1
block 36 1
block 37 1
block 38 1
block 39 1
block 40 1
block 42 1
block 43 1
block 44 1
block 45 1
block 4 2
block 5 2
block 9 2
block 10 2
block 11 2
block 12 2
block 13 2
block 14 2
block 15 2
block 42 2
block 43 2
block 44 2
block 45 2
block 9 3
block 10 3
block 11 3
block 12 3
block 13 3
block 14 3
block 15 3
block 42 3
block 43 3
block 44 3
block 45 3
block 9 4
block 10 4
block 11 4
block 12 4
block 13 4
block 14 4
block 15 4
block 42 4
block 43 4
block 44 4
block 45 4
block 42 5
block 43 5
block 44 5
block 45 5
block 11 6
block 12 6
block 31 6
block 32 6
block 42 6
block 43 6
block 44 6
block 45 6
block 11 7
block 12 7
block 31 7
block 32 7
block 31 8
block 32 8
block 8 9
block 9 9
block 31 9
block 32 9
block 8 10
block 9 10
block 31 10
block 32 10
block 8 11
block 9 11
block 31 11
block 32 11
block 8 12
block 9 12
block 0 13
block 1 13
block 2 13
block 3 13
block 8 13
block 9 13
block 55 13
block 56 13
block 57 13
block 0 14
block 1 14
block 2 14
block 3 14
block 8 14
block 9 14
block 11 14
block 12 14
block 13 14
block 14 14
block 15 14
block 16 14
block 17 14
block 55 14
block 56 14
block 57 14
block 0 15
block 1 15
block 2 15
block 3 15
block 4 15
block 11 15
block 12 15
block 13 15
block 14 15
block 15 15
block 16 15
block 17 15
block 55 15
block 56 15
block 57 15
block 0 16
block 1 16
block 2 16
block 3 16
block 4 16
block 55 16
block 56 16
block 57 16
block 0 17
block 1 17
block 2 17
block 3 17
block 4 17
block 55 17
block 56 17
block 57 17
block 0 18
block 1 18
block 2 18
block 3 18
block 4 18
block 55 18
block 56 18
block 57 18
block 0 19
block 1 19
block 2 19
block 3 19
block 4 19
block 55 19
block 56 19
block 57 19
block 0 20
block 1 20
block 2 20
block 3 20
block 4 20
block 55 20
block 56 20
block 57 20
block 0 21
block 1 21
block 2 21
block 3 21
block 4 21
block 55 21
block 56 21
block 57 21
block 49 22
block 50 22
block 51 22
block 55 22
block 56 22
block 57 22
block 49 23
block 50 23
block 51 23
block 55 23
block 56 23
block 57 23
block 24 24
block 25 24
block 26 24
block 27 24
block 28 24
block 29 24
block 30 24
block 49 24
block 50 24
block 51 24
block 55 24
block 56 24
block 57 24
block 24 25
block 25 25
block 26 25
block 27 25
block 28 25
block 29 25
block 30 25
block 49 25
block 50 25
block 51 25
block 4 26
block 5 26
block 24 26
block 25 26
block 26 26
block 27 26
block 28 26
block 29 26
block 30 26
block 49 26
block 50 26
block 51 26
block 4 27
block 5 27
block 24 27
block 25 27
block 26 27
block 27 27
block 28 27
block 29 27
block 30 27
block 34 27
block 35 27
block 36 27
block 37 27
block 38 27
block 39 27
block 40 27
block 4 28
block 5 28
block 34 28
block 35 28
block 36 28
block 37 28
block 38 28
block 39 28
block 40 28
##BotsAndCoinsInfo
bot_name 0 starter-bot
bot 0 38 6
bot_coins 0 0
coin 44 9
coin 13 19
round 1
bot 0 38 7
round 2
bot 0 38 8
round 3
bot 0 38 9
round 4
bot 0 38 10
round 5
bot 0 38 11
coin 38 15
coin 19 13
round 6
bot 0 38 12
round 7
bot 0 38 13
coin_collected 38 15 0
bot_coins 0 1
round 8
bot 0 38 14
round 9
bot 0 38 15
round 10
bot 0 38 16
coin 42 23
coin 15 5
round 11
bot 0 38 17
round 12
bot 0 38 18
round 13
bot 0 38 19
round 14
bot 0 38 20
round 15
bot 0 38 21
coin 27 8
coin 30 20
round 16
bot 0 38 22
round 17
bot 0 38 23
round 18
bot 0 38 24
round 19
bot 0 38 25
round 20
bot 0 38 26
coin 31 25
coin 26 3
round 21
round 22
round 23
round 24
round 25
coin 26 22
coin 31 5
round 26
round 27
round 28
round 29
round 30
coin 18 15
coin 39 13
round 31
round 32
round 33
round 34
round 35
coin 20 20
coin 37 8
round 36
round 37
round 38
round 39
round 40
coin 20 1
coin 37 26
round 41
coin_collected 37 26 0
bot_coins 0 2
round 42
round 43
round 44
round 45
coin 7 2
coin 50 27
round 46
round 47
round 48
round 49
round 50
coin 48 27
coin 9 1
round 51
round 52
round 53
round 54
round 55
coin 28 19
coin 29 9
round 56
round 57
round 58
round 59
round 60
coin 5 19
coin 52 9
round 61
round 62
round 63
round 64
round 65
coin 34 8
coin 23 20
round 66
round 67
round 68
round 69
round 70
coin 10 11
coin 47 17
round 71
round 72
round 73
round 74
round 75
coin 30 1
coin 27 28
round 76
round 77
round 78
round 79
round 80
coin 4 14
coin 53 14
round 81
round 82
round 83
round 84
round 85
coin 47 8
coin 10 20
round 86
round 87
round 88
round 89
round 90
coin 10 27
coin 47 1
round 91
round 92
round 93
round 94
round 95
coin 52 22
coin 5 6
round 96
round 97
round 98
round 99
round 100
coin 43 22
coin 14 6
round 101
round 102
round 103
round 104
round 105
coin 23 23
coin 34 5
round 106
round 107
round 108
round 109
round 110
coin 11 16
coin 46 12
round 111
round 112
round 113
round 114
round 115
coin 21 0
coin 36 26
round 116
coin_collected 36 26 0
bot_coins 0 3
round 117
round 118
round 119
round 120
coin 33 14
coin 24 14
round 121
round 122
round 123
round 124
round 125
coin 57 2
coin 0 26
round 126
round 127
round 128
round 129
round 130
coin 10 10
coin 47 18
round 131
round 132
round 133
round 134
round 135
coin 26 19
coin 30 9
round 136
round 137
round 138
round 139
round 140
coin 25 22
coin 33 6
round 141
round 142
round 143
round 144
round 145
coin 21 5
coin 36 23
round 146
round 147
round 148
round 149
round 150
coin 55 6
coin 2 22
round 151
round 152
round 153
round 154
round 155
coin 52 20
coin 5 8
round 156
round 157
round 158
round 159
round 160
coin 18 13
coin 39 15
round 161
round 162
round 163
round 164
round 165
coin 10 25
coin 47 3
round 166
round 167
round 168
round 169
round 170
coin 3 5
coin 54 23
round 171
round 172
round 173
round 174
round 175
coin 44 18
coin 13 10
round 176
round 177
round 178
round 179
round 180
coin 43 7
coin 14 21
round 181
round 182
round 183
round 184
round 185
coin 48 24
coin 9 5
round 186
round 187
round 188
round 189
round 190
coin 46 6
coin 11 22
round 191
round 192
round 193
round 194
round 195
coin 29 11
coin 28 17
round 196
round 197
round 198
round 199
round 200
coin 2 4
coin 55 25
match_over 0
