match
match_id 1639401565951_ay
match_time 1639401565953
num_bots 1
##MatchConfig
mode FRIENDLY
num_rounds 200
random_seed 42
move_time_limit 1000
coin_spawn_period 5
coin_spawn_volume 2
##MapConfig
map_size 48 23
view_radius 5
mining_radius 2
attack_radius 4
block 0 0
block 6 0
block 7 0
block 8 0
block 9 0
block 30 0
block 31 0
block 32 0
block 33 0
block 34 0
block 35 0
block 36 0
block 39 0
block 40 0
block 41 0
block 42 0
block 43 0
block 44 0
block 45 0
block 46 0
block 47 0
block 0 1
block 6 1
block 7 1
block 8 1
block 9 1
block 39 1
block 40 1
block 41 1
block 42 1
block 43 1
block 44 1
block 45 1
block 46 1
block 47 1
block 6 2
block 7 2
block 8 2
block 9 2
block 31 2
block 32 2
block 33 2
block 39 2
block 40 2
block 41 2
block 42 2
block 43 2
block 6 3
block 7 3
block 8 3
block 9 3
block 31 3
block 32 3
block 33 3
block 6 4
block 7 4
block 8 4
block 9 4
block 31 4
block 32 4
block 33 4
block 34 4
block 35 4
block 36 4
block 37 4
block 38 4
block 40 4
block 41 4
block 0 5
block 1 5
block 2 5
block 3 5
block 4 5
block 5 5
block 6 5
block 7 5
block 8 5
block 9 5
block 34 5
block 35 5
block 36 5
block 37 5
block 38 5
block 40 5
block 41 5
block 47 5
block 0 6
block 1 6
block 2 6
block 3 6
block 4 6
block 5 6
block 6 6
block 34 6
block 35 6
block 36 6
block 37 6
block 38 6
block 47 6
block 0 7
block 1 7
block 2 7
block 3 7
block 4 7
block 5 7
block 6 7
block 47 7
block 0 8
block 1 8
block 2 8
block 3 8
block 4 8
block 5 8
block 6 8
block 40 8
block 41 8
block 42 8
block 43 8
block 44 8
block 45 8
block 46 8
block 47 8
block 0 9
block 1 9
block 2 9
block 3 9
block 4 9
block 5 9
block 6 9
block 40 9
block 41 9
block 42 9
block 43 9
block 44 9
block 45 9
block 46 9
block 47 9
block 0 10
block 1 10
block 2 10
block 3 10
block 4 10
block 5 10
block 6 10
block 40 10
block 41 10
block 42 10
block 43 10
block 44 10
block 45 10
block 46 10
block 47 10
block 0 11
block 1 11
block 2 11
block 3 11
block 4 11
block 5 11
block 6 11
block 38 11
block 39 11
block 40 11
block 41 11
block 42 11
block 43 11
block 44 11
block 45 11
block 46 11
block 47 11
block 0 12
block 1 12
block 2 12
block 38 12
block 39 12
block 40 12
block 41 12
block 45 12
block 46 12
block 47 12
block 0 13
block 1 13
block 2 13
block 18 13
block 19 13
block 20 13
block 21 13
block 38 13
block 39 13
block 40 13
block 41 13
block 45 13
block 46 13
block 47 13
block 0 14
block 1 14
block 2 14
block 18 14
block 19 14
block 20 14
block 21 14
block 24 14
block 25 14
block 26 14
block 27 14
block 28 14
block 38 14
block 39 14
block 40 14
block 41 14
block 46 14
block 47 14
block 0 15
block 1 15
block 2 15
block 18 15
block 19 15
block 20 15
block 21 15
block 24 15
block 25 15
block 26 15
block 27 15
block 28 15
block 46 15
block 47 15
block 18 16
block 19 16
block 20 16
block 21 16
block 24 16
block 25 16
block 26 16
block 27 16
block 28 16
block 29 16
block 18 17
block 19 17
block 20 17
block 21 17
block 24 17
block 25 17
block 26 17
block 27 17
block 28 17
block 29 17
block 34 17
block 35 17
block 36 17
block 25 18
block 26 18
block 27 18
block 28 18
block 29 18
block 30 18
block 31 18
block 32 18
block 33 18
block 34 18
block 35 18
block 36 18
block 25 19
block 26 19
block 27 19
block 28 19
block 29 19
block 30 19
block 31 19
block 32 19
block 33 19
block 34 19
block 35 19
block 36 19
block 0 20
block 30 20
block 31 20
block 32 20
block 33 20
block 34 20
block 35 20
block 36 20
block 42 20
block 43 20
block 44 20
block 45 20
block 46 20
block 47 20
block 0 21
block 30 21
block 31 21
block 32 21
block 33 21
block 34 21
block 35 21
block 36 21
block 42 21
block 43 21
block 44 21
block 45 21
block 46 21
block 47 21
block 0 22
block 6 22
block 7 22
block 8 22
block 9 22
block 30 22
block 31 22
block 32 22
block 33 22
block 34 22
block 35 22
block 36 22
block 42 22
block 43 22
block 44 22
block 45 22
block 46 22
block 47 22
##BotsAndCoinsInfo
bot_name 0 starter-bot
bot 0 10 10
bot_coins 0 0
coin 26 4
coin 21 18
round 1
bot 0 10 11
round 2
bot 0 10 12
round 3
bot 0 10 13
round 4
bot 0 10 14
round 5
bot 0 10 15
coin 3 12
coin 44 12
round 6
bot 0 10 16
round 7
bot 0 10 17
round 8
bot 0 10 18
round 9
bot 0 10 19
round 10
bot 0 10 20
coin 18 4
coin 30 17
round 11
bot 0 10 21
round 12
bot 0 10 22
round 13
bot 0 10 21
round 14
bot 0 9 21
round 15
bot 0 8 20
coin 17 20
coin 30 2
round 16
bot 0 8 19
round 17
bot 0 8 18
round 18
bot 0 8 17
round 19
bot 0 8 16
round 20
bot 0 8 15
coin 31 14
coin 16 8
round 21
bot 0 8 14
round 22
bot 0 8 13
round 23
bot 0 8 12
round 24
bot 0 8 11
round 25
bot 0 8 10
coin 14 15
coin 33 7
round 26
bot 0 8 9
round 27
bot 0 8 8
round 28
bot 0 8 7
round 29
bot 0 8 6
round 30
bot 0 7 6
coin 12 21
coin 35 1
round 31
bot 0 7 7
round 32
bot 0 7 8
round 33
bot 0 7 9
round 34
bot 0 7 10
round 35
coin 44 6
coin 3 16
round 36
round 37
round 38
round 39
round 40
coin 23 15
coin 24 7
round 41
round 42
round 43
round 44
round 45
coin 7 16
coin 40 6
round 46
round 47
round 48
round 49
round 50
coin 8 21
coin 38 1
round 51
round 52
round 53
round 54
round 55
coin 26 21
coin 21 1
round 56
round 57
round 58
round 59
round 60
coin 11 0
coin 37 22
round 61
round 62
round 63
round 64
round 65
coin 46 19
coin 1 3
round 66
round 67
round 68
round 69
round 70
coin 43 12
coin 4 12
round 71
round 72
round 73
round 74
round 75
coin 10 4
coin 37 18
round 76
round 77
round 78
round 79
round 80
coin 14 5
coin 33 17
round 81
round 82
round 83
round 84
round 85
coin 41 18
coin 5 4
round 86
round 87
round 88
round 89
round 90
coin 12 8
coin 35 14
round 91
round 92
round 93
round 94
round 95
coin 25 1
coin 22 21
round 96
round 97
round 98
round 99
round 100
coin 11 16
coin 36 7
round 101
round 102
round 103
round 104
round 105
coin 1 22
coin 46 2
round 106
round 107
round 108
round 109
round 110
coin 23 14
coin 24 8
round 111
round 112
round 113
round 114
round 115
coin 8 16
coin 39 6
round 116
round 117
round 118
round 119
round 120
coin 13 3
coin 32 17
round 121
round 122
round 123
round 124
round 125
coin 25 3
coin 22 19
round 126
round 127
round 128
round 129
round 130
coin 38 7
coin 9 15
round 131
round 132
round 133
round 134
round 135
coin 8 12
coin 39 10
round 136
round 137
round 138
round 139
round 140
coin 1 4
coin 46 18
round 141
round 142
round 143
round 144
round 145
coin 21 22
coin 26 0
round 146
round 147
round 148
round 149
round 150
coin 26 1
coin 21 21
round 151
round 152
round 153
round 154
round 155
coin 32 16
coin 15 6
round 156
round 157
round 158
round 159
round 160
coin 38 2
coin 9 20
round 161
round 162
round 163
round 164
round 165
coin 14 6
coin 33 16
round 166
round 167
round 168
round 169
round 170
coin 15 11
coin 32 11
round 171
round 172
round 173
round 174
round 175
coin 22 10
coin 25 12
round 176
round 177
round 178
round 179
round 180
coin 13 1
coin 37 21
round 181
round 182
round 183
round 184
round 185
coin 37 19
coin 10 3
round 186
round 187
round 188
round 189
round 190
coin 26 2
coin 21 20
round 191
round 192
round 193
round 194
round 195
coin 17 7
coin 30 15
round 196
round 197
round 198
round 199
round 200
coin 24 11
coin 23 11
match_over 0
