match
match_id 1639172153903_dr
match_time 1639172153907
num_bots 1
##MatchConfig
mode FRIENDLY
num_rounds 200
random_seed 42
move_time_limit 1000
coin_spawn_period 5
coin_spawn_volume 2
##MapConfig
map_size 79 35
view_radius 5
mining_radius 1
attack_radius 4
block 63 1
block 64 1
block 65 1
block 66 1
block 63 2
block 64 2
block 65 2
block 66 2
block 19 4
block 20 4
block 21 4
block 19 5
block 20 5
block 21 5
block 35 5
block 36 5
block 37 5
block 38 5
block 39 5
block 40 5
block 19 6
block 20 6
block 21 6
block 35 6
block 36 6
block 37 6
block 38 6
block 39 6
block 40 6
block 63 6
block 64 6
block 65 6
block 66 6
block 19 7
block 20 7
block 21 7
block 35 7
block 36 7
block 37 7
block 38 7
block 39 7
block 40 7
block 63 7
block 64 7
block 65 7
block 66 7
block 35 8
block 36 8
block 37 8
block 38 8
block 39 8
block 40 8
block 63 8
block 64 8
block 65 8
block 66 8
block 35 9
block 36 9
block 37 9
block 38 9
block 39 9
block 40 9
block 35 10
block 36 10
block 37 10
block 38 10
block 39 10
block 40 10
block 14 24
block 15 24
block 16 24
block 17 24
block 18 24
block 19 24
block 20 24
block 21 24
block 22 24
block 23 24
block 14 25
block 15 25
block 16 25
block 17 25
block 18 25
block 19 25
block 20 25
block 21 25
block 22 25
block 23 25
block 14 26
block 15 26
block 16 26
block 17 26
block 18 26
block 19 26
block 20 26
block 21 26
block 22 26
block 23 26
block 19 27
block 20 27
block 21 27
block 22 27
block 23 27
##BotsAndCoinsInfo
bot_name 0 starter-bot
bot 0 60 18
bot_coins 0 0
coin 19 33
coin 59 1
round 1
bot 0 60 19
round 2
bot 0 60 20
round 3
bot 0 60 21
round 4
bot 0 60 22
round 5
bot 0 60 23
coin 22 23
coin 56 11
round 6
bot 0 60 24
round 7
bot 0 60 25
round 8
bot 0 60 26
round 9
bot 0 60 27
round 10
bot 0 60 28
coin 74 25
coin 4 9
round 11
bot 0 60 29
round 12
bot 0 60 30
round 13
bot 0 60 31
round 14
bot 0 60 32
round 15
bot 0 60 33
coin 62 3
coin 16 31
round 16
bot 0 60 34
round 17
round 18
round 19
round 20
coin 1 3
coin 77 31
round 21
round 22
round 23
round 24
round 25
coin 15 32
coin 63 3
round 26
round 27
round 28
round 29
round 30
coin 26 7
coin 52 27
round 31
round 32
round 33
round 34
round 35
coin 68 17
coin 10 17
round 36
round 37
round 38
round 39
round 40
coin 27 5
coin 51 29
round 41
round 42
round 43
round 44
round 45
coin 65 9
coin 13 25
round 46
round 47
round 48
round 49
round 50
coin 34 8
coin 44 26
round 51
round 52
round 53
round 54
round 55
coin 27 23
coin 51 11
round 56
round 57
round 58
round 59
round 60
coin 35 16
coin 43 18
round 61
round 62
round 63
round 64
round 65
coin 47 3
coin 31 31
round 66
round 67
round 68
round 69
round 70
coin 6 26
coin 72 8
round 71
round 72
round 73
round 74
round 75
coin 24 6
coin 54 28
round 76
round 77
round 78
round 79
round 80
coin 52 10
coin 26 24
round 81
round 82
round 83
round 84
round 85
coin 6 32
coin 72 2
round 86
round 87
round 88
round 89
round 90
coin 30 33
coin 48 1
round 91
round 92
round 93
round 94
round 95
coin 69 34
coin 9 0
round 96
round 97
round 98
round 99
round 100
coin 47 5
coin 31 29
round 101
round 102
round 103
round 104
round 105
coin 45 7
coin 33 27
round 106
round 107
round 108
round 109
round 110
coin 27 14
coin 51 20
round 111
round 112
round 113
round 114
round 115
coin 58 30
coin 20 3
round 116
round 117
round 118
bot 0 60 0
round 119
bot 0 60 34
round 120
bot 0 60 0
coin 49 3
coin 29 31
round 121
bot 0 60 34
round 122
bot 0 60 0
round 123
bot 0 60 34
round 124
bot 0 60 0
round 125
bot 0 60 34
coin 11 0
coin 67 34
round 126
bot 0 60 0
round 127
bot 0 60 34
round 128
bot 0 60 0
round 129
round 130
coin 8 1
coin 70 33
round 131
match_over 0
round 132
