match
match_id 1639340130352_an
match_time 1639340130354
num_bots 1
##MatchConfig
mode FRIENDLY
num_rounds 200
random_seed 42
move_time_limit 1000
coin_spawn_period 5
coin_spawn_volume 2
##MapConfig
map_size 67 27
view_radius 5
mining_radius 2
attack_radius 3
block 8 0
block 9 0
block 10 0
block 17 0
block 18 0
block 19 0
block 20 0
block 21 0
block 22 0
block 23 0
block 32 0
block 33 0
block 34 0
block 35 0
block 36 0
block 37 0
block 38 0
block 39 0
block 40 0
block 41 0
block 42 0
block 8 1
block 9 1
block 10 1
block 17 1
block 18 1
block 19 1
block 20 1
block 21 1
block 22 1
block 23 1
block 32 1
block 33 1
block 34 1
block 35 1
block 36 1
block 37 1
block 38 1
block 39 1
block 40 1
block 41 1
block 42 1
block 51 1
block 52 1
block 8 2
block 9 2
block 10 2
block 18 2
block 19 2
block 20 2
block 21 2
block 22 2
block 23 2
block 24 2
block 25 2
block 31 2
block 32 2
block 33 2
block 34 2
block 35 2
block 36 2
block 37 2
block 38 2
block 41 2
block 42 2
block 51 2
block 52 2
block 8 3
block 9 3
block 10 3
block 11 3
block 12 3
block 13 3
block 20 3
block 21 3
block 22 3
block 23 3
block 24 3
block 25 3
block 31 3
block 32 3
block 33 3
block 34 3
block 35 3
block 36 3
block 37 3
block 38 3
block 41 3
block 42 3
block 51 3
block 52 3
block 8 4
block 9 4
block 10 4
block 11 4
block 12 4
block 13 4
block 20 4
block 21 4
block 22 4
block 23 4
block 24 4
block 25 4
block 31 4
block 32 4
block 33 4
block 34 4
block 51 4
block 52 4
block 0 5
block 1 5
block 2 5
block 3 5
block 8 5
block 9 5
block 10 5
block 11 5
block 12 5
block 13 5
block 20 5
block 21 5
block 22 5
block 23 5
block 24 5
block 25 5
block 31 5
block 32 5
block 33 5
block 34 5
block 51 5
block 52 5
block 65 5
block 66 5
block 0 6
block 1 6
block 2 6
block 3 6
block 10 6
block 11 6
block 12 6
block 13 6
block 31 6
block 32 6
block 33 6
block 34 6
block 65 6
block 66 6
block 0 7
block 1 7
block 2 7
block 3 7
block 31 7
block 32 7
block 33 7
block 34 7
block 65 7
block 66 7
block 63 10
block 64 10
block 65 10
block 66 10
block 63 11
block 64 11
block 65 11
block 66 11
block 57 14
block 58 14
block 59 14
block 60 14
block 61 14
block 62 14
block 63 14
block 25 15
block 26 15
block 27 15
block 57 15
block 58 15
block 59 15
block 60 15
block 61 15
block 62 15
block 63 15
block 0 16
block 1 16
block 2 16
block 25 16
block 26 16
block 27 16
block 28 16
block 29 16
block 57 16
block 58 16
block 59 16
block 60 16
block 61 16
block 62 16
block 63 16
block 65 16
block 66 16
block 0 17
block 1 17
block 2 17
block 25 17
block 26 17
block 27 17
block 28 17
block 29 17
block 65 17
block 66 17
block 0 18
block 1 18
block 2 18
block 25 18
block 26 18
block 27 18
block 28 18
block 29 18
block 65 18
block 66 18
block 0 19
block 1 19
block 2 19
block 10 19
block 11 19
block 25 19
block 26 19
block 27 19
block 28 19
block 29 19
block 65 19
block 66 19
block 0 20
block 1 20
block 2 20
block 10 20
block 11 20
block 25 20
block 26 20
block 27 20
block 28 20
block 29 20
block 65 20
block 66 20
block 10 21
block 11 21
block 13 21
block 14 21
block 25 21
block 26 21
block 27 21
block 10 22
block 11 22
block 13 22
block 14 22
block 18 22
block 19 22
block 20 22
block 21 22
block 22 22
block 23 22
block 10 23
block 11 23
block 13 23
block 14 23
block 17 23
block 18 23
block 19 23
block 20 23
block 21 23
block 22 23
block 23 23
block 47 23
block 48 23
block 49 23
block 50 23
block 51 23
block 10 24
block 11 24
block 17 24
block 18 24
block 19 24
block 20 24
block 21 24
block 22 24
block 41 24
block 42 24
block 47 24
block 48 24
block 49 24
block 50 24
block 51 24
block 10 25
block 11 25
block 17 25
block 18 25
block 19 25
block 20 25
block 21 25
block 22 25
block 32 25
block 33 25
block 34 25
block 35 25
block 36 25
block 37 25
block 38 25
block 41 25
block 42 25
block 47 25
block 48 25
block 49 25
block 50 25
block 51 25
block 8 26
block 9 26
block 10 26
block 17 26
block 18 26
block 19 26
block 20 26
block 21 26
block 22 26
block 32 26
block 33 26
block 34 26
block 35 26
block 36 26
block 37 26
block 38 26
block 41 26
block 42 26
block 47 26
block 48 26
block 49 26
block 50 26
block 51 26
##BotsAndCoinsInfo
bot_name 0 starter-bot
bot 0 9 15
bot_coins 0 0
coin 40 3
coin 26 23
round 1
bot 0 9 16
round 2
bot 0 9 17
round 3
bot 0 9 18
round 4
bot 0 9 19
round 5
bot 0 9 20
coin 23 17
coin 43 9
round 6
bot 0 9 21
round 7
bot 0 9 22
round 8
bot 0 9 23
round 9
bot 0 9 24
round 10
bot 0 9 25
coin 12 16
coin 54 10
round 11
bot 0 8 25
round 12
bot 0 7 25
round 13
bot 0 7 26
round 14
bot 0 6 25
round 15
bot 0 6 24
coin 66 21
coin 0 4
round 16
bot 0 6 23
round 17
bot 0 6 22
round 18
bot 0 6 21
round 19
bot 0 6 20
round 20
bot 0 6 19
coin 62 2
coin 4 24
round 21
bot 0 6 18
round 22
bot 0 6 17
round 23
bot 0 6 16
round 24
bot 0 6 15
round 25
bot 0 6 14
coin 23 26
coin 43 0
round 26
bot 0 6 13
round 27
bot 0 6 12
round 28
bot 0 6 11
round 29
bot 0 6 10
round 30
bot 0 6 9
coin 0 9
coin 64 17
round 31
bot 0 6 8
round 32
bot 0 6 7
round 33
bot 0 6 6
round 34
bot 0 6 5
round 35
bot 0 6 4
coin 50 5
coin 16 21
round 36
bot 0 6 3
round 37
bot 0 6 2
round 38
bot 0 6 1
round 39
bot 0 6 0
round 40
bot 0 5 1
coin 49 6
coin 17 20
round 41
bot 0 5 2
round 42
bot 0 5 3
round 43
bot 0 5 4
round 44
bot 0 5 5
round 45
bot 0 5 6
coin 22 8
coin 44 18
round 46
bot 0 5 7
round 47
bot 0 5 8
round 48
bot 0 5 9
round 49
bot 0 5 10
round 50
bot 0 5 11
coin 37 4
coin 29 22
round 51
bot 0 5 12
round 52
bot 0 5 13
round 53
bot 0 5 14
round 54
bot 0 5 15
round 55
bot 0 5 16
coin 24 24
coin 43 2
round 56
bot 0 5 17
round 57
bot 0 5 18
round 58
bot 0 5 19
round 59
bot 0 5 20
round 60
bot 0 5 21
coin 47 0
coin 16 26
round 61
bot 0 5 22
round 62
bot 0 5 23
coin_collected 4 24 0
bot_coins 0 1
round 63
bot 0 5 24
round 64
bot 0 5 25
round 65
bot 0 5 26
coin 17 22
coin 49 4
round 66
bot 0 4 25
round 67
bot 0 4 24
round 68
bot 0 4 23
round 69
bot 0 4 22
round 70
bot 0 4 21
coin 7 3
coin 59 23
round 71
bot 0 4 20
round 72
bot 0 4 19
round 73
bot 0 4 18
round 74
bot 0 4 17
round 75
bot 0 4 16
coin 30 21
coin 36 5
round 76
bot 0 4 15
round 77
bot 0 4 14
round 78
bot 0 4 13
round 79
bot 0 4 12
round 80
bot 0 4 11
coin 7 23
coin 59 3
round 81
bot 0 4 10
round 82
bot 0 4 9
round 83
bot 0 4 8
round 84
bot 0 4 7
round 85
bot 0 4 6
coin 66 14
coin 0 12
round 86
bot 0 4 5
round 87
bot 0 4 4
round 88
bot 0 4 3
round 89
bot 0 4 2
round 90
bot 0 4 1
coin 36 7
coin 30 19
round 91
bot 0 4 0
round 92
bot 0 3 1
round 93
bot 0 3 2
round 94
bot 0 3 3
round 95
bot 0 3 4
coin 40 21
coin 26 5
round 96
bot 0 2 4
coin_collected 0 4 0
bot_coins 0 2
round 97
bot 0 1 4
round 98
bot 0 0 4
round 99
bot 0 66 4
round 100
bot 0 65 4
coin 34 22
coin 30 4
round 101
bot 0 64 4
round 102
bot 0 64 5
round 103
bot 0 64 6
round 104
bot 0 64 7
round 105
bot 0 64 8
coin 29 25
coin 39 2
round 106
bot 0 64 9
round 107
bot 0 63 9
round 108
bot 0 62 9
round 109
bot 0 62 10
round 110
bot 0 62 11
coin 57 24
coin 11 2
round 111
bot 0 62 12
round 112
bot 0 62 13
round 113
bot 0 61 13
round 114
bot 0 60 13
round 115
bot 0 59 13
coin 59 20
coin 7 6
round 116
bot 0 58 13
round 117
bot 0 57 13
round 118
bot 0 56 13
round 119
bot 0 56 14
round 120
bot 0 56 15
coin 18 7
coin 48 19
round 121
bot 0 56 16
round 122
bot 0 56 17
round 123
bot 0 56 18
round 124
bot 0 56 19
round 125
bot 0 56 20
coin 44 14
coin 22 12
round 126
bot 0 56 21
round 127
bot 0 56 22
round 128
bot 0 56 23
coin_collected 57 24 0
bot_coins 0 3
round 129
bot 0 56 24
round 130
bot 0 56 25
coin 17 4
coin 49 22
round 131
bot 0 56 26
round 132
bot 0 55 25
round 133
bot 0 55 24
round 134
bot 0 55 23
round 135
bot 0 55 22
coin 54 7
coin 12 19
round 136
bot 0 55 21
round 137
bot 0 55 20
round 138
bot 0 55 19
round 139
bot 0 55 18
round 140
bot 0 55 17
coin 50 4
coin 16 22
round 141
bot 0 55 16
round 142
bot 0 55 15
round 143
bot 0 55 14
round 144
bot 0 55 13
round 145
bot 0 55 12
coin 30 18
coin 36 8
round 146
bot 0 55 11
coin_collected 54 10 0
bot_coins 0 4
round 147
bot 0 55 10
round 148
bot 0 55 9
round 149
bot 0 55 8
coin_collected 54 7 0
bot_coins 0 5
round 150
bot 0 55 7
coin 40 14
coin 26 12
round 151
bot 0 55 6
round 152
bot 0 55 5
round 153
bot 0 55 4
round 154
bot 0 55 3
round 155
bot 0 55 2
coin 28 13
coin 38 13
round 156
bot 0 55 1
round 157
bot 0 55 0
round 158
bot 0 54 1
round 159
bot 0 54 2
round 160
bot 0 54 3
coin 57 23
coin 7 4
round 161
bot 0 54 4
round 162
bot 0 54 5
round 163
bot 0 54 6
round 164
bot 0 54 7
round 165
bot 0 54 8
coin 65 22
coin 1 4
round 166
bot 0 54 9
round 167
bot 0 54 10
round 168
bot 0 54 11
round 169
bot 0 54 12
round 170
bot 0 54 13
coin 66 9
coin 0 15
round 171
bot 0 54 14
round 172
bot 0 54 15
round 173
bot 0 54 16
round 174
bot 0 54 17
round 175
bot 0 54 18
coin 30 5
coin 36 21
round 176
bot 0 54 19
round 177
bot 0 54 20
round 178
bot 0 54 21
round 179
bot 0 54 22
round 180
bot 0 54 23
coin 24 7
coin 42 19
round 181
bot 0 54 24
round 182
bot 0 54 25
round 183
bot 0 54 26
round 184
bot 0 53 25
round 185
bot 0 53 24
coin 55 23
coin 12 2
round 186
bot 0 53 23
coin_collected 55 23 0
bot_coins 0 6
round 187
bot 0 53 22
round 188
bot 0 53 21
round 189
bot 0 53 20
round 190
bot 0 53 19
coin 11 26
coin 55 0
round 191
bot 0 53 18
round 192
bot 0 53 17
round 193
bot 0 53 16
round 194
bot 0 53 15
round 195
bot 0 53 14
coin 23 6
coin 43 20
round 196
bot 0 53 13
round 197
bot 0 53 12
round 198
bot 0 53 11
round 199
bot 0 53 10
round 200
bot 0 53 9
coin 31 19
coin 35 7
match_over 0
