match
match_id 1639216537568_ng
match_time 1639216537571
num_bots 1
##MatchConfig
mode FRIENDLY
num_rounds 200
random_seed 42
move_time_limit 1000
coin_spawn_period 5
coin_spawn_volume 2
##MapConfig
map_size 64 31
view_radius 5
mining_radius 1
attack_radius 4
block 48 0
block 49 0
block 50 0
block 51 0
block 52 0
block 53 0
block 54 0
block 27 1
block 28 1
block 29 1
block 30 1
block 48 1
block 49 1
block 50 1
block 51 1
block 52 1
block 53 1
block 54 1
block 11 2
block 12 2
block 13 2
block 14 2
block 27 2
block 28 2
block 29 2
block 30 2
block 32 2
block 33 2
block 11 3
block 12 3
block 13 3
block 14 3
block 27 3
block 28 3
block 29 3
block 30 3
block 32 3
block 33 3
block 57 3
block 58 3
block 59 3
block 60 3
block 1 4
block 2 4
block 11 4
block 12 4
block 13 4
block 14 4
block 20 4
block 21 4
block 32 4
block 33 4
block 57 4
block 58 4
block 59 4
block 60 4
block 1 5
block 2 5
block 11 5
block 12 5
block 13 5
block 14 5
block 20 5
block 21 5
block 32 5
block 33 5
block 39 5
block 40 5
block 57 5
block 58 5
block 59 5
block 60 5
block 1 6
block 2 6
block 11 6
block 12 6
block 13 6
block 14 6
block 20 6
block 21 6
block 32 6
block 33 6
block 39 6
block 40 6
block 57 6
block 58 6
block 59 6
block 60 6
block 1 7
block 2 7
block 11 7
block 12 7
block 13 7
block 14 7
block 20 7
block 21 7
block 32 7
block 33 7
block 39 7
block 40 7
block 57 7
block 58 7
block 59 7
block 60 7
block 1 8
block 2 8
block 3 8
block 4 8
block 11 8
block 12 8
block 13 8
block 14 8
block 20 8
block 21 8
block 32 8
block 33 8
block 39 8
block 40 8
block 57 8
block 58 8
block 59 8
block 60 8
block 1 9
block 2 9
block 3 9
block 4 9
block 20 9
block 21 9
block 1 10
block 2 10
block 3 10
block 4 10
block 1 11
block 2 11
block 3 11
block 4 11
block 1 12
block 2 12
block 3 12
block 4 12
block 13 12
block 14 12
block 15 12
block 16 12
block 17 12
block 18 12
block 19 12
block 20 12
block 61 12
block 62 12
block 13 13
block 14 13
block 15 13
block 16 13
block 17 13
block 18 13
block 19 13
block 20 13
block 61 13
block 62 13
block 13 14
block 14 14
block 15 14
block 16 14
block 17 14
block 18 14
block 19 14
block 20 14
block 61 14
block 62 14
block 9 15
block 10 15
block 11 15
block 12 15
block 13 15
block 14 15
block 15 15
block 16 15
block 17 15
block 18 15
block 19 15
block 20 15
block 61 15
block 62 15
block 9 16
block 10 16
block 11 16
block 12 16
block 13 16
block 14 16
block 15 16
block 16 16
block 17 16
block 18 16
block 19 16
block 20 16
block 61 16
block 62 16
block 9 17
block 10 17
block 11 17
block 12 17
block 13 17
block 14 17
block 15 17
block 16 17
block 17 17
block 48 17
block 49 17
block 50 17
block 51 17
block 52 17
block 53 17
block 54 17
block 55 17
block 9 18
block 10 18
block 11 18
block 12 18
block 13 18
block 14 18
block 15 18
block 16 18
block 17 18
block 48 18
block 49 18
block 50 18
block 51 18
block 52 18
block 53 18
block 54 18
block 55 18
block 9 19
block 10 19
block 11 19
block 12 19
block 48 19
block 49 19
block 50 19
block 51 19
block 49 20
block 50 20
block 51 20
block 54 20
block 55 20
block 56 20
block 57 20
block 58 20
block 59 20
block 49 21
block 50 21
block 51 21
block 54 21
block 55 21
block 56 21
block 57 21
block 58 21
block 59 21
block 49 22
block 50 22
block 51 22
block 54 22
block 55 22
block 27 23
block 28 23
block 29 23
block 30 23
block 31 23
block 32 23
block 49 23
block 50 23
block 51 23
block 54 23
block 55 23
block 27 24
block 28 24
block 29 24
block 30 24
block 31 24
block 32 24
block 34 24
block 35 24
block 49 24
block 50 24
block 51 24
block 52 24
block 53 24
block 54 24
block 55 24
block 56 24
block 57 24
block 27 25
block 28 25
block 29 25
block 30 25
block 31 25
block 32 25
block 34 25
block 35 25
block 51 25
block 52 25
block 53 25
block 54 25
block 55 25
block 56 25
block 57 25
block 30 26
block 31 26
block 32 26
block 34 26
block 35 26
block 51 26
block 52 26
block 53 26
block 54 26
block 55 26
block 56 26
block 57 26
block 19 27
block 20 27
block 21 27
block 30 27
block 31 27
block 32 27
block 34 27
block 35 27
block 51 27
block 52 27
block 53 27
block 54 27
block 55 27
block 56 27
block 57 27
block 19 28
block 20 28
block 21 28
block 22 28
block 30 28
block 31 28
block 32 28
block 20 29
block 21 29
block 22 29
block 30 29
block 31 29
block 32 29
##BotsAndCoinsInfo
bot_name 0 starter-bot
bot 0 61 11
bot_coins 0 0
coin 46 10
coin 17 20
round 1
round 2
round 3
round 4
round 5
coin 43 23
coin 19 7
round 6
round 7
round 8
round 9
round 10
coin 18 28
coin 45 2
round 11
round 12
round 13
round 14
round 15
coin 17 1
coin 46 29
round 16
round 17
round 18
round 19
round 20
coin 42 3
coin 22 27
round 21
round 22
round 23
round 24
round 25
coin 57 0
coin 6 30
round 26
round 27
round 28
round 29
round 30
coin 23 27
coin 40 3
round 31
round 32
round 33
round 34
round 35
coin 17 19
coin 46 11
round 36
round 37
round 38
round 39
round 40
coin 29 21
coin 34 9
round 41
round 42
round 43
round 44
round 45
coin 52 19
coin 11 11
round 46
round 47
round 48
round 49
round 50
coin 58 9
coin 5 21
round 51
round 52
round 53
round 54
round 55
coin 27 18
coin 36 12
round 56
round 57
round 58
round 59
round 60
coin 47 18
coin 16 11
round 61
round 62
round 63
round 64
round 65
coin 24 18
coin 39 12
round 66
round 67
round 68
round 69
round 70
coin 11 21
coin 52 9
round 71
round 72
round 73
round 74
round 75
coin 38 26
coin 25 4
round 76
round 77
round 78
round 79
round 80
coin 13 19
coin 50 11
round 81
round 82
round 83
round 84
round 85
coin 52 22
coin 11 9
round 86
round 87
round 88
round 89
round 90
coin 11 20
coin 52 10
round 91
round 92
round 93
round 94
round 95
coin 37 24
coin 26 6
round 96
round 97
round 98
round 99
round 100
coin 48 20
coin 15 10
round 101
round 102
round 103
round 104
round 105
coin 36 6
coin 26 24
round 106
round 107
round 108
round 109
round 110
coin 37 12
coin 26 18
round 111
round 112
round 113
round 114
round 115
coin 48 29
coin 15 1
round 116
round 117
round 118
round 119
round 120
coin 3 4
coin 60 26
round 121
round 122
round 123
round 124
round 125
coin 22 30
coin 41 0
round 126
match_over 0
round 127
