match
match_id 1639336291471_ap
match_time 1639336291473
num_bots 1
##MatchConfig
mode FRIENDLY
num_rounds 200
random_seed 42
move_time_limit 1000
coin_spawn_period 5
coin_spawn_volume 2
##MapConfig
map_size 53 22
view_radius 6
mining_radius 2
attack_radius 4
block 0 0
block 1 0
block 2 0
block 20 0
block 21 0
block 22 0
block 23 0
block 24 0
block 29 0
block 30 0
block 31 0
block 32 0
block 33 0
block 34 0
block 35 0
block 37 0
block 38 0
block 39 0
block 40 0
block 41 0
block 42 0
block 43 0
block 51 0
block 52 0
block 29 1
block 30 1
block 31 1
block 32 1
block 33 1
block 34 1
block 35 1
block 37 1
block 38 1
block 39 1
block 40 1
block 41 1
block 42 1
block 43 1
block 46 1
block 47 1
block 48 1
block 49 1
block 50 1
block 51 1
block 31 2
block 32 2
block 37 2
block 38 2
block 39 2
block 40 2
block 41 2
block 42 2
block 43 2
block 46 2
block 47 2
block 48 2
block 49 2
block 50 2
block 51 2
block 31 3
block 32 3
block 37 3
block 38 3
block 39 3
block 40 3
block 41 3
block 42 3
block 43 3
block 46 3
block 47 3
block 48 3
block 49 3
block 50 3
block 51 3
block 1 4
block 2 4
block 37 4
block 38 4
block 39 4
block 40 4
block 41 4
block 42 4
block 43 4
block 46 4
block 47 4
block 48 4
block 49 4
block 50 4
block 51 4
block 0 5
block 1 5
block 2 5
block 41 5
block 42 5
block 43 5
block 44 5
block 45 5
block 46 5
block 47 5
block 48 5
block 49 5
block 50 5
block 51 5
block 52 5
block 0 6
block 39 6
block 40 6
block 41 6
block 42 6
block 43 6
block 44 6
block 45 6
block 46 6
block 47 6
block 48 6
block 49 6
block 50 6
block 51 6
block 52 6
block 39 7
block 40 7
block 41 7
block 42 7
block 43 7
block 44 7
block 45 7
block 46 7
block 47 7
block 22 8
block 23 8
block 24 8
block 25 8
block 26 8
block 27 8
block 39 8
block 40 8
block 41 8
block 42 8
block 43 8
block 44 8
block 45 8
block 46 8
block 47 8
block 0 9
block 1 9
block 2 9
block 22 9
block 23 9
block 24 9
block 25 9
block 26 9
block 27 9
block 39 9
block 40 9
block 41 9
block 42 9
block 43 9
block 44 9
block 45 9
block 46 9
block 47 9
block 49 9
block 50 9
block 51 9
block 52 9
block 0 10
block 1 10
block 2 10
block 22 10
block 23 10
block 24 10
block 25 10
block 26 10
block 27 10
block 41 10
block 42 10
block 43 10
block 44 10
block 45 10
block 46 10
block 47 10
block 48 10
block 49 10
block 50 10
block 51 10
block 52 10
block 22 11
block 23 11
block 24 11
block 25 11
block 26 11
block 27 11
block 41 11
block 42 11
block 43 11
block 44 11
block 45 11
block 46 11
block 47 11
block 48 11
block 49 11
block 12 12
block 13 12
block 14 12
block 15 12
block 16 12
block 17 12
block 18 12
block 12 13
block 13 13
block 14 13
block 15 13
block 16 13
block 17 13
block 18 13
block 14 15
block 15 15
block 42 15
block 43 15
block 44 15
block 45 15
block 46 15
block 47 15
block 48 15
block 49 15
block 14 16
block 15 16
block 26 16
block 27 16
block 42 16
block 43 16
block 44 16
block 45 16
block 46 16
block 47 16
block 48 16
block 49 16
block 14 17
block 15 17
block 20 17
block 21 17
block 22 17
block 23 17
block 24 17
block 26 17
block 27 17
block 33 17
block 34 17
block 35 17
block 36 17
block 42 17
block 43 17
block 0 18
block 1 18
block 2 18
block 14 18
block 15 18
block 20 18
block 21 18
block 22 18
block 23 18
block 24 18
block 26 18
block 27 18
block 33 18
block 34 18
block 35 18
block 36 18
block 51 18
block 52 18
block 0 19
block 1 19
block 2 19
block 14 19
block 15 19
block 20 19
block 21 19
block 22 19
block 23 19
block 24 19
block 25 19
block 26 19
block 27 19
block 29 19
block 30 19
block 31 19
block 32 19
block 33 19
block 34 19
block 35 19
block 36 19
block 37 19
block 51 19
block 52 19
block 0 20
block 1 20
block 2 20
block 14 20
block 15 20
block 20 20
block 21 20
block 22 20
block 23 20
block 24 20
block 25 20
block 26 20
block 27 20
block 29 20
block 30 20
block 31 20
block 32 20
block 33 20
block 34 20
block 35 20
block 36 20
block 37 20
block 38 20
block 39 20
block 40 20
block 41 20
block 42 20
block 43 20
block 51 20
block 52 20
block 0 21
block 1 21
block 2 21
block 20 21
block 21 21
block 22 21
block 23 21
block 24 21
block 25 21
block 26 21
block 27 21
block 29 21
block 30 21
block 31 21
block 32 21
block 33 21
block 34 21
block 35 21
block 36 21
block 37 21
block 38 21
block 39 21
block 40 21
block 41 21
block 42 21
block 43 21
block 51 21
block 52 21
##BotsAndCoinsInfo
bot_name 0 starter-bot
bot 0 32 7
bot_coins 0 0
coin 34 15
coin 18 6
round 1
bot 0 32 8
round 2
bot 0 32 9
round 3
bot 0 32 10
round 4
bot 0 32 11
round 5
bot 0 32 12
coin 5 16
coin 48 7
round 6
bot 0 32 13
round 7
bot 0 32 14
round 8
bot 0 32 15
coin_collected 34 15 0
bot_coins 0 1
round 9
bot 0 32 16
round 10
bot 0 32 17
coin 19 19
coin 33 2
round 11
bot 0 32 18
round 12
bot 0 31 18
round 13
bot 0 30 18
round 14
bot 0 29 18
round 15
bot 0 28 18
coin 45 2
coin 7 19
round 16
bot 0 28 19
round 17
bot 0 28 20
round 18
bot 0 28 21
round 19
bot 0 28 20
round 20
bot 0 28 19
coin 13 17
coin 39 5
round 21
bot 0 28 18
round 22
bot 0 28 17
round 23
bot 0 28 16
round 24
bot 0 28 15
round 25
bot 0 27 15
coin 3 18
coin 52 3
round 26
bot 0 26 15
round 27
bot 0 25 15
round 28
bot 0 24 15
round 29
bot 0 23 15
round 30
bot 0 22 15
coin 19 0
coin 34 2
round 31
bot 0 21 14
round 32
bot 0 21 13
round 33
bot 0 21 12
round 34
bot 0 21 11
round 35
bot 0 21 10
coin 36 0
coin 16 21
round 36
bot 0 21 9
round 37
bot 0 21 8
round 38
bot 0 21 7
round 39
bot 0 21 6
round 40
bot 0 21 5
coin 32 18
coin 20 3
round 41
bot 0 21 4
coin_collected 20 3 0
bot_coins 0 2
round 42
bot 0 21 3
round 43
bot 0 21 2
round 44
bot 0 21 1
round 45
bot 0 20 1
coin_collected 19 0 0
bot_coins 0 3
coin 40 10
coin 12 11
round 46
bot 0 19 1
round 47
bot 0 19 0
round 48
bot 0 18 1
round 49
bot 0 18 2
round 50
bot 0 18 3
coin 39 15
coin 13 6
round 51
bot 0 18 4
coin_collected 18 6 0
bot_coins 0 4
round 52
bot 0 18 5
round 53
bot 0 18 6
round 54
bot 0 18 7
round 55
bot 0 18 8
coin 21 9
coin 31 12
round 56
bot 0 18 9
round 57
bot 0 18 10
round 58
bot 0 18 11
round 59
bot 0 17 11
round 60
bot 0 16 11
coin 42 19
coin 10 2
round 61
bot 0 15 11
round 62
bot 0 14 11
coin_collected 12 11 0
bot_coins 0 5
round 63
bot 0 13 11
round 64
bot 0 12 11
round 65
bot 0 11 11
coin 34 6
coin 18 15
round 66
bot 0 11 12
round 67
bot 0 11 13
round 68
bot 0 11 14
round 69
bot 0 11 15
round 70
bot 0 11 16
coin 28 18
coin 24 3
round 71
bot 0 11 17
coin_collected 13 17 0
bot_coins 0 6
round 72
bot 0 11 18
round 73
bot 0 11 19
round 74
bot 0 11 20
round 75
bot 0 11 21
coin 24 4
coin 28 17
round 76
bot 0 10 20
round 77
bot 0 10 19
round 78
bot 0 10 18
round 79
bot 0 10 17
round 80
bot 0 10 16
coin 43 13
coin 9 8
round 81
bot 0 10 15
round 82
bot 0 10 14
round 83
bot 0 10 13
round 84
bot 0 10 12
round 85
bot 0 10 11
coin 26 3
coin 25 18
round 86
bot 0 10 10
round 87
bot 0 10 9
coin_collected 9 8 0
bot_coins 0 7
round 88
bot 0 10 8
round 89
bot 0 10 7
round 90
bot 0 10 6
coin 46 12
coin 6 9
round 91
bot 0 10 5
round 92
bot 0 10 4
coin_collected 10 2 0
bot_coins 0 8
round 93
bot 0 10 3
round 94
bot 0 10 2
round 95
bot 0 10 1
coin 30 4
coin 22 16
round 96
bot 0 10 0
round 97
bot 0 9 1
round 98
bot 0 9 2
round 99
bot 0 9 3
round 100
bot 0 9 4
coin 33 3
coin 19 18
round 101
bot 0 9 5
round 102
bot 0 9 6
round 103
bot 0 9 7
round 104
bot 0 9 8
round 105
bot 0 9 9
coin 27 13
coin 25 7
round 106
bot 0 9 10
round 107
bot 0 9 11
round 108
bot 0 9 12
round 109
bot 0 9 13
round 110
bot 0 9 14
coin 6 6
coin 46 14
round 111
bot 0 9 15
round 112
bot 0 9 16
round 113
bot 0 9 17
round 114
bot 0 9 18
round 115
bot 0 9 19
coin_collected 7 19 0
bot_coins 0 9
coin 0 4
coin 52 17
round 116
bot 0 9 20
round 117
bot 0 9 21
round 118
bot 0 8 20
round 119
bot 0 8 19
round 120
bot 0 8 18
coin 44 12
coin 8 9
round 121
bot 0 8 17
round 122
bot 0 8 16
round 123
bot 0 8 15
round 124
bot 0 8 14
round 125
bot 0 8 13
coin 45 3
coin 7 18
round 126
bot 0 8 12
round 127
bot 0 8 11
coin_collected 8 9 0
bot_coins 0 10
round 128
bot 0 8 10
round 129
bot 0 8 9
coin_collected 6 9 0
bot_coins 0 11
round 130
bot 0 8 8
coin 52 4
coin 0 17
round 131
bot 0 8 7
round 132
bot 0 8 6
coin_collected 6 6 0
bot_coins 0 12
round 133
bot 0 8 5
round 134
bot 0 8 4
round 135
bot 0 8 3
coin 19 2
coin 32 17
round 136
bot 0 8 2
round 137
bot 0 8 1
round 138
bot 0 8 0
round 139
bot 0 7 1
round 140
bot 0 7 2
coin 47 17
coin 5 4
round 141
bot 0 7 3
round 142
bot 0 7 4
coin_collected 5 4 0
bot_coins 0 13
round 143
bot 0 7 5
round 144
bot 0 7 6
round 145
bot 0 7 7
coin 32 15
coin 20 6
round 146
bot 0 7 8
round 147
bot 0 7 9
round 148
bot 0 7 10
round 149
bot 0 7 11
round 150
bot 0 7 12
coin 38 5
coin 13 16
round 151
bot 0 7 13
round 152
bot 0 7 14
round 153
bot 0 7 15
round 154
bot 0 7 16
coin_collected 7 18 0
bot_coins 0 14
coin_collected 5 16 0
bot_coins 0 15
round 155
bot 0 7 17
coin 50 19
coin 2 2
round 156
bot 0 7 18
round 157
bot 0 7 19
round 158
bot 0 7 20
round 159
bot 0 7 21
round 160
bot 0 6 20
coin 3 4
coin 49 17
round 161
bot 0 6 19
round 162
bot 0 6 18
round 163
bot 0 6 17
round 164
bot 0 6 16
round 165
bot 0 6 15
coin 7 3
coin 45 18
round 166
bot 0 6 14
round 167
bot 0 6 13
round 168
bot 0 6 12
round 169
bot 0 6 11
round 170
bot 0 6 10
coin 16 15
coin 36 6
round 171
bot 0 6 9
round 172
bot 0 6 8
round 173
bot 0 6 7
round 174
bot 0 6 6
round 175
bot 0 6 5
coin 27 14
coin 26 7
round 176
bot 0 6 4
coin_collected 7 3 0
bot_coins 0 16
round 177
bot 0 6 3
round 178
bot 0 6 2
round 179
bot 0 6 1
round 180
bot 0 6 0
coin 29 15
coin 23 6
round 181
bot 0 5 1
round 182
bot 0 5 2
round 183
bot 0 5 3
round 184
bot 0 5 4
coin_collected 3 4 0
bot_coins 0 17
round 185
bot 0 5 5
coin 1 6
coin 51 15
round 186
bot 0 5 6
round 187
bot 0 5 7
round 188
bot 0 5 8
round 189
bot 0 5 9
round 190
bot 0 5 10
coin 49 8
coin 3 13
round 191
bot 0 5 11
round 192
bot 0 5 12
round 193
bot 0 5 13
coin_collected 3 13 0
bot_coins 0 18
round 194
bot 0 5 14
round 195
bot 0 5 15
coin 16 0
coin 36 1
round 196
bot 0 5 16
round 197
bot 0 5 17
round 198
bot 0 5 18
coin_collected 3 18 0
bot_coins 0 19
round 199
bot 0 5 19
round 200
bot 0 5 20
coin 52 14
coin 0 7
match_over 0
