match
match_id 1639173424596_dz
match_time 1639173424600
num_bots 1
##MatchConfig
mode FRIENDLY
num_rounds 200
random_seed 42
move_time_limit 1000
coin_spawn_period 5
coin_spawn_volume 2
##MapConfig
map_size 59 33
view_radius 6
mining_radius 2
attack_radius 3
block 0 0
block 1 0
block 2 0
block 3 0
block 4 0
block 5 0
block 24 0
block 25 0
block 26 0
block 27 0
block 28 0
block 29 0
block 32 0
block 33 0
block 34 0
block 36 0
block 37 0
block 38 0
block 39 0
block 40 0
block 41 0
block 0 1
block 1 1
block 2 1
block 3 1
block 4 1
block 5 1
block 24 1
block 25 1
block 26 1
block 27 1
block 28 1
block 29 1
block 32 1
block 33 1
block 34 1
block 0 2
block 1 2
block 2 2
block 3 2
block 4 2
block 5 2
block 11 2
block 12 2
block 13 2
block 14 2
block 15 2
block 16 2
block 17 2
block 24 2
block 25 2
block 26 2
block 27 2
block 28 2
block 29 2
block 32 2
block 33 2
block 34 2
block 0 3
block 1 3
block 2 3
block 3 3
block 4 3
block 5 3
block 11 3
block 12 3
block 13 3
block 14 3
block 15 3
block 16 3
block 17 3
block 18 3
block 19 3
block 24 3
block 25 3
block 26 3
block 27 3
block 28 3
block 29 3
block 44 3
block 45 3
block 46 3
block 0 4
block 1 4
block 2 4
block 3 4
block 4 4
block 5 4
block 11 4
block 12 4
block 13 4
block 14 4
block 15 4
block 16 4
block 17 4
block 18 4
block 19 4
block 24 4
block 25 4
block 26 4
block 27 4
block 28 4
block 29 4
block 44 4
block 45 4
block 46 4
block 0 5
block 1 5
block 2 5
block 3 5
block 4 5
block 5 5
block 11 5
block 12 5
block 13 5
block 14 5
block 15 5
block 16 5
block 17 5
block 18 5
block 19 5
block 24 5
block 25 5
block 26 5
block 27 5
block 28 5
block 29 5
block 0 6
block 1 6
block 2 6
block 3 6
block 4 6
block 5 6
block 11 6
block 12 6
block 13 6
block 14 6
block 15 6
block 16 6
block 17 6
block 18 6
block 19 6
block 11 7
block 12 7
block 13 7
block 14 7
block 15 7
block 16 7
block 17 7
block 18 7
block 19 7
block 0 8
block 14 8
block 15 8
block 16 8
block 17 8
block 18 8
block 19 8
block 41 8
block 42 8
block 57 8
block 58 8
block 0 9
block 14 9
block 15 9
block 16 9
block 17 9
block 18 9
block 19 9
block 41 9
block 42 9
block 46 9
block 47 9
block 57 9
block 58 9
block 0 10
block 14 10
block 15 10
block 16 10
block 17 10
block 18 10
block 19 10
block 41 10
block 42 10
block 45 10
block 46 10
block 47 10
block 48 10
block 49 10
block 50 10
block 51 10
block 57 10
block 58 10
block 0 11
block 14 11
block 15 11
block 16 11
block 17 11
block 18 11
block 19 11
block 45 11
block 46 11
block 47 11
block 48 11
block 49 11
block 50 11
block 51 11
block 57 11
block 58 11
block 0 12
block 45 12
block 46 12
block 47 12
block 48 12
block 49 12
block 50 12
block 51 12
block 52 12
block 57 12
block 58 12
block 0 13
block 45 13
block 46 13
block 47 13
block 48 13
block 49 13
block 50 13
block 51 13
block 52 13
block 57 13
block 58 13
block 0 14
block 49 14
block 50 14
block 51 14
block 52 14
block 57 14
block 58 14
block 28 15
block 29 15
block 30 15
block 31 15
block 32 15
block 33 15
block 49 15
block 50 15
block 51 15
block 52 15
block 28 16
block 29 16
block 30 16
block 31 16
block 32 16
block 33 16
block 49 16
block 50 16
block 51 16
block 52 16
block 28 17
block 29 17
block 30 17
block 31 17
block 32 17
block 33 17
block 51 17
block 52 17
block 43 18
block 44 18
block 45 18
block 46 18
block 47 18
block 48 18
block 49 18
block 51 18
block 52 18
block 43 19
block 44 19
block 45 19
block 46 19
block 47 19
block 48 19
block 49 19
block 6 20
block 7 20
block 43 20
block 44 20
block 45 20
block 46 20
block 47 20
block 48 20
block 49 20
block 6 21
block 7 21
block 43 21
block 44 21
block 45 21
block 46 21
block 47 21
block 48 21
block 49 21
block 30 23
block 31 23
block 32 23
block 33 23
block 34 23
block 30 24
block 31 24
block 32 24
block 33 24
block 34 24
block 28 25
block 29 25
block 30 25
block 31 25
block 32 25
block 33 25
block 34 25
block 35 25
block 36 25
block 37 25
block 38 25
block 39 25
block 40 25
block 41 25
block 28 26
block 29 26
block 30 26
block 31 26
block 32 26
block 33 26
block 34 26
block 35 26
block 36 26
block 37 26
block 38 26
block 39 26
block 40 26
block 41 26
block 28 27
block 29 27
block 30 27
block 31 27
block 32 27
block 33 27
block 34 27
block 29 30
block 30 30
block 31 30
block 32 30
block 33 30
block 36 30
block 37 30
block 38 30
block 39 30
block 40 30
block 41 30
block 46 30
block 47 30
block 48 30
block 49 30
block 50 30
block 51 30
block 52 30
block 29 31
block 30 31
block 31 31
block 32 31
block 33 31
block 34 31
block 36 31
block 37 31
block 38 31
block 39 31
block 40 31
block 41 31
block 46 31
block 47 31
block 48 31
block 49 31
block 50 31
block 51 31
block 52 31
block 24 32
block 25 32
block 26 32
block 27 32
block 28 32
block 29 32
block 30 32
block 31 32
block 32 32
block 33 32
block 34 32
block 36 32
block 37 32
block 38 32
block 39 32
block 40 32
block 41 32
block 46 32
block 47 32
block 48 32
block 49 32
block 50 32
block 51 32
block 52 32
##BotsAndCoinsInfo
bot_name 0 starter-bot
bot 0 55 29
bot_coins 0 0
coin 34 15
coin 24 17
round 1
bot 0 55 30
round 2
bot 0 55 31
round 3
bot 0 55 32
round 4
bot 0 55 31
round 5
bot 0 55 30
coin 13 8
coin 45 24
round 6
bot 0 55 29
round 7
bot 0 55 28
round 8
bot 0 55 27
round 9
bot 0 55 26
round 10
bot 0 55 25
coin 9 19
coin 48 14
round 11
bot 0 55 24
round 12
bot 0 55 23
round 13
bot 0 55 22
round 14
bot 0 55 21
round 15
bot 0 55 20
coin 15 1
coin 43 31
round 16
bot 0 55 19
round 17
bot 0 55 18
round 18
bot 0 55 17
round 19
bot 0 55 16
round 20
bot 0 55 15
coin 48 17
coin 10 15
round 21
bot 0 55 14
round 22
bot 0 55 13
round 23
bot 0 55 12
round 24
bot 0 55 11
round 25
bot 0 55 10
coin 11 29
coin 47 3
round 26
bot 0 55 9
round 27
bot 0 55 8
round 28
bot 0 55 7
round 29
bot 0 55 6
round 30
bot 0 55 5
coin 46 0
coin 12 32
round 31
bot 0 55 4
round 32
bot 0 55 3
round 33
bot 0 55 2
round 34
bot 0 55 1
round 35
bot 0 55 2
coin 2 11
coin 56 21
round 36
bot 0 55 3
round 37
bot 0 55 4
round 38
bot 0 55 5
round 39
bot 0 55 6
round 40
bot 0 55 7
coin 31 9
coin 27 23
round 41
bot 0 55 8
round 42
bot 0 55 9
round 43
bot 0 55 10
round 44
bot 0 55 11
round 45
bot 0 55 12
coin 23 20
coin 35 12
round 46
bot 0 55 13
round 47
bot 0 55 14
round 48
bot 0 55 15
round 49
bot 0 55 16
round 50
bot 0 55 17
coin 38 4
coin 20 28
round 51
bot 0 55 18
round 52
bot 0 55 19
round 53
bot 0 55 20
coin_collected 56 21 0
bot_coins 0 1
round 54
bot 0 55 21
round 55
bot 0 55 22
coin 36 9
coin 22 23
round 56
bot 0 55 23
round 57
bot 0 55 24
round 58
bot 0 55 25
round 59
bot 0 55 26
round 60
bot 0 55 27
coin 48 29
coin 10 3
round 61
bot 0 55 28
round 62
bot 0 55 29
round 63
bot 0 55 30
round 64
bot 0 55 31
round 65
bot 0 55 32
coin 41 28
coin 18 2
round 66
bot 0 55 31
round 67
bot 0 55 30
round 68
bot 0 55 29
round 69
bot 0 55 28
round 70
bot 0 55 27
coin 53 18
coin 5 14
round 71
bot 0 55 26
round 72
bot 0 55 25
round 73
bot 0 55 24
round 74
bot 0 55 23
round 75
bot 0 55 22
coin 54 15
coin 4 17
round 76
bot 0 55 21
round 77
bot 0 55 20
round 78
bot 0 55 19
round 79
bot 0 55 18
coin_collected 53 18 0
bot_coins 0 2
round 80
bot 0 55 17
coin 55 2
coin 3 30
round 81
bot 0 55 16
coin_collected 54 15 0
bot_coins 0 3
round 82
bot 0 55 15
round 83
bot 0 55 14
round 84
bot 0 55 13
round 85
bot 0 55 12
coin 6 14
coin 53 18
round 86
bot 0 55 11
round 87
bot 0 55 10
round 88
bot 0 55 9
round 89
bot 0 55 8
round 90
bot 0 55 7
coin 25 22
coin 33 10
round 91
bot 0 55 6
round 92
bot 0 55 5
round 93
bot 0 55 4
coin_collected 55 2 0
bot_coins 0 4
round 94
bot 0 55 3
round 95
bot 0 55 2
coin 31 14
coin 27 18
round 96
bot 0 55 1
round 97
bot 0 55 2
round 98
bot 0 55 3
round 99
bot 0 55 4
round 100
bot 0 55 5
coin 4 25
coin 54 7
round 101
bot 0 55 6
coin_collected 54 7 0
bot_coins 0 5
round 102
bot 0 55 7
round 103
bot 0 55 8
round 104
bot 0 55 9
round 105
bot 0 55 10
coin 44 13
coin 14 19
round 106
bot 0 55 11
round 107
bot 0 55 12
round 108
bot 0 55 13
round 109
bot 0 55 14
round 110
bot 0 55 15
coin 20 6
coin 38 27
round 111
bot 0 55 16
round 112
bot 0 55 17
round 113
bot 0 55 18
coin_collected 53 18 0
bot_coins 0 6
round 114
bot 0 55 19
round 115
bot 0 55 20
coin 6 5
coin 52 27
round 116
bot 0 55 21
round 117
bot 0 55 22
round 118
bot 0 55 23
round 119
bot 0 55 24
round 120
bot 0 55 25
coin 58 22
coin 1 10
round 121
bot 0 55 26
round 122
bot 0 55 27
round 123
bot 0 55 28
round 124
bot 0 55 29
round 125
bot 0 55 30
coin 32 3
coin 26 29
round 126
bot 0 55 31
round 127
bot 0 55 32
round 128
bot 0 55 31
round 129
bot 0 55 30
round 130
bot 0 55 29
coin 53 4
coin 5 28
round 131
bot 0 55 28
round 132
bot 0 55 27
round 133
bot 0 55 26
round 134
bot 0 55 25
round 135
bot 0 55 24
coin 42 13
coin 16 19
round 136
bot 0 55 23
round 137
bot 0 55 22
round 138
bot 0 55 21
round 139
bot 0 55 20
round 140
bot 0 55 19
coin 11 28
coin 47 4
round 141
bot 0 55 18
round 142
bot 0 55 17
round 143
bot 0 55 16
round 144
bot 0 55 15
round 145
bot 0 55 14
coin 41 15
coin 17 17
round 146
bot 0 55 13
round 147
bot 0 55 12
round 148
bot 0 55 11
round 149
bot 0 55 10
round 150
bot 0 55 9
coin 21 14
coin 37 18
round 151
bot 0 55 8
round 152
bot 0 55 7
round 153
bot 0 55 6
round 154
bot 0 55 5
round 155
bot 0 55 4
coin_collected 53 4 0
bot_coins 0 7
coin 13 19
coin 45 14
round 156
bot 0 55 3
round 157
bot 0 55 2
round 158
bot 0 55 1
round 159
bot 0 55 2
round 160
bot 0 55 3
coin 29 24
coin 29 8
round 161
bot 0 55 4
round 162
bot 0 55 5
round 163
bot 0 55 6
round 164
bot 0 55 7
round 165
bot 0 55 8
coin 42 25
coin 13 9
round 166
bot 0 55 9
round 167
bot 0 55 10
round 168
bot 0 55 11
round 169
bot 0 55 12
round 170
bot 0 55 13
coin 21 15
coin 37 17
round 171
bot 0 55 14
round 172
bot 0 55 15
round 173
bot 0 55 16
round 174
bot 0 55 17
round 175
bot 0 55 18
coin 44 2
coin 14 30
round 176
bot 0 55 19
round 177
bot 0 55 20
round 178
bot 0 55 21
round 179
bot 0 55 22
round 180
bot 0 55 23
coin 58 4
coin 0 28
round 181
bot 0 55 24
round 182
bot 0 55 25
round 183
bot 0 55 26
round 184
bot 0 55 27
round 185
bot 0 55 28
coin 20 5
coin 37 27
round 186
bot 0 55 29
round 187
bot 0 55 30
round 188
bot 0 55 31
round 189
bot 0 55 32
round 190
bot 0 55 31
coin 26 19
coin 32 13
round 191
bot 0 55 30
round 192
bot 0 55 29
round 193
bot 0 55 28
round 194
bot 0 55 27
round 195
bot 0 55 26
coin 50 21
coin 8 11
round 196
bot 0 55 25
round 197
bot 0 55 24
round 198
bot 0 55 23
round 199
bot 0 55 22
round 200
bot 0 55 21
coin 54 25
coin 4 7
match_over 0
