match
match_id 1639174761882_ew
match_time 1639174761886
num_bots 1
##MatchConfig
mode FRIENDLY
num_rounds 200
random_seed 42
move_time_limit 1000
coin_spawn_period 5
coin_spawn_volume 2
##MapConfig
map_size 67 38
view_radius 5
mining_radius 1
attack_radius 4
block 4 0
block 5 0
block 10 0
block 11 0
block 12 0
block 13 0
block 14 0
block 15 0
block 16 0
block 17 0
block 18 0
block 19 0
block 31 0
block 32 0
block 33 0
block 34 0
block 35 0
block 36 0
block 37 0
block 38 0
block 39 0
block 2 1
block 3 1
block 10 1
block 11 1
block 12 1
block 13 1
block 14 1
block 17 1
block 18 1
block 19 1
block 31 1
block 32 1
block 33 1
block 34 1
block 35 1
block 36 1
block 37 1
block 38 1
block 39 1
block 47 1
block 48 1
block 49 1
block 2 2
block 3 2
block 10 2
block 11 2
block 12 2
block 13 2
block 14 2
block 17 2
block 18 2
block 19 2
block 31 2
block 32 2
block 33 2
block 34 2
block 35 2
block 36 2
block 37 2
block 38 2
block 39 2
block 47 2
block 48 2
block 49 2
block 2 3
block 3 3
block 10 3
block 11 3
block 12 3
block 13 3
block 14 3
block 17 3
block 18 3
block 19 3
block 47 3
block 48 3
block 49 3
block 2 4
block 3 4
block 47 4
block 48 4
block 49 4
block 2 5
block 3 5
block 47 5
block 48 5
block 49 5
block 52 5
block 53 5
block 54 5
block 55 5
block 56 5
block 57 5
block 58 5
block 9 6
block 10 6
block 47 6
block 48 6
block 49 6
block 52 6
block 53 6
block 54 6
block 55 6
block 56 6
block 57 6
block 58 6
block 9 7
block 10 7
block 47 7
block 48 7
block 49 7
block 50 7
block 51 7
block 52 7
block 53 7
block 54 7
block 55 7
block 56 7
block 57 7
block 58 7
block 9 8
block 10 8
block 47 8
block 48 8
block 49 8
block 50 8
block 51 8
block 52 8
block 53 8
block 54 8
block 55 8
block 56 8
block 57 8
block 58 8
block 9 9
block 10 9
block 47 9
block 48 9
block 49 9
block 50 9
block 51 9
block 52 9
block 53 9
block 54 9
block 55 9
block 9 10
block 10 10
block 53 10
block 54 10
block 55 10
block 0 11
block 1 11
block 2 11
block 9 11
block 10 11
block 65 11
block 66 11
block 0 12
block 1 12
block 2 12
block 65 12
block 66 12
block 35 13
block 36 13
block 37 13
block 38 13
block 39 13
block 35 14
block 36 14
block 37 14
block 38 14
block 39 14
block 3 15
block 4 15
block 35 15
block 36 15
block 37 15
block 38 15
block 39 15
block 0 16
block 1 16
block 2 16
block 3 16
block 4 16
block 28 16
block 29 16
block 30 16
block 31 16
block 32 16
block 33 16
block 35 16
block 36 16
block 37 16
block 38 16
block 39 16
block 66 16
block 0 17
block 1 17
block 2 17
block 3 17
block 4 17
block 28 17
block 29 17
block 30 17
block 31 17
block 32 17
block 33 17
block 35 17
block 36 17
block 37 17
block 38 17
block 39 17
block 66 17
block 0 18
block 1 18
block 2 18
block 3 18
block 28 18
block 29 18
block 30 18
block 31 18
block 32 18
block 33 18
block 35 18
block 36 18
block 37 18
block 38 18
block 39 18
block 66 18
block 0 19
block 1 19
block 2 19
block 3 19
block 28 19
block 29 19
block 30 19
block 31 19
block 32 19
block 33 19
block 35 19
block 36 19
block 37 19
block 38 19
block 39 19
block 66 19
block 0 20
block 1 20
block 2 20
block 3 20
block 37 20
block 38 20
block 39 20
block 40 20
block 41 20
block 42 20
block 66 20
block 0 21
block 29 21
block 30 21
block 37 21
block 38 21
block 39 21
block 40 21
block 41 21
block 42 21
block 64 21
block 65 21
block 66 21
block 0 22
block 12 22
block 13 22
block 14 22
block 15 22
block 16 22
block 17 22
block 29 22
block 30 22
block 39 22
block 40 22
block 41 22
block 42 22
block 64 22
block 65 22
block 66 22
block 0 23
block 12 23
block 13 23
block 14 23
block 15 23
block 16 23
block 17 23
block 29 23
block 30 23
block 39 23
block 40 23
block 41 23
block 42 23
block 66 23
block 0 24
block 4 24
block 5 24
block 6 24
block 12 24
block 13 24
block 14 24
block 15 24
block 16 24
block 17 24
block 39 24
block 40 24
block 41 24
block 42 24
block 66 24
block 0 25
block 4 25
block 5 25
block 6 25
block 10 25
block 11 25
block 12 25
block 13 25
block 14 25
block 15 25
block 16 25
block 17 25
block 66 25
block 0 26
block 4 26
block 5 26
block 6 26
block 10 26
block 11 26
block 12 26
block 13 26
block 14 26
block 15 26
block 16 26
block 17 26
block 66 26
block 0 27
block 4 27
block 5 27
block 6 27
block 10 27
block 11 27
block 12 27
block 13 27
block 14 27
block 15 27
block 16 27
block 17 27
block 66 27
block 10 28
block 11 28
block 12 28
block 13 28
block 14 28
block 15 28
block 16 28
block 17 28
block 53 29
block 54 29
block 55 29
block 56 29
block 57 29
block 58 29
block 22 30
block 23 30
block 24 30
block 53 30
block 54 30
block 55 30
block 56 30
block 57 30
block 58 30
block 22 31
block 23 31
block 24 31
block 53 31
block 54 31
block 55 31
block 56 31
block 57 31
block 58 31
block 1 32
block 2 32
block 22 32
block 23 32
block 24 32
block 53 32
block 54 32
block 55 32
block 56 32
block 57 32
block 58 32
block 1 33
block 2 33
block 53 33
block 54 33
block 55 33
block 56 33
block 57 33
block 58 33
block 0 34
block 1 34
block 2 34
block 31 34
block 32 34
block 33 34
block 34 34
block 35 34
block 36 34
block 37 34
block 0 35
block 1 35
block 2 35
block 10 35
block 11 35
block 12 35
block 13 35
block 14 35
block 31 35
block 32 35
block 33 35
block 34 35
block 35 35
block 36 35
block 37 35
block 4 36
block 5 36
block 10 36
block 11 36
block 12 36
block 13 36
block 14 36
block 15 36
block 16 36
block 17 36
block 18 36
block 19 36
block 31 36
block 32 36
block 33 36
block 34 36
block 35 36
block 36 36
block 37 36
block 4 37
block 5 37
block 10 37
block 11 37
block 12 37
block 13 37
block 14 37
block 15 37
block 16 37
block 17 37
block 18 37
block 19 37
block 31 37
block 32 37
block 33 37
block 34 37
block 35 37
block 36 37
block 37 37
block 38 37
block 39 37
##BotsAndCoinsInfo
bot_name 0 starter-bot
bot 0 44 15
bot_coins 0 0
coin 41 9
coin 25 28
round 1
bot 0 44 16
round 2
bot 0 44 17
round 3
bot 0 44 18
round 4
bot 0 44 19
round 5
bot 0 44 20
coin 23 6
coin 43 31
round 6
bot 0 44 21
round 7
bot 0 44 22
round 8
bot 0 44 23
round 9
bot 0 44 24
round 10
bot 0 44 25
coin 12 15
coin 54 22
round 11
bot 0 44 26
round 12
bot 0 44 27
round 13
bot 0 44 28
round 14
bot 0 44 29
round 15
bot 0 44 30
coin 66 28
coin 0 9
round 16
bot 0 44 31
coin_collected 43 31 0
bot_coins 0 1
round 17
bot 0 44 32
round 18
bot 0 44 33
round 19
bot 0 44 34
round 20
bot 0 44 35
coin 62 17
coin 4 20
round 21
bot 0 44 36
round 22
bot 0 44 37
round 23
bot 0 43 36
round 24
bot 0 43 35
round 25
bot 0 43 34
coin 21 14
coin 45 23
round 26
bot 0 43 33
round 27
bot 0 43 32
round 28
bot 0 43 31
round 29
bot 0 43 30
round 30
bot 0 43 29
coin 0 33
coin 66 4
round 31
bot 0 43 28
round 32
bot 0 43 27
round 33
bot 0 43 26
round 34
bot 0 43 25
round 35
bot 0 43 24
coin 51 36
coin 15 1
round 36
bot 0 43 23
round 37
bot 0 43 22
round 38
bot 0 43 21
round 39
bot 0 43 20
round 40
bot 0 43 19
coin 49 36
coin 16 1
round 41
bot 0 43 18
round 42
bot 0 43 17
round 43
bot 0 43 16
round 44
bot 0 43 15
round 45
bot 0 43 14
coin 22 37
coin 44 0
round 46
bot 0 43 13
round 47
bot 0 43 12
round 48
bot 0 43 11
round 49
bot 0 43 10
round 50
bot 0 43 9
coin 37 12
coin 29 25
round 51
bot 0 43 8
round 52
bot 0 43 7
round 53
bot 0 43 6
round 54
bot 0 43 5
round 55
bot 0 43 4
coin 24 7
coin 42 30
round 56
bot 0 43 3
round 57
bot 0 43 2
round 58
bot 0 43 1
round 59
bot 0 42 2
round 60
bot 0 42 3
coin 47 13
coin 19 24
round 61
bot 0 42 4
round 62
bot 0 42 5
round 63
bot 0 42 6
round 64
bot 0 42 7
round 65
bot 0 42 8
coin 17 6
coin 49 31
round 66
bot 0 42 9
coin_collected 41 9 0
bot_coins 0 2
round 67
bot 0 42 10
round 68
bot 0 42 11
round 69
bot 0 42 12
round 70
bot 0 42 13
coin 9 22
coin 57 15
round 71
bot 0 42 14
round 72
bot 0 42 15
round 73
bot 0 42 16
round 74
bot 0 42 17
round 75
bot 0 42 18
coin 30 4
coin 36 33
round 76
bot 0 42 19
round 77
round 78
round 79
round 80
coin 7 33
coin 59 4
round 81
round 82
round 83
round 84
round 85
coin 66 37
coin 0 0
round 86
round 87
round 88
round 89
round 90
coin 34 17
coin 32 20
round 91
round 92
round 93
round 94
round 95
coin 40 6
coin 26 31
round 96
round 97
round 98
round 99
round 100
coin 34 31
coin 32 6
round 101
round 102
round 103
round 104
round 105
coin 29 11
coin 37 26
round 106
round 107
round 108
round 109
round 110
coin 57 10
coin 9 27
round 111
round 112
round 113
round 114
round 115
coin 59 23
coin 7 14
round 116
round 117
round 118
round 119
round 120
coin 18 35
coin 48 0
round 121
round 122
round 123
round 124
round 125
coin 44 6
coin 21 31
round 126
round 127
round 128
round 129
round 130
coin 17 12
coin 49 25
round 131
round 132
round 133
round 134
round 135
coin 54 4
coin 12 33
round 136
round 137
round 138
round 139
round 140
coin 51 21
coin 15 16
round 141
round 142
round 143
round 144
round 145
coin 30 35
coin 36 3
round 146
round 147
round 148
round 149
round 150
coin 40 31
coin 26 6
round 151
round 152
round 153
round 154
round 155
coin 28 7
coin 38 30
round 156
round 157
round 158
round 159
round 160
coin 57 34
coin 9 3
round 161
round 162
round 163
round 164
round 165
coin 65 20
coin 1 15
round 166
round 167
round 168
round 169
round 170
coin 65 17
coin 1 21
round 171
round 172
round 173
round 174
round 175
coin 30 3
coin 37 33
round 176
round 177
round 178
round 179
round 180
coin 24 23
coin 42 14
round 181
round 182
round 183
round 184
round 185
coin 56 9
coin 9 28
round 186
round 187
round 188
round 189
round 190
coin 11 14
coin 55 23
round 191
round 192
round 193
round 194
round 195
coin 23 35
coin 43 2
round 196
round 197
round 198
round 199
round 200
coin 31 3
coin 35 33
match_over 0
