match
match_id 1639174745364_ev
match_time 1639174745367
num_bots 1
##MatchConfig
mode FRIENDLY
num_rounds 200
random_seed 42
move_time_limit 1000
coin_spawn_period 5
coin_spawn_volume 2
##MapConfig
map_size 52 31
view_radius 6
mining_radius 2
attack_radius 3
block 6 0
block 7 0
block 8 0
block 9 0
block 10 0
block 11 0
block 12 0
block 13 0
block 14 0
block 15 0
block 6 1
block 7 1
block 8 1
block 9 1
block 10 1
block 11 1
block 12 1
block 13 1
block 14 1
block 15 1
block 38 1
block 39 1
block 6 2
block 7 2
block 8 2
block 9 2
block 10 2
block 11 2
block 12 2
block 13 2
block 14 2
block 15 2
block 21 2
block 22 2
block 23 2
block 24 2
block 25 2
block 38 2
block 39 2
block 49 2
block 50 2
block 51 2
block 6 3
block 7 3
block 8 3
block 9 3
block 10 3
block 14 3
block 15 3
block 16 3
block 17 3
block 18 3
block 19 3
block 21 3
block 22 3
block 23 3
block 24 3
block 25 3
block 38 3
block 39 3
block 49 3
block 50 3
block 51 3
block 6 4
block 7 4
block 8 4
block 9 4
block 10 4
block 14 4
block 15 4
block 16 4
block 17 4
block 18 4
block 19 4
block 21 4
block 22 4
block 23 4
block 24 4
block 25 4
block 38 4
block 39 4
block 43 4
block 44 4
block 45 4
block 46 4
block 47 4
block 49 4
block 50 4
block 51 4
block 6 5
block 7 5
block 8 5
block 9 5
block 10 5
block 38 5
block 39 5
block 43 5
block 44 5
block 45 5
block 46 5
block 47 5
block 49 5
block 50 5
block 51 5
block 6 6
block 7 6
block 8 6
block 9 6
block 10 6
block 38 6
block 39 6
block 9 7
block 10 7
block 11 7
block 12 7
block 13 7
block 38 7
block 39 7
block 9 8
block 10 8
block 11 8
block 12 8
block 13 8
block 9 9
block 10 9
block 11 9
block 12 9
block 13 9
block 9 10
block 10 10
block 11 10
block 12 10
block 13 10
block 42 10
block 43 10
block 44 10
block 45 10
block 46 10
block 47 10
block 48 10
block 9 11
block 10 11
block 11 11
block 12 11
block 13 11
block 42 11
block 43 11
block 44 11
block 45 11
block 46 11
block 47 11
block 48 11
block 9 12
block 10 12
block 11 12
block 12 12
block 13 12
block 23 12
block 24 12
block 25 12
block 26 12
block 27 12
block 42 12
block 43 12
block 44 12
block 45 12
block 46 12
block 47 12
block 48 12
block 23 13
block 24 13
block 25 13
block 26 13
block 27 13
block 42 13
block 43 13
block 44 13
block 45 13
block 46 13
block 47 13
block 48 13
block 23 14
block 24 14
block 25 14
block 26 14
block 27 14
block 42 14
block 43 14
block 44 14
block 45 14
block 46 14
block 47 14
block 48 14
block 23 15
block 24 15
block 25 15
block 26 15
block 27 15
block 38 15
block 39 15
block 23 16
block 24 16
block 25 16
block 26 16
block 27 16
block 38 16
block 39 16
block 48 16
block 49 16
block 50 16
block 51 16
block 23 17
block 24 17
block 25 17
block 26 17
block 27 17
block 38 17
block 39 17
block 48 17
block 49 17
block 50 17
block 51 17
block 38 18
block 39 18
block 48 18
block 49 18
block 50 18
block 51 18
block 38 19
block 39 19
block 48 19
block 49 19
block 50 19
block 51 19
block 8 20
block 9 20
block 38 20
block 39 20
block 8 21
block 9 21
block 8 22
block 9 22
block 8 23
block 9 23
block 0 28
block 1 28
block 8 28
block 9 28
block 10 28
block 11 28
block 12 28
block 13 28
block 14 28
block 15 28
block 49 28
block 50 28
block 51 28
block 0 29
block 1 29
block 8 29
block 9 29
block 10 29
block 11 29
block 12 29
block 13 29
block 14 29
block 15 29
block 49 29
block 50 29
block 51 29
block 8 30
block 9 30
block 10 30
block 11 30
block 12 30
block 13 30
block 14 30
block 15 30
##BotsAndCoinsInfo
bot_name 0 starter-bot
bot 0 11 18
bot_coins 0 0
coin 26 10
coin 25 20
round 1
round 2
round 3
round 4
round 5
coin 48 23
coin 3 7
round 6
round 7
round 8
round 9
round 10
coin 26 28
coin 26 2
round 11
round 12
round 13
bot 0 11 19
round 14
bot 0 11 20
round 15
coin 13 3
coin 38 27
round 16
round 17
match_over 0
round 18
