match
match_id 1639167799958_az
match_time 1639167799963
num_bots 1
##MatchConfig
mode FRIENDLY
num_rounds 200
random_seed 42
move_time_limit 1000
coin_spawn_period 5
coin_spawn_volume 2
##MapConfig
map_size 53 35
view_radius 5
mining_radius 2
attack_radius 3
block 31 0
block 32 0
block 33 0
block 34 0
block 35 0
block 36 0
block 37 0
block 31 1
block 32 1
block 33 1
block 34 1
block 35 1
block 36 1
block 37 1
block 38 1
block 39 1
block 40 1
block 6 2
block 7 2
block 8 2
block 9 2
block 10 2
block 11 2
block 31 2
block 32 2
block 33 2
block 34 2
block 35 2
block 36 2
block 37 2
block 38 2
block 39 2
block 40 2
block 6 3
block 7 3
block 8 3
block 9 3
block 10 3
block 11 3
block 37 3
block 38 3
block 39 3
block 40 3
block 6 4
block 7 4
block 8 4
block 9 4
block 10 4
block 11 4
block 23 4
block 24 4
block 25 4
block 26 4
block 27 4
block 28 4
block 29 4
block 37 4
block 38 4
block 39 4
block 40 4
block 6 5
block 7 5
block 8 5
block 9 5
block 10 5
block 11 5
block 23 5
block 24 5
block 25 5
block 26 5
block 27 5
block 28 5
block 29 5
block 6 6
block 7 6
block 8 6
block 9 6
block 10 6
block 11 6
block 6 7
block 7 7
block 8 7
block 9 7
block 10 7
block 11 7
block 20 7
block 21 7
block 22 7
block 23 7
block 6 8
block 7 8
block 8 8
block 9 8
block 10 8
block 11 8
block 20 8
block 21 8
block 22 8
block 23 8
block 20 9
block 21 9
block 22 9
block 23 9
block 20 10
block 21 10
block 22 10
block 23 10
block 29 15
block 30 15
block 31 15
block 29 16
block 30 16
block 31 16
block 29 17
block 30 17
block 31 17
block 0 18
block 1 18
block 2 18
block 3 18
block 29 18
block 30 18
block 31 18
block 0 19
block 1 19
block 2 19
block 3 19
block 21 19
block 22 19
block 23 19
block 29 19
block 30 19
block 31 19
block 0 20
block 1 20
block 2 20
block 3 20
block 21 20
block 22 20
block 23 20
block 0 21
block 1 21
block 2 21
block 3 21
block 21 21
block 22 21
block 23 21
block 41 21
block 42 21
block 43 21
block 44 21
block 45 21
block 21 22
block 22 22
block 23 22
block 41 22
block 42 22
block 43 22
block 44 22
block 45 22
block 21 23
block 22 23
block 23 23
block 41 23
block 42 23
block 43 23
block 44 23
block 45 23
block 21 24
block 22 24
block 23 24
block 41 24
block 42 24
block 43 24
block 44 24
block 45 24
block 18 25
block 19 25
block 20 25
block 21 25
block 22 25
block 23 25
block 29 25
block 30 25
block 31 25
block 32 25
block 33 25
block 41 25
block 42 25
block 43 25
block 44 25
block 45 25
block 18 26
block 19 26
block 20 26
block 21 26
block 22 26
block 23 26
block 29 26
block 30 26
block 31 26
block 32 26
block 33 26
block 18 27
block 19 27
block 20 27
block 21 27
block 22 27
block 23 27
block 29 27
block 30 27
block 31 27
block 32 27
block 33 27
block 18 28
block 19 28
block 20 28
block 21 28
block 22 28
block 23 28
block 29 28
block 30 28
block 31 28
block 32 28
block 33 28
block 0 29
block 1 29
block 2 29
block 3 29
block 29 29
block 30 29
block 31 29
block 32 29
block 33 29
block 50 29
block 51 29
block 52 29
block 0 30
block 1 30
block 2 30
block 3 30
block 29 30
block 30 30
block 31 30
block 32 30
block 33 30
block 50 30
block 51 30
block 52 30
block 29 31
block 30 31
block 31 31
block 32 31
block 33 31
block 31 34
block 32 34
block 33 34
block 34 34
block 35 34
block 36 34
block 37 34
##BotsAndCoinsInfo
bot_name 0 starter-bot
bot 0 13 23
bot_coins 0 0
coin 34 33
coin 18 1
round 1
round 2
round 3
round 4
round 5
coin 5 24
coin 47 10
round 6
round 7
round 8
round 9
round 10
coin 19 24
coin 33 10
round 11
round 12
match_over 0
round 13
