match
match_id 1639175687975_fw
match_time 1639175687977
num_bots 1
##MatchConfig
mode FRIENDLY
num_rounds 200
random_seed 42
move_time_limit 1000
coin_spawn_period 5
coin_spawn_volume 2
##MapConfig
map_size 52 29
view_radius 6
mining_radius 1
attack_radius 3
block 0 0
block 1 0
block 2 0
block 3 0
block 4 0
block 5 0
block 35 0
block 36 0
block 37 0
block 38 0
block 39 0
block 51 0
block 0 1
block 1 1
block 2 1
block 3 1
block 4 1
block 5 1
block 35 1
block 36 1
block 37 1
block 38 1
block 39 1
block 51 1
block 35 2
block 36 2
block 37 2
block 38 2
block 39 2
block 40 5
block 41 5
block 42 5
block 43 5
block 44 5
block 26 6
block 27 6
block 28 6
block 40 6
block 41 6
block 42 6
block 43 6
block 44 6
block 26 7
block 27 7
block 28 7
block 38 7
block 39 7
block 40 7
block 41 7
block 42 7
block 43 7
block 44 7
block 12 8
block 13 8
block 14 8
block 15 8
block 26 8
block 27 8
block 28 8
block 38 8
block 39 8
block 40 8
block 41 8
block 42 8
block 43 8
block 44 8
block 12 9
block 13 9
block 14 9
block 15 9
block 24 9
block 25 9
block 26 9
block 27 9
block 28 9
block 38 9
block 39 9
block 40 9
block 41 9
block 42 9
block 43 9
block 44 9
block 11 10
block 12 10
block 13 10
block 14 10
block 15 10
block 24 10
block 25 10
block 26 10
block 27 10
block 28 10
block 40 10
block 41 10
block 42 10
block 43 10
block 44 10
block 11 11
block 12 11
block 13 11
block 14 11
block 15 11
block 24 11
block 25 11
block 40 11
block 41 11
block 42 11
block 43 11
block 44 11
block 11 12
block 12 12
block 13 12
block 14 12
block 15 12
block 43 12
block 44 12
block 11 13
block 12 13
block 13 13
block 14 13
block 15 13
block 43 13
block 44 13
block 11 14
block 12 14
block 13 14
block 14 14
block 15 14
block 43 14
block 44 14
block 43 15
block 44 15
block 43 16
block 44 16
block 7 17
block 8 17
block 16 17
block 17 17
block 18 17
block 19 17
block 20 17
block 21 17
block 43 17
block 44 17
block 7 18
block 8 18
block 16 18
block 17 18
block 18 18
block 19 18
block 20 18
block 21 18
block 25 20
block 26 20
block 27 20
block 28 20
block 29 20
block 25 21
block 26 21
block 27 21
block 28 21
block 29 21
block 25 22
block 26 22
block 27 22
block 28 22
block 29 22
block 44 22
block 45 22
block 46 22
block 47 22
block 44 23
block 45 23
block 46 23
block 47 23
block 2 24
block 3 24
block 4 24
block 5 24
block 6 24
block 7 24
block 8 24
block 44 24
block 45 24
block 46 24
block 47 24
block 2 25
block 3 25
block 4 25
block 5 25
block 6 25
block 7 25
block 8 25
block 20 25
block 21 25
block 22 25
block 23 25
block 44 25
block 45 25
block 46 25
block 47 25
block 20 26
block 21 26
block 22 26
block 23 26
block 35 26
block 36 26
block 37 26
block 38 26
block 39 26
block 44 26
block 45 26
block 46 26
block 47 26
block 0 27
block 20 27
block 21 27
block 22 27
block 23 27
block 35 27
block 36 27
block 37 27
block 38 27
block 39 27
block 44 27
block 45 27
block 46 27
block 47 27
block 51 27
block 0 28
block 1 28
block 2 28
block 3 28
block 4 28
block 5 28
block 20 28
block 21 28
block 22 28
block 23 28
block 35 28
block 36 28
block 37 28
block 38 28
block 39 28
block 51 28
##BotsAndCoinsInfo
bot_name 0 starter-bot
bot 0 12 23
bot_coins 0 0
coin 25 8
coin 26 19
round 1
bot 0 12 24
round 2
bot 0 12 25
round 3
bot 0 12 26
round 4
bot 0 12 27
round 5
bot 0 12 28
coin 48 15
coin 3 13
round 6
bot 0 12 0
round 7
bot 0 11 28
round 8
bot 0 11 27
round 9
bot 0 11 26
round 10
bot 0 11 25
coin 26 23
coin 25 5
round 11
bot 0 11 24
round 12
bot 0 11 23
round 13
bot 0 11 22
round 14
bot 0 11 21
round 15
bot 0 11 20
coin 13 7
coin 38 21
round 16
bot 0 11 19
round 17
bot 0 11 18
round 18
bot 0 11 17
round 19
bot 0 11 16
round 20
bot 0 11 15
coin 3 26
coin 48 2
round 21
round 22
round 23
round 24
round 25
coin 27 23
coin 24 5
round 26
round 27
round 28
round 29
round 30
coin 8 15
coin 42 13
round 31
round 32
round 33
round 34
round 35
coin 20 20
coin 31 8
round 36
round 37
round 38
round 39
round 40
coin 48 1
coin 3 27
round 41
round 42
round 43
round 44
round 45
coin 11 2
coin 40 26
round 46
round 47
round 48
round 49
round 50
coin 40 27
coin 11 1
round 51
round 52
round 53
round 54
round 55
coin 26 18
coin 26 11
round 56
round 57
round 58
round 59
round 60
coin 51 19
coin 0 9
round 61
round 62
round 63
round 64
round 65
coin 37 8
coin 14 20
round 66
round 67
round 68
round 69
round 70
coin 19 11
coin 32 17
round 71
round 72
round 73
round 74
round 75
coin 38 3
coin 13 25
round 76
round 77
round 78
round 79
round 80
coin 18 16
coin 33 12
round 81
round 82
round 83
round 84
round 85
coin 33 8
coin 18 20
round 86
round 87
round 88
round 89
round 90
coin 32 27
coin 19 1
round 91
round 92
round 93
round 94
round 95
coin 41 22
coin 10 6
round 96
round 97
round 98
round 99
round 100
coin 31 22
coin 20 6
round 101
round 102
round 103
round 104
round 105
coin 48 23
coin 3 5
round 106
round 107
round 108
round 109
round 110
coin 15 15
coin 36 13
round 111
round 112
round 113
round 114
round 115
coin 3 2
coin 48 26
round 116
round 117
round 118
round 119
round 120
coin 1 14
coin 50 14
round 121
round 122
round 123
round 124
round 125
coin 9 2
coin 42 26
round 126
round 127
round 128
round 129
round 130
coin 42 12
coin 9 16
round 131
round 132
round 133
round 134
round 135
coin 40 19
coin 11 9
round 136
round 137
round 138
round 139
round 140
coin 25 23
coin 26 5
round 141
round 142
round 143
round 144
round 145
coin 49 5
coin 2 23
round 146
round 147
round 148
round 149
round 150
coin 45 6
coin 6 22
round 151
round 152
round 153
round 154
round 155
coin 32 20
coin 19 8
round 156
round 157
round 158
round 159
round 160
coin 50 13
coin 1 15
round 161
round 162
round 163
round 164
round 165
coin 48 25
coin 3 3
round 166
round 167
round 168
round 169
round 170
coin 35 5
coin 16 23
round 171
round 172
round 173
round 174
round 175
coin 6 18
coin 45 10
round 176
round 177
round 178
round 179
round 180
coin 13 5
coin 38 23
round 181
round 182
round 183
round 184
round 185
coin 13 24
coin 38 4
round 186
round 187
round 188
round 189
round 190
coin 42 4
coin 9 24
round 191
round 192
round 193
round 194
round 195
coin 29 11
coin 22 17
round 196
round 197
round 198
round 199
round 200
coin 40 4
coin 11 24
match_over 0
