match
match_id 1639174714157_et
match_time 1639174714159
num_bots 1
##MatchConfig
mode FRIENDLY
num_rounds 200
random_seed 42
move_time_limit 1000
coin_spawn_period 5
coin_spawn_volume 2
##MapConfig
map_size 61 29
view_radius 5
mining_radius 1
attack_radius 3
block 20 0
block 21 0
block 22 0
block 23 0
block 24 0
block 34 0
block 35 0
block 47 0
block 48 0
block 49 0
block 50 0
block 51 0
block 20 1
block 21 1
block 22 1
block 23 1
block 24 1
block 47 1
block 48 1
block 49 1
block 50 1
block 51 1
block 58 1
block 59 1
block 8 2
block 9 2
block 10 2
block 11 2
block 17 2
block 18 2
block 19 2
block 20 2
block 24 2
block 25 2
block 26 2
block 27 2
block 28 2
block 29 2
block 30 2
block 47 2
block 48 2
block 49 2
block 50 2
block 51 2
block 58 2
block 59 2
block 8 3
block 9 3
block 10 3
block 11 3
block 17 3
block 18 3
block 19 3
block 20 3
block 24 3
block 25 3
block 26 3
block 27 3
block 28 3
block 29 3
block 30 3
block 46 3
block 47 3
block 48 3
block 49 3
block 50 3
block 51 3
block 58 3
block 59 3
block 8 4
block 9 4
block 10 4
block 11 4
block 17 4
block 18 4
block 19 4
block 20 4
block 46 4
block 47 4
block 48 4
block 49 4
block 50 4
block 51 4
block 58 4
block 59 4
block 8 5
block 9 5
block 10 5
block 11 5
block 17 5
block 18 5
block 19 5
block 20 5
block 34 5
block 35 5
block 36 5
block 37 5
block 38 5
block 39 5
block 40 5
block 46 5
block 47 5
block 48 5
block 49 5
block 50 5
block 51 5
block 58 5
block 59 5
block 8 6
block 9 6
block 10 6
block 11 6
block 17 6
block 18 6
block 19 6
block 20 6
block 34 6
block 35 6
block 36 6
block 37 6
block 38 6
block 39 6
block 40 6
block 46 6
block 47 6
block 48 6
block 49 6
block 50 6
block 51 6
block 8 7
block 9 7
block 10 7
block 11 7
block 34 7
block 35 7
block 36 7
block 37 7
block 38 7
block 39 7
block 40 7
block 46 7
block 47 7
block 48 7
block 49 7
block 50 7
block 51 7
block 2 8
block 3 8
block 8 8
block 9 8
block 10 8
block 11 8
block 16 8
block 17 8
block 18 8
block 19 8
block 20 8
block 34 8
block 35 8
block 36 8
block 37 8
block 38 8
block 39 8
block 40 8
block 46 8
block 47 8
block 48 8
block 49 8
block 2 9
block 3 9
block 16 9
block 17 9
block 18 9
block 19 9
block 20 9
block 34 9
block 35 9
block 36 9
block 37 9
block 38 9
block 39 9
block 40 9
block 41 9
block 42 9
block 43 9
block 44 9
block 45 9
block 6 10
block 7 10
block 8 10
block 9 10
block 10 10
block 11 10
block 12 10
block 16 10
block 17 10
block 18 10
block 19 10
block 20 10
block 27 10
block 28 10
block 29 10
block 30 10
block 31 10
block 40 10
block 41 10
block 42 10
block 43 10
block 44 10
block 45 10
block 0 11
block 6 11
block 7 11
block 8 11
block 9 11
block 10 11
block 11 11
block 12 11
block 16 11
block 17 11
block 18 11
block 19 11
block 20 11
block 27 11
block 28 11
block 29 11
block 30 11
block 31 11
block 40 11
block 41 11
block 42 11
block 43 11
block 44 11
block 45 11
block 55 11
block 56 11
block 57 11
block 58 11
block 59 11
block 60 11
block 0 12
block 6 12
block 7 12
block 8 12
block 9 12
block 10 12
block 11 12
block 12 12
block 27 12
block 28 12
block 29 12
block 30 12
block 31 12
block 33 12
block 34 12
block 35 12
block 40 12
block 41 12
block 42 12
block 43 12
block 44 12
block 45 12
block 50 12
block 51 12
block 52 12
block 53 12
block 54 12
block 55 12
block 56 12
block 57 12
block 58 12
block 59 12
block 60 12
block 0 13
block 6 13
block 7 13
block 8 13
block 9 13
block 10 13
block 11 13
block 12 13
block 27 13
block 28 13
block 29 13
block 30 13
block 31 13
block 33 13
block 34 13
block 35 13
block 40 13
block 41 13
block 42 13
block 43 13
block 44 13
block 45 13
block 50 13
block 51 13
block 52 13
block 53 13
block 54 13
block 55 13
block 56 13
block 57 13
block 58 13
block 59 13
block 60 13
block 0 14
block 6 14
block 7 14
block 8 14
block 9 14
block 10 14
block 11 14
block 12 14
block 27 14
block 28 14
block 29 14
block 30 14
block 31 14
block 33 14
block 34 14
block 35 14
block 40 14
block 41 14
block 42 14
block 43 14
block 44 14
block 45 14
block 50 14
block 51 14
block 52 14
block 53 14
block 54 14
block 55 14
block 56 14
block 57 14
block 58 14
block 59 14
block 60 14
block 0 15
block 27 15
block 28 15
block 29 15
block 30 15
block 31 15
block 33 15
block 34 15
block 35 15
block 40 15
block 41 15
block 42 15
block 43 15
block 44 15
block 45 15
block 50 15
block 51 15
block 52 15
block 53 15
block 54 15
block 55 15
block 56 15
block 57 15
block 58 15
block 59 15
block 60 15
block 33 16
block 34 16
block 35 16
block 46 16
block 47 16
block 48 16
block 49 16
block 50 16
block 51 16
block 56 16
block 57 16
block 58 16
block 59 16
block 46 17
block 47 17
block 48 17
block 49 17
block 50 17
block 51 17
block 56 17
block 57 17
block 58 17
block 59 17
block 31 19
block 32 19
block 33 19
block 50 19
block 51 19
block 55 19
block 56 19
block 57 19
block 31 20
block 32 20
block 33 20
block 50 20
block 51 20
block 55 20
block 56 20
block 57 20
block 31 21
block 32 21
block 33 21
block 50 21
block 51 21
block 55 21
block 56 21
block 57 21
block 9 22
block 10 22
block 11 22
block 12 22
block 13 22
block 14 22
block 15 22
block 31 22
block 32 22
block 33 22
block 44 22
block 45 22
block 46 22
block 47 22
block 48 22
block 50 22
block 51 22
block 55 22
block 56 22
block 57 22
block 9 23
block 10 23
block 11 23
block 12 23
block 13 23
block 14 23
block 15 23
block 31 23
block 32 23
block 33 23
block 44 23
block 45 23
block 46 23
block 47 23
block 48 23
block 50 23
block 51 23
block 55 23
block 56 23
block 57 23
block 3 24
block 4 24
block 9 24
block 10 24
block 11 24
block 34 24
block 35 24
block 44 24
block 45 24
block 46 24
block 47 24
block 48 24
block 50 24
block 51 24
block 55 24
block 56 24
block 57 24
block 3 25
block 4 25
block 34 25
block 35 25
block 3 26
block 4 26
block 34 26
block 35 26
block 3 27
block 4 27
block 34 27
block 35 27
block 20 28
block 21 28
block 22 28
block 23 28
block 24 28
block 34 28
block 35 28
##BotsAndCoinsInfo
bot_name 0 starter-bot
bot 0 58 21
bot_coins 0 0
coin 5 9
coin 54 19
round 1
round 2
round 3
round 4
round 5
coin 25 15
coin 36 13
round 6
round 7
round 8
round 9
round 10
coin 8 23
coin 52 5
round 11
round 12
round 13
round 14
round 15
coin 55 8
coin 5 20
round 16
bot 0 58 22
round 17
bot 0 58 23
round 18
bot 0 58 24
round 19
bot 0 58 25
round 20
bot 0 58 26
coin 21 25
coin 39 3
round 21
bot 0 58 27
round 22
bot 0 58 28
round 23
bot 0 57 27
round 24
bot 0 57 26
round 25
coin 38 22
coin 22 6
round 26
round 27
match_over 0
round 28
