match
match_id 1639216653914_no
match_time 1639216653916
num_bots 1
##MatchConfig
mode FRIENDLY
num_rounds 200
random_seed 42
move_time_limit 1000
coin_spawn_period 5
coin_spawn_volume 2
##MapConfig
map_size 48 35
view_radius 6
mining_radius 2
attack_radius 3
block 17 0
block 18 0
block 17 1
block 18 1
block 6 2
block 7 2
block 8 2
block 9 2
block 10 2
block 11 2
block 6 3
block 7 3
block 8 3
block 9 3
block 10 3
block 11 3
block 36 3
block 37 3
block 38 3
block 39 3
block 40 3
block 41 3
block 42 3
block 43 3
block 44 3
block 45 3
block 6 4
block 7 4
block 8 4
block 9 4
block 10 4
block 11 4
block 32 4
block 33 4
block 34 4
block 35 4
block 36 4
block 37 4
block 38 4
block 39 4
block 40 4
block 41 4
block 42 4
block 43 4
block 44 4
block 45 4
block 6 5
block 7 5
block 8 5
block 9 5
block 10 5
block 11 5
block 32 5
block 33 5
block 34 5
block 35 5
block 36 5
block 37 5
block 38 5
block 39 5
block 40 5
block 41 5
block 42 5
block 43 5
block 44 5
block 45 5
block 6 6
block 7 6
block 8 6
block 9 6
block 10 6
block 11 6
block 32 6
block 33 6
block 34 6
block 35 6
block 36 6
block 37 6
block 38 6
block 39 6
block 40 6
block 41 6
block 42 6
block 43 6
block 44 6
block 45 6
block 25 7
block 26 7
block 27 7
block 28 7
block 29 7
block 36 7
block 37 7
block 38 7
block 39 7
block 40 7
block 41 7
block 42 7
block 43 7
block 44 7
block 45 7
block 25 8
block 26 8
block 27 8
block 28 8
block 29 8
block 36 8
block 37 8
block 38 8
block 39 8
block 40 8
block 41 8
block 42 8
block 25 9
block 26 9
block 27 9
block 28 9
block 29 9
block 36 9
block 37 9
block 38 9
block 39 9
block 40 9
block 41 9
block 42 9
block 25 10
block 26 10
block 27 10
block 28 10
block 29 10
block 1 11
block 2 11
block 3 11
block 4 11
block 5 11
block 6 11
block 7 11
block 9 11
block 10 11
block 11 11
block 12 11
block 13 11
block 14 11
block 25 11
block 26 11
block 27 11
block 28 11
block 29 11
block 1 12
block 2 12
block 3 12
block 4 12
block 5 12
block 6 12
block 7 12
block 9 12
block 10 12
block 11 12
block 12 12
block 13 12
block 14 12
block 25 12
block 26 12
block 27 12
block 28 12
block 29 12
block 39 12
block 40 12
block 41 12
block 42 12
block 1 13
block 2 13
block 3 13
block 4 13
block 5 13
block 6 13
block 7 13
block 39 13
block 40 13
block 41 13
block 42 13
block 1 14
block 2 14
block 3 14
block 4 14
block 5 14
block 6 14
block 7 14
block 39 14
block 40 14
block 41 14
block 42 14
block 1 15
block 2 15
block 3 15
block 4 15
block 5 15
block 6 15
block 7 15
block 39 15
block 40 15
block 41 15
block 42 15
block 1 16
block 2 16
block 3 16
block 4 16
block 5 16
block 6 16
block 7 16
block 9 16
block 10 16
block 11 16
block 12 16
block 13 16
block 14 16
block 39 16
block 40 16
block 41 16
block 42 16
block 1 17
block 2 17
block 3 17
block 4 17
block 5 17
block 6 17
block 7 17
block 9 17
block 10 17
block 11 17
block 12 17
block 13 17
block 14 17
block 33 17
block 34 17
block 35 17
block 36 17
block 37 17
block 38 17
block 39 17
block 9 18
block 10 18
block 11 18
block 12 18
block 13 18
block 14 18
block 33 18
block 34 18
block 35 18
block 36 18
block 37 18
block 38 18
block 39 18
block 40 18
block 9 19
block 10 19
block 11 19
block 12 19
block 13 19
block 14 19
block 32 19
block 33 19
block 34 19
block 35 19
block 36 19
block 37 19
block 38 19
block 39 19
block 40 19
block 9 20
block 10 20
block 11 20
block 12 20
block 13 20
block 14 20
block 32 20
block 33 20
block 34 20
block 35 20
block 36 20
block 37 20
block 38 20
block 39 20
block 40 20
block 9 21
block 10 21
block 11 21
block 12 21
block 13 21
block 14 21
block 32 21
block 33 21
block 9 22
block 10 22
block 11 22
block 12 22
block 13 22
block 14 22
block 20 22
block 21 22
block 32 22
block 33 22
block 20 23
block 21 23
block 32 23
block 33 23
block 36 23
block 37 23
block 38 23
block 39 23
block 40 23
block 41 23
block 20 24
block 21 24
block 32 24
block 33 24
block 36 24
block 37 24
block 38 24
block 39 24
block 40 24
block 41 24
block 42 24
block 20 25
block 21 25
block 32 25
block 33 25
block 36 25
block 37 25
block 38 25
block 39 25
block 40 25
block 41 25
block 42 25
block 20 26
block 21 26
block 36 26
block 37 26
block 38 26
block 39 26
block 40 26
block 41 26
block 42 26
block 24 27
block 25 27
block 26 27
block 36 27
block 37 27
block 38 27
block 39 27
block 40 27
block 41 27
block 24 28
block 25 28
block 26 28
block 24 29
block 25 29
block 26 29
block 24 30
block 25 30
block 26 30
block 24 31
block 25 31
block 26 31
block 44 31
block 45 31
block 46 31
block 47 31
block 24 32
block 25 32
block 26 32
block 44 32
block 45 32
block 46 32
block 47 32
##BotsAndCoinsInfo
bot_name 0 starter-bot
bot 0 45 26
bot_coins 0 0
coin 26 33
coin 21 1
round 1
bot 0 45 27
round 2
bot 0 45 28
round 3
bot 0 45 29
round 4
bot 0 45 30
round 5
coin 0 24
coin 47 10
round 6
round 7
round 8
round 9
round 10
coin 18 25
coin 30 9
round 11
round 12
round 13
round 14
round 15
coin 17 3
coin 30 31
round 16
round 17
round 18
round 19
round 20
coin 31 3
coin 16 31
round 21
round 22
round 23
round 24
round 25
coin 14 32
coin 33 2
round 26
round 27
round 28
round 29
round 30
coin 12 7
coin 35 27
round 31
round 32
round 33
round 34
round 35
coin 44 17
coin 3 18
round 36
round 37
round 38
round 39
round 40
coin 24 5
coin 23 29
round 41
round 42
round 43
round 44
round 45
coin 7 9
coin 42 23
round 46
round 47
round 48
round 49
round 50
coin 8 8
coin 39 28
round 51
round 52
round 53
round 54
round 55
coin 26 23
coin 21 11
round 56
round 57
round 58
round 59
round 60
coin 11 15
coin 36 21
round 61
round 62
round 63
round 64
round 65
coin 46 3
coin 1 31
round 66
round 67
round 68
round 69
round 70
coin 43 26
coin 4 8
round 71
round 72
round 73
round 74
round 75
coin 10 7
coin 37 28
round 76
round 77
round 78
round 79
round 80
coin 14 10
coin 34 24
round 81
round 82
round 83
round 84
round 85
coin 41 32
coin 5 2
round 86
round 87
round 88
round 89
round 90
coin 12 33
coin 35 1
round 91
round 92
round 93
round 94
round 95
coin 25 34
coin 22 0
round 96
round 97
round 98
round 99
round 100
coin 12 5
coin 35 29
round 101
round 102
round 103
round 104
round 105
coin 47 7
coin 0 27
round 106
round 107
round 108
round 109
round 110
coin 23 14
coin 24 20
round 111
round 112
round 113
round 114
round 115
coin 7 30
coin 40 2
round 116
round 117
round 118
round 119
round 120
coin 13 3
coin 34 31
round 121
round 122
round 123
round 124
round 125
coin 25 0
coin 22 34
round 126
round 127
round 128
round 129
round 130
coin 38 1
coin 9 33
round 131
round 132
round 133
round 134
round 135
coin 8 0
coin 39 34
round 136
round 137
round 138
round 139
round 140
coin 0 14
coin 47 20
round 141
round 142
round 143
round 144
round 145
coin 21 3
coin 27 31
round 146
round 147
round 148
round 149
round 150
coin 25 19
coin 22 15
round 151
round 152
round 153
round 154
round 155
coin 32 16
coin 15 18
round 156
round 157
round 158
round 159
round 160
coin 38 10
coin 9 24
round 161
round 162
round 163
round 164
round 165
coin 14 4
coin 33 30
round 166
round 167
round 168
round 169
round 170
coin 15 19
coin 32 15
round 171
round 172
round 173
round 174
round 175
coin 22 1
coin 25 33
round 176
round 177
round 178
round 179
round 180
coin 13 14
coin 34 21
round 181
round 182
round 183
round 184
round 185
coin 37 33
coin 10 1
round 186
round 187
round 188
round 189
round 190
coin 26 0
coin 21 34
round 191
round 192
round 193
round 194
round 195
coin 17 28
coin 30 6
round 196
round 197
round 198
round 199
round 200
coin 23 28
coin 24 6
match_over 0
