match
match_id 1639213840734_ks
match_time 1639213840739
num_bots 1
##MatchConfig
mode FRIENDLY
num_rounds 200
random_seed 42
move_time_limit 1000
coin_spawn_period 5
coin_spawn_volume 2
##MapConfig
map_size 64 38
view_radius 5
mining_radius 1
attack_radius 4
block 4 0
block 5 0
block 38 0
block 39 0
block 40 0
block 41 0
block 42 0
block 4 1
block 5 1
block 38 1
block 39 1
block 40 1
block 41 1
block 42 1
block 4 2
block 5 2
block 4 3
block 5 3
block 57 3
block 58 3
block 59 3
block 4 4
block 5 4
block 10 4
block 11 4
block 12 4
block 13 4
block 14 4
block 15 4
block 16 4
block 51 4
block 52 4
block 53 4
block 54 4
block 55 4
block 57 4
block 58 4
block 59 4
block 10 5
block 11 5
block 12 5
block 13 5
block 14 5
block 15 5
block 16 5
block 51 5
block 52 5
block 53 5
block 54 5
block 55 5
block 57 5
block 58 5
block 59 5
block 10 6
block 11 6
block 12 6
block 13 6
block 14 6
block 15 6
block 16 6
block 51 6
block 52 6
block 53 6
block 54 6
block 55 6
block 57 6
block 58 6
block 59 6
block 51 7
block 52 7
block 53 7
block 54 7
block 55 7
block 57 7
block 58 7
block 59 7
block 51 8
block 52 8
block 53 8
block 54 8
block 55 8
block 57 8
block 58 8
block 59 8
block 51 9
block 52 9
block 53 9
block 54 9
block 55 9
block 6 18
block 7 18
block 8 18
block 6 19
block 7 19
block 8 19
block 6 20
block 7 20
block 8 20
block 9 20
block 10 20
block 11 20
block 7 21
block 8 21
block 9 21
block 10 21
block 11 21
block 59 31
block 60 31
block 61 31
block 62 31
block 63 31
block 23 32
block 24 32
block 25 32
block 26 32
block 27 32
block 28 32
block 29 32
block 59 32
block 60 32
block 61 32
block 62 32
block 63 32
block 0 33
block 1 33
block 2 33
block 3 33
block 4 33
block 23 33
block 24 33
block 25 33
block 26 33
block 27 33
block 28 33
block 29 33
block 38 33
block 39 33
block 40 33
block 41 33
block 42 33
block 59 33
block 60 33
block 61 33
block 62 33
block 63 33
block 0 34
block 1 34
block 2 34
block 3 34
block 4 34
block 23 34
block 24 34
block 25 34
block 26 34
block 27 34
block 28 34
block 29 34
block 38 34
block 39 34
block 40 34
block 41 34
block 42 34
block 62 34
block 63 34
block 0 35
block 1 35
block 2 35
block 3 35
block 4 35
block 23 35
block 24 35
block 25 35
block 26 35
block 27 35
block 28 35
block 29 35
block 38 35
block 39 35
block 40 35
block 41 35
block 42 35
block 62 35
block 63 35
block 4 36
block 5 36
block 38 36
block 39 36
block 40 36
block 41 36
block 42 36
block 4 37
block 5 37
block 38 37
block 39 37
block 40 37
block 41 37
block 42 37
##BotsAndCoinsInfo
bot_name 0 starter-bot
bot 0 44 0
bot_coins 0 0
coin 46 9
coin 17 28
round 1
bot 0 44 37
round 2
bot 0 44 36
round 3
bot 0 44 35
round 4
bot 0 44 34
round 5
bot 0 44 33
coin 43 6
coin 20 31
round 6
bot 0 44 32
round 7
bot 0 44 31
round 8
bot 0 44 30
round 9
bot 0 44 29
round 10
bot 0 44 28
coin 19 15
coin 44 22
round 11
bot 0 44 27
round 12
bot 0 44 26
round 13
bot 0 44 25
round 14
bot 0 44 24
round 15
bot 0 44 23
coin_collected 44 22 0
bot_coins 0 1
coin 17 27
coin 46 10
round 16
bot 0 44 22
round 17
bot 0 44 21
round 18
bot 0 44 20
round 19
bot 0 44 19
round 20
bot 0 44 18
coin 42 17
coin 21 20
round 21
bot 0 44 17
round 22
bot 0 44 16
round 23
bot 0 44 15
round 24
bot 0 44 14
round 25
bot 0 44 13
coin 57 14
coin 6 23
round 26
bot 0 44 12
round 27
bot 0 44 11
round 28
bot 0 44 10
round 29
bot 0 44 9
round 30
bot 0 44 8
coin 22 34
coin 41 3
round 31
bot 0 44 7
round 32
bot 0 44 6
coin_collected 43 6 0
bot_coins 0 2
round 33
bot 0 44 5
round 34
bot 0 44 4
round 35
bot 0 44 3
coin 17 36
coin 46 1
round 36
bot 0 44 2
round 37
bot 0 44 1
round 38
bot 0 44 0
round 39
bot 0 44 37
round 40
bot 0 44 36
coin 29 36
coin 34 1
round 41
bot 0 44 35
round 42
bot 0 44 34
round 43
bot 0 44 33
round 44
bot 0 44 32
round 45
bot 0 44 31
coin 50 37
coin 13 0
round 46
bot 0 44 30
round 47
bot 0 44 29
round 48
bot 0 44 28
round 49
bot 0 44 27
round 50
bot 0 44 26
coin 58 13
coin 5 24
round 51
bot 0 44 25
round 52
bot 0 44 24
round 53
bot 0 44 23
round 54
bot 0 44 22
round 55
bot 0 44 21
coin 27 7
coin 36 30
round 56
bot 0 44 20
round 57
bot 0 44 19
round 58
bot 0 44 18
round 59
bot 0 44 17
round 60
bot 0 44 16
coin 47 13
coin 16 24
round 61
bot 0 44 15
round 62
bot 0 44 14
round 63
bot 0 44 13
round 64
bot 0 44 12
round 65
bot 0 44 11
coin 24 6
coin 39 31
round 66
bot 0 44 10
round 67
bot 0 44 9
round 68
bot 0 44 8
round 69
bot 0 44 7
round 70
bot 0 44 6
coin 11 22
coin 52 15
round 71
bot 0 44 5
round 72
bot 0 44 4
round 73
bot 0 44 3
round 74
bot 0 44 2
round 75
bot 0 44 1
coin 38 4
coin 25 31
round 76
bot 0 44 0
round 77
bot 0 44 37
round 78
bot 0 44 36
round 79
bot 0 44 35
round 80
bot 0 44 34
coin 13 33
coin 50 4
round 81
bot 0 44 33
round 82
bot 0 44 32
round 83
bot 0 44 31
round 84
bot 0 44 30
round 85
bot 0 44 29
coin 52 37
coin 11 0
round 86
bot 0 44 28
round 87
bot 0 44 27
round 88
bot 0 44 26
round 89
bot 0 44 25
round 90
bot 0 44 24
coin 11 17
coin 52 20
round 91
bot 0 44 23
round 92
bot 0 44 22
round 93
bot 0 44 21
round 94
bot 0 44 20
round 95
bot 0 44 19
coin 37 6
coin 26 31
round 96
bot 0 44 18
round 97
bot 0 44 17
round 98
bot 0 44 16
round 99
bot 0 44 15
round 100
bot 0 44 14
coin 48 31
coin 15 7
round 101
bot 0 44 13
round 102
bot 0 44 12
round 103
bot 0 44 11
round 104
bot 0 44 10
round 105
bot 0 44 9
coin 36 11
coin 27 26
round 106
bot 0 44 8
round 107
bot 0 44 7
round 108
bot 0 44 6
round 109
bot 0 44 5
round 110
bot 0 44 4
coin 37 10
coin 26 27
round 111
bot 0 44 3
round 112
bot 0 44 2
round 113
bot 0 44 1
round 114
bot 0 44 0
round 115
bot 0 44 37
coin 48 23
coin 15 14
round 116
bot 0 44 36
round 117
bot 0 44 35
round 118
bot 0 44 34
round 119
bot 0 44 33
round 120
bot 0 44 32
coin 2 36
coin 61 1
round 121
bot 0 44 31
round 122
bot 0 44 30
round 123
bot 0 44 29
round 124
bot 0 44 28
round 125
bot 0 44 27
coin 22 6
coin 41 31
round 126
bot 0 44 26
round 127
bot 0 44 25
round 128
bot 0 44 24
round 129
bot 0 44 23
round 130
bot 0 44 22
coin 52 12
coin 11 25
round 131
bot 0 44 21
round 132
bot 0 44 20
round 133
bot 0 44 19
round 134
bot 0 44 18
round 135
bot 0 44 17
coin 26 4
coin 37 33
round 136
bot 0 44 16
round 137
bot 0 44 15
round 138
bot 0 44 14
round 139
bot 0 44 13
round 140
bot 0 44 12
coin 62 21
coin 1 16
round 141
bot 0 44 11
round 142
bot 0 44 10
round 143
bot 0 44 9
round 144
bot 0 44 8
round 145
bot 0 44 7
coin 45 35
coin 18 2
round 146
bot 0 44 6
round 147
bot 0 44 5
round 148
bot 0 44 4
round 149
bot 0 44 3
round 150
bot 0 44 2
coin 30 31
coin 33 6
round 151
bot 0 44 1
round 152
bot 0 44 0
round 153
bot 0 44 37
round 154
bot 0 44 36
round 155
bot 0 44 35
coin_collected 45 35 0
bot_coins 0 3
coin 18 7
coin 45 30
round 156
bot 0 44 34
round 157
bot 0 44 33
round 158
bot 0 44 32
round 159
bot 0 44 31
round 160
bot 0 44 30
coin_collected 45 30 0
bot_coins 0 4
coin 60 34
coin 3 3
round 161
bot 0 44 29
round 162
bot 0 44 28
round 163
bot 0 44 27
round 164
bot 0 44 26
round 165
bot 0 44 25
coin 52 21
coin 11 16
round 166
bot 0 44 24
round 167
bot 0 44 23
round 168
bot 0 44 22
round 169
bot 0 44 21
round 170
bot 0 44 20
coin 40 17
coin 23 20
round 171
bot 0 44 19
round 172
bot 0 44 18
round 173
bot 0 44 17
round 174
bot 0 44 16
round 175
bot 0 44 15
coin 23 3
coin 40 32
round 176
bot 0 44 14
round 177
bot 0 44 13
round 178
bot 0 44 12
round 179
bot 0 44 11
round 180
bot 0 44 10
coin 23 23
coin 40 14
round 181
bot 0 44 9
round 182
bot 0 44 8
round 183
bot 0 44 7
round 184
bot 0 44 6
round 185
bot 0 44 5
coin 27 9
coin 36 28
round 186
bot 0 44 4
round 187
bot 0 44 3
round 188
bot 0 44 2
round 189
bot 0 44 1
round 190
bot 0 44 0
coin 29 14
coin 34 23
round 191
bot 0 44 37
round 192
bot 0 44 36
round 193
bot 0 44 35
round 194
bot 0 44 34
round 195
bot 0 44 33
coin 30 35
coin 33 2
round 196
bot 0 44 32
round 197
bot 0 44 31
round 198
bot 0 44 30
round 199
bot 0 44 29
round 200
bot 0 44 28
coin 30 2
coin 33 35
match_over 0
