match
match_id 1639168622938_bq
match_time 1639168622942
num_bots 1
##MatchConfig
mode FRIENDLY
num_rounds 200
random_seed 42
move_time_limit 1000
coin_spawn_period 5
coin_spawn_volume 2
##MapConfig
map_size 70 33
view_radius 6
mining_radius 1
attack_radius 3
block 51 0
block 52 0
block 53 0
block 54 0
block 22 1
block 23 1
block 24 1
block 25 1
block 26 1
block 27 1
block 28 1
block 20 2
block 21 2
block 22 2
block 23 2
block 24 2
block 25 2
block 26 2
block 27 2
block 28 2
block 20 3
block 21 3
block 22 3
block 23 3
block 24 3
block 25 3
block 26 3
block 27 3
block 28 3
block 20 4
block 21 4
block 22 4
block 23 4
block 24 4
block 25 4
block 26 4
block 27 4
block 28 4
block 20 5
block 21 5
block 22 5
block 20 6
block 21 6
block 22 6
block 42 10
block 43 10
block 44 10
block 45 10
block 46 10
block 62 10
block 63 10
block 64 10
block 65 10
block 66 10
block 67 10
block 42 11
block 43 11
block 44 11
block 45 11
block 46 11
block 62 11
block 63 11
block 64 11
block 65 11
block 66 11
block 67 11
block 17 12
block 18 12
block 19 12
block 20 12
block 21 12
block 22 12
block 23 12
block 42 12
block 43 12
block 44 12
block 45 12
block 46 12
block 62 12
block 63 12
block 64 12
block 65 12
block 66 12
block 67 12
block 17 13
block 18 13
block 19 13
block 20 13
block 21 13
block 22 13
block 23 13
block 42 13
block 43 13
block 44 13
block 45 13
block 46 13
block 51 13
block 52 13
block 53 13
block 54 13
block 55 13
block 56 13
block 62 13
block 63 13
block 64 13
block 65 13
block 66 13
block 67 13
block 3 14
block 4 14
block 17 14
block 18 14
block 19 14
block 20 14
block 21 14
block 22 14
block 23 14
block 42 14
block 43 14
block 44 14
block 45 14
block 46 14
block 51 14
block 52 14
block 53 14
block 54 14
block 55 14
block 56 14
block 62 14
block 63 14
block 64 14
block 65 14
block 66 14
block 67 14
block 3 15
block 4 15
block 17 15
block 18 15
block 19 15
block 20 15
block 21 15
block 22 15
block 23 15
block 24 15
block 45 15
block 46 15
block 47 15
block 48 15
block 51 15
block 52 15
block 53 15
block 54 15
block 55 15
block 56 15
block 62 15
block 63 15
block 64 15
block 65 15
block 66 15
block 67 15
block 3 16
block 4 16
block 17 16
block 18 16
block 19 16
block 20 16
block 21 16
block 22 16
block 23 16
block 24 16
block 45 16
block 46 16
block 47 16
block 48 16
block 51 16
block 52 16
block 53 16
block 54 16
block 55 16
block 56 16
block 3 17
block 4 17
block 17 17
block 18 17
block 19 17
block 20 17
block 21 17
block 22 17
block 23 17
block 35 17
block 36 17
block 37 17
block 3 18
block 4 18
block 35 18
block 36 18
block 37 18
block 3 19
block 4 19
block 35 19
block 36 19
block 37 19
block 3 20
block 4 20
block 35 20
block 36 20
block 37 20
block 35 21
block 36 21
block 37 21
block 35 22
block 36 22
block 37 22
block 5 25
block 6 25
block 7 25
block 8 25
block 9 25
block 5 26
block 6 26
block 7 26
block 8 26
block 9 26
block 10 26
block 11 26
block 12 26
block 27 26
block 28 26
block 29 26
block 30 26
block 31 26
block 32 26
block 5 27
block 6 27
block 7 27
block 8 27
block 9 27
block 10 27
block 11 27
block 12 27
block 27 27
block 28 27
block 29 27
block 30 27
block 31 27
block 32 27
block 54 27
block 55 27
block 8 28
block 9 28
block 10 28
block 11 28
block 12 28
block 27 28
block 28 28
block 29 28
block 30 28
block 31 28
block 32 28
block 54 28
block 55 28
block 8 29
block 9 29
block 10 29
block 11 29
block 12 29
block 54 29
block 55 29
block 8 30
block 9 30
block 10 30
block 11 30
block 12 30
block 51 31
block 52 31
block 53 31
block 54 31
block 51 32
block 52 32
block 53 32
block 54 32
##BotsAndCoinsInfo
bot_name 0 starter-bot
bot 0 43 19
bot_coins 0 0
coin 50 15
coin 19 18
round 1
bot 0 43 20
round 2
bot 0 43 21
round 3
bot 0 43 22
round 4
bot 0 43 23
round 5
bot 0 43 24
coin 48 5
coin 21 27
round 6
bot 0 43 25
round 7
bot 0 43 26
round 8
bot 0 43 27
round 9
bot 0 43 28
round 10
bot 0 43 29
coin 40 19
coin 29 13
round 11
bot 0 43 30
round 12
bot 0 43 31
round 13
bot 0 43 32
round 14
round 15
coin 15 2
coin 54 30
round 16
round 17
round 18
round 19
round 20
coin 69 17
coin 0 15
round 21
round 22
round 23
round 24
round 25
coin 52 29
coin 17 3
round 26
round 27
round 28
round 29
round 30
coin 56 0
coin 13 32
round 31
round 32
round 33
round 34
round 35
coin 36 11
coin 33 21
round 36
round 37
round 38
round 39
round 40
coin 56 9
coin 13 23
round 41
round 42
round 43
round 44
round 45
coin 63 20
coin 6 12
round 46
round 47
round 48
round 49
round 50
coin 40 4
coin 29 29
round 51
round 52
round 53
round 54
round 55
match_over 0
coin 36 9
coin 33 23
round 56
