match
match_id 1639337929358_al
match_time 1639337929361
num_bots 1
##MatchConfig
mode FRIENDLY
num_rounds 200
random_seed 42
move_time_limit 1000
coin_spawn_period 5
coin_spawn_volume 2
##MapConfig
map_size 71 25
view_radius 6
mining_radius 2
attack_radius 4
block 4 0
block 5 0
block 6 0
block 7 0
block 8 0
block 9 0
block 15 0
block 16 0
block 29 0
block 30 0
block 31 0
block 32 0
block 33 0
block 4 1
block 5 1
block 6 1
block 7 1
block 8 1
block 9 1
block 15 1
block 16 1
block 29 1
block 30 1
block 31 1
block 32 1
block 33 1
block 65 1
block 66 1
block 67 1
block 68 1
block 4 2
block 5 2
block 6 2
block 7 2
block 8 2
block 9 2
block 29 2
block 30 2
block 31 2
block 32 2
block 33 2
block 34 2
block 35 2
block 36 2
block 37 2
block 38 2
block 60 2
block 61 2
block 65 2
block 66 2
block 67 2
block 68 2
block 29 3
block 30 3
block 31 3
block 32 3
block 33 3
block 34 3
block 35 3
block 36 3
block 37 3
block 38 3
block 60 3
block 61 3
block 24 4
block 25 4
block 26 4
block 27 4
block 28 4
block 29 4
block 30 4
block 31 4
block 32 4
block 33 4
block 34 4
block 35 4
block 36 4
block 37 4
block 38 4
block 60 4
block 61 4
block 62 4
block 63 4
block 64 4
block 65 4
block 24 5
block 25 5
block 26 5
block 27 5
block 28 5
block 29 5
block 30 5
block 31 5
block 32 5
block 33 5
block 34 5
block 35 5
block 36 5
block 37 5
block 38 5
block 54 5
block 55 5
block 60 5
block 61 5
block 62 5
block 63 5
block 64 5
block 65 5
block 24 6
block 25 6
block 26 6
block 27 6
block 28 6
block 29 6
block 30 6
block 31 6
block 32 6
block 33 6
block 34 6
block 35 6
block 36 6
block 37 6
block 38 6
block 54 6
block 55 6
block 60 6
block 61 6
block 62 6
block 63 6
block 64 6
block 65 6
block 66 6
block 24 7
block 25 7
block 26 7
block 27 7
block 28 7
block 29 7
block 30 7
block 31 7
block 32 7
block 33 7
block 34 7
block 35 7
block 36 7
block 37 7
block 38 7
block 54 7
block 55 7
block 60 7
block 61 7
block 62 7
block 63 7
block 64 7
block 65 7
block 66 7
block 24 8
block 25 8
block 26 8
block 27 8
block 28 8
block 29 8
block 30 8
block 31 8
block 32 8
block 33 8
block 34 8
block 35 8
block 36 8
block 37 8
block 38 8
block 60 8
block 61 8
block 62 8
block 63 8
block 64 8
block 65 8
block 16 9
block 17 9
block 24 9
block 25 9
block 26 9
block 27 9
block 28 9
block 29 9
block 30 9
block 31 9
block 32 9
block 63 9
block 64 9
block 65 9
block 9 10
block 10 10
block 11 10
block 12 10
block 13 10
block 14 10
block 15 10
block 16 10
block 17 10
block 27 10
block 28 10
block 29 10
block 30 10
block 31 10
block 32 10
block 63 10
block 64 10
block 65 10
block 8 11
block 9 11
block 10 11
block 11 11
block 12 11
block 13 11
block 14 11
block 15 11
block 20 11
block 21 11
block 22 11
block 23 11
block 24 11
block 25 11
block 42 11
block 43 11
block 44 11
block 45 11
block 63 11
block 64 11
block 65 11
block 8 12
block 9 12
block 10 12
block 11 12
block 12 12
block 13 12
block 14 12
block 15 12
block 20 12
block 21 12
block 22 12
block 23 12
block 24 12
block 25 12
block 42 12
block 43 12
block 44 12
block 45 12
block 57 12
block 58 12
block 59 12
block 60 12
block 61 12
block 63 12
block 64 12
block 65 12
block 9 13
block 10 13
block 11 13
block 12 13
block 13 13
block 14 13
block 15 13
block 20 13
block 21 13
block 22 13
block 23 13
block 24 13
block 25 13
block 42 13
block 43 13
block 44 13
block 45 13
block 57 13
block 58 13
block 59 13
block 60 13
block 61 13
block 64 13
block 65 13
block 9 14
block 10 14
block 11 14
block 12 14
block 13 14
block 14 14
block 15 14
block 20 14
block 21 14
block 22 14
block 23 14
block 24 14
block 25 14
block 42 14
block 43 14
block 44 14
block 45 14
block 57 14
block 58 14
block 59 14
block 60 14
block 61 14
block 64 14
block 65 14
block 9 15
block 10 15
block 11 15
block 12 15
block 13 15
block 14 15
block 15 15
block 42 15
block 43 15
block 44 15
block 45 15
block 57 15
block 58 15
block 59 15
block 60 15
block 61 15
block 64 15
block 65 15
block 9 16
block 10 16
block 11 16
block 12 16
block 13 16
block 14 16
block 15 16
block 60 16
block 61 16
block 62 16
block 63 16
block 64 16
block 65 16
block 42 17
block 43 17
block 60 17
block 61 17
block 62 17
block 63 17
block 64 17
block 65 17
block 9 18
block 10 18
block 11 18
block 26 18
block 27 18
block 28 18
block 42 18
block 43 18
block 60 18
block 61 18
block 62 18
block 63 18
block 64 18
block 65 18
block 0 19
block 1 19
block 2 19
block 3 19
block 4 19
block 9 19
block 10 19
block 11 19
block 26 19
block 27 19
block 28 19
block 42 19
block 43 19
block 60 19
block 61 19
block 62 19
block 63 19
block 64 19
block 65 19
block 69 19
block 70 19
block 0 20
block 1 20
block 2 20
block 3 20
block 4 20
block 9 20
block 10 20
block 11 20
block 26 20
block 27 20
block 28 20
block 42 20
block 43 20
block 60 20
block 61 20
block 62 20
block 63 20
block 64 20
block 65 20
block 69 20
block 70 20
block 0 21
block 1 21
block 2 21
block 3 21
block 4 21
block 9 21
block 10 21
block 11 21
block 26 21
block 27 21
block 28 21
block 69 21
block 70 21
block 0 22
block 1 22
block 2 22
block 3 22
block 4 22
block 9 22
block 10 22
block 11 22
block 26 22
block 27 22
block 28 22
block 69 22
block 70 22
block 0 23
block 1 23
block 2 23
block 3 23
block 4 23
block 26 23
block 27 23
block 28 23
block 69 23
block 70 23
block 0 24
block 1 24
block 2 24
block 3 24
block 4 24
block 26 24
block 27 24
block 28 24
block 29 24
block 30 24
block 31 24
block 32 24
block 33 24
block 69 24
block 70 24
##BotsAndCoinsInfo
bot_name 0 starter-bot
bot 0 41 19
bot_coins 0 0
coin 18 13
coin 52 11
round 1
round 2
round 3
match_over 0
round 4
