match
match_id 1639170389676_cx
match_time 1639170389678
num_bots 1
##MatchConfig
mode FRIENDLY
num_rounds 200
random_seed 42
move_time_limit 1000
coin_spawn_period 5
coin_spawn_volume 2
##MapConfig
map_size 72 29
view_radius 5
mining_radius 1
attack_radius 4
block 5 0
block 6 0
block 7 0
block 8 0
block 9 0
block 5 1
block 6 1
block 7 1
block 8 1
block 9 1
block 5 2
block 6 2
block 7 2
block 8 2
block 9 2
block 32 3
block 33 3
block 34 3
block 32 4
block 33 4
block 34 4
block 37 4
block 38 4
block 39 4
block 32 5
block 33 5
block 34 5
block 37 5
block 38 5
block 39 5
block 18 6
block 19 6
block 20 6
block 21 6
block 22 6
block 23 6
block 32 6
block 33 6
block 34 6
block 37 6
block 38 6
block 39 6
block 18 7
block 19 7
block 20 7
block 21 7
block 22 7
block 23 7
block 32 7
block 33 7
block 34 7
block 37 7
block 38 7
block 39 7
block 44 7
block 45 7
block 46 7
block 47 7
block 32 8
block 33 8
block 34 8
block 37 8
block 38 8
block 39 8
block 44 8
block 45 8
block 46 8
block 47 8
block 32 9
block 33 9
block 34 9
block 44 9
block 45 9
block 46 9
block 47 9
block 3 10
block 4 10
block 5 10
block 6 10
block 7 10
block 8 10
block 39 10
block 40 10
block 41 10
block 42 10
block 43 10
block 44 10
block 45 10
block 3 11
block 4 11
block 5 11
block 6 11
block 7 11
block 8 11
block 39 11
block 40 11
block 41 11
block 42 11
block 43 11
block 44 11
block 45 11
block 3 12
block 4 12
block 5 12
block 6 12
block 7 12
block 8 12
block 39 12
block 40 12
block 41 12
block 42 12
block 43 12
block 44 12
block 45 12
block 3 13
block 4 13
block 5 13
block 6 13
block 7 13
block 8 13
block 39 13
block 40 13
block 41 13
block 42 13
block 43 13
block 44 13
block 39 14
block 40 14
block 41 14
block 42 14
block 43 14
block 44 14
block 45 14
block 46 14
block 47 14
block 48 14
block 49 14
block 50 14
block 51 14
block 52 14
block 45 15
block 46 15
block 47 15
block 48 15
block 49 15
block 50 15
block 51 15
block 52 15
block 15 16
block 16 16
block 17 16
block 45 16
block 46 16
block 47 16
block 48 16
block 49 16
block 50 16
block 51 16
block 52 16
block 15 17
block 16 17
block 17 17
block 21 17
block 22 17
block 23 17
block 24 17
block 25 17
block 45 17
block 46 17
block 47 17
block 48 17
block 49 17
block 50 17
block 51 17
block 52 17
block 15 18
block 16 18
block 17 18
block 21 18
block 22 18
block 23 18
block 24 18
block 25 18
block 45 18
block 46 18
block 47 18
block 48 18
block 49 18
block 50 18
block 51 18
block 52 18
block 15 19
block 16 19
block 17 19
block 21 19
block 22 19
block 23 19
block 24 19
block 25 19
block 45 19
block 46 19
block 47 19
block 48 19
block 49 19
block 50 19
block 51 19
block 21 20
block 22 20
block 23 20
block 24 20
block 25 20
block 33 20
block 34 20
block 35 20
block 36 20
block 41 20
block 42 20
block 43 20
block 44 20
block 45 20
block 46 20
block 47 20
block 48 20
block 49 20
block 50 20
block 51 20
block 21 21
block 22 21
block 23 21
block 24 21
block 25 21
block 27 21
block 28 21
block 33 21
block 34 21
block 35 21
block 36 21
block 41 21
block 42 21
block 43 21
block 44 21
block 45 21
block 46 21
block 47 21
block 27 22
block 28 22
block 33 22
block 34 22
block 35 22
block 36 22
block 41 22
block 42 22
block 43 22
block 44 22
block 45 22
block 46 22
block 47 22
block 27 23
block 28 23
block 33 23
block 34 23
block 35 23
block 36 23
block 41 23
block 42 23
block 43 23
block 44 23
block 45 23
block 46 23
block 47 23
block 27 24
block 28 24
block 27 25
block 28 25
block 31 27
block 32 27
block 33 27
block 34 27
block 35 27
block 5 28
block 6 28
block 7 28
block 8 28
block 9 28
block 31 28
block 32 28
block 33 28
block 34 28
block 35 28
##BotsAndCoinsInfo
bot_name 0 starter-bot
bot 0 0 23
bot_coins 0 0
coin 26 9
coin 44 19
round 1
bot 0 0 24
round 2
bot 0 0 25
round 3
bot 0 0 26
round 4
bot 0 0 27
round 5
bot 0 0 28
coin 0 15
coin 71 13
round 6
round 7
round 8
round 9
round 10
coin 18 23
coin 53 5
round 11
round 12
round 13
round 14
round 15
coin 41 8
coin 30 20
round 16
round 17
round 18
round 19
round 20
coin 7 25
coin 64 3
round 21
round 22
round 23
round 24
round 25
coin 38 22
coin 31 6
round 26
round 27
round 28
round 29
round 30
coin 60 15
coin 11 13
round 31
round 32
round 33
round 34
round 35
coin 43 19
coin 28 9
round 36
round 37
round 38
round 39
round 40
coin 24 1
coin 47 27
round 41
round 42
round 43
round 44
round 45
coin 55 2
coin 16 26
round 46
round 47
round 48
round 49
round 50
coin 32 26
coin 39 2
round 51
round 52
round 53
round 54
round 55
coin 26 19
coin 46 10
round 56
round 57
round 58
round 59
round 60
coin 59 19
coin 12 9
round 61
round 62
round 63
round 64
round 65
coin 70 8
coin 1 20
round 66
round 67
round 68
round 69
round 70
coin 19 11
coin 53 17
round 71
round 72
round 73
round 74
round 75
coin 58 1
coin 13 27
round 76
round 77
round 78
round 79
round 80
coin 38 16
coin 33 12
round 81
round 82
round 83
round 84
round 85
coin 65 8
coin 6 20
round 86
round 87
round 88
round 89
round 90
coin 12 27
coin 59 1
round 91
round 92
round 93
round 94
round 95
coin 25 22
coin 46 6
round 96
round 97
round 98
round 99
round 100
coin 59 22
coin 12 6
round 101
round 102
round 103
round 104
round 105
coin 71 23
coin 0 5
round 106
round 107
round 108
round 109
round 110
coin 23 15
coin 48 13
round 111
round 112
round 113
round 114
round 115
coin 31 0
coin 40 28
round 116
round 117
round 118
round 119
round 120
coin 37 14
coin 34 14
round 121
round 122
round 123
round 124
round 125
coin 49 2
coin 22 26
round 126
round 127
round 128
round 129
round 130
coin 62 10
coin 9 18
round 131
round 132
round 133
round 134
round 135
coin 8 19
coin 63 9
round 136
round 137
round 138
round 139
round 140
coin 1 22
coin 70 6
round 141
round 142
round 143
round 144
round 145
coin 21 5
coin 50 23
round 146
round 147
round 148
round 149
round 150
coin 1 6
coin 70 22
round 151
round 152
round 153
round 154
round 155
coin 56 20
coin 15 8
round 156
round 157
round 158
round 159
round 160
coin 62 13
coin 9 15
round 161
round 162
round 163
round 164
round 165
coin 14 25
coin 57 3
round 166
round 167
round 168
round 169
round 170
coin 40 5
coin 31 23
round 171
round 172
round 173
round 174
round 175
coin 44 18
coin 27 10
round 176
round 177
round 178
round 179
round 180
coin 13 5
coin 58 23
round 181
round 182
round 183
round 184
round 185
coin 61 24
coin 10 4
round 186
round 187
round 188
round 189
round 190
coin 50 6
coin 21 22
round 191
round 192
round 193
round 194
round 195
coin 65 11
coin 6 17
round 196
round 197
round 198
round 199
round 200
coin 48 4
coin 23 24
match_over 0
