match
match_id 1639167576796_at
match_time 1639167576799
num_bots 1
##MatchConfig
mode FRIENDLY
num_rounds 200
random_seed 42
move_time_limit 1000
coin_spawn_period 5
coin_spawn_volume 2
##MapConfig
map_size 54 31
view_radius 6
mining_radius 2
attack_radius 3
block 8 0
block 9 0
block 8 1
block 9 1
block 17 1
block 18 1
block 19 1
block 20 1
block 21 1
block 22 1
block 23 1
block 8 2
block 9 2
block 17 2
block 18 2
block 19 2
block 20 2
block 21 2
block 22 2
block 23 2
block 8 3
block 9 3
block 17 3
block 18 3
block 19 3
block 20 3
block 21 3
block 22 3
block 23 3
block 24 3
block 25 3
block 17 4
block 18 4
block 19 4
block 20 4
block 21 4
block 22 4
block 23 4
block 24 4
block 25 4
block 26 4
block 27 4
block 28 4
block 29 4
block 44 4
block 45 4
block 46 4
block 47 4
block 48 4
block 49 4
block 4 5
block 5 5
block 6 5
block 7 5
block 8 5
block 9 5
block 17 5
block 18 5
block 19 5
block 20 5
block 21 5
block 22 5
block 23 5
block 25 5
block 26 5
block 27 5
block 28 5
block 29 5
block 44 5
block 45 5
block 46 5
block 47 5
block 48 5
block 49 5
block 4 6
block 5 6
block 6 6
block 7 6
block 8 6
block 9 6
block 17 6
block 18 6
block 19 6
block 20 6
block 21 6
block 22 6
block 23 6
block 25 6
block 26 6
block 27 6
block 28 6
block 29 6
block 44 6
block 45 6
block 46 6
block 47 6
block 48 6
block 49 6
block 50 6
block 51 6
block 52 6
block 4 7
block 5 7
block 6 7
block 7 7
block 8 7
block 9 7
block 17 7
block 18 7
block 19 7
block 20 7
block 21 7
block 22 7
block 23 7
block 26 7
block 27 7
block 28 7
block 44 7
block 45 7
block 46 7
block 47 7
block 48 7
block 49 7
block 50 7
block 51 7
block 52 7
block 4 8
block 5 8
block 6 8
block 7 8
block 8 8
block 9 8
block 17 8
block 18 8
block 19 8
block 20 8
block 26 8
block 27 8
block 28 8
block 31 8
block 32 8
block 33 8
block 34 8
block 35 8
block 36 8
block 44 8
block 45 8
block 46 8
block 47 8
block 17 9
block 18 9
block 19 9
block 20 9
block 26 9
block 27 9
block 28 9
block 31 9
block 32 9
block 33 9
block 34 9
block 35 9
block 36 9
block 44 9
block 45 9
block 46 9
block 47 9
block 17 10
block 18 10
block 19 10
block 20 10
block 31 10
block 32 10
block 33 10
block 34 10
block 35 10
block 36 10
block 44 10
block 45 10
block 46 10
block 47 10
block 1 11
block 2 11
block 3 11
block 4 11
block 5 11
block 6 11
block 7 11
block 17 11
block 18 11
block 19 11
block 20 11
block 31 11
block 32 11
block 33 11
block 34 11
block 35 11
block 36 11
block 44 11
block 45 11
block 46 11
block 47 11
block 1 12
block 2 12
block 3 12
block 4 12
block 5 12
block 6 12
block 7 12
block 17 12
block 18 12
block 19 12
block 20 12
block 31 12
block 32 12
block 33 12
block 34 12
block 35 12
block 36 12
block 44 12
block 45 12
block 46 12
block 47 12
block 1 13
block 2 13
block 3 13
block 4 13
block 5 13
block 6 13
block 7 13
block 8 13
block 9 13
block 10 13
block 11 13
block 12 13
block 17 13
block 18 13
block 19 13
block 20 13
block 44 13
block 45 13
block 46 13
block 47 13
block 1 14
block 2 14
block 3 14
block 4 14
block 5 14
block 6 14
block 7 14
block 8 14
block 9 14
block 10 14
block 11 14
block 12 14
block 19 14
block 20 14
block 1 15
block 2 15
block 3 15
block 4 15
block 5 15
block 6 15
block 7 15
block 10 15
block 11 15
block 12 15
block 17 15
block 18 15
block 19 15
block 20 15
block 36 15
block 37 15
block 38 15
block 39 15
block 40 15
block 41 15
block 1 16
block 2 16
block 3 16
block 4 16
block 5 16
block 6 16
block 7 16
block 17 16
block 18 16
block 19 16
block 20 16
block 36 16
block 37 16
block 38 16
block 39 16
block 40 16
block 41 16
block 1 17
block 2 17
block 3 17
block 4 17
block 5 17
block 6 17
block 7 17
block 17 17
block 18 17
block 19 17
block 36 17
block 37 17
block 38 17
block 39 17
block 40 17
block 41 17
block 17 18
block 18 18
block 19 18
block 36 18
block 37 18
block 38 18
block 39 18
block 40 18
block 41 18
block 17 19
block 18 19
block 19 19
block 34 21
block 35 21
block 0 22
block 22 22
block 23 22
block 24 22
block 34 22
block 35 22
block 52 22
block 53 22
block 0 23
block 22 23
block 23 23
block 24 23
block 52 23
block 53 23
block 0 24
block 22 24
block 23 24
block 24 24
block 52 24
block 53 24
block 0 25
block 22 25
block 23 25
block 24 25
block 52 25
block 53 25
block 0 26
block 22 26
block 23 26
block 24 26
block 52 26
block 53 26
block 8 30
block 9 30
##BotsAndCoinsInfo
bot_name 0 starter-bot
bot 0 45 18
bot_coins 0 0
coin 43 10
coin 10 20
round 1
round 2
round 3
match_over 0
round 4
