match
match_id 1639171408792_dh
match_time 1639171408794
num_bots 1
##MatchConfig
mode FRIENDLY
num_rounds 200
random_seed 42
move_time_limit 1000
coin_spawn_period 5
coin_spawn_volume 2
##MapConfig
map_size 61 24
view_radius 6
mining_radius 1
attack_radius 4
block 6 0
block 7 0
block 8 0
block 9 0
block 10 0
block 11 0
block 14 0
block 15 0
block 16 0
block 17 0
block 18 0
block 19 0
block 20 0
block 21 0
block 22 0
block 36 0
block 37 0
block 38 0
block 39 0
block 6 1
block 7 1
block 8 1
block 9 1
block 10 1
block 11 1
block 14 1
block 15 1
block 16 1
block 17 1
block 18 1
block 19 1
block 20 1
block 21 1
block 22 1
block 36 1
block 37 1
block 38 1
block 39 1
block 42 1
block 43 1
block 6 2
block 7 2
block 8 2
block 9 2
block 10 2
block 11 2
block 14 2
block 15 2
block 16 2
block 17 2
block 18 2
block 23 2
block 24 2
block 36 2
block 37 2
block 38 2
block 39 2
block 42 2
block 43 2
block 14 3
block 15 3
block 16 3
block 17 3
block 18 3
block 23 3
block 24 3
block 25 3
block 26 3
block 36 3
block 37 3
block 38 3
block 39 3
block 42 3
block 43 3
block 14 4
block 15 4
block 16 4
block 17 4
block 18 4
block 23 4
block 24 4
block 25 4
block 26 4
block 47 4
block 48 4
block 55 4
block 56 4
block 57 4
block 14 5
block 15 5
block 16 5
block 17 5
block 18 5
block 23 5
block 24 5
block 25 5
block 26 5
block 47 5
block 48 5
block 55 5
block 56 5
block 57 5
block 11 6
block 12 6
block 23 6
block 24 6
block 47 6
block 48 6
block 55 6
block 56 6
block 57 6
block 11 7
block 12 7
block 55 7
block 56 7
block 57 7
block 11 8
block 12 8
block 55 8
block 56 8
block 57 8
block 11 9
block 12 9
block 54 10
block 55 10
block 48 11
block 49 11
block 50 11
block 51 11
block 52 11
block 54 11
block 55 11
block 48 12
block 49 12
block 50 12
block 51 12
block 52 12
block 54 12
block 55 12
block 54 13
block 55 13
block 54 14
block 55 14
block 54 15
block 55 15
block 19 19
block 20 19
block 21 19
block 22 19
block 43 19
block 44 19
block 19 20
block 20 20
block 21 20
block 22 20
block 43 20
block 44 20
block 19 21
block 20 21
block 21 21
block 22 21
block 35 21
block 36 21
block 37 21
block 38 21
block 39 21
block 40 21
block 41 21
block 42 21
block 43 21
block 44 21
block 45 21
block 46 21
block 19 22
block 20 22
block 21 22
block 22 22
block 35 22
block 36 22
block 37 22
block 38 22
block 39 22
block 40 22
block 41 22
block 42 22
block 43 22
block 44 22
block 45 22
block 46 22
block 6 23
block 7 23
block 8 23
block 9 23
block 10 23
block 11 23
block 14 23
block 15 23
block 16 23
block 17 23
block 18 23
block 19 23
block 20 23
block 21 23
block 22 23
block 35 23
block 36 23
block 37 23
block 38 23
block 39 23
block 40 23
block 41 23
block 42 23
block 43 23
block 44 23
block 45 23
block 46 23
##BotsAndCoinsInfo
bot_name 0 starter-bot
bot 0 25 15
bot_coins 0 0
coin 5 3
coin 55 20
round 1
bot 0 25 16
round 2
bot 0 25 17
round 3
bot 0 25 18
round 4
bot 0 25 19
round 5
bot 0 25 20
coin 25 21
coin 35 2
round 6
bot 0 25 21
coin_collected 25 21 0
bot_coins 0 1
round 7
bot 0 25 22
round 8
bot 0 25 23
round 9
round 10
coin 10 13
coin 50 10
round 11
round 12
round 13
round 14
round 15
coin 56 14
coin 4 9
round 16
round 17
round 18
round 19
round 20
coin 21 5
coin 39 18
round 21
round 22
round 23
round 24
round 25
coin 38 14
coin 22 9
round 26
round 27
round 28
round 29
round 30
coin 23 12
coin 37 11
round 31
round 32
round 33
round 34
round 35
coin 22 8
coin 38 15
round 36
round 37
round 38
round 39
round 40
coin 35 18
coin 25 6
round 41
round 42
round 43
round 44
round 45
coin 41 17
coin 19 6
round 46
round 47
round 48
round 49
round 50
coin 7 7
coin 53 16
round 51
round 52
round 53
round 54
round 55
coin 55 9
coin 5 14
round 56
round 57
round 58
round 59
round 60
coin 19 9
coin 41 14
round 61
round 62
round 63
round 64
round 65
coin 19 10
coin 41 13
round 66
round 67
round 68
round 69
round 70
coin 20 6
coin 40 17
round 71
round 72
round 73
round 74
round 75
coin 50 13
coin 10 10
round 76
round 77
round 78
round 79
round 80
coin 58 5
coin 2 18
round 81
round 82
round 83
round 84
round 85
coin 40 0
coin 18 22
round 86
round 87
round 88
round 89
round 90
coin 20 13
coin 40 10
round 91
round 92
round 93
round 94
round 95
coin 38 12
coin 22 11
round 96
round 97
round 98
round 99
round 100
coin 35 1
coin 25 22
round 101
coin_collected 25 22 0
bot_coins 0 2
round 102
round 103
round 104
round 105
coin 48 1
coin 12 22
round 106
round 107
round 108
round 109
round 110
coin 22 6
coin 38 17
round 111
round 112
round 113
round 114
round 115
coin 17 22
coin 44 1
round 116
round 117
round 118
round 119
round 120
coin 9 19
coin 51 4
round 121
round 122
round 123
round 124
round 125
coin 48 8
coin 12 15
round 126
round 127
round 128
round 129
round 130
coin 3 4
coin 57 19
round 131
round 132
round 133
round 134
round 135
coin 37 10
coin 23 13
round 136
round 137
round 138
round 139
round 140
coin 28 19
coin 32 4
round 141
round 142
round 143
round 144
round 145
coin 25 2
coin 34 21
round 146
round 147
match_over 0
round 148
