match
match_id 1639176018909_gq
match_time 1639176018912
num_bots 1
##MatchConfig
mode FRIENDLY
num_rounds 200
random_seed 42
move_time_limit 1000
coin_spawn_period 5
coin_spawn_volume 2
##MapConfig
map_size 50 39
view_radius 5
mining_radius 2
attack_radius 4
block 19 0
block 20 0
block 21 0
block 22 0
block 23 0
block 24 0
block 25 0
block 7 1
block 8 1
block 19 1
block 20 1
block 21 1
block 22 1
block 23 1
block 24 1
block 25 1
block 35 1
block 36 1
block 37 1
block 38 1
block 7 2
block 8 2
block 35 2
block 36 2
block 37 2
block 38 2
block 7 3
block 8 3
block 35 3
block 36 3
block 37 3
block 38 3
block 7 4
block 8 4
block 16 4
block 17 4
block 18 4
block 19 4
block 20 4
block 21 4
block 35 4
block 36 4
block 37 4
block 38 4
block 7 5
block 8 5
block 16 5
block 17 5
block 18 5
block 19 5
block 20 5
block 21 5
block 36 5
block 37 5
block 38 5
block 39 5
block 40 5
block 41 5
block 7 6
block 8 6
block 35 6
block 36 6
block 37 6
block 38 6
block 39 6
block 40 6
block 41 6
block 7 7
block 8 7
block 35 7
block 36 7
block 37 7
block 38 7
block 39 7
block 40 7
block 41 7
block 35 8
block 36 8
block 37 8
block 38 8
block 39 8
block 35 9
block 36 9
block 37 9
block 38 9
block 39 9
block 12 10
block 13 10
block 14 10
block 15 10
block 16 10
block 35 10
block 36 10
block 37 10
block 38 10
block 39 10
block 12 11
block 13 11
block 14 11
block 15 11
block 16 11
block 0 12
block 1 12
block 2 12
block 3 12
block 4 12
block 5 12
block 12 12
block 13 12
block 14 12
block 15 12
block 16 12
block 49 12
block 0 13
block 1 13
block 2 13
block 3 13
block 4 13
block 5 13
block 12 13
block 13 13
block 14 13
block 15 13
block 16 13
block 44 13
block 45 13
block 46 13
block 47 13
block 48 13
block 49 13
block 0 14
block 1 14
block 2 14
block 3 14
block 4 14
block 5 14
block 12 14
block 13 14
block 14 14
block 15 14
block 16 14
block 44 14
block 45 14
block 46 14
block 47 14
block 48 14
block 49 14
block 0 15
block 1 15
block 2 15
block 3 15
block 4 15
block 5 15
block 12 15
block 13 15
block 14 15
block 15 15
block 16 15
block 44 15
block 45 15
block 46 15
block 47 15
block 48 15
block 49 15
block 0 16
block 1 16
block 2 16
block 3 16
block 4 16
block 5 16
block 44 16
block 45 16
block 46 16
block 47 16
block 48 16
block 49 16
block 0 17
block 1 17
block 39 17
block 40 17
block 41 17
block 42 17
block 43 17
block 44 17
block 47 17
block 48 17
block 49 17
block 39 18
block 40 18
block 41 18
block 42 18
block 43 18
block 44 18
block 0 19
block 1 19
block 13 19
block 14 19
block 15 19
block 16 19
block 39 19
block 40 19
block 41 19
block 42 19
block 43 19
block 44 19
block 45 19
block 46 19
block 47 19
block 48 19
block 49 19
block 0 20
block 1 20
block 13 20
block 14 20
block 15 20
block 16 20
block 39 20
block 40 20
block 41 20
block 42 20
block 43 20
block 44 20
block 45 20
block 46 20
block 47 20
block 48 20
block 49 20
block 0 21
block 1 21
block 13 21
block 14 21
block 15 21
block 16 21
block 45 21
block 46 21
block 47 21
block 48 21
block 49 21
block 10 22
block 11 22
block 12 22
block 13 22
block 14 22
block 15 22
block 16 22
block 10 23
block 11 23
block 12 23
block 13 23
block 14 23
block 15 23
block 16 23
block 10 24
block 11 24
block 12 24
block 13 24
block 14 24
block 10 25
block 11 25
block 12 25
block 13 25
block 14 25
block 20 26
block 21 26
block 22 26
block 20 27
block 21 27
block 22 27
block 7 28
block 8 28
block 9 28
block 20 28
block 21 28
block 22 28
block 7 29
block 8 29
block 9 29
block 10 29
block 11 29
block 12 29
block 20 29
block 21 29
block 22 29
block 7 30
block 8 30
block 9 30
block 10 30
block 11 30
block 12 30
block 18 30
block 19 30
block 20 30
block 21 30
block 22 30
block 36 30
block 37 30
block 38 30
block 39 30
block 40 30
block 41 30
block 42 30
block 7 31
block 8 31
block 9 31
block 10 31
block 11 31
block 12 31
block 18 31
block 19 31
block 20 31
block 21 31
block 22 31
block 36 31
block 37 31
block 38 31
block 39 31
block 40 31
block 41 31
block 42 31
block 18 32
block 19 32
block 20 32
block 21 32
block 22 32
block 36 32
block 37 32
block 38 32
block 39 32
block 40 32
block 41 32
block 42 32
block 18 33
block 19 33
block 20 33
block 21 33
block 22 33
block 36 33
block 37 33
block 38 33
block 39 33
block 40 33
block 41 33
block 42 33
block 18 34
block 19 34
block 20 34
block 21 34
block 22 34
block 23 34
block 24 34
block 25 34
block 36 34
block 37 34
block 38 34
block 39 34
block 40 34
block 41 34
block 42 34
block 18 35
block 19 35
block 20 35
block 21 35
block 22 35
block 23 35
block 24 35
block 25 35
block 36 35
block 37 35
block 38 35
block 39 35
block 40 35
block 41 35
block 42 35
block 18 36
block 19 36
block 20 36
block 21 36
block 22 36
block 23 36
block 24 36
block 25 36
block 19 37
block 20 37
block 21 37
block 22 37
block 23 37
block 24 37
block 25 37
block 19 38
block 20 38
block 21 38
block 22 38
block 23 38
block 24 38
block 25 38
##BotsAndCoinsInfo
bot_name 0 starter-bot
bot 0 48 33
bot_coins 0 0
coin 30 33
coin 19 6
round 1
bot 0 48 34
round 2
bot 0 48 35
round 3
bot 0 48 36
round 4
bot 0 48 37
round 5
bot 0 48 38
coin 48 0
coin 1 38
round 6
bot 0 48 0
coin_collected 48 0 0
bot_coins 0 1
round 7
round 8
round 9
round 10
coin 20 3
coin 29 35
round 11
round 12
round 13
round 14
round 15
coin 5 29
coin 44 9
round 16
round 17
round 18
round 19
round 20
bot 0 47 0
coin 19 2
coin 30 36
round 21
bot 0 46 0
round 22
bot 0 45 0
round 23
bot 0 44 38
round 24
bot 0 44 37
round 25
bot 0 44 36
coin 32 26
coin 17 12
round 26
bot 0 44 35
round 27
bot 0 44 34
round 28
bot 0 44 33
round 29
bot 0 44 32
round 30
bot 0 44 31
coin 26 6
coin 23 32
round 31
bot 0 44 30
round 32
bot 0 44 29
round 33
bot 0 44 28
round 34
round 35
coin 26 17
coin 23 21
round 36
match_over 0
round 37
