match
match_id 1639475635838_ac
match_time 1639475635843
num_bots 1
##MatchConfig
mode FRIENDLY
num_rounds 200
random_seed 42
move_time_limit 1000
coin_spawn_period 5
coin_spawn_volume 2
##MapConfig
map_size 78 35
view_radius 6
mining_radius 2
attack_radius 4
block 4 0
block 5 0
block 6 0
block 7 0
block 31 0
block 32 0
block 33 0
block 34 0
block 51 0
block 52 0
block 53 0
block 54 0
block 55 0
block 56 0
block 69 0
block 70 0
block 71 0
block 72 0
block 4 1
block 5 1
block 6 1
block 7 1
block 8 1
block 9 1
block 10 1
block 11 1
block 31 1
block 32 1
block 33 1
block 34 1
block 51 1
block 52 1
block 53 1
block 54 1
block 55 1
block 56 1
block 69 1
block 70 1
block 71 1
block 72 1
block 4 2
block 5 2
block 6 2
block 7 2
block 8 2
block 9 2
block 10 2
block 11 2
block 31 2
block 32 2
block 33 2
block 34 2
block 51 2
block 52 2
block 53 2
block 54 2
block 55 2
block 56 2
block 69 2
block 70 2
block 71 2
block 72 2
block 8 3
block 9 3
block 10 3
block 11 3
block 21 3
block 22 3
block 23 3
block 24 3
block 25 3
block 26 3
block 31 3
block 32 3
block 33 3
block 34 3
block 40 3
block 41 3
block 42 3
block 51 3
block 52 3
block 69 3
block 70 3
block 71 3
block 72 3
block 21 4
block 22 4
block 23 4
block 24 4
block 25 4
block 26 4
block 40 4
block 41 4
block 42 4
block 51 4
block 52 4
block 69 4
block 70 4
block 71 4
block 72 4
block 21 5
block 22 5
block 23 5
block 24 5
block 25 5
block 26 5
block 40 5
block 41 5
block 42 5
block 53 5
block 54 5
block 55 5
block 56 5
block 57 5
block 58 5
block 21 6
block 22 6
block 23 6
block 24 6
block 25 6
block 26 6
block 40 6
block 41 6
block 42 6
block 53 6
block 54 6
block 55 6
block 56 6
block 57 6
block 58 6
block 9 7
block 10 7
block 11 7
block 12 7
block 13 7
block 14 7
block 15 7
block 21 7
block 22 7
block 23 7
block 24 7
block 25 7
block 26 7
block 40 7
block 41 7
block 42 7
block 43 7
block 44 7
block 53 7
block 54 7
block 9 8
block 10 8
block 11 8
block 12 8
block 13 8
block 14 8
block 15 8
block 21 8
block 22 8
block 23 8
block 24 8
block 25 8
block 26 8
block 40 8
block 41 8
block 42 8
block 43 8
block 44 8
block 53 8
block 54 8
block 8 9
block 9 9
block 10 9
block 11 9
block 12 9
block 13 9
block 14 9
block 15 9
block 40 9
block 41 9
block 42 9
block 43 9
block 44 9
block 53 9
block 54 9
block 8 10
block 9 10
block 10 10
block 11 10
block 12 10
block 13 10
block 14 10
block 15 10
block 40 10
block 41 10
block 42 10
block 43 10
block 44 10
block 53 10
block 54 10
block 8 11
block 9 11
block 10 11
block 11 11
block 12 11
block 13 11
block 14 11
block 15 11
block 46 11
block 47 11
block 48 11
block 56 11
block 57 11
block 58 11
block 59 11
block 60 11
block 61 11
block 8 12
block 9 12
block 46 12
block 47 12
block 48 12
block 56 12
block 57 12
block 58 12
block 59 12
block 60 12
block 61 12
block 70 12
block 71 12
block 46 13
block 47 13
block 48 13
block 56 13
block 57 13
block 58 13
block 59 13
block 60 13
block 61 13
block 65 13
block 66 13
block 70 13
block 71 13
block 32 14
block 33 14
block 34 14
block 35 14
block 36 14
block 37 14
block 46 14
block 47 14
block 48 14
block 56 14
block 57 14
block 58 14
block 59 14
block 60 14
block 61 14
block 65 14
block 66 14
block 70 14
block 71 14
block 9 15
block 10 15
block 11 15
block 12 15
block 13 15
block 14 15
block 23 15
block 24 15
block 25 15
block 26 15
block 27 15
block 32 15
block 33 15
block 34 15
block 35 15
block 36 15
block 37 15
block 46 15
block 47 15
block 48 15
block 65 15
block 66 15
block 70 15
block 71 15
block 5 16
block 6 16
block 7 16
block 8 16
block 9 16
block 10 16
block 11 16
block 12 16
block 13 16
block 14 16
block 23 16
block 24 16
block 25 16
block 26 16
block 27 16
block 32 16
block 33 16
block 34 16
block 35 16
block 36 16
block 37 16
block 46 16
block 47 16
block 48 16
block 63 16
block 64 16
block 65 16
block 66 16
block 70 16
block 71 16
block 5 17
block 6 17
block 7 17
block 8 17
block 9 17
block 10 17
block 11 17
block 12 17
block 13 17
block 14 17
block 32 17
block 33 17
block 34 17
block 35 17
block 36 17
block 37 17
block 46 17
block 47 17
block 48 17
block 63 17
block 64 17
block 65 17
block 66 17
block 70 17
block 71 17
block 8 18
block 9 18
block 10 18
block 11 18
block 12 18
block 13 18
block 14 18
block 63 18
block 64 18
block 65 18
block 66 18
block 70 18
block 71 18
block 8 19
block 9 19
block 10 19
block 11 19
block 12 19
block 13 19
block 14 19
block 42 19
block 43 19
block 63 19
block 64 19
block 65 19
block 66 19
block 8 20
block 9 20
block 10 20
block 11 20
block 12 20
block 13 20
block 14 20
block 42 20
block 43 20
block 44 20
block 45 20
block 46 20
block 47 20
block 63 20
block 64 20
block 65 20
block 66 20
block 0 21
block 17 21
block 18 21
block 19 21
block 42 21
block 43 21
block 44 21
block 45 21
block 46 21
block 47 21
block 63 21
block 64 21
block 65 21
block 66 21
block 72 21
block 73 21
block 74 21
block 75 21
block 76 21
block 77 21
block 0 22
block 17 22
block 18 22
block 19 22
block 43 22
block 44 22
block 45 22
block 46 22
block 47 22
block 72 22
block 73 22
block 74 22
block 75 22
block 76 22
block 77 22
block 0 23
block 17 23
block 18 23
block 19 23
block 43 23
block 44 23
block 45 23
block 46 23
block 47 23
block 72 23
block 73 23
block 74 23
block 75 23
block 76 23
block 77 23
block 0 24
block 17 24
block 18 24
block 19 24
block 43 24
block 44 24
block 45 24
block 46 24
block 47 24
block 72 24
block 73 24
block 74 24
block 75 24
block 76 24
block 77 24
block 17 25
block 18 25
block 19 25
block 52 28
block 53 28
block 54 28
block 55 28
block 56 28
block 57 28
block 58 28
block 7 29
block 8 29
block 9 29
block 10 29
block 52 29
block 53 29
block 54 29
block 55 29
block 56 29
block 57 29
block 58 29
block 7 30
block 8 30
block 9 30
block 10 30
block 52 30
block 53 30
block 54 30
block 55 30
block 56 30
block 57 30
block 58 30
block 52 31
block 53 31
block 54 31
block 55 31
block 56 31
block 57 31
block 58 31
block 4 32
block 5 32
block 6 32
block 7 32
block 31 32
block 32 32
block 33 32
block 34 32
block 52 32
block 53 32
block 54 32
block 55 32
block 56 32
block 57 32
block 58 32
block 4 33
block 5 33
block 6 33
block 7 33
block 31 33
block 32 33
block 33 33
block 34 33
block 51 33
block 52 33
block 53 33
block 54 33
block 55 33
block 56 33
block 57 33
block 58 33
block 69 33
block 70 33
block 71 33
block 72 33
block 4 34
block 5 34
block 6 34
block 7 34
block 31 34
block 32 34
block 33 34
block 34 34
block 51 34
block 52 34
block 53 34
block 54 34
block 55 34
block 56 34
block 57 34
block 58 34
block 69 34
block 70 34
block 71 34
block 72 34
##BotsAndCoinsInfo
bot_name 0 starter-bot
bot 0 54 19
bot_coins 0 0
coin 26 33
coin 50 1
round 1
bot 0 54 20
round 2
bot 0 54 21
round 3
bot 0 54 22
round 4
bot 0 54 23
round 5
bot 0 54 24
coin 48 24
coin 29 10
round 6
bot 0 54 25
round 7
bot 0 54 26
round 8
bot 0 54 27
round 9
bot 0 53 27
round 10
bot 0 52 27
coin 0 25
coin 77 9
round 11
bot 0 51 27
round 12
bot 0 50 26
round 13
bot 0 49 25
coin_collected 48 24 0
bot_coins 0 1
round 14
bot 0 49 24
round 15
bot 0 49 23
coin 65 3
coin 12 31
round 16
bot 0 49 22
round 17
bot 0 49 21
round 18
bot 0 49 20
round 19
bot 0 49 19
round 20
bot 0 49 18
coin 55 3
coin 22 31
round 21
bot 0 49 17
round 22
bot 0 49 16
round 23
bot 0 49 15
round 24
bot 0 49 14
round 25
bot 0 49 13
coin 26 32
coin 50 2
round 26
bot 0 49 12
round 27
bot 0 49 11
round 28
bot 0 49 10
round 29
bot 0 49 9
round 30
bot 0 49 8
coin 60 7
coin 17 27
round 31
bot 0 49 7
round 32
bot 0 49 6
round 33
bot 0 50 5
round 34
bot 0 50 4
coin_collected 50 2 0
bot_coins 0 2
round 35
bot 0 50 3
coin_collected 50 1 0
bot_coins 0 3
coin 20 17
coin 57 17
round 36
bot 0 50 2
round 37
bot 0 50 1
round 38
bot 0 50 0
round 39
bot 0 49 1
round 40
bot 0 49 2
coin 48 5
coin 29 29
round 41
bot 0 48 3
coin_collected 48 5 0
bot_coins 0 4
round 42
bot 0 48 4
round 43
bot 0 48 5
round 44
bot 0 48 6
round 45
bot 0 48 7
coin 37 9
coin 40 25
round 46
bot 0 48 8
round 47
bot 0 48 9
round 48
bot 0 48 10
round 49
bot 0 47 10
round 50
bot 0 46 10
coin 16 8
coin 61 26
round 51
bot 0 45 10
round 52
bot 0 45 11
round 53
bot 0 45 12
round 54
bot 0 45 13
round 55
bot 0 45 14
coin 26 23
coin 51 11
round 56
bot 0 45 15
round 57
bot 0 45 16
round 58
bot 0 45 17
round 59
bot 0 45 18
round 60
bot 0 45 19
coin 77 16
coin 0 18
round 61
bot 0 44 19
round 62
bot 0 43 18
round 63
bot 0 42 18
round 64
bot 0 41 18
round 65
bot 0 41 19
coin 64 3
coin 13 31
round 66
bot 0 41 20
round 67
bot 0 41 21
round 68
bot 0 40 22
round 69
bot 0 39 23
round 70
bot 0 40 24
coin_collected 40 25 0
bot_coins 0 5
coin 19 26
coin 58 8
round 71
bot 0 40 25
round 72
bot 0 40 26
round 73
bot 0 40 27
round 74
bot 0 40 28
round 75
bot 0 40 29
coin 64 6
coin 13 28
round 76
bot 0 40 30
round 77
bot 0 40 31
round 78
bot 0 40 32
round 79
bot 0 40 33
round 80
bot 0 40 34
coin 45 10
coin 32 24
round 81
bot 0 39 33
round 82
bot 0 39 32
round 83
bot 0 39 31
round 84
bot 0 39 30
round 85
bot 0 39 29
coin 59 32
coin 18 2
round 86
bot 0 39 28
round 87
bot 0 39 27
round 88
bot 0 39 26
round 89
bot 0 39 25
round 90
bot 0 39 24
coin 8 33
coin 68 1
round 91
bot 0 39 23
round 92
bot 0 39 22
round 93
bot 0 39 21
round 94
bot 0 39 20
round 95
bot 0 39 19
coin 67 34
coin 10 0
round 96
bot 0 39 18
round 97
bot 0 39 17
round 98
bot 0 39 16
round 99
bot 0 39 15
round 100
bot 0 39 14
coin 5 5
coin 72 29
round 101
bot 0 39 13
round 102
bot 0 38 12
round 103
bot 0 37 11
coin_collected 37 9 0
bot_coins 0 6
round 104
bot 0 37 10
round 105
bot 0 37 9
coin 47 7
coin 30 27
round 106
bot 0 37 8
round 107
bot 0 37 7
round 108
bot 0 37 6
round 109
bot 0 37 5
round 110
bot 0 37 4
coin 41 14
coin 36 20
round 111
bot 0 37 3
round 112
bot 0 37 2
round 113
bot 0 37 1
round 114
bot 0 37 0
round 115
bot 0 36 1
coin 55 27
coin 22 9
round 116
bot 0 36 2
round 117
bot 0 36 3
round 118
bot 0 36 4
round 119
bot 0 36 5
round 120
bot 0 36 6
coin 1 3
coin 76 31
round 121
bot 0 36 7
round 122
bot 0 36 8
round 123
bot 0 36 9
round 124
bot 0 36 10
round 125
bot 0 36 11
coin 61 0
coin 16 34
round 126
bot 0 36 12
round 127
bot 0 36 13
round 128
bot 0 35 13
round 129
bot 0 34 13
round 130
bot 0 33 13
coin 68 2
coin 9 32
round 131
bot 0 32 13
round 132
bot 0 31 13
round 133
bot 0 30 12
round 134
bot 0 29 11
coin_collected 29 10 0
bot_coins 0 7
round 135
bot 0 29 10
coin 14 0
coin 63 34
round 136
bot 0 29 9
round 137
bot 0 29 8
round 138
bot 0 29 7
round 139
bot 0 29 6
round 140
bot 0 29 5
coin 25 14
coin 52 20
round 141
bot 0 29 4
round 142
bot 0 29 3
round 143
bot 0 29 2
round 144
bot 0 29 1
round 145
bot 0 28 2
coin 75 3
coin 2 31
round 146
bot 0 27 3
round 147
bot 0 27 4
round 148
bot 0 27 5
round 149
bot 0 27 6
round 150
bot 0 27 7
coin 19 19
coin 58 15
round 151
bot 0 27 8
round 152
bot 0 27 9
round 153
bot 0 27 10
round 154
bot 0 26 11
round 155
bot 0 25 12
coin_collected 25 14 0
bot_coins 0 8
coin 31 16
coin 46 18
round 156
bot 0 24 11
round 157
bot 0 23 10
coin_collected 22 9 0
bot_coins 0 9
round 158
bot 0 23 9
round 159
bot 0 22 9
round 160
bot 0 21 9
coin 50 9
coin 27 25
round 161
bot 0 20 9
round 162
bot 0 19 8
round 163
bot 0 18 7
round 164
bot 0 17 8
coin_collected 16 8 0
bot_coins 0 10
round 165
bot 0 17 9
coin 20 4
coin 59 30
round 166
bot 0 17 10
round 167
bot 0 17 11
round 168
bot 0 17 12
round 169
bot 0 17 13
round 170
bot 0 17 14
coin 7 19
coin 69 15
round 171
bot 0 18 15
round 172
bot 0 19 16
coin_collected 20 17 0
bot_coins 0 11
round 173
bot 0 18 17
round 174
bot 0 19 18
coin_collected 19 19 0
bot_coins 0 12
round 175
bot 0 19 19
coin 58 1
coin 19 33
round 176
bot 0 19 20
round 177
bot 0 18 20
round 178
bot 0 17 20
round 179
bot 0 16 20
round 180
bot 0 16 21
coin 13 14
coin 62 20
round 181
bot 0 16 22
round 182
bot 0 16 23
round 183
bot 0 15 24
round 184
bot 0 16 25
round 185
bot 0 17 26
coin_collected 19 26 0
bot_coins 0 13
coin_collected 17 27 0
bot_coins 0 14
coin 13 33
coin 64 1
round 186
bot 0 16 27
round 187
bot 0 16 28
round 188
bot 0 16 29
round 189
bot 0 16 30
round 190
bot 0 17 31
coin 68 0
coin 9 34
round 191
bot 0 18 32
coin_collected 19 33 0
bot_coins 0 15
round 192
bot 0 19 31
round 193
bot 0 20 30
round 194
bot 0 21 31
coin_collected 22 31 0
bot_coins 0 16
round 195
bot 0 21 32
coin 29 28
coin 48 6
round 196
bot 0 21 33
round 197
bot 0 21 34
round 198
bot 0 20 33
round 199
bot 0 20 32
round 200
bot 0 20 31
coin 66 29
coin 11 5
match_over 0
