match
match_id 1639216353291_mx
match_time 1639216353293
num_bots 1
##MatchConfig
mode FRIENDLY
num_rounds 200
random_seed 42
move_time_limit 1000
coin_spawn_period 5
coin_spawn_volume 2
##MapConfig
map_size 79 20
view_radius 5
mining_radius 2
attack_radius 4
block 55 0
block 56 0
block 58 0
block 59 0
block 60 0
block 61 0
block 62 0
block 63 0
block 64 0
block 55 1
block 56 1
block 58 1
block 59 1
block 60 1
block 61 1
block 62 1
block 63 1
block 64 1
block 13 2
block 14 2
block 15 2
block 55 2
block 56 2
block 58 2
block 59 2
block 60 2
block 61 2
block 62 2
block 63 2
block 64 2
block 13 3
block 14 3
block 15 3
block 55 3
block 56 3
block 58 3
block 59 3
block 60 3
block 61 3
block 62 3
block 63 3
block 64 3
block 13 4
block 14 4
block 15 4
block 58 4
block 59 4
block 60 4
block 61 4
block 62 4
block 63 4
block 64 4
block 13 5
block 14 5
block 15 5
block 58 5
block 59 5
block 60 5
block 61 5
block 62 5
block 63 5
block 64 5
block 13 6
block 14 6
block 15 6
block 58 6
block 59 6
block 60 6
block 61 6
block 62 6
block 63 6
block 64 6
block 71 6
block 72 6
block 71 7
block 72 7
block 71 8
block 72 8
block 8 9
block 9 9
block 10 9
block 11 9
block 12 9
block 8 10
block 9 10
block 10 10
block 11 10
block 12 10
block 18 10
block 19 10
block 18 11
block 19 11
block 18 12
block 19 12
block 7 15
block 8 15
block 9 15
block 65 15
block 66 15
block 67 15
block 68 15
block 7 16
block 8 16
block 9 16
block 65 16
block 66 16
block 67 16
block 68 16
block 7 17
block 8 17
block 9 17
block 7 18
block 8 18
block 9 18
block 55 18
block 56 18
block 55 19
block 56 19
##BotsAndCoinsInfo
bot_name 0 starter-bot
bot 0 32 19
bot_coins 0 0
coin 19 3
coin 59 16
round 1
round 2
round 3
match_over 0
round 4
