match
match_id 1639180999621_jl
match_time 1639180999623
num_bots 1
##MatchConfig
mode FRIENDLY
num_rounds 200
random_seed 42
move_time_limit 1000
coin_spawn_period 5
coin_spawn_volume 2
##MapConfig
map_size 49 23
view_radius 5
mining_radius 1
attack_radius 4
block 3 0
block 4 0
block 5 0
block 6 0
block 7 0
block 8 0
block 9 0
block 31 0
block 32 0
block 33 0
block 3 1
block 4 1
block 5 1
block 6 1
block 7 1
block 8 1
block 9 1
block 31 1
block 32 1
block 33 1
block 3 2
block 4 2
block 5 2
block 6 2
block 7 2
block 8 2
block 9 2
block 31 2
block 32 2
block 33 2
block 43 10
block 44 10
block 45 10
block 43 11
block 44 11
block 45 11
block 43 12
block 44 12
block 45 12
block 6 13
block 7 13
block 8 13
block 9 13
block 10 13
block 11 13
block 43 13
block 44 13
block 45 13
block 0 14
block 1 14
block 2 14
block 3 14
block 4 14
block 6 14
block 7 14
block 8 14
block 9 14
block 10 14
block 11 14
block 43 14
block 44 14
block 45 14
block 48 14
block 0 15
block 1 15
block 2 15
block 3 15
block 4 15
block 6 15
block 7 15
block 8 15
block 9 15
block 10 15
block 11 15
block 48 15
block 0 16
block 1 16
block 2 16
block 3 16
block 4 16
block 6 16
block 7 16
block 8 16
block 9 16
block 10 16
block 11 16
block 48 16
block 6 17
block 7 17
block 8 17
block 9 17
block 10 17
block 11 17
block 6 18
block 7 18
block 8 18
block 9 18
block 10 18
block 11 18
block 6 19
block 7 19
block 8 19
block 9 19
block 10 19
block 11 19
block 31 19
block 32 19
block 33 19
block 3 20
block 4 20
block 5 20
block 6 20
block 7 20
block 8 20
block 9 20
block 24 20
block 25 20
block 26 20
block 27 20
block 31 20
block 32 20
block 33 20
block 3 21
block 4 21
block 5 21
block 6 21
block 7 21
block 8 21
block 9 21
block 24 21
block 25 21
block 26 21
block 27 21
block 31 21
block 32 21
block 33 21
block 3 22
block 4 22
block 5 22
block 6 22
block 7 22
block 8 22
block 9 22
block 31 22
block 32 22
block 33 22
##BotsAndCoinsInfo
bot_name 0 starter-bot
bot 0 1 22
bot_coins 0 0
coin 29 4
coin 19 18
round 1
bot 0 0 21
round 2
bot 0 0 20
round 3
bot 0 0 19
round 4
bot 0 0 18
round 5
bot 0 0 17
coin 34 10
coin 14 12
round 6
round 7
round 8
round 9
round 10
coin 19 4
coin 29 18
round 11
round 12
round 13
round 14
round 15
coin 1 20
coin 47 2
round 16
round 17
round 18
round 19
round 20
coin 47 14
coin 1 8
round 21
round 22
round 23
round 24
round 25
coin 5 15
coin 43 7
round 26
round 27
round 28
round 29
round 30
coin 28 21
coin 20 1
round 31
round 32
round 33
round 34
round 35
coin 15 6
coin 33 16
round 36
round 37
round 38
round 39
round 40
coin 28 15
coin 20 7
round 41
round 42
round 43
round 44
round 45
coin 1 17
coin 47 5
round 46
coin_collected 1 17 0
bot_coins 0 1
round 47
round 48
round 49
round 50
coin 40 22
coin 10 0
round 51
round 52
round 53
round 54
round 55
coin 15 21
coin 34 1
round 56
round 57
round 58
round 59
round 60
coin 28 0
coin 20 22
round 61
round 62
round 63
round 64
round 65
coin 35 20
coin 13 2
round 66
round 67
round 68
round 69
round 70
coin 11 11
coin 37 11
round 71
round 72
round 73
round 74
round 75
coin 26 4
coin 22 18
round 76
round 77
round 78
round 79
round 80
coin 44 5
coin 4 17
round 81
round 82
round 83
round 84
round 85
coin 12 18
coin 36 4
round 86
round 87
round 88
round 89
round 90
coin 19 8
coin 29 14
round 91
round 92
round 93
round 94
round 95
coin 21 1
coin 27 22
round 96
round 97
round 98
round 99
round 100
coin 41 16
coin 7 6
round 101
round 102
round 103
round 104
round 105
coin 0 22
coin 48 0
round 106
round 107
round 108
round 109
round 110
coin 10 12
coin 38 10
round 111
round 112
round 113
round 114
round 115
coin 5 16
coin 43 6
round 116
round 117
round 118
round 119
round 120
coin 48 3
coin 0 19
round 121
round 122
round 123
round 124
round 125
coin 12 3
coin 36 19
round 126
round 127
round 128
round 129
round 130
coin 37 6
coin 12 16
round 131
round 132
round 133
round 134
round 135
coin 16 12
coin 32 10
round 136
round 137
round 138
round 139
round 140
coin 42 6
coin 5 17
round 141
round 142
round 143
round 144
round 145
coin 43 22
coin 5 3
round 146
round 147
round 148
round 149
round 150
coin 0 1
coin 48 21
round 151
round 152
round 153
round 154
round 155
coin 46 17
coin 2 5
round 156
round 157
round 158
round 159
round 160
coin 1 1
coin 47 21
round 161
round 162
round 163
round 164
round 165
coin 34 6
coin 14 16
round 166
round 167
round 168
round 169
round 170
coin 34 11
coin 14 11
round 171
round 172
round 173
round 174
round 175
coin 31 10
coin 17 12
round 176
round 177
round 178
round 179
round 180
coin 2 1
coin 46 21
round 181
round 182
round 183
round 184
round 185
coin 15 19
coin 33 3
round 186
round 187
round 188
round 189
round 190
coin 6 3
coin 42 19
round 191
round 192
round 193
round 194
round 195
coin 10 7
coin 38 15
round 196
round 197
round 198
round 199
round 200
coin 23 11
coin 25 11
match_over 0
