match
match_id 1639176889980_hh
match_time 1639176889983
num_bots 1
##MatchConfig
mode FRIENDLY
num_rounds 200
random_seed 42
move_time_limit 1000
coin_spawn_period 5
coin_spawn_volume 2
##MapConfig
map_size 67 38
view_radius 5
mining_radius 2
attack_radius 3
block 22 0
block 23 0
block 24 0
block 26 0
block 27 0
block 28 0
block 29 0
block 22 1
block 23 1
block 24 1
block 26 1
block 27 1
block 28 1
block 29 1
block 22 2
block 23 2
block 24 2
block 26 2
block 27 2
block 28 2
block 29 2
block 22 3
block 23 3
block 24 3
block 26 3
block 27 3
block 28 3
block 29 3
block 22 4
block 23 4
block 24 4
block 22 5
block 23 5
block 24 5
block 18 6
block 19 6
block 20 6
block 21 6
block 22 6
block 23 6
block 24 6
block 53 6
block 54 6
block 55 6
block 56 6
block 18 7
block 19 7
block 20 7
block 21 7
block 22 7
block 23 7
block 53 7
block 54 7
block 55 7
block 56 7
block 18 8
block 19 8
block 20 8
block 21 8
block 22 8
block 23 8
block 53 8
block 54 8
block 55 8
block 56 8
block 14 9
block 15 9
block 18 9
block 19 9
block 20 9
block 21 9
block 22 9
block 23 9
block 53 9
block 54 9
block 55 9
block 56 9
block 14 10
block 15 10
block 53 10
block 54 10
block 55 10
block 56 10
block 14 11
block 15 11
block 32 11
block 33 11
block 34 11
block 32 12
block 33 12
block 34 12
block 32 13
block 33 13
block 34 13
block 13 14
block 14 14
block 32 14
block 33 14
block 34 14
block 13 15
block 14 15
block 32 15
block 33 15
block 34 15
block 1 16
block 2 16
block 32 16
block 33 16
block 34 16
block 1 17
block 2 17
block 51 19
block 52 19
block 53 19
block 54 19
block 55 19
block 56 19
block 57 19
block 47 20
block 48 20
block 49 20
block 50 20
block 51 20
block 52 20
block 53 20
block 54 20
block 55 20
block 56 20
block 57 20
block 47 21
block 48 21
block 49 21
block 50 21
block 51 21
block 52 21
block 53 21
block 54 21
block 55 21
block 56 21
block 57 21
block 51 22
block 52 22
block 53 22
block 54 22
block 55 22
block 56 22
block 57 22
block 26 23
block 27 23
block 28 23
block 51 23
block 52 23
block 53 23
block 54 23
block 55 23
block 56 23
block 57 23
block 26 24
block 27 24
block 28 24
block 26 25
block 27 25
block 28 25
block 26 26
block 27 26
block 28 26
block 32 26
block 33 26
block 34 26
block 35 26
block 36 26
block 26 27
block 27 27
block 28 27
block 32 27
block 33 27
block 34 27
block 35 27
block 36 27
block 26 28
block 27 28
block 28 28
block 32 28
block 33 28
block 34 28
block 35 28
block 36 28
block 32 29
block 33 29
block 34 29
block 35 29
block 36 29
block 1 32
block 2 32
block 3 32
block 4 32
block 5 32
block 6 32
block 7 32
block 14 32
block 15 32
block 1 33
block 2 33
block 3 33
block 4 33
block 5 33
block 6 33
block 7 33
block 14 33
block 15 33
block 1 34
block 2 34
block 3 34
block 4 34
block 5 34
block 6 34
block 7 34
block 14 34
block 15 34
block 1 35
block 2 35
block 3 35
block 4 35
block 5 35
block 6 35
block 7 35
block 14 35
block 15 35
block 14 36
block 15 36
block 14 37
block 15 37
##BotsAndCoinsInfo
bot_name 0 starter-bot
bot 0 25 12
bot_coins 0 0
coin 41 9
coin 25 28
round 1
bot 0 25 13
round 2
bot 0 25 14
round 3
round 4
round 5
match_over 0
coin 24 7
coin 42 30
round 6
