match
match_id 1639178953222_iu
match_time 1639178953226
num_bots 1
##MatchConfig
mode FRIENDLY
num_rounds 200
random_seed 42
move_time_limit 1000
coin_spawn_period 5
coin_spawn_volume 2
##MapConfig
map_size 66 22
view_radius 5
mining_radius 1
attack_radius 3
block 7 0
block 8 0
block 9 0
block 41 0
block 42 0
block 43 0
block 5 1
block 6 1
block 41 1
block 42 1
block 43 1
block 5 2
block 6 2
block 17 2
block 18 2
block 19 2
block 20 2
block 21 2
block 30 2
block 31 2
block 32 2
block 33 2
block 34 2
block 35 2
block 36 2
block 41 2
block 42 2
block 43 2
block 4 3
block 5 3
block 6 3
block 17 3
block 18 3
block 19 3
block 20 3
block 21 3
block 30 3
block 31 3
block 32 3
block 33 3
block 34 3
block 35 3
block 36 3
block 37 3
block 38 3
block 39 3
block 40 3
block 41 3
block 42 3
block 52 3
block 53 3
block 54 3
block 55 3
block 56 3
block 57 3
block 0 4
block 1 4
block 2 4
block 3 4
block 4 4
block 5 4
block 6 4
block 17 4
block 18 4
block 19 4
block 20 4
block 21 4
block 30 4
block 31 4
block 32 4
block 33 4
block 34 4
block 35 4
block 36 4
block 37 4
block 38 4
block 39 4
block 40 4
block 41 4
block 42 4
block 52 4
block 53 4
block 54 4
block 55 4
block 56 4
block 57 4
block 64 4
block 65 4
block 0 5
block 1 5
block 2 5
block 3 5
block 4 5
block 5 5
block 6 5
block 9 5
block 10 5
block 17 5
block 18 5
block 19 5
block 20 5
block 21 5
block 30 5
block 31 5
block 32 5
block 33 5
block 34 5
block 35 5
block 36 5
block 37 5
block 38 5
block 39 5
block 40 5
block 41 5
block 42 5
block 52 5
block 53 5
block 54 5
block 55 5
block 56 5
block 57 5
block 64 5
block 65 5
block 0 6
block 1 6
block 2 6
block 3 6
block 4 6
block 5 6
block 6 6
block 9 6
block 10 6
block 17 6
block 18 6
block 19 6
block 20 6
block 21 6
block 30 6
block 31 6
block 32 6
block 33 6
block 34 6
block 35 6
block 36 6
block 51 6
block 52 6
block 53 6
block 54 6
block 64 6
block 65 6
block 0 7
block 1 7
block 2 7
block 3 7
block 4 7
block 5 7
block 6 7
block 9 7
block 10 7
block 17 7
block 18 7
block 19 7
block 20 7
block 21 7
block 39 7
block 40 7
block 51 7
block 52 7
block 53 7
block 54 7
block 64 7
block 65 7
block 0 8
block 1 8
block 2 8
block 3 8
block 4 8
block 5 8
block 6 8
block 9 8
block 10 8
block 17 8
block 18 8
block 19 8
block 20 8
block 21 8
block 39 8
block 40 8
block 51 8
block 52 8
block 53 8
block 54 8
block 64 8
block 65 8
block 0 9
block 1 9
block 2 9
block 3 9
block 4 9
block 9 9
block 10 9
block 39 9
block 40 9
block 51 9
block 52 9
block 53 9
block 54 9
block 64 9
block 65 9
block 0 10
block 1 10
block 2 10
block 3 10
block 4 10
block 18 10
block 19 10
block 20 10
block 21 10
block 39 10
block 40 10
block 64 10
block 65 10
block 18 11
block 19 11
block 20 11
block 21 11
block 39 11
block 40 11
block 41 11
block 42 11
block 43 11
block 39 12
block 40 12
block 41 12
block 42 12
block 43 12
block 44 12
block 45 12
block 46 12
block 50 12
block 51 12
block 52 12
block 39 13
block 40 13
block 41 13
block 42 13
block 43 13
block 44 13
block 45 13
block 46 13
block 50 13
block 51 13
block 52 13
block 39 14
block 40 14
block 41 14
block 42 14
block 43 14
block 44 14
block 45 14
block 46 14
block 50 14
block 51 14
block 52 14
block 6 15
block 7 15
block 8 15
block 9 15
block 10 15
block 34 15
block 35 15
block 36 15
block 37 15
block 38 15
block 50 15
block 51 15
block 52 15
block 6 16
block 7 16
block 8 16
block 9 16
block 10 16
block 11 16
block 12 16
block 34 16
block 35 16
block 36 16
block 37 16
block 38 16
block 50 16
block 51 16
block 52 16
block 59 16
block 60 16
block 6 17
block 7 17
block 8 17
block 9 17
block 10 17
block 11 17
block 12 17
block 59 17
block 60 17
block 6 18
block 7 18
block 8 18
block 9 18
block 10 18
block 41 18
block 42 18
block 43 18
block 41 19
block 42 19
block 43 19
block 54 19
block 55 19
block 41 20
block 42 20
block 43 20
block 54 20
block 55 20
block 7 21
block 8 21
block 9 21
block 41 21
block 42 21
block 43 21
block 54 21
block 55 21
##BotsAndCoinsInfo
bot_name 0 starter-bot
bot 0 16 14
bot_coins 0 0
coin 62 15
coin 3 3
round 1
bot 0 16 15
round 2
bot 0 16 16
round 3
bot 0 16 17
round 4
bot 0 16 18
round 5
bot 0 16 19
coin 30 16
coin 35 7
round 6
bot 0 16 20
round 7
bot 0 16 21
round 8
bot 0 15 20
round 9
bot 0 15 19
round 10
bot 0 15 18
coin 36 19
coin 29 2
round 11
bot 0 15 17
round 12
bot 0 15 16
round 13
bot 0 15 15
round 14
bot 0 15 14
round 15
bot 0 15 13
coin 23 2
coin 40 19
round 16
bot 0 15 12
round 17
bot 0 15 11
round 18
bot 0 15 10
round 19
bot 0 15 9
round 20
bot 0 15 8
coin 43 17
coin 22 4
round 21
bot 0 15 7
round 22
bot 0 15 6
round 23
bot 0 15 5
round 24
bot 0 15 4
round 25
bot 0 15 3
coin 44 18
coin 22 3
round 26
bot 0 15 2
round 27
bot 0 15 1
round 28
bot 0 15 0
round 29
bot 0 14 1
round 30
bot 0 14 2
coin 24 0
coin 40 21
round 31
bot 0 14 3
round 32
bot 0 14 4
round 33
bot 0 14 5
round 34
bot 0 14 6
round 35
bot 0 14 7
coin 2 0
coin 63 21
round 36
bot 0 14 8
round 37
bot 0 14 9
round 38
bot 0 14 10
round 39
bot 0 14 11
round 40
bot 0 14 12
coin 48 20
coin 17 1
round 41
bot 0 14 13
round 42
bot 0 14 14
round 43
bot 0 14 15
round 44
bot 0 14 16
round 45
bot 0 14 17
coin 55 9
coin 10 12
round 46
bot 0 14 18
round 47
bot 0 14 19
round 48
bot 0 14 20
round 49
bot 0 14 21
round 50
bot 0 13 20
coin 32 15
coin 33 7
round 51
bot 0 13 19
round 52
bot 0 13 18
round 53
bot 0 13 17
round 54
bot 0 13 16
round 55
bot 0 13 15
coin 14 9
coin 51 11
round 56
bot 0 13 14
round 57
bot 0 13 13
round 58
bot 0 13 12
round 59
bot 0 13 11
round 60
bot 0 13 10
coin 23 19
coin 43 3
round 61
bot 0 13 9
coin_collected 14 9 0
bot_coins 0 1
round 62
bot 0 13 8
round 63
bot 0 13 7
round 64
bot 0 13 6
round 65
bot 0 13 5
coin 11 6
coin 54 15
round 66
bot 0 13 4
round 67
bot 0 13 3
round 68
bot 0 13 2
round 69
bot 0 13 1
round 70
bot 0 13 0
coin 37 18
coin 28 3
round 71
bot 0 12 1
round 72
bot 0 12 2
round 73
bot 0 12 3
round 74
bot 0 12 4
round 75
bot 0 12 5
coin 23 4
coin 42 17
round 76
bot 0 12 6
coin_collected 11 6 0
bot_coins 0 2
round 77
bot 0 12 7
round 78
bot 0 12 8
round 79
bot 0 12 9
round 80
bot 0 12 10
coin 56 13
coin 8 8
round 81
bot 0 12 11
round 82
bot 0 12 12
round 83
bot 0 12 13
round 84
bot 0 12 14
round 85
bot 0 12 15
coin 65 3
coin 0 18
round 86
round 87
round 88
round 89
round 90
coin 54 11
coin 11 10
round 91
round 92
round 93
round 94
round 95
coin 43 4
coin 22 17
round 96
round 97
round 98
round 99
round 100
coin 35 1
coin 30 20
round 101
round 102
round 103
round 104
round 105
coin 23 13
coin 42 8
round 106
round 107
round 108
round 109
round 110
coin 63 6
coin 2 15
round 111
round 112
round 113
round 114
round 115
coin 1 3
coin 64 18
round 116
round 117
round 118
round 119
round 120
coin 7 11
coin 58 10
round 121
round 122
round 123
round 124
round 125
coin 37 2
coin 28 19
round 126
round 127
round 128
round 129
round 130
coin 8 4
coin 57 17
round 131
round 132
round 133
round 134
round 135
coin 2 2
coin 63 19
round 136
round 137
round 138
round 139
round 140
coin 55 17
coin 10 4
round 141
round 142
round 143
round 144
round 145
coin 27 15
coin 38 6
round 146
round 147
round 148
round 149
round 150
coin 2 3
coin 63 18
round 151
round 152
round 153
round 154
round 155
coin 26 19
coin 39 2
round 156
round 157
round 158
round 159
round 160
coin 26 4
coin 39 17
round 161
round 162
round 163
round 164
round 165
coin 38 2
coin 27 19
round 166
round 167
round 168
round 169
round 170
coin 45 15
coin 22 6
round 171
round 172
round 173
round 174
round 175
coin 16 13
coin 49 8
round 176
round 177
round 178
round 179
round 180
coin 13 15
coin 51 5
round 181
coin_collected 13 15 0
bot_coins 0 3
round 182
round 183
round 184
round 185
coin 0 3
coin 65 18
round 186
round 187
round 188
round 189
round 190
coin 62 8
coin 3 13
round 191
round 192
round 193
round 194
round 195
coin 65 21
coin 0 0
round 196
round 197
round 198
round 199
round 200
coin 54 14
coin 11 7
match_over 0
