match
match_id 1639430682278_ab
match_time 1639430682284
num_bots 1
##MatchConfig
mode FRIENDLY
num_rounds 200
random_seed 42
move_time_limit 1000
coin_spawn_period 5
coin_spawn_volume 2
##MapConfig
map_size 66 32
view_radius 5
mining_radius 1
attack_radius 4
block 12 0
block 13 0
block 14 0
block 15 0
block 16 0
block 17 0
block 18 0
block 47 1
block 48 1
block 47 2
block 48 2
block 31 3
block 32 3
block 33 3
block 34 3
block 35 3
block 36 3
block 37 3
block 44 3
block 45 3
block 47 3
block 48 3
block 0 4
block 1 4
block 26 4
block 27 4
block 31 4
block 32 4
block 33 4
block 34 4
block 35 4
block 36 4
block 37 4
block 44 4
block 45 4
block 47 4
block 48 4
block 62 4
block 63 4
block 64 4
block 65 4
block 0 5
block 1 5
block 22 5
block 23 5
block 24 5
block 25 5
block 26 5
block 27 5
block 28 5
block 31 5
block 32 5
block 33 5
block 34 5
block 35 5
block 36 5
block 37 5
block 44 5
block 45 5
block 47 5
block 48 5
block 62 5
block 63 5
block 64 5
block 65 5
block 0 6
block 1 6
block 4 6
block 5 6
block 6 6
block 22 6
block 23 6
block 24 6
block 25 6
block 26 6
block 27 6
block 28 6
block 31 6
block 32 6
block 33 6
block 34 6
block 35 6
block 36 6
block 37 6
block 47 6
block 48 6
block 62 6
block 63 6
block 64 6
block 65 6
block 0 7
block 1 7
block 4 7
block 5 7
block 6 7
block 22 7
block 23 7
block 24 7
block 25 7
block 26 7
block 27 7
block 28 7
block 31 7
block 32 7
block 33 7
block 34 7
block 35 7
block 36 7
block 37 7
block 47 7
block 48 7
block 62 7
block 63 7
block 64 7
block 65 7
block 0 8
block 1 8
block 4 8
block 5 8
block 6 8
block 22 8
block 23 8
block 24 8
block 25 8
block 26 8
block 27 8
block 28 8
block 62 8
block 63 8
block 64 8
block 65 8
block 0 9
block 1 9
block 4 9
block 5 9
block 6 9
block 62 9
block 63 9
block 64 9
block 65 9
block 4 10
block 5 10
block 6 10
block 10 10
block 11 10
block 12 10
block 49 10
block 50 10
block 51 10
block 52 10
block 53 10
block 54 10
block 55 10
block 56 10
block 57 10
block 58 10
block 59 10
block 60 10
block 61 10
block 10 11
block 11 11
block 12 11
block 49 11
block 50 11
block 51 11
block 52 11
block 53 11
block 54 11
block 55 11
block 56 11
block 57 11
block 58 11
block 59 11
block 60 11
block 61 11
block 0 12
block 1 12
block 10 12
block 11 12
block 12 12
block 30 12
block 31 12
block 32 12
block 33 12
block 49 12
block 50 12
block 51 12
block 52 12
block 53 12
block 54 12
block 55 12
block 56 12
block 57 12
block 58 12
block 59 12
block 60 12
block 61 12
block 0 13
block 1 13
block 10 13
block 11 13
block 12 13
block 17 13
block 18 13
block 19 13
block 20 13
block 21 13
block 22 13
block 23 13
block 30 13
block 31 13
block 32 13
block 33 13
block 34 13
block 49 13
block 50 13
block 51 13
block 52 13
block 53 13
block 54 13
block 55 13
block 56 13
block 57 13
block 58 13
block 59 13
block 60 13
block 61 13
block 62 13
block 0 14
block 1 14
block 2 14
block 3 14
block 4 14
block 5 14
block 6 14
block 10 14
block 11 14
block 12 14
block 13 14
block 14 14
block 17 14
block 18 14
block 19 14
block 20 14
block 21 14
block 22 14
block 23 14
block 30 14
block 31 14
block 32 14
block 33 14
block 34 14
block 49 14
block 50 14
block 51 14
block 52 14
block 53 14
block 54 14
block 55 14
block 56 14
block 57 14
block 58 14
block 59 14
block 60 14
block 61 14
block 62 14
block 0 15
block 1 15
block 2 15
block 3 15
block 4 15
block 5 15
block 6 15
block 10 15
block 11 15
block 12 15
block 13 15
block 14 15
block 30 15
block 31 15
block 32 15
block 33 15
block 34 15
block 49 15
block 50 15
block 51 15
block 52 15
block 53 15
block 54 15
block 55 15
block 56 15
block 57 15
block 58 15
block 59 15
block 60 15
block 61 15
block 62 15
block 0 16
block 1 16
block 2 16
block 3 16
block 4 16
block 5 16
block 6 16
block 10 16
block 11 16
block 12 16
block 13 16
block 14 16
block 16 16
block 17 16
block 18 16
block 19 16
block 20 16
block 21 16
block 30 16
block 31 16
block 32 16
block 33 16
block 34 16
block 56 16
block 57 16
block 58 16
block 59 16
block 60 16
block 61 16
block 62 16
block 0 17
block 1 17
block 2 17
block 3 17
block 4 17
block 5 17
block 6 17
block 13 17
block 14 17
block 16 17
block 17 17
block 18 17
block 19 17
block 20 17
block 21 17
block 30 17
block 31 17
block 32 17
block 33 17
block 34 17
block 56 17
block 57 17
block 58 17
block 59 17
block 60 17
block 61 17
block 62 17
block 13 18
block 14 18
block 16 18
block 17 18
block 18 18
block 19 18
block 20 18
block 21 18
block 28 18
block 29 18
block 30 18
block 31 18
block 32 18
block 33 18
block 34 18
block 58 18
block 59 18
block 60 18
block 61 18
block 62 18
block 15 19
block 16 19
block 17 19
block 18 19
block 19 19
block 20 19
block 21 19
block 28 19
block 29 19
block 33 19
block 34 19
block 58 19
block 59 19
block 60 19
block 61 19
block 62 19
block 15 20
block 16 20
block 17 20
block 18 20
block 19 20
block 20 20
block 21 20
block 28 20
block 29 20
block 33 20
block 34 20
block 15 21
block 16 21
block 17 21
block 18 21
block 19 21
block 20 21
block 21 21
block 28 21
block 29 21
block 19 22
block 20 22
block 21 22
block 19 23
block 20 23
block 21 23
block 19 24
block 20 24
block 21 24
block 49 24
block 50 24
block 51 24
block 52 24
block 53 24
block 19 25
block 20 25
block 21 25
block 49 25
block 50 25
block 51 25
block 52 25
block 53 25
block 58 25
block 59 25
block 60 25
block 61 25
block 19 26
block 20 26
block 21 26
block 49 26
block 50 26
block 51 26
block 52 26
block 53 26
block 58 26
block 59 26
block 60 26
block 61 26
block 49 27
block 50 27
block 51 27
block 52 27
block 53 27
block 58 27
block 59 27
block 60 27
block 61 27
block 58 28
block 59 28
block 60 28
block 61 28
block 0 29
block 1 29
block 2 29
block 3 29
block 0 30
block 1 30
block 2 30
block 3 30
block 12 30
block 13 30
block 14 30
block 15 30
block 16 30
block 17 30
block 18 30
block 12 31
block 13 31
block 14 31
block 15 31
block 16 31
block 17 31
block 18 31
##BotsAndCoinsInfo
bot_name 0 starter-bot
bot 0 14 24
bot_coins 0 0
coin 62 1
coin 4 30
round 1
bot 0 14 25
round 2
bot 0 14 26
round 3
bot 0 14 27
round 4
bot 0 14 28
round 5
bot 0 14 29
coin 30 1
coin 35 30
round 6
bot 0 13 29
round 7
bot 0 12 29
round 8
bot 0 11 29
round 9
bot 0 11 30
round 10
bot 0 11 31
coin 36 30
coin 29 1
round 11
bot 0 10 30
round 12
bot 0 10 29
round 13
bot 0 10 28
round 14
bot 0 10 27
round 15
bot 0 10 26
coin 23 22
coin 42 9
round 16
bot 0 10 25
round 17
bot 0 10 24
round 18
bot 0 10 23
round 19
bot 0 10 22
round 20
bot 0 10 21
coin 43 2
coin 22 29
round 21
bot 0 10 20
round 22
bot 0 10 19
round 23
bot 0 10 18
round 24
bot 0 10 17
round 25
bot 0 9 17
coin 44 14
coin 22 17
round 26
bot 0 9 16
round 27
bot 0 9 15
round 28
bot 0 9 14
round 29
bot 0 9 13
round 30
bot 0 9 12
coin 24 12
coin 41 19
round 31
bot 0 9 11
round 32
bot 0 9 10
round 33
bot 0 9 9
round 34
bot 0 9 8
round 35
bot 0 9 7
coin 2 22
coin 63 10
round 36
bot 0 9 6
round 37
bot 0 9 5
round 38
bot 0 9 4
round 39
bot 0 9 3
round 40
bot 0 9 2
coin 48 24
coin 17 7
round 41
bot 0 9 1
round 42
bot 0 9 0
round 43
bot 0 8 1
round 44
bot 0 8 2
round 45
bot 0 8 3
coin 55 31
coin 10 0
round 46
bot 0 9 2
round 47
bot 0 10 1
coin_collected 10 0 0
bot_coins 0 1
round 48
bot 0 10 2
round 49
bot 0 10 3
round 50
bot 0 10 4
coin 30 4
coin 35 27
round 51
bot 0 10 5
round 52
bot 0 10 6
round 53
bot 0 10 7
round 54
bot 0 10 8
round 55
bot 0 10 9
coin 15 14
coin 50 17
round 56
bot 0 9 9
round 57
bot 0 9 10
round 58
bot 0 9 11
round 59
bot 0 9 12
round 60
bot 0 9 13
coin 23 29
coin 42 2
round 61
bot 0 9 14
round 62
bot 0 9 15
round 63
bot 0 9 16
round 64
bot 0 9 17
round 65
bot 0 9 18
coin 10 25
coin 55 6
round 66
bot 0 9 19
round 67
bot 0 9 20
round 68
bot 0 9 21
round 69
bot 0 10 22
round 70
bot 0 9 23
coin 38 4
coin 27 27
round 71
bot 0 10 24
coin_collected 10 25 0
bot_coins 0 2
round 72
bot 0 10 25
round 73
bot 0 10 26
round 74
bot 0 10 27
round 75
bot 0 10 28
coin 22 10
coin 43 21
round 76
bot 0 10 29
round 77
bot 0 10 30
round 78
bot 0 10 31
round 79
bot 0 9 30
round 80
bot 0 9 29
coin 56 8
coin 9 23
round 81
bot 0 9 28
round 82
bot 0 9 27
round 83
bot 0 8 26
round 84
bot 0 9 25
round 85
bot 0 8 24
coin 65 11
coin 0 20
round 86
bot 0 9 23
coin_collected 9 23 0
bot_coins 0 3
round 87
bot 0 9 22
round 88
bot 0 9 21
round 89
bot 0 9 20
round 90
bot 0 9 19
coin 54 5
coin 11 26
round 91
bot 0 9 18
round 92
bot 0 9 17
round 93
bot 0 9 16
round 94
bot 0 9 15
round 95
bot 0 9 14
coin 43 8
coin 22 23
round 96
bot 0 9 13
round 97
bot 0 9 12
round 98
bot 0 9 11
round 99
bot 0 9 10
round 100
bot 0 9 9
coin 35 20
coin 30 11
round 101
bot 0 9 8
round 102
bot 0 9 7
round 103
bot 0 9 6
round 104
bot 0 9 5
round 105
bot 0 9 4
coin 23 2
coin 42 29
round 106
bot 0 9 3
round 107
bot 0 9 2
round 108
bot 0 9 1
round 109
bot 0 9 0
round 110
bot 0 8 1
coin 65 2
coin 0 28
round 111
bot 0 8 2
round 112
bot 0 8 3
round 113
bot 0 8 4
round 114
bot 0 8 5
round 115
bot 0 8 6
coin 1 25
coin 61 6
round 116
bot 0 8 7
round 117
bot 0 8 8
round 118
bot 0 8 9
round 119
bot 0 8 10
round 120
bot 0 8 11
coin 7 10
coin 58 21
round 121
bot 0 7 10
coin_collected 7 10 0
bot_coins 0 4
round 122
bot 0 7 11
round 123
bot 0 7 12
round 124
bot 0 7 13
round 125
bot 0 7 14
coin 38 6
coin 27 25
round 126
bot 0 7 15
round 127
bot 0 7 16
round 128
bot 0 7 17
round 129
bot 0 7 18
round 130
bot 0 7 19
coin 8 0
coin 57 31
round 131
bot 0 7 20
round 132
bot 0 7 21
round 133
bot 0 7 22
round 134
bot 0 7 23
round 135
bot 0 7 24
coin 2 24
coin 61 7
round 136
bot 0 7 25
round 137
bot 0 8 26
round 138
bot 0 9 25
round 139
bot 0 10 26
coin_collected 11 26 0
bot_coins 0 5
round 140
bot 0 10 27
coin 55 2
coin 10 29
round 141
bot 0 9 28
round 142
bot 0 8 27
round 143
bot 0 8 28
round 144
bot 0 7 29
round 145
bot 0 6 30
coin 27 17
coin 38 14
round 146
bot 0 5 29
round 147
bot 0 4 30
coin_collected 4 30 0
bot_coins 0 6
round 148
bot 0 4 29
round 149
bot 0 3 28
round 150
bot 0 2 28
coin 1 27
coin 64 3
round 151
bot 0 1 28
coin_collected 0 28 0
bot_coins 0 7
coin_collected 1 27 0
bot_coins 0 8
round 152
bot 0 0 28
round 153
bot 0 65 28
round 154
bot 0 64 27
round 155
bot 0 63 26
coin 26 9
coin 39 22
round 156
bot 0 62 25
round 157
bot 0 62 26
round 158
bot 0 62 27
round 159
bot 0 62 28
round 160
bot 0 62 29
coin 26 19
coin 39 12
round 161
round 162
bot 0 61 29
round 163
bot 0 60 30
round 164
bot 0 59 31
round 165
bot 0 58 30
coin 38 5
coin 27 26
round 166
bot 0 58 29
round 167
bot 0 57 29
round 168
bot 0 56 30
round 169
bot 0 55 29
round 170
bot 0 55 28
coin 45 12
coin 22 19
round 171
bot 0 54 29
round 172
bot 0 55 30
coin_collected 55 31 0
bot_coins 0 9
round 173
bot 0 54 29
round 174
bot 0 55 30
round 175
bot 0 54 29
coin 16 4
coin 49 28
round 176
bot 0 55 30
round 177
bot 0 54 29
round 178
bot 0 53 29
round 179
bot 0 52 28
round 180
bot 0 51 28
coin 13 13
coin 52 18
round 181
bot 0 50 28
coin_collected 49 28 0
bot_coins 0 10
round 182
bot 0 49 28
round 183
bot 0 48 28
round 184
bot 0 47 27
round 185
bot 0 48 26
coin 1 20
coin 64 11
round 186
bot 0 47 25
round 187
bot 0 48 24
coin_collected 48 24 0
bot_coins 0 11
round 188
bot 0 48 23
round 189
bot 0 48 22
round 190
bot 0 48 21
coin 62 22
coin 3 9
round 191
bot 0 48 20
round 192
bot 0 49 19
round 193
bot 0 50 18
coin_collected 50 17 0
bot_coins 0 12
round 194
bot 0 51 17
round 195
bot 0 52 18
coin_collected 52 18 0
bot_coins 0 13
coin 65 30
coin 0 1
round 196
bot 0 52 17
round 197
bot 0 52 16
round 198
bot 0 51 16
round 199
bot 0 50 16
round 200
bot 0 49 16
coin 54 17
coin 9 14
match_over 0
