match
match_id 1639168512772_bo
match_time 1639168512773
num_bots 1
##MatchConfig
mode FRIENDLY
num_rounds 200
random_seed 42
move_time_limit 1000
coin_spawn_period 5
coin_spawn_volume 2
##MapConfig
map_size 58 21
view_radius 6
mining_radius 1
attack_radius 3
block 16 0
block 17 0
block 37 0
block 38 0
block 39 0
block 40 0
block 41 0
block 54 0
block 55 0
block 56 0
block 57 0
block 37 1
block 38 1
block 39 1
block 40 1
block 41 1
block 54 1
block 55 1
block 56 1
block 57 1
block 54 2
block 55 2
block 56 2
block 57 2
block 38 3
block 39 3
block 40 3
block 41 3
block 42 3
block 54 3
block 55 3
block 56 3
block 57 3
block 38 4
block 39 4
block 40 4
block 41 4
block 42 4
block 54 4
block 55 4
block 56 4
block 57 4
block 1 5
block 2 5
block 3 5
block 4 5
block 38 5
block 39 5
block 40 5
block 41 5
block 42 5
block 54 5
block 55 5
block 56 5
block 57 5
block 1 6
block 2 6
block 3 6
block 4 6
block 38 6
block 39 6
block 40 6
block 41 6
block 42 6
block 27 7
block 28 7
block 29 7
block 30 7
block 38 7
block 39 7
block 40 7
block 41 7
block 42 7
block 27 8
block 28 8
block 29 8
block 30 8
block 27 9
block 28 9
block 29 9
block 30 9
block 42 9
block 43 9
block 44 9
block 45 9
block 46 9
block 47 9
block 48 9
block 27 10
block 28 10
block 29 10
block 30 10
block 42 10
block 43 10
block 44 10
block 45 10
block 46 10
block 47 10
block 48 10
block 27 11
block 28 11
block 29 11
block 30 11
block 4 12
block 5 12
block 6 12
block 7 12
block 8 12
block 9 12
block 10 12
block 4 13
block 5 13
block 6 13
block 7 13
block 8 13
block 9 13
block 10 13
block 4 14
block 5 14
block 6 14
block 7 14
block 8 14
block 9 14
block 10 14
block 4 15
block 5 15
block 6 15
block 7 15
block 8 15
block 9 15
block 10 15
block 4 16
block 5 16
block 6 16
block 7 16
block 8 16
block 9 16
block 10 16
block 55 16
block 56 16
block 4 17
block 5 17
block 6 17
block 7 17
block 8 17
block 9 17
block 10 17
block 55 17
block 56 17
block 16 18
block 17 18
block 37 18
block 38 18
block 39 18
block 40 18
block 41 18
block 55 18
block 56 18
block 16 19
block 17 19
block 37 19
block 38 19
block 39 19
block 40 19
block 41 19
block 55 19
block 56 19
block 16 20
block 17 20
block 37 20
block 38 20
block 39 20
block 40 20
block 41 20
block 54 20
block 55 20
block 56 20
block 57 20
##BotsAndCoinsInfo
bot_name 0 starter-bot
bot 0 13 9
bot_coins 0 0
coin 44 12
coin 13 8
round 1
bot 0 13 10
round 2
bot 0 13 11
round 3
bot 0 13 12
round 4
bot 0 13 13
round 5
bot 0 13 14
coin 38 17
coin 19 3
round 6
bot 0 13 15
round 7
bot 0 13 16
round 8
bot 0 13 17
round 9
bot 0 13 18
round 10
bot 0 13 19
coin 43 4
coin 14 16
round 11
bot 0 13 20
round 12
round 13
round 14
round 15
coin 27 17
coin 30 3
round 16
round 17
round 18
round 19
round 20
coin 31 17
coin 26 3
round 21
round 22
round 23
round 24
round 25
match_over 0
coin 26 11
coin 31 9
round 26
