match
match_id 1639175937271_gj
match_time 1639175937273
num_bots 1
##MatchConfig
mode FRIENDLY
num_rounds 200
random_seed 42
move_time_limit 1000
coin_spawn_period 5
coin_spawn_volume 2
##MapConfig
map_size 56 30
view_radius 5
mining_radius 2
attack_radius 3
block 31 0
block 32 0
block 33 0
block 34 0
block 35 0
block 36 0
block 37 0
block 32 1
block 33 1
block 34 1
block 35 1
block 36 1
block 37 1
block 26 2
block 27 2
block 25 3
block 26 3
block 27 3
block 28 3
block 29 3
block 25 4
block 26 4
block 27 4
block 28 4
block 29 4
block 0 5
block 25 5
block 26 5
block 27 5
block 28 5
block 29 5
block 55 5
block 0 6
block 55 6
block 0 7
block 19 7
block 20 7
block 21 7
block 22 7
block 55 7
block 0 8
block 19 8
block 20 8
block 21 8
block 22 8
block 55 8
block 0 9
block 19 9
block 20 9
block 21 9
block 22 9
block 55 9
block 0 10
block 1 10
block 19 10
block 20 10
block 21 10
block 22 10
block 52 10
block 53 10
block 54 10
block 55 10
block 0 11
block 1 11
block 52 11
block 53 11
block 54 11
block 55 11
block 0 12
block 1 12
block 52 12
block 53 12
block 54 12
block 55 12
block 15 13
block 16 13
block 17 13
block 18 13
block 19 13
block 20 13
block 21 13
block 15 14
block 16 14
block 17 14
block 18 14
block 19 14
block 20 14
block 21 14
block 11 16
block 12 16
block 11 17
block 12 17
block 11 18
block 12 18
block 11 19
block 12 19
block 22 19
block 23 19
block 24 19
block 25 19
block 26 19
block 27 19
block 28 19
block 11 20
block 12 20
block 22 20
block 23 20
block 24 20
block 25 20
block 26 20
block 27 20
block 28 20
block 22 21
block 23 21
block 24 21
block 25 21
block 26 21
block 27 21
block 28 21
block 22 22
block 23 22
block 24 22
block 25 22
block 26 22
block 27 22
block 28 22
block 43 22
block 44 22
block 45 22
block 46 22
block 47 22
block 48 22
block 22 23
block 23 23
block 24 23
block 25 23
block 26 23
block 27 23
block 28 23
block 43 23
block 44 23
block 45 23
block 46 23
block 47 23
block 48 23
block 34 24
block 35 24
block 43 24
block 44 24
block 45 24
block 46 24
block 47 24
block 48 24
block 31 25
block 32 25
block 33 25
block 34 25
block 35 25
block 36 25
block 37 25
block 43 25
block 44 25
block 45 25
block 46 25
block 47 25
block 48 25
block 31 26
block 32 26
block 33 26
block 34 26
block 35 26
block 36 26
block 37 26
block 43 26
block 44 26
block 45 26
block 46 26
block 47 26
block 48 26
block 31 27
block 32 27
block 33 27
block 34 27
block 35 27
block 36 27
block 37 27
block 43 27
block 44 27
block 45 27
block 46 27
block 47 27
block 48 27
block 13 28
block 14 28
block 15 28
block 16 28
block 17 28
block 18 28
block 31 28
block 32 28
block 33 28
block 34 28
block 35 28
block 36 28
block 37 28
block 43 28
block 44 28
block 45 28
block 46 28
block 47 28
block 48 28
block 13 29
block 14 29
block 15 29
block 16 29
block 17 29
block 18 29
block 31 29
block 32 29
block 33 29
block 34 29
block 35 29
block 36 29
block 37 29
##BotsAndCoinsInfo
bot_name 0 starter-bot
bot 0 47 18
bot_coins 0 0
coin 50 3
coin 5 26
round 1
bot 0 47 19
round 2
bot 0 47 20
round 3
bot 0 47 21
round 4
round 5
coin 48 14
coin 7 15
round 6
round 7
round 8
round 9
round 10
coin 26 25
coin 30 4
round 11
round 12
round 13
round 14
round 15
coin 1 8
coin 54 21
round 16
round 17
round 18
round 19
round 20
coin 55 23
coin 1 6
round 21
round 22
round 23
round 24
round 25
coin 38 2
coin 17 27
round 26
round 27
round 28
round 29
round 30
coin 28 12
coin 27 17
round 31
round 32
round 33
round 34
round 35
coin 36 2
coin 19 27
round 36
round 37
round 38
round 39
round 40
coin 0 0
coin 55 29
round 41
round 42
round 43
round 44
round 45
coin 7 29
coin 48 0
round 46
round 47
round 48
round 49
round 50
coin 40 13
coin 15 16
round 51
round 52
round 53
round 54
round 55
coin 49 3
coin 6 26
round 56
round 57
round 58
round 59
round 60
coin 35 21
coin 18 8
round 61
round 62
round 63
round 64
round 65
coin 14 27
coin 41 2
round 66
round 67
round 68
round 69
round 70
coin 11 6
coin 42 23
round 71
round 72
round 73
round 74
round 75
coin 26 6
coin 29 23
round 76
round 77
round 78
round 79
round 80
coin 30 5
coin 25 24
round 81
round 82
round 83
round 84
round 85
coin 17 17
coin 38 12
round 86
round 87
round 88
round 89
round 90
coin 12 13
coin 43 16
round 91
round 92
round 93
round 94
round 95
coin 49 24
coin 6 5
round 96
round 97
round 98
round 99
round 100
coin 27 25
coin 28 2
round 101
round 102
round 103
round 104
round 105
coin 7 7
coin 48 21
round 106
coin_collected 48 21 0
bot_coins 0 1
round 107
round 108
round 109
round 110
coin 31 24
coin 24 5
round 111
round 112
round 113
round 114
round 115
coin 55 4
coin 0 25
round 116
round 117
round 118
round 119
round 120
coin 13 13
coin 42 16
round 121
round 122
round 123
round 124
round 125
coin 33 20
coin 23 9
round 126
round 127
round 128
round 129
round 130
coin 30 16
coin 25 13
round 131
round 132
round 133
round 134
round 135
coin 16 10
coin 39 19
round 136
round 137
round 138
round 139
round 140
coin 49 19
coin 6 10
round 141
round 142
round 143
round 144
round 145
coin 30 3
coin 25 26
round 146
round 147
round 148
round 149
round 150
coin 49 29
coin 6 0
round 151
round 152
round 153
round 154
round 155
coin 32 2
coin 23 27
round 156
round 157
round 158
round 159
round 160
coin 22 14
coin 33 15
round 161
round 162
round 163
round 164
round 165
coin 6 19
coin 49 10
round 166
round 167
round 168
round 169
round 170
coin 54 9
coin 1 20
round 171
round 172
round 173
round 174
round 175
coin 38 11
coin 17 18
round 176
round 177
round 178
round 179
round 180
coin 53 19
coin 2 10
round 181
round 182
round 183
round 184
round 185
coin 30 23
coin 25 6
round 186
round 187
round 188
round 189
round 190
coin 26 10
coin 29 19
round 191
round 192
round 193
round 194
round 195
coin 17 3
coin 38 26
round 196
round 197
round 198
round 199
round 200
coin 16 4
coin 39 25
match_over 0
