match
match_id 1639216756760_nq
match_time 1639216756762
num_bots 1
##MatchConfig
mode FRIENDLY
num_rounds 200
random_seed 42
move_time_limit 1000
coin_spawn_period 5
coin_spawn_volume 2
##MapConfig
map_size 56 20
view_radius 6
mining_radius 1
attack_radius 3
block 9 0
block 10 0
block 11 0
block 12 0
block 13 0
block 16 0
block 17 0
block 18 0
block 19 0
block 46 0
block 47 0
block 48 0
block 49 0
block 50 0
block 51 0
block 52 0
block 53 0
block 9 1
block 10 1
block 11 1
block 12 1
block 13 1
block 46 1
block 47 1
block 48 1
block 49 1
block 50 1
block 51 1
block 52 1
block 53 1
block 9 2
block 10 2
block 11 2
block 12 2
block 13 2
block 49 2
block 50 2
block 51 2
block 52 2
block 53 2
block 49 3
block 50 3
block 51 3
block 52 3
block 53 3
block 1 8
block 2 8
block 1 9
block 2 9
block 1 10
block 2 10
block 1 11
block 2 11
block 11 11
block 12 11
block 13 11
block 14 11
block 22 11
block 23 11
block 24 11
block 25 11
block 26 11
block 1 12
block 2 12
block 11 12
block 12 12
block 13 12
block 14 12
block 22 12
block 23 12
block 24 12
block 25 12
block 26 12
block 1 13
block 2 13
block 11 13
block 12 13
block 13 13
block 14 13
block 22 13
block 23 13
block 24 13
block 25 13
block 26 13
block 37 13
block 38 13
block 39 13
block 40 13
block 41 13
block 42 13
block 43 13
block 0 14
block 1 14
block 2 14
block 3 14
block 4 14
block 5 14
block 11 14
block 12 14
block 13 14
block 14 14
block 22 14
block 23 14
block 24 14
block 25 14
block 26 14
block 37 14
block 38 14
block 39 14
block 40 14
block 41 14
block 42 14
block 43 14
block 55 14
block 0 15
block 1 15
block 2 15
block 3 15
block 4 15
block 5 15
block 11 15
block 12 15
block 13 15
block 14 15
block 16 15
block 17 15
block 18 15
block 19 15
block 37 15
block 38 15
block 39 15
block 40 15
block 41 15
block 42 15
block 43 15
block 53 15
block 54 15
block 55 15
block 0 16
block 1 16
block 2 16
block 3 16
block 4 16
block 5 16
block 11 16
block 12 16
block 13 16
block 14 16
block 16 16
block 17 16
block 18 16
block 19 16
block 37 16
block 38 16
block 39 16
block 40 16
block 41 16
block 42 16
block 43 16
block 44 16
block 45 16
block 46 16
block 47 16
block 48 16
block 49 16
block 53 16
block 54 16
block 55 16
block 0 17
block 1 17
block 2 17
block 3 17
block 4 17
block 5 17
block 16 17
block 17 17
block 18 17
block 19 17
block 43 17
block 44 17
block 45 17
block 46 17
block 47 17
block 48 17
block 49 17
block 53 17
block 54 17
block 55 17
block 0 18
block 1 18
block 2 18
block 3 18
block 4 18
block 5 18
block 9 18
block 10 18
block 11 18
block 12 18
block 13 18
block 16 18
block 17 18
block 18 18
block 19 18
block 53 18
block 54 18
block 55 18
block 0 19
block 1 19
block 2 19
block 3 19
block 4 19
block 5 19
block 9 19
block 10 19
block 11 19
block 12 19
block 13 19
block 16 19
block 17 19
block 18 19
block 19 19
block 49 19
block 50 19
block 51 19
block 52 19
block 53 19
block 54 19
block 55 19
##BotsAndCoinsInfo
bot_name 0 starter-bot
bot 0 14 0
bot_coins 0 0
coin 50 4
coin 6 15
round 1
bot 0 14 19
round 2
bot 0 14 18
round 3
bot 0 14 17
round 4
bot 0 13 17
round 5
bot 0 12 17
coin 48 4
coin 7 15
round 6
bot 0 11 17
round 7
bot 0 10 16
round 8
bot 0 10 15
round 9
bot 0 10 14
round 10
bot 0 10 13
coin 26 5
coin 29 14
round 11
bot 0 10 12
round 12
bot 0 10 11
round 13
bot 0 10 10
round 14
bot 0 10 9
round 15
bot 0 10 8
coin 1 0
coin 54 0
round 16
bot 0 10 7
round 17
bot 0 10 6
round 18
bot 0 10 5
round 19
bot 0 10 4
round 20
bot 0 10 3
coin 55 13
coin 0 6
round 21
round 22
round 23
round 24
round 25
coin 38 2
coin 15 17
round 26
round 27
round 28
round 29
round 30
coin 28 12
coin 27 7
round 31
round 32
round 33
round 34
round 35
coin 36 12
coin 19 7
round 36
round 37
round 38
round 39
round 40
coin 0 10
coin 55 9
round 41
round 42
round 43
round 44
round 45
coin 7 9
coin 48 10
round 46
round 47
round 48
round 49
round 50
coin 40 3
coin 15 16
round 51
round 52
round 53
round 54
round 55
coin 50 13
coin 5 6
round 56
round 57
round 58
round 59
round 60
coin 35 1
coin 20 18
round 61
round 62
round 63
round 64
round 65
coin 14 18
coin 41 1
round 66
round 67
round 68
round 69
round 70
coin 11 6
coin 44 13
round 71
round 72
round 73
round 74
round 75
coin 26 16
coin 29 3
round 76
round 77
round 78
round 79
round 80
coin 30 5
coin 25 15
round 81
round 82
round 83
round 84
round 85
coin 17 7
coin 38 12
round 86
round 87
round 88
round 89
round 90
coin 10 13
coin 45 6
round 91
round 92
round 93
round 94
round 95
coin 49 4
coin 6 16
round 96
round 97
round 98
round 99
round 100
coin 27 5
coin 28 14
round 101
round 102
round 103
round 104
round 105
coin 7 17
coin 48 2
round 106
round 107
round 108
round 109
round 110
coin 31 14
coin 24 5
round 111
round 112
round 113
round 114
round 115
coin 54 14
coin 1 5
round 116
round 117
round 118
round 119
round 120
coin 13 3
coin 42 17
round 121
round 122
round 123
round 124
round 125
coin 33 0
coin 22 19
round 126
round 127
round 128
round 129
round 130
coin 30 16
coin 25 3
round 131
round 132
round 133
round 134
round 135
coin 16 10
coin 39 9
round 136
round 137
round 138
round 139
round 140
coin 49 18
coin 6 1
round 141
round 142
round 143
round 144
round 145
coin 30 3
coin 25 16
round 146
round 147
round 148
round 149
round 150
coin 48 19
coin 7 0
round 151
round 152
round 153
round 154
round 155
coin 32 1
coin 23 18
round 156
round 157
round 158
round 159
round 160
coin 22 15
coin 33 4
round 161
round 162
round 163
round 164
round 165
coin 6 19
coin 50 18
round 166
round 167
round 168
round 169
round 170
coin 55 0
coin 0 0
round 171
round 172
round 173
round 174
round 175
coin 38 1
coin 15 18
round 176
round 177
round 178
round 179
round 180
coin 53 9
coin 3 10
round 181
round 182
round 183
round 184
round 185
coin 29 13
coin 26 6
round 186
round 187
round 188
round 189
round 190
coin 26 0
coin 29 19
round 191
round 192
round 193
round 194
round 195
coin 17 13
coin 38 6
round 196
round 197
round 198
round 199
round 200
coin 16 14
coin 39 5
match_over 0
