match
match_id 1639176969789_hl
match_time 1639176969790
num_bots 1
##MatchConfig
mode FRIENDLY
num_rounds 200
random_seed 42
move_time_limit 1000
coin_spawn_period 5
coin_spawn_volume 2
##MapConfig
map_size 50 21
view_radius 6
mining_radius 1
attack_radius 4
block 5 0
block 6 0
block 7 0
block 11 0
block 12 0
block 13 0
block 14 0
block 31 0
block 32 0
block 33 0
block 34 0
block 35 0
block 0 1
block 1 1
block 2 1
block 3 1
block 4 1
block 5 1
block 6 1
block 7 1
block 10 1
block 11 1
block 12 1
block 13 1
block 14 1
block 15 1
block 31 1
block 32 1
block 33 1
block 34 1
block 35 1
block 0 2
block 1 2
block 2 2
block 3 2
block 4 2
block 5 2
block 6 2
block 7 2
block 8 2
block 9 2
block 10 2
block 11 2
block 12 2
block 13 2
block 14 2
block 15 2
block 26 2
block 27 2
block 31 2
block 32 2
block 33 2
block 34 2
block 35 2
block 39 2
block 40 2
block 41 2
block 42 2
block 43 2
block 44 2
block 45 2
block 0 3
block 1 3
block 2 3
block 3 3
block 4 3
block 5 3
block 6 3
block 7 3
block 8 3
block 9 3
block 10 3
block 11 3
block 12 3
block 13 3
block 14 3
block 15 3
block 26 3
block 27 3
block 31 3
block 32 3
block 33 3
block 34 3
block 35 3
block 39 3
block 40 3
block 41 3
block 42 3
block 43 3
block 44 3
block 45 3
block 0 4
block 1 4
block 2 4
block 3 4
block 4 4
block 7 4
block 8 4
block 9 4
block 10 4
block 11 4
block 12 4
block 13 4
block 14 4
block 15 4
block 26 4
block 27 4
block 39 4
block 40 4
block 41 4
block 42 4
block 43 4
block 44 4
block 45 4
block 0 5
block 1 5
block 2 5
block 3 5
block 4 5
block 7 5
block 8 5
block 9 5
block 10 5
block 11 5
block 12 5
block 13 5
block 14 5
block 15 5
block 26 5
block 27 5
block 39 5
block 40 5
block 41 5
block 42 5
block 43 5
block 44 5
block 45 5
block 0 6
block 1 6
block 2 6
block 3 6
block 4 6
block 7 6
block 8 6
block 9 6
block 10 6
block 11 6
block 23 6
block 24 6
block 25 6
block 26 6
block 27 6
block 39 6
block 40 6
block 41 6
block 42 6
block 43 6
block 44 6
block 45 6
block 46 6
block 47 6
block 48 6
block 49 6
block 0 7
block 1 7
block 2 7
block 3 7
block 4 7
block 7 7
block 8 7
block 9 7
block 10 7
block 11 7
block 12 7
block 13 7
block 23 7
block 24 7
block 25 7
block 26 7
block 27 7
block 39 7
block 40 7
block 41 7
block 42 7
block 43 7
block 44 7
block 45 7
block 46 7
block 47 7
block 48 7
block 49 7
block 7 8
block 8 8
block 9 8
block 10 8
block 11 8
block 12 8
block 13 8
block 23 8
block 24 8
block 25 8
block 26 8
block 27 8
block 32 8
block 33 8
block 34 8
block 35 8
block 36 8
block 37 8
block 43 8
block 44 8
block 45 8
block 46 8
block 47 8
block 48 8
block 49 8
block 7 9
block 8 9
block 9 9
block 10 9
block 11 9
block 12 9
block 13 9
block 14 9
block 15 9
block 23 9
block 24 9
block 25 9
block 26 9
block 32 9
block 33 9
block 34 9
block 35 9
block 36 9
block 37 9
block 43 9
block 44 9
block 45 9
block 46 9
block 47 9
block 48 9
block 49 9
block 7 10
block 8 10
block 9 10
block 10 10
block 11 10
block 12 10
block 13 10
block 14 10
block 15 10
block 23 10
block 24 10
block 25 10
block 26 10
block 27 10
block 28 10
block 29 10
block 32 10
block 33 10
block 34 10
block 35 10
block 36 10
block 37 10
block 0 11
block 1 11
block 2 11
block 3 11
block 4 11
block 5 11
block 6 11
block 7 11
block 8 11
block 9 11
block 10 11
block 11 11
block 12 11
block 13 11
block 14 11
block 15 11
block 23 11
block 24 11
block 25 11
block 26 11
block 27 11
block 28 11
block 29 11
block 34 11
block 35 11
block 36 11
block 37 11
block 0 12
block 1 12
block 2 12
block 3 12
block 4 12
block 5 12
block 6 12
block 7 12
block 8 12
block 9 12
block 10 12
block 11 12
block 12 12
block 13 12
block 14 12
block 15 12
block 25 12
block 26 12
block 27 12
block 28 12
block 29 12
block 34 12
block 35 12
block 36 12
block 37 12
block 0 13
block 1 13
block 2 13
block 3 13
block 4 13
block 5 13
block 6 13
block 14 13
block 15 13
block 25 13
block 26 13
block 27 13
block 28 13
block 29 13
block 34 13
block 35 13
block 36 13
block 37 13
block 0 14
block 1 14
block 2 14
block 3 14
block 4 14
block 5 14
block 6 14
block 14 14
block 15 14
block 23 14
block 24 14
block 25 14
block 26 14
block 27 14
block 28 14
block 29 14
block 46 14
block 47 14
block 48 14
block 49 14
block 0 15
block 1 15
block 2 15
block 3 15
block 4 15
block 5 15
block 6 15
block 23 15
block 24 15
block 25 15
block 26 15
block 27 15
block 28 15
block 29 15
block 46 15
block 47 15
block 48 15
block 49 15
block 0 16
block 1 16
block 2 16
block 3 16
block 4 16
block 5 16
block 6 16
block 23 16
block 24 16
block 25 16
block 26 16
block 27 16
block 28 16
block 29 16
block 0 17
block 1 17
block 2 17
block 3 17
block 4 17
block 5 17
block 6 17
block 23 17
block 24 17
block 25 17
block 26 17
block 27 17
block 28 17
block 23 18
block 24 18
block 25 18
block 26 18
block 27 18
block 28 18
block 31 18
block 32 18
block 5 19
block 6 19
block 7 19
block 11 19
block 12 19
block 13 19
block 14 19
block 23 19
block 24 19
block 25 19
block 26 19
block 27 19
block 28 19
block 31 19
block 32 19
block 5 20
block 6 20
block 7 20
block 11 20
block 12 20
block 13 20
block 14 20
block 31 20
block 32 20
##BotsAndCoinsInfo
bot_name 0 starter-bot
bot 0 13 16
bot_coins 0 0
coin 30 12
coin 19 8
round 1
bot 0 13 17
round 2
bot 0 13 18
round 3
round 4
round 5
coin 48 17
coin 49 3
round 6
round 7
round 8
round 9
round 10
coin 20 4
coin 30 16
round 11
round 12
round 13
round 14
round 15
coin 5 18
coin 44 1
round 16
round 17
round 18
round 19
round 20
coin 19 17
coin 30 3
round 21
round 22
round 23
round 24
round 25
coin 32 11
coin 17 9
round 26
round 27
round 28
round 29
round 30
coin 26 0
coin 23 20
round 31
round 32
round 33
round 34
round 35
coin 26 20
coin 23 0
round 36
round 37
round 38
round 39
round 40
coin 7 13
coin 42 8
round 41
round 42
round 43
round 44
round 45
coin 43 1
coin 6 18
round 46
round 47
round 48
round 49
round 50
coin 0 0
coin 49 20
round 51
round 52
round 53
round 54
round 55
coin 27 9
coin 22 11
round 56
round 57
round 58
round 59
round 60
coin 43 10
coin 6 10
round 61
round 62
round 63
round 64
round 65
coin 30 10
coin 19 10
round 66
round 67
round 68
round 69
round 70
coin 38 12
coin 12 6
round 71
round 72
round 73
round 74
round 75
coin 30 6
coin 19 14
round 76
round 77
round 78
round 79
round 80
coin 30 17
coin 19 3
round 81
round 82
round 83
round 84
round 85
coin 17 11
coin 31 9
round 86
round 87
round 88
round 89
round 90
coin 12 18
coin 37 2
round 91
coin_collected 12 18 0
bot_coins 0 1
round 92
round 93
round 94
round 95
coin 13 6
coin 36 14
round 96
round 97
round 98
round 99
round 100
coin 29 19
coin 20 1
round 101
round 102
round 103
round 104
round 105
coin 22 7
coin 30 13
round 106
round 107
round 108
round 109
round 110
coin 25 0
coin 24 20
round 111
round 112
round 113
round 114
round 115
coin 8 1
coin 41 19
round 116
round 117
round 118
round 119
round 120
coin 6 9
coin 43 11
round 121
round 122
round 123
round 124
round 125
coin 43 14
coin 6 6
round 126
round 127
round 128
round 129
round 130
coin 9 1
coin 40 19
round 131
round 132
round 133
round 134
round 135
coin 14 7
coin 35 14
round 136
round 137
round 138
round 139
round 140
coin 14 8
coin 33 12
round 141
round 142
round 143
round 144
round 145
coin 10 0
coin 39 20
round 146
round 147
round 148
round 149
round 150
coin 47 5
coin 2 18
round 151
round 152
round 153
round 154
round 155
coin 3 18
coin 46 2
round 156
round 157
round 158
round 159
round 160
coin 45 1
coin 4 19
round 161
round 162
round 163
round 164
round 165
coin 48 4
coin 49 16
round 166
round 167
round 168
round 169
round 170
coin 24 12
coin 22 8
round 171
round 172
round 173
round 174
round 175
coin 40 8
coin 9 13
round 176
round 177
round 178
round 179
round 180
coin 3 8
coin 46 12
round 181
round 182
round 183
round 184
round 185
coin 23 5
coin 24 13
round 186
round 187
round 188
round 189
round 190
coin 36 7
coin 13 13
round 191
round 192
round 193
round 194
round 195
coin 24 0
coin 25 20
round 196
round 197
round 198
round 199
round 200
coin 49 1
coin 0 19
match_over 0
