match
match_id 1639335718052_ad
match_time 1639335718056
num_bots 1
##MatchConfig
mode FRIENDLY
num_rounds 200
random_seed 42
move_time_limit 1000
coin_spawn_period 5
coin_spawn_volume 2
##MapConfig
map_size 53 34
view_radius 5
mining_radius 1
attack_radius 3
block 8 0
block 9 0
block 10 0
block 11 0
block 21 0
block 22 0
block 23 0
block 24 0
block 25 0
block 26 0
block 28 0
block 29 0
block 30 0
block 31 0
block 32 0
block 33 0
block 0 1
block 1 1
block 2 1
block 3 1
block 4 1
block 8 1
block 9 1
block 10 1
block 11 1
block 21 1
block 22 1
block 23 1
block 24 1
block 25 1
block 26 1
block 0 2
block 1 2
block 2 2
block 3 2
block 4 2
block 21 2
block 22 2
block 23 2
block 24 2
block 25 2
block 26 2
block 0 3
block 1 3
block 2 3
block 3 3
block 4 3
block 23 3
block 24 3
block 27 3
block 28 3
block 29 3
block 30 3
block 31 3
block 32 3
block 33 3
block 34 3
block 35 3
block 0 4
block 1 4
block 2 4
block 3 4
block 4 4
block 10 4
block 11 4
block 23 4
block 24 4
block 27 4
block 28 4
block 29 4
block 30 4
block 31 4
block 32 4
block 33 4
block 34 4
block 35 4
block 41 4
block 42 4
block 43 4
block 44 4
block 45 4
block 10 5
block 11 5
block 27 5
block 28 5
block 29 5
block 30 5
block 31 5
block 32 5
block 33 5
block 34 5
block 35 5
block 40 5
block 41 5
block 42 5
block 43 5
block 44 5
block 45 5
block 10 6
block 11 6
block 12 6
block 13 6
block 14 6
block 15 6
block 16 6
block 17 6
block 27 6
block 28 6
block 29 6
block 30 6
block 31 6
block 32 6
block 40 6
block 41 6
block 42 6
block 43 6
block 44 6
block 45 6
block 10 7
block 11 7
block 12 7
block 13 7
block 14 7
block 15 7
block 16 7
block 17 7
block 23 7
block 24 7
block 25 7
block 26 7
block 27 7
block 38 7
block 39 7
block 40 7
block 41 7
block 42 7
block 43 7
block 44 7
block 45 7
block 10 8
block 11 8
block 23 8
block 24 8
block 25 8
block 26 8
block 27 8
block 38 8
block 39 8
block 40 8
block 41 8
block 42 8
block 43 8
block 44 8
block 45 8
block 10 9
block 11 9
block 23 9
block 24 9
block 25 9
block 26 9
block 27 9
block 37 9
block 38 9
block 39 9
block 40 9
block 41 9
block 42 9
block 43 9
block 44 9
block 45 9
block 46 9
block 47 9
block 48 9
block 23 10
block 24 10
block 25 10
block 26 10
block 27 10
block 37 10
block 38 10
block 39 10
block 40 10
block 41 10
block 42 10
block 43 10
block 44 10
block 45 10
block 46 10
block 47 10
block 48 10
block 23 11
block 24 11
block 25 11
block 26 11
block 27 11
block 32 11
block 33 11
block 37 11
block 38 11
block 39 11
block 40 11
block 41 11
block 42 11
block 43 11
block 44 11
block 45 11
block 46 11
block 47 11
block 48 11
block 23 12
block 24 12
block 25 12
block 26 12
block 27 12
block 32 12
block 33 12
block 37 12
block 38 12
block 39 12
block 40 12
block 41 12
block 42 12
block 43 12
block 44 12
block 45 12
block 46 12
block 47 12
block 48 12
block 37 13
block 38 13
block 39 13
block 40 13
block 41 13
block 42 13
block 43 13
block 44 13
block 45 13
block 46 13
block 47 13
block 48 13
block 37 14
block 38 14
block 39 14
block 40 14
block 41 14
block 42 14
block 43 14
block 44 14
block 45 14
block 46 14
block 47 14
block 48 14
block 37 15
block 38 15
block 39 15
block 40 15
block 41 15
block 42 15
block 35 16
block 36 16
block 37 16
block 38 16
block 35 17
block 36 17
block 37 17
block 38 17
block 39 17
block 40 17
block 41 17
block 42 17
block 43 17
block 44 17
block 45 17
block 0 18
block 39 18
block 40 18
block 41 18
block 42 18
block 43 18
block 44 18
block 45 18
block 48 18
block 49 18
block 50 18
block 51 18
block 52 18
block 0 19
block 39 19
block 40 19
block 41 19
block 42 19
block 43 19
block 44 19
block 45 19
block 48 19
block 49 19
block 50 19
block 51 19
block 52 19
block 1 20
block 2 20
block 3 20
block 4 20
block 5 20
block 39 20
block 40 20
block 41 20
block 42 20
block 43 20
block 44 20
block 45 20
block 1 21
block 2 21
block 3 21
block 4 21
block 5 21
block 39 21
block 40 21
block 41 21
block 42 21
block 43 21
block 44 21
block 45 21
block 1 22
block 2 22
block 3 22
block 4 22
block 5 22
block 48 22
block 49 22
block 50 22
block 51 22
block 1 23
block 2 23
block 3 23
block 4 23
block 5 23
block 36 23
block 37 23
block 38 23
block 39 23
block 40 23
block 41 23
block 48 23
block 49 23
block 50 23
block 51 23
block 1 24
block 2 24
block 3 24
block 4 24
block 5 24
block 17 24
block 18 24
block 36 24
block 37 24
block 38 24
block 39 24
block 40 24
block 41 24
block 48 24
block 49 24
block 50 24
block 51 24
block 17 25
block 18 25
block 36 25
block 37 25
block 38 25
block 39 25
block 40 25
block 41 25
block 48 25
block 49 25
block 50 25
block 51 25
block 17 26
block 18 26
block 36 26
block 37 26
block 38 26
block 39 26
block 40 26
block 41 26
block 48 26
block 49 26
block 50 26
block 51 26
block 36 27
block 37 27
block 38 27
block 39 27
block 40 27
block 41 27
block 26 28
block 27 28
block 28 28
block 35 28
block 36 28
block 37 28
block 38 28
block 39 28
block 40 28
block 41 28
block 5 29
block 6 29
block 7 29
block 8 29
block 9 29
block 10 29
block 11 29
block 18 29
block 19 29
block 20 29
block 26 29
block 27 29
block 28 29
block 35 29
block 36 29
block 37 29
block 38 29
block 39 29
block 40 29
block 41 29
block 0 30
block 1 30
block 2 30
block 3 30
block 5 30
block 6 30
block 7 30
block 8 30
block 9 30
block 10 30
block 11 30
block 18 30
block 19 30
block 20 30
block 26 30
block 27 30
block 28 30
block 35 30
block 36 30
block 37 30
block 51 30
block 52 30
block 0 31
block 1 31
block 2 31
block 3 31
block 5 31
block 6 31
block 7 31
block 8 31
block 9 31
block 10 31
block 11 31
block 18 31
block 19 31
block 20 31
block 26 31
block 27 31
block 28 31
block 35 31
block 36 31
block 37 31
block 51 31
block 52 31
block 0 32
block 1 32
block 2 32
block 3 32
block 5 32
block 6 32
block 7 32
block 8 32
block 9 32
block 10 32
block 11 32
block 28 32
block 29 32
block 30 32
block 31 32
block 32 32
block 33 32
block 35 32
block 36 32
block 37 32
block 51 32
block 52 32
block 0 33
block 1 33
block 2 33
block 3 33
block 5 33
block 6 33
block 7 33
block 8 33
block 9 33
block 10 33
block 11 33
block 28 33
block 29 33
block 30 33
block 31 33
block 32 33
block 33 33
block 51 33
block 52 33
##BotsAndCoinsInfo
bot_name 0 starter-bot
bot 0 3 5
bot_coins 0 0
coin 34 11
coin 18 22
round 1
bot 0 3 6
round 2
bot 0 3 7
round 3
bot 0 3 8
round 4
bot 0 3 9
round 5
bot 0 3 10
coin 5 12
coin 47 21
round 6
bot 0 3 11
round 7
bot 0 3 12
round 8
bot 0 3 13
round 9
bot 0 3 14
round 10
bot 0 3 15
coin 19 9
coin 33 24
round 11
bot 0 3 16
round 12
bot 0 3 17
round 13
bot 0 3 18
round 14
bot 0 3 19
round 15
coin 45 15
coin 7 18
round 16
round 17
round 18
round 19
round 20
coin 14 8
coin 35 25
round 21
round 22
round 23
round 24
round 25
coin 3 12
coin 49 21
round 26
round 27
round 28
round 29
round 30
coin 20 14
coin 32 19
round 31
round 32
round 33
round 34
round 35
coin 34 14
coin 18 19
round 36
round 37
round 38
round 39
round 40
coin 34 8
coin 19 25
round 41
round 42
round 43
round 44
round 45
coin 40 16
coin 12 17
round 46
round 47
round 48
round 49
round 50
coin 36 11
coin 16 22
round 51
round 52
round 53
round 54
round 55
coin 21 33
coin 31 1
round 56
round 57
round 58
round 59
round 60
coin 42 1
coin 12 32
round 61
round 62
round 63
round 64
round 65
coin 34 20
coin 18 13
round 66
round 67
round 68
round 69
round 70
coin 27 32
coin 25 3
round 71
round 72
round 73
round 74
round 75
coin 24 14
coin 28 19
round 76
round 77
round 78
round 79
round 80
coin 43 25
coin 9 8
round 81
round 82
round 83
round 84
round 85
coin 26 27
coin 26 6
round 86
round 87
round 88
round 89
round 90
coin 46 8
coin 6 25
round 91
round 92
round 93
round 94
round 95
coin 30 2
coin 22 31
round 96
round 97
round 98
round 99
round 100
coin 32 31
coin 20 2
round 101
round 102
round 103
round 104
round 105
coin 27 27
coin 25 6
round 106
round 107
round 108
round 109
round 110
coin 6 10
coin 46 23
round 111
round 112
round 113
round 114
round 115
coin 1 19
coin 51 14
round 116
round 117
round 118
round 119
round 120
coin 46 7
coin 6 26
round 121
round 122
round 123
round 124
round 125
coin 47 8
coin 5 25
round 126
round 127
round 128
round 129
round 130
coin 49 14
coin 2 19
round 131
coin_collected 2 19 0
bot_coins 0 1
round 132
round 133
round 134
round 135
coin 19 20
coin 33 13
round 136
round 137
round 138
round 139
round 140
coin 47 1
coin 4 32
round 141
round 142
round 143
round 144
round 145
coin 32 23
coin 20 10
round 146
round 147
round 148
round 149
round 150
coin 39 6
coin 13 27
round 151
round 152
round 153
round 154
round 155
coin 52 9
coin 0 24
round 156
round 157
round 158
round 159
round 160
coin 2 0
coin 50 33
round 161
round 162
round 163
round 164
round 165
coin 7 11
coin 45 22
round 166
round 167
round 168
round 169
round 170
coin 15 3
coin 38 30
round 171
round 172
round 173
round 174
round 175
coin 28 7
coin 24 26
round 176
round 177
round 178
round 179
round 180
coin 29 2
coin 23 31
round 181
round 182
round 183
round 184
round 185
coin 0 7
coin 52 26
round 186
round 187
round 188
round 189
round 190
coin 50 21
coin 2 12
round 191
round 192
round 193
round 194
round 195
coin 16 13
coin 36 20
round 196
round 197
round 198
round 199
round 200
coin 52 22
coin 0 11
match_over 0
