match
match_id 1639215084221_lx
match_time 1639215084226
num_bots 1
##MatchConfig
mode FRIENDLY
num_rounds 200
random_seed 42
move_time_limit 1000
coin_spawn_period 5
coin_spawn_volume 2
##MapConfig
map_size 73 30
view_radius 5
mining_radius 2
attack_radius 4
block 28 0
block 29 0
block 30 0
block 31 0
block 32 0
block 33 0
block 34 0
block 44 0
block 45 0
block 46 0
block 55 0
block 56 0
block 57 0
block 58 0
block 59 0
block 60 0
block 61 0
block 28 1
block 29 1
block 30 1
block 31 1
block 32 1
block 33 1
block 34 1
block 44 1
block 45 1
block 46 1
block 1 2
block 2 2
block 3 2
block 4 2
block 43 2
block 44 2
block 45 2
block 46 2
block 1 3
block 2 3
block 3 3
block 4 3
block 43 3
block 44 3
block 45 3
block 46 3
block 1 4
block 2 4
block 3 4
block 4 4
block 32 4
block 33 4
block 44 4
block 45 4
block 46 4
block 32 5
block 33 5
block 44 5
block 45 5
block 46 5
block 16 6
block 17 6
block 18 6
block 19 6
block 20 6
block 32 6
block 33 6
block 44 6
block 45 6
block 46 6
block 16 7
block 17 7
block 18 7
block 19 7
block 20 7
block 29 7
block 30 7
block 31 7
block 32 7
block 34 7
block 35 7
block 36 7
block 37 7
block 38 7
block 39 7
block 16 8
block 17 8
block 18 8
block 19 8
block 20 8
block 29 8
block 30 8
block 31 8
block 32 8
block 34 8
block 35 8
block 36 8
block 37 8
block 38 8
block 39 8
block 29 9
block 30 9
block 31 9
block 32 9
block 34 9
block 35 9
block 36 9
block 37 9
block 38 9
block 39 9
block 52 9
block 53 9
block 54 9
block 55 9
block 29 10
block 30 10
block 31 10
block 32 10
block 34 10
block 35 10
block 36 10
block 37 10
block 38 10
block 39 10
block 52 10
block 53 10
block 54 10
block 55 10
block 29 11
block 30 11
block 31 11
block 32 11
block 34 11
block 35 11
block 36 11
block 37 11
block 38 11
block 39 11
block 52 11
block 53 11
block 54 11
block 55 11
block 27 12
block 28 12
block 29 12
block 30 12
block 31 12
block 32 12
block 34 12
block 35 12
block 36 12
block 37 12
block 38 12
block 39 12
block 40 12
block 41 12
block 42 12
block 43 12
block 6 13
block 7 13
block 27 13
block 28 13
block 29 13
block 30 13
block 31 13
block 32 13
block 34 13
block 35 13
block 36 13
block 37 13
block 38 13
block 39 13
block 40 13
block 41 13
block 42 13
block 43 13
block 6 14
block 7 14
block 27 14
block 28 14
block 29 14
block 30 14
block 31 14
block 39 14
block 40 14
block 41 14
block 42 14
block 43 14
block 27 15
block 28 15
block 29 15
block 30 15
block 31 15
block 39 15
block 40 15
block 41 15
block 42 15
block 43 15
block 5 16
block 6 16
block 39 16
block 40 16
block 41 16
block 42 16
block 43 16
block 61 16
block 62 16
block 63 16
block 67 16
block 68 16
block 5 17
block 6 17
block 61 17
block 62 17
block 63 17
block 67 17
block 68 17
block 1 18
block 2 18
block 3 18
block 4 18
block 5 18
block 6 18
block 61 18
block 62 18
block 63 18
block 64 18
block 65 18
block 66 18
block 1 19
block 2 19
block 3 19
block 4 19
block 5 19
block 6 19
block 18 19
block 19 19
block 20 19
block 21 19
block 25 19
block 26 19
block 27 19
block 28 19
block 50 19
block 51 19
block 52 19
block 53 19
block 54 19
block 61 19
block 62 19
block 63 19
block 64 19
block 65 19
block 66 19
block 1 20
block 2 20
block 3 20
block 4 20
block 5 20
block 18 20
block 19 20
block 20 20
block 21 20
block 25 20
block 26 20
block 27 20
block 28 20
block 50 20
block 51 20
block 52 20
block 53 20
block 54 20
block 61 20
block 62 20
block 63 20
block 64 20
block 65 20
block 66 20
block 1 21
block 2 21
block 3 21
block 4 21
block 5 21
block 25 21
block 26 21
block 27 21
block 28 21
block 50 21
block 51 21
block 52 21
block 53 21
block 54 21
block 61 21
block 62 21
block 63 21
block 1 22
block 2 22
block 3 22
block 4 22
block 5 22
block 11 22
block 12 22
block 13 22
block 14 22
block 15 22
block 16 22
block 17 22
block 50 22
block 51 22
block 52 22
block 53 22
block 54 22
block 61 22
block 62 22
block 1 23
block 2 23
block 3 23
block 4 23
block 5 23
block 11 23
block 12 23
block 13 23
block 14 23
block 15 23
block 16 23
block 17 23
block 50 23
block 51 23
block 52 23
block 53 23
block 54 23
block 61 23
block 62 23
block 11 24
block 12 24
block 13 24
block 14 24
block 15 24
block 16 24
block 17 24
block 31 24
block 32 24
block 33 24
block 34 24
block 50 24
block 51 24
block 52 24
block 53 24
block 54 24
block 10 25
block 11 25
block 12 25
block 13 25
block 14 25
block 15 25
block 16 25
block 17 25
block 31 25
block 32 25
block 33 25
block 34 25
block 50 25
block 51 25
block 52 25
block 53 25
block 54 25
block 55 25
block 56 25
block 57 25
block 58 25
block 59 25
block 60 25
block 61 25
block 10 26
block 11 26
block 12 26
block 13 26
block 14 26
block 15 26
block 16 26
block 17 26
block 31 26
block 32 26
block 33 26
block 34 26
block 55 26
block 56 26
block 57 26
block 58 26
block 59 26
block 60 26
block 61 26
block 11 27
block 12 27
block 13 27
block 14 27
block 15 27
block 16 27
block 17 27
block 28 27
block 29 27
block 30 27
block 31 27
block 32 27
block 33 27
block 34 27
block 55 27
block 56 27
block 57 27
block 58 27
block 59 27
block 60 27
block 61 27
block 28 28
block 29 28
block 30 28
block 31 28
block 32 28
block 33 28
block 34 28
block 55 28
block 56 28
block 57 28
block 58 28
block 59 28
block 60 28
block 61 28
block 28 29
block 29 29
block 30 29
block 31 29
block 32 29
block 33 29
block 34 29
block 55 29
block 56 29
block 57 29
block 58 29
block 59 29
block 60 29
block 61 29
##BotsAndCoinsInfo
bot_name 0 starter-bot
bot 0 19 27
bot_coins 0 0
coin 12 3
coin 62 26
round 1
bot 0 19 28
round 2
bot 0 19 29
round 3
round 4
round 5
coin 16 14
coin 56 15
round 6
round 7
round 8
round 9
round 10
coin 30 25
coin 42 4
round 11
round 12
round 13
round 14
round 15
coin 40 8
coin 32 21
round 16
round 17
round 18
round 19
round 20
coin 55 23
coin 17 5
round 21
round 22
round 23
round 24
round 25
coin 65 2
coin 7 27
round 26
round 27
round 28
round 29
round 30
bot 0 19 28
coin 28 11
coin 44 18
round 31
bot 0 19 27
round 32
bot 0 19 26
round 33
bot 0 19 25
round 34
bot 0 19 24
round 35
bot 0 19 23
coin 10 2
coin 62 27
round 36
bot 0 19 22
round 37
bot 0 19 21
round 38
round 39
round 40
coin 65 0
coin 7 29
round 41
round 42
round 43
round 44
round 45
coin 49 29
coin 23 0
round 46
round 47
match_over 0
round 48
