match
match_id 1639167722844_ax
match_time 1639167722850
num_bots 1
##MatchConfig
mode FRIENDLY
num_rounds 200
random_seed 42
move_time_limit 1000
coin_spawn_period 5
coin_spawn_volume 2
##MapConfig
map_size 73 39
view_radius 5
mining_radius 1
attack_radius 3
block 43 0
block 44 0
block 45 0
block 46 0
block 43 1
block 44 1
block 45 1
block 46 1
block 34 5
block 35 5
block 36 5
block 2 6
block 3 6
block 4 6
block 34 6
block 35 6
block 36 6
block 2 7
block 3 7
block 4 7
block 34 7
block 35 7
block 36 7
block 2 8
block 3 8
block 4 8
block 34 8
block 35 8
block 36 8
block 52 8
block 53 8
block 2 9
block 3 9
block 4 9
block 34 9
block 35 9
block 36 9
block 52 9
block 53 9
block 34 10
block 35 10
block 36 10
block 52 10
block 53 10
block 34 11
block 35 11
block 36 11
block 52 11
block 53 11
block 52 12
block 53 12
block 26 13
block 27 13
block 28 13
block 33 13
block 34 13
block 35 13
block 52 13
block 53 13
block 21 14
block 22 14
block 23 14
block 24 14
block 26 14
block 27 14
block 28 14
block 33 14
block 34 14
block 35 14
block 52 14
block 53 14
block 21 15
block 22 15
block 23 15
block 24 15
block 33 15
block 34 15
block 35 15
block 65 15
block 66 15
block 67 15
block 21 16
block 22 16
block 23 16
block 24 16
block 33 16
block 34 16
block 35 16
block 65 16
block 66 16
block 67 16
block 21 17
block 22 17
block 23 17
block 24 17
block 65 17
block 66 17
block 67 17
block 65 18
block 66 18
block 67 18
block 65 19
block 66 19
block 67 19
block 44 24
block 45 24
block 46 24
block 44 25
block 45 25
block 46 25
block 63 25
block 64 25
block 65 25
block 66 25
block 67 25
block 68 25
block 63 26
block 64 26
block 65 26
block 66 26
block 67 26
block 68 26
block 63 27
block 64 27
block 65 27
block 66 27
block 67 27
block 68 27
block 63 28
block 64 28
block 65 28
block 66 28
block 67 28
block 68 28
block 5 29
block 6 29
block 7 29
block 63 29
block 64 29
block 65 29
block 66 29
block 67 29
block 68 29
block 0 30
block 1 30
block 5 30
block 6 30
block 7 30
block 63 30
block 64 30
block 65 30
block 66 30
block 67 30
block 68 30
block 70 30
block 71 30
block 72 30
block 0 31
block 1 31
block 5 31
block 6 31
block 7 31
block 70 31
block 71 31
block 72 31
block 0 32
block 1 32
block 5 32
block 6 32
block 7 32
block 70 32
block 71 32
block 72 32
block 0 33
block 1 33
block 5 33
block 6 33
block 7 33
block 72 33
block 0 34
block 1 34
block 5 34
block 6 34
block 7 34
block 43 34
block 44 34
block 45 34
block 46 34
block 59 34
block 60 34
block 72 34
block 0 35
block 1 35
block 5 35
block 6 35
block 7 35
block 43 35
block 44 35
block 45 35
block 46 35
block 59 35
block 60 35
block 72 35
block 43 36
block 44 36
block 45 36
block 46 36
block 43 37
block 44 37
block 45 37
block 46 37
block 43 38
block 44 38
block 45 38
block 46 38
##BotsAndCoinsInfo
bot_name 0 starter-bot
bot 0 1 8
bot_coins 0 0
coin 12 33
coin 60 5
round 1
round 2
round 3
round 4
round 5
coin 16 38
coin 56 0
round 6
round 7
round 8
round 9
round 10
coin 30 4
coin 42 34
round 11
round 12
round 13
round 14
round 15
coin 38 29
coin 33 9
round 16
round 17
round 18
round 19
round 20
coin 53 2
coin 19 36
round 21
round 22
round 23
round 24
round 25
coin 65 24
coin 7 14
round 26
round 27
round 28
round 29
round 30
coin 30 6
coin 42 32
round 31
round 32
match_over 0
round 33
