match
match_id 1639170292160_cu
match_time 1639170292163
num_bots 1
##MatchConfig
mode FRIENDLY
num_rounds 200
random_seed 42
move_time_limit 1000
coin_spawn_period 5
coin_spawn_volume 2
##MapConfig
map_size 70 25
view_radius 6
mining_radius 2
attack_radius 4
block 34 0
block 35 0
block 36 0
block 37 0
block 41 0
block 42 0
block 43 0
block 44 0
block 45 0
block 46 0
block 47 0
block 55 0
block 56 0
block 57 0
block 58 0
block 59 0
block 0 1
block 11 1
block 12 1
block 13 1
block 14 1
block 15 1
block 16 1
block 17 1
block 34 1
block 35 1
block 36 1
block 37 1
block 41 1
block 42 1
block 43 1
block 44 1
block 45 1
block 46 1
block 55 1
block 56 1
block 57 1
block 58 1
block 59 1
block 66 1
block 67 1
block 68 1
block 69 1
block 0 2
block 1 2
block 2 2
block 3 2
block 11 2
block 12 2
block 13 2
block 14 2
block 15 2
block 16 2
block 17 2
block 34 2
block 35 2
block 36 2
block 37 2
block 41 2
block 42 2
block 43 2
block 44 2
block 45 2
block 46 2
block 55 2
block 56 2
block 57 2
block 58 2
block 59 2
block 60 2
block 61 2
block 66 2
block 67 2
block 68 2
block 69 2
block 0 3
block 1 3
block 2 3
block 3 3
block 11 3
block 12 3
block 13 3
block 14 3
block 15 3
block 16 3
block 17 3
block 55 3
block 56 3
block 57 3
block 58 3
block 59 3
block 60 3
block 61 3
block 62 3
block 63 3
block 66 3
block 67 3
block 68 3
block 69 3
block 0 4
block 1 4
block 2 4
block 3 4
block 11 4
block 12 4
block 13 4
block 14 4
block 15 4
block 16 4
block 17 4
block 18 4
block 19 4
block 20 4
block 21 4
block 44 4
block 45 4
block 46 4
block 47 4
block 55 4
block 56 4
block 57 4
block 58 4
block 59 4
block 60 4
block 61 4
block 62 4
block 63 4
block 0 5
block 1 5
block 2 5
block 3 5
block 11 5
block 12 5
block 13 5
block 14 5
block 15 5
block 16 5
block 17 5
block 18 5
block 19 5
block 20 5
block 21 5
block 44 5
block 45 5
block 46 5
block 47 5
block 55 5
block 56 5
block 57 5
block 58 5
block 59 5
block 60 5
block 61 5
block 62 5
block 63 5
block 11 6
block 12 6
block 13 6
block 14 6
block 15 6
block 16 6
block 17 6
block 18 6
block 19 6
block 20 6
block 21 6
block 44 6
block 45 6
block 46 6
block 47 6
block 55 6
block 56 6
block 57 6
block 58 6
block 59 6
block 60 6
block 61 6
block 62 6
block 63 6
block 11 7
block 12 7
block 13 7
block 14 7
block 15 7
block 16 7
block 17 7
block 18 7
block 19 7
block 20 7
block 21 7
block 44 7
block 45 7
block 46 7
block 47 7
block 55 7
block 56 7
block 57 7
block 58 7
block 59 7
block 60 7
block 61 7
block 62 7
block 63 7
block 15 8
block 16 8
block 17 8
block 18 8
block 19 8
block 20 8
block 21 8
block 44 8
block 45 8
block 60 8
block 61 8
block 62 8
block 63 8
block 15 9
block 16 9
block 17 9
block 18 9
block 19 9
block 20 9
block 21 9
block 44 9
block 45 9
block 31 10
block 32 10
block 33 10
block 34 10
block 44 10
block 45 10
block 31 11
block 32 11
block 33 11
block 34 11
block 25 12
block 26 12
block 27 12
block 28 12
block 29 12
block 30 12
block 31 12
block 32 12
block 33 12
block 34 12
block 36 12
block 37 12
block 38 12
block 39 12
block 40 12
block 41 12
block 42 12
block 25 13
block 26 13
block 27 13
block 28 13
block 29 13
block 30 13
block 31 13
block 32 13
block 33 13
block 34 13
block 36 13
block 37 13
block 38 13
block 39 13
block 40 13
block 41 13
block 42 13
block 25 14
block 26 14
block 27 14
block 28 14
block 29 14
block 30 14
block 36 14
block 37 14
block 38 14
block 39 14
block 40 14
block 41 14
block 42 14
block 62 14
block 63 14
block 64 14
block 24 15
block 25 15
block 26 15
block 27 15
block 28 15
block 29 15
block 30 15
block 31 15
block 62 15
block 63 15
block 64 15
block 0 16
block 1 16
block 2 16
block 3 16
block 24 16
block 25 16
block 26 16
block 27 16
block 28 16
block 29 16
block 30 16
block 31 16
block 32 16
block 33 16
block 58 16
block 59 16
block 67 16
block 68 16
block 69 16
block 0 17
block 1 17
block 2 17
block 3 17
block 24 17
block 25 17
block 26 17
block 27 17
block 28 17
block 29 17
block 30 17
block 31 17
block 32 17
block 33 17
block 58 17
block 59 17
block 67 17
block 68 17
block 69 17
block 0 18
block 1 18
block 2 18
block 3 18
block 24 18
block 25 18
block 26 18
block 27 18
block 28 18
block 29 18
block 30 18
block 31 18
block 32 18
block 33 18
block 41 18
block 42 18
block 43 18
block 57 18
block 58 18
block 59 18
block 60 18
block 61 18
block 62 18
block 63 18
block 64 18
block 67 18
block 68 18
block 69 18
block 0 19
block 1 19
block 2 19
block 3 19
block 4 19
block 5 19
block 30 19
block 31 19
block 41 19
block 42 19
block 43 19
block 57 19
block 58 19
block 59 19
block 60 19
block 61 19
block 62 19
block 63 19
block 64 19
block 67 19
block 68 19
block 69 19
block 0 20
block 1 20
block 2 20
block 3 20
block 4 20
block 5 20
block 30 20
block 31 20
block 41 20
block 42 20
block 43 20
block 58 20
block 59 20
block 60 20
block 61 20
block 62 20
block 63 20
block 64 20
block 67 20
block 68 20
block 69 20
block 0 21
block 1 21
block 2 21
block 3 21
block 4 21
block 5 21
block 34 21
block 35 21
block 36 21
block 37 21
block 41 21
block 42 21
block 43 21
block 58 21
block 59 21
block 0 22
block 1 22
block 2 22
block 3 22
block 4 22
block 5 22
block 34 22
block 35 22
block 36 22
block 37 22
block 41 22
block 42 22
block 43 22
block 44 22
block 45 22
block 46 22
block 47 22
block 1 23
block 2 23
block 3 23
block 4 23
block 5 23
block 34 23
block 35 23
block 36 23
block 37 23
block 41 23
block 42 23
block 43 23
block 44 23
block 45 23
block 46 23
block 47 23
block 34 24
block 35 24
block 36 24
block 37 24
block 41 24
block 42 24
block 43 24
block 44 24
block 45 24
block 46 24
block 47 24
block 55 24
block 56 24
block 57 24
block 58 24
block 59 24
##BotsAndCoinsInfo
bot_name 0 starter-bot
bot 0 16 13
bot_coins 0 0
coin 50 13
coin 19 11
round 1
bot 0 16 14
round 2
bot 0 16 15
round 3
bot 0 16 16
round 4
bot 0 16 17
round 5
bot 0 16 18
coin 48 9
coin 21 15
round 6
bot 0 16 19
round 7
bot 0 16 20
round 8
bot 0 16 21
round 9
bot 0 16 22
round 10
bot 0 16 23
coin 40 0
coin 29 24
round 11
bot 0 16 24
round 12
bot 0 15 24
round 13
bot 0 15 23
round 14
bot 0 15 22
round 15
bot 0 15 21
coin 15 18
coin 54 6
round 16
bot 0 15 20
coin_collected 15 18 0
bot_coins 0 1
round 17
bot 0 15 19
round 18
bot 0 15 18
round 19
bot 0 15 17
round 20
bot 0 15 16
coin 66 18
coin 3 6
round 21
bot 0 15 15
round 22
bot 0 15 14
round 23
bot 0 15 13
round 24
bot 0 15 12
round 25
bot 0 15 11
coin 52 2
coin 17 22
round 26
bot 0 15 10
round 27
round 28
round 29
round 30
coin 56 17
coin 13 8
round 31
round 32
round 33
round 34
round 35
coin 36 7
coin 34 17
round 36
round 37
round 38
round 39
round 40
coin 56 20
coin 10 4
round 41
round 42
round 43
round 44
round 45
coin 63 9
coin 6 15
round 46
round 47
round 48
round 49
round 50
coin 40 15
coin 29 9
round 51
round 52
round 53
round 54
round 55
coin 35 13
coin 35 11
round 56
round 57
round 58
round 59
round 60
coin 63 16
coin 6 8
round 61
round 62
round 63
round 64
round 65
coin 0 8
coin 69 15
round 66
round 67
round 68
round 69
round 70
coin 67 21
coin 4 3
round 71
round 72
round 73
round 74
round 75
coin 40 6
coin 29 19
round 76
round 77
round 78
round 79
round 80
coin 30 10
coin 39 15
round 81
round 82
round 83
round 84
round 85
coin 18 2
coin 51 22
round 86
round 87
round 88
round 89
round 90
coin 12 18
coin 57 8
round 91
round 92
round 93
round 94
round 95
coin 63 13
coin 6 11
round 96
round 97
round 98
round 99
round 100
coin 68 15
coin 1 9
round 101
round 102
round 103
round 104
round 105
coin 63 12
coin 6 12
round 106
round 107
round 108
round 109
round 110
coin 46 9
coin 23 15
round 111
round 112
round 113
round 114
round 115
coin 27 10
coin 43 14
round 116
round 117
round 118
round 119
round 120
coin 27 19
coin 42 5
round 121
round 122
round 123
round 124
round 125
coin 33 15
coin 36 9
round 126
round 127
round 128
round 129
round 130
coin 58 8
coin 11 16
round 131
round 132
round 133
round 134
round 135
coin 30 9
coin 38 15
round 136
round 137
round 138
round 139
round 140
coin 64 9
coin 5 15
round 141
round 142
round 143
round 144
round 145
coin 1 1
coin 68 23
round 146
round 147
round 148
round 149
round 150
coin 7 19
coin 64 5
round 151
round 152
round 153
round 154
round 155
coin 32 1
coin 38 23
round 156
round 157
round 158
round 159
round 160
coin 65 19
coin 4 5
round 161
round 162
round 163
round 164
round 165
coin 48 19
coin 22 5
round 166
round 167
round 168
round 169
round 170
coin 54 24
coin 15 0
round 171
round 172
round 173
round 174
round 175
coin 10 1
coin 59 23
round 176
round 177
round 178
round 179
round 180
coin 53 4
coin 16 20
round 181
round 182
round 183
round 184
round 185
coin 43 8
coin 24 14
round 186
round 187
round 188
round 189
round 190
coin 26 10
coin 43 13
round 191
round 192
round 193
round 194
round 195
coin 45 18
coin 24 6
round 196
round 197
round 198
round 199
round 200
coin 29 20
coin 40 4
match_over 0
