match
match_id 1639432327887_ah
match_time 1639432327891
num_bots 1
##MatchConfig
mode FRIENDLY
num_rounds 200
random_seed 42
move_time_limit 1000
coin_spawn_period 5
coin_spawn_volume 2
##MapConfig
map_size 63 33
view_radius 6
mining_radius 1
attack_radius 4
block 3 0
block 4 0
block 5 0
block 40 0
block 41 0
block 42 0
block 47 0
block 48 0
block 49 0
block 50 0
block 52 0
block 53 0
block 54 0
block 55 0
block 56 0
block 57 0
block 58 0
block 3 1
block 4 1
block 5 1
block 40 1
block 41 1
block 42 1
block 47 1
block 48 1
block 49 1
block 50 1
block 52 1
block 53 1
block 54 1
block 55 1
block 56 1
block 57 1
block 58 1
block 47 2
block 48 2
block 49 2
block 50 2
block 35 3
block 36 3
block 37 3
block 38 3
block 39 3
block 40 3
block 41 3
block 47 3
block 48 3
block 49 3
block 50 3
block 4 4
block 5 4
block 6 4
block 7 4
block 35 4
block 36 4
block 37 4
block 38 4
block 39 4
block 40 4
block 41 4
block 4 5
block 5 5
block 6 5
block 7 5
block 35 5
block 36 5
block 37 5
block 38 5
block 39 5
block 40 5
block 41 5
block 55 5
block 56 5
block 57 5
block 58 5
block 59 5
block 60 5
block 4 6
block 5 6
block 6 6
block 7 6
block 35 6
block 36 6
block 37 6
block 38 6
block 39 6
block 40 6
block 41 6
block 50 6
block 51 6
block 52 6
block 53 6
block 55 6
block 56 6
block 57 6
block 58 6
block 59 6
block 60 6
block 35 7
block 36 7
block 37 7
block 38 7
block 39 7
block 40 7
block 41 7
block 50 7
block 51 7
block 52 7
block 53 7
block 55 7
block 56 7
block 57 7
block 58 7
block 59 7
block 60 7
block 50 8
block 51 8
block 52 8
block 53 8
block 55 8
block 56 8
block 57 8
block 58 8
block 59 8
block 60 8
block 50 9
block 51 9
block 52 9
block 53 9
block 55 9
block 56 9
block 57 9
block 58 9
block 59 9
block 60 9
block 50 10
block 51 10
block 52 10
block 53 10
block 55 10
block 56 10
block 57 10
block 58 10
block 59 10
block 60 10
block 50 11
block 51 11
block 52 11
block 53 11
block 55 11
block 56 11
block 57 11
block 58 11
block 59 11
block 60 11
block 25 12
block 26 12
block 27 12
block 25 13
block 26 13
block 27 13
block 47 13
block 48 13
block 49 13
block 50 13
block 47 14
block 48 14
block 49 14
block 50 14
block 53 14
block 54 14
block 55 14
block 56 14
block 57 14
block 58 14
block 59 14
block 47 15
block 48 15
block 49 15
block 50 15
block 53 15
block 54 15
block 55 15
block 56 15
block 57 15
block 58 15
block 59 15
block 25 16
block 26 16
block 27 16
block 28 16
block 47 16
block 48 16
block 49 16
block 50 16
block 53 16
block 54 16
block 55 16
block 56 16
block 57 16
block 58 16
block 59 16
block 25 17
block 26 17
block 27 17
block 28 17
block 31 17
block 32 17
block 33 17
block 34 17
block 47 17
block 48 17
block 49 17
block 50 17
block 53 17
block 54 17
block 55 17
block 56 17
block 57 17
block 58 17
block 59 17
block 25 18
block 26 18
block 27 18
block 28 18
block 31 18
block 32 18
block 33 18
block 34 18
block 49 18
block 50 18
block 51 18
block 54 18
block 55 18
block 16 19
block 17 19
block 31 19
block 32 19
block 33 19
block 34 19
block 49 19
block 50 19
block 51 19
block 54 19
block 55 19
block 16 20
block 17 20
block 49 20
block 50 20
block 51 20
block 10 21
block 11 21
block 12 21
block 16 21
block 17 21
block 27 21
block 28 21
block 45 21
block 46 21
block 47 21
block 48 21
block 49 21
block 50 21
block 51 21
block 8 22
block 9 22
block 10 22
block 11 22
block 12 22
block 16 22
block 17 22
block 27 22
block 28 22
block 45 22
block 46 22
block 47 22
block 48 22
block 49 22
block 8 23
block 9 23
block 10 23
block 11 23
block 12 23
block 27 23
block 28 23
block 29 23
block 45 23
block 46 23
block 47 23
block 48 23
block 49 23
block 61 23
block 62 23
block 8 24
block 9 24
block 10 24
block 11 24
block 12 24
block 13 24
block 14 24
block 15 24
block 16 24
block 17 24
block 27 24
block 28 24
block 29 24
block 61 24
block 62 24
block 10 25
block 11 25
block 12 25
block 13 25
block 14 25
block 15 25
block 16 25
block 17 25
block 27 25
block 28 25
block 61 25
block 62 25
block 10 26
block 11 26
block 12 26
block 13 26
block 14 26
block 15 26
block 16 26
block 17 26
block 27 26
block 28 26
block 61 26
block 62 26
block 12 27
block 13 27
block 14 27
block 15 27
block 16 27
block 17 27
block 61 27
block 62 27
block 12 28
block 13 28
block 14 28
block 15 28
block 16 28
block 17 28
block 43 28
block 44 28
block 45 28
block 12 29
block 13 29
block 14 29
block 15 29
block 16 29
block 17 29
block 43 29
block 44 29
block 45 29
block 12 30
block 13 30
block 14 30
block 15 30
block 16 30
block 17 30
block 47 30
block 48 30
block 49 30
block 50 30
block 52 30
block 53 30
block 54 30
block 55 30
block 56 30
block 57 30
block 58 30
block 3 31
block 4 31
block 5 31
block 47 31
block 48 31
block 49 31
block 50 31
block 52 31
block 53 31
block 54 31
block 55 31
block 56 31
block 57 31
block 58 31
block 3 32
block 4 32
block 5 32
block 47 32
block 48 32
block 49 32
block 50 32
block 52 32
block 53 32
block 54 32
block 55 32
block 56 32
block 57 32
block 58 32
##BotsAndCoinsInfo
bot_name 0 starter-bot
bot 0 53 24
bot_coins 0 0
coin 8 15
coin 53 18
round 1
round 2
round 3
round 4
round 5
coin 27 5
coin 35 27
round 6
round 7
round 8
round 9
round 10
coin 53 19
coin 9 13
round 11
round 12
bot 0 54 23
round 13
round 14
round 15
match_over 0
coin 51 2
coin 11 30
round 16
