match
match_id 1639473747105_ag
match_time 1639473747110
num_bots 1
##MatchConfig
mode FRIENDLY
num_rounds 200
random_seed 42
move_time_limit 1000
coin_spawn_period 5
coin_spawn_volume 2
##MapConfig
map_size 60 21
view_radius 6
mining_radius 2
attack_radius 4
block 9 0
block 10 0
block 11 0
block 12 0
block 13 0
block 14 0
block 15 0
block 18 0
block 19 0
block 20 0
block 21 0
block 22 0
block 23 0
block 24 0
block 25 0
block 26 0
block 27 0
block 38 0
block 39 0
block 40 0
block 41 0
block 42 0
block 43 0
block 44 0
block 18 1
block 19 1
block 20 1
block 21 1
block 36 1
block 37 1
block 38 1
block 39 1
block 40 1
block 41 1
block 42 1
block 43 1
block 44 1
block 18 2
block 19 2
block 20 2
block 21 2
block 36 2
block 37 2
block 38 2
block 39 2
block 40 2
block 41 2
block 42 2
block 43 2
block 44 2
block 9 3
block 10 3
block 11 3
block 12 3
block 13 3
block 14 3
block 18 3
block 19 3
block 20 3
block 21 3
block 36 3
block 37 3
block 38 3
block 39 3
block 40 3
block 41 3
block 53 3
block 54 3
block 55 3
block 56 3
block 57 3
block 58 3
block 9 4
block 10 4
block 11 4
block 12 4
block 13 4
block 14 4
block 36 4
block 37 4
block 38 4
block 39 4
block 40 4
block 41 4
block 53 4
block 54 4
block 55 4
block 56 4
block 57 4
block 58 4
block 9 5
block 10 5
block 11 5
block 12 5
block 13 5
block 14 5
block 36 5
block 37 5
block 38 5
block 39 5
block 40 5
block 41 5
block 46 5
block 47 5
block 48 5
block 49 5
block 50 5
block 9 6
block 10 6
block 11 6
block 12 6
block 13 6
block 14 6
block 46 6
block 47 6
block 48 6
block 49 6
block 50 6
block 9 7
block 10 7
block 11 7
block 12 7
block 13 7
block 14 7
block 46 7
block 47 7
block 48 7
block 49 7
block 50 7
block 46 8
block 47 8
block 48 8
block 49 8
block 50 8
block 12 10
block 13 10
block 29 10
block 30 10
block 31 10
block 32 10
block 33 10
block 34 10
block 35 10
block 12 11
block 13 11
block 28 11
block 29 11
block 30 11
block 31 11
block 32 11
block 33 11
block 34 11
block 35 11
block 24 12
block 25 12
block 26 12
block 27 12
block 28 12
block 29 12
block 30 12
block 31 12
block 32 12
block 33 12
block 34 12
block 35 12
block 9 13
block 10 13
block 11 13
block 24 13
block 25 13
block 26 13
block 27 13
block 28 13
block 29 13
block 30 13
block 31 13
block 32 13
block 33 13
block 34 13
block 35 13
block 3 14
block 4 14
block 5 14
block 6 14
block 7 14
block 8 14
block 9 14
block 10 14
block 11 14
block 24 14
block 25 14
block 26 14
block 27 14
block 28 14
block 29 14
block 30 14
block 31 14
block 32 14
block 33 14
block 34 14
block 35 14
block 3 15
block 4 15
block 5 15
block 6 15
block 7 15
block 8 15
block 9 15
block 10 15
block 11 15
block 35 15
block 36 15
block 37 15
block 38 15
block 39 15
block 40 15
block 3 16
block 4 16
block 5 16
block 6 16
block 7 16
block 8 16
block 9 16
block 10 16
block 11 16
block 12 16
block 13 16
block 14 16
block 15 16
block 35 16
block 36 16
block 37 16
block 38 16
block 39 16
block 40 16
block 3 17
block 4 17
block 5 17
block 6 17
block 7 17
block 8 17
block 9 17
block 10 17
block 11 17
block 12 17
block 13 17
block 14 17
block 15 17
block 35 17
block 36 17
block 37 17
block 38 17
block 39 17
block 40 17
block 3 18
block 4 18
block 5 18
block 6 18
block 7 18
block 8 18
block 9 18
block 10 18
block 11 18
block 12 18
block 13 18
block 14 18
block 15 18
block 23 18
block 24 18
block 25 18
block 26 18
block 35 18
block 36 18
block 37 18
block 38 18
block 39 18
block 40 18
block 9 19
block 10 19
block 11 19
block 12 19
block 13 19
block 14 19
block 15 19
block 18 19
block 19 19
block 20 19
block 21 19
block 23 19
block 24 19
block 25 19
block 26 19
block 35 19
block 36 19
block 37 19
block 38 19
block 39 19
block 40 19
block 41 19
block 42 19
block 43 19
block 9 20
block 10 20
block 11 20
block 12 20
block 13 20
block 14 20
block 15 20
block 18 20
block 19 20
block 20 20
block 21 20
block 22 20
block 23 20
block 24 20
block 25 20
block 26 20
block 27 20
block 35 20
block 36 20
block 37 20
block 38 20
block 39 20
block 40 20
block 41 20
block 42 20
block 43 20
block 44 20
##BotsAndCoinsInfo
bot_name 0 starter-bot
bot 0 26 6
bot_coins 0 0
coin 50 12
coin 9 8
round 1
bot 0 26 7
round 2
bot 0 26 8
round 3
bot 0 26 9
round 4
bot 0 26 10
round 5
bot 0 26 11
coin 48 17
coin 11 2
round 6
bot 0 25 11
round 7
bot 0 24 11
round 8
bot 0 23 11
round 9
bot 0 23 12
round 10
bot 0 23 13
coin 30 4
coin 29 16
round 11
bot 0 23 14
round 12
bot 0 23 15
round 13
bot 0 23 16
round 14
bot 0 23 17
round 15
bot 0 22 17
coin 5 19
coin 54 1
round 16
bot 0 22 18
round 17
bot 0 22 19
round 18
bot 0 21 18
round 19
bot 0 20 18
round 20
bot 0 19 18
coin 19 17
coin 42 3
round 21
bot 0 18 18
coin_collected 19 17 0
bot_coins 0 1
round 22
bot 0 17 18
round 23
bot 0 17 19
round 24
bot 0 17 20
round 25
bot 0 16 19
coin 2 11
coin 57 9
round 26
bot 0 16 18
round 27
bot 0 16 17
round 28
bot 0 16 16
round 29
bot 0 16 15
round 30
bot 0 16 14
coin 36 0
coin 22 19
round 31
bot 0 16 13
round 32
bot 0 16 12
round 33
bot 0 16 11
round 34
bot 0 16 10
round 35
bot 0 16 9
coin 56 17
coin 3 3
round 36
bot 0 16 8
round 37
bot 0 16 7
round 38
bot 0 16 6
round 39
bot 0 16 5
round 40
bot 0 16 4
coin 36 12
coin 23 8
round 41
bot 0 16 3
round 42
bot 0 16 2
round 43
bot 0 16 1
round 44
bot 0 16 0
round 45
bot 0 16 1
coin 43 3
coin 16 17
round 46
round 47
round 48
bot 0 17 0
round 49
bot 0 16 1
round 50
bot 0 16 2
coin 22 1
coin 37 0
round 51
bot 0 16 3
round 52
bot 0 16 4
round 53
bot 0 16 5
round 54
bot 0 16 6
round 55
bot 0 16 7
coin 26 9
coin 33 9
round 56
bot 0 16 8
round 57
bot 0 16 9
round 58
bot 0 16 10
round 59
bot 0 16 11
round 60
bot 0 16 12
coin 23 9
coin 36 11
round 61
bot 0 16 13
round 62
bot 0 15 14
round 63
bot 0 16 15
coin_collected 16 17 0
bot_coins 0 2
round 64
bot 0 16 16
round 65
bot 0 16 17
coin 10 10
coin 49 10
round 66
bot 0 16 18
round 67
bot 0 16 19
round 68
bot 0 16 20
round 69
bot 0 16 19
round 70
coin 7 12
coin 52 8
round 71
round 72
round 73
round 74
round 75
bot 0 17 19
coin 10 8
coin 49 12
round 76
round 77
round 78
bot 0 16 19
round 79
round 80
coin 50 17
coin 9 2
round 81
round 82
bot 0 17 19
round 83
round 84
round 85
coin 17 11
coin 42 9
round 86
round 87
round 88
round 89
round 90
bot 0 16 19
coin 12 1
coin 47 19
round 91
round 92
round 93
round 94
round 95
coin 15 6
coin 44 14
round 96
round 97
round 98
bot 0 17 19
round 99
round 100
coin 59 19
coin 0 1
round 101
round 102
round 103
round 104
round 105
coin 23 7
coin 36 13
round 106
bot 0 16 20
round 107
bot 0 16 19
round 108
round 109
round 110
coin 35 0
coin 24 1
round 111
bot 0 16 18
round 112
round 113
round 114
round 115
coin 7 2
coin 52 18
round 116
round 117
round 118
round 119
round 120
coin 37 10
coin 22 10
round 121
bot 0 16 17
round 122
round 123
bot 0 17 18
round 124
round 125
coin 13 14
coin 45 6
round 126
bot 0 18 18
round 127
round 128
round 129
round 130
coin 35 1
coin 24 17
round 131
round 132
round 133
round 134
round 135
coin 20 7
coin 39 13
round 136
round 137
bot 0 18 17
round 138
round 139
round 140
coin 13 8
coin 46 12
round 141
bot 0 19 16
round 142
round 143
round 144
round 145
bot 0 18 15
coin 22 3
coin 34 17
round 146
round 147
round 148
round 149
round 150
coin 37 6
coin 22 14
round 151
round 152
round 153
bot 0 17 15
round 154
bot 0 16 14
round 155
bot 0 17 13
coin_collected 17 11 0
bot_coins 0 3
coin 32 16
coin 27 4
round 156
bot 0 17 12
round 157
bot 0 17 11
round 158
bot 0 17 10
round 159
bot 0 17 9
round 160
bot 0 17 8
coin 14 2
coin 45 18
round 161
bot 0 16 7
coin_collected 15 6 0
bot_coins 0 4
round 162
bot 0 15 8
coin_collected 13 8 0
bot_coins 0 5
round 163
bot 0 15 9
round 164
bot 0 15 10
round 165
bot 0 15 11
coin 38 6
coin 21 14
round 166
bot 0 15 12
round 167
bot 0 14 13
coin_collected 13 14 0
bot_coins 0 6
round 168
bot 0 14 14
round 169
bot 0 14 15
round 170
bot 0 13 15
coin 15 12
coin 44 8
round 171
bot 0 12 15
round 172
round 173
bot 0 12 14
round 174
bot 0 13 13
round 175
bot 0 13 12
coin_collected 15 12 0
bot_coins 0 7
coin 10 9
coin 49 11
round 176
bot 0 12 12
round 177
bot 0 11 12
round 178
bot 0 11 11
coin_collected 10 10 0
bot_coins 0 8
round 179
bot 0 10 10
coin_collected 10 9 0
bot_coins 0 9
coin_collected 10 8 0
bot_coins 0 10
round 180
bot 0 9 11
coin 13 8
coin 46 13
round 181
bot 0 9 12
coin_collected 7 12 0
bot_coins 0 11
round 182
bot 0 8 12
round 183
bot 0 8 13
round 184
bot 0 7 13
round 185
bot 0 6 13
coin 15 5
coin 44 15
round 186
bot 0 5 13
round 187
bot 0 4 13
round 188
bot 0 3 13
round 189
bot 0 2 13
coin_collected 2 11 0
bot_coins 0 12
round 190
bot 0 2 14
coin 26 7
coin 33 15
round 191
bot 0 2 15
round 192
bot 0 2 16
round 193
bot 0 2 17
round 194
bot 0 1 17
round 195
bot 0 1 18
coin 5 0
coin 54 20
round 196
bot 0 1 19
coin_collected 59 19 0
bot_coins 0 13
round 197
bot 0 2 18
round 198
bot 0 3 19
coin_collected 5 19 0
bot_coins 0 14
round 199
bot 0 2 19
round 200
coin 0 2
coin 59 18
match_over 0
