match
match_id 1639212543886_jv
match_time 1639212543896
num_bots 1
##MatchConfig
mode FRIENDLY
num_rounds 200
random_seed 42
move_time_limit 1000
coin_spawn_period 5
coin_spawn_volume 2
##MapConfig
map_size 74 34
view_radius 6
mining_radius 2
attack_radius 3
block 0 0
block 1 0
block 7 0
block 8 0
block 9 0
block 10 0
block 11 0
block 19 0
block 20 0
block 21 0
block 22 0
block 23 0
block 24 0
block 48 0
block 49 0
block 50 0
block 51 0
block 73 0
block 7 1
block 8 1
block 9 1
block 10 1
block 11 1
block 19 1
block 20 1
block 21 1
block 22 1
block 23 1
block 24 1
block 48 1
block 49 1
block 50 1
block 51 1
block 54 1
block 55 1
block 56 1
block 57 1
block 58 1
block 59 1
block 60 1
block 7 2
block 8 2
block 9 2
block 10 2
block 11 2
block 19 2
block 20 2
block 21 2
block 22 2
block 23 2
block 24 2
block 48 2
block 49 2
block 50 2
block 51 2
block 54 2
block 55 2
block 56 2
block 57 2
block 58 2
block 59 2
block 60 2
block 7 3
block 8 3
block 9 3
block 10 3
block 11 3
block 19 3
block 20 3
block 21 3
block 22 3
block 23 3
block 24 3
block 48 3
block 49 3
block 50 3
block 51 3
block 54 3
block 55 3
block 56 3
block 57 3
block 58 3
block 59 3
block 60 3
block 7 4
block 8 4
block 9 4
block 10 4
block 11 4
block 48 4
block 49 4
block 50 4
block 51 4
block 54 4
block 55 4
block 56 4
block 57 4
block 58 4
block 59 4
block 60 4
block 7 5
block 8 5
block 9 5
block 10 5
block 11 5
block 12 5
block 13 5
block 14 5
block 15 5
block 16 5
block 54 5
block 55 5
block 56 5
block 57 5
block 58 5
block 59 5
block 60 5
block 10 6
block 11 6
block 12 6
block 13 6
block 14 6
block 15 6
block 16 6
block 54 6
block 55 6
block 56 6
block 57 6
block 58 6
block 59 6
block 60 6
block 10 7
block 11 7
block 12 7
block 13 7
block 14 7
block 15 7
block 16 7
block 2 8
block 3 8
block 4 8
block 10 8
block 11 8
block 12 8
block 13 8
block 14 8
block 15 8
block 16 8
block 2 9
block 3 9
block 4 9
block 10 9
block 11 9
block 12 9
block 13 9
block 14 9
block 15 9
block 16 9
block 61 9
block 62 9
block 63 9
block 64 9
block 65 9
block 66 9
block 2 10
block 3 10
block 4 10
block 10 10
block 11 10
block 12 10
block 13 10
block 14 10
block 15 10
block 16 10
block 61 10
block 62 10
block 63 10
block 64 10
block 65 10
block 66 10
block 0 11
block 2 11
block 3 11
block 4 11
block 10 11
block 11 11
block 12 11
block 13 11
block 14 11
block 15 11
block 16 11
block 61 11
block 62 11
block 63 11
block 64 11
block 65 11
block 66 11
block 69 11
block 70 11
block 71 11
block 72 11
block 73 11
block 0 12
block 2 12
block 3 12
block 4 12
block 47 12
block 48 12
block 49 12
block 50 12
block 51 12
block 61 12
block 62 12
block 63 12
block 64 12
block 65 12
block 66 12
block 69 12
block 70 12
block 71 12
block 72 12
block 73 12
block 0 13
block 2 13
block 3 13
block 4 13
block 21 13
block 22 13
block 23 13
block 24 13
block 25 13
block 26 13
block 27 13
block 47 13
block 48 13
block 49 13
block 50 13
block 51 13
block 61 13
block 62 13
block 63 13
block 64 13
block 65 13
block 66 13
block 69 13
block 70 13
block 71 13
block 72 13
block 73 13
block 0 14
block 2 14
block 3 14
block 4 14
block 21 14
block 22 14
block 23 14
block 24 14
block 25 14
block 26 14
block 27 14
block 47 14
block 48 14
block 49 14
block 50 14
block 51 14
block 69 14
block 70 14
block 71 14
block 72 14
block 73 14
block 0 15
block 2 15
block 3 15
block 4 15
block 21 15
block 22 15
block 23 15
block 24 15
block 25 15
block 26 15
block 27 15
block 47 15
block 48 15
block 49 15
block 50 15
block 51 15
block 69 15
block 70 15
block 71 15
block 72 15
block 73 15
block 0 16
block 2 16
block 3 16
block 4 16
block 5 16
block 6 16
block 7 16
block 8 16
block 9 16
block 10 16
block 55 16
block 56 16
block 57 16
block 58 16
block 59 16
block 60 16
block 69 16
block 70 16
block 71 16
block 72 16
block 73 16
block 2 17
block 3 17
block 4 17
block 5 17
block 6 17
block 7 17
block 8 17
block 9 17
block 10 17
block 17 17
block 18 17
block 19 17
block 20 17
block 21 17
block 22 17
block 23 17
block 55 17
block 56 17
block 57 17
block 58 17
block 59 17
block 60 17
block 5 18
block 6 18
block 7 18
block 8 18
block 9 18
block 10 18
block 17 18
block 18 18
block 19 18
block 20 18
block 21 18
block 22 18
block 23 18
block 54 18
block 55 18
block 56 18
block 57 18
block 58 18
block 59 18
block 60 18
block 61 18
block 62 18
block 5 19
block 6 19
block 7 19
block 8 19
block 9 19
block 10 19
block 54 19
block 55 19
block 56 19
block 57 19
block 58 19
block 59 19
block 60 19
block 61 19
block 62 19
block 52 20
block 53 20
block 54 20
block 55 20
block 56 20
block 57 20
block 58 20
block 59 20
block 60 20
block 52 21
block 53 21
block 54 21
block 55 21
block 56 21
block 57 21
block 58 21
block 59 21
block 60 21
block 52 22
block 53 22
block 54 22
block 55 22
block 56 22
block 57 22
block 58 22
block 59 22
block 60 22
block 52 23
block 53 23
block 54 23
block 55 23
block 56 23
block 57 23
block 58 23
block 59 23
block 60 23
block 52 24
block 53 24
block 54 24
block 0 29
block 1 29
block 73 29
block 0 30
block 1 30
block 73 30
block 0 31
block 1 31
block 19 31
block 20 31
block 21 31
block 22 31
block 23 31
block 24 31
block 73 31
block 0 32
block 1 32
block 19 32
block 20 32
block 21 32
block 22 32
block 23 32
block 24 32
block 73 32
block 0 33
block 1 33
block 7 33
block 8 33
block 9 33
block 10 33
block 11 33
block 19 33
block 20 33
block 21 33
block 22 33
block 23 33
block 24 33
block 48 33
block 49 33
block 50 33
block 51 33
block 73 33
##BotsAndCoinsInfo
bot_name 0 starter-bot
bot 0 41 15
bot_coins 0 0
coin 14 12
coin 61 21
round 1
bot 0 41 16
round 2
bot 0 41 17
round 3
bot 0 41 18
round 4
bot 0 41 19
round 5
bot 0 41 20
coin 1 12
coin 72 21
round 6
bot 0 41 21
round 7
bot 0 41 22
round 8
bot 0 41 23
round 9
bot 0 41 24
round 10
bot 0 41 25
coin 48 9
coin 25 24
round 11
bot 0 41 26
round 12
bot 0 41 27
round 13
bot 0 41 28
round 14
bot 0 41 29
round 15
bot 0 41 30
coin 11 12
coin 62 21
round 16
bot 0 41 31
round 17
bot 0 41 32
round 18
bot 0 41 33
round 19
bot 0 40 32
round 20
bot 0 40 31
coin 57 7
coin 16 26
round 21
bot 0 40 30
round 22
bot 0 40 29
round 23
bot 0 40 28
round 24
bot 0 40 27
round 25
bot 0 40 26
coin 64 14
coin 9 20
round 26
bot 0 40 25
round 27
bot 0 40 24
round 28
bot 0 40 23
round 29
bot 0 40 22
round 30
bot 0 40 21
coin 24 12
coin 49 21
round 31
bot 0 40 20
round 32
bot 0 40 19
round 33
bot 0 40 18
round 34
bot 0 40 17
round 35
bot 0 40 16
coin 48 16
coin 25 17
round 36
bot 0 40 15
round 37
bot 0 40 14
round 38
bot 0 40 13
round 39
bot 0 40 12
round 40
bot 0 40 11
coin 30 8
coin 43 25
round 41
bot 0 40 10
round 42
bot 0 40 9
round 43
bot 0 40 8
round 44
bot 0 40 7
round 45
bot 0 40 6
coin 65 15
coin 8 20
round 46
bot 0 40 5
round 47
bot 0 40 4
round 48
bot 0 40 3
round 49
bot 0 40 2
round 50
bot 0 40 1
coin 60 11
coin 13 22
round 51
bot 0 40 0
round 52
bot 0 39 1
round 53
bot 0 39 2
round 54
bot 0 39 3
round 55
bot 0 39 4
coin 40 33
coin 33 0
round 56
bot 0 39 5
round 57
bot 0 39 6
round 58
bot 0 39 7
round 59
bot 0 39 8
round 60
bot 0 39 9
coin 6 1
coin 67 32
round 61
bot 0 39 10
round 62
bot 0 39 11
round 63
bot 0 39 12
round 64
bot 0 39 13
round 65
bot 0 39 14
coin 44 20
coin 29 13
round 66
bot 0 39 15
round 67
bot 0 39 16
round 68
bot 0 39 17
round 69
bot 0 39 18
round 70
bot 0 39 19
coin 18 32
coin 55 0
round 71
bot 0 39 20
round 72
bot 0 39 21
round 73
bot 0 39 22
round 74
bot 0 39 23
round 75
bot 0 39 24
coin 68 14
coin 5 20
round 76
bot 0 39 25
round 77
bot 0 39 26
round 78
bot 0 39 27
round 79
bot 0 39 28
round 80
bot 0 39 29
coin 20 25
coin 53 8
round 81
bot 0 39 30
round 82
bot 0 39 31
round 83
bot 0 39 32
coin_collected 40 33 0
bot_coins 0 1
round 84
bot 0 39 33
round 85
bot 0 38 32
coin 37 27
coin 36 6
round 86
bot 0 38 31
round 87
bot 0 38 30
round 88
bot 0 38 29
round 89
bot 0 38 28
coin_collected 37 27 0
bot_coins 0 2
round 90
bot 0 38 27
coin 9 9
coin 64 24
round 91
bot 0 38 26
round 92
bot 0 38 25
round 93
bot 0 38 24
round 94
bot 0 38 23
round 95
bot 0 38 22
coin 59 0
coin 14 33
round 96
bot 0 38 21
round 97
bot 0 38 20
round 98
bot 0 38 19
round 99
bot 0 38 18
round 100
bot 0 38 17
coin 23 30
coin 52 3
round 101
bot 0 38 16
round 102
bot 0 38 15
round 103
bot 0 38 14
round 104
bot 0 38 13
round 105
bot 0 38 12
coin 17 29
coin 56 7
round 106
bot 0 38 11
round 107
bot 0 38 10
round 108
bot 0 38 9
round 109
bot 0 38 8
round 110
bot 0 38 7
coin 1 10
coin 72 23
round 111
bot 0 38 6
coin_collected 36 6 0
bot_coins 0 3
round 112
bot 0 38 5
round 113
bot 0 38 4
round 114
bot 0 38 3
round 115
bot 0 38 2
coin 54 17
coin 19 16
round 116
bot 0 38 1
round 117
bot 0 38 0
round 118
bot 0 37 1
round 119
bot 0 37 2
round 120
bot 0 37 3
coin 65 8
coin 8 25
round 121
bot 0 37 4
round 122
bot 0 37 5
round 123
bot 0 37 6
round 124
bot 0 37 7
round 125
bot 0 37 8
coin 71 8
coin 2 25
round 126
bot 0 37 9
round 127
bot 0 37 10
round 128
bot 0 37 11
round 129
bot 0 37 12
round 130
bot 0 37 13
coin 40 14
coin 33 19
round 131
bot 0 37 14
round 132
bot 0 37 15
round 133
bot 0 37 16
round 134
bot 0 37 17
round 135
bot 0 37 18
coin 72 20
coin 1 13
round 136
bot 0 37 19
round 137
bot 0 37 20
round 138
bot 0 37 21
round 139
bot 0 37 22
round 140
bot 0 37 23
coin 52 1
coin 21 30
round 141
bot 0 37 24
round 142
bot 0 37 25
round 143
bot 0 37 26
round 144
bot 0 37 27
round 145
bot 0 37 28
coin 45 23
coin 28 10
round 146
bot 0 37 29
round 147
bot 0 37 30
round 148
bot 0 37 31
round 149
bot 0 37 32
round 150
bot 0 37 33
coin 67 7
coin 6 26
round 151
bot 0 36 32
round 152
bot 0 36 31
round 153
bot 0 36 30
round 154
bot 0 36 29
round 155
bot 0 36 28
coin 62 8
coin 11 25
round 156
bot 0 36 27
round 157
bot 0 36 26
round 158
bot 0 36 25
round 159
bot 0 36 24
round 160
bot 0 36 23
coin 56 0
coin 17 33
round 161
bot 0 36 22
round 162
bot 0 36 21
round 163
bot 0 36 20
round 164
bot 0 36 19
round 165
bot 0 36 18
coin 36 11
coin 37 22
round 166
bot 0 36 17
round 167
bot 0 36 16
round 168
bot 0 36 15
round 169
bot 0 36 14
round 170
bot 0 36 13
coin_collected 36 11 0
bot_coins 0 4
coin 31 3
coin 42 30
round 171
bot 0 36 12
round 172
bot 0 36 11
round 173
bot 0 36 10
round 174
bot 0 36 9
round 175
bot 0 36 8
coin 14 4
coin 59 29
round 176
bot 0 36 7
round 177
bot 0 36 6
round 178
bot 0 36 5
round 179
bot 0 36 4
round 180
bot 0 36 3
coin 17 3
coin 56 30
round 181
bot 0 36 2
round 182
bot 0 36 1
round 183
bot 0 36 0
round 184
bot 0 35 1
round 185
bot 0 35 2
coin 9 7
coin 64 26
round 186
bot 0 35 3
round 187
bot 0 35 4
round 188
bot 0 35 5
round 189
bot 0 35 6
round 190
bot 0 35 7
coin 50 22
coin 23 11
round 191
bot 0 35 8
round 192
bot 0 35 9
round 193
bot 0 35 10
round 194
bot 0 35 11
round 195
bot 0 35 12
coin 65 14
coin 7 20
round 196
bot 0 35 13
round 197
bot 0 35 14
round 198
bot 0 35 15
round 199
bot 0 35 16
round 200
bot 0 35 17
coin 56 24
coin 17 9
match_over 0
