match
match_id 1639175656561_fr
match_time 1639175656563
num_bots 1
##MatchConfig
mode FRIENDLY
num_rounds 200
random_seed 42
move_time_limit 1000
coin_spawn_period 5
coin_spawn_volume 2
##MapConfig
map_size 58 30
view_radius 6
mining_radius 1
attack_radius 3
block 25 0
block 26 0
block 27 0
block 28 0
block 42 0
block 43 0
block 44 0
block 45 0
block 46 0
block 47 0
block 25 1
block 26 1
block 27 1
block 28 1
block 42 1
block 43 1
block 44 1
block 45 1
block 46 1
block 47 1
block 0 2
block 20 2
block 21 2
block 22 2
block 39 2
block 40 2
block 41 2
block 42 2
block 43 2
block 44 2
block 53 2
block 54 2
block 55 2
block 56 2
block 57 2
block 0 3
block 20 3
block 21 3
block 22 3
block 23 3
block 24 3
block 25 3
block 26 3
block 30 3
block 31 3
block 37 3
block 38 3
block 39 3
block 40 3
block 41 3
block 42 3
block 43 3
block 44 3
block 45 3
block 46 3
block 53 3
block 54 3
block 55 3
block 56 3
block 57 3
block 0 4
block 20 4
block 21 4
block 22 4
block 23 4
block 24 4
block 25 4
block 26 4
block 30 4
block 31 4
block 37 4
block 38 4
block 39 4
block 40 4
block 41 4
block 42 4
block 43 4
block 44 4
block 45 4
block 46 4
block 53 4
block 54 4
block 55 4
block 56 4
block 57 4
block 0 5
block 9 5
block 10 5
block 11 5
block 12 5
block 13 5
block 14 5
block 15 5
block 20 5
block 21 5
block 22 5
block 23 5
block 24 5
block 25 5
block 26 5
block 30 5
block 31 5
block 37 5
block 38 5
block 39 5
block 40 5
block 41 5
block 42 5
block 43 5
block 44 5
block 45 5
block 46 5
block 53 5
block 54 5
block 55 5
block 56 5
block 57 5
block 0 6
block 9 6
block 10 6
block 11 6
block 12 6
block 13 6
block 14 6
block 15 6
block 20 6
block 21 6
block 22 6
block 23 6
block 24 6
block 25 6
block 26 6
block 30 6
block 31 6
block 32 6
block 33 6
block 34 6
block 35 6
block 37 6
block 38 6
block 39 6
block 40 6
block 41 6
block 42 6
block 43 6
block 44 6
block 45 6
block 46 6
block 53 6
block 54 6
block 55 6
block 56 6
block 57 6
block 0 7
block 9 7
block 10 7
block 11 7
block 12 7
block 13 7
block 14 7
block 15 7
block 20 7
block 21 7
block 22 7
block 30 7
block 31 7
block 32 7
block 33 7
block 34 7
block 35 7
block 39 7
block 40 7
block 41 7
block 42 7
block 43 7
block 44 7
block 45 7
block 46 7
block 53 7
block 54 7
block 55 7
block 56 7
block 57 7
block 2 8
block 3 8
block 4 8
block 5 8
block 6 8
block 7 8
block 9 8
block 10 8
block 11 8
block 12 8
block 13 8
block 14 8
block 15 8
block 30 8
block 31 8
block 32 8
block 33 8
block 34 8
block 35 8
block 44 8
block 45 8
block 46 8
block 0 9
block 1 9
block 2 9
block 3 9
block 4 9
block 5 9
block 6 9
block 7 9
block 9 9
block 10 9
block 11 9
block 12 9
block 13 9
block 14 9
block 15 9
block 16 9
block 17 9
block 18 9
block 19 9
block 20 9
block 30 9
block 31 9
block 32 9
block 33 9
block 34 9
block 35 9
block 0 10
block 1 10
block 2 10
block 3 10
block 4 10
block 5 10
block 6 10
block 7 10
block 15 10
block 16 10
block 17 10
block 18 10
block 19 10
block 20 10
block 30 10
block 31 10
block 32 10
block 33 10
block 34 10
block 35 10
block 36 10
block 37 10
block 38 10
block 39 10
block 0 11
block 1 11
block 15 11
block 16 11
block 17 11
block 18 11
block 19 11
block 20 11
block 26 11
block 27 11
block 28 11
block 30 11
block 31 11
block 32 11
block 33 11
block 34 11
block 35 11
block 36 11
block 37 11
block 38 11
block 39 11
block 0 12
block 1 12
block 15 12
block 16 12
block 17 12
block 18 12
block 19 12
block 20 12
block 26 12
block 27 12
block 28 12
block 34 12
block 35 12
block 36 12
block 37 12
block 38 12
block 39 12
block 0 13
block 1 13
block 11 13
block 12 13
block 13 13
block 14 13
block 15 13
block 26 13
block 27 13
block 28 13
block 34 13
block 35 13
block 36 13
block 37 13
block 38 13
block 39 13
block 0 14
block 1 14
block 11 14
block 12 14
block 13 14
block 14 14
block 15 14
block 26 14
block 27 14
block 28 14
block 34 14
block 35 14
block 36 14
block 37 14
block 38 14
block 39 14
block 0 15
block 1 15
block 11 15
block 12 15
block 13 15
block 14 15
block 15 15
block 19 15
block 20 15
block 26 15
block 27 15
block 28 15
block 34 15
block 35 15
block 36 15
block 37 15
block 38 15
block 39 15
block 51 15
block 52 15
block 53 15
block 54 15
block 11 16
block 12 16
block 13 16
block 14 16
block 15 16
block 19 16
block 20 16
block 21 16
block 22 16
block 23 16
block 26 16
block 27 16
block 28 16
block 51 16
block 52 16
block 53 16
block 54 16
block 11 17
block 12 17
block 13 17
block 14 17
block 15 17
block 19 17
block 20 17
block 21 17
block 22 17
block 23 17
block 36 17
block 37 17
block 38 17
block 39 17
block 40 17
block 51 17
block 52 17
block 53 17
block 54 17
block 11 18
block 12 18
block 13 18
block 14 18
block 15 18
block 19 18
block 20 18
block 21 18
block 22 18
block 23 18
block 36 18
block 37 18
block 38 18
block 39 18
block 40 18
block 51 18
block 52 18
block 53 18
block 54 18
block 20 19
block 21 19
block 22 19
block 23 19
block 36 19
block 37 19
block 38 19
block 39 19
block 40 19
block 42 19
block 43 19
block 44 19
block 51 19
block 52 19
block 53 19
block 54 19
block 20 20
block 21 20
block 22 20
block 23 20
block 36 20
block 37 20
block 38 20
block 39 20
block 40 20
block 42 20
block 43 20
block 44 20
block 45 20
block 46 20
block 47 20
block 48 20
block 49 20
block 51 20
block 52 20
block 53 20
block 54 20
block 7 21
block 8 21
block 9 21
block 10 21
block 11 21
block 12 21
block 13 21
block 36 21
block 37 21
block 38 21
block 39 21
block 40 21
block 42 21
block 43 21
block 44 21
block 45 21
block 46 21
block 47 21
block 48 21
block 49 21
block 7 22
block 8 22
block 9 22
block 10 22
block 11 22
block 12 22
block 13 22
block 36 22
block 37 22
block 38 22
block 39 22
block 40 22
block 42 22
block 43 22
block 44 22
block 45 22
block 46 22
block 47 22
block 48 22
block 49 22
block 0 23
block 1 23
block 2 23
block 3 23
block 4 23
block 5 23
block 6 23
block 7 23
block 8 23
block 42 23
block 43 23
block 44 23
block 45 23
block 46 23
block 47 23
block 48 23
block 49 23
block 0 24
block 1 24
block 2 24
block 3 24
block 4 24
block 5 24
block 6 24
block 7 24
block 8 24
block 42 24
block 43 24
block 44 24
block 0 25
block 1 25
block 2 25
block 3 25
block 4 25
block 5 25
block 6 25
block 7 25
block 8 25
block 42 25
block 43 25
block 44 25
block 57 25
block 0 26
block 1 26
block 2 26
block 3 26
block 4 26
block 5 26
block 6 26
block 7 26
block 8 26
block 25 26
block 26 26
block 27 26
block 28 26
block 57 26
block 0 27
block 1 27
block 2 27
block 3 27
block 4 27
block 5 27
block 6 27
block 25 27
block 26 27
block 27 27
block 28 27
block 0 28
block 1 28
block 2 28
block 3 28
block 4 28
block 5 28
block 6 28
block 25 28
block 26 28
block 27 28
block 28 28
block 42 28
block 43 28
block 44 28
block 45 28
block 46 28
block 47 28
block 25 29
block 26 29
block 27 29
block 28 29
block 42 29
block 43 29
block 44 29
block 45 29
block 46 29
block 47 29
##BotsAndCoinsInfo
bot_name 0 starter-bot
bot 0 40 13
bot_coins 0 0
coin 45 2
coin 12 27
round 1
bot 0 40 14
round 2
bot 0 40 15
round 3
bot 0 40 16
round 4
round 5
coin 40 14
coin 17 15
round 6
round 7
round 8
round 9
round 10
coin 42 26
coin 15 3
round 11
round 12
round 13
round 14
round 15
coin 27 8
coin 30 21
round 16
round 17
round 18
round 19
round 20
coin 31 23
coin 27 6
round 21
round 22
round 23
round 24
round 25
coin 26 2
coin 31 27
round 26
round 27
round 28
round 29
round 30
coin 18 13
coin 39 16
round 31
coin_collected 39 16 0
bot_coins 0 1
round 32
round 33
round 34
round 35
coin 19 2
coin 38 27
round 36
round 37
round 38
round 39
round 40
coin 20 0
coin 37 29
round 41
round 42
round 43
round 44
round 45
coin 7 29
coin 50 0
round 46
round 47
round 48
round 49
round 50
coin 48 13
coin 9 16
round 51
round 52
round 53
round 54
round 55
coin 28 3
coin 29 26
round 56
round 57
round 58
round 59
round 60
coin 5 21
coin 52 8
round 61
round 62
round 63
round 64
round 65
coin 34 28
coin 23 1
round 66
round 67
round 68
round 69
round 70
coin 8 6
coin 49 24
round 71
round 72
round 73
round 74
round 75
coin 29 6
coin 28 23
round 76
round 77
round 78
round 79
round 80
coin 2 5
coin 55 24
round 81
round 82
round 83
round 84
round 85
coin 47 17
coin 10 12
round 86
round 87
round 88
round 89
round 90
coin 10 13
coin 47 16
round 91
round 92
round 93
round 94
round 95
coin 51 24
coin 6 5
round 96
match_over 0
round 97
