match
match_id 1639146590196_ai
match_time 1639146590219
num_bots 1
##MatchConfig
mode FRIENDLY
num_rounds 200
random_seed 42
move_time_limit 1000
coin_spawn_period 5
coin_spawn_volume 2
##MapConfig
map_size 51 27
view_radius 6
mining_radius 1
attack_radius 4
block 0 0
block 1 0
block 8 0
block 9 0
block 10 0
block 11 0
block 12 0
block 25 0
block 26 0
block 27 0
block 28 0
block 29 0
block 7 1
block 8 1
block 9 1
block 10 1
block 11 1
block 12 1
block 32 1
block 33 1
block 0 2
block 1 2
block 2 2
block 7 2
block 8 2
block 9 2
block 10 2
block 11 2
block 12 2
block 29 2
block 30 2
block 31 2
block 32 2
block 33 2
block 34 2
block 35 2
block 49 2
block 50 2
block 0 3
block 1 3
block 2 3
block 6 3
block 7 3
block 8 3
block 9 3
block 10 3
block 11 3
block 22 3
block 23 3
block 29 3
block 30 3
block 31 3
block 32 3
block 33 3
block 34 3
block 35 3
block 43 3
block 44 3
block 45 3
block 46 3
block 47 3
block 49 3
block 50 3
block 0 4
block 1 4
block 2 4
block 6 4
block 7 4
block 8 4
block 9 4
block 10 4
block 11 4
block 12 4
block 13 4
block 14 4
block 15 4
block 16 4
block 17 4
block 18 4
block 19 4
block 22 4
block 23 4
block 29 4
block 30 4
block 31 4
block 32 4
block 33 4
block 34 4
block 35 4
block 43 4
block 44 4
block 45 4
block 46 4
block 47 4
block 48 4
block 49 4
block 50 4
block 0 5
block 1 5
block 2 5
block 5 5
block 6 5
block 7 5
block 8 5
block 9 5
block 10 5
block 11 5
block 12 5
block 13 5
block 14 5
block 15 5
block 16 5
block 17 5
block 18 5
block 19 5
block 22 5
block 23 5
block 29 5
block 30 5
block 31 5
block 32 5
block 33 5
block 34 5
block 35 5
block 43 5
block 44 5
block 45 5
block 46 5
block 47 5
block 48 5
block 49 5
block 50 5
block 0 6
block 5 6
block 6 6
block 7 6
block 8 6
block 9 6
block 10 6
block 11 6
block 12 6
block 13 6
block 14 6
block 15 6
block 16 6
block 17 6
block 18 6
block 19 6
block 22 6
block 23 6
block 29 6
block 30 6
block 31 6
block 32 6
block 33 6
block 34 6
block 35 6
block 43 6
block 44 6
block 45 6
block 46 6
block 47 6
block 48 6
block 49 6
block 50 6
block 0 7
block 5 7
block 6 7
block 7 7
block 8 7
block 9 7
block 10 7
block 11 7
block 12 7
block 13 7
block 14 7
block 15 7
block 16 7
block 17 7
block 18 7
block 19 7
block 22 7
block 23 7
block 29 7
block 30 7
block 31 7
block 32 7
block 33 7
block 34 7
block 35 7
block 43 7
block 44 7
block 45 7
block 46 7
block 47 7
block 48 7
block 49 7
block 50 7
block 0 8
block 5 8
block 6 8
block 14 8
block 15 8
block 16 8
block 17 8
block 18 8
block 19 8
block 22 8
block 23 8
block 29 8
block 30 8
block 31 8
block 32 8
block 33 8
block 34 8
block 35 8
block 45 8
block 46 8
block 47 8
block 48 8
block 49 8
block 50 8
block 0 9
block 5 9
block 6 9
block 12 9
block 13 9
block 14 9
block 15 9
block 22 9
block 23 9
block 45 9
block 46 9
block 47 9
block 48 9
block 49 9
block 50 9
block 0 10
block 2 10
block 3 10
block 4 10
block 5 10
block 6 10
block 7 10
block 8 10
block 12 10
block 13 10
block 14 10
block 15 10
block 45 10
block 46 10
block 47 10
block 48 10
block 49 10
block 50 10
block 2 11
block 3 11
block 4 11
block 5 11
block 6 11
block 7 11
block 8 11
block 12 11
block 13 11
block 14 11
block 15 11
block 23 11
block 24 11
block 25 11
block 26 11
block 27 11
block 28 11
block 1 12
block 2 12
block 3 12
block 4 12
block 5 12
block 6 12
block 7 12
block 8 12
block 12 12
block 13 12
block 14 12
block 15 12
block 23 12
block 24 12
block 25 12
block 26 12
block 27 12
block 28 12
block 1 13
block 2 13
block 3 13
block 4 13
block 5 13
block 6 13
block 7 13
block 8 13
block 12 13
block 13 13
block 14 13
block 15 13
block 26 13
block 27 13
block 28 13
block 1 14
block 2 14
block 3 14
block 4 14
block 5 14
block 6 14
block 7 14
block 8 14
block 12 14
block 13 14
block 14 14
block 15 14
block 16 14
block 17 14
block 18 14
block 19 14
block 20 14
block 26 14
block 27 14
block 28 14
block 1 15
block 2 15
block 3 15
block 4 15
block 5 15
block 6 15
block 7 15
block 8 15
block 12 15
block 13 15
block 14 15
block 15 15
block 16 15
block 17 15
block 18 15
block 19 15
block 20 15
block 32 15
block 33 15
block 34 15
block 35 15
block 36 15
block 37 15
block 38 15
block 45 15
block 46 15
block 47 15
block 1 16
block 2 16
block 3 16
block 4 16
block 5 16
block 6 16
block 7 16
block 8 16
block 14 16
block 15 16
block 16 16
block 17 16
block 18 16
block 19 16
block 20 16
block 32 16
block 33 16
block 34 16
block 35 16
block 36 16
block 37 16
block 38 16
block 45 16
block 46 16
block 47 16
block 1 17
block 2 17
block 32 17
block 33 17
block 34 17
block 35 17
block 36 17
block 37 17
block 38 17
block 45 17
block 46 17
block 47 17
block 4 18
block 5 18
block 6 18
block 32 18
block 33 18
block 34 18
block 35 18
block 36 18
block 37 18
block 38 18
block 45 18
block 46 18
block 47 18
block 4 19
block 5 19
block 6 19
block 20 19
block 21 19
block 22 19
block 23 19
block 24 19
block 25 19
block 32 19
block 33 19
block 34 19
block 35 19
block 36 19
block 37 19
block 38 19
block 45 19
block 46 19
block 47 19
block 4 20
block 5 20
block 6 20
block 20 20
block 21 20
block 22 20
block 23 20
block 24 20
block 25 20
block 45 20
block 46 20
block 47 20
block 4 21
block 5 21
block 6 21
block 20 21
block 21 21
block 22 21
block 23 21
block 24 21
block 25 21
block 45 21
block 46 21
block 47 21
block 4 22
block 5 22
block 6 22
block 20 22
block 21 22
block 22 22
block 23 22
block 24 22
block 25 22
block 4 23
block 5 23
block 6 23
block 20 23
block 21 23
block 22 23
block 23 23
block 24 23
block 25 23
block 35 23
block 36 23
block 37 23
block 20 24
block 21 24
block 22 24
block 23 24
block 24 24
block 25 24
block 35 24
block 36 24
block 37 24
block 0 25
block 1 25
block 20 25
block 21 25
block 22 25
block 23 25
block 24 25
block 25 25
block 0 26
block 1 26
block 25 26
block 26 26
block 27 26
block 28 26
block 29 26
##BotsAndCoinsInfo
bot_name 0 starter-bot
bot 0 17 25
bot_coins 0 0
coin 26 3
coin 26 23
round 1
bot 0 18 24
round 2
bot 0 19 23
round 3
round 4
round 5
coin 0 17
coin 50 11
round 6
round 7
round 8
round 9
round 10
coin 9 16
coin 41 10
round 11
round 12
round 13
round 14
round 15
coin 17 20
coin 36 6
round 16
bot 0 18 22
round 17
bot 0 17 21
coin_collected 17 20 0
bot_coins 0 1
round 18
bot 0 16 20
round 19
bot 0 15 19
round 20
bot 0 14 18
coin 1 1
coin 49 25
round 21
bot 0 13 17
round 22
bot 0 12 16
round 23
bot 0 11 15
round 24
bot 0 10 14
round 25
bot 0 9 13
coin 14 26
coin 36 0
round 26
round 27
round 28
round 29
round 30
coin 42 9
coin 8 17
round 31
round 32
round 33
round 34
bot 0 9 12
round 35
bot 0 9 11
coin 8 8
coin 42 18
round 36
bot 0 9 10
round 37
bot 0 9 9
round 38
bot 0 9 8
coin_collected 8 8 0
bot_coins 0 2
round 39
round 40
coin 3 6
coin 48 20
round 41
round 42
round 43
round 44
round 45
coin 40 8
coin 10 18
round 46
round 47
round 48
round 49
round 50
coin 36 4
coin 14 22
round 51
round 52
round 53
round 54
round 55
coin 23 26
coin 27 1
round 56
round 57
round 58
round 59
round 60
coin 2 0
coin 48 26
round 61
round 62
round 63
round 64
round 65
coin 7 22
coin 42 4
round 66
round 67
round 68
round 69
round 70
coin 19 3
coin 31 23
round 71
round 72
round 73
round 74
round 75
coin 28 21
coin 21 5
round 76
round 77
round 78
round 79
round 80
coin 38 23
coin 12 3
round 81
round 82
round 83
round 84
round 85
bot 0 9 9
coin 41 14
coin 9 12
round 86
bot 0 9 10
round 87
bot 0 9 11
coin_collected 9 12 0
bot_coins 0 3
round 88
bot 0 9 12
round 89
bot 0 9 13
round 90
bot 0 9 14
coin 42 7
coin 8 19
round 91
bot 0 9 15
coin_collected 9 16 0
bot_coins 0 4
round 92
bot 0 9 16
round 93
bot 0 9 17
coin_collected 8 17 0
bot_coins 0 5
round 94
round 95
coin 1 21
coin 48 3
round 96
round 97
round 98
round 99
round 100
coin 26 22
coin 24 4
round 101
round 102
bot 0 8 18
coin_collected 8 19 0
bot_coins 0 6
round 103
bot 0 7 19
round 104
round 105
coin 29 25
coin 21 1
round 106
round 107
round 108
round 109
round 110
coin 14 24
coin 36 2
round 111
round 112
round 113
round 114
round 115
coin 28 20
coin 21 6
round 116
round 117
round 118
round 119
round 120
coin 13 8
coin 39 18
round 121
round 122
round 123
round 124
round 125
coin 22 14
coin 29 12
round 126
round 127
round 128
round 129
round 130
coin 5 4
coin 45 22
round 131
round 132
round 133
round 134
round 135
coin 24 7
coin 26 19
round 136
bot 0 7 20
round 137
bot 0 7 21
coin_collected 7 22 0
bot_coins 0 7
round 138
bot 0 7 22
round 139
bot 0 7 23
round 140
bot 0 7 24
coin 36 5
coin 14 21
round 141
bot 0 7 25
round 142
bot 0 7 26
round 143
bot 0 7 0
round 144
round 145
coin 42 17
coin 8 9
round 146
round 147
round 148
round 149
round 150
coin 46 14
coin 4 9
round 151
round 152
round 153
round 154
round 155
coin 20 13
coin 30 13
round 156
round 157
round 158
round 159
round 160
coin 38 24
coin 13 2
round 161
round 162
round 163
round 164
round 165
coin 19 22
coin 31 1
round 166
round 167
round 168
round 169
round 170
coin 1 9
coin 49 17
round 171
round 172
round 173
round 174
round 175
coin 1 6
coin 49 20
round 176
round 177
round 178
round 179
round 180
coin 12 8
coin 39 19
round 181
round 182
round 183
round 184
round 185
coin 19 23
coin 30 1
round 186
bot 0 7 26
round 187
bot 0 7 25
round 188
bot 0 7 24
round 189
bot 0 7 23
round 190
bot 0 7 22
coin 47 25
coin 3 1
round 191
bot 0 7 21
round 192
bot 0 7 20
round 193
round 194
round 195
coin 38 6
coin 12 20
round 196
round 197
round 198
round 199
round 200
coin 24 18
coin 26 8
match_over 0
