match
match_id 1639475297014_ab
match_time 1639475297018
num_bots 1
##MatchConfig
mode FRIENDLY
num_rounds 200
random_seed 42
move_time_limit 1000
coin_spawn_period 5
coin_spawn_volume 2
##MapConfig
map_size 56 36
view_radius 5
mining_radius 2
attack_radius 3
block 10 0
block 11 0
block 10 1
block 11 1
block 19 1
block 20 1
block 21 1
block 22 1
block 23 1
block 10 2
block 11 2
block 19 2
block 20 2
block 21 2
block 22 2
block 23 2
block 37 2
block 38 2
block 39 2
block 40 2
block 41 2
block 42 2
block 10 3
block 11 3
block 19 3
block 20 3
block 21 3
block 22 3
block 23 3
block 37 3
block 38 3
block 39 3
block 40 3
block 41 3
block 42 3
block 43 3
block 44 3
block 45 3
block 46 3
block 47 3
block 48 3
block 10 4
block 11 4
block 37 4
block 38 4
block 39 4
block 40 4
block 41 4
block 42 4
block 43 4
block 44 4
block 45 4
block 46 4
block 47 4
block 48 4
block 28 5
block 29 5
block 30 5
block 31 5
block 37 5
block 38 5
block 39 5
block 40 5
block 41 5
block 42 5
block 25 6
block 26 6
block 27 6
block 28 6
block 29 6
block 30 6
block 31 6
block 37 6
block 38 6
block 39 6
block 40 6
block 41 6
block 42 6
block 25 7
block 26 7
block 27 7
block 28 7
block 29 7
block 30 7
block 31 7
block 37 7
block 38 7
block 39 7
block 40 7
block 41 7
block 42 7
block 47 7
block 48 7
block 25 8
block 26 8
block 27 8
block 28 8
block 29 8
block 30 8
block 31 8
block 37 8
block 38 8
block 39 8
block 40 8
block 41 8
block 42 8
block 47 8
block 48 8
block 25 9
block 26 9
block 27 9
block 28 9
block 29 9
block 30 9
block 31 9
block 47 9
block 48 9
block 20 10
block 21 10
block 22 10
block 23 10
block 24 10
block 25 10
block 26 10
block 27 10
block 28 10
block 29 10
block 30 10
block 31 10
block 47 10
block 48 10
block 20 11
block 21 11
block 22 11
block 23 11
block 24 11
block 25 11
block 26 11
block 27 11
block 28 11
block 29 11
block 30 11
block 31 11
block 33 11
block 34 11
block 35 11
block 36 11
block 37 11
block 20 12
block 21 12
block 22 12
block 23 12
block 24 12
block 25 12
block 26 12
block 27 12
block 28 12
block 29 12
block 30 12
block 31 12
block 33 12
block 34 12
block 35 12
block 36 12
block 37 12
block 20 13
block 21 13
block 22 13
block 23 13
block 24 13
block 26 13
block 27 13
block 28 13
block 29 13
block 30 13
block 31 13
block 33 13
block 34 13
block 35 13
block 36 13
block 37 13
block 20 14
block 21 14
block 22 14
block 23 14
block 24 14
block 26 14
block 27 14
block 28 14
block 29 14
block 30 14
block 31 14
block 33 14
block 34 14
block 35 14
block 36 14
block 37 14
block 43 14
block 44 14
block 45 14
block 46 14
block 47 14
block 48 14
block 49 14
block 20 15
block 21 15
block 22 15
block 23 15
block 24 15
block 26 15
block 27 15
block 28 15
block 29 15
block 30 15
block 31 15
block 33 15
block 34 15
block 35 15
block 36 15
block 37 15
block 43 15
block 44 15
block 45 15
block 46 15
block 47 15
block 48 15
block 49 15
block 11 16
block 12 16
block 20 16
block 21 16
block 22 16
block 23 16
block 24 16
block 33 16
block 34 16
block 35 16
block 36 16
block 37 16
block 42 16
block 43 16
block 44 16
block 45 16
block 46 16
block 47 16
block 48 16
block 49 16
block 11 17
block 12 17
block 33 17
block 34 17
block 35 17
block 36 17
block 37 17
block 42 17
block 43 17
block 44 17
block 45 17
block 46 17
block 47 17
block 48 17
block 4 18
block 5 18
block 6 18
block 7 18
block 11 18
block 12 18
block 42 18
block 43 18
block 44 18
block 45 18
block 46 18
block 47 18
block 48 18
block 4 19
block 5 19
block 6 19
block 7 19
block 11 19
block 12 19
block 42 19
block 43 19
block 44 19
block 45 19
block 46 19
block 47 19
block 48 19
block 49 19
block 51 19
block 52 19
block 53 19
block 54 19
block 55 19
block 4 20
block 5 20
block 6 20
block 7 20
block 42 20
block 43 20
block 44 20
block 45 20
block 46 20
block 47 20
block 48 20
block 49 20
block 51 20
block 52 20
block 53 20
block 54 20
block 55 20
block 4 21
block 5 21
block 6 21
block 7 21
block 42 21
block 43 21
block 44 21
block 45 21
block 46 21
block 47 21
block 48 21
block 49 21
block 51 21
block 52 21
block 53 21
block 54 21
block 55 21
block 4 22
block 5 22
block 6 22
block 7 22
block 42 22
block 43 22
block 44 22
block 45 22
block 46 22
block 47 22
block 48 22
block 49 22
block 50 22
block 51 22
block 52 22
block 48 23
block 49 23
block 50 23
block 51 23
block 52 23
block 22 24
block 23 24
block 24 24
block 25 24
block 48 24
block 49 24
block 50 24
block 51 24
block 52 24
block 22 25
block 23 25
block 24 25
block 25 25
block 48 25
block 49 25
block 50 25
block 51 25
block 52 25
block 22 26
block 23 26
block 24 26
block 25 26
block 22 27
block 23 27
block 24 27
block 25 27
block 22 28
block 23 28
block 24 28
block 25 28
block 22 29
block 23 29
block 24 29
block 25 29
block 40 30
block 41 30
block 42 30
block 43 30
block 44 30
block 45 30
block 46 30
block 17 31
block 18 31
block 19 31
block 20 31
block 21 31
block 22 31
block 37 31
block 38 31
block 40 31
block 41 31
block 42 31
block 43 31
block 44 31
block 45 31
block 46 31
block 17 32
block 18 32
block 19 32
block 20 32
block 21 32
block 22 32
block 37 32
block 38 32
block 40 32
block 41 32
block 42 32
block 43 32
block 44 32
block 45 32
block 46 32
block 47 32
block 17 33
block 18 33
block 19 33
block 20 33
block 21 33
block 22 33
block 37 33
block 38 33
block 40 33
block 41 33
block 42 33
block 43 33
block 44 33
block 45 33
block 46 33
block 47 33
block 17 34
block 18 34
block 19 34
block 20 34
block 21 34
block 22 34
block 40 34
block 41 34
block 42 34
block 43 34
block 44 34
block 45 34
block 46 34
block 10 35
block 11 35
block 17 35
block 18 35
block 19 35
block 20 35
block 21 35
block 22 35
##BotsAndCoinsInfo
bot_name 0 starter-bot
bot 0 6 7
bot_coins 0 0
coin 50 3
coin 5 32
round 1
bot 0 6 8
round 2
bot 0 6 9
round 3
bot 0 6 10
round 4
bot 0 6 11
round 5
bot 0 6 12
coin 49 8
coin 6 27
round 6
bot 0 6 13
round 7
bot 0 6 14
round 8
bot 0 6 15
round 9
bot 0 6 16
round 10
bot 0 6 17
coin 26 25
coin 32 10
round 11
bot 0 5 17
round 12
bot 0 4 17
round 13
bot 0 3 17
round 14
bot 0 3 18
round 15
bot 0 3 19
coin 1 2
coin 54 33
round 16
bot 0 3 20
round 17
bot 0 3 21
round 18
bot 0 3 22
round 19
bot 0 3 23
round 20
bot 0 3 24
coin 55 29
coin 0 6
round 21
bot 0 3 25
round 22
bot 0 3 26
round 23
bot 0 3 27
round 24
bot 0 3 28
round 25
bot 0 3 29
coin 38 26
coin 17 9
round 26
bot 0 3 30
round 27
bot 0 3 31
round 28
bot 0 3 32
coin_collected 5 32 0
bot_coins 0 1
round 29
bot 0 3 33
round 30
bot 0 3 34
coin 28 0
coin 27 35
round 31
bot 0 3 35
round 32
bot 0 2 34
round 33
bot 0 2 33
round 34
bot 0 2 32
round 35
bot 0 2 31
coin 36 32
coin 18 3
round 36
bot 0 2 30
round 37
bot 0 2 29
round 38
bot 0 2 28
round 39
bot 0 2 27
round 40
bot 0 2 26
coin 0 7
coin 55 28
round 41
bot 0 2 25
round 42
bot 0 2 24
round 43
bot 0 2 23
round 44
bot 0 2 22
round 45
bot 0 2 21
coin 7 17
coin 49 18
round 46
bot 0 2 20
round 47
bot 0 2 19
round 48
bot 0 2 18
round 49
bot 0 2 17
round 50
bot 0 2 16
coin 39 31
coin 16 4
round 51
bot 0 2 15
round 52
bot 0 2 14
round 53
bot 0 2 13
round 54
bot 0 2 12
round 55
bot 0 2 11
coin 50 33
coin 5 2
round 56
bot 0 2 10
round 57
bot 0 2 9
round 58
bot 0 2 8
round 59
bot 0 2 7
coin_collected 0 7 0
bot_coins 0 2
round 60
bot 0 2 6
coin_collected 0 6 0
bot_coins 0 3
coin 35 9
coin 20 26
round 61
bot 0 2 5
round 62
bot 0 2 4
round 63
bot 0 2 3
coin_collected 1 2 0
bot_coins 0 4
round 64
bot 0 2 2
round 65
bot 0 2 1
coin 14 22
coin 41 13
round 66
bot 0 2 0
round 67
bot 0 1 1
round 68
bot 0 1 2
round 69
bot 0 1 3
round 70
bot 0 1 4
coin 11 30
coin 44 5
round 71
bot 0 1 5
round 72
bot 0 1 6
round 73
bot 0 1 7
round 74
bot 0 1 8
round 75
bot 0 1 9
coin 25 13
coin 30 22
round 76
bot 0 1 10
round 77
bot 0 1 11
round 78
bot 0 1 12
round 79
bot 0 1 13
round 80
bot 0 1 14
coin 30 4
coin 25 31
round 81
bot 0 1 15
round 82
bot 0 1 16
round 83
bot 0 1 17
round 84
bot 0 1 18
round 85
bot 0 1 19
coin 17 23
coin 38 12
round 86
bot 0 1 20
round 87
bot 0 1 21
round 88
bot 0 1 22
round 89
bot 0 1 23
round 90
bot 0 1 24
coin 12 25
coin 43 10
round 91
bot 0 1 25
round 92
bot 0 1 26
round 93
bot 0 1 27
round 94
bot 0 1 28
coin_collected 55 28 0
bot_coins 0 5
round 95
bot 0 1 29
coin_collected 55 29 0
bot_coins 0 6
coin 49 12
coin 6 23
round 96
bot 0 1 30
round 97
bot 0 1 31
round 98
bot 0 1 32
round 99
bot 0 1 33
round 100
bot 0 1 34
coin 25 14
coin 30 21
round 101
bot 0 1 35
round 102
bot 0 0 34
round 103
bot 0 0 33
coin_collected 54 33 0
bot_coins 0 7
round 104
bot 0 0 32
round 105
bot 0 0 31
coin 7 25
coin 48 11
round 106
bot 0 0 30
round 107
bot 0 0 29
round 108
bot 0 0 28
round 109
bot 0 0 27
round 110
bot 0 0 26
coin 32 6
coin 23 30
round 111
bot 0 0 25
round 112
bot 0 0 24
round 113
bot 0 0 23
round 114
bot 0 0 22
round 115
bot 0 0 21
coin 55 11
coin 0 24
round 116
bot 0 0 20
round 117
bot 0 0 19
round 118
bot 0 0 18
round 119
bot 0 0 17
round 120
bot 0 0 16
coin 13 7
coin 42 28
round 121
bot 0 0 15
round 122
bot 0 0 14
round 123
bot 0 0 13
round 124
bot 0 0 12
coin_collected 55 11 0
bot_coins 0 8
round 125
bot 0 0 11
coin 33 32
coin 22 4
round 126
bot 0 0 10
round 127
bot 0 0 9
round 128
bot 0 0 8
round 129
bot 0 0 7
round 130
bot 0 0 6
coin 29 4
coin 26 31
round 131
bot 0 0 5
round 132
bot 0 0 4
round 133
bot 0 0 3
round 134
bot 0 0 2
round 135
bot 0 0 1
coin 16 34
coin 39 1
round 136
bot 0 0 0
round 137
bot 0 55 1
round 138
bot 0 55 2
round 139
bot 0 55 3
round 140
bot 0 55 4
coin 49 31
coin 6 4
round 141
bot 0 55 5
round 142
bot 0 55 6
round 143
bot 0 55 7
round 144
bot 0 55 8
round 145
bot 0 55 9
coin 29 27
coin 24 8
round 146
bot 0 55 10
round 147
bot 0 55 11
round 148
bot 0 55 12
round 149
bot 0 55 13
round 150
bot 0 55 14
coin 47 23
coin 8 12
round 151
bot 0 55 15
round 152
bot 0 55 16
round 153
bot 0 55 17
round 154
bot 0 55 18
round 155
bot 0 54 18
coin 32 13
coin 23 22
round 156
bot 0 53 18
round 157
bot 0 52 18
round 158
bot 0 51 18
coin_collected 49 18 0
bot_coins 0 9
round 159
bot 0 50 18
round 160
bot 0 50 19
coin 19 14
coin 36 21
round 161
bot 0 50 20
round 162
bot 0 50 21
round 163
bot 0 50 20
round 164
bot 0 50 19
round 165
bot 0 50 18
coin 6 31
coin 49 4
round 166
bot 0 50 17
round 167
bot 0 50 16
round 168
bot 0 50 15
round 169
bot 0 50 14
round 170
bot 0 50 13
coin_collected 49 12 0
bot_coins 0 10
coin 55 27
coin 0 8
round 171
bot 0 50 12
round 172
bot 0 50 11
coin_collected 48 11 0
bot_coins 0 11
round 173
bot 0 50 10
round 174
bot 0 50 9
coin_collected 49 8 0
bot_coins 0 12
round 175
bot 0 50 8
coin 36 5
coin 19 30
round 176
bot 0 50 7
round 177
bot 0 50 6
round 178
bot 0 50 5
coin_collected 49 4 0
bot_coins 0 13
coin_collected 50 3 0
bot_coins 0 14
round 179
bot 0 50 4
round 180
bot 0 50 3
coin 53 25
coin 2 10
round 181
bot 0 50 2
round 182
bot 0 50 1
round 183
bot 0 50 0
round 184
bot 0 49 1
round 185
bot 0 49 2
coin 28 4
coin 27 31
round 186
bot 0 49 3
round 187
bot 0 49 4
round 188
bot 0 49 5
round 189
bot 0 49 6
round 190
bot 0 49 7
coin 26 16
coin 29 19
round 191
bot 0 49 8
round 192
bot 0 49 9
round 193
bot 0 49 10
round 194
bot 0 49 11
round 195
bot 0 49 12
coin 16 33
coin 40 1
round 196
bot 0 49 13
round 197
bot 0 48 13
round 198
bot 0 47 13
round 199
bot 0 46 13
round 200
bot 0 45 13
coin 16 10
coin 39 25
match_over 0
