match
match_id 1639175010451_fc
match_time 1639175010454
num_bots 1
##MatchConfig
mode FRIENDLY
num_rounds 200
random_seed 42
move_time_limit 1000
coin_spawn_period 5
coin_spawn_volume 2
##MapConfig
map_size 52 33
view_radius 5
mining_radius 1
attack_radius 4
block 7 0
block 8 0
block 9 0
block 10 0
block 11 0
block 12 0
block 13 0
block 14 0
block 15 0
block 0 1
block 1 1
block 7 1
block 8 1
block 9 1
block 10 1
block 11 1
block 12 1
block 13 1
block 14 1
block 15 1
block 49 1
block 50 1
block 51 1
block 0 2
block 1 2
block 12 2
block 13 2
block 14 2
block 15 2
block 41 2
block 42 2
block 43 2
block 44 2
block 45 2
block 46 2
block 47 2
block 49 2
block 50 2
block 51 2
block 0 3
block 1 3
block 12 3
block 13 3
block 14 3
block 15 3
block 35 3
block 36 3
block 41 3
block 42 3
block 43 3
block 44 3
block 45 3
block 46 3
block 47 3
block 49 3
block 50 3
block 51 3
block 0 4
block 1 4
block 12 4
block 13 4
block 14 4
block 15 4
block 35 4
block 36 4
block 41 4
block 42 4
block 43 4
block 44 4
block 45 4
block 46 4
block 47 4
block 49 4
block 50 4
block 51 4
block 0 5
block 1 5
block 12 5
block 13 5
block 14 5
block 15 5
block 41 5
block 42 5
block 43 5
block 44 5
block 45 5
block 46 5
block 47 5
block 49 5
block 50 5
block 51 5
block 0 6
block 1 6
block 8 6
block 9 6
block 10 6
block 12 6
block 13 6
block 14 6
block 15 6
block 24 6
block 25 6
block 26 6
block 27 6
block 28 6
block 29 6
block 30 6
block 49 6
block 50 6
block 51 6
block 8 7
block 9 7
block 10 7
block 24 7
block 25 7
block 26 7
block 27 7
block 28 7
block 29 7
block 30 7
block 8 8
block 9 8
block 10 8
block 11 8
block 12 8
block 20 8
block 21 8
block 22 8
block 23 8
block 24 8
block 25 8
block 26 8
block 27 8
block 28 8
block 29 8
block 30 8
block 11 9
block 12 9
block 20 9
block 21 9
block 22 9
block 23 9
block 24 9
block 25 9
block 26 9
block 27 9
block 28 9
block 29 9
block 30 9
block 11 10
block 12 10
block 20 10
block 21 10
block 22 10
block 23 10
block 24 10
block 25 10
block 26 10
block 27 10
block 28 10
block 29 10
block 30 10
block 24 11
block 25 11
block 26 11
block 27 11
block 28 11
block 29 11
block 30 11
block 2 13
block 3 13
block 4 13
block 5 13
block 6 13
block 7 13
block 2 14
block 3 14
block 4 14
block 5 14
block 6 14
block 7 14
block 2 15
block 3 15
block 4 15
block 5 15
block 6 15
block 7 15
block 2 16
block 3 16
block 4 16
block 5 16
block 6 16
block 7 16
block 44 16
block 45 16
block 46 16
block 47 16
block 2 17
block 3 17
block 4 17
block 5 17
block 6 17
block 7 17
block 44 17
block 45 17
block 46 17
block 47 17
block 3 18
block 4 18
block 5 18
block 6 18
block 7 18
block 44 18
block 45 18
block 46 18
block 47 18
block 3 19
block 4 19
block 5 19
block 6 19
block 7 19
block 8 19
block 9 19
block 10 19
block 32 19
block 33 19
block 34 19
block 35 19
block 36 19
block 37 19
block 38 19
block 44 19
block 45 19
block 46 19
block 47 19
block 8 20
block 9 20
block 10 20
block 32 20
block 33 20
block 34 20
block 35 20
block 36 20
block 37 20
block 38 20
block 41 20
block 42 20
block 43 20
block 44 20
block 45 20
block 8 21
block 9 21
block 10 21
block 32 21
block 33 21
block 34 21
block 35 21
block 36 21
block 37 21
block 38 21
block 39 21
block 40 21
block 41 21
block 42 21
block 43 21
block 44 21
block 45 21
block 32 22
block 33 22
block 34 22
block 35 22
block 36 22
block 37 22
block 38 22
block 39 22
block 40 22
block 41 22
block 42 22
block 43 22
block 44 22
block 45 22
block 25 23
block 26 23
block 27 23
block 28 23
block 29 23
block 30 23
block 31 23
block 32 23
block 33 23
block 34 23
block 35 23
block 36 23
block 37 23
block 38 23
block 39 23
block 41 23
block 42 23
block 43 23
block 44 23
block 45 23
block 10 24
block 11 24
block 12 24
block 25 24
block 26 24
block 27 24
block 28 24
block 29 24
block 30 24
block 31 24
block 32 24
block 33 24
block 34 24
block 35 24
block 36 24
block 37 24
block 38 24
block 39 24
block 41 24
block 42 24
block 43 24
block 44 24
block 45 24
block 10 25
block 11 25
block 12 25
block 25 25
block 26 25
block 27 25
block 28 25
block 29 25
block 30 25
block 31 25
block 32 25
block 33 25
block 34 25
block 35 25
block 36 25
block 37 25
block 38 25
block 39 25
block 41 25
block 42 25
block 43 25
block 44 25
block 45 25
block 10 26
block 11 26
block 12 26
block 25 26
block 26 26
block 27 26
block 28 26
block 29 26
block 30 26
block 31 26
block 36 26
block 37 26
block 38 26
block 39 26
block 41 26
block 42 26
block 43 26
block 44 26
block 45 26
block 10 27
block 11 27
block 12 27
block 25 27
block 26 27
block 27 27
block 28 27
block 29 27
block 30 27
block 31 27
block 36 27
block 37 27
block 38 27
block 39 27
block 43 27
block 44 27
block 45 27
block 46 27
block 47 27
block 25 28
block 26 28
block 27 28
block 28 28
block 29 28
block 30 28
block 31 28
block 32 28
block 33 28
block 36 28
block 37 28
block 38 28
block 39 28
block 43 28
block 44 28
block 45 28
block 46 28
block 47 28
block 32 29
block 33 29
block 43 29
block 44 29
block 45 29
block 46 29
block 47 29
block 32 30
block 33 30
block 7 31
block 8 31
block 9 31
block 10 31
block 11 31
block 7 32
block 8 32
block 9 32
block 10 32
block 11 32
##BotsAndCoinsInfo
bot_name 0 starter-bot
bot 0 0 21
bot_coins 0 0
coin 26 15
coin 25 17
round 1
bot 0 0 22
round 2
bot 0 0 23
round 3
bot 0 0 24
round 4
bot 0 0 25
round 5
bot 0 0 26
coin 48 5
coin 3 27
round 6
bot 0 0 27
round 7
bot 0 0 28
round 8
bot 0 0 29
round 9
bot 0 0 30
round 10
bot 0 0 31
coin 26 19
coin 25 13
round 11
bot 0 0 32
round 12
round 13
round 14
round 15
coin 11 2
coin 40 30
round 16
round 17
round 18
round 19
round 20
coin 2 18
coin 49 14
round 21
round 22
round 23
round 24
round 25
coin 26 29
coin 25 3
round 26
round 27
round 28
round 29
round 30
coin 6 0
coin 45 32
round 31
round 32
round 33
round 34
round 35
coin 20 11
coin 31 21
round 36
round 37
round 38
round 39
round 40
coin 48 9
coin 3 23
round 41
round 42
round 43
round 44
round 45
coin 11 20
coin 40 12
round 46
round 47
round 48
round 49
round 50
coin 40 4
coin 11 28
round 51
round 52
round 53
round 54
round 55
coin 26 12
coin 25 20
round 56
round 57
round 58
round 59
round 60
coin 51 30
coin 2 2
round 61
round 62
round 63
round 64
round 65
coin 38 29
coin 11 3
round 66
round 67
round 68
round 69
round 70
coin 19 18
coin 32 14
round 71
round 72
round 73
round 74
round 75
coin 38 15
coin 13 17
round 76
round 77
round 78
round 79
round 80
coin 18 2
coin 33 31
round 81
round 82
round 83
round 84
round 85
coin 33 14
coin 18 18
round 86
round 87
round 88
round 89
round 90
coin 31 22
coin 19 10
round 91
round 92
round 93
round 94
round 95
coin 41 15
coin 10 17
round 96
round 97
round 98
round 99
round 100
coin 32 26
coin 19 6
round 101
round 102
round 103
round 104
round 105
coin 47 13
coin 4 20
round 106
round 107
round 108
round 109
round 110
coin 15 7
coin 35 26
round 111
round 112
round 113
round 114
round 115
coin 3 5
coin 48 27
round 116
round 117
round 118
round 119
round 120
coin 1 22
coin 50 10
round 121
round 122
round 123
round 124
round 125
coin 9 2
coin 42 30
round 126
round 127
round 128
round 129
round 130
coin 42 6
coin 9 26
round 131
round 132
round 133
round 134
round 135
coin 40 13
coin 11 19
round 136
round 137
round 138
round 139
round 140
coin 25 29
coin 26 3
round 141
round 142
round 143
round 144
round 145
coin 49 15
coin 1 17
round 146
round 147
round 148
round 149
round 150
coin 45 14
coin 6 20
round 151
round 152
round 153
round 154
round 155
coin 32 18
coin 19 14
round 156
round 157
round 158
round 159
round 160
coin 50 26
coin 1 7
round 161
round 162
round 163
round 164
round 165
coin 46 25
coin 5 7
round 166
round 167
round 168
round 169
round 170
coin 35 15
coin 16 17
round 171
round 172
round 173
round 174
round 175
coin 6 2
coin 45 30
round 176
round 177
round 178
round 179
round 180
coin 11 4
coin 40 28
round 181
round 182
round 183
round 184
round 185
coin 13 7
coin 40 25
round 186
round 187
round 188
round 189
round 190
coin 42 19
coin 9 13
round 191
round 192
round 193
round 194
round 195
coin 29 21
coin 22 11
round 196
round 197
round 198
round 199
round 200
coin 40 26
coin 11 6
match_over 0
