match
match_id 1639169983548_ce
match_time 1639169983551
num_bots 1
##MatchConfig
mode FRIENDLY
num_rounds 200
random_seed 42
move_time_limit 1000
coin_spawn_period 5
coin_spawn_volume 2
##MapConfig
map_size 64 21
view_radius 5
mining_radius 1
attack_radius 3
block 9 0
block 10 0
block 11 0
block 12 0
block 13 0
block 14 0
block 15 0
block 38 0
block 39 0
block 40 0
block 41 0
block 52 0
block 53 0
block 54 0
block 0 1
block 1 1
block 2 1
block 12 1
block 13 1
block 14 1
block 52 1
block 53 1
block 54 1
block 60 1
block 61 1
block 62 1
block 63 1
block 0 2
block 1 2
block 2 2
block 5 2
block 6 2
block 7 2
block 12 2
block 13 2
block 14 2
block 52 2
block 53 2
block 54 2
block 60 2
block 61 2
block 62 2
block 63 2
block 0 3
block 1 3
block 2 3
block 5 3
block 6 3
block 7 3
block 12 3
block 13 3
block 14 3
block 52 3
block 53 3
block 54 3
block 58 3
block 59 3
block 60 3
block 61 3
block 62 3
block 63 3
block 0 4
block 1 4
block 2 4
block 5 4
block 6 4
block 7 4
block 12 4
block 13 4
block 14 4
block 52 4
block 53 4
block 54 4
block 58 4
block 59 4
block 60 4
block 61 4
block 62 4
block 63 4
block 0 5
block 5 5
block 6 5
block 7 5
block 36 5
block 37 5
block 38 5
block 39 5
block 40 5
block 41 5
block 42 5
block 43 5
block 44 5
block 45 5
block 52 5
block 53 5
block 54 5
block 58 5
block 59 5
block 60 5
block 61 5
block 62 5
block 63 5
block 0 6
block 17 6
block 18 6
block 19 6
block 20 6
block 35 6
block 36 6
block 37 6
block 38 6
block 39 6
block 40 6
block 41 6
block 42 6
block 43 6
block 44 6
block 45 6
block 48 6
block 49 6
block 50 6
block 51 6
block 52 6
block 53 6
block 54 6
block 58 6
block 59 6
block 60 6
block 61 6
block 62 6
block 63 6
block 17 7
block 18 7
block 19 7
block 20 7
block 35 7
block 36 7
block 37 7
block 38 7
block 39 7
block 40 7
block 41 7
block 42 7
block 43 7
block 44 7
block 45 7
block 48 7
block 49 7
block 50 7
block 51 7
block 52 7
block 53 7
block 54 7
block 60 7
block 61 7
block 62 7
block 63 7
block 17 8
block 18 8
block 19 8
block 20 8
block 35 8
block 36 8
block 37 8
block 38 8
block 39 8
block 40 8
block 41 8
block 42 8
block 43 8
block 44 8
block 45 8
block 46 8
block 47 8
block 60 8
block 61 8
block 62 8
block 63 8
block 17 9
block 18 9
block 19 9
block 20 9
block 35 9
block 36 9
block 37 9
block 38 9
block 39 9
block 40 9
block 41 9
block 44 9
block 45 9
block 46 9
block 47 9
block 60 9
block 61 9
block 62 9
block 63 9
block 17 10
block 18 10
block 19 10
block 20 10
block 21 10
block 22 10
block 35 10
block 36 10
block 37 10
block 38 10
block 39 10
block 40 10
block 44 10
block 45 10
block 46 10
block 47 10
block 60 10
block 61 10
block 62 10
block 63 10
block 19 11
block 20 11
block 21 11
block 22 11
block 44 11
block 45 11
block 46 11
block 47 11
block 60 11
block 61 11
block 62 11
block 63 11
block 19 12
block 20 12
block 21 12
block 22 12
block 44 12
block 45 12
block 46 12
block 47 12
block 50 12
block 51 12
block 52 12
block 60 12
block 61 12
block 62 12
block 63 12
block 19 13
block 20 13
block 21 13
block 22 13
block 44 13
block 45 13
block 46 13
block 47 13
block 50 13
block 51 13
block 52 13
block 19 14
block 20 14
block 21 14
block 22 14
block 44 14
block 45 14
block 46 14
block 47 14
block 53 14
block 54 14
block 55 14
block 56 14
block 57 14
block 58 14
block 59 14
block 19 15
block 20 15
block 21 15
block 22 15
block 53 15
block 54 15
block 55 15
block 56 15
block 57 15
block 58 15
block 59 15
block 19 16
block 20 16
block 21 16
block 22 16
block 53 16
block 54 16
block 55 16
block 56 16
block 57 16
block 58 16
block 59 16
block 9 17
block 10 17
block 11 17
block 12 17
block 13 17
block 14 17
block 15 17
block 53 17
block 54 17
block 55 17
block 56 17
block 57 17
block 58 17
block 59 17
block 9 18
block 10 18
block 11 18
block 12 18
block 13 18
block 14 18
block 15 18
block 25 18
block 26 18
block 27 18
block 28 18
block 29 18
block 30 18
block 31 18
block 53 18
block 54 18
block 55 18
block 56 18
block 57 18
block 58 18
block 59 18
block 9 19
block 10 19
block 11 19
block 12 19
block 13 19
block 14 19
block 15 19
block 25 19
block 26 19
block 27 19
block 28 19
block 29 19
block 30 19
block 31 19
block 38 19
block 39 19
block 40 19
block 41 19
block 53 19
block 54 19
block 55 19
block 56 19
block 57 19
block 58 19
block 59 19
block 9 20
block 10 20
block 11 20
block 12 20
block 13 20
block 14 20
block 15 20
block 38 20
block 39 20
block 40 20
block 41 20
block 52 20
block 53 20
block 54 20
block 55 20
block 56 20
block 57 20
block 58 20
block 59 20
##BotsAndCoinsInfo
bot_name 0 starter-bot
bot 0 35 11
bot_coins 0 0
coin 48 12
coin 15 8
round 1
bot 0 35 12
round 2
bot 0 35 13
round 3
bot 0 35 14
round 4
bot 0 35 15
round 5
bot 0 35 16
coin 43 17
coin 20 3
round 6
bot 0 35 17
round 7
bot 0 35 18
round 8
bot 0 35 19
round 9
bot 0 35 20
round 10
bot 0 34 20
coin 19 4
coin 44 16
round 11
bot 0 34 19
round 12
bot 0 34 18
round 13
bot 0 34 17
round 14
bot 0 34 16
round 15
bot 0 34 15
coin 17 17
coin 46 3
round 16
bot 0 34 14
round 17
bot 0 34 13
round 18
bot 0 34 12
round 19
bot 0 34 11
round 20
bot 0 34 10
coin 42 17
coin 21 3
round 21
bot 0 34 9
round 22
bot 0 34 8
round 23
bot 0 34 7
round 24
bot 0 34 6
round 25
bot 0 34 5
coin 57 11
coin 6 9
round 26
bot 0 34 4
round 27
bot 0 34 3
round 28
bot 0 34 2
round 29
bot 0 34 1
round 30
bot 0 34 0
coin 23 0
coin 42 20
round 31
bot 0 33 0
round 32
bot 0 33 1
round 33
bot 0 33 2
round 34
bot 0 33 3
round 35
bot 0 33 4
coin 18 17
coin 45 3
round 36
bot 0 33 5
round 37
bot 0 33 6
round 38
bot 0 33 7
round 39
bot 0 33 8
round 40
bot 0 33 9
coin 29 12
coin 34 8
round 41
bot 0 33 10
round 42
bot 0 33 11
round 43
bot 0 33 12
round 44
bot 0 33 13
round 45
bot 0 33 14
coin 50 2
coin 13 16
round 46
bot 0 33 15
round 47
bot 0 33 16
round 48
bot 0 33 17
round 49
bot 0 33 18
round 50
bot 0 33 19
coin 58 1
coin 5 19
round 51
bot 0 33 20
round 52
bot 0 32 20
round 53
bot 0 32 19
round 54
bot 0 32 18
round 55
bot 0 32 17
coin 27 9
coin 36 11
round 56
bot 0 32 16
round 57
bot 0 32 15
round 58
bot 0 32 14
round 59
bot 0 32 13
round 60
bot 0 32 12
coin 48 9
coin 15 11
round 61
bot 0 32 11
round 62
bot 0 32 10
round 63
bot 0 32 9
round 64
bot 0 32 8
round 65
bot 0 32 7
coin 24 10
coin 39 11
round 66
bot 0 32 6
round 67
bot 0 32 5
round 68
bot 0 32 4
round 69
bot 0 32 3
round 70
bot 0 32 2
coin 11 12
coin 52 8
round 71
bot 0 32 1
round 72
bot 0 32 0
round 73
bot 0 31 0
round 74
bot 0 31 1
round 75
bot 0 31 2
coin 38 4
coin 25 16
round 76
bot 0 31 3
round 77
bot 0 31 4
round 78
bot 0 31 5
round 79
bot 0 31 6
round 80
bot 0 31 7
coin 12 16
coin 51 4
round 81
bot 0 31 8
round 82
bot 0 31 9
round 83
bot 0 31 10
round 84
bot 0 31 11
round 85
bot 0 31 12
coin 52 11
coin 11 9
round 86
bot 0 31 13
round 87
bot 0 31 14
round 88
bot 0 31 15
round 89
bot 0 31 16
round 90
bot 0 31 17
coin 8 19
coin 55 1
round 91
round 92
round 93
round 94
round 95
coin 37 4
coin 26 16
round 96
round 97
round 98
round 99
round 100
coin 48 19
coin 15 1
round 101
round 102
round 103
round 104
round 105
coin 34 7
coin 29 13
round 106
round 107
round 108
round 109
round 110
coin 37 0
coin 26 20
round 111
round 112
round 113
round 114
round 115
coin 48 2
coin 16 18
round 116
round 117
round 118
round 119
round 120
coin 2 10
coin 59 10
round 121
round 122
round 123
round 124
round 125
coin 23 14
coin 40 4
round 126
round 127
round 128
round 129
round 130
coin 51 1
coin 11 16
round 131
round 132
round 133
round 134
round 135
coin 26 7
coin 37 13
round 136
round 137
round 138
round 139
round 140
coin 0 7
coin 63 13
round 141
round 142
round 143
round 144
round 145
coin 45 4
coin 18 16
round 146
round 147
round 148
round 149
round 150
coin 30 5
coin 33 15
round 151
round 152
round 153
round 154
round 155
coin 18 15
coin 46 5
round 156
round 157
round 158
round 159
round 160
coin 59 2
coin 4 18
round 161
round 162
round 163
round 164
round 165
coin 51 5
coin 12 15
round 166
round 167
round 168
round 169
round 170
coin 40 12
coin 23 8
round 171
round 172
round 173
round 174
round 175
coin 23 9
coin 40 11
round 176
round 177
round 178
round 179
round 180
coin 23 7
coin 40 13
round 181
round 182
round 183
round 184
round 185
coin 27 5
coin 36 15
round 186
round 187
round 188
round 189
round 190
coin 29 7
coin 34 13
round 191
round 192
round 193
round 194
round 195
coin 30 0
coin 33 20
round 196
round 197
round 198
round 199
round 200
coin 30 1
coin 33 19
match_over 0
