match
match_id 1639406181131_cl
match_time 1639406181134
num_bots 1
##MatchConfig
mode FRIENDLY
num_rounds 200
random_seed 42
move_time_limit 1000
coin_spawn_period 5
coin_spawn_volume 2
##MapConfig
map_size 76 31
view_radius 6
mining_radius 2
attack_radius 4
block 42 0
block 43 0
block 44 0
block 45 0
block 13 1
block 14 1
block 15 1
block 16 1
block 17 1
block 18 1
block 19 1
block 42 1
block 43 1
block 44 1
block 45 1
block 13 2
block 14 2
block 15 2
block 16 2
block 17 2
block 18 2
block 19 2
block 27 2
block 28 2
block 29 2
block 30 2
block 31 2
block 32 2
block 33 2
block 42 2
block 43 2
block 44 2
block 45 2
block 53 2
block 54 2
block 12 3
block 13 3
block 14 3
block 15 3
block 16 3
block 17 3
block 18 3
block 19 3
block 27 3
block 28 3
block 29 3
block 30 3
block 31 3
block 32 3
block 33 3
block 42 3
block 43 3
block 44 3
block 45 3
block 53 3
block 54 3
block 12 4
block 13 4
block 14 4
block 15 4
block 16 4
block 17 4
block 18 4
block 19 4
block 27 4
block 28 4
block 29 4
block 30 4
block 31 4
block 32 4
block 33 4
block 42 4
block 43 4
block 44 4
block 45 4
block 12 5
block 13 5
block 27 5
block 28 5
block 29 5
block 30 5
block 31 5
block 32 5
block 33 5
block 42 5
block 43 5
block 44 5
block 45 5
block 68 5
block 69 5
block 27 6
block 28 6
block 29 6
block 30 6
block 31 6
block 32 6
block 33 6
block 57 6
block 58 6
block 59 6
block 60 6
block 68 6
block 69 6
block 57 7
block 58 7
block 59 7
block 60 7
block 18 8
block 19 8
block 20 8
block 21 8
block 22 8
block 65 8
block 66 8
block 67 8
block 18 9
block 19 9
block 20 9
block 21 9
block 22 9
block 65 9
block 66 9
block 67 9
block 18 10
block 19 10
block 20 10
block 21 10
block 22 10
block 33 10
block 34 10
block 35 10
block 36 10
block 37 10
block 65 10
block 66 10
block 67 10
block 18 11
block 19 11
block 20 11
block 21 11
block 22 11
block 33 11
block 34 11
block 35 11
block 36 11
block 37 11
block 65 11
block 66 11
block 67 11
block 18 12
block 19 12
block 20 12
block 21 12
block 22 12
block 33 12
block 34 12
block 35 12
block 36 12
block 37 12
block 49 12
block 50 12
block 51 12
block 52 12
block 53 12
block 65 12
block 66 12
block 67 12
block 49 13
block 50 13
block 51 13
block 52 13
block 53 13
block 65 13
block 66 13
block 67 13
block 1 14
block 2 14
block 3 14
block 4 14
block 5 14
block 6 14
block 49 14
block 50 14
block 51 14
block 52 14
block 53 14
block 1 15
block 2 15
block 3 15
block 4 15
block 5 15
block 6 15
block 49 15
block 50 15
block 51 15
block 52 15
block 53 15
block 1 16
block 2 16
block 3 16
block 4 16
block 5 16
block 6 16
block 49 16
block 50 16
block 51 16
block 52 16
block 53 16
block 1 17
block 2 17
block 3 17
block 4 17
block 5 17
block 6 17
block 49 17
block 50 17
block 51 17
block 52 17
block 53 17
block 1 18
block 2 18
block 3 18
block 4 18
block 5 18
block 6 18
block 1 19
block 2 19
block 3 19
block 4 19
block 5 19
block 6 19
block 1 20
block 2 20
block 3 20
block 4 20
block 1 21
block 2 21
block 3 21
block 4 21
block 57 22
block 58 22
block 59 22
block 60 22
block 61 22
block 62 22
block 63 22
block 57 23
block 58 23
block 59 23
block 60 23
block 61 23
block 62 23
block 63 23
block 47 24
block 48 24
block 49 24
block 50 24
block 51 24
block 57 24
block 58 24
block 59 24
block 60 24
block 61 24
block 62 24
block 63 24
block 29 25
block 30 25
block 31 25
block 32 25
block 47 25
block 48 25
block 49 25
block 50 25
block 51 25
block 29 26
block 30 26
block 31 26
block 32 26
block 46 26
block 47 26
block 48 26
block 49 26
block 50 26
block 51 26
block 58 26
block 59 26
block 60 26
block 46 27
block 47 27
block 48 27
block 49 27
block 50 27
block 51 27
block 58 27
block 59 27
block 60 27
block 46 28
block 47 28
block 48 28
block 49 28
block 50 28
block 51 28
block 58 28
block 59 28
block 60 28
block 46 29
block 47 29
block 48 29
block 49 29
block 50 29
block 51 29
block 47 30
block 48 30
block 49 30
block 50 30
block 51 30
##BotsAndCoinsInfo
bot_name 0 starter-bot
bot 0 53 6
bot_coins 0 0
coin 26 10
coin 49 20
round 1
bot 0 53 7
round 2
bot 0 53 8
round 3
bot 0 53 9
round 4
bot 0 53 10
round 5
bot 0 53 11
coin 12 23
coin 63 7
round 6
bot 0 52 11
round 7
bot 0 51 11
round 8
bot 0 50 11
round 9
bot 0 49 11
round 10
bot 0 48 11
coin 6 28
coin 69 2
round 11
bot 0 48 12
round 12
bot 0 48 13
round 13
bot 0 48 14
round 14
bot 0 48 15
round 15
coin 25 1
coin 52 29
round 16
round 17
round 18
round 19
round 20
coin 51 3
coin 24 27
round 21
round 22
round 23
round 24
round 25
coin 41 0
coin 34 30
round 26
round 27
round 28
round 29
round 30
coin 12 27
coin 63 3
round 31
round 32
round 33
round 34
round 35
coin 64 19
coin 11 11
round 36
round 37
round 38
round 39
round 40
coin 68 21
coin 7 9
round 41
round 42
round 43
round 44
round 45
coin 11 19
coin 64 11
round 46
round 47
round 48
round 49
round 50
coin 40 8
coin 35 22
round 51
round 52
round 53
round 54
round 55
coin 54 18
coin 21 13
round 56
round 57
round 58
round 59
round 60
coin 47 18
coin 28 12
round 61
round 62
round 63
round 64
round 65
coin 7 18
coin 68 12
round 66
round 67
round 68
round 69
round 70
coin 67 21
coin 8 9
round 71
round 72
round 73
round 74
round 75
coin 38 26
coin 37 4
round 76
round 77
round 78
round 79
round 80
coin 62 17
coin 13 13
round 81
round 82
round 83
round 84
round 85
coin 25 22
coin 50 8
round 86
round 87
round 88
round 89
round 90
coin 60 20
coin 15 10
round 91
round 92
round 93
round 94
round 95
coin 1 24
coin 74 6
round 96
round 97
round 98
round 99
match_over 0
round 100
