match
match_id 1639215246444_ml
match_time 1639215246445
num_bots 1
##MatchConfig
mode FRIENDLY
num_rounds 200
random_seed 42
move_time_limit 1000
coin_spawn_period 5
coin_spawn_volume 2
##MapConfig
map_size 55 20
view_radius 6
mining_radius 1
attack_radius 4
block 8 0
block 9 0
block 28 0
block 29 0
block 30 0
block 31 0
block 8 1
block 9 1
block 32 1
block 33 1
block 34 1
block 35 1
block 36 1
block 37 1
block 38 1
block 39 1
block 40 1
block 8 2
block 9 2
block 32 2
block 33 2
block 34 2
block 35 2
block 36 2
block 37 2
block 38 2
block 39 2
block 40 2
block 44 2
block 45 2
block 8 3
block 9 3
block 44 3
block 45 3
block 8 4
block 9 4
block 44 4
block 45 4
block 41 5
block 42 5
block 43 5
block 44 5
block 45 5
block 46 5
block 41 6
block 42 6
block 43 6
block 44 6
block 45 6
block 46 6
block 41 7
block 42 7
block 43 7
block 44 7
block 45 7
block 46 7
block 19 8
block 20 8
block 44 8
block 45 8
block 7 9
block 8 9
block 9 9
block 10 9
block 19 9
block 20 9
block 32 9
block 33 9
block 34 9
block 7 10
block 8 10
block 9 10
block 10 10
block 19 10
block 20 10
block 32 10
block 33 10
block 34 10
block 7 11
block 8 11
block 9 11
block 10 11
block 19 11
block 20 11
block 32 11
block 33 11
block 34 11
block 36 11
block 37 11
block 38 11
block 39 11
block 19 12
block 20 12
block 32 12
block 33 12
block 34 12
block 36 12
block 37 12
block 38 12
block 39 12
block 12 13
block 13 13
block 14 13
block 15 13
block 16 13
block 32 13
block 33 13
block 34 13
block 35 13
block 36 13
block 37 13
block 38 13
block 39 13
block 12 14
block 13 14
block 14 14
block 15 14
block 16 14
block 32 14
block 33 14
block 34 14
block 35 14
block 12 15
block 13 15
block 14 15
block 15 15
block 16 15
block 32 15
block 33 15
block 34 15
block 35 15
block 12 16
block 13 16
block 14 16
block 15 16
block 16 16
block 28 16
block 29 16
block 30 16
block 31 16
block 32 16
block 33 16
block 34 16
block 35 16
block 12 17
block 13 17
block 14 17
block 15 17
block 16 17
block 28 17
block 29 17
block 30 17
block 31 17
block 32 17
block 33 17
block 34 17
block 35 17
block 12 18
block 13 18
block 14 18
block 15 18
block 16 18
block 28 18
block 29 18
block 30 18
block 31 18
block 28 19
block 29 19
block 30 19
block 31 19
##BotsAndCoinsInfo
bot_name 0 starter-bot
bot 0 18 19
bot_coins 0 0
coin 40 3
coin 14 19
round 1
bot 0 17 18
round 2
bot 0 17 17
round 3
bot 0 17 16
round 4
bot 0 17 15
round 5
bot 0 17 14
coin 7 4
coin 47 15
round 6
bot 0 17 13
round 7
bot 0 17 12
round 8
bot 0 17 11
round 9
bot 0 17 10
round 10
bot 0 17 9
coin 25 5
coin 29 14
round 11
bot 0 17 8
round 12
bot 0 17 7
round 13
bot 0 17 6
round 14
bot 0 17 5
round 15
bot 0 17 4
coin 45 18
coin 10 1
round 16
bot 0 17 3
round 17
bot 0 17 2
round 18
bot 0 17 1
round 19
bot 0 17 0
round 20
bot 0 16 1
coin 54 13
coin 0 6
round 21
bot 0 16 2
round 22
bot 0 16 3
round 23
bot 0 16 4
round 24
bot 0 16 5
round 25
bot 0 16 6
coin 22 2
coin 32 18
round 26
bot 0 16 7
round 27
bot 0 16 8
round 28
bot 0 16 9
round 29
bot 0 16 10
round 30
bot 0 16 11
coin 46 12
coin 8 7
round 31
bot 0 16 12
round 32
round 33
round 34
round 35
coin 47 12
coin 7 7
round 36
round 37
round 38
round 39
round 40
coin 26 10
coin 28 9
round 41
round 42
round 43
round 44
round 45
coin 33 8
coin 21 11
round 46
round 47
round 48
round 49
round 50
coin 10 3
coin 44 16
round 51
round 52
round 53
round 54
round 55
coin 36 14
coin 18 5
round 56
round 57
round 58
round 59
round 60
coin 23 1
coin 32 19
round 61
round 62
round 63
round 64
round 65
coin 10 18
coin 44 1
round 66
round 67
round 68
round 69
round 70
coin 37 6
coin 17 13
round 71
round 72
round 73
round 74
round 75
coin 0 16
coin 54 3
round 76
round 77
round 78
round 79
round 80
coin 46 4
coin 8 15
round 81
round 82
round 83
round 84
round 85
coin 32 7
coin 22 12
round 86
round 87
round 88
round 89
round 90
coin 31 13
coin 23 6
round 91
round 92
round 93
round 94
round 95
coin 43 4
coin 11 15
round 96
round 97
round 98
round 99
round 100
coin 24 5
coin 30 14
round 101
round 102
round 103
round 104
round 105
coin 23 17
coin 31 2
round 106
round 107
round 108
round 109
round 110
coin 10 14
coin 42 4
round 111
round 112
round 113
round 114
round 115
coin 11 16
coin 43 3
round 116
round 117
round 118
round 119
round 120
coin 7 3
coin 47 16
round 121
round 122
round 123
round 124
round 125
coin 48 0
coin 6 19
round 126
round 127
round 128
round 129
round 130
coin 8 16
coin 46 3
round 131
round 132
round 133
round 134
round 135
coin 35 10
coin 18 9
round 136
round 137
round 138
round 139
round 140
coin 33 19
coin 21 0
round 141
round 142
round 143
round 144
round 145
coin 16 3
coin 38 16
round 146
round 147
round 148
round 149
round 150
coin 12 19
coin 42 0
round 151
round 152
round 153
round 154
round 155
coin 37 0
coin 17 19
round 156
round 157
round 158
round 159
round 160
coin 4 14
coin 50 5
round 161
round 162
round 163
round 164
round 165
match_over 0
coin 38 19
coin 16 0
round 166
