match
match_id 1639216583750_ni
match_time 1639216583754
num_bots 1
##MatchConfig
mode FRIENDLY
num_rounds 200
random_seed 42
move_time_limit 1000
coin_spawn_period 5
coin_spawn_volume 2
##MapConfig
map_size 66 38
view_radius 6
mining_radius 2
attack_radius 4
block 14 2
block 15 2
block 16 2
block 17 2
block 18 2
block 48 2
block 49 2
block 50 2
block 51 2
block 14 3
block 15 3
block 16 3
block 17 3
block 18 3
block 48 3
block 49 3
block 50 3
block 51 3
block 14 4
block 15 4
block 16 4
block 17 4
block 18 4
block 14 5
block 15 5
block 16 5
block 17 5
block 18 5
block 21 11
block 22 11
block 23 11
block 24 11
block 25 11
block 21 12
block 22 12
block 23 12
block 24 12
block 25 12
block 21 13
block 22 13
block 23 13
block 24 13
block 25 13
block 21 14
block 22 14
block 23 14
block 24 14
block 25 14
block 31 14
block 32 14
block 33 14
block 34 14
block 35 14
block 36 14
block 37 14
block 31 15
block 32 15
block 33 15
block 34 15
block 35 15
block 36 15
block 37 15
block 17 19
block 18 19
block 19 19
block 20 19
block 21 19
block 17 20
block 18 20
block 19 20
block 20 20
block 21 20
block 11 21
block 12 21
block 17 21
block 18 21
block 19 21
block 20 21
block 21 21
block 11 22
block 12 22
block 17 22
block 18 22
block 19 22
block 20 22
block 21 22
block 11 23
block 12 23
block 15 23
block 16 23
block 17 23
block 18 23
block 19 23
block 20 23
block 11 24
block 12 24
block 15 24
block 16 24
block 17 24
block 18 24
block 19 24
block 20 24
block 11 25
block 12 25
block 15 25
block 16 25
block 17 25
block 18 25
block 19 25
block 20 25
block 11 26
block 12 26
block 11 27
block 12 27
block 44 28
block 45 28
block 46 28
block 47 28
block 48 28
block 49 28
block 50 28
block 2 29
block 3 29
block 4 29
block 5 29
block 44 29
block 45 29
block 46 29
block 47 29
block 48 29
block 49 29
block 50 29
block 2 30
block 3 30
block 4 30
block 5 30
block 44 30
block 45 30
block 46 30
block 47 30
block 48 30
block 49 30
block 50 30
block 2 31
block 3 31
block 4 31
block 5 31
block 44 31
block 45 31
block 46 31
block 47 31
block 48 31
block 49 31
block 50 31
block 2 32
block 3 32
block 4 32
block 5 32
block 44 32
block 45 32
block 46 32
block 47 32
block 48 32
block 49 32
block 50 32
block 2 33
block 3 33
block 4 33
block 5 33
block 2 34
block 3 34
block 4 34
block 5 34
##BotsAndCoinsInfo
bot_name 0 starter-bot
bot 0 38 12
bot_coins 0 0
coin 62 9
coin 3 28
round 1
bot 0 38 13
round 2
bot 0 38 14
round 3
bot 0 38 15
round 4
bot 0 38 16
round 5
bot 0 38 17
coin 30 6
coin 35 31
round 6
bot 0 38 18
round 7
bot 0 38 19
round 8
bot 0 38 20
round 9
bot 0 38 21
round 10
bot 0 38 22
coin 36 16
coin 29 21
round 11
bot 0 38 23
round 12
bot 0 38 24
round 13
bot 0 38 25
round 14
bot 0 38 26
round 15
bot 0 38 27
coin 23 28
coin 42 9
round 16
bot 0 38 28
round 17
bot 0 38 29
round 18
bot 0 38 30
round 19
bot 0 38 31
round 20
bot 0 38 32
coin 43 17
coin 22 20
round 21
bot 0 38 33
round 22
bot 0 38 34
round 23
bot 0 38 35
round 24
bot 0 38 36
round 25
bot 0 38 37
coin 44 14
coin 21 23
round 26
round 27
round 28
match_over 0
round 29
