match
match_id 1639168703332_bs
match_time 1639168703335
num_bots 1
##MatchConfig
mode FRIENDLY
num_rounds 200
random_seed 42
move_time_limit 1000
coin_spawn_period 5
coin_spawn_volume 2
##MapConfig
map_size 64 36
view_radius 6
mining_radius 1
attack_radius 4
block 0 0
block 1 0
block 2 0
block 3 0
block 4 0
block 5 0
block 56 0
block 57 0
block 58 0
block 59 0
block 62 0
block 63 0
block 56 1
block 57 1
block 58 1
block 59 1
block 56 2
block 57 2
block 58 2
block 59 2
block 39 3
block 40 3
block 41 3
block 42 3
block 43 3
block 44 3
block 45 3
block 39 4
block 40 4
block 41 4
block 42 4
block 43 4
block 44 4
block 45 4
block 39 5
block 40 5
block 41 5
block 42 5
block 43 5
block 44 5
block 45 5
block 56 9
block 57 9
block 58 9
block 59 9
block 13 10
block 14 10
block 15 10
block 16 10
block 17 10
block 18 10
block 19 10
block 20 10
block 21 10
block 56 10
block 57 10
block 58 10
block 59 10
block 4 11
block 5 11
block 6 11
block 13 11
block 14 11
block 15 11
block 16 11
block 17 11
block 18 11
block 19 11
block 20 11
block 21 11
block 56 11
block 57 11
block 58 11
block 59 11
block 4 12
block 5 12
block 6 12
block 13 12
block 14 12
block 15 12
block 16 12
block 17 12
block 18 12
block 19 12
block 20 12
block 21 12
block 4 13
block 5 13
block 6 13
block 12 13
block 13 13
block 14 13
block 15 13
block 16 13
block 17 13
block 18 13
block 19 13
block 20 13
block 21 13
block 26 13
block 27 13
block 42 13
block 43 13
block 44 13
block 4 14
block 5 14
block 6 14
block 12 14
block 13 14
block 14 14
block 15 14
block 16 14
block 17 14
block 18 14
block 26 14
block 27 14
block 42 14
block 43 14
block 44 14
block 47 14
block 48 14
block 51 14
block 52 14
block 53 14
block 4 15
block 5 15
block 6 15
block 12 15
block 13 15
block 14 15
block 15 15
block 16 15
block 17 15
block 18 15
block 19 15
block 20 15
block 21 15
block 22 15
block 26 15
block 27 15
block 42 15
block 43 15
block 44 15
block 47 15
block 48 15
block 51 15
block 52 15
block 53 15
block 4 16
block 5 16
block 6 16
block 12 16
block 13 16
block 14 16
block 15 16
block 16 16
block 17 16
block 18 16
block 19 16
block 20 16
block 21 16
block 22 16
block 42 16
block 43 16
block 44 16
block 51 16
block 52 16
block 53 16
block 12 17
block 13 17
block 14 17
block 15 17
block 16 17
block 17 17
block 18 17
block 19 17
block 20 17
block 21 17
block 22 17
block 42 17
block 43 17
block 44 17
block 16 18
block 17 18
block 18 18
block 19 18
block 20 18
block 21 18
block 22 18
block 42 18
block 43 18
block 44 18
block 16 19
block 17 19
block 18 19
block 19 19
block 20 19
block 21 19
block 22 19
block 42 19
block 43 19
block 44 19
block 0 20
block 1 20
block 16 20
block 17 20
block 18 20
block 19 20
block 20 20
block 21 20
block 22 20
block 58 20
block 59 20
block 60 20
block 61 20
block 62 20
block 63 20
block 0 21
block 1 21
block 16 21
block 17 21
block 18 21
block 19 21
block 20 21
block 21 21
block 22 21
block 58 21
block 59 21
block 60 21
block 61 21
block 62 21
block 63 21
block 0 22
block 1 22
block 58 22
block 59 22
block 60 22
block 61 22
block 62 22
block 63 22
block 9 26
block 10 26
block 11 26
block 9 27
block 10 27
block 11 27
block 9 28
block 10 28
block 11 28
block 53 28
block 54 28
block 55 28
block 56 28
block 57 28
block 58 28
block 17 29
block 18 29
block 19 29
block 20 29
block 21 29
block 53 29
block 54 29
block 55 29
block 56 29
block 57 29
block 58 29
block 17 30
block 18 30
block 19 30
block 20 30
block 21 30
block 53 30
block 54 30
block 55 30
block 56 30
block 57 30
block 58 30
block 17 31
block 18 31
block 19 31
block 20 31
block 21 31
block 54 31
block 55 31
block 56 31
block 57 31
block 0 32
block 1 32
block 2 32
block 3 32
block 4 32
block 5 32
block 17 32
block 18 32
block 19 32
block 20 32
block 21 32
block 54 32
block 55 32
block 56 32
block 57 32
block 63 32
block 0 33
block 1 33
block 2 33
block 3 33
block 4 33
block 5 33
block 17 33
block 18 33
block 19 33
block 20 33
block 21 33
block 54 33
block 55 33
block 56 33
block 57 33
block 58 33
block 59 33
block 63 33
block 0 34
block 1 34
block 2 34
block 3 34
block 4 34
block 5 34
block 17 34
block 18 34
block 19 34
block 20 34
block 21 34
block 54 34
block 55 34
block 56 34
block 57 34
block 58 34
block 59 34
block 62 34
block 63 34
block 0 35
block 1 35
block 2 35
block 3 35
block 4 35
block 5 35
block 56 35
block 57 35
block 58 35
block 59 35
block 62 35
block 63 35
##BotsAndCoinsInfo
bot_name 0 starter-bot
bot 0 57 7
bot_coins 0 0
coin 46 3
coin 16 32
round 1
bot 0 57 8
round 2
round 3
round 4
round 5
coin 43 8
coin 20 27
round 6
round 7
round 8
round 9
round 10
coin 19 25
coin 44 10
round 11
round 12
round 13
round 14
round 15
coin 17 2
coin 46 33
round 16
round 17
round 18
round 19
round 20
coin 42 29
coin 21 6
round 21
round 22
round 23
round 24
round 25
coin 57 26
coin 6 9
round 26
round 27
round 28
round 29
round 30
coin 23 0
coin 40 35
round 31
round 32
round 33
round 34
round 35
coin 16 33
coin 47 2
round 36
round 37
round 38
round 39
round 40
coin 29 6
coin 34 29
round 41
round 42
round 43
round 44
round 45
coin 50 17
coin 13 18
round 46
round 47
round 48
round 49
round 50
coin 58 31
coin 5 4
round 51
round 52
round 53
round 54
round 55
coin 27 33
coin 36 2
round 56
round 57
round 58
round 59
round 60
coin 47 9
coin 16 26
round 61
round 62
round 63
round 64
round 65
coin 24 22
coin 39 13
round 66
round 67
round 68
round 69
round 70
coin 11 30
coin 52 5
round 71
round 72
round 73
round 74
round 75
coin 38 12
coin 25 23
round 76
round 77
round 78
round 79
round 80
coin 13 5
coin 50 30
round 81
round 82
round 83
round 84
round 85
coin 52 23
coin 11 12
round 86
round 87
round 88
round 89
round 90
coin 11 25
coin 52 10
round 91
round 92
round 93
round 94
round 95
coin 37 12
coin 26 23
round 96
round 97
round 98
round 99
round 100
coin 48 13
coin 15 22
round 101
round 102
round 103
round 104
round 105
coin 36 25
coin 27 10
round 106
round 107
round 108
round 109
round 110
coin 37 6
coin 26 29
round 111
round 112
round 113
round 114
round 115
coin 48 11
coin 15 24
round 116
round 117
round 118
round 119
round 120
coin 2 7
coin 61 28
round 121
round 122
round 123
round 124
round 125
coin 22 32
coin 41 2
round 126
round 127
round 128
round 129
round 130
coin 52 4
coin 11 31
round 131
round 132
round 133
round 134
round 135
coin 26 34
coin 37 1
round 136
round 137
round 138
round 139
round 140
coin 62 31
coin 1 4
round 141
round 142
round 143
round 144
round 145
coin 45 27
coin 18 8
round 146
round 147
round 148
round 149
round 150
coin 30 23
coin 33 12
round 151
round 152
round 153
round 154
round 155
coin 19 14
coin 44 21
round 156
round 157
round 158
round 159
round 160
coin 60 14
coin 3 21
round 161
round 162
round 163
round 164
round 165
coin 52 31
coin 11 4
round 166
round 167
round 168
round 169
round 170
coin 40 27
coin 23 8
round 171
round 172
round 173
round 174
round 175
coin 23 5
coin 40 30
round 176
round 177
round 178
round 179
round 180
coin 23 25
coin 40 10
round 181
round 182
round 183
round 184
round 185
coin 27 5
coin 36 30
round 186
round 187
round 188
round 189
round 190
coin 29 16
coin 34 19
round 191
round 192
round 193
round 194
round 195
coin 30 33
coin 33 2
round 196
round 197
round 198
round 199
round 200
coin 30 10
coin 33 25
match_over 0
