match
match_id 1639337949098_ap
match_time 1639337949100
num_bots 1
##MatchConfig
mode FRIENDLY
num_rounds 200
random_seed 42
move_time_limit 1000
coin_spawn_period 5
coin_spawn_volume 2
##MapConfig
map_size 53 21
view_radius 6
mining_radius 2
attack_radius 3
block 13 0
block 14 0
block 15 0
block 16 0
block 17 0
block 18 0
block 19 0
block 20 0
block 21 0
block 35 0
block 36 0
block 37 0
block 38 0
block 39 0
block 40 0
block 0 1
block 1 1
block 2 1
block 3 1
block 4 1
block 5 1
block 8 1
block 9 1
block 10 1
block 11 1
block 12 1
block 13 1
block 14 1
block 15 1
block 16 1
block 17 1
block 18 1
block 19 1
block 35 1
block 36 1
block 37 1
block 38 1
block 39 1
block 40 1
block 0 2
block 1 2
block 2 2
block 3 2
block 4 2
block 5 2
block 8 2
block 9 2
block 10 2
block 11 2
block 12 2
block 13 2
block 14 2
block 15 2
block 16 2
block 17 2
block 18 2
block 19 2
block 20 2
block 21 2
block 22 2
block 35 2
block 36 2
block 37 2
block 38 2
block 39 2
block 40 2
block 0 3
block 1 3
block 2 3
block 3 3
block 4 3
block 5 3
block 13 3
block 14 3
block 15 3
block 16 3
block 17 3
block 18 3
block 19 3
block 20 3
block 21 3
block 22 3
block 35 3
block 36 3
block 37 3
block 38 3
block 39 3
block 40 3
block 41 3
block 42 3
block 43 3
block 44 3
block 13 4
block 14 4
block 15 4
block 16 4
block 17 4
block 18 4
block 19 4
block 20 4
block 21 4
block 22 4
block 35 4
block 36 4
block 37 4
block 38 4
block 39 4
block 40 4
block 41 4
block 42 4
block 43 4
block 44 4
block 11 5
block 12 5
block 13 5
block 14 5
block 15 5
block 16 5
block 17 5
block 18 5
block 19 5
block 20 5
block 21 5
block 22 5
block 35 5
block 36 5
block 37 5
block 38 5
block 39 5
block 40 5
block 41 5
block 42 5
block 43 5
block 44 5
block 6 6
block 7 6
block 8 6
block 9 6
block 10 6
block 11 6
block 12 6
block 13 6
block 14 6
block 15 6
block 16 6
block 17 6
block 18 6
block 19 6
block 20 6
block 21 6
block 22 6
block 35 6
block 36 6
block 37 6
block 38 6
block 39 6
block 40 6
block 6 7
block 7 7
block 8 7
block 9 7
block 10 7
block 11 7
block 12 7
block 13 7
block 14 7
block 15 7
block 16 7
block 17 7
block 18 7
block 19 7
block 20 7
block 21 7
block 22 7
block 6 8
block 7 8
block 8 8
block 9 8
block 10 8
block 11 8
block 12 8
block 13 8
block 14 8
block 15 8
block 16 8
block 17 8
block 18 8
block 19 8
block 21 8
block 22 8
block 23 8
block 24 8
block 25 8
block 26 8
block 27 8
block 6 9
block 7 9
block 8 9
block 9 9
block 10 9
block 11 9
block 12 9
block 13 9
block 14 9
block 15 9
block 16 9
block 17 9
block 18 9
block 19 9
block 21 9
block 22 9
block 23 9
block 24 9
block 25 9
block 26 9
block 27 9
block 28 9
block 29 9
block 30 9
block 31 9
block 32 9
block 33 9
block 6 10
block 7 10
block 8 10
block 9 10
block 10 10
block 11 10
block 12 10
block 21 10
block 22 10
block 23 10
block 24 10
block 25 10
block 26 10
block 27 10
block 28 10
block 29 10
block 30 10
block 31 10
block 32 10
block 33 10
block 39 10
block 40 10
block 6 11
block 7 11
block 8 11
block 9 11
block 10 11
block 11 11
block 12 11
block 21 11
block 22 11
block 23 11
block 24 11
block 25 11
block 26 11
block 27 11
block 28 11
block 29 11
block 30 11
block 31 11
block 32 11
block 33 11
block 39 11
block 40 11
block 5 12
block 6 12
block 7 12
block 8 12
block 9 12
block 10 12
block 11 12
block 12 12
block 27 12
block 28 12
block 29 12
block 30 12
block 31 12
block 32 12
block 33 12
block 34 12
block 45 12
block 46 12
block 47 12
block 48 12
block 49 12
block 5 13
block 6 13
block 7 13
block 8 13
block 9 13
block 10 13
block 27 13
block 28 13
block 29 13
block 30 13
block 31 13
block 32 13
block 33 13
block 34 13
block 40 13
block 41 13
block 42 13
block 43 13
block 44 13
block 45 13
block 46 13
block 47 13
block 48 13
block 49 13
block 5 14
block 6 14
block 7 14
block 8 14
block 9 14
block 10 14
block 25 14
block 26 14
block 27 14
block 28 14
block 29 14
block 30 14
block 31 14
block 32 14
block 33 14
block 40 14
block 41 14
block 42 14
block 43 14
block 44 14
block 45 14
block 46 14
block 47 14
block 48 14
block 49 14
block 2 15
block 3 15
block 4 15
block 5 15
block 6 15
block 7 15
block 8 15
block 9 15
block 10 15
block 25 15
block 26 15
block 27 15
block 28 15
block 29 15
block 30 15
block 40 15
block 41 15
block 42 15
block 43 15
block 44 15
block 45 15
block 46 15
block 2 16
block 3 16
block 4 16
block 5 16
block 6 16
block 7 16
block 8 16
block 9 16
block 10 16
block 16 16
block 17 16
block 18 16
block 19 16
block 20 16
block 21 16
block 33 16
block 34 16
block 35 16
block 36 16
block 37 16
block 38 16
block 40 16
block 41 16
block 42 16
block 43 16
block 44 16
block 45 16
block 46 16
block 2 17
block 3 17
block 4 17
block 5 17
block 6 17
block 7 17
block 16 17
block 17 17
block 18 17
block 19 17
block 20 17
block 21 17
block 33 17
block 34 17
block 35 17
block 36 17
block 37 17
block 38 17
block 39 17
block 40 17
block 41 17
block 42 17
block 43 17
block 44 17
block 45 17
block 46 17
block 2 18
block 3 18
block 4 18
block 5 18
block 6 18
block 7 18
block 16 18
block 17 18
block 18 18
block 19 18
block 20 18
block 21 18
block 38 18
block 39 18
block 40 18
block 41 18
block 42 18
block 3 19
block 4 19
block 5 19
block 16 19
block 17 19
block 18 19
block 19 19
block 20 19
block 21 19
block 13 20
block 14 20
block 15 20
block 16 20
block 17 20
block 18 20
block 19 20
block 20 20
block 21 20
##BotsAndCoinsInfo
bot_name 0 starter-bot
bot 0 27 3
bot_coins 0 0
coin 35 12
coin 17 10
round 1
bot 0 27 4
round 2
bot 0 27 5
round 3
bot 0 27 6
round 4
bot 0 27 7
round 5
bot 0 26 7
coin 6 19
coin 46 1
round 6
bot 0 25 7
round 7
bot 0 24 7
round 8
bot 0 23 7
round 9
bot 0 24 7
round 10
bot 0 23 7
coin 20 1
coin 32 19
round 11
bot 0 24 7
round 12
bot 0 23 7
round 13
bot 0 24 7
round 14
bot 0 23 7
round 15
bot 0 24 7
coin 45 18
coin 7 2
round 16
bot 0 23 7
round 17
bot 0 24 7
round 18
bot 0 23 7
round 19
bot 0 24 7
round 20
bot 0 23 7
coin 14 17
coin 41 2
round 21
bot 0 24 7
round 22
bot 0 23 7
round 23
bot 0 24 7
round 24
bot 0 23 7
round 25
bot 0 24 7
coin 3 11
coin 49 9
round 26
bot 0 23 7
round 27
bot 0 24 7
round 28
bot 0 23 7
round 29
bot 0 24 7
round 30
bot 0 23 7
coin 21 1
coin 31 19
round 31
bot 0 24 7
round 32
bot 0 23 7
round 33
bot 0 24 7
round 34
bot 0 23 7
round 35
bot 0 24 7
coin 34 18
coin 22 1
round 36
bot 0 23 7
round 37
bot 0 24 7
round 38
bot 0 23 7
round 39
bot 0 24 7
round 40
bot 0 23 7
coin 34 11
coin 18 10
round 41
bot 0 24 7
round 42
bot 0 23 7
round 43
bot 0 24 7
round 44
bot 0 23 7
round 45
bot 0 24 7
coin 41 1
coin 11 19
round 46
bot 0 23 7
round 47
bot 0 24 7
round 48
bot 0 23 7
round 49
bot 0 24 7
round 50
bot 0 23 7
coin 39 20
coin 12 0
round 51
bot 0 24 7
round 52
bot 0 23 7
round 53
bot 0 24 7
round 54
bot 0 23 7
round 55
bot 0 24 7
coin 20 9
coin 34 10
round 56
bot 0 23 7
round 57
bot 0 24 7
round 58
bot 0 23 7
round 59
bot 0 24 7
round 60
bot 0 23 7
coin 42 9
coin 11 13
round 61
bot 0 24 7
round 62
bot 0 23 7
round 63
bot 0 24 7
round 64
bot 0 23 7
round 65
bot 0 24 7
coin 34 9
coin 18 11
round 66
bot 0 23 7
round 67
bot 0 24 7
round 68
bot 0 23 7
round 69
bot 0 24 7
round 70
bot 0 23 7
coin 26 12
coin 26 7
round 71
bot 0 24 7
coin_collected 26 7 0
bot_coins 0 1
round 72
bot 0 23 7
round 73
bot 0 24 7
round 74
bot 0 23 7
round 75
bot 0 24 7
coin 24 6
coin 28 16
round 76
bot 0 23 7
coin_collected 24 6 0
bot_coins 0 2
round 77
bot 0 24 7
round 78
bot 0 23 7
round 79
bot 0 24 7
round 80
bot 0 23 7
coin 43 18
coin 9 3
round 81
bot 0 24 7
round 82
bot 0 23 7
round 83
bot 0 24 7
round 84
bot 0 23 7
round 85
bot 0 24 7
coin 25 12
coin 27 7
round 86
bot 0 23 7
round 87
bot 0 24 7
round 88
bot 0 23 7
round 89
bot 0 24 7
round 90
bot 0 23 7
coin 46 19
coin 6 1
round 91
bot 0 24 7
round 92
bot 0 23 7
round 93
bot 0 24 7
round 94
bot 0 23 7
round 95
bot 0 24 7
coin 30 6
coin 22 14
round 96
bot 0 23 7
round 97
bot 0 24 7
round 98
bot 0 23 7
round 99
bot 0 24 7
round 100
bot 0 23 7
coin 32 20
coin 22 0
round 101
bot 0 24 7
round 102
bot 0 23 7
round 103
bot 0 24 7
round 104
bot 0 23 7
round 105
bot 0 24 7
coin 26 7
coin 26 13
round 106
bot 0 23 7
round 107
bot 0 24 7
coin_collected 26 7 0
bot_coins 0 3
round 108
bot 0 23 7
round 109
bot 0 24 7
round 110
bot 0 23 7
coin 6 0
coin 46 20
round 111
bot 0 24 7
round 112
bot 0 23 7
round 113
bot 0 24 7
round 114
bot 0 23 7
round 115
bot 0 24 7
coin 52 2
coin 0 18
round 116
bot 0 23 7
round 117
bot 0 24 7
round 118
bot 0 23 7
round 119
bot 0 24 7
round 120
bot 0 23 7
coin 44 10
coin 5 10
round 121
bot 0 24 7
round 122
bot 0 23 7
round 123
bot 0 24 7
round 124
bot 0 23 7
round 125
bot 0 24 7
coin 47 15
coin 5 5
round 126
bot 0 23 7
round 127
bot 0 24 7
round 128
bot 0 23 7
round 129
bot 0 24 7
round 130
bot 0 23 7
coin 49 1
coin 3 20
round 131
bot 0 24 7
round 132
bot 0 23 7
round 133
bot 0 24 7
round 134
bot 0 23 7
round 135
bot 0 24 7
coin 20 8
coin 34 14
round 136
bot 0 23 7
round 137
bot 0 24 7
round 138
bot 0 23 7
round 139
bot 0 24 7
round 140
bot 0 23 7
coin 47 7
coin 4 13
round 141
bot 0 24 7
round 142
bot 0 23 7
round 143
bot 0 24 7
round 144
bot 0 23 7
round 145
bot 0 24 7
coin 32 3
coin 22 17
round 146
bot 0 23 7
round 147
bot 0 24 7
round 148
bot 0 23 7
round 149
bot 0 24 7
round 150
bot 0 23 7
coin 39 7
coin 13 13
round 151
bot 0 24 7
round 152
bot 0 23 7
round 153
bot 0 24 7
round 154
bot 0 23 7
round 155
bot 0 24 7
coin 52 16
coin 0 4
round 156
bot 0 23 7
round 157
bot 0 24 7
round 158
bot 0 23 7
round 159
bot 0 24 7
round 160
bot 0 23 7
coin 2 4
coin 50 16
round 161
bot 0 24 7
round 162
bot 0 23 7
round 163
bot 0 24 7
round 164
bot 0 23 7
round 165
bot 0 24 7
coin 7 4
coin 47 16
round 166
bot 0 23 7
round 167
bot 0 24 7
round 168
bot 0 23 7
round 169
bot 0 24 7
round 170
bot 0 23 7
coin 15 12
coin 37 8
round 171
bot 0 24 7
round 172
bot 0 23 7
round 173
bot 0 24 7
round 174
bot 0 23 7
round 175
bot 0 24 7
coin 28 8
coin 24 12
round 176
bot 0 23 7
round 177
bot 0 24 7
round 178
bot 0 23 7
round 179
bot 0 24 7
round 180
bot 0 23 7
coin 29 7
coin 23 13
round 181
bot 0 24 7
round 182
bot 0 23 7
round 183
bot 0 24 7
round 184
bot 0 23 7
round 185
bot 0 24 7
coin 0 5
coin 52 15
round 186
bot 0 23 7
round 187
bot 0 24 7
round 188
bot 0 23 7
round 189
bot 0 24 7
round 190
bot 0 23 7
coin 49 7
coin 3 13
round 191
bot 0 24 7
round 192
bot 0 23 7
round 193
bot 0 24 7
round 194
bot 0 23 7
round 195
bot 0 24 7
coin 15 19
coin 37 20
round 196
bot 0 23 7
round 197
bot 0 24 7
round 198
bot 0 23 7
round 199
bot 0 24 7
round 200
bot 0 23 7
coin 52 1
coin 0 19
match_over 0
