match
match_id 1639176035275_gr
match_time 1639176035277
num_bots 1
##MatchConfig
mode FRIENDLY
num_rounds 200
random_seed 42
move_time_limit 1000
coin_spawn_period 5
coin_spawn_volume 2
##MapConfig
map_size 48 38
view_radius 6
mining_radius 1
attack_radius 3
block 2 0
block 3 0
block 4 0
block 13 0
block 14 0
block 15 0
block 16 0
block 17 0
block 24 0
block 25 0
block 26 0
block 2 1
block 3 1
block 4 1
block 8 1
block 9 1
block 13 1
block 14 1
block 15 1
block 16 1
block 17 1
block 24 1
block 25 1
block 26 1
block 2 2
block 3 2
block 4 2
block 8 2
block 9 2
block 13 2
block 14 2
block 15 2
block 16 2
block 17 2
block 3 3
block 4 3
block 8 3
block 9 3
block 13 3
block 14 3
block 15 3
block 16 3
block 17 3
block 8 4
block 9 4
block 27 6
block 28 6
block 29 6
block 30 6
block 31 6
block 32 6
block 27 7
block 28 7
block 29 7
block 30 7
block 31 7
block 32 7
block 18 8
block 19 8
block 20 8
block 21 8
block 23 8
block 24 8
block 25 8
block 26 8
block 27 8
block 28 8
block 29 8
block 30 8
block 31 8
block 32 8
block 18 9
block 19 9
block 20 9
block 21 9
block 23 9
block 24 9
block 25 9
block 26 9
block 27 9
block 28 9
block 29 9
block 30 9
block 31 9
block 32 9
block 23 10
block 24 10
block 25 10
block 26 10
block 28 10
block 29 10
block 30 10
block 31 10
block 23 11
block 24 11
block 25 11
block 26 11
block 28 11
block 29 11
block 30 11
block 31 11
block 32 11
block 33 11
block 34 11
block 35 11
block 36 11
block 37 11
block 38 11
block 43 11
block 44 11
block 45 11
block 46 11
block 47 11
block 28 12
block 29 12
block 30 12
block 31 12
block 32 12
block 33 12
block 34 12
block 35 12
block 36 12
block 37 12
block 38 12
block 43 12
block 44 12
block 45 12
block 46 12
block 47 12
block 14 13
block 15 13
block 16 13
block 17 13
block 18 13
block 28 13
block 29 13
block 30 13
block 31 13
block 32 13
block 33 13
block 34 13
block 35 13
block 36 13
block 37 13
block 38 13
block 43 13
block 44 13
block 45 13
block 46 13
block 47 13
block 14 14
block 15 14
block 16 14
block 17 14
block 18 14
block 32 14
block 33 14
block 34 14
block 35 14
block 36 14
block 37 14
block 38 14
block 43 14
block 44 14
block 45 14
block 46 14
block 47 14
block 14 15
block 15 15
block 16 15
block 17 15
block 18 15
block 32 15
block 33 15
block 34 15
block 35 15
block 36 15
block 37 15
block 38 15
block 43 15
block 44 15
block 45 15
block 46 15
block 47 15
block 43 16
block 44 16
block 45 16
block 46 16
block 47 16
block 35 17
block 36 17
block 37 17
block 38 17
block 35 18
block 36 18
block 37 18
block 38 18
block 35 19
block 36 19
block 37 19
block 38 19
block 8 23
block 9 23
block 10 23
block 11 23
block 21 23
block 22 23
block 23 23
block 1 24
block 2 24
block 3 24
block 4 24
block 5 24
block 8 24
block 9 24
block 10 24
block 11 24
block 21 24
block 22 24
block 23 24
block 39 24
block 40 24
block 41 24
block 42 24
block 43 24
block 45 24
block 46 24
block 1 25
block 2 25
block 3 25
block 4 25
block 5 25
block 8 25
block 9 25
block 10 25
block 11 25
block 21 25
block 22 25
block 23 25
block 39 25
block 40 25
block 41 25
block 42 25
block 43 25
block 45 25
block 46 25
block 8 26
block 9 26
block 10 26
block 11 26
block 14 26
block 15 26
block 16 26
block 17 26
block 21 26
block 22 26
block 23 26
block 39 26
block 40 26
block 41 26
block 42 26
block 43 26
block 45 26
block 46 26
block 14 27
block 15 27
block 16 27
block 17 27
block 21 27
block 22 27
block 23 27
block 39 27
block 40 27
block 41 27
block 42 27
block 43 27
block 14 28
block 15 28
block 16 28
block 17 28
block 21 28
block 22 28
block 23 28
block 41 28
block 42 28
block 43 28
block 41 29
block 42 29
block 43 29
block 36 32
block 37 32
block 38 32
block 39 32
block 40 32
block 41 32
block 36 33
block 37 33
block 38 33
block 39 33
block 40 33
block 41 33
block 36 34
block 37 34
block 38 34
block 39 34
block 40 34
block 41 34
block 2 35
block 3 35
block 4 35
block 13 35
block 14 35
block 15 35
block 16 35
block 17 35
block 24 35
block 25 35
block 26 35
block 2 36
block 3 36
block 4 36
block 13 36
block 14 36
block 15 36
block 16 36
block 17 36
block 24 36
block 25 36
block 26 36
block 2 37
block 3 37
block 4 37
block 13 37
block 14 37
block 15 37
block 16 37
block 17 37
block 24 37
block 25 37
block 26 37
##BotsAndCoinsInfo
bot_name 0 starter-bot
bot 0 6 34
bot_coins 0 0
coin 27 10
coin 20 27
round 1
bot 0 6 35
round 2
bot 0 6 36
round 3
bot 0 6 37
round 4
bot 0 6 0
round 5
bot 0 5 37
coin 0 6
coin 47 31
round 6
bot 0 5 36
round 7
bot 0 5 35
round 8
bot 0 5 34
round 9
bot 0 5 33
round 10
bot 0 5 32
coin 18 16
coin 29 21
round 11
bot 0 5 31
round 12
bot 0 5 30
round 13
bot 0 5 29
round 14
bot 0 5 28
round 15
bot 0 5 27
coin 18 28
coin 27 11
round 16
bot 0 5 26
round 17
round 18
round 19
round 20
coin 31 17
coin 16 20
round 21
round 22
round 23
round 24
round 25
coin 13 14
coin 34 23
round 26
round 27
round 28
round 29
round 30
coin 12 34
coin 35 3
round 31
round 32
round 33
round 34
round 35
coin 44 36
coin 5 1
round 36
round 37
round 38
round 39
round 40
coin 23 36
coin 24 2
round 41
round 42
round 43
round 44
round 45
coin 7 37
coin 40 0
round 46
round 47
round 48
round 49
round 50
coin 8 13
coin 39 23
round 51
round 52
round 53
round 54
round 55
coin 26 7
coin 21 30
round 56
round 57
round 58
round 59
round 60
coin 11 13
coin 36 24
round 61
round 62
round 63
round 64
round 65
coin 46 6
coin 1 31
round 66
round 67
round 68
round 69
round 70
coin 43 22
coin 4 15
round 71
round 72
round 73
round 74
round 75
coin 10 4
coin 35 33
round 76
round 77
round 78
round 79
round 80
coin 14 33
coin 33 4
round 81
round 82
round 83
round 84
round 85
coin 41 37
coin 6 0
round 86
round 87
round 88
round 89
round 90
coin 12 17
coin 35 20
round 91
round 92
round 93
round 94
round 95
coin 25 6
coin 22 31
round 96
round 97
round 98
round 99
round 100
coin 11 31
coin 36 6
round 101
round 102
round 103
round 104
round 105
coin 47 10
coin 0 27
round 106
round 107
round 108
round 109
round 110
coin 22 10
coin 25 27
round 111
round 112
round 113
round 114
round 115
coin 7 23
coin 40 14
round 116
round 117
round 118
round 119
round 120
coin 12 35
coin 35 2
round 121
round 122
round 123
round 124
round 125
coin 26 6
coin 21 31
round 126
round 127
round 128
round 129
round 130
coin 39 12
coin 7 25
round 131
round 132
round 133
round 134
round 135
coin 8 5
coin 39 31
round 136
match_over 0
round 137
