match
match_id 1639414165433_du
match_time 1639414165438
num_bots 1
##MatchConfig
mode FRIENDLY
num_rounds 200
random_seed 42
move_time_limit 1000
coin_spawn_period 5
coin_spawn_volume 2
##MapConfig
map_size 67 37
view_radius 6
mining_radius 1
attack_radius 4
block 63 0
block 64 0
block 65 0
block 66 0
block 41 2
block 42 2
block 43 2
block 44 2
block 41 3
block 42 3
block 43 3
block 44 3
block 41 4
block 42 4
block 43 4
block 44 4
block 24 11
block 25 11
block 45 11
block 46 11
block 47 11
block 24 12
block 25 12
block 45 12
block 46 12
block 47 12
block 45 13
block 46 13
block 47 13
block 48 23
block 49 23
block 50 23
block 51 23
block 52 23
block 48 24
block 49 24
block 50 24
block 51 24
block 52 24
block 0 25
block 1 25
block 2 25
block 3 25
block 10 25
block 11 25
block 12 25
block 13 25
block 48 25
block 49 25
block 50 25
block 51 25
block 52 25
block 0 26
block 1 26
block 2 26
block 3 26
block 10 26
block 11 26
block 12 26
block 13 26
block 48 26
block 49 26
block 50 26
block 51 26
block 52 26
block 0 27
block 1 27
block 2 27
block 3 27
block 10 27
block 11 27
block 12 27
block 13 27
block 48 27
block 49 27
block 50 27
block 51 27
block 52 27
block 0 28
block 1 28
block 2 28
block 3 28
block 10 28
block 11 28
block 12 28
block 13 28
block 10 29
block 11 29
block 12 29
block 13 29
block 14 29
block 15 29
block 16 29
block 10 30
block 11 30
block 12 30
block 13 30
block 14 30
block 15 30
block 16 30
block 12 31
block 13 31
block 14 31
block 15 31
block 16 31
block 12 32
block 13 32
block 14 32
block 15 32
block 16 32
block 12 33
block 13 33
block 14 33
block 15 33
block 16 33
block 7 34
block 8 34
block 9 34
block 10 34
block 11 34
block 12 34
block 13 34
block 14 34
block 15 34
block 16 34
block 63 34
block 64 34
block 65 34
block 66 34
block 7 35
block 8 35
block 9 35
block 10 35
block 11 35
block 12 35
block 13 35
block 14 35
block 15 35
block 16 35
block 63 35
block 64 35
block 65 35
block 66 35
block 63 36
block 64 36
block 65 36
block 66 36
##BotsAndCoinsInfo
bot_name 0 martyn
bot 0 25 16
bot_coins 0 0
coin 41 14
coin 25 22
round 1
round 2
round 3
match_over 0
round 4
