match
match_id 1639400103369_aq
match_time 1639400103375
num_bots 1
##MatchConfig
mode FRIENDLY
num_rounds 200
random_seed 42
move_time_limit 1000
coin_spawn_period 5
coin_spawn_volume 2
##MapConfig
map_size 58 35
view_radius 6
mining_radius 2
attack_radius 3
block 34 0
block 35 0
block 36 0
block 40 4
block 41 4
block 42 4
block 43 4
block 40 5
block 41 5
block 42 5
block 43 5
block 41 6
block 42 6
block 43 6
block 44 6
block 45 6
block 46 6
block 47 6
block 41 7
block 42 7
block 43 7
block 44 7
block 45 7
block 46 7
block 47 7
block 34 9
block 35 9
block 36 9
block 37 9
block 44 9
block 45 9
block 46 9
block 47 9
block 48 9
block 49 9
block 34 10
block 35 10
block 36 10
block 37 10
block 44 10
block 45 10
block 46 10
block 47 10
block 48 10
block 49 10
block 34 11
block 35 11
block 36 11
block 37 11
block 44 11
block 45 11
block 46 11
block 47 11
block 48 11
block 49 11
block 9 12
block 10 12
block 11 12
block 12 12
block 13 12
block 34 12
block 35 12
block 36 12
block 37 12
block 44 12
block 45 12
block 46 12
block 47 12
block 48 12
block 49 12
block 9 13
block 10 13
block 11 13
block 12 13
block 13 13
block 34 13
block 35 13
block 36 13
block 37 13
block 44 13
block 45 13
block 46 13
block 47 13
block 48 13
block 49 13
block 9 14
block 10 14
block 11 14
block 12 14
block 13 14
block 34 14
block 35 14
block 36 14
block 37 14
block 9 15
block 10 15
block 11 15
block 12 15
block 13 15
block 9 16
block 10 16
block 11 16
block 12 16
block 13 16
block 0 17
block 1 17
block 2 17
block 3 17
block 9 17
block 10 17
block 11 17
block 12 17
block 13 17
block 57 17
block 0 18
block 1 18
block 2 18
block 3 18
block 57 18
block 0 19
block 1 19
block 2 19
block 3 19
block 57 19
block 0 20
block 1 20
block 2 20
block 3 20
block 57 20
block 0 21
block 1 21
block 2 21
block 3 21
block 57 21
block 33 24
block 34 24
block 35 24
block 36 24
block 37 24
block 38 24
block 33 25
block 34 25
block 35 25
block 36 25
block 37 25
block 38 25
block 11 26
block 12 26
block 13 26
block 14 26
block 33 26
block 34 26
block 35 26
block 36 26
block 37 26
block 38 26
block 7 27
block 8 27
block 9 27
block 10 27
block 11 27
block 12 27
block 13 27
block 14 27
block 7 28
block 8 28
block 9 28
block 10 28
block 11 28
block 12 28
block 16 30
block 17 30
block 18 30
block 19 30
block 20 30
block 21 30
block 22 30
block 16 31
block 17 31
block 18 31
block 19 31
block 20 31
block 21 31
block 22 31
block 16 32
block 17 32
block 18 32
block 19 32
block 20 32
block 21 32
block 22 32
block 16 33
block 17 33
block 18 33
block 19 33
block 20 33
block 21 33
block 22 33
block 34 33
block 35 33
block 36 33
block 34 34
block 35 34
block 36 34
##BotsAndCoinsInfo
bot_name 0 starter-bot
bot 0 19 1
bot_coins 0 0
coin 44 33
coin 13 1
round 1
round 2
round 3
round 4
round 5
coin 39 24
coin 18 10
round 6
round 7
round 8
round 9
round 10
coin 42 25
coin 15 9
round 11
round 12
round 13
round 14
round 15
coin 27 3
coin 30 31
round 16
round 17
round 18
round 19
round 20
coin 31 3
coin 26 31
round 21
round 22
round 23
round 24
round 25
coin 26 32
coin 31 2
round 26
round 27
round 28
round 29
round 30
coin 18 7
coin 39 27
round 31
round 32
round 33
round 34
round 35
coin 20 17
coin 37 17
round 36
round 37
round 38
round 39
round 40
coin 20 5
coin 37 29
round 41
round 42
round 43
round 44
round 45
coin 7 9
coin 50 25
round 46
round 47
round 48
round 49
round 50
coin 48 8
coin 9 26
round 51
round 52
round 53
round 54
round 55
coin 28 23
coin 29 11
round 56
round 57
round 58
round 59
round 60
coin 5 16
coin 52 18
round 61
round 62
round 63
round 64
round 65
coin 34 3
coin 23 31
round 66
round 67
round 68
round 69
round 70
coin 9 25
coin 49 8
round 71
round 72
round 73
round 74
round 75
coin 30 6
coin 27 28
round 76
round 77
round 78
round 79
round 80
coin 2 10
coin 55 24
round 81
round 82
round 83
round 84
round 85
coin 47 32
coin 10 2
round 86
round 87
round 88
round 89
round 90
coin 10 33
coin 47 1
round 91
round 92
round 93
round 94
round 95
coin 51 34
coin 6 0
round 96
round 97
round 98
round 99
round 100
coin 44 5
coin 13 29
round 101
round 102
round 103
round 104
round 105
coin 23 7
coin 34 27
round 106
round 107
round 108
round 109
round 110
coin 14 14
coin 43 20
round 111
round 112
round 113
round 114
round 115
coin 21 29
coin 36 5
round 116
round 117
round 118
round 119
round 120
coin 33 3
coin 24 31
round 121
round 122
round 123
round 124
round 125
coin 57 0
coin 0 34
round 126
round 127
round 128
round 129
round 130
coin 10 1
coin 47 33
round 131
round 132
round 133
round 134
round 135
coin 26 0
coin 31 34
round 136
round 137
round 138
round 139
round 140
coin 25 14
coin 32 20
round 141
round 142
round 143
round 144
round 145
coin 21 3
coin 36 31
round 146
round 147
round 148
round 149
round 150
coin 55 19
coin 2 15
round 151
round 152
round 153
round 154
round 155
coin 52 16
coin 5 18
round 156
round 157
round 158
round 159
round 160
coin 18 9
coin 39 25
round 161
round 162
round 163
round 164
round 165
coin 10 4
coin 47 30
round 166
round 167
round 168
round 169
round 170
coin 4 19
coin 53 15
round 171
round 172
round 173
round 174
round 175
coin 44 1
coin 13 33
round 176
round 177
round 178
round 179
round 180
coin 43 14
coin 14 20
round 181
round 182
round 183
round 184
round 185
coin 49 33
coin 8 1
round 186
round 187
round 188
round 189
round 190
coin 46 0
coin 11 34
round 191
round 192
round 193
round 194
round 195
coin 29 28
coin 28 6
round 196
round 197
round 198
round 199
round 200
coin 2 29
coin 55 5
match_over 0
