match
match_id 1639475338762_ae
match_time 1639475338764
num_bots 1
##MatchConfig
mode FRIENDLY
num_rounds 200
random_seed 42
move_time_limit 1000
coin_spawn_period 5
coin_spawn_volume 2
##MapConfig
map_size 51 28
view_radius 5
mining_radius 2
attack_radius 4
block 19 0
block 20 0
block 21 0
block 22 0
block 23 0
block 24 0
block 25 0
block 32 0
block 33 0
block 34 0
block 35 0
block 41 0
block 42 0
block 43 0
block 19 1
block 20 1
block 21 1
block 22 1
block 23 1
block 24 1
block 25 1
block 32 1
block 33 1
block 34 1
block 35 1
block 41 1
block 42 1
block 43 1
block 19 2
block 20 2
block 21 2
block 22 2
block 23 2
block 24 2
block 25 2
block 41 2
block 42 2
block 43 2
block 19 3
block 20 3
block 21 3
block 22 3
block 23 3
block 24 3
block 25 3
block 41 3
block 42 3
block 43 3
block 4 4
block 5 4
block 13 4
block 14 4
block 15 4
block 16 4
block 17 4
block 18 4
block 19 4
block 37 4
block 38 4
block 41 4
block 42 4
block 43 4
block 4 5
block 5 5
block 13 5
block 14 5
block 15 5
block 16 5
block 17 5
block 18 5
block 19 5
block 23 5
block 24 5
block 25 5
block 26 5
block 37 5
block 38 5
block 41 5
block 42 5
block 43 5
block 4 6
block 5 6
block 13 6
block 14 6
block 15 6
block 16 6
block 17 6
block 18 6
block 19 6
block 23 6
block 24 6
block 25 6
block 26 6
block 37 6
block 38 6
block 4 7
block 5 7
block 13 7
block 14 7
block 15 7
block 16 7
block 17 7
block 18 7
block 19 7
block 23 7
block 24 7
block 25 7
block 26 7
block 36 7
block 37 7
block 38 7
block 39 7
block 40 7
block 13 8
block 14 8
block 15 8
block 16 8
block 17 8
block 18 8
block 19 8
block 36 8
block 37 8
block 38 8
block 39 8
block 40 8
block 41 8
block 42 8
block 43 8
block 44 8
block 45 8
block 46 8
block 13 9
block 14 9
block 15 9
block 16 9
block 17 9
block 18 9
block 19 9
block 36 9
block 37 9
block 38 9
block 39 9
block 40 9
block 41 9
block 42 9
block 43 9
block 44 9
block 45 9
block 46 9
block 13 10
block 14 10
block 15 10
block 16 10
block 17 10
block 18 10
block 19 10
block 30 10
block 31 10
block 32 10
block 36 10
block 37 10
block 38 10
block 39 10
block 40 10
block 41 10
block 42 10
block 43 10
block 44 10
block 30 11
block 31 11
block 32 11
block 36 11
block 37 11
block 38 11
block 39 11
block 40 11
block 41 11
block 42 11
block 43 11
block 44 11
block 30 12
block 31 12
block 32 12
block 37 12
block 38 12
block 39 12
block 40 12
block 41 12
block 42 12
block 43 12
block 44 12
block 45 12
block 46 12
block 47 12
block 48 12
block 49 12
block 0 13
block 1 13
block 2 13
block 30 13
block 31 13
block 32 13
block 37 13
block 38 13
block 39 13
block 40 13
block 41 13
block 42 13
block 43 13
block 44 13
block 45 13
block 46 13
block 47 13
block 48 13
block 49 13
block 50 13
block 0 14
block 1 14
block 2 14
block 10 14
block 11 14
block 30 14
block 31 14
block 32 14
block 37 14
block 38 14
block 39 14
block 40 14
block 41 14
block 42 14
block 43 14
block 44 14
block 49 14
block 50 14
block 0 15
block 1 15
block 2 15
block 10 15
block 11 15
block 30 15
block 31 15
block 32 15
block 37 15
block 38 15
block 39 15
block 40 15
block 41 15
block 42 15
block 43 15
block 44 15
block 49 15
block 50 15
block 0 16
block 1 16
block 2 16
block 10 16
block 11 16
block 37 16
block 38 16
block 39 16
block 40 16
block 41 16
block 42 16
block 43 16
block 44 16
block 49 16
block 50 16
block 0 17
block 1 17
block 2 17
block 10 17
block 11 17
block 12 17
block 13 17
block 14 17
block 42 17
block 43 17
block 44 17
block 49 17
block 50 17
block 0 18
block 1 18
block 2 18
block 12 18
block 13 18
block 14 18
block 42 18
block 43 18
block 44 18
block 49 18
block 50 18
block 0 19
block 1 19
block 2 19
block 12 19
block 13 19
block 14 19
block 49 19
block 50 19
block 0 20
block 1 20
block 12 20
block 13 20
block 14 20
block 38 20
block 39 20
block 40 20
block 46 20
block 47 20
block 48 20
block 49 20
block 50 20
block 0 21
block 1 21
block 10 21
block 11 21
block 12 21
block 13 21
block 14 21
block 38 21
block 39 21
block 40 21
block 46 21
block 47 21
block 48 21
block 49 21
block 50 21
block 10 22
block 11 22
block 12 22
block 13 22
block 14 22
block 38 22
block 39 22
block 40 22
block 48 22
block 49 22
block 50 22
block 12 23
block 13 23
block 14 23
block 38 23
block 39 23
block 40 23
block 48 23
block 49 23
block 50 23
block 4 24
block 5 24
block 6 24
block 7 24
block 38 24
block 39 24
block 40 24
block 48 24
block 49 24
block 50 24
block 4 25
block 5 25
block 6 25
block 7 25
block 38 25
block 39 25
block 40 25
block 4 26
block 5 26
block 6 26
block 7 26
block 19 26
block 20 26
block 21 26
block 22 26
block 23 26
block 24 26
block 25 26
block 38 26
block 39 26
block 40 26
block 4 27
block 5 27
block 6 27
block 7 27
block 19 27
block 20 27
block 21 27
block 22 27
block 23 27
block 24 27
block 25 27
block 32 27
block 33 27
block 34 27
block 35 27
block 41 27
block 42 27
block 43 27
##BotsAndCoinsInfo
bot_name 0 starter-bot
bot 0 34 5
bot_coins 0 0
coin 26 19
coin 24 8
round 1
bot 0 34 6
round 2
bot 0 34 7
round 3
bot 0 34 8
round 4
bot 0 34 9
round 5
bot 0 34 10
coin 0 24
coin 50 3
round 6
bot 0 34 11
round 7
bot 0 34 12
round 8
bot 0 34 13
round 9
bot 0 34 14
round 10
bot 0 34 15
coin 9 25
coin 40 2
round 11
bot 0 34 16
round 12
bot 0 34 17
round 13
bot 0 34 18
round 14
bot 0 34 19
round 15
bot 0 34 20
coin 17 11
coin 33 16
round 16
round 17
round 18
round 19
round 20
coin 3 17
coin 47 10
round 21
round 22
