match
match_id 1639216528215_ne
match_time 1639216528220
num_bots 1
##MatchConfig
mode FRIENDLY
num_rounds 200
random_seed 42
move_time_limit 1000
coin_spawn_period 5
coin_spawn_volume 2
##MapConfig
map_size 50 36
view_radius 5
mining_radius 2
attack_radius 4
block 0 0
block 1 0
block 2 0
block 20 0
block 21 0
block 22 0
block 23 0
block 24 0
block 25 0
block 26 0
block 34 0
block 35 0
block 44 0
block 45 0
block 46 0
block 47 0
block 48 0
block 49 0
block 0 1
block 1 1
block 2 1
block 20 1
block 21 1
block 22 1
block 23 1
block 24 1
block 25 1
block 26 1
block 27 1
block 28 1
block 29 1
block 30 1
block 31 1
block 32 1
block 34 1
block 35 1
block 44 1
block 45 1
block 46 1
block 47 1
block 48 1
block 49 1
block 0 2
block 13 2
block 14 2
block 15 2
block 26 2
block 27 2
block 28 2
block 29 2
block 30 2
block 31 2
block 32 2
block 34 2
block 35 2
block 44 2
block 45 2
block 46 2
block 47 2
block 48 2
block 49 2
block 0 3
block 11 3
block 12 3
block 13 3
block 14 3
block 15 3
block 26 3
block 27 3
block 28 3
block 29 3
block 30 3
block 31 3
block 32 3
block 33 3
block 34 3
block 35 3
block 44 3
block 45 3
block 46 3
block 47 3
block 48 3
block 49 3
block 0 4
block 11 4
block 12 4
block 13 4
block 14 4
block 15 4
block 26 4
block 27 4
block 28 4
block 29 4
block 30 4
block 31 4
block 32 4
block 33 4
block 34 4
block 35 4
block 36 4
block 44 4
block 45 4
block 46 4
block 47 4
block 48 4
block 49 4
block 11 5
block 12 5
block 13 5
block 14 5
block 15 5
block 25 5
block 26 5
block 27 5
block 28 5
block 29 5
block 30 5
block 31 5
block 32 5
block 33 5
block 34 5
block 35 5
block 36 5
block 11 6
block 12 6
block 13 6
block 14 6
block 15 6
block 25 6
block 26 6
block 27 6
block 28 6
block 29 6
block 30 6
block 31 6
block 32 6
block 33 6
block 34 6
block 35 6
block 36 6
block 11 7
block 12 7
block 13 7
block 14 7
block 15 7
block 25 7
block 26 7
block 27 7
block 28 7
block 32 7
block 33 7
block 34 7
block 35 7
block 36 7
block 11 8
block 12 8
block 13 8
block 14 8
block 15 8
block 25 8
block 26 8
block 27 8
block 28 8
block 31 8
block 32 8
block 33 8
block 34 8
block 35 8
block 36 8
block 11 9
block 12 9
block 13 9
block 14 9
block 15 9
block 31 9
block 32 9
block 33 9
block 34 9
block 35 9
block 36 9
block 32 10
block 33 10
block 34 10
block 35 10
block 36 10
block 23 13
block 24 13
block 25 13
block 26 13
block 27 13
block 28 13
block 34 13
block 35 13
block 36 13
block 37 13
block 38 13
block 23 14
block 24 14
block 25 14
block 26 14
block 27 14
block 28 14
block 34 14
block 35 14
block 36 14
block 37 14
block 38 14
block 46 14
block 47 14
block 23 15
block 24 15
block 25 15
block 26 15
block 27 15
block 28 15
block 46 15
block 47 15
block 23 16
block 24 16
block 25 16
block 26 16
block 27 16
block 28 16
block 31 16
block 32 16
block 33 16
block 34 16
block 35 16
block 46 16
block 47 16
block 23 17
block 24 17
block 25 17
block 26 17
block 27 17
block 28 17
block 31 17
block 32 17
block 33 17
block 34 17
block 35 17
block 46 17
block 47 17
block 23 18
block 24 18
block 25 18
block 26 18
block 27 18
block 28 18
block 31 18
block 32 18
block 33 18
block 34 18
block 35 18
block 0 20
block 1 20
block 2 20
block 7 20
block 8 20
block 9 20
block 10 20
block 47 20
block 48 20
block 49 20
block 0 21
block 1 21
block 2 21
block 7 21
block 8 21
block 9 21
block 10 21
block 47 21
block 48 21
block 49 21
block 0 22
block 1 22
block 2 22
block 7 22
block 8 22
block 9 22
block 10 22
block 11 22
block 12 22
block 13 22
block 47 22
block 48 22
block 49 22
block 0 23
block 1 23
block 2 23
block 7 23
block 8 23
block 9 23
block 10 23
block 11 23
block 12 23
block 13 23
block 47 23
block 48 23
block 49 23
block 0 24
block 1 24
block 2 24
block 7 24
block 8 24
block 9 24
block 10 24
block 11 24
block 12 24
block 13 24
block 34 24
block 35 24
block 36 24
block 37 24
block 47 24
block 48 24
block 49 24
block 7 25
block 8 25
block 9 25
block 10 25
block 11 25
block 12 25
block 13 25
block 28 25
block 29 25
block 34 25
block 35 25
block 36 25
block 37 25
block 0 26
block 1 26
block 10 26
block 11 26
block 12 26
block 13 26
block 28 26
block 29 26
block 34 26
block 35 26
block 36 26
block 37 26
block 45 26
block 46 26
block 47 26
block 48 26
block 0 27
block 1 27
block 10 27
block 11 27
block 12 27
block 13 27
block 28 27
block 29 27
block 36 27
block 37 27
block 45 27
block 46 27
block 47 27
block 48 27
block 0 28
block 1 28
block 9 28
block 10 28
block 11 28
block 12 28
block 13 28
block 14 28
block 28 28
block 29 28
block 36 28
block 37 28
block 45 28
block 46 28
block 47 28
block 48 28
block 0 29
block 1 29
block 9 29
block 10 29
block 11 29
block 12 29
block 13 29
block 14 29
block 19 29
block 20 29
block 21 29
block 22 29
block 23 29
block 24 29
block 28 29
block 29 29
block 36 29
block 37 29
block 9 30
block 10 30
block 11 30
block 12 30
block 13 30
block 14 30
block 19 30
block 20 30
block 21 30
block 22 30
block 23 30
block 24 30
block 28 30
block 29 30
block 19 31
block 20 31
block 21 31
block 22 31
block 23 31
block 24 31
block 28 31
block 29 31
block 39 31
block 40 31
block 41 31
block 42 31
block 43 31
block 44 31
block 45 31
block 19 32
block 20 32
block 21 32
block 22 32
block 23 32
block 24 32
block 39 32
block 40 32
block 41 32
block 42 32
block 43 32
block 44 32
block 45 32
block 19 33
block 20 33
block 21 33
block 22 33
block 23 33
block 24 33
block 0 34
block 1 34
block 2 34
block 19 34
block 20 34
block 21 34
block 22 34
block 23 34
block 24 34
block 46 34
block 47 34
block 48 34
block 49 34
block 0 35
block 1 35
block 2 35
block 46 35
block 47 35
block 48 35
block 49 35
##BotsAndCoinsInfo
bot_name 0 starter-bot
bot 0 46 12
bot_coins 0 0
coin 30 0
coin 19 35
round 1
bot 0 46 13
round 2
round 3
round 4
round 5
coin 48 8
coin 2 27
round 6
round 7
round 8
round 9
round 10
coin 20 25
coin 29 10
round 11
round 12
round 13
round 14
round 15
coin 5 2
coin 44 33
round 16
round 17
round 18
round 19
round 20
coin 18 29
coin 31 7
round 21
round 22
round 23
round 24
round 25
coin 32 26
coin 17 9
round 26
round 27
round 28
round 29
round 30
coin 27 0
coin 22 35
round 31
round 32
round 33
round 34
round 35
coin 26 32
coin 23 3
round 36
round 37
round 38
round 39
round 40
coin 6 6
coin 43 29
round 41
round 42
round 43
round 44
round 45
coin 43 17
coin 6 18
round 46
round 47
round 48
round 49
round 50
coin 0 31
coin 49 5
round 51
round 52
round 53
round 54
round 55
coin 26 33
coin 23 2
round 56
round 57
round 58
round 59
round 60
coin 43 9
coin 6 26
round 61
round 62
round 63
round 64
round 65
coin 30 22
coin 19 13
round 66
round 67
round 68
round 69
round 70
coin 37 30
coin 10 5
round 71
round 72
round 73
round 74
round 75
coin 30 12
coin 19 23
round 76
round 77
round 78
round 79
round 80
coin 30 7
coin 19 28
round 81
round 82
round 83
round 84
round 85
coin 17 23
coin 32 12
round 86
round 87
round 88
round 89
round 90
coin 14 25
coin 35 11
round 91
round 92
round 93
round 94
round 95
coin 13 12
coin 36 23
round 96
round 97
round 98
round 99
round 100
coin 29 13
coin 20 22
round 101
match_over 0
round 102
