match
match_id 1639167508141_as
match_time 1639167508147
num_bots 1
##MatchConfig
mode FRIENDLY
num_rounds 200
random_seed 42
move_time_limit 1000
coin_spawn_period 5
coin_spawn_volume 2
##MapConfig
map_size 76 32
view_radius 5
mining_radius 1
attack_radius 4
block 1 0
block 2 0
block 3 0
block 23 0
block 24 0
block 25 0
block 26 0
block 27 0
block 28 0
block 1 1
block 2 1
block 3 1
block 23 1
block 24 1
block 25 1
block 26 1
block 27 1
block 28 1
block 1 2
block 2 2
block 3 2
block 23 2
block 24 2
block 25 2
block 26 2
block 27 2
block 28 2
block 1 3
block 2 3
block 3 3
block 12 3
block 13 3
block 14 3
block 15 3
block 16 3
block 17 3
block 23 3
block 24 3
block 25 3
block 26 3
block 27 3
block 28 3
block 1 4
block 2 4
block 3 4
block 12 4
block 13 4
block 14 4
block 15 4
block 16 4
block 17 4
block 18 4
block 19 4
block 20 4
block 21 4
block 23 4
block 24 4
block 25 4
block 26 4
block 27 4
block 28 4
block 17 5
block 18 5
block 19 5
block 20 5
block 21 5
block 46 6
block 47 6
block 48 6
block 49 6
block 50 6
block 51 6
block 52 6
block 46 7
block 47 7
block 48 7
block 49 7
block 50 7
block 51 7
block 52 7
block 67 7
block 68 7
block 69 7
block 46 8
block 47 8
block 48 8
block 49 8
block 50 8
block 51 8
block 52 8
block 67 8
block 68 8
block 69 8
block 74 8
block 75 8
block 46 9
block 47 9
block 48 9
block 49 9
block 50 9
block 51 9
block 52 9
block 67 9
block 68 9
block 69 9
block 74 9
block 75 9
block 35 10
block 36 10
block 37 10
block 38 10
block 39 10
block 46 10
block 47 10
block 48 10
block 49 10
block 50 10
block 51 10
block 52 10
block 67 10
block 68 10
block 69 10
block 74 10
block 75 10
block 35 11
block 36 11
block 37 11
block 38 11
block 39 11
block 51 11
block 52 11
block 74 11
block 75 11
block 24 12
block 25 12
block 26 12
block 35 12
block 36 12
block 37 12
block 38 12
block 39 12
block 51 12
block 52 12
block 74 12
block 75 12
block 22 13
block 23 13
block 24 13
block 25 13
block 26 13
block 27 13
block 35 13
block 36 13
block 37 13
block 38 13
block 39 13
block 51 13
block 52 13
block 74 13
block 75 13
block 22 14
block 23 14
block 24 14
block 25 14
block 26 14
block 27 14
block 51 14
block 52 14
block 22 15
block 23 15
block 24 15
block 25 15
block 26 15
block 27 15
block 53 16
block 54 16
block 55 16
block 56 16
block 57 16
block 53 17
block 54 17
block 55 17
block 56 17
block 57 17
block 53 18
block 54 18
block 55 18
block 56 18
block 57 18
block 58 18
block 59 18
block 60 18
block 61 18
block 56 19
block 57 19
block 58 19
block 59 19
block 60 19
block 61 19
block 42 20
block 43 20
block 44 20
block 45 20
block 46 20
block 47 20
block 48 20
block 56 20
block 57 20
block 58 20
block 59 20
block 60 20
block 61 20
block 42 21
block 43 21
block 44 21
block 45 21
block 46 21
block 47 21
block 48 21
block 56 21
block 57 21
block 58 21
block 59 21
block 60 21
block 61 21
block 0 22
block 1 22
block 42 22
block 43 22
block 44 22
block 45 22
block 46 22
block 47 22
block 48 22
block 56 22
block 57 22
block 58 22
block 59 22
block 60 22
block 61 22
block 75 22
block 0 23
block 1 23
block 42 23
block 43 23
block 44 23
block 45 23
block 46 23
block 47 23
block 48 23
block 75 23
block 0 24
block 1 24
block 42 24
block 43 24
block 44 24
block 45 24
block 46 24
block 47 24
block 48 24
block 75 24
block 0 25
block 1 25
block 42 25
block 43 25
block 44 25
block 45 25
block 46 25
block 47 25
block 48 25
block 75 25
block 0 26
block 1 26
block 75 26
block 0 27
block 1 27
block 23 27
block 24 27
block 75 27
block 0 28
block 1 28
block 23 28
block 24 28
block 75 28
block 58 29
block 59 29
block 23 30
block 24 30
block 25 30
block 26 30
block 27 30
block 28 30
block 58 30
block 59 30
block 23 31
block 24 31
block 25 31
block 26 31
block 27 31
block 28 31
##BotsAndCoinsInfo
bot_name 0 starter-bot
bot 0 41 0
bot_coins 0 0
coin 29 1
coin 46 30
round 1
round 2
round 3
match_over 0
round 4
