match
match_id 1639214362730_lg
match_time 1639214362732
num_bots 1
##MatchConfig
mode FRIENDLY
num_rounds 200
random_seed 42
move_time_limit 1000
coin_spawn_period 5
coin_spawn_volume 2
##MapConfig
map_size 52 31
view_radius 6
mining_radius 2
attack_radius 4
block 48 0
block 49 0
block 50 0
block 48 1
block 49 1
block 50 1
block 0 2
block 1 2
block 2 2
block 3 2
block 0 3
block 1 3
block 2 3
block 3 3
block 27 3
block 28 3
block 29 3
block 30 3
block 0 4
block 1 4
block 2 4
block 3 4
block 18 4
block 19 4
block 20 4
block 21 4
block 22 4
block 23 4
block 24 4
block 27 4
block 28 4
block 29 4
block 30 4
block 0 5
block 1 5
block 2 5
block 3 5
block 18 5
block 19 5
block 20 5
block 21 5
block 22 5
block 23 5
block 24 5
block 27 5
block 28 5
block 29 5
block 30 5
block 0 6
block 1 6
block 2 6
block 3 6
block 18 6
block 19 6
block 20 6
block 21 6
block 22 6
block 23 6
block 24 6
block 0 7
block 1 7
block 2 7
block 3 7
block 18 7
block 19 7
block 20 7
block 21 7
block 22 7
block 23 7
block 24 7
block 18 8
block 19 8
block 20 8
block 21 8
block 22 8
block 23 8
block 24 8
block 25 8
block 26 8
block 27 8
block 28 8
block 18 9
block 19 9
block 20 9
block 21 9
block 22 9
block 23 9
block 24 9
block 25 9
block 26 9
block 27 9
block 28 9
block 18 10
block 19 10
block 20 10
block 21 10
block 22 10
block 23 10
block 24 10
block 12 13
block 13 13
block 14 13
block 15 13
block 16 13
block 2 14
block 3 14
block 4 14
block 5 14
block 12 14
block 13 14
block 14 14
block 15 14
block 16 14
block 2 15
block 3 15
block 4 15
block 5 15
block 6 15
block 7 15
block 8 15
block 9 15
block 12 15
block 13 15
block 14 15
block 15 15
block 16 15
block 2 16
block 3 16
block 4 16
block 5 16
block 6 16
block 7 16
block 8 16
block 9 16
block 12 16
block 13 16
block 14 16
block 15 16
block 16 16
block 5 17
block 6 17
block 7 17
block 8 17
block 9 17
block 12 17
block 13 17
block 14 17
block 15 17
block 16 17
block 36 17
block 37 17
block 38 17
block 39 17
block 5 18
block 6 18
block 7 18
block 8 18
block 9 18
block 12 18
block 13 18
block 14 18
block 15 18
block 16 18
block 18 18
block 19 18
block 36 18
block 37 18
block 38 18
block 39 18
block 5 19
block 6 19
block 7 19
block 8 19
block 9 19
block 12 19
block 13 19
block 14 19
block 15 19
block 16 19
block 18 19
block 19 19
block 5 20
block 6 20
block 7 20
block 8 20
block 9 20
block 11 20
block 12 20
block 13 20
block 32 20
block 33 20
block 34 20
block 35 20
block 36 20
block 5 21
block 6 21
block 7 21
block 8 21
block 9 21
block 11 21
block 12 21
block 13 21
block 32 21
block 33 21
block 34 21
block 35 21
block 36 21
block 11 22
block 12 22
block 13 22
block 32 22
block 33 22
block 34 22
block 35 22
block 36 22
block 37 22
block 11 23
block 12 23
block 13 23
block 32 23
block 33 23
block 34 23
block 35 23
block 36 23
block 37 23
block 18 24
block 19 24
block 32 24
block 33 24
block 34 24
block 35 24
block 36 24
block 37 24
block 18 25
block 19 25
block 32 25
block 33 25
block 34 25
block 35 25
block 36 25
block 37 25
block 41 25
block 42 25
block 43 25
block 44 25
block 45 25
block 18 26
block 19 26
block 32 26
block 33 26
block 34 26
block 35 26
block 36 26
block 37 26
block 41 26
block 42 26
block 43 26
block 44 26
block 45 26
block 18 27
block 19 27
block 36 27
block 37 27
block 41 27
block 42 27
block 43 27
block 44 27
block 45 27
block 18 28
block 19 28
block 41 28
block 42 28
block 43 28
block 44 28
block 45 28
block 18 29
block 19 29
block 41 29
block 42 29
block 43 29
block 44 29
block 45 29
block 48 30
block 49 30
block 50 30
##BotsAndCoinsInfo
bot_name 0 starter-bot
bot 0 28 15
bot_coins 0 0
coin 26 10
coin 25 20
round 1
bot 0 28 16
round 2
bot 0 28 17
round 3
bot 0 28 18
round 4
bot 0 28 19
round 5
bot 0 28 20
coin 48 23
coin 3 8
round 6
bot 0 28 21
round 7
bot 0 28 22
round 8
bot 0 28 23
round 9
bot 0 28 24
round 10
bot 0 28 25
coin 26 28
coin 25 2
round 11
bot 0 28 26
round 12
bot 0 28 27
round 13
bot 0 28 28
coin_collected 26 28 0
bot_coins 0 1
round 14
bot 0 28 29
round 15
bot 0 28 30
coin 13 1
coin 38 29
round 16
bot 0 28 29
round 17
bot 0 28 28
round 18
bot 0 28 27
round 19
bot 0 28 26
round 20
bot 0 28 25
coin 4 3
coin 47 27
round 21
bot 0 28 24
round 22
bot 0 28 23
round 23
bot 0 28 22
round 24
bot 0 28 21
round 25
bot 0 28 20
coin 26 0
coin 25 30
round 26
bot 0 28 19
round 27
bot 0 28 18
round 28
bot 0 28 17
round 29
bot 0 28 16
round 30
bot 0 28 15
coin 8 27
coin 43 3
round 31
bot 0 28 14
round 32
bot 0 28 13
round 33
bot 0 28 12
round 34
bot 0 28 11
round 35
bot 0 28 10
coin_collected 26 10 0
bot_coins 0 2
coin 20 19
coin 31 11
round 36
bot 0 29 9
round 37
round 38
round 39
round 40
coin 48 21
coin 3 9
round 41
round 42
round 43
round 44
round 45
coin 11 19
coin 40 11
round 46
round 47
round 48
round 49
round 50
coin 40 8
coin 10 22
round 51
round 52
round 53
round 54
round 55
coin 26 18
coin 25 12
round 56
round 57
round 58
round 59
round 60
bot 0 29 8
coin 51 18
coin 0 12
round 61
bot 0 29 7
round 62
bot 0 29 6
round 63
round 64
round 65
coin 38 19
coin 13 11
round 66
round 67
round 68
round 69
round 70
coin 19 21
coin 32 9
round 71
round 72
round 73
round 74
round 75
coin 38 26
coin 13 4
round 76
round 77
round 78
round 79
round 80
coin 18 17
coin 33 13
round 81
round 82
round 83
round 84
round 85
coin 31 22
coin 20 11
round 86
round 87
round 88
round 89
round 90
coin 32 19
coin 19 11
round 91
round 92
round 93
round 94
round 95
coin 41 24
coin 10 6
round 96
round 97
round 98
round 99
round 100
coin 31 19
coin 21 11
round 101
round 102
round 103
round 104
round 105
coin 47 6
coin 4 24
round 106
round 107
round 108
round 109
round 110
coin 15 12
coin 35 18
round 111
round 112
round 113
round 114
round 115
coin 3 29
coin 48 2
round 116
round 117
round 118
round 119
round 120
coin 51 4
coin 0 26
round 121
round 122
round 123
round 124
round 125
coin 9 30
coin 42 0
round 126
round 127
round 128
round 129
round 130
coin 42 1
coin 9 29
round 131
round 132
round 133
round 134
round 135
coin 41 11
coin 10 19
round 136
round 137
round 138
round 139
round 140
coin 25 22
coin 26 7
round 141
round 142
round 143
round 144
round 145
coin 49 14
coin 2 17
round 146
round 147
round 148
round 149
round 150
coin 45 22
coin 6 8
round 151
round 152
round 153
round 154
round 155
coin 31 21
coin 22 11
round 156
round 157
round 158
round 159
round 160
coin 50 27
coin 1 1
round 161
round 162
round 163
round 164
round 165
coin 46 7
coin 5 23
round 166
round 167
round 168
round 169
round 170
coin 35 4
coin 16 26
round 171
round 172
round 173
round 174
round 175
coin 4 17
coin 47 13
round 176
round 177
round 178
round 179
round 180
coin 13 2
coin 38 28
round 181
round 182
round 183
round 184
round 185
coin 13 30
coin 38 0
round 186
round 187
round 188
round 189
round 190
coin 42 13
coin 10 17
round 191
round 192
round 193
round 194
round 195
coin 29 20
coin 23 11
round 196
round 197
round 198
round 199
round 200
coin 40 22
coin 11 8
match_over 0
