match
match_id 1639178377721_ie
match_time 1639178377725
num_bots 1
##MatchConfig
mode FRIENDLY
num_rounds 200
random_seed 42
move_time_limit 1000
coin_spawn_period 5
coin_spawn_volume 2
##MapConfig
map_size 60 39
view_radius 5
mining_radius 1
attack_radius 3
block 4 0
block 5 0
block 6 0
block 50 0
block 51 0
block 52 0
block 53 0
block 54 0
block 55 0
block 4 1
block 5 1
block 6 1
block 36 1
block 37 1
block 38 1
block 50 1
block 51 1
block 52 1
block 53 1
block 54 1
block 55 1
block 4 2
block 5 2
block 6 2
block 36 2
block 37 2
block 38 2
block 39 2
block 40 2
block 41 2
block 42 2
block 50 2
block 51 2
block 52 2
block 53 2
block 54 2
block 55 2
block 4 3
block 5 3
block 6 3
block 36 3
block 37 3
block 38 3
block 39 3
block 40 3
block 41 3
block 42 3
block 50 3
block 51 3
block 52 3
block 53 3
block 54 3
block 55 3
block 50 4
block 51 4
block 52 4
block 53 4
block 54 4
block 55 4
block 50 5
block 51 5
block 52 5
block 53 5
block 54 5
block 55 5
block 14 9
block 15 9
block 14 10
block 15 10
block 14 11
block 15 11
block 14 12
block 15 12
block 14 13
block 15 13
block 14 14
block 15 14
block 14 15
block 15 15
block 9 16
block 10 16
block 11 16
block 12 16
block 9 17
block 10 17
block 11 17
block 12 17
block 13 17
block 14 17
block 15 17
block 39 17
block 40 17
block 41 17
block 42 17
block 43 17
block 44 17
block 9 18
block 10 18
block 11 18
block 12 18
block 13 18
block 14 18
block 15 18
block 39 18
block 40 18
block 41 18
block 42 18
block 43 18
block 44 18
block 9 19
block 10 19
block 11 19
block 12 19
block 39 19
block 40 19
block 41 19
block 42 19
block 43 19
block 44 19
block 9 20
block 10 20
block 11 20
block 12 20
block 39 20
block 40 20
block 41 20
block 42 20
block 43 20
block 44 20
block 9 21
block 10 21
block 11 21
block 12 21
block 39 21
block 40 21
block 41 21
block 42 21
block 43 21
block 44 21
block 9 22
block 10 22
block 11 22
block 12 22
block 39 22
block 40 22
block 41 22
block 42 22
block 43 22
block 44 22
block 39 23
block 40 23
block 41 23
block 42 23
block 43 23
block 44 23
block 7 28
block 8 28
block 9 28
block 10 28
block 11 28
block 49 28
block 50 28
block 51 28
block 7 29
block 8 29
block 9 29
block 10 29
block 11 29
block 49 29
block 50 29
block 51 29
block 7 30
block 8 30
block 9 30
block 10 30
block 11 30
block 49 30
block 50 30
block 51 30
block 7 31
block 8 31
block 9 31
block 10 31
block 11 31
block 7 32
block 8 32
block 9 32
block 10 32
block 11 32
block 32 34
block 33 34
block 34 34
block 35 34
block 36 34
block 37 34
block 32 35
block 33 35
block 34 35
block 35 35
block 36 35
block 37 35
block 4 36
block 5 36
block 6 36
block 32 36
block 33 36
block 34 36
block 35 36
block 36 36
block 37 36
block 53 36
block 54 36
block 4 37
block 5 37
block 6 37
block 53 37
block 54 37
block 4 38
block 5 38
block 6 38
block 53 38
block 54 38
##BotsAndCoinsInfo
bot_name 0 starter-bot
bot 0 15 5
bot_coins 0 0
coin 50 33
coin 9 5
round 1
bot 0 15 6
round 2
bot 0 15 7
round 3
bot 0 15 8
round 4
round 5
coin 48 38
coin 11 0
round 6
round 7
round 8
round 9
round 10
coin 30 4
coin 29 34
round 11
round 12
round 13
round 14
round 15
coin 5 29
coin 54 9
round 16
round 17
round 18
round 19
round 20
coin 19 2
coin 40 36
round 21
round 22
round 23
round 24
round 25
coin 2 26
coin 57 12
round 26
round 27
round 28
round 29
round 30
coin 36 6
coin 23 32
round 31
round 32
round 33
round 34
round 35
coin 56 17
coin 3 21
round 36
round 37
round 38
round 39
round 40
coin 36 21
coin 23 17
round 41
round 42
round 43
round 44
round 45
coin 43 38
coin 16 0
round 46
round 47
round 48
round 49
round 50
coin 20 4
coin 39 34
round 51
round 52
round 53
round 54
round 55
coin 26 30
coin 33 8
round 56
round 57
round 58
round 59
round 60
coin 23 21
coin 36 17
round 61
round 62
round 63
round 64
round 65
coin 8 19
coin 51 19
round 66
round 67
round 68
round 69
round 70
coin 7 24
coin 52 14
round 71
round 72
round 73
round 74
round 75
coin 10 36
coin 49 2
round 76
round 77
round 78
round 79
round 80
coin 50 20
coin 8 18
round 81
round 82
round 83
round 84
round 85
coin 17 8
coin 42 30
round 86
round 87
round 88
round 89
round 90
coin 12 37
coin 47 1
round 91
round 92
round 93
round 94
round 95
coin 13 36
coin 46 2
round 96
round 97
round 98
round 99
round 100
coin 59 31
coin 0 7
round 101
round 102
round 103
round 104
round 105
coin 23 16
coin 36 22
round 106
round 107
round 108
round 109
round 110
coin 35 15
coin 24 23
round 111
round 112
round 113
round 114
round 115
coin 7 8
coin 52 30
round 116
round 117
round 118
round 119
round 120
coin 37 10
coin 22 28
round 121
round 122
round 123
round 124
round 125
coin 13 5
coin 46 33
round 126
round 127
round 128
round 129
round 130
coin 38 28
coin 21 10
round 131
round 132
round 133
round 134
round 135
coin 20 16
coin 38 22
round 136
round 137
round 138
round 139
round 140
coin 13 28
coin 46 10
round 141
round 142
round 143
round 144
round 145
coin 21 27
coin 38 11
round 146
round 147
round 148
round 149
round 150
coin 38 35
coin 21 3
round 151
round 152
round 153
round 154
round 155
coin 32 22
coin 27 16
round 156
round 157
round 158
round 159
round 160
coin 14 32
coin 45 6
round 161
round 162
round 163
round 164
round 165
coin 38 29
coin 21 9
round 166
round 167
round 168
round 169
round 170
coin 16 18
coin 45 20
round 171
round 172
round 173
round 174
round 175
coin 10 8
coin 48 30
round 176
round 177
round 178
round 179
round 180
coin 13 13
coin 46 25
round 181
round 182
round 183
round 184
round 185
coin 13 20
coin 46 18
round 186
round 187
round 188
round 189
round 190
coin 26 7
coin 33 31
round 191
round 192
round 193
round 194
round 195
coin 5 21
coin 54 17
round 196
round 197
round 198
round 199
round 200
coin 0 37
coin 59 1
match_over 0
