match
match_id 1639179296341_iz
match_time 1639179296346
num_bots 1
##MatchConfig
mode FRIENDLY
num_rounds 200
random_seed 42
move_time_limit 1000
coin_spawn_period 5
coin_spawn_volume 2
##MapConfig
map_size 67 36
view_radius 5
mining_radius 1
attack_radius 3
block 10 0
block 11 0
block 12 0
block 31 0
block 32 0
block 33 0
block 10 1
block 11 1
block 12 1
block 31 1
block 32 1
block 33 1
block 45 1
block 46 1
block 47 1
block 48 1
block 49 1
block 50 1
block 51 1
block 31 2
block 32 2
block 33 2
block 45 2
block 46 2
block 47 2
block 48 2
block 49 2
block 50 2
block 51 2
block 31 3
block 32 3
block 33 3
block 31 4
block 32 4
block 33 4
block 42 4
block 43 4
block 44 4
block 45 4
block 46 4
block 42 5
block 43 5
block 44 5
block 45 5
block 46 5
block 42 6
block 43 6
block 44 6
block 45 6
block 46 6
block 42 7
block 43 7
block 44 7
block 45 7
block 46 7
block 42 8
block 43 8
block 44 8
block 45 8
block 46 8
block 42 9
block 43 9
block 44 9
block 45 9
block 46 9
block 0 10
block 1 10
block 14 10
block 15 10
block 16 10
block 17 10
block 18 10
block 19 10
block 42 10
block 43 10
block 44 10
block 45 10
block 46 10
block 62 10
block 63 10
block 64 10
block 65 10
block 66 10
block 0 11
block 1 11
block 14 11
block 15 11
block 16 11
block 17 11
block 18 11
block 19 11
block 62 11
block 63 11
block 64 11
block 65 11
block 66 11
block 0 12
block 1 12
block 14 12
block 15 12
block 16 12
block 17 12
block 18 12
block 19 12
block 62 12
block 63 12
block 64 12
block 65 12
block 66 12
block 0 13
block 1 13
block 62 13
block 63 13
block 64 13
block 65 13
block 66 13
block 0 14
block 1 14
block 62 14
block 63 14
block 64 14
block 65 14
block 66 14
block 0 15
block 1 15
block 62 15
block 63 15
block 64 15
block 65 15
block 66 15
block 0 16
block 1 16
block 43 16
block 44 16
block 45 16
block 62 16
block 63 16
block 64 16
block 65 16
block 66 16
block 43 17
block 44 17
block 45 17
block 43 18
block 44 18
block 45 18
block 20 19
block 21 19
block 22 19
block 23 19
block 24 19
block 25 19
block 26 19
block 43 19
block 44 19
block 45 19
block 20 20
block 21 20
block 22 20
block 23 20
block 24 20
block 25 20
block 26 20
block 45 26
block 46 26
block 47 26
block 48 26
block 49 26
block 5 27
block 6 27
block 7 27
block 16 27
block 17 27
block 18 27
block 19 27
block 20 27
block 45 27
block 46 27
block 47 27
block 48 27
block 49 27
block 5 28
block 6 28
block 7 28
block 16 28
block 17 28
block 18 28
block 19 28
block 20 28
block 45 28
block 46 28
block 47 28
block 48 28
block 49 28
block 5 29
block 6 29
block 7 29
block 16 29
block 17 29
block 18 29
block 19 29
block 20 29
block 45 29
block 46 29
block 47 29
block 48 29
block 49 29
block 5 30
block 6 30
block 7 30
block 8 30
block 9 30
block 16 30
block 17 30
block 18 30
block 19 30
block 20 30
block 45 30
block 46 30
block 47 30
block 48 30
block 49 30
block 5 31
block 6 31
block 7 31
block 8 31
block 9 31
block 16 31
block 17 31
block 18 31
block 19 31
block 20 31
block 5 32
block 6 32
block 7 32
block 8 32
block 9 32
block 5 33
block 6 33
block 7 33
block 8 33
block 9 33
block 59 33
block 60 33
block 61 33
block 62 33
block 63 33
block 7 34
block 8 34
block 9 34
block 59 34
block 60 34
block 61 34
block 62 34
block 63 34
block 10 35
block 11 35
block 12 35
##BotsAndCoinsInfo
bot_name 0 starter-bot
bot 0 53 12
bot_coins 0 0
coin 41 3
coin 25 32
round 1
bot 0 53 13
round 2
bot 0 53 14
round 3
bot 0 53 15
round 4
bot 0 53 16
round 5
bot 0 53 17
coin 23 8
coin 43 27
round 6
bot 0 53 18
round 7
bot 0 53 19
round 8
bot 0 53 20
round 9
bot 0 53 21
round 10
bot 0 53 22
coin 12 25
coin 54 10
round 11
bot 0 53 23
round 12
bot 0 53 24
round 13
bot 0 53 25
round 14
bot 0 53 26
round 15
bot 0 53 27
coin 66 2
coin 0 33
round 16
bot 0 53 28
round 17
bot 0 53 29
round 18
bot 0 53 30
round 19
bot 0 53 31
round 20
bot 0 53 32
coin 62 29
coin 4 6
round 21
bot 0 53 33
round 22
bot 0 53 34
round 23
bot 0 53 35
round 24
bot 0 54 0
round 25
bot 0 55 1
coin 21 26
coin 45 11
round 26
bot 0 56 2
round 27
bot 0 57 3
round 28
bot 0 58 4
round 29
bot 0 59 5
round 30
bot 0 60 6
coin 0 0
coin 66 35
round 31
bot 0 61 7
round 32
bot 0 62 8
round 33
bot 0 63 9
round 34
round 35
coin 51 32
coin 15 3
round 36
round 37
round 38
round 39
round 40
coin 49 6
coin 15 29
round 41
round 42
round 43
round 44
round 45
coin 22 17
coin 46 18
round 46
round 47
round 48
round 49
round 50
coin 37 31
coin 29 4
round 51
round 52
round 53
round 54
round 55
coin 24 33
coin 42 2
round 56
round 57
round 58
round 59
round 60
coin 47 9
coin 19 26
round 61
round 62
round 63
round 64
round 65
coin 17 22
coin 49 13
round 66
round 67
round 68
round 69
round 70
coin 10 30
coin 56 5
round 71
round 72
round 73
round 74
round 75
coin 30 12
coin 36 23
round 76
round 77
round 78
round 79
round 80
coin 7 5
coin 59 30
round 81
round 82
round 83
round 84
round 85
coin 66 23
coin 2 12
round 86
round 87
round 88
round 89
round 90
coin 36 25
coin 30 10
round 91
round 92
round 93
round 94
round 95
coin 40 12
coin 26 23
round 96
round 97
round 98
round 99
round 100
coin 34 13
coin 32 22
round 101
round 102
round 103
round 104
round 105
coin 29 25
coin 37 10
round 106
round 107
round 108
round 109
round 110
coin 57 6
coin 9 29
round 111
round 112
round 113
round 114
round 115
coin 59 11
coin 7 24
round 116
round 117
round 118
round 119
round 120
coin 18 7
coin 50 28
round 121
round 122
round 123
round 124
round 125
coin 44 32
coin 22 3
round 126
round 127
round 128
round 129
round 130
coin 17 4
coin 49 31
round 131
round 132
round 133
round 134
round 135
coin 54 34
coin 13 1
round 136
round 137
round 138
round 139
round 140
coin 51 31
coin 15 4
round 141
round 142
round 143
round 144
round 145
coin 30 27
coin 36 8
round 146
round 147
round 148
round 149
round 150
coin 40 23
coin 26 12
round 151
round 152
round 153
round 154
round 155
coin 28 13
coin 38 22
round 156
round 157
round 158
round 159
round 160
coin 57 14
coin 9 21
round 161
round 162
round 163
round 164
round 165
coin 65 31
coin 1 4
round 166
round 167
round 168
round 169
round 170
coin 66 27
coin 0 8
round 171
round 172
round 173
round 174
round 175
coin 30 5
coin 36 30
round 176
round 177
round 178
round 179
round 180
coin 24 25
coin 41 10
round 181
round 182
round 183
round 184
round 185
coin 55 5
coin 11 30
round 186
round 187
round 188
round 189
round 190
coin 11 16
coin 55 19
round 191
round 192
round 193
round 194
round 195
coin 23 33
coin 43 2
round 196
round 197
round 198
round 199
round 200
coin 31 10
coin 35 25
match_over 0
