match
match_id 1639167975002_bd
match_time 1639167975010
num_bots 1
##MatchConfig
mode FRIENDLY
num_rounds 200
random_seed 42
move_time_limit 1000
coin_spawn_period 5
coin_spawn_volume 2
##MapConfig
map_size 49 36
view_radius 5
mining_radius 2
attack_radius 3
block 11 0
block 12 0
block 13 0
block 14 0
block 15 0
block 16 0
block 17 0
block 4 1
block 5 1
block 6 1
block 7 1
block 8 1
block 9 1
block 11 1
block 12 1
block 13 1
block 14 1
block 15 1
block 16 1
block 17 1
block 4 2
block 5 2
block 6 2
block 7 2
block 8 2
block 9 2
block 11 2
block 12 2
block 13 2
block 14 2
block 15 2
block 16 2
block 17 2
block 4 3
block 5 3
block 6 3
block 7 3
block 8 3
block 9 3
block 11 3
block 12 3
block 13 3
block 14 3
block 15 3
block 16 3
block 17 3
block 2 4
block 3 4
block 4 4
block 5 4
block 6 4
block 7 4
block 8 4
block 9 4
block 11 4
block 12 4
block 13 4
block 14 4
block 15 4
block 16 4
block 17 4
block 26 4
block 27 4
block 28 4
block 29 4
block 34 4
block 35 4
block 36 4
block 2 5
block 3 5
block 4 5
block 5 5
block 6 5
block 7 5
block 8 5
block 9 5
block 26 5
block 27 5
block 28 5
block 29 5
block 34 5
block 35 5
block 36 5
block 2 6
block 3 6
block 4 6
block 5 6
block 6 6
block 7 6
block 8 6
block 9 6
block 26 6
block 27 6
block 28 6
block 29 6
block 34 6
block 35 6
block 36 6
block 2 7
block 3 7
block 4 7
block 5 7
block 6 7
block 7 7
block 8 7
block 9 7
block 26 7
block 27 7
block 28 7
block 29 7
block 26 8
block 27 8
block 28 8
block 29 8
block 26 9
block 27 9
block 28 9
block 29 9
block 13 14
block 14 14
block 15 14
block 16 14
block 17 14
block 18 14
block 13 15
block 14 15
block 15 15
block 16 15
block 17 15
block 18 15
block 13 16
block 14 16
block 15 16
block 16 16
block 17 16
block 18 16
block 13 17
block 14 17
block 15 17
block 16 17
block 17 17
block 18 17
block 31 17
block 32 17
block 33 17
block 34 17
block 35 17
block 13 18
block 14 18
block 15 18
block 16 18
block 17 18
block 18 18
block 31 18
block 32 18
block 33 18
block 34 18
block 35 18
block 8 19
block 9 19
block 10 19
block 11 19
block 13 19
block 14 19
block 15 19
block 16 19
block 17 19
block 18 19
block 31 19
block 32 19
block 33 19
block 34 19
block 35 19
block 8 20
block 9 20
block 10 20
block 11 20
block 31 20
block 32 20
block 33 20
block 34 20
block 35 20
block 8 21
block 9 21
block 10 21
block 11 21
block 31 21
block 32 21
block 33 21
block 34 21
block 35 21
block 8 22
block 9 22
block 10 22
block 11 22
block 8 23
block 9 23
block 10 23
block 11 23
block 20 25
block 21 25
block 20 26
block 21 26
block 20 27
block 21 27
##BotsAndCoinsInfo
bot_name 0 starter-bot
bot 0 18 10
bot_coins 0 0
coin 29 3
coin 19 32
round 1
bot 0 18 11
round 2
bot 0 18 12
round 3
bot 0 18 13
round 4
round 5
coin 34 8
coin 14 27
round 6
round 7
round 8
round 9
round 10
coin 19 25
coin 29 10
round 11
round 12
round 13
round 14
round 15
coin 1 2
coin 47 33
round 16
round 17
round 18
round 19
round 20
coin 48 29
coin 0 6
round 21
round 22
round 23
round 24
round 25
coin 3 26
coin 45 9
round 26
round 27
round 28
round 29
round 30
coin 28 0
coin 20 35
round 31
round 32
round 33
round 34
round 35
coin 15 32
coin 33 3
round 36
round 37
round 38
round 39
round 40
coin 30 6
coin 18 29
round 41
round 42
round 43
round 44
round 45
coin 0 17
coin 48 18
round 46
round 47
round 48
round 49
round 50
coin 40 31
coin 10 4
round 51
round 52
round 53
round 54
round 55
coin 15 33
coin 33 2
round 56
round 57
round 58
round 59
round 60
coin 28 10
coin 20 24
round 61
round 62
round 63
round 64
round 65
coin 35 22
coin 13 13
round 66
round 67
round 68
round 69
round 70
coin 11 30
coin 37 5
round 71
round 72
round 73
round 74
round 75
coin 26 12
coin 22 23
round 76
round 77
round 78
round 79
round 80
coin 44 5
coin 4 30
round 81
round 82
round 83
round 84
round 85
coin 10 24
coin 38 11
round 86
round 87
round 88
round 89
round 90
coin 18 25
coin 30 10
round 91
round 92
round 93
round 94
round 95
coin 21 12
coin 27 23
round 96
round 97
round 98
round 99
round 100
coin 41 13
coin 7 22
round 101
round 102
round 103
round 104
round 105
coin 0 25
coin 48 10
round 106
round 107
round 108
round 109
round 110
coin 10 6
coin 38 29
round 111
round 112
round 113
round 114
round 115
coin 6 11
coin 42 24
round 116
round 117
round 118
round 119
round 120
coin 48 7
coin 0 28
round 121
round 122
round 123
round 124
round 125
coin 12 32
coin 36 3
round 126
round 127
round 128
round 129
round 130
coin 37 4
coin 11 31
round 131
round 132
round 133
round 134
round 135
coin 16 34
coin 32 1
round 136
round 137
round 138
round 139
round 140
coin 42 31
coin 3 3
round 141
round 142
round 143
round 144
round 145
coin 43 27
coin 5 8
round 146
round 147
round 148
round 149
round 150
coin 0 23
coin 48 12
round 151
round 152
round 153
round 154
round 155
coin 46 13
coin 2 22
round 156
round 157
round 158
round 159
round 160
coin 1 14
coin 47 21
round 161
round 162
round 163
round 164
round 165
coin 34 31
coin 14 5
round 166
round 167
round 168
round 169
round 170
coin 34 27
coin 14 8
round 171
round 172
round 173
round 174
round 175
coin 31 5
coin 17 30
round 176
round 177
round 178
round 179
round 180
coin 4 25
coin 44 10
round 181
round 182
round 183
round 184
round 185
coin 15 5
coin 33 30
round 186
round 187
round 188
round 189
round 190
coin 5 16
coin 43 19
round 191
round 192
round 193
round 194
round 195
coin 10 33
coin 38 2
round 196
round 197
round 198
round 199
round 200
coin 23 10
coin 25 25
match_over 0
