match
match_id 1639175524282_fj
match_time 1639175524288
num_bots 1
##MatchConfig
mode FRIENDLY
num_rounds 200
random_seed 42
move_time_limit 1000
coin_spawn_period 5
coin_spawn_volume 2
##MapConfig
map_size 61 25
view_radius 6
mining_radius 2
attack_radius 3
block 5 0
block 6 0
block 7 0
block 8 0
block 9 0
block 10 0
block 11 0
block 12 0
block 36 0
block 37 0
block 38 0
block 39 0
block 40 0
block 42 0
block 43 0
block 44 0
block 45 0
block 46 0
block 47 0
block 36 1
block 37 1
block 38 1
block 39 1
block 40 1
block 14 2
block 15 2
block 16 2
block 17 2
block 18 2
block 19 2
block 36 2
block 37 2
block 38 2
block 0 3
block 1 3
block 14 3
block 15 3
block 16 3
block 17 3
block 18 3
block 19 3
block 22 3
block 23 3
block 24 3
block 25 3
block 26 3
block 27 3
block 0 4
block 1 4
block 9 4
block 10 4
block 11 4
block 12 4
block 13 4
block 14 4
block 15 4
block 16 4
block 17 4
block 18 4
block 19 4
block 22 4
block 23 4
block 24 4
block 25 4
block 26 4
block 27 4
block 0 5
block 1 5
block 9 5
block 10 5
block 11 5
block 12 5
block 13 5
block 14 5
block 15 5
block 16 5
block 17 5
block 18 5
block 19 5
block 22 5
block 23 5
block 24 5
block 25 5
block 26 5
block 27 5
block 41 5
block 42 5
block 43 5
block 44 5
block 45 5
block 46 5
block 47 5
block 0 6
block 1 6
block 9 6
block 10 6
block 11 6
block 12 6
block 13 6
block 14 6
block 15 6
block 16 6
block 17 6
block 18 6
block 19 6
block 22 6
block 23 6
block 24 6
block 25 6
block 26 6
block 27 6
block 41 6
block 42 6
block 43 6
block 44 6
block 45 6
block 46 6
block 47 6
block 0 7
block 1 7
block 9 7
block 10 7
block 11 7
block 12 7
block 13 7
block 22 7
block 23 7
block 24 7
block 25 7
block 26 7
block 27 7
block 41 7
block 42 7
block 43 7
block 44 7
block 45 7
block 46 7
block 47 7
block 0 8
block 1 8
block 9 8
block 10 8
block 11 8
block 12 8
block 13 8
block 22 8
block 23 8
block 24 8
block 25 8
block 26 8
block 27 8
block 42 8
block 43 8
block 44 8
block 45 8
block 46 8
block 47 8
block 0 9
block 1 9
block 21 9
block 22 9
block 23 9
block 24 9
block 25 9
block 26 9
block 27 9
block 42 9
block 43 9
block 44 9
block 45 9
block 46 9
block 47 9
block 48 9
block 49 9
block 50 9
block 21 10
block 22 10
block 23 10
block 24 10
block 42 10
block 43 10
block 44 10
block 45 10
block 46 10
block 47 10
block 48 10
block 49 10
block 50 10
block 21 11
block 22 11
block 23 11
block 24 11
block 42 11
block 43 11
block 44 11
block 45 11
block 46 11
block 47 11
block 48 11
block 49 11
block 50 11
block 45 12
block 46 12
block 47 12
block 48 12
block 49 12
block 50 12
block 45 13
block 46 13
block 47 13
block 48 13
block 49 13
block 50 13
block 0 14
block 1 14
block 2 14
block 3 14
block 4 14
block 45 14
block 46 14
block 47 14
block 48 14
block 49 14
block 50 14
block 60 14
block 0 15
block 1 15
block 2 15
block 3 15
block 4 15
block 45 15
block 46 15
block 47 15
block 60 15
block 22 16
block 23 16
block 24 16
block 25 16
block 45 16
block 46 16
block 47 16
block 22 17
block 23 17
block 24 17
block 25 17
block 32 17
block 33 17
block 34 17
block 35 17
block 36 17
block 37 17
block 38 17
block 55 17
block 56 17
block 57 17
block 9 18
block 10 18
block 11 18
block 12 18
block 13 18
block 14 18
block 15 18
block 22 18
block 23 18
block 24 18
block 25 18
block 32 18
block 33 18
block 34 18
block 35 18
block 36 18
block 37 18
block 38 18
block 55 18
block 56 18
block 57 18
block 5 19
block 6 19
block 7 19
block 8 19
block 9 19
block 10 19
block 11 19
block 12 19
block 13 19
block 14 19
block 15 19
block 32 19
block 33 19
block 34 19
block 35 19
block 36 19
block 37 19
block 38 19
block 42 19
block 43 19
block 44 19
block 45 19
block 55 19
block 56 19
block 57 19
block 5 20
block 6 20
block 7 20
block 8 20
block 9 20
block 10 20
block 11 20
block 12 20
block 13 20
block 14 20
block 15 20
block 42 20
block 43 20
block 44 20
block 45 20
block 55 20
block 56 20
block 57 20
block 4 21
block 5 21
block 6 21
block 7 21
block 8 21
block 9 21
block 10 21
block 11 21
block 12 21
block 13 21
block 14 21
block 15 21
block 36 21
block 37 21
block 38 21
block 42 21
block 43 21
block 44 21
block 45 21
block 46 21
block 47 21
block 48 21
block 49 21
block 55 21
block 56 21
block 57 21
block 4 22
block 5 22
block 6 22
block 7 22
block 8 22
block 9 22
block 10 22
block 11 22
block 12 22
block 13 22
block 14 22
block 15 22
block 36 22
block 37 22
block 38 22
block 42 22
block 43 22
block 44 22
block 45 22
block 46 22
block 47 22
block 48 22
block 49 22
block 55 22
block 56 22
block 57 22
block 5 23
block 6 23
block 7 23
block 8 23
block 9 23
block 10 23
block 11 23
block 12 23
block 13 23
block 14 23
block 15 23
block 36 23
block 37 23
block 38 23
block 39 23
block 40 23
block 42 23
block 43 23
block 44 23
block 45 23
block 46 23
block 47 23
block 5 24
block 6 24
block 7 24
block 8 24
block 9 24
block 10 24
block 11 24
block 12 24
block 13 24
block 14 24
block 15 24
block 36 24
block 37 24
block 38 24
block 39 24
block 40 24
block 42 24
block 43 24
block 44 24
block 45 24
block 46 24
block 47 24
##BotsAndCoinsInfo
bot_name 0 starter-bot
bot 0 23 13
bot_coins 0 0
coin 5 13
coin 55 11
round 1
bot 0 23 14
round 2
bot 0 23 15
round 3
round 4
round 5
coin 25 10
coin 35 14
round 6
round 7
round 8
round 9
round 10
coin 10 1
coin 50 23
round 11
round 12
round 13
round 14
round 15
coin 54 18
coin 6 6
round 16
round 17
round 18
round 19
round 20
coin 21 18
coin 39 6
round 21
round 22
round 23
round 24
round 25
coin 39 2
coin 21 22
round 26
round 27
round 28
round 29
round 30
coin 23 19
coin 37 5
round 31
round 32
round 33
round 34
round 35
coin 21 7
coin 39 17
round 36
round 37
round 38
round 39
round 40
coin 35 20
coin 25 2
round 41
round 42
round 43
round 44
round 45
coin 41 9
coin 19 15
round 46
round 47
round 48
round 49
round 50
coin 7 13
coin 53 11
round 51
round 52
round 53
round 54
round 55
coin 55 13
coin 5 11
round 56
round 57
round 58
round 59
round 60
coin 19 16
coin 41 8
round 61
round 62
round 63
round 64
round 65
coin 19 8
coin 41 16
round 66
round 67
round 68
round 69
round 70
coin 20 21
coin 40 3
round 71
round 72
round 73
round 74
round 75
coin 50 6
coin 10 17
round 76
round 77
round 78
round 79
round 80
coin 57 10
coin 3 13
round 81
round 82
round 83
round 84
round 85
coin 38 3
coin 22 21
round 86
round 87
round 88
round 89
round 90
coin 20 18
coin 40 6
round 91
round 92
round 93
round 94
round 95
coin 38 14
coin 20 10
round 96
round 97
round 98
round 99
round 100
coin 36 15
coin 26 10
round 101
round 102
round 103
round 104
round 105
coin 48 15
coin 12 9
round 106
round 107
round 108
round 109
round 110
coin 21 8
coin 39 16
round 111
round 112
round 113
round 114
round 115
coin 18 10
coin 42 14
round 116
round 117
round 118
round 119
round 120
coin 9 17
coin 51 7
round 121
round 122
round 123
round 124
round 125
coin 49 15
coin 11 9
round 126
round 127
round 128
round 129
round 130
coin 3 6
coin 58 18
round 131
round 132
round 133
round 134
round 135
coin 37 10
coin 23 14
round 136
coin_collected 23 14 0
bot_coins 0 1
round 137
round 138
round 139
round 140
coin 28 9
coin 32 15
round 141
round 142
round 143
round 144
round 145
coin 24 2
coin 35 22
round 146
round 147
round 148
round 149
round 150
coin 20 19
coin 40 5
round 151
round 152
round 153
round 154
round 155
coin 48 1
coin 13 0
round 156
round 157
round 158
round 159
round 160
coin 21 19
coin 39 5
round 161
round 162
round 163
round 164
round 165
coin 51 19
coin 8 5
round 166
round 167
round 168
round 169
round 170
coin 48 24
coin 12 1
round 171
round 172
round 173
round 174
round 175
coin 17 1
coin 41 23
round 176
round 177
round 178
round 179
round 180
coin 47 4
coin 16 20
round 181
round 182
round 183
round 184
round 185
coin 20 8
coin 40 16
round 186
round 187
round 188
round 189
round 190
coin 18 11
coin 42 13
round 191
round 192
round 193
round 194
round 195
coin 56 16
coin 4 8
round 196
round 197
round 198
round 199
round 200
coin 47 19
coin 13 3
match_over 0
