match
match_id 1639406258252_cm
match_time 1639406258255
num_bots 1
##MatchConfig
mode FRIENDLY
num_rounds 200
random_seed 42
move_time_limit 1000
coin_spawn_period 5
coin_spawn_volume 2
##MapConfig
map_size 59 26
view_radius 6
mining_radius 2
attack_radius 3
block 45 5
block 46 5
block 47 5
block 48 5
block 49 5
block 27 6
block 28 6
block 29 6
block 45 6
block 46 6
block 47 6
block 48 6
block 49 6
block 27 7
block 28 7
block 29 7
block 45 7
block 46 7
block 47 7
block 48 7
block 49 7
block 18 14
block 19 14
block 20 14
block 18 15
block 19 15
block 20 15
block 18 16
block 19 16
block 20 16
block 51 18
block 52 18
block 53 18
block 51 19
block 52 19
block 53 19
block 6 20
block 7 20
block 51 20
block 52 20
block 53 20
block 6 21
block 7 21
block 51 21
block 52 21
block 53 21
block 6 22
block 7 22
block 24 22
block 25 22
block 26 22
block 27 22
block 28 22
block 51 22
block 52 22
block 53 22
block 6 23
block 7 23
block 24 23
block 25 23
block 26 23
block 27 23
block 28 23
block 51 23
block 52 23
block 53 23
block 6 24
block 7 24
block 24 24
block 25 24
block 26 24
block 27 24
block 28 24
block 24 25
block 25 25
block 26 25
block 27 25
block 28 25
##BotsAndCoinsInfo
bot_name 0 starter-bot
bot 0 9 0
bot_coins 0 0
coin 33 7
coin 25 18
round 1
bot 0 8 25
round 2
bot 0 7 0
round 3
bot 0 6 25
round 4
bot 0 5 0
round 5
bot 0 4 25
coin 15 12
coin 43 13
round 6
bot 0 3 0
round 7
bot 0 2 25
round 8
bot 0 1 0
round 9
bot 0 0 25
round 10
bot 0 58 0
coin 9 17
coin 49 8
round 11
bot 0 57 25
round 12
bot 0 56 0
round 13
bot 0 55 25
round 14
bot 0 54 0
round 15
bot 0 53 25
coin 15 16
coin 43 9
round 16
bot 0 52 0
round 17
bot 0 51 25
round 18
bot 0 50 0
round 19
bot 0 49 25
round 20
bot 0 48 0
coin 48 15
coin 10 10
round 21
bot 0 47 25
round 22
bot 0 46 0
round 23
bot 0 45 25
round 24
bot 0 44 0
round 25
bot 0 43 25
coin 11 0
coin 47 25
round 26
bot 0 44 24
round 27
bot 0 45 25
coin_collected 47 25 0
bot_coins 0 1
round 28
bot 0 44 0
round 29
bot 0 43 25
round 30
bot 0 42 0
coin 46 8
coin 12 17
round 31
bot 0 41 25
round 32
bot 0 40 0
round 33
bot 0 39 25
round 34
bot 0 38 0
round 35
bot 0 37 25
coin 2 4
coin 56 21
round 36
bot 0 36 0
round 37
bot 0 35 25
round 38
bot 0 34 0
round 39
bot 0 33 25
round 40
bot 0 32 0
coin 31 8
coin 27 17
round 41
bot 0 31 25
round 42
bot 0 30 0
round 43
bot 0 29 25
round 44
bot 0 29 0
round 45
bot 0 28 1
coin 23 25
coin 35 0
round 46
bot 0 28 2
round 47
bot 0 27 3
round 48
bot 0 26 4
round 49
bot 0 25 5
round 50
bot 0 25 6
coin 38 17
coin 20 8
round 51
bot 0 25 7
round 52
bot 0 24 8
round 53
bot 0 23 7
round 54
bot 0 22 8
coin_collected 20 8 0
bot_coins 0 2
round 55
bot 0 22 9
coin 36 17
coin 22 8
round 56
bot 0 21 8
coin_collected 22 8 0
bot_coins 0 3
round 57
bot 0 21 9
round 58
bot 0 21 10
round 59
bot 0 21 11
round 60
bot 0 21 12
coin 48 21
coin 10 4
round 61
bot 0 20 11
round 62
bot 0 19 10
round 63
bot 0 20 9
round 64
bot 0 20 10
round 65
bot 0 19 11
coin 41 6
coin 17 19
round 66
bot 0 18 12
round 67
bot 0 17 11
round 68
bot 0 16 12
coin_collected 15 12 0
bot_coins 0 4
round 69
bot 0 16 13
round 70
bot 0 15 14
coin_collected 15 16 0
bot_coins 0 5
coin 53 24
coin 5 1
round 71
bot 0 14 15
round 72
bot 0 13 16
coin_collected 12 17 0
bot_coins 0 6
round 73
bot 0 13 17
round 74
bot 0 12 16
round 75
bot 0 11 17
coin_collected 9 17 0
bot_coins 0 7
coin 54 10
coin 4 15
round 76
bot 0 11 18
round 77
bot 0 11 19
round 78
bot 0 10 18
round 79
bot 0 10 19
round 80
bot 0 10 20
coin 55 7
coin 3 18
round 81
bot 0 10 21
round 82
bot 0 9 20
round 83
bot 0 9 21
round 84
bot 0 8 20
round 85
bot 0 9 19
coin 5 21
coin 53 4
round 86
bot 0 9 20
round 87
bot 0 8 21
round 88
bot 0 8 22
round 89
bot 0 8 23
round 90
bot 0 8 24
coin 25 11
coin 33 14
round 91
bot 0 8 25
round 92
round 93
bot 0 7 0
round 94
bot 0 6 1
coin_collected 5 1 0
bot_coins 0 8
round 95
bot 0 5 0
coin 31 10
coin 27 15
round 96
bot 0 4 1
round 97
bot 0 3 2
round 98
bot 0 2 3
coin_collected 2 4 0
bot_coins 0 9
round 99
bot 0 2 4
round 100
bot 0 2 5
coin 4 5
coin 54 20
round 101
bot 0 2 6
round 102
bot 0 3 5
coin_collected 4 5 0
bot_coins 0 10
round 103
bot 0 3 6
round 104
bot 0 3 7
round 105
bot 0 3 8
coin 45 3
coin 13 22
round 106
bot 0 3 9
round 107
bot 0 3 10
round 108
bot 0 4 9
round 109
bot 0 3 8
round 110
bot 0 3 9
coin 17 2
coin 41 23
round 111
bot 0 3 10
round 112
bot 0 4 9
round 113
bot 0 3 8
round 114
bot 0 3 9
round 115
bot 0 3 10
coin 5 20
coin 53 5
round 116
bot 0 4 9
round 117
bot 0 3 8
round 118
bot 0 3 9
round 119
bot 0 3 10
round 120
bot 0 4 9
coin 58 23
coin 0 2
round 121
bot 0 3 8
round 122
bot 0 3 9
round 123
bot 0 3 10
round 124
bot 0 4 9
round 125
bot 0 3 8
coin 32 18
coin 26 7
round 126
bot 0 3 9
round 127
bot 0 3 10
round 128
bot 0 4 9
round 129
bot 0 3 8
round 130
bot 0 3 9
coin 53 2
coin 5 23
round 131
bot 0 3 10
round 132
bot 0 4 9
round 133
bot 0 3 8
round 134
bot 0 3 9
round 135
bot 0 3 10
coin 42 16
coin 16 9
round 136
bot 0 4 9
round 137
bot 0 3 8
round 138
bot 0 3 9
round 139
bot 0 3 10
round 140
bot 0 4 9
coin 11 15
coin 47 10
round 141
bot 0 3 8
round 142
bot 0 3 9
round 143
bot 0 3 10
round 144
bot 0 4 9
round 145
bot 0 3 8
coin 41 1
coin 17 24
round 146
bot 0 3 9
round 147
bot 0 3 10
round 148
bot 0 4 9
round 149
bot 0 3 8
round 150
bot 0 3 9
coin 21 9
coin 37 16
round 151
bot 0 3 10
round 152
bot 0 4 9
round 153
bot 0 3 8
round 154
bot 0 3 9
round 155
bot 0 3 10
coin 13 9
coin 45 16
round 156
bot 0 4 9
round 157
bot 0 3 8
round 158
bot 0 3 9
round 159
bot 0 3 10
round 160
bot 0 4 9
coin 30 6
coin 28 19
round 161
bot 0 3 8
round 162
bot 0 3 9
round 163
bot 0 3 10
round 164
bot 0 4 9
round 165
bot 0 3 8
coin 42 15
coin 16 10
round 166
bot 0 3 9
round 167
bot 0 3 10
round 168
bot 0 4 9
round 169
bot 0 3 8
round 170
bot 0 3 9
coin 21 5
coin 37 20
round 171
bot 0 3 10
round 172
bot 0 4 9
round 173
bot 0 3 8
round 174
bot 0 3 9
round 175
bot 0 3 10
coin 44 21
coin 14 4
round 176
bot 0 4 9
round 177
bot 0 3 8
round 178
bot 0 3 9
round 179
bot 0 3 10
round 180
bot 0 4 9
coin 0 13
coin 58 12
round 181
bot 0 3 8
round 182
bot 0 4 7
round 183
bot 0 4 8
round 184
bot 0 4 9
round 185
bot 0 3 8
coin 19 7
coin 39 18
round 186
bot 0 4 7
round 187
bot 0 4 8
round 188
bot 0 4 9
round 189
bot 0 3 8
round 190
bot 0 4 7
coin 26 20
coin 32 5
round 191
bot 0 4 8
round 192
bot 0 4 9
round 193
bot 0 3 8
round 194
bot 0 4 7
round 195
bot 0 4 8
coin 50 21
coin 8 4
round 196
bot 0 3 7
round 197
bot 0 4 6
round 198
bot 0 4 7
round 199
bot 0 5 6
round 200
bot 0 6 5
coin 54 24
coin 4 1
match_over 0
