match
match_id 1639172029315_do
match_time 1639172029318
num_bots 1
##MatchConfig
mode FRIENDLY
num_rounds 200
random_seed 42
move_time_limit 1000
coin_spawn_period 5
coin_spawn_volume 2
##MapConfig
map_size 51 37
view_radius 6
mining_radius 2
attack_radius 4
block 0 0
block 1 0
block 2 0
block 27 0
block 28 0
block 29 0
block 30 0
block 31 0
block 32 0
block 47 0
block 48 0
block 49 0
block 50 0
block 0 1
block 1 1
block 2 1
block 27 1
block 28 1
block 29 1
block 30 1
block 31 1
block 32 1
block 47 1
block 48 1
block 49 1
block 50 1
block 27 2
block 28 2
block 29 2
block 30 2
block 31 2
block 32 2
block 12 7
block 13 7
block 14 7
block 15 7
block 16 7
block 17 7
block 12 8
block 13 8
block 14 8
block 15 8
block 16 8
block 17 8
block 12 9
block 13 9
block 14 9
block 15 9
block 16 9
block 17 9
block 24 9
block 25 9
block 26 9
block 27 9
block 28 9
block 29 9
block 30 9
block 32 9
block 33 9
block 34 9
block 35 9
block 36 9
block 37 9
block 12 10
block 13 10
block 14 10
block 15 10
block 16 10
block 17 10
block 24 10
block 25 10
block 26 10
block 27 10
block 28 10
block 29 10
block 30 10
block 32 10
block 33 10
block 34 10
block 35 10
block 36 10
block 37 10
block 12 11
block 13 11
block 14 11
block 15 11
block 16 11
block 17 11
block 24 11
block 25 11
block 26 11
block 27 11
block 28 11
block 29 11
block 30 11
block 32 11
block 33 11
block 34 11
block 35 11
block 36 11
block 37 11
block 12 12
block 13 12
block 14 12
block 15 12
block 16 12
block 17 12
block 24 12
block 25 12
block 26 12
block 27 12
block 28 12
block 29 12
block 30 12
block 32 12
block 33 12
block 34 12
block 35 12
block 36 12
block 37 12
block 12 13
block 13 13
block 14 13
block 15 13
block 16 13
block 17 13
block 24 13
block 25 13
block 26 13
block 27 13
block 28 13
block 29 13
block 30 13
block 32 13
block 33 13
block 34 13
block 35 13
block 36 13
block 37 13
block 32 14
block 33 14
block 34 14
block 35 14
block 36 14
block 37 14
block 33 17
block 34 17
block 35 17
block 36 17
block 37 17
block 33 18
block 34 18
block 35 18
block 36 18
block 37 18
block 33 19
block 34 19
block 35 19
block 36 19
block 37 19
block 34 21
block 35 21
block 36 21
block 37 21
block 4 22
block 5 22
block 6 22
block 34 22
block 35 22
block 36 22
block 37 22
block 4 23
block 5 23
block 6 23
block 21 23
block 22 23
block 23 23
block 24 23
block 25 23
block 26 23
block 34 23
block 35 23
block 36 23
block 37 23
block 4 24
block 5 24
block 6 24
block 21 24
block 22 24
block 23 24
block 24 24
block 25 24
block 26 24
block 34 24
block 35 24
block 36 24
block 37 24
block 21 25
block 22 25
block 23 25
block 24 25
block 25 25
block 26 25
block 34 25
block 35 25
block 36 25
block 37 25
block 20 26
block 21 26
block 22 26
block 23 26
block 24 26
block 25 26
block 26 26
block 20 27
block 21 27
block 22 27
block 23 27
block 24 27
block 25 27
block 26 27
block 20 28
block 21 28
block 22 28
block 23 28
block 24 28
block 25 28
block 26 28
block 20 29
block 21 29
block 22 29
block 23 29
block 24 29
block 25 29
block 26 29
block 27 29
block 28 29
block 30 29
block 31 29
block 32 29
block 35 29
block 36 29
block 37 29
block 38 29
block 39 29
block 40 29
block 41 29
block 10 30
block 11 30
block 12 30
block 13 30
block 14 30
block 15 30
block 16 30
block 27 30
block 28 30
block 30 30
block 31 30
block 32 30
block 35 30
block 36 30
block 37 30
block 38 30
block 39 30
block 40 30
block 41 30
block 10 31
block 11 31
block 12 31
block 13 31
block 14 31
block 15 31
block 16 31
block 27 31
block 28 31
block 30 31
block 31 31
block 32 31
block 35 31
block 36 31
block 37 31
block 38 31
block 39 31
block 40 31
block 41 31
block 27 32
block 28 32
block 30 32
block 31 32
block 32 32
block 35 32
block 36 32
block 37 32
block 38 32
block 39 32
block 40 32
block 41 32
block 0 33
block 1 33
block 2 33
block 47 33
block 48 33
block 49 33
block 50 33
block 0 34
block 1 34
block 2 34
block 11 34
block 12 34
block 13 34
block 14 34
block 15 34
block 16 34
block 47 34
block 48 34
block 49 34
block 50 34
block 0 35
block 1 35
block 2 35
block 11 35
block 12 35
block 13 35
block 14 35
block 15 35
block 16 35
block 47 35
block 48 35
block 49 35
block 50 35
block 0 36
block 1 36
block 2 36
block 11 36
block 12 36
block 13 36
block 14 36
block 15 36
block 16 36
block 47 36
block 48 36
block 49 36
block 50 36
##BotsAndCoinsInfo
bot_name 0 starter-bot
bot 0 37 33
bot_coins 0 0
coin 26 14
coin 24 22
round 1
bot 0 37 34
round 2
bot 0 37 35
round 3
bot 0 37 36
round 4
bot 0 37 35
round 5
bot 0 37 34
coin 0 10
coin 50 26
round 6
bot 0 37 33
round 7
round 8
round 9
round 10
coin 9 8
coin 41 28
round 11
round 12
round 13
round 14
round 15
coin 17 14
coin 33 22
round 16
round 17
round 18
round 19
round 20
coin 1 2
coin 49 32
round 21
round 22
round 23
round 24
round 25
coin 14 21
coin 36 15
round 26
round 27
round 28
round 29
round 30
coin 42 18
coin 8 18
round 31
round 32
round 33
round 34
round 35
coin 8 9
coin 42 27
round 36
round 37
round 38
round 39
round 40
coin 3 14
coin 47 22
round 41
round 42
round 43
round 44
round 45
coin 40 1
coin 10 35
round 46
round 47
round 48
round 49
round 50
coin 35 36
coin 15 0
round 51
round 52
round 53
round 54
round 55
coin 20 25
coin 31 11
round 56
round 57
round 58
round 59
round 60
coin 2 16
coin 48 20
round 61
round 62
round 63
round 64
round 65
coin 7 0
coin 43 36
round 66
round 67
round 68
round 69
round 70
coin 19 16
coin 31 20
round 71
round 72
round 73
round 74
round 75
coin 29 31
coin 21 5
round 76
round 77
round 78
round 79
round 80
coin 38 26
coin 11 10
round 81
round 82
round 83
round 84
round 85
coin 41 23
coin 9 13
round 86
round 87
round 88
round 89
round 90
coin 42 31
coin 8 5
round 91
round 92
round 93
round 94
round 95
coin 1 16
coin 49 20
round 96
round 97
round 98
round 99
round 100
coin 23 22
coin 27 14
round 101
round 102
round 103
round 104
round 105
coin 29 26
coin 21 10
round 106
round 107
round 108
round 109
round 110
coin 14 22
coin 35 15
round 111
round 112
round 113
round 114
round 115
coin 28 3
coin 22 33
round 116
round 117
round 118
round 119
round 120
coin 13 20
coin 37 16
round 121
round 122
round 123
round 124
round 125
coin 22 22
coin 28 14
round 126
round 127
round 128
round 129
round 130
coin 5 26
coin 45 10
round 131
round 132
round 133
round 134
round 135
coin 23 36
coin 26 0
round 136
round 137
round 138
round 139
round 140
coin 34 29
coin 16 6
round 141
round 142
round 143
round 144
round 145
coin 42 34
coin 8 2
round 146
round 147
round 148
round 149
round 150
coin 46 12
coin 3 24
round 151
round 152
round 153
round 154
round 155
coin 20 18
coin 30 18
round 156
round 157
round 158
round 159
round 160
coin 38 22
coin 12 14
round 161
round 162
round 163
round 164
round 165
coin 20 10
coin 30 26
round 166
round 167
round 168
round 169
round 170
coin 0 19
coin 50 17
round 171
round 172
round 173
round 174
round 175
coin 49 21
coin 1 15
round 176
round 177
round 178
round 179
round 180
coin 13 18
coin 38 18
round 181
round 182
round 183
round 184
round 185
coin 22 31
coin 28 5
round 186
round 187
round 188
round 189
round 190
coin 47 20
coin 3 16
round 191
round 192
round 193
round 194
round 195
coin 38 27
coin 11 9
round 196
round 197
round 198
round 199
round 200
coin 24 31
coin 26 5
match_over 0
