match
match_id 1639414200026_dw
match_time 1639414200030
num_bots 1
##MatchConfig
mode FRIENDLY
num_rounds 200
random_seed 42
move_time_limit 1000
coin_spawn_period 5
coin_spawn_volume 2
##MapConfig
map_size 59 38
view_radius 6
mining_radius 1
attack_radius 4
block 15 0
block 16 0
block 17 0
block 18 0
block 19 0
block 20 0
block 21 0
block 34 0
block 35 0
block 36 0
block 37 0
block 38 0
block 39 0
block 40 0
block 51 0
block 52 0
block 53 0
block 54 0
block 55 0
block 15 1
block 16 1
block 17 1
block 18 1
block 19 1
block 20 1
block 21 1
block 34 1
block 35 1
block 36 1
block 37 1
block 38 1
block 39 1
block 40 1
block 42 1
block 43 1
block 44 1
block 45 1
block 46 1
block 47 1
block 48 1
block 51 1
block 52 1
block 53 1
block 54 1
block 55 1
block 15 2
block 16 2
block 17 2
block 18 2
block 19 2
block 20 2
block 21 2
block 29 2
block 30 2
block 31 2
block 42 2
block 43 2
block 44 2
block 45 2
block 46 2
block 47 2
block 48 2
block 51 2
block 52 2
block 53 2
block 54 2
block 55 2
block 29 3
block 30 3
block 31 3
block 42 3
block 43 3
block 44 3
block 45 3
block 46 3
block 47 3
block 48 3
block 51 3
block 52 3
block 53 3
block 54 3
block 55 3
block 42 4
block 43 4
block 44 4
block 45 4
block 46 4
block 47 4
block 48 4
block 51 4
block 52 4
block 53 4
block 54 4
block 55 4
block 10 5
block 11 5
block 42 5
block 43 5
block 44 5
block 45 5
block 46 5
block 47 5
block 48 5
block 10 6
block 11 6
block 42 6
block 43 6
block 44 6
block 45 6
block 46 6
block 47 6
block 48 6
block 10 7
block 11 7
block 42 7
block 43 7
block 44 7
block 45 7
block 46 7
block 47 7
block 48 7
block 10 8
block 11 8
block 10 9
block 11 9
block 17 9
block 18 9
block 19 9
block 20 9
block 21 9
block 22 9
block 10 10
block 11 10
block 17 10
block 18 10
block 19 10
block 20 10
block 21 10
block 22 10
block 17 11
block 18 11
block 19 11
block 20 11
block 21 11
block 22 11
block 17 12
block 18 12
block 19 12
block 20 12
block 21 12
block 22 12
block 17 13
block 18 13
block 19 13
block 20 13
block 21 13
block 22 13
block 23 13
block 24 13
block 17 14
block 18 14
block 19 14
block 20 14
block 21 14
block 22 14
block 23 14
block 24 14
block 17 15
block 18 15
block 19 15
block 20 15
block 21 15
block 22 15
block 49 15
block 50 15
block 51 15
block 52 15
block 49 16
block 50 16
block 51 16
block 52 16
block 49 17
block 50 17
block 51 17
block 52 17
block 18 18
block 19 18
block 20 18
block 49 18
block 50 18
block 51 18
block 52 18
block 18 19
block 19 19
block 20 19
block 18 20
block 19 20
block 20 20
block 18 21
block 19 21
block 20 21
block 18 22
block 19 22
block 20 22
block 0 26
block 1 26
block 2 26
block 17 26
block 18 26
block 19 26
block 20 26
block 21 26
block 22 26
block 57 26
block 58 26
block 0 27
block 1 27
block 2 27
block 17 27
block 18 27
block 19 27
block 20 27
block 21 27
block 22 27
block 24 27
block 25 27
block 26 27
block 27 27
block 28 27
block 29 27
block 30 27
block 57 27
block 58 27
block 0 28
block 1 28
block 2 28
block 17 28
block 18 28
block 19 28
block 20 28
block 21 28
block 22 28
block 24 28
block 25 28
block 26 28
block 27 28
block 28 28
block 29 28
block 30 28
block 57 28
block 58 28
block 8 29
block 9 29
block 10 29
block 11 29
block 12 29
block 13 29
block 14 29
block 17 29
block 18 29
block 19 29
block 20 29
block 21 29
block 22 29
block 24 29
block 25 29
block 26 29
block 27 29
block 28 29
block 29 29
block 30 29
block 8 30
block 9 30
block 10 30
block 11 30
block 12 30
block 13 30
block 14 30
block 17 30
block 18 30
block 19 30
block 20 30
block 21 30
block 22 30
block 24 30
block 25 30
block 26 30
block 27 30
block 28 30
block 29 30
block 30 30
block 43 30
block 44 30
block 45 30
block 8 31
block 9 31
block 10 31
block 11 31
block 12 31
block 13 31
block 14 31
block 17 31
block 18 31
block 19 31
block 20 31
block 21 31
block 22 31
block 43 31
block 44 31
block 45 31
block 8 32
block 9 32
block 10 32
block 11 32
block 12 32
block 13 32
block 14 32
block 43 32
block 44 32
block 45 32
block 8 33
block 9 33
block 10 33
block 11 33
block 12 33
block 13 33
block 14 33
block 36 33
block 37 33
block 38 33
block 39 33
block 40 33
block 41 33
block 43 33
block 44 33
block 45 33
block 8 34
block 9 34
block 10 34
block 11 34
block 12 34
block 13 34
block 14 34
block 36 34
block 37 34
block 38 34
block 39 34
block 40 34
block 41 34
block 43 34
block 44 34
block 45 34
block 8 35
block 9 35
block 10 35
block 11 35
block 12 35
block 13 35
block 14 35
block 36 35
block 37 35
block 38 35
block 39 35
block 40 35
block 41 35
block 34 37
block 35 37
block 36 37
block 37 37
block 38 37
block 39 37
block 40 37
block 51 37
block 52 37
block 53 37
block 54 37
block 55 37
##BotsAndCoinsInfo
bot_name 0 martyn
bot 0 47 14
bot_coins 0 0
coin 33 9
coin 25 26
round 1
round 2
round 3
match_over 0
round 4
