match
match_id 1639176904144_hj
match_time 1639176904149
num_bots 1
##MatchConfig
mode FRIENDLY
num_rounds 200
random_seed 42
move_time_limit 1000
coin_spawn_period 5
coin_spawn_volume 2
##MapConfig
map_size 78 37
view_radius 6
mining_radius 2
attack_radius 3
block 14 0
block 15 0
block 21 0
block 22 0
block 23 0
block 24 0
block 25 0
block 26 0
block 27 0
block 52 0
block 53 0
block 54 0
block 55 0
block 56 0
block 57 0
block 58 0
block 14 1
block 15 1
block 21 1
block 22 1
block 23 1
block 24 1
block 25 1
block 26 1
block 27 1
block 52 1
block 53 1
block 54 1
block 55 1
block 56 1
block 57 1
block 58 1
block 14 2
block 15 2
block 21 2
block 22 2
block 23 2
block 24 2
block 25 2
block 26 2
block 27 2
block 29 2
block 30 2
block 31 2
block 32 2
block 33 2
block 34 2
block 35 2
block 10 3
block 11 3
block 21 3
block 22 3
block 23 3
block 24 3
block 25 3
block 26 3
block 27 3
block 29 3
block 30 3
block 31 3
block 32 3
block 33 3
block 34 3
block 35 3
block 10 4
block 11 4
block 21 4
block 22 4
block 23 4
block 24 4
block 25 4
block 26 4
block 27 4
block 10 5
block 11 5
block 21 5
block 22 5
block 23 5
block 24 5
block 25 5
block 26 5
block 27 5
block 10 6
block 11 6
block 14 6
block 15 6
block 10 7
block 11 7
block 14 7
block 15 7
block 10 8
block 11 8
block 14 8
block 15 8
block 10 9
block 11 9
block 14 9
block 15 9
block 14 10
block 15 10
block 14 11
block 15 11
block 14 12
block 15 12
block 12 16
block 13 16
block 14 16
block 15 16
block 12 17
block 13 17
block 14 17
block 15 17
block 12 18
block 13 18
block 14 18
block 15 18
block 28 18
block 29 18
block 28 19
block 29 19
block 56 19
block 57 19
block 28 20
block 29 20
block 56 20
block 57 20
block 28 21
block 29 21
block 56 21
block 57 21
block 28 22
block 29 22
block 56 22
block 57 22
block 23 23
block 24 23
block 25 23
block 26 23
block 27 23
block 28 23
block 29 23
block 50 23
block 51 23
block 52 23
block 53 23
block 56 23
block 57 23
block 23 24
block 24 24
block 25 24
block 26 24
block 27 24
block 28 24
block 29 24
block 50 24
block 51 24
block 52 24
block 53 24
block 56 24
block 57 24
block 16 25
block 17 25
block 18 25
block 19 25
block 23 25
block 24 25
block 25 25
block 26 25
block 27 25
block 50 25
block 51 25
block 52 25
block 53 25
block 56 25
block 57 25
block 16 26
block 17 26
block 18 26
block 19 26
block 50 26
block 51 26
block 52 26
block 53 26
block 16 27
block 17 27
block 18 27
block 19 27
block 50 27
block 51 27
block 52 27
block 53 27
block 16 28
block 17 28
block 18 28
block 19 28
block 50 28
block 51 28
block 52 28
block 53 28
block 16 29
block 17 29
block 18 29
block 19 29
block 50 29
block 51 29
block 52 29
block 53 29
block 16 30
block 17 30
block 18 30
block 19 30
block 52 34
block 53 34
block 54 34
block 55 34
block 56 34
block 57 34
block 58 34
block 14 35
block 15 35
block 52 35
block 53 35
block 54 35
block 55 35
block 56 35
block 57 35
block 58 35
block 14 36
block 15 36
block 52 36
block 53 36
block 54 36
block 55 36
block 56 36
block 57 36
block 58 36
##BotsAndCoinsInfo
bot_name 0 starter-bot
bot 0 50 19
bot_coins 0 0
coin 26 14
coin 51 22
round 1
bot 0 50 20
round 2
bot 0 50 21
coin_collected 51 22 0
bot_coins 0 1
round 3
bot 0 50 22
round 4
bot 0 49 22
round 5
bot 0 49 23
coin 48 10
coin 29 26
round 6
bot 0 49 24
round 7
bot 0 49 25
round 8
bot 0 49 26
round 9
bot 0 49 27
round 10
bot 0 49 28
coin 0 8
coin 77 28
round 11
bot 0 49 29
round 12
bot 0 49 30
round 13
bot 0 49 31
round 14
bot 0 49 32
round 15
bot 0 49 33
coin 65 14
coin 12 22
round 16
bot 0 49 34
round 17
bot 0 49 35
round 18
bot 0 49 36
round 19
bot 0 49 0
round 20
bot 0 48 36
coin 55 2
coin 22 34
round 21
bot 0 48 35
round 22
bot 0 48 34
round 23
bot 0 48 33
round 24
bot 0 48 32
round 25
bot 0 48 31
coin 26 21
coin 51 15
round 26
bot 0 48 30
round 27
bot 0 48 29
round 28
bot 0 48 28
round 29
bot 0 48 27
round 30
bot 0 48 26
coin 60 18
coin 17 18
round 31
bot 0 48 25
round 32
bot 0 48 24
round 33
bot 0 48 23
round 34
bot 0 48 22
round 35
bot 0 48 21
coin 20 9
coin 57 27
round 36
bot 0 48 20
round 37
bot 0 48 19
round 38
bot 0 48 18
round 39
bot 0 48 17
round 40
coin 48 14
coin 30 22
round 41
round 42
match_over 0
round 43
