match
match_id 1639168150485_bi
match_time 1639168150487
num_bots 1
##MatchConfig
mode FRIENDLY
num_rounds 200
random_seed 42
move_time_limit 1000
coin_spawn_period 5
coin_spawn_volume 2
##MapConfig
map_size 48 36
view_radius 6
mining_radius 1
attack_radius 4
block 41 4
block 42 4
block 43 4
block 41 5
block 42 5
block 43 5
block 41 6
block 42 6
block 43 6
block 41 7
block 42 7
block 43 7
block 41 8
block 42 8
block 43 8
block 41 9
block 42 9
block 43 9
block 41 10
block 42 10
block 43 10
block 10 13
block 11 13
block 12 13
block 13 13
block 14 13
block 15 13
block 16 13
block 7 14
block 8 14
block 9 14
block 10 14
block 11 14
block 12 14
block 13 14
block 14 14
block 15 14
block 16 14
block 7 15
block 8 15
block 9 15
block 10 15
block 11 15
block 12 15
block 13 15
block 14 15
block 15 15
block 16 15
block 19 15
block 20 15
block 21 15
block 22 15
block 23 15
block 24 15
block 35 15
block 36 15
block 37 15
block 38 15
block 39 15
block 40 15
block 41 15
block 42 15
block 45 15
block 46 15
block 47 15
block 1 16
block 2 16
block 3 16
block 7 16
block 8 16
block 9 16
block 10 16
block 11 16
block 12 16
block 13 16
block 14 16
block 15 16
block 16 16
block 19 16
block 20 16
block 21 16
block 22 16
block 23 16
block 24 16
block 35 16
block 36 16
block 37 16
block 38 16
block 39 16
block 40 16
block 41 16
block 42 16
block 45 16
block 46 16
block 47 16
block 1 17
block 2 17
block 3 17
block 7 17
block 8 17
block 9 17
block 10 17
block 11 17
block 12 17
block 13 17
block 14 17
block 15 17
block 16 17
block 35 17
block 36 17
block 37 17
block 38 17
block 39 17
block 40 17
block 41 17
block 42 17
block 45 17
block 46 17
block 47 17
block 1 18
block 2 18
block 3 18
block 7 18
block 8 18
block 9 18
block 10 18
block 11 18
block 12 18
block 13 18
block 14 18
block 15 18
block 16 18
block 35 18
block 36 18
block 37 18
block 38 18
block 39 18
block 40 18
block 45 18
block 46 18
block 47 18
block 1 19
block 2 19
block 3 19
block 7 19
block 8 19
block 9 19
block 10 19
block 11 19
block 12 19
block 13 19
block 14 19
block 15 19
block 16 19
block 45 19
block 46 19
block 47 19
block 1 20
block 2 20
block 3 20
block 21 20
block 22 20
block 23 20
block 24 20
block 25 20
block 45 20
block 46 20
block 47 20
block 21 21
block 22 21
block 23 21
block 24 21
block 25 21
block 21 22
block 22 22
block 23 22
block 24 22
block 25 22
block 15 23
block 16 23
block 17 23
block 15 24
block 16 24
block 17 24
block 37 24
block 38 24
block 39 24
block 40 24
block 41 24
block 15 25
block 16 25
block 17 25
block 37 25
block 38 25
block 39 25
block 40 25
block 41 25
block 21 26
block 22 26
block 37 26
block 38 26
block 39 26
block 40 26
block 41 26
block 21 27
block 22 27
block 29 27
block 30 27
block 37 27
block 38 27
block 39 27
block 40 27
block 41 27
block 21 28
block 22 28
block 23 28
block 24 28
block 25 28
block 29 28
block 30 28
block 37 28
block 38 28
block 39 28
block 40 28
block 41 28
block 7 29
block 8 29
block 9 29
block 10 29
block 21 29
block 22 29
block 23 29
block 24 29
block 25 29
block 27 29
block 28 29
block 29 29
block 30 29
block 7 30
block 8 30
block 9 30
block 10 30
block 21 30
block 22 30
block 27 30
block 28 30
block 29 30
block 30 30
block 7 31
block 8 31
block 9 31
block 10 31
block 27 31
block 28 31
block 29 31
block 30 31
block 7 32
block 8 32
block 9 32
block 10 32
block 24 32
block 25 32
block 26 32
block 27 32
block 28 32
block 29 32
block 30 32
block 7 33
block 8 33
block 9 33
block 10 33
block 24 33
block 25 33
block 26 33
block 27 33
block 28 33
block 29 33
block 30 33
block 7 34
block 8 34
block 9 34
block 10 34
block 24 34
block 25 34
block 26 34
block 27 34
block 28 34
block 29 34
block 30 34
block 7 35
block 8 35
block 9 35
block 10 35
block 27 35
block 28 35
block 29 35
##BotsAndCoinsInfo
bot_name 0 starter-bot
bot 0 26 30
bot_coins 0 0
coin 26 3
coin 21 32
round 1
bot 0 26 31
round 2
round 3
round 4
round 5
coin 0 8
coin 47 27
round 6
round 7
round 8
round 9
round 10
coin 18 25
coin 29 10
round 11
round 12
round 13
round 14
round 15
coin 17 2
coin 31 33
round 16
round 17
round 18
round 19
round 20
coin 31 29
coin 16 6
round 21
round 22
round 23
round 24
round 25
coin 14 26
coin 33 9
round 26
round 27
round 28
round 29
round 30
coin 12 0
coin 35 35
round 31
round 32
round 33
round 34
round 35
coin 44 32
coin 3 3
round 36
round 37
round 38
round 39
round 40
coin 24 6
coin 23 30
round 41
round 42
round 43
round 44
round 45
coin 6 17
coin 41 18
round 46
round 47
round 48
round 49
round 50
coin 6 31
coin 40 4
round 51
round 52
round 53
round 54
round 55
coin 26 35
coin 21 0
round 56
round 57
round 58
round 59
round 60
coin 11 9
coin 36 26
round 61
round 62
round 63
round 64
round 65
coin 46 22
coin 1 13
round 66
round 67
round 68
round 69
round 70
coin 43 30
coin 4 5
round 71
round 72
round 73
round 74
round 75
coin 10 12
coin 37 23
round 76
round 77
round 78
round 79
round 80
coin 14 5
coin 33 30
round 81
round 82
round 83
round 84
round 85
coin 41 23
coin 6 12
round 86
round 87
round 88
round 89
round 90
coin 12 25
coin 35 10
round 91
round 92
round 93
round 94
round 95
coin 25 12
coin 22 23
round 96
round 97
round 98
round 99
round 100
coin 11 12
coin 36 23
round 101
round 102
round 103
round 104
round 105
coin 47 25
coin 0 10
round 106
round 107
round 108
round 109
round 110
coin 23 6
coin 24 30
round 111
round 112
round 113
round 114
round 115
coin 7 11
coin 40 23
round 116
round 117
round 118
round 119
round 120
coin 13 7
coin 34 28
round 121
round 122
round 123
round 124
round 125
coin 25 31
coin 22 4
round 126
coin_collected 25 31 0
bot_coins 0 1
round 127
round 128
round 129
round 130
coin 38 4
coin 11 31
round 131
round 132
round 133
round 134
round 135
coin 6 34
coin 41 1
round 136
round 137
round 138
round 139
round 140
coin 1 31
coin 46 4
round 141
round 142
round 143
round 144
round 145
coin 20 27
coin 27 8
round 146
round 147
round 148
round 149
round 150
coin 25 23
coin 22 12
round 151
round 152
round 153
round 154
round 155
coin 32 13
coin 15 22
round 156
round 157
round 158
round 159
round 160
coin 38 14
coin 9 21
round 161
round 162
round 163
round 164
round 165
coin 14 31
coin 33 4
round 166
round 167
round 168
round 169
round 170
coin 15 27
coin 32 8
round 171
round 172
round 173
round 174
round 175
coin 22 5
coin 25 30
round 176
round 177
round 178
round 179
round 180
coin 13 25
coin 34 10
round 181
round 182
round 183
round 184
round 185
coin 37 5
coin 11 30
round 186
round 187
round 188
round 189
round 190
coin 26 16
coin 21 19
round 191
round 192
round 193
round 194
round 195
coin 17 33
coin 30 2
round 196
round 197
round 198
round 199
round 200
coin 24 10
coin 23 25
match_over 0
