match
match_id 1639324766870_ae
match_time 1639324766874
num_bots 1
##MatchConfig
mode FRIENDLY
num_rounds 200
random_seed 42
move_time_limit 1000
coin_spawn_period 5
coin_spawn_volume 2
##MapConfig
map_size 78 33
view_radius 5
mining_radius 1
attack_radius 4
block 46 0
block 47 0
block 48 0
block 49 0
block 50 0
block 22 1
block 23 1
block 46 1
block 47 1
block 48 1
block 49 1
block 50 1
block 22 2
block 23 2
block 27 2
block 28 2
block 46 2
block 47 2
block 48 2
block 49 2
block 50 2
block 27 3
block 28 3
block 46 3
block 47 3
block 48 3
block 49 3
block 50 3
block 27 4
block 28 4
block 46 4
block 47 4
block 48 4
block 49 4
block 50 4
block 27 5
block 28 5
block 46 5
block 47 5
block 48 5
block 49 5
block 50 5
block 27 6
block 28 6
block 34 6
block 35 6
block 36 6
block 37 6
block 38 6
block 34 7
block 35 7
block 36 7
block 37 7
block 38 7
block 24 8
block 25 8
block 26 8
block 27 8
block 34 8
block 35 8
block 36 8
block 37 8
block 38 8
block 24 9
block 25 9
block 26 9
block 27 9
block 34 9
block 35 9
block 36 9
block 37 9
block 38 9
block 8 10
block 9 10
block 10 10
block 24 10
block 25 10
block 26 10
block 27 10
block 8 11
block 9 11
block 10 11
block 24 11
block 25 11
block 26 11
block 27 11
block 8 12
block 9 12
block 10 12
block 72 12
block 73 12
block 74 12
block 8 13
block 9 13
block 10 13
block 62 13
block 63 13
block 64 13
block 65 13
block 66 13
block 67 13
block 72 13
block 73 13
block 74 13
block 8 14
block 9 14
block 10 14
block 62 14
block 63 14
block 64 14
block 65 14
block 66 14
block 67 14
block 8 15
block 9 15
block 10 15
block 62 15
block 63 15
block 64 15
block 65 15
block 66 15
block 67 15
block 8 16
block 9 16
block 10 16
block 62 16
block 63 16
block 64 16
block 65 16
block 66 16
block 67 16
block 46 17
block 47 17
block 48 17
block 49 17
block 50 17
block 51 17
block 52 17
block 65 17
block 66 17
block 67 17
block 46 18
block 47 18
block 48 18
block 49 18
block 50 18
block 51 18
block 52 18
block 65 18
block 66 18
block 67 18
block 40 19
block 41 19
block 42 19
block 43 19
block 44 19
block 46 19
block 47 19
block 48 19
block 49 19
block 50 19
block 51 19
block 52 19
block 65 19
block 66 19
block 67 19
block 40 20
block 41 20
block 42 20
block 43 20
block 44 20
block 46 20
block 47 20
block 48 20
block 49 20
block 50 20
block 51 20
block 52 20
block 65 20
block 66 20
block 67 20
block 65 21
block 66 21
block 67 21
block 28 22
block 29 22
block 30 22
block 31 22
block 32 22
block 33 22
block 55 22
block 56 22
block 57 22
block 58 22
block 59 22
block 28 23
block 29 23
block 30 23
block 31 23
block 32 23
block 33 23
block 55 23
block 56 23
block 57 23
block 58 23
block 59 23
block 28 24
block 29 24
block 30 24
block 31 24
block 32 24
block 33 24
block 55 24
block 56 24
block 57 24
block 58 24
block 59 24
block 18 25
block 19 25
block 20 25
block 21 25
block 22 25
block 28 25
block 29 25
block 30 25
block 31 25
block 32 25
block 33 25
block 55 25
block 56 25
block 57 25
block 58 25
block 59 25
block 70 25
block 71 25
block 72 25
block 73 25
block 74 25
block 75 25
block 18 26
block 19 26
block 20 26
block 21 26
block 22 26
block 28 26
block 29 26
block 30 26
block 31 26
block 32 26
block 33 26
block 55 26
block 56 26
block 57 26
block 58 26
block 59 26
block 70 26
block 71 26
block 72 26
block 73 26
block 74 26
block 75 26
block 18 27
block 19 27
block 20 27
block 21 27
block 22 27
block 28 27
block 29 27
block 30 27
block 31 27
block 32 27
block 33 27
block 55 27
block 56 27
block 57 27
block 58 27
block 59 27
block 70 27
block 71 27
block 72 27
block 73 27
block 74 27
block 75 27
block 18 28
block 19 28
block 20 28
block 21 28
block 22 28
block 55 28
block 56 28
block 57 28
block 58 28
block 59 28
block 70 28
block 71 28
block 72 28
block 73 28
block 74 28
block 75 28
block 18 29
block 19 29
block 20 29
block 21 29
block 22 29
block 55 29
block 56 29
block 57 29
block 58 29
block 59 29
block 18 30
block 19 30
block 20 30
block 21 30
block 22 30
block 56 30
block 57 30
block 58 30
block 59 30
block 74 30
block 75 30
block 18 31
block 19 31
block 20 31
block 21 31
block 22 31
block 56 31
block 57 31
block 58 31
block 59 31
block 74 31
block 75 31
block 46 32
block 47 32
block 48 32
block 49 32
block 50 32
block 56 32
block 57 32
block 58 32
block 59 32
##BotsAndCoinsInfo
bot_name 0 starter-bot
bot 0 29 28
bot_coins 0 0
coin 26 15
coin 51 16
round 1
bot 0 29 29
round 2
bot 0 29 30
round 3
bot 0 29 31
round 4
bot 0 29 32
round 5
bot 0 28 31
coin 48 6
coin 27 26
round 6
bot 0 28 30
round 7
bot 0 28 29
round 8
bot 0 28 28
round 9
round 10
coin 0 19
coin 77 13
round 11
round 12
round 13
round 14
round 15
coin 65 2
coin 12 30
round 16
round 17
round 18
round 19
round 20
coin 55 17
coin 22 15
round 21
round 22
round 23
round 24
round 25
coin 26 29
coin 51 3
round 26
round 27
round 28
round 29
round 30
coin 60 0
coin 17 32
round 31
round 32
round 33
round 34
round 35
coin 20 11
coin 57 21
round 36
round 37
round 38
round 39
round 40
coin 48 9
coin 27 23
round 41
round 42
round 43
round 44
round 45
coin 37 20
coin 40 12
round 46
round 47
round 48
round 49
round 50
coin 14 4
coin 63 28
round 51
round 52
round 53
round 54
round 55
coin 26 7
coin 51 25
round 56
round 57
round 58
round 59
round 60
coin 77 30
coin 0 2
round 61
round 62
round 63
round 64
round 65
coin 64 28
coin 13 4
round 66
round 67
round 68
round 69
round 70
coin 19 18
coin 58 14
round 71
round 72
round 73
round 74
round 75
coin 64 17
coin 13 15
round 76
round 77
round 78
round 79
round 80
coin 44 2
coin 33 30
round 81
round 82
round 83
round 84
round 85
coin 59 14
coin 18 18
round 86
round 87
round 88
round 89
round 90
coin 6 22
coin 71 10
round 91
round 92
round 93
round 94
round 95
coin 68 15
coin 9 17
round 96
round 97
round 98
round 99
round 100
coin 5 25
coin 72 7
round 101
round 102
round 103
round 104
round 105
coin 47 13
coin 30 19
round 106
round 107
round 108
round 109
round 110
coin 41 6
coin 36 26
round 111
round 112
round 113
round 114
round 115
coin 55 5
coin 23 27
round 116
round 117
round 118
round 119
round 120
coin 1 22
coin 76 10
round 121
round 122
round 123
round 124
round 125
coin 61 2
coin 16 30
round 126
round 127
round 128
round 129
round 130
coin 68 4
coin 9 28
round 131
round 132
round 133
round 134
round 135
coin 14 13
coin 63 19
round 136
round 137
round 138
round 139
round 140
coin 25 28
coin 52 4
round 141
round 142
round 143
round 144
round 145
coin 75 15
coin 2 17
round 146
round 147
round 148
round 149
round 150
coin 19 14
coin 58 18
round 151
round 152
round 153
round 154
round 155
coin 32 19
coin 45 13
round 156
round 157
round 158
round 159
round 160
coin 50 26
coin 26 6
round 161
round 162
round 163
round 164
round 165
coin 20 24
coin 57 8
round 166
round 167
round 168
round 169
round 170
coin 11 15
coin 68 17
round 171
round 172
round 173
round 174
round 175
coin 58 2
coin 17 30
round 176
round 177
round 178
round 179
round 180
coin 13 3
coin 64 29
round 181
round 182
round 183
round 184
round 185
coin 13 5
coin 64 27
round 186
round 187
round 188
round 189
round 190
coin 68 19
coin 11 13
round 191
round 192
round 193
round 194
round 195
coin 29 21
coin 48 11
round 196
round 197
round 198
round 199
round 200
coin 66 25
coin 11 7
match_over 0
