match
match_id 1639212856205_kb
match_time 1639212856208
num_bots 1
##MatchConfig
mode FRIENDLY
num_rounds 200
random_seed 42
move_time_limit 1000
coin_spawn_period 5
coin_spawn_volume 2
##MapConfig
map_size 69 30
view_radius 6
mining_radius 2
attack_radius 3
block 9 0
block 10 0
block 11 0
block 12 0
block 32 0
block 33 0
block 34 0
block 35 0
block 9 1
block 10 1
block 11 1
block 12 1
block 19 1
block 20 1
block 32 1
block 33 1
block 34 1
block 35 1
block 19 2
block 20 2
block 32 2
block 33 2
block 34 2
block 35 2
block 32 3
block 33 3
block 34 3
block 35 3
block 32 4
block 33 4
block 34 4
block 35 4
block 61 4
block 62 4
block 63 4
block 64 4
block 65 4
block 66 4
block 67 4
block 32 5
block 33 5
block 34 5
block 35 5
block 61 5
block 62 5
block 63 5
block 64 5
block 65 5
block 66 5
block 67 5
block 32 6
block 33 6
block 34 6
block 35 6
block 61 6
block 62 6
block 63 6
block 64 6
block 65 6
block 66 6
block 67 6
block 11 7
block 12 7
block 13 7
block 14 7
block 15 7
block 16 7
block 17 7
block 11 8
block 12 8
block 13 8
block 14 8
block 15 8
block 16 8
block 17 8
block 11 9
block 12 9
block 13 9
block 14 9
block 15 9
block 16 9
block 17 9
block 11 10
block 12 10
block 13 10
block 14 10
block 15 10
block 16 10
block 17 10
block 58 10
block 59 10
block 60 10
block 11 11
block 12 11
block 13 11
block 14 11
block 15 11
block 16 11
block 17 11
block 58 11
block 59 11
block 60 11
block 11 12
block 12 12
block 13 12
block 14 12
block 15 12
block 16 12
block 17 12
block 58 12
block 59 12
block 60 12
block 58 13
block 59 13
block 60 13
block 50 18
block 51 18
block 52 18
block 53 18
block 50 19
block 51 19
block 52 19
block 53 19
block 0 22
block 1 22
block 2 22
block 3 22
block 4 22
block 0 23
block 1 23
block 2 23
block 3 23
block 4 23
block 0 24
block 1 24
block 2 24
block 3 24
block 4 24
block 0 25
block 1 25
block 2 25
block 3 25
block 4 25
block 16 25
block 17 25
block 18 25
block 19 25
block 0 26
block 1 26
block 2 26
block 3 26
block 4 26
block 9 26
block 10 26
block 11 26
block 12 26
block 16 26
block 17 26
block 18 26
block 19 26
block 9 27
block 10 27
block 11 27
block 12 27
block 9 28
block 10 28
block 11 28
block 12 28
block 9 29
block 10 29
block 11 29
block 12 29
##BotsAndCoinsInfo
bot_name 0 starter-bot
bot 0 45 20
bot_coins 0 0
coin 29 3
coin 39 26
round 1
bot 0 45 21
round 2
bot 0 45 22
round 3
bot 0 45 23
round 4
bot 0 45 24
round 5
bot 0 45 25
coin 9 14
coin 59 15
round 6
bot 0 45 26
round 7
bot 0 45 27
round 8
bot 0 45 28
round 9
bot 0 45 29
round 10
bot 0 44 28
coin 30 25
coin 38 4
round 11
bot 0 44 27
round 12
bot 0 44 26
round 13
bot 0 44 25
round 14
bot 0 44 24
round 15
bot 0 44 23
coin 5 8
coin 63 21
round 16
bot 0 44 22
round 17
bot 0 44 21
round 18
bot 0 44 20
round 19
bot 0 44 19
round 20
bot 0 44 18
coin 7 23
coin 60 6
round 21
bot 0 44 17
round 22
bot 0 44 16
round 23
bot 0 44 15
round 24
bot 0 44 14
round 25
bot 0 44 13
coin 23 2
coin 45 27
round 26
bot 0 44 12
round 27
bot 0 44 11
round 28
bot 0 44 10
round 29
bot 0 44 9
round 30
bot 0 44 8
coin 48 12
coin 20 17
round 31
bot 0 44 7
round 32
bot 0 44 6
round 33
bot 0 44 5
round 34
bot 0 44 4
round 35
bot 0 44 3
coin 59 2
coin 8 27
round 36
bot 0 44 2
round 37
bot 0 44 1
round 38
bot 0 44 0
round 39
bot 0 43 1
round 40
bot 0 43 2
coin 33 29
coin 36 0
round 41
bot 0 43 3
round 42
bot 0 43 4
round 43
bot 0 43 5
round 44
bot 0 43 6
round 45
bot 0 43 7
coin 46 29
coin 22 0
round 46
bot 0 43 8
round 47
bot 0 43 9
round 48
bot 0 43 10
round 49
bot 0 43 11
round 50
bot 0 43 12
coin 14 13
coin 54 16
round 51
bot 0 43 13
round 52
bot 0 43 14
round 53
bot 0 43 15
round 54
bot 0 43 16
round 55
bot 0 43 17
coin 23 3
coin 45 26
round 56
bot 0 43 18
round 57
bot 0 43 19
round 58
bot 0 43 20
round 59
bot 0 43 21
round 60
bot 0 43 22
coin 26 21
coin 42 8
round 61
bot 0 43 23
round 62
bot 0 43 24
round 63
bot 0 43 25
round 64
bot 0 43 26
coin_collected 45 26 0
bot_coins 0 1
round 65
bot 0 43 27
coin_collected 45 27 0
bot_coins 0 2
coin 61 28
coin 7 1
round 66
bot 0 43 28
round 67
bot 0 43 29
round 68
bot 0 42 28
round 69
bot 0 42 27
round 70
bot 0 42 26
coin 58 6
coin 10 23
round 71
bot 0 42 25
round 72
bot 0 42 24
round 73
bot 0 42 23
round 74
bot 0 42 22
round 75
bot 0 42 21
coin 43 6
coin 25 23
round 76
bot 0 42 20
round 77
bot 0 42 19
round 78
bot 0 42 18
round 79
bot 0 42 17
round 80
bot 0 42 16
coin 65 7
coin 3 21
round 81
bot 0 42 15
round 82
bot 0 42 14
round 83
bot 0 42 13
round 84
bot 0 42 12
round 85
bot 0 42 11
coin 62 17
coin 6 12
round 86
bot 0 42 10
coin_collected 42 8 0
bot_coins 0 3
round 87
bot 0 42 9
round 88
bot 0 42 8
round 89
bot 0 42 7
coin_collected 43 6 0
bot_coins 0 4
round 90
bot 0 42 6
coin 42 13
coin 26 16
round 91
bot 0 42 5
round 92
bot 0 42 4
round 93
bot 0 42 3
round 94
bot 0 42 2
round 95
bot 0 42 1
coin 7 24
coin 60 5
round 96
bot 0 42 0
round 97
bot 0 41 1
round 98
bot 0 41 2
round 99
bot 0 41 3
round 100
bot 0 41 4
coin 32 25
coin 36 4
round 101
bot 0 41 5
round 102
bot 0 41 6
round 103
bot 0 41 7
round 104
bot 0 41 8
round 105
bot 0 41 9
coin 14 6
coin 54 23
round 106
bot 0 41 10
round 107
bot 0 41 11
round 108
bot 0 41 12
coin_collected 42 13 0
bot_coins 0 5
round 109
bot 0 41 13
round 110
bot 0 41 14
coin 41 24
coin 27 5
round 111
bot 0 41 15
round 112
bot 0 41 16
round 113
bot 0 41 17
round 114
bot 0 41 18
round 115
bot 0 41 19
coin 37 5
coin 31 24
round 116
bot 0 41 20
round 117
bot 0 41 21
round 118
bot 0 41 22
coin_collected 41 24 0
bot_coins 0 6
round 119
bot 0 41 23
round 120
bot 0 41 24
coin 25 13
coin 43 16
round 121
bot 0 41 25
round 122
bot 0 41 26
coin_collected 39 26 0
bot_coins 0 7
round 123
bot 0 41 27
round 124
bot 0 41 28
round 125
bot 0 41 29
coin 37 20
coin 31 9
round 126
bot 0 40 28
round 127
bot 0 40 27
round 128
bot 0 40 26
round 129
bot 0 40 25
round 130
bot 0 40 24
coin 32 16
coin 36 13
round 131
bot 0 40 23
round 132
bot 0 40 22
round 133
bot 0 40 21
round 134
bot 0 40 20
round 135
bot 0 40 19
coin 68 10
coin 0 19
round 136
bot 0 40 18
round 137
bot 0 40 17
round 138
bot 0 40 16
round 139
bot 0 40 15
round 140
bot 0 40 14
coin 28 19
coin 40 10
round 141
bot 0 40 13
round 142
bot 0 40 12
coin_collected 40 10 0
bot_coins 0 8
round 143
bot 0 40 11
round 144
bot 0 40 10
round 145
bot 0 40 9
coin 9 3
coin 59 26
round 146
bot 0 40 8
round 147
bot 0 40 7
round 148
bot 0 40 6
round 149
bot 0 40 5
round 150
bot 0 40 4
coin_collected 38 4 0
bot_coins 0 9
coin 4 29
coin 64 0
round 151
bot 0 40 3
round 152
bot 0 40 2
round 153
bot 0 40 1
round 154
bot 0 40 0
round 155
bot 0 39 1
coin 62 1
coin 6 28
round 156
bot 0 39 2
round 157
bot 0 39 3
round 158
bot 0 39 4
round 159
bot 0 39 5
coin_collected 37 5 0
bot_coins 0 10
round 160
bot 0 39 6
coin 44 14
coin 24 15
round 161
bot 0 39 7
round 162
bot 0 39 8
round 163
bot 0 39 9
round 164
bot 0 39 10
round 165
bot 0 39 11
coin 35 19
coin 33 10
round 166
bot 0 39 12
round 167
bot 0 39 13
round 168
bot 0 39 14
round 169
bot 0 39 15
round 170
bot 0 39 16
coin 42 9
coin 26 20
round 171
bot 0 39 17
round 172
bot 0 39 18
round 173
bot 0 39 19
round 174
bot 0 39 20
coin_collected 37 20 0
bot_coins 0 11
round 175
bot 0 39 21
coin 40 11
coin 28 18
round 176
bot 0 39 22
round 177
bot 0 39 23
round 178
bot 0 39 24
round 179
bot 0 39 25
round 180
bot 0 39 26
coin 67 19
coin 1 10
round 181
bot 0 39 27
round 182
bot 0 39 28
round 183
bot 0 39 29
round 184
bot 0 38 28
round 185
bot 0 38 27
coin 58 23
coin 10 6
round 186
bot 0 38 26
round 187
bot 0 38 25
round 188
bot 0 38 24
round 189
bot 0 38 23
round 190
bot 0 38 22
coin 53 10
coin 15 19
round 191
bot 0 38 21
round 192
bot 0 38 20
round 193
bot 0 38 19
round 194
bot 0 38 18
round 195
bot 0 38 17
coin 23 4
coin 45 25
round 196
bot 0 38 16
round 197
bot 0 38 15
round 198
bot 0 38 14
round 199
bot 0 38 13
coin_collected 36 13 0
bot_coins 0 12
round 200
bot 0 38 12
coin 15 4
coin 53 25
match_over 0
