match
match_id 1639213705982_kq
match_time 1639213705984
num_bots 1
##MatchConfig
mode FRIENDLY
num_rounds 200
random_seed 42
move_time_limit 1000
coin_spawn_period 5
coin_spawn_volume 2
##MapConfig
map_size 74 24
view_radius 6
mining_radius 1
attack_radius 3
block 0 0
block 1 0
block 33 0
block 34 0
block 35 0
block 36 0
block 37 0
block 38 0
block 40 0
block 41 0
block 42 0
block 61 0
block 62 0
block 63 0
block 64 0
block 65 0
block 70 0
block 71 0
block 72 0
block 73 0
block 0 1
block 1 1
block 8 1
block 9 1
block 10 1
block 33 1
block 34 1
block 35 1
block 36 1
block 37 1
block 38 1
block 70 1
block 71 1
block 72 1
block 73 1
block 0 2
block 1 2
block 8 2
block 9 2
block 10 2
block 33 2
block 34 2
block 35 2
block 36 2
block 37 2
block 38 2
block 70 2
block 71 2
block 72 2
block 73 2
block 0 3
block 1 3
block 8 3
block 9 3
block 10 3
block 33 3
block 34 3
block 35 3
block 36 3
block 37 3
block 38 3
block 47 3
block 48 3
block 49 3
block 50 3
block 63 3
block 64 3
block 65 3
block 66 3
block 70 3
block 71 3
block 72 3
block 73 3
block 0 4
block 1 4
block 8 4
block 9 4
block 10 4
block 33 4
block 34 4
block 35 4
block 36 4
block 37 4
block 38 4
block 47 4
block 48 4
block 49 4
block 50 4
block 63 4
block 64 4
block 65 4
block 66 4
block 70 4
block 71 4
block 72 4
block 73 4
block 8 5
block 9 5
block 10 5
block 32 5
block 33 5
block 34 5
block 35 5
block 36 5
block 37 5
block 38 5
block 47 5
block 48 5
block 49 5
block 50 5
block 8 6
block 9 6
block 10 6
block 11 6
block 12 6
block 13 6
block 14 6
block 15 6
block 32 6
block 33 6
block 34 6
block 35 6
block 36 6
block 37 6
block 38 6
block 47 6
block 48 6
block 49 6
block 50 6
block 8 7
block 9 7
block 10 7
block 11 7
block 12 7
block 13 7
block 14 7
block 15 7
block 32 7
block 33 7
block 34 7
block 35 7
block 36 7
block 47 7
block 48 7
block 49 7
block 50 7
block 10 8
block 11 8
block 12 8
block 13 8
block 14 8
block 15 8
block 32 8
block 33 8
block 34 8
block 35 8
block 36 8
block 59 9
block 60 9
block 59 10
block 60 10
block 59 11
block 60 11
block 59 12
block 60 12
block 59 13
block 60 13
block 59 14
block 60 14
block 59 15
block 60 15
block 43 18
block 44 18
block 45 18
block 61 18
block 62 18
block 63 18
block 64 18
block 65 18
block 40 19
block 41 19
block 42 19
block 43 19
block 44 19
block 45 19
block 61 19
block 62 19
block 63 19
block 64 19
block 65 19
block 40 20
block 41 20
block 42 20
block 43 20
block 44 20
block 45 20
block 61 20
block 62 20
block 63 20
block 64 20
block 65 20
block 40 21
block 41 21
block 42 21
block 61 21
block 62 21
block 63 21
block 64 21
block 65 21
block 0 22
block 1 22
block 40 22
block 41 22
block 42 22
block 61 22
block 62 22
block 63 22
block 64 22
block 65 22
block 70 22
block 71 22
block 72 22
block 73 22
block 0 23
block 1 23
block 40 23
block 41 23
block 42 23
block 61 23
block 62 23
block 63 23
block 64 23
block 65 23
block 70 23
block 71 23
block 72 23
block 73 23
##BotsAndCoinsInfo
bot_name 0 starter-bot
bot 0 70 12
bot_coins 0 0
coin 14 3
coin 59 20
round 1
bot 0 70 13
round 2
bot 0 70 14
round 3
bot 0 70 15
round 4
bot 0 70 16
round 5
bot 0 70 17
coin 2 20
coin 69 3
round 6
bot 0 70 18
round 7
bot 0 70 19
round 8
bot 0 70 20
round 9
bot 0 70 21
round 10
coin 48 13
coin 25 10
round 11
round 12
round 13
round 14
round 15
coin 11 14
coin 62 9
round 16
round 17
round 18
round 19
round 20
coin 57 5
coin 16 18
round 21
round 22
round 23
round 24
round 25
coin 64 14
coin 9 9
round 26
round 27
round 28
round 29
round 30
coin 24 12
coin 49 11
round 31
round 32
round 33
round 34
round 35
coin 48 8
coin 25 15
round 36
round 37
round 38
round 39
round 40
coin 30 18
coin 43 5
round 41
round 42
round 43
round 44
round 45
coin 65 17
coin 7 6
round 46
round 47
round 48
round 49
round 50
coin 62 7
coin 11 16
round 51
round 52
round 53
round 54
round 55
coin 40 9
coin 33 14
round 56
round 57
round 58
round 59
round 60
coin 7 9
coin 66 14
round 61
round 62
round 63
round 64
round 65
coin 44 10
coin 29 13
round 66
round 67
round 68
round 69
round 70
coin 19 6
coin 54 17
round 71
round 72
round 73
round 74
round 75
coin 68 12
coin 5 11
round 76
round 77
round 78
round 79
round 80
coin 20 5
coin 53 18
round 81
round 82
round 83
round 84
round 85
coin 37 23
coin 36 23
round 86
round 87
round 88
round 89
round 90
coin 10 13
coin 63 10
round 91
round 92
round 93
round 94
round 95
coin 58 12
coin 15 11
round 96
round 97
round 98
round 99
round 100
coin 23 1
coin 50 22
round 101
round 102
round 103
round 104
round 105
coin 17 1
coin 56 22
round 106
round 107
round 108
round 109
round 110
coin 1 6
coin 72 17
round 111
round 112
round 113
round 114
round 115
coin 57 23
coin 16 0
round 116
round 117
round 118
round 119
round 120
coin 66 19
coin 7 4
round 121
round 122
round 123
round 124
round 125
coin 71 8
coin 2 15
round 126
round 127
round 128
round 129
round 130
coin 40 4
coin 33 19
round 131
round 132
round 133
round 134
round 135
coin 72 10
coin 1 13
round 136
round 137
round 138
round 139
round 140
coin 51 19
coin 22 4
round 141
round 142
round 143
round 144
round 145
coin 45 3
coin 28 20
round 146
round 147
round 148
round 149
round 150
coin 67 11
coin 6 12
round 151
round 152
match_over 0
round 153
