match
match_id 1639215160866_mc
match_time 1639215160870
num_bots 1
##MatchConfig
mode FRIENDLY
num_rounds 200
random_seed 42
move_time_limit 1000
coin_spawn_period 5
coin_spawn_volume 2
##MapConfig
map_size 50 22
view_radius 5
mining_radius 2
attack_radius 4
block 2 0
block 3 0
block 4 0
block 5 0
block 6 0
block 7 0
block 25 0
block 26 0
block 37 0
block 38 0
block 2 1
block 3 1
block 4 1
block 5 1
block 6 1
block 7 1
block 25 1
block 26 1
block 37 1
block 38 1
block 17 2
block 18 2
block 19 2
block 25 2
block 26 2
block 37 2
block 38 2
block 8 3
block 9 3
block 10 3
block 11 3
block 12 3
block 13 3
block 17 3
block 18 3
block 19 3
block 25 3
block 26 3
block 37 3
block 38 3
block 8 4
block 9 4
block 10 4
block 11 4
block 12 4
block 13 4
block 17 4
block 18 4
block 19 4
block 37 4
block 38 4
block 17 5
block 18 5
block 19 5
block 17 6
block 18 6
block 19 6
block 0 7
block 48 7
block 49 7
block 0 8
block 48 8
block 49 8
block 26 11
block 27 11
block 28 11
block 29 11
block 30 11
block 31 11
block 26 12
block 27 12
block 28 12
block 29 12
block 30 12
block 31 12
block 26 13
block 27 13
block 28 13
block 29 13
block 30 13
block 31 13
block 0 14
block 1 14
block 2 14
block 3 14
block 4 14
block 26 14
block 27 14
block 28 14
block 29 14
block 30 14
block 31 14
block 34 14
block 35 14
block 48 14
block 49 14
block 0 15
block 1 15
block 2 15
block 3 15
block 4 15
block 26 15
block 27 15
block 28 15
block 29 15
block 30 15
block 31 15
block 34 15
block 35 15
block 48 15
block 49 15
block 0 16
block 1 16
block 2 16
block 3 16
block 4 16
block 26 16
block 27 16
block 28 16
block 29 16
block 30 16
block 31 16
block 48 16
block 49 16
block 0 17
block 1 17
block 2 17
block 3 17
block 4 17
block 26 17
block 27 17
block 28 17
block 29 17
block 30 17
block 31 17
block 48 17
block 49 17
block 2 19
block 3 19
block 4 19
block 5 19
block 6 19
block 7 19
block 2 20
block 3 20
block 4 20
block 5 20
block 6 20
block 7 20
block 25 20
block 26 20
block 2 21
block 3 21
block 4 21
block 5 21
block 6 21
block 7 21
block 25 21
block 26 21
block 37 21
block 38 21
##BotsAndCoinsInfo
bot_name 0 starter-bot
bot 0 32 14
bot_coins 0 0
coin 32 15
coin 16 6
round 1
bot 0 32 15
coin_collected 32 15 0
bot_coins 0 1
round 2
bot 0 32 16
round 3
bot 0 32 17
round 4
bot 0 32 18
round 5
bot 0 32 19
coin 47 16
coin 2 5
round 6
bot 0 32 20
round 7
bot 0 32 21
round 8
bot 0 31 20
round 9
bot 0 31 19
round 10
bot 0 31 18
coin 20 19
coin 29 2
round 11
round 12
round 13
round 14
round 15
coin 5 2
coin 44 19
round 16
round 17
round 18
round 19
round 20
coin 19 17
coin 30 4
round 21
round 22
round 23
round 24
round 25
coin 32 18
coin 16 3
round 26
coin_collected 32 18 0
bot_coins 0 2
round 27
round 28
round 29
round 30
coin 27 0
coin 22 21
round 31
round 32
round 33
round 34
round 35
coin 27 21
coin 22 0
round 36
round 37
round 38
round 39
round 40
coin 6 18
coin 43 3
round 41
round 42
round 43
round 44
round 45
coin 43 9
coin 6 12
round 46
round 47
round 48
round 49
round 50
coin 0 13
coin 49 9
round 51
round 52
round 53
round 54
round 55
coin 26 9
coin 23 12
round 56
round 57
round 58
round 59
round 60
coin 43 19
coin 6 2
round 61
round 62
round 63
round 64
round 65
coin 30 6
coin 19 15
round 66
round 67
round 68
round 69
round 70
coin 37 18
coin 12 2
round 71
round 72
round 73
round 74
round 75
coin 31 4
coin 18 17
round 76
round 77
round 78
round 79
round 80
coin 32 13
coin 17 8
round 81
round 82
round 83
round 84
round 85
coin 16 2
coin 33 19
round 86
round 87
round 88
round 89
round 90
coin 12 11
coin 37 10
round 91
round 92
round 93
round 94
round 95
coin 14 4
coin 35 17
round 96
round 97
round 98
round 99
round 100
coin 29 3
coin 20 18
round 101
round 102
round 103
round 104
round 105
coin 23 13
coin 26 8
round 106
round 107
round 108
round 109
round 110
coin 25 6
coin 24 15
round 111
round 112
round 113
round 114
round 115
coin 7 5
coin 42 16
round 116
round 117
round 118
round 119
round 120
coin 7 11
coin 42 10
round 121
round 122
round 123
round 124
round 125
coin 43 2
coin 7 18
round 126
round 127
round 128
round 129
round 130
coin 8 5
coin 41 16
round 131
round 132
round 133
round 134
round 135
coin 10 2
coin 39 19
round 136
round 137
round 138
round 139
round 140
coin 13 17
coin 36 4
round 141
round 142
round 143
round 144
round 145
coin 11 15
coin 38 6
round 146
round 147
round 148
round 149
round 150
coin 47 3
coin 2 18
round 151
round 152
round 153
round 154
round 155
coin 1 19
coin 48 2
round 156
round 157
round 158
round 159
round 160
coin 44 4
coin 5 17
round 161
round 162
round 163
round 164
round 165
coin 48 3
coin 1 18
round 166
round 167
round 168
round 169
round 170
coin 25 15
coin 24 6
round 171
round 172
round 173
round 174
round 175
coin 40 13
coin 9 8
round 176
round 177
round 178
round 179
round 180
coin 5 15
coin 44 6
round 181
match_over 0
round 182
