match
match_id 1639214174935_ld
match_time 1639214174938
num_bots 1
##MatchConfig
mode FRIENDLY
num_rounds 200
random_seed 42
move_time_limit 1000
coin_spawn_period 5
coin_spawn_volume 2
##MapConfig
map_size 71 21
view_radius 6
mining_radius 1
attack_radius 4
block 11 3
block 12 3
block 13 3
block 11 4
block 12 4
block 13 4
block 11 5
block 12 5
block 13 5
block 11 6
block 12 6
block 13 6
block 11 7
block 12 7
block 13 7
block 11 8
block 12 8
block 13 8
block 9 9
block 10 9
block 11 9
block 12 9
block 13 9
block 14 9
block 15 9
block 16 9
block 9 10
block 10 10
block 11 10
block 12 10
block 13 10
block 14 10
block 15 10
block 16 10
block 0 11
block 1 11
block 2 11
block 9 11
block 10 11
block 11 11
block 12 11
block 13 11
block 14 11
block 15 11
block 16 11
block 0 12
block 1 12
block 2 12
block 9 12
block 10 12
block 11 12
block 12 12
block 13 12
block 14 12
block 15 12
block 16 12
block 0 13
block 1 13
block 2 13
block 9 13
block 10 13
block 11 13
block 12 13
block 13 13
block 14 13
block 15 13
block 16 13
block 0 14
block 1 14
block 2 14
block 9 14
block 10 14
block 11 14
block 12 14
block 13 14
block 14 14
block 0 15
block 1 15
block 2 15
block 9 15
block 10 15
block 11 15
block 12 15
block 13 15
block 14 15
block 0 16
block 1 16
block 2 16
block 36 16
block 37 16
block 38 16
block 39 16
block 40 16
block 41 16
block 42 16
block 0 17
block 1 17
block 2 17
block 36 17
block 37 17
block 38 17
block 39 17
block 40 17
block 41 17
block 42 17
block 36 18
block 37 18
block 38 18
block 39 18
block 40 18
block 41 18
block 42 18
block 36 19
block 37 19
block 38 19
block 39 19
block 40 19
block 41 19
block 42 19
##BotsAndCoinsInfo
bot_name 0 starter-bot
bot 0 66 16
bot_coins 0 0
coin 18 12
coin 52 8
round 1
bot 0 66 17
round 2
bot 0 66 18
round 3
bot 0 66 19
round 4
bot 0 66 20
round 5
bot 0 66 19
coin 11 17
coin 59 3
round 6
bot 0 66 18
round 7
bot 0 66 17
round 8
bot 0 66 16
round 9
bot 0 66 15
round 10
bot 0 66 14
coin 15 4
coin 55 16
round 11
bot 0 66 13
round 12
bot 0 66 12
round 13
bot 0 66 11
round 14
bot 0 66 10
round 15
bot 0 66 9
coin 43 17
coin 27 3
round 16
bot 0 66 8
round 17
bot 0 66 7
round 18
bot 0 66 6
round 19
bot 0 66 5
round 20
bot 0 66 4
coin 30 17
coin 40 3
round 21
bot 0 66 3
round 22
bot 0 66 2
round 23
bot 0 66 1
round 24
bot 0 66 0
round 25
bot 0 66 20
coin 20 11
coin 50 9
round 26
bot 0 66 19
round 27
bot 0 66 18
round 28
bot 0 66 17
round 29
bot 0 66 16
round 30
bot 0 66 15
coin 47 0
coin 23 20
round 31
bot 0 66 14
round 32
bot 0 66 13
round 33
bot 0 66 12
round 34
bot 0 66 11
round 35
bot 0 66 10
coin 52 17
coin 18 3
round 36
bot 0 66 9
round 37
bot 0 66 8
round 38
bot 0 66 7
round 39
bot 0 66 6
round 40
bot 0 66 5
coin 5 12
coin 65 8
round 41
bot 0 66 4
round 42
bot 0 66 3
round 43
bot 0 66 2
round 44
bot 0 66 1
round 45
bot 0 66 0
coin 32 2
coin 38 20
round 46
bot 0 66 20
round 47
bot 0 66 19
round 48
bot 0 66 18
round 49
bot 0 66 17
round 50
bot 0 66 16
coin 64 1
coin 6 19
round 51
bot 0 66 15
round 52
bot 0 66 14
round 53
bot 0 66 13
round 54
bot 0 66 12
round 55
bot 0 66 11
coin 32 9
coin 38 11
round 56
bot 0 66 10
round 57
bot 0 66 9
round 58
bot 0 66 8
coin_collected 65 8 0
bot_coins 0 1
round 59
bot 0 66 7
round 60
bot 0 66 6
coin 35 9
coin 35 11
round 61
bot 0 66 5
round 62
bot 0 66 4
round 63
bot 0 66 3
round 64
bot 0 66 2
round 65
bot 0 66 1
coin 43 10
coin 27 10
round 66
bot 0 66 0
round 67
bot 0 66 20
round 68
bot 0 66 19
round 69
bot 0 66 18
round 70
bot 0 66 17
coin 44 12
coin 26 8
round 71
bot 0 66 16
round 72
bot 0 66 15
round 73
bot 0 66 14
round 74
bot 0 66 13
round 75
bot 0 66 12
coin 25 6
coin 45 14
round 76
bot 0 66 11
round 77
bot 0 66 10
round 78
bot 0 66 9
round 79
bot 0 66 8
round 80
bot 0 66 7
coin 8 17
coin 62 3
round 81
bot 0 66 6
round 82
bot 0 66 5
round 83
bot 0 66 4
round 84
bot 0 66 3
round 85
bot 0 66 2
coin 18 11
coin 52 9
round 86
bot 0 66 1
round 87
bot 0 66 0
round 88
bot 0 66 20
round 89
bot 0 66 19
round 90
bot 0 66 18
coin 46 19
coin 24 1
round 91
bot 0 66 17
round 92
bot 0 66 16
round 93
bot 0 66 15
round 94
bot 0 66 14
round 95
bot 0 66 13
coin 59 6
coin 11 16
round 96
bot 0 66 12
round 97
bot 0 66 11
round 98
bot 0 66 10
round 99
bot 0 66 9
round 100
bot 0 66 8
coin 56 19
coin 14 1
round 101
bot 0 66 7
round 102
bot 0 66 6
round 103
bot 0 66 5
round 104
bot 0 66 4
round 105
bot 0 66 3
coin 35 7
coin 35 13
round 106
bot 0 66 2
round 107
bot 0 66 1
round 108
bot 0 66 0
round 109
bot 0 66 20
round 110
bot 0 66 19
coin 8 0
coin 62 20
round 111
bot 0 66 18
round 112
bot 0 66 17
round 113
bot 0 66 16
round 114
bot 0 66 15
round 115
bot 0 66 14
coin 65 2
coin 5 18
round 116
bot 0 66 13
round 117
bot 0 66 12
round 118
bot 0 66 11
round 119
bot 0 66 10
round 120
bot 0 66 9
coin 64 10
coin 6 10
round 121
bot 0 66 8
round 122
bot 0 66 7
round 123
bot 0 66 6
round 124
bot 0 66 5
round 125
bot 0 66 4
coin 8 14
coin 62 6
round 126
bot 0 66 3
round 127
bot 0 66 2
coin_collected 65 2 0
bot_coins 0 2
round 128
bot 0 66 1
round 129
bot 0 66 0
round 130
bot 0 66 20
coin 39 1
coin 31 19
round 131
bot 0 66 19
round 132
bot 0 66 18
round 133
bot 0 66 17
round 134
bot 0 66 16
round 135
bot 0 66 15
coin 9 7
coin 61 13
round 136
bot 0 66 14
round 137
bot 0 66 13
round 138
bot 0 66 12
round 139
bot 0 66 11
round 140
bot 0 66 10
coin 38 7
coin 32 13
round 141
bot 0 66 9
round 142
bot 0 66 8
round 143
bot 0 66 7
round 144
bot 0 66 6
round 145
bot 0 66 5
coin 59 2
coin 11 18
round 146
bot 0 66 4
round 147
bot 0 66 3
round 148
bot 0 66 2
round 149
bot 0 66 1
round 150
bot 0 66 0
coin 1 5
coin 69 15
round 151
bot 0 66 20
round 152
bot 0 66 19
round 153
bot 0 66 18
round 154
bot 0 66 17
round 155
bot 0 66 16
coin 58 16
coin 10 4
round 156
bot 0 66 15
round 157
bot 0 66 14
round 158
bot 0 66 13
round 159
bot 0 66 12
round 160
bot 0 66 11
coin 39 2
coin 31 18
round 161
bot 0 66 10
round 162
bot 0 66 9
round 163
bot 0 66 8
round 164
bot 0 66 7
round 165
bot 0 66 6
coin 69 4
coin 70 16
round 166
bot 0 66 5
round 167
bot 0 66 4
round 168
bot 0 66 3
round 169
bot 0 66 2
round 170
bot 0 66 1
coin 36 12
coin 34 8
round 171
bot 0 66 0
round 172
bot 0 66 20
round 173
bot 0 66 19
round 174
bot 0 66 18
round 175
bot 0 66 17
coin 50 8
coin 20 12
round 176
bot 0 66 16
round 177
bot 0 66 15
round 178
bot 0 66 14
round 179
bot 0 66 13
round 180
bot 0 66 12
coin 35 8
coin 35 12
round 181
bot 0 66 11
round 182
bot 0 66 10
round 183
bot 0 66 9
round 184
bot 0 66 8
round 185
bot 0 66 7
coin 16 5
coin 54 15
round 186
bot 0 66 6
round 187
bot 0 66 5
round 188
bot 0 66 4
round 189
bot 0 66 3
round 190
bot 0 66 2
coin 40 7
coin 30 13
round 191
bot 0 66 1
round 192
bot 0 66 0
round 193
bot 0 66 20
round 194
bot 0 66 19
round 195
bot 0 66 18
coin 4 0
coin 66 20
round 196
bot 0 66 17
round 197
bot 0 66 16
round 198
bot 0 66 15
round 199
bot 0 66 14
round 200
bot 0 66 13
coin 59 1
coin 11 19
match_over 0
