match
match_id 1639406125885_ck
match_time 1639406125888
num_bots 1
##MatchConfig
mode FRIENDLY
num_rounds 200
random_seed 42
move_time_limit 1000
coin_spawn_period 5
coin_spawn_volume 2
##MapConfig
map_size 65 29
view_radius 5
mining_radius 1
attack_radius 3
block 6 0
block 7 0
block 8 0
block 9 0
block 10 0
block 11 0
block 56 0
block 57 0
block 58 0
block 59 0
block 60 0
block 61 0
block 62 0
block 6 1
block 7 1
block 8 1
block 9 1
block 10 1
block 11 1
block 14 1
block 15 1
block 16 1
block 17 1
block 56 1
block 57 1
block 58 1
block 59 1
block 60 1
block 61 1
block 62 1
block 63 1
block 0 2
block 1 2
block 6 2
block 7 2
block 8 2
block 9 2
block 10 2
block 11 2
block 14 2
block 15 2
block 16 2
block 17 2
block 49 2
block 50 2
block 51 2
block 56 2
block 57 2
block 58 2
block 59 2
block 60 2
block 61 2
block 62 2
block 63 2
block 64 2
block 0 3
block 1 3
block 6 3
block 7 3
block 8 3
block 9 3
block 10 3
block 11 3
block 14 3
block 15 3
block 16 3
block 17 3
block 49 3
block 50 3
block 51 3
block 56 3
block 57 3
block 58 3
block 59 3
block 60 3
block 61 3
block 62 3
block 63 3
block 64 3
block 0 4
block 1 4
block 6 4
block 7 4
block 8 4
block 9 4
block 10 4
block 11 4
block 14 4
block 15 4
block 16 4
block 17 4
block 49 4
block 50 4
block 51 4
block 61 4
block 62 4
block 63 4
block 64 4
block 0 5
block 1 5
block 6 5
block 7 5
block 8 5
block 9 5
block 10 5
block 11 5
block 14 5
block 15 5
block 16 5
block 17 5
block 23 5
block 24 5
block 25 5
block 26 5
block 27 5
block 49 5
block 50 5
block 51 5
block 61 5
block 62 5
block 63 5
block 64 5
block 0 6
block 1 6
block 23 6
block 24 6
block 25 6
block 26 6
block 27 6
block 61 6
block 62 6
block 63 6
block 64 6
block 0 7
block 1 7
block 23 7
block 24 7
block 25 7
block 26 7
block 27 7
block 61 7
block 62 7
block 63 7
block 64 7
block 23 8
block 24 8
block 25 8
block 26 8
block 27 8
block 38 8
block 39 8
block 40 8
block 41 8
block 42 8
block 43 8
block 5 9
block 6 9
block 7 9
block 8 9
block 9 9
block 23 9
block 24 9
block 25 9
block 26 9
block 27 9
block 38 9
block 39 9
block 40 9
block 41 9
block 42 9
block 43 9
block 5 10
block 6 10
block 7 10
block 8 10
block 9 10
block 18 10
block 19 10
block 40 10
block 41 10
block 42 10
block 43 10
block 44 10
block 45 10
block 46 10
block 47 10
block 5 11
block 6 11
block 7 11
block 8 11
block 9 11
block 18 11
block 19 11
block 40 11
block 41 11
block 42 11
block 43 11
block 44 11
block 45 11
block 46 11
block 47 11
block 48 11
block 49 11
block 50 11
block 51 11
block 5 12
block 6 12
block 7 12
block 8 12
block 9 12
block 18 12
block 19 12
block 44 12
block 45 12
block 46 12
block 47 12
block 48 12
block 49 12
block 50 12
block 51 12
block 18 13
block 19 13
block 47 13
block 48 13
block 49 13
block 50 13
block 51 13
block 15 14
block 16 14
block 17 14
block 18 14
block 19 14
block 47 14
block 48 14
block 49 14
block 50 14
block 51 14
block 15 15
block 16 15
block 17 15
block 18 15
block 19 15
block 47 15
block 48 15
block 49 15
block 50 15
block 51 15
block 15 16
block 16 16
block 17 16
block 18 16
block 19 16
block 33 16
block 34 16
block 35 16
block 43 16
block 44 16
block 45 16
block 46 16
block 47 16
block 48 16
block 49 16
block 50 16
block 51 16
block 15 17
block 16 17
block 17 17
block 18 17
block 19 17
block 33 17
block 34 17
block 35 17
block 43 17
block 44 17
block 45 17
block 46 17
block 47 17
block 48 17
block 49 17
block 15 18
block 16 18
block 17 18
block 18 18
block 19 18
block 33 18
block 34 18
block 35 18
block 15 19
block 16 19
block 17 19
block 18 19
block 19 19
block 20 19
block 21 19
block 33 19
block 34 19
block 35 19
block 15 20
block 16 20
block 17 20
block 18 20
block 19 20
block 20 20
block 21 20
block 33 20
block 34 20
block 35 20
block 15 21
block 16 21
block 17 21
block 18 21
block 19 21
block 20 21
block 21 21
block 33 21
block 34 21
block 35 21
block 15 22
block 16 22
block 17 22
block 18 22
block 19 22
block 20 22
block 21 22
block 28 22
block 29 22
block 30 22
block 31 22
block 32 22
block 33 22
block 34 22
block 35 22
block 28 23
block 29 23
block 30 23
block 31 23
block 32 23
block 33 23
block 34 23
block 20 24
block 21 24
block 22 24
block 23 24
block 24 24
block 28 24
block 29 24
block 30 24
block 31 24
block 32 24
block 33 24
block 34 24
block 59 24
block 60 24
block 61 24
block 62 24
block 63 24
block 13 25
block 14 25
block 15 25
block 16 25
block 17 25
block 18 25
block 19 25
block 20 25
block 21 25
block 22 25
block 23 25
block 24 25
block 59 25
block 60 25
block 61 25
block 62 25
block 63 25
block 13 26
block 14 26
block 15 26
block 16 26
block 17 26
block 18 26
block 19 26
block 59 26
block 60 26
block 61 26
block 62 26
block 63 26
block 15 27
block 16 27
block 17 27
block 18 27
block 19 27
block 56 27
block 57 27
block 58 27
block 59 27
block 60 27
block 61 27
block 62 27
block 63 27
block 56 28
block 57 28
block 58 28
block 59 28
block 60 28
block 61 28
block 62 28
##BotsAndCoinsInfo
bot_name 0 starter-bot
bot 0 17 10
bot_coins 0 0
coin 0 9
coin 64 19
round 1
bot 0 17 11
round 2
bot 0 17 12
round 3
bot 0 17 13
round 4
bot 0 16 13
round 5
bot 0 15 13
coin 46 15
coin 17 13
round 6
bot 0 14 13
round 7
bot 0 15 12
round 8
bot 0 16 13
coin_collected 17 13 0
bot_coins 0 1
round 9
bot 0 15 13
round 10
bot 0 14 13
coin 0 23
coin 2 5
round 11
bot 0 14 14
round 12
bot 0 14 15
round 13
bot 0 14 16
round 14
bot 0 14 17
round 15
bot 0 14 18
coin 0 8
coin 64 20
round 16
bot 0 14 19
round 17
bot 0 14 20
round 18
bot 0 14 21
round 19
bot 0 14 22
round 20
bot 0 14 23
coin 29 25
coin 35 3
round 21
bot 0 14 24
round 22
bot 0 13 24
round 23
bot 0 12 24
round 24
bot 0 12 25
round 25
bot 0 12 26
coin 52 22
coin 12 6
round 26
bot 0 12 27
round 27
bot 0 12 28
round 28
bot 0 11 27
round 29
bot 0 11 26
round 30
bot 0 11 25
coin 21 15
coin 43 13
round 31
bot 0 11 24
round 32
bot 0 11 23
round 33
bot 0 11 22
round 34
bot 0 11 21
round 35
bot 0 11 20
coin 46 20
coin 18 8
round 36
bot 0 11 19
round 37
bot 0 11 18
round 38
bot 0 11 17
round 39
bot 0 11 16
round 40
bot 0 11 15
coin 63 0
coin 1 28
round 41
bot 0 11 14
round 42
bot 0 11 13
round 43
bot 0 11 12
round 44
bot 0 11 11
round 45
bot 0 11 10
coin 64 1
coin 0 27
round 46
bot 0 11 9
round 47
bot 0 12 8
round 48
bot 0 11 7
round 49
bot 0 12 6
coin_collected 12 6 0
bot_coins 0 2
round 50
bot 0 12 5
coin 40 27
coin 24 1
round 51
bot 0 12 4
round 52
bot 0 12 3
round 53
bot 0 12 2
round 54
bot 0 12 1
round 55
bot 0 12 0
coin 26 19
coin 38 10
round 56
bot 0 12 1
round 57
bot 0 12 2
round 58
bot 0 12 3
round 59
bot 0 12 4
round 60
bot 0 12 5
coin 38 19
coin 26 10
round 61
bot 0 12 6
round 62
bot 0 11 7
round 63
bot 0 11 8
round 64
bot 0 11 9
round 65
bot 0 11 10
coin 25 10
coin 39 18
round 66
bot 0 11 11
round 67
bot 0 11 12
round 68
bot 0 11 13
round 69
bot 0 11 14
round 70
bot 0 11 15
coin 32 11
coin 32 17
round 71
bot 0 11 16
round 72
bot 0 11 17
round 73
bot 0 11 18
round 74
bot 0 11 19
round 75
bot 0 11 20
coin 25 1
coin 39 27
round 76
bot 0 11 21
round 77
bot 0 11 22
round 78
bot 0 11 23
round 79
bot 0 11 24
round 80
bot 0 11 25
coin 5 16
coin 59 12
round 81
bot 0 11 26
round 82
bot 0 11 27
round 83
bot 0 11 28
round 84
bot 0 10 27
round 85
bot 0 10 26
coin 7 8
coin 57 20
round 86
bot 0 10 25
round 87
bot 0 10 24
round 88
bot 0 10 23
round 89
bot 0 10 22
round 90
bot 0 10 21
coin 32 27
coin 32 1
round 91
bot 0 10 20
round 92
bot 0 10 19
round 93
bot 0 10 18
round 94
bot 0 10 17
round 95
bot 0 10 16
coin 28 21
coin 36 7
round 96
bot 0 10 15
round 97
bot 0 10 14
round 98
bot 0 10 13
round 99
bot 0 10 12
round 100
bot 0 10 11
coin 44 22
coin 20 6
round 101
round 102
round 103
round 104
round 105
coin 8 23
coin 56 5
round 106
round 107
round 108
round 109
round 110
coin 14 15
coin 52 13
round 111
round 112
round 113
round 114
round 115
coin 42 0
coin 22 28
round 116
round 117
round 118
round 119
round 120
coin 27 14
coin 37 14
round 121
round 122
round 123
round 124
round 125
coin 48 2
coin 16 24
round 126
round 127
round 128
round 129
round 130
coin 3 10
coin 61 18
round 131
round 132
round 133
round 134
round 135
coin 40 19
coin 24 10
round 136
round 137
round 138
round 139
round 140
coin 38 22
coin 28 6
round 141
round 142
round 143
round 144
round 145
coin 36 5
coin 27 23
round 146
round 147
round 148
round 149
round 150
coin 32 6
coin 32 21
round 151
round 152
round 153
round 154
round 155
coin 32 20
coin 32 8
round 156
round 157
round 158
round 159
round 160
coin 24 13
coin 40 15
round 161
round 162
round 163
round 164
round 165
coin 33 25
coin 31 3
round 166
round 167
round 168
match_over 0
round 169
