match
match_id 1639216778096_nu
match_time 1639216778098
num_bots 1
##MatchConfig
mode FRIENDLY
num_rounds 200
random_seed 42
move_time_limit 1000
coin_spawn_period 5
coin_spawn_volume 2
##MapConfig
map_size 52 29
view_radius 6
mining_radius 1
attack_radius 4
block 17 0
block 18 0
block 19 0
block 20 0
block 21 0
block 22 0
block 0 1
block 1 1
block 2 1
block 3 1
block 17 1
block 18 1
block 19 1
block 20 1
block 21 1
block 22 1
block 51 1
block 0 2
block 1 2
block 2 2
block 3 2
block 17 2
block 18 2
block 19 2
block 20 2
block 21 2
block 22 2
block 51 2
block 0 3
block 1 3
block 2 3
block 3 3
block 8 3
block 9 3
block 10 3
block 11 3
block 17 3
block 18 3
block 19 3
block 20 3
block 21 3
block 22 3
block 51 3
block 0 4
block 1 4
block 2 4
block 3 4
block 8 4
block 9 4
block 10 4
block 11 4
block 17 4
block 18 4
block 19 4
block 20 4
block 21 4
block 22 4
block 23 4
block 51 4
block 0 5
block 1 5
block 2 5
block 3 5
block 21 5
block 22 5
block 23 5
block 51 5
block 21 6
block 22 6
block 23 6
block 21 7
block 22 7
block 23 7
block 21 8
block 22 8
block 23 8
block 40 8
block 41 8
block 42 8
block 43 8
block 44 8
block 45 8
block 40 9
block 41 9
block 42 9
block 43 9
block 44 9
block 45 9
block 40 10
block 41 10
block 42 10
block 43 10
block 44 10
block 45 10
block 40 11
block 41 11
block 42 11
block 43 11
block 44 11
block 45 11
block 40 12
block 41 12
block 42 12
block 43 12
block 44 12
block 45 12
block 28 14
block 29 14
block 30 14
block 31 14
block 32 14
block 33 14
block 17 15
block 18 15
block 28 15
block 29 15
block 30 15
block 31 15
block 32 15
block 33 15
block 17 16
block 18 16
block 28 16
block 29 16
block 30 16
block 31 16
block 32 16
block 33 16
block 17 17
block 18 17
block 28 17
block 29 17
block 30 17
block 31 17
block 32 17
block 33 17
block 28 18
block 29 18
block 30 18
block 31 18
block 32 18
block 33 18
block 28 19
block 29 19
block 30 19
block 31 19
block 32 19
block 33 19
block 38 25
block 39 25
block 40 25
block 41 25
block 38 26
block 39 26
block 40 26
block 41 26
block 38 27
block 39 27
block 40 27
block 41 27
block 17 28
block 18 28
block 19 28
block 20 28
block 21 28
block 22 28
block 38 28
block 39 28
block 40 28
block 41 28
##BotsAndCoinsInfo
bot_name 0 starter-bot
bot 0 36 2
bot_coins 0 0
coin 26 9
coin 25 19
round 1
bot 0 36 3
round 2
bot 0 36 4
round 3
bot 0 36 5
round 4
bot 0 36 6
round 5
bot 0 36 7
coin 48 15
coin 3 13
round 6
bot 0 36 8
round 7
bot 0 36 9
round 8
bot 0 36 10
round 9
bot 0 36 11
round 10
bot 0 36 12
coin 26 23
coin 25 5
round 11
bot 0 36 13
round 12
bot 0 36 14
round 13
bot 0 36 15
round 14
bot 0 36 16
round 15
bot 0 36 17
coin 13 8
coin 38 20
round 16
bot 0 36 18
round 17
bot 0 36 19
round 18
bot 0 36 20
round 19
bot 0 36 21
round 20
bot 0 36 22
coin 3 25
coin 48 3
round 21
bot 0 36 23
round 22
bot 0 36 24
round 23
bot 0 36 25
round 24
bot 0 36 26
round 25
bot 0 36 27
coin 26 22
coin 25 6
round 26
bot 0 36 28
round 27
bot 0 35 27
round 28
bot 0 35 26
round 29
bot 0 35 25
round 30
bot 0 35 24
coin 8 15
coin 43 13
round 31
bot 0 35 23
round 32
bot 0 35 22
round 33
bot 0 35 21
round 34
bot 0 35 20
round 35
bot 0 35 19
coin 20 20
coin 31 8
round 36
bot 0 35 18
round 37
bot 0 35 17
round 38
bot 0 35 16
round 39
bot 0 35 15
round 40
bot 0 35 14
coin 48 1
coin 3 27
round 41
bot 0 35 13
round 42
bot 0 35 12
round 43
bot 0 35 11
round 44
bot 0 35 10
round 45
bot 0 35 9
coin 11 2
coin 40 24
round 46
bot 0 35 8
round 47
bot 0 35 7
round 48
bot 0 35 6
round 49
bot 0 35 5
round 50
bot 0 35 4
coin 42 27
coin 9 1
round 51
bot 0 35 3
round 52
bot 0 35 2
round 53
bot 0 35 1
round 54
bot 0 35 0
round 55
bot 0 34 1
coin 26 19
coin 25 9
round 56
bot 0 34 2
round 57
bot 0 34 3
round 58
bot 0 34 4
round 59
bot 0 34 5
round 60
bot 0 34 6
coin 51 19
coin 0 9
round 61
bot 0 34 7
round 62
bot 0 34 8
round 63
bot 0 34 9
round 64
bot 0 34 10
round 65
bot 0 34 11
coin 38 8
coin 13 20
round 66
bot 0 34 12
round 67
bot 0 34 13
round 68
bot 0 34 14
round 69
bot 0 34 15
round 70
bot 0 34 16
coin 19 11
coin 34 17
round 71
bot 0 34 17
coin_collected 34 17 0
bot_coins 0 1
round 72
bot 0 34 18
round 73
bot 0 34 19
round 74
bot 0 34 20
round 75
bot 0 34 21
coin 38 1
coin 13 27
round 76
bot 0 34 22
round 77
bot 0 34 23
round 78
bot 0 34 24
round 79
bot 0 34 25
round 80
bot 0 34 26
coin 19 16
coin 32 12
round 81
bot 0 34 27
round 82
bot 0 34 28
round 83
bot 0 33 27
round 84
bot 0 33 26
round 85
bot 0 33 25
coin 33 8
coin 18 20
round 86
bot 0 33 24
round 87
bot 0 33 23
round 88
bot 0 33 22
round 89
bot 0 33 21
round 90
bot 0 33 20
coin 32 27
coin 16 1
round 91
round 92
round 93
round 94
round 95
coin 41 22
coin 10 6
round 96
round 97
round 98
round 99
round 100
coin 31 22
coin 20 6
round 101
round 102
round 103
round 104
round 105
coin 47 23
coin 4 5
round 106
round 107
round 108
round 109
round 110
coin 15 15
coin 36 13
round 111
round 112
round 113
round 114
round 115
coin 3 0
coin 48 28
round 116
round 117
round 118
round 119
round 120
coin 1 14
coin 50 14
round 121
round 122
round 123
round 124
round 125
coin 9 2
coin 42 26
round 126
round 127
round 128
round 129
round 130
coin 42 7
coin 9 21
round 131
round 132
round 133
round 134
round 135
coin 40 19
coin 11 9
round 136
round 137
round 138
round 139
round 140
coin 25 22
coin 26 6
round 141
round 142
round 143
round 144
round 145
coin 49 5
coin 2 23
round 146
round 147
round 148
round 149
round 150
coin 45 6
coin 6 22
round 151
round 152
round 153
round 154
round 155
coin 32 20
coin 19 8
round 156
coin_collected 32 20 0
bot_coins 0 2
round 157
round 158
round 159
round 160
coin 50 13
coin 1 15
round 161
round 162
round 163
round 164
round 165
coin 46 25
coin 5 3
round 166
round 167
round 168
round 169
round 170
coin 35 5
coin 16 23
round 171
round 172
round 173
round 174
round 175
coin 6 18
coin 46 10
round 176
round 177
round 178
round 179
round 180
coin 13 5
coin 38 23
round 181
round 182
round 183
round 184
round 185
coin 13 24
coin 38 4
round 186
round 187
round 188
round 189
round 190
coin 42 6
coin 9 22
round 191
round 192
round 193
round 194
round 195
coin 29 11
coin 22 17
round 196
round 197
round 198
round 199
round 200
coin 40 4
coin 11 24
match_over 0
