match
match_id 1639170188038_cs
match_time 1639170188041
num_bots 1
##MatchConfig
mode FRIENDLY
num_rounds 200
random_seed 42
move_time_limit 1000
coin_spawn_period 5
coin_spawn_volume 2
##MapConfig
map_size 70 35
view_radius 6
mining_radius 2
attack_radius 3
block 29 0
block 30 0
block 31 0
block 32 0
block 33 0
block 34 0
block 35 0
block 38 0
block 39 0
block 47 0
block 48 0
block 49 0
block 50 0
block 51 0
block 52 0
block 22 1
block 23 1
block 24 1
block 29 1
block 30 1
block 31 1
block 32 1
block 33 1
block 34 1
block 35 1
block 38 1
block 39 1
block 47 1
block 48 1
block 49 1
block 50 1
block 51 1
block 52 1
block 55 1
block 56 1
block 57 1
block 22 2
block 23 2
block 24 2
block 29 2
block 30 2
block 31 2
block 32 2
block 33 2
block 34 2
block 35 2
block 47 2
block 48 2
block 49 2
block 50 2
block 51 2
block 52 2
block 55 2
block 56 2
block 57 2
block 22 3
block 23 3
block 24 3
block 29 3
block 30 3
block 31 3
block 32 3
block 33 3
block 34 3
block 35 3
block 47 3
block 48 3
block 49 3
block 50 3
block 51 3
block 52 3
block 22 4
block 23 4
block 24 4
block 47 4
block 48 4
block 49 4
block 50 4
block 51 4
block 52 4
block 22 5
block 23 5
block 24 5
block 22 6
block 23 6
block 24 6
block 22 7
block 23 7
block 24 7
block 31 9
block 32 9
block 31 10
block 32 10
block 13 11
block 14 11
block 15 11
block 31 11
block 32 11
block 0 12
block 13 12
block 14 12
block 15 12
block 31 12
block 32 12
block 65 12
block 66 12
block 67 12
block 68 12
block 69 12
block 0 13
block 13 13
block 14 13
block 15 13
block 31 13
block 32 13
block 65 13
block 66 13
block 67 13
block 68 13
block 69 13
block 0 14
block 13 14
block 14 14
block 15 14
block 31 14
block 32 14
block 65 14
block 66 14
block 67 14
block 68 14
block 69 14
block 0 15
block 13 15
block 14 15
block 15 15
block 31 15
block 32 15
block 65 15
block 66 15
block 67 15
block 68 15
block 69 15
block 13 16
block 14 16
block 15 16
block 26 16
block 27 16
block 28 16
block 29 16
block 30 16
block 31 16
block 32 16
block 33 16
block 34 16
block 35 16
block 36 16
block 37 16
block 51 16
block 52 16
block 53 16
block 54 16
block 8 17
block 9 17
block 10 17
block 11 17
block 12 17
block 13 17
block 14 17
block 15 17
block 26 17
block 27 17
block 28 17
block 29 17
block 30 17
block 31 17
block 32 17
block 33 17
block 34 17
block 35 17
block 36 17
block 37 17
block 51 17
block 52 17
block 53 17
block 54 17
block 8 18
block 9 18
block 10 18
block 11 18
block 12 18
block 13 18
block 26 18
block 27 18
block 28 18
block 29 18
block 30 18
block 31 18
block 32 18
block 33 18
block 34 18
block 35 18
block 36 18
block 37 18
block 51 18
block 52 18
block 53 18
block 54 18
block 8 19
block 9 19
block 10 19
block 11 19
block 12 19
block 13 19
block 18 19
block 19 19
block 20 19
block 33 19
block 34 19
block 35 19
block 36 19
block 37 19
block 51 19
block 52 19
block 53 19
block 54 19
block 0 20
block 1 20
block 2 20
block 3 20
block 4 20
block 8 20
block 9 20
block 10 20
block 11 20
block 12 20
block 13 20
block 18 20
block 19 20
block 20 20
block 33 20
block 34 20
block 35 20
block 36 20
block 37 20
block 51 20
block 52 20
block 53 20
block 54 20
block 69 20
block 0 21
block 1 21
block 2 21
block 3 21
block 4 21
block 7 21
block 8 21
block 9 21
block 10 21
block 11 21
block 12 21
block 13 21
block 18 21
block 19 21
block 20 21
block 33 21
block 34 21
block 35 21
block 36 21
block 37 21
block 69 21
block 7 22
block 8 22
block 9 22
block 18 22
block 19 22
block 20 22
block 33 22
block 34 22
block 35 22
block 36 22
block 37 22
block 42 22
block 43 22
block 44 22
block 45 22
block 46 22
block 7 23
block 8 23
block 9 23
block 23 23
block 24 23
block 25 23
block 26 23
block 27 23
block 28 23
block 29 23
block 42 23
block 43 23
block 44 23
block 45 23
block 46 23
block 7 24
block 8 24
block 9 24
block 23 24
block 24 24
block 25 24
block 26 24
block 27 24
block 28 24
block 29 24
block 7 25
block 8 25
block 9 25
block 23 25
block 24 25
block 25 25
block 26 25
block 27 25
block 28 25
block 29 25
block 48 25
block 49 25
block 7 26
block 8 26
block 9 26
block 23 26
block 24 26
block 25 26
block 26 26
block 27 26
block 28 26
block 29 26
block 48 26
block 49 26
block 63 26
block 64 26
block 65 26
block 66 26
block 7 27
block 8 27
block 9 27
block 43 27
block 44 27
block 45 27
block 55 27
block 56 27
block 57 27
block 63 27
block 64 27
block 65 27
block 66 27
block 43 28
block 44 28
block 45 28
block 55 28
block 56 28
block 57 28
block 63 28
block 64 28
block 65 28
block 66 28
block 23 29
block 24 29
block 25 29
block 26 29
block 27 29
block 28 29
block 29 29
block 43 29
block 44 29
block 45 29
block 55 29
block 56 29
block 57 29
block 63 29
block 64 29
block 65 29
block 66 29
block 23 30
block 24 30
block 25 30
block 26 30
block 27 30
block 28 30
block 29 30
block 39 30
block 40 30
block 43 30
block 44 30
block 45 30
block 55 30
block 56 30
block 57 30
block 23 31
block 24 31
block 25 31
block 26 31
block 27 31
block 28 31
block 29 31
block 39 31
block 40 31
block 43 31
block 44 31
block 45 31
block 46 31
block 47 31
block 48 31
block 49 31
block 50 31
block 51 31
block 52 31
block 55 31
block 56 31
block 57 31
block 23 32
block 24 32
block 25 32
block 26 32
block 27 32
block 28 32
block 29 32
block 46 32
block 47 32
block 48 32
block 49 32
block 50 32
block 51 32
block 52 32
block 55 32
block 56 32
block 57 32
block 46 33
block 47 33
block 48 33
block 49 33
block 50 33
block 51 33
block 52 33
block 55 33
block 56 33
block 57 33
block 46 34
block 47 34
block 48 34
block 49 34
block 50 34
block 51 34
block 52 34
##BotsAndCoinsInfo
bot_name 0 starter-bot
bot 0 34 23
bot_coins 0 0
coin 50 30
coin 19 4
round 1
bot 0 34 24
round 2
bot 0 34 25
round 3
bot 0 34 26
round 4
bot 0 34 27
round 5
bot 0 34 28
coin 48 24
coin 21 10
round 6
bot 0 34 29
round 7
bot 0 34 30
round 8
bot 0 34 31
round 9
bot 0 34 32
round 10
bot 0 34 33
coin 40 25
coin 29 9
round 11
bot 0 34 34
round 12
bot 0 33 34
round 13
bot 0 33 33
round 14
bot 0 33 32
round 15
bot 0 33 31
coin 15 3
coin 54 31
round 16
bot 0 33 30
round 17
bot 0 33 29
round 18
bot 0 33 28
round 19
bot 0 33 27
round 20
bot 0 33 26
coin 69 3
coin 0 31
round 21
bot 0 33 25
round 22
bot 0 33 24
round 23
bot 0 33 23
round 24
round 25
coin 53 32
coin 16 2
round 26
round 27
round 28
round 29
round 30
coin 56 7
coin 13 27
round 31
round 32
round 33
round 34
round 35
coin 38 17
coin 31 19
round 36
round 37
round 38
round 39
round 40
coin 56 5
coin 13 29
round 41
round 42
round 43
round 44
round 45
coin 63 9
coin 6 25
round 46
round 47
round 48
round 49
round 50
coin 40 8
coin 29 27
round 51
round 52
round 53
round 54
round 55
coin 36 23
coin 33 11
round 56
round 57
round 58
round 59
round 60
coin 63 16
coin 6 18
round 61
round 62
round 63
round 64
round 65
coin 0 3
coin 69 31
round 66
round 67
round 68
round 69
round 70
coin 67 26
coin 2 8
round 71
round 72
round 73
round 74
round 75
coin 40 6
coin 29 28
round 76
round 77
round 78
round 79
round 80
coin 30 10
coin 39 24
round 81
round 82
round 83
round 84
round 85
coin 17 32
coin 53 2
round 86
round 87
round 88
round 89
round 90
coin 12 33
coin 58 1
round 91
round 92
round 93
round 94
round 95
coin 63 34
coin 6 0
round 96
round 97
round 98
round 99
round 100
coin 69 5
coin 0 29
round 101
round 102
round 103
round 104
round 105
coin 63 7
coin 6 27
round 106
round 107
round 108
round 109
round 110
coin 45 14
coin 24 20
round 111
round 112
round 113
round 114
round 115
coin 27 28
coin 42 6
round 116
round 117
round 118
round 119
round 120
coin 27 3
coin 42 31
round 121
round 122
round 123
round 124
round 125
coin 33 34
coin 36 0
round 126
round 127
round 128
round 129
round 130
coin 59 1
coin 10 33
round 131
round 132
round 133
round 134
round 135
coin 30 34
coin 40 0
round 136
round 137
round 138
round 139
round 140
coin 63 14
coin 6 20
round 141
round 142
round 143
round 144
round 145
coin 1 3
coin 68 31
round 146
round 147
round 148
round 149
round 150
coin 7 19
coin 62 15
round 151
round 152
round 153
round 154
round 155
coin 33 15
coin 38 19
round 156
round 157
round 158
round 159
round 160
coin 64 9
coin 5 25
round 161
round 162
round 163
round 164
round 165
coin 48 5
coin 21 29
round 166
round 167
round 168
round 169
round 170
coin 55 19
coin 12 15
round 171
round 172
round 173
round 174
round 175
coin 10 1
coin 59 33
round 176
round 177
round 178
round 179
round 180
coin 53 14
coin 16 20
round 181
round 182
round 183
round 184
round 185
coin 43 33
coin 26 1
round 186
round 187
round 188
round 189
round 190
coin 26 0
coin 43 34
round 191
round 192
round 193
round 194
round 195
match_over 0
coin 46 28
coin 23 8
round 196
