match
match_id 1639214372895_lh
match_time 1639214372898
num_bots 1
##MatchConfig
mode FRIENDLY
num_rounds 200
random_seed 42
move_time_limit 1000
coin_spawn_period 5
coin_spawn_volume 2
##MapConfig
map_size 79 25
view_radius 6
mining_radius 2
attack_radius 4
block 23 0
block 24 0
block 25 0
block 26 0
block 27 0
block 28 0
block 29 0
block 70 0
block 71 0
block 72 0
block 73 0
block 16 1
block 17 1
block 18 1
block 19 1
block 20 1
block 23 1
block 24 1
block 25 1
block 26 1
block 27 1
block 28 1
block 29 1
block 16 2
block 17 2
block 18 2
block 19 2
block 20 2
block 23 2
block 24 2
block 25 2
block 26 2
block 27 2
block 28 2
block 29 2
block 16 3
block 17 3
block 18 3
block 19 3
block 20 3
block 23 3
block 24 3
block 25 3
block 26 3
block 27 3
block 28 3
block 29 3
block 23 4
block 24 4
block 25 4
block 26 4
block 27 4
block 28 4
block 29 4
block 32 4
block 33 4
block 34 4
block 35 4
block 36 4
block 37 4
block 38 4
block 32 5
block 33 5
block 34 5
block 35 5
block 36 5
block 37 5
block 38 5
block 16 6
block 17 6
block 18 6
block 19 6
block 20 6
block 32 6
block 33 6
block 34 6
block 35 6
block 36 6
block 37 6
block 38 6
block 16 7
block 17 7
block 18 7
block 19 7
block 20 7
block 32 7
block 33 7
block 34 7
block 35 7
block 36 7
block 37 7
block 38 7
block 16 8
block 17 8
block 18 8
block 19 8
block 20 8
block 32 8
block 33 8
block 34 8
block 35 8
block 36 8
block 37 8
block 38 8
block 16 9
block 17 9
block 18 9
block 19 9
block 20 9
block 32 9
block 33 9
block 34 9
block 35 9
block 36 9
block 37 9
block 38 9
block 21 10
block 22 10
block 23 10
block 32 10
block 33 10
block 34 10
block 35 10
block 36 10
block 37 10
block 38 10
block 21 11
block 22 11
block 23 11
block 21 12
block 22 12
block 23 12
block 21 13
block 22 13
block 23 13
block 59 13
block 60 13
block 61 13
block 21 14
block 22 14
block 23 14
block 59 14
block 60 14
block 61 14
block 21 15
block 22 15
block 23 15
block 59 15
block 60 15
block 61 15
block 40 16
block 41 16
block 42 16
block 43 16
block 44 16
block 59 16
block 60 16
block 61 16
block 68 16
block 69 16
block 70 16
block 71 16
block 72 16
block 73 16
block 40 17
block 41 17
block 42 17
block 43 17
block 44 17
block 68 17
block 69 17
block 70 17
block 71 17
block 72 17
block 73 17
block 50 18
block 51 18
block 52 18
block 53 18
block 6 19
block 7 19
block 8 19
block 9 19
block 10 19
block 50 19
block 51 19
block 52 19
block 53 19
block 70 19
block 71 19
block 72 19
block 73 19
block 6 20
block 7 20
block 8 20
block 9 20
block 10 20
block 50 20
block 51 20
block 52 20
block 53 20
block 70 20
block 71 20
block 72 20
block 73 20
block 6 21
block 7 21
block 8 21
block 9 21
block 10 21
block 50 21
block 51 21
block 52 21
block 53 21
block 70 21
block 71 21
block 72 21
block 73 21
block 50 22
block 51 22
block 52 22
block 53 22
block 70 22
block 71 22
block 72 22
block 73 22
block 50 23
block 51 23
block 52 23
block 53 23
block 70 23
block 71 23
block 72 23
block 73 23
block 23 24
block 24 24
block 25 24
block 26 24
block 27 24
block 28 24
block 29 24
block 70 24
block 71 24
block 72 24
block 73 24
##BotsAndCoinsInfo
bot_name 0 starter-bot
bot 0 39 16
bot_coins 0 0
coin 19 13
coin 59 11
round 1
bot 0 39 17
round 2
bot 0 39 18
round 3
bot 0 39 19
round 4
bot 0 39 20
round 5
bot 0 39 21
coin 22 9
coin 56 15
round 6
bot 0 39 22
round 7
bot 0 39 23
round 8
bot 0 39 24
round 9
bot 0 39 23
round 10
bot 0 39 22
coin 74 0
coin 4 24
round 11
bot 0 39 21
round 12
bot 0 39 20
round 13
bot 0 39 19
round 14
bot 0 39 18
round 15
bot 0 39 17
coin 62 18
coin 16 5
round 16
bot 0 39 16
round 17
bot 0 39 15
round 18
bot 0 39 14
round 19
bot 0 39 13
round 20
bot 0 39 12
coin 1 18
coin 77 6
round 21
bot 0 39 11
round 22
bot 0 39 10
round 23
round 24
round 25
coin 15 2
coin 63 22
round 26
round 27
round 28
round 29
round 30
coin 26 17
coin 52 7
round 31
round 32
round 33
round 34
round 35
coin 68 7
coin 10 17
round 36
round 37
round 38
bot 0 39 9
round 39
bot 0 39 8
round 40
bot 0 39 7
coin 27 20
coin 51 4
round 41
bot 0 39 6
round 42
bot 0 39 5
round 43
bot 0 39 4
round 44
bot 0 39 3
round 45
bot 0 39 2
coin 65 9
coin 13 15
round 46
bot 0 39 1
round 47
bot 0 39 0
round 48
bot 0 39 1
round 49
bot 0 39 2
round 50
bot 0 39 3
coin 37 13
coin 41 11
round 51
bot 0 39 4
round 52
round 53
bot 0 39 5
round 54
bot 0 39 6
round 55
bot 0 39 7
coin 27 13
coin 51 11
round 56
bot 0 39 8
round 57
bot 0 39 9
round 58
bot 0 39 10
round 59
bot 0 39 11
coin_collected 41 11 0
bot_coins 0 1
round 60
bot 0 39 12
coin 35 16
coin 43 8
round 61
bot 0 39 13
coin_collected 37 13 0
bot_coins 0 2
round 62
bot 0 39 14
round 63
bot 0 39 15
round 64
bot 0 39 16
round 65
bot 0 39 17
coin 47 8
coin 31 16
round 66
bot 0 39 18
round 67
bot 0 39 19
round 68
bot 0 39 20
round 69
bot 0 39 21
round 70
bot 0 39 22
coin 6 22
coin 72 2
round 71
bot 0 39 23
round 72
bot 0 39 24
round 73
bot 0 39 23
round 74
bot 0 39 22
round 75
bot 0 39 21
coin 24 6
coin 54 18
round 76
bot 0 39 20
round 77
bot 0 39 19
round 78
bot 0 39 18
round 79
bot 0 39 17
round 80
bot 0 39 16
coin 52 10
coin 26 14
round 81
bot 0 39 15
round 82
bot 0 39 14
round 83
bot 0 39 13
round 84
bot 0 39 12
round 85
bot 0 39 11
coin 6 2
coin 74 22
round 86
bot 0 39 10
round 87
round 88
round 89
round 90
coin 30 18
coin 48 6
round 91
round 92
round 93
round 94
round 95
coin 69 14
coin 9 10
round 96
round 97
round 98
round 99
round 100
coin 47 15
coin 31 9
round 101
round 102
bot 0 39 9
round 103
bot 0 39 8
round 104
bot 0 39 7
round 105
bot 0 39 6
coin 45 12
coin 33 12
round 106
bot 0 39 5
round 107
bot 0 39 4
round 108
bot 0 39 3
round 109
bot 0 39 2
round 110
bot 0 39 1
coin 27 9
coin 51 15
round 111
bot 0 39 0
round 112
bot 0 39 1
round 113
bot 0 39 2
round 114
bot 0 39 3
round 115
bot 0 39 4
coin 58 10
coin 20 14
round 116
round 117
bot 0 39 5
round 118
bot 0 39 6
round 119
bot 0 39 7
round 120
bot 0 39 8
coin 49 18
coin 29 6
round 121
bot 0 39 9
round 122
bot 0 39 10
round 123
bot 0 39 11
round 124
bot 0 39 12
round 125
bot 0 39 13
coin 11 15
coin 67 9
round 126
bot 0 39 14
round 127
bot 0 39 15
round 128
bot 0 39 16
round 129
bot 0 39 17
round 130
bot 0 39 18
coin 8 6
coin 70 18
round 131
bot 0 39 19
round 132
bot 0 39 20
round 133
bot 0 39 21
round 134
bot 0 39 22
round 135
bot 0 39 23
coin 21 9
coin 57 15
round 136
bot 0 39 24
round 137
bot 0 39 23
round 138
bot 0 39 22
round 139
bot 0 39 21
round 140
bot 0 39 20
coin 53 9
coin 25 15
round 141
bot 0 39 19
round 142
bot 0 39 18
round 143
bot 0 39 17
round 144
bot 0 39 16
round 145
bot 0 39 15
coin 63 3
coin 15 21
round 146
bot 0 39 14
round 147
bot 0 39 13
round 148
bot 0 39 12
round 149
bot 0 39 11
round 150
bot 0 39 10
coin 75 19
coin 3 5
round 151
round 152
round 153
round 154
round 155
coin 68 1
coin 10 23
round 156
round 157
round 158
round 159
round 160
coin 22 19
coin 56 5
round 161
round 162
round 163
round 164
round 165
coin 24 19
coin 54 5
round 166
bot 0 39 9
round 167
bot 0 39 8
round 168
bot 0 39 7
round 169
bot 0 39 6
round 170
bot 0 39 5
coin 58 24
coin 20 0
round 171
bot 0 39 4
round 172
bot 0 39 3
round 173
bot 0 39 2
round 174
bot 0 39 1
round 175
bot 0 39 0
coin 22 1
coin 56 23
round 176
bot 0 39 1
round 177
bot 0 39 2
round 178
bot 0 39 3
round 179
bot 0 39 4
round 180
coin 62 4
coin 16 20
round 181
bot 0 39 5
round 182
bot 0 39 6
round 183
bot 0 39 7
round 184
bot 0 39 8
round 185
bot 0 39 9
coin 71 8
coin 7 16
round 186
bot 0 39 10
round 187
bot 0 39 11
round 188
bot 0 39 12
round 189
bot 0 39 13
round 190
bot 0 39 14
coin 70 10
coin 8 14
round 191
bot 0 39 15
round 192
bot 0 39 16
round 193
bot 0 39 17
round 194
bot 0 39 18
round 195
bot 0 39 19
coin 33 18
coin 45 6
round 196
bot 0 39 20
round 197
bot 0 39 21
round 198
bot 0 39 22
round 199
bot 0 39 23
round 200
bot 0 39 24
coin 37 19
coin 41 5
match_over 0
