match
match_id 1639415012950_en
match_time 1639415012953
num_bots 1
##MatchConfig
mode FRIENDLY
num_rounds 200
random_seed 42
move_time_limit 1000
coin_spawn_period 5
coin_spawn_volume 2
##MapConfig
map_size 66 22
view_radius 5
mining_radius 2
attack_radius 4
block 0 0
block 1 0
block 2 0
block 3 0
block 4 0
block 5 0
block 6 0
block 10 0
block 11 0
block 12 0
block 13 0
block 0 1
block 1 1
block 2 1
block 3 1
block 4 1
block 5 1
block 6 1
block 10 1
block 11 1
block 12 1
block 13 1
block 14 1
block 15 1
block 16 1
block 17 1
block 18 1
block 19 1
block 20 1
block 10 2
block 11 2
block 12 2
block 13 2
block 14 2
block 15 2
block 16 2
block 17 2
block 18 2
block 19 2
block 20 2
block 10 3
block 11 3
block 12 3
block 13 3
block 14 3
block 15 3
block 16 3
block 17 3
block 18 3
block 19 3
block 20 3
block 10 4
block 11 4
block 12 4
block 13 4
block 14 4
block 15 4
block 16 4
block 17 4
block 18 4
block 19 4
block 20 4
block 0 5
block 1 5
block 2 5
block 16 5
block 17 5
block 18 5
block 19 5
block 20 5
block 65 5
block 0 6
block 1 6
block 2 6
block 16 6
block 17 6
block 18 6
block 19 6
block 20 6
block 65 6
block 0 7
block 1 7
block 2 7
block 6 7
block 7 7
block 65 7
block 0 8
block 1 8
block 2 8
block 6 8
block 7 8
block 65 8
block 0 9
block 1 9
block 2 9
block 6 9
block 7 9
block 65 9
block 0 10
block 1 10
block 2 10
block 6 10
block 7 10
block 53 10
block 54 10
block 55 10
block 59 10
block 60 10
block 61 10
block 62 10
block 63 10
block 65 10
block 6 11
block 7 11
block 9 11
block 10 11
block 11 11
block 53 11
block 54 11
block 55 11
block 59 11
block 60 11
block 61 11
block 62 11
block 63 11
block 6 12
block 7 12
block 9 12
block 10 12
block 11 12
block 53 12
block 54 12
block 55 12
block 59 12
block 60 12
block 61 12
block 62 12
block 63 12
block 9 13
block 10 13
block 11 13
block 53 13
block 54 13
block 55 13
block 59 13
block 60 13
block 61 13
block 62 13
block 63 13
block 9 14
block 10 14
block 11 14
block 59 14
block 60 14
block 61 14
block 62 14
block 63 14
block 9 15
block 10 15
block 11 15
block 9 16
block 10 16
block 11 16
block 9 17
block 10 17
block 11 17
block 45 17
block 46 17
block 0 18
block 1 18
block 2 18
block 3 18
block 4 18
block 5 18
block 6 18
block 45 18
block 46 18
block 0 19
block 1 19
block 2 19
block 3 19
block 4 19
block 5 19
block 6 19
block 45 19
block 46 19
block 0 20
block 1 20
block 2 20
block 3 20
block 4 20
block 5 20
block 6 20
block 10 20
block 11 20
block 12 20
block 13 20
block 45 20
block 46 20
block 0 21
block 1 21
block 2 21
block 3 21
block 4 21
block 5 21
block 6 21
block 10 21
block 11 21
block 12 21
block 13 21
##BotsAndCoinsInfo
bot_name 0 martyn
bot 0 38 11
bot_coins 0 0
coin 62 15
coin 3 6
round 1
round 2
round 3
match_over 0
round 4
