match
match_id 1639217464012_oa
match_time 1639217464014
num_bots 1
##MatchConfig
mode FRIENDLY
num_rounds 200
random_seed 42
move_time_limit 1000
coin_spawn_period 5
coin_spawn_volume 2
##MapConfig
map_size 52 26
view_radius 5
mining_radius 1
attack_radius 3
block 7 0
block 8 0
block 9 0
block 10 0
block 11 0
block 12 0
block 13 0
block 29 0
block 30 0
block 31 0
block 32 0
block 33 0
block 34 0
block 47 0
block 48 0
block 49 0
block 3 1
block 4 1
block 5 1
block 6 1
block 7 1
block 8 1
block 9 1
block 10 1
block 11 1
block 12 1
block 13 1
block 29 1
block 30 1
block 31 1
block 32 1
block 33 1
block 34 1
block 47 1
block 48 1
block 49 1
block 3 2
block 4 2
block 5 2
block 6 2
block 7 2
block 8 2
block 29 2
block 30 2
block 31 2
block 32 2
block 33 2
block 34 2
block 40 2
block 41 2
block 3 3
block 4 3
block 5 3
block 6 3
block 7 3
block 8 3
block 29 3
block 30 3
block 31 3
block 32 3
block 33 3
block 34 3
block 38 3
block 39 3
block 40 3
block 41 3
block 42 3
block 43 3
block 3 4
block 4 4
block 5 4
block 6 4
block 7 4
block 8 4
block 29 4
block 30 4
block 31 4
block 32 4
block 33 4
block 34 4
block 38 4
block 39 4
block 40 4
block 41 4
block 42 4
block 43 4
block 3 5
block 4 5
block 5 5
block 6 5
block 7 5
block 8 5
block 29 5
block 30 5
block 31 5
block 32 5
block 40 5
block 41 5
block 3 6
block 4 6
block 5 6
block 6 6
block 7 6
block 8 6
block 29 6
block 30 6
block 31 6
block 32 6
block 35 6
block 36 6
block 37 6
block 38 6
block 39 6
block 40 6
block 41 6
block 3 7
block 4 7
block 5 7
block 6 7
block 7 7
block 8 7
block 17 7
block 18 7
block 19 7
block 20 7
block 29 7
block 30 7
block 31 7
block 32 7
block 35 7
block 36 7
block 37 7
block 38 7
block 39 7
block 40 7
block 41 7
block 17 8
block 18 8
block 19 8
block 20 8
block 21 8
block 22 8
block 23 8
block 29 8
block 30 8
block 31 8
block 32 8
block 33 8
block 34 8
block 35 8
block 36 8
block 37 8
block 38 8
block 39 8
block 40 8
block 41 8
block 17 9
block 18 9
block 19 9
block 20 9
block 21 9
block 22 9
block 23 9
block 29 9
block 30 9
block 31 9
block 32 9
block 33 9
block 34 9
block 35 9
block 36 9
block 37 9
block 41 9
block 42 9
block 43 9
block 44 9
block 45 9
block 46 9
block 47 9
block 17 10
block 18 10
block 19 10
block 20 10
block 21 10
block 22 10
block 23 10
block 29 10
block 30 10
block 31 10
block 32 10
block 33 10
block 34 10
block 35 10
block 36 10
block 37 10
block 41 10
block 42 10
block 43 10
block 44 10
block 45 10
block 46 10
block 47 10
block 17 11
block 18 11
block 19 11
block 20 11
block 31 11
block 32 11
block 33 11
block 34 11
block 35 11
block 36 11
block 37 11
block 38 11
block 39 11
block 40 11
block 41 11
block 42 11
block 43 11
block 44 11
block 45 11
block 46 11
block 47 11
block 17 12
block 18 12
block 19 12
block 20 12
block 34 12
block 35 12
block 36 12
block 37 12
block 38 12
block 39 12
block 40 12
block 41 12
block 42 12
block 43 12
block 44 12
block 45 12
block 46 12
block 47 12
block 0 13
block 1 13
block 17 13
block 18 13
block 19 13
block 20 13
block 34 13
block 35 13
block 36 13
block 37 13
block 38 13
block 39 13
block 40 13
block 41 13
block 42 13
block 43 13
block 44 13
block 45 13
block 46 13
block 47 13
block 49 13
block 50 13
block 51 13
block 0 14
block 1 14
block 21 14
block 22 14
block 23 14
block 24 14
block 25 14
block 26 14
block 27 14
block 34 14
block 35 14
block 36 14
block 37 14
block 38 14
block 39 14
block 41 14
block 42 14
block 43 14
block 44 14
block 45 14
block 46 14
block 47 14
block 49 14
block 50 14
block 51 14
block 0 15
block 1 15
block 5 15
block 6 15
block 7 15
block 8 15
block 9 15
block 10 15
block 21 15
block 22 15
block 23 15
block 24 15
block 25 15
block 26 15
block 27 15
block 34 15
block 35 15
block 36 15
block 37 15
block 38 15
block 39 15
block 49 15
block 50 15
block 51 15
block 0 16
block 1 16
block 5 16
block 6 16
block 7 16
block 8 16
block 9 16
block 10 16
block 11 16
block 12 16
block 13 16
block 21 16
block 22 16
block 23 16
block 24 16
block 25 16
block 26 16
block 27 16
block 28 16
block 29 16
block 30 16
block 34 16
block 35 16
block 36 16
block 37 16
block 38 16
block 39 16
block 49 16
block 50 16
block 51 16
block 5 17
block 6 17
block 7 17
block 8 17
block 9 17
block 10 17
block 11 17
block 12 17
block 13 17
block 14 17
block 15 17
block 16 17
block 17 17
block 18 17
block 21 17
block 22 17
block 23 17
block 24 17
block 25 17
block 26 17
block 27 17
block 28 17
block 29 17
block 30 17
block 34 17
block 35 17
block 36 17
block 37 17
block 38 17
block 39 17
block 8 18
block 9 18
block 10 18
block 11 18
block 12 18
block 13 18
block 14 18
block 15 18
block 16 18
block 17 18
block 18 18
block 21 18
block 22 18
block 23 18
block 24 18
block 25 18
block 26 18
block 27 18
block 28 18
block 29 18
block 30 18
block 34 18
block 35 18
block 36 18
block 37 18
block 38 18
block 39 18
block 0 19
block 1 19
block 2 19
block 3 19
block 4 19
block 8 19
block 9 19
block 10 19
block 11 19
block 12 19
block 13 19
block 14 19
block 15 19
block 16 19
block 17 19
block 18 19
block 21 19
block 22 19
block 23 19
block 24 19
block 25 19
block 26 19
block 27 19
block 28 19
block 29 19
block 30 19
block 43 19
block 44 19
block 50 19
block 51 19
block 0 20
block 1 20
block 2 20
block 3 20
block 4 20
block 5 20
block 6 20
block 8 20
block 9 20
block 10 20
block 11 20
block 12 20
block 13 20
block 14 20
block 15 20
block 16 20
block 17 20
block 18 20
block 19 20
block 20 20
block 21 20
block 22 20
block 23 20
block 24 20
block 25 20
block 26 20
block 27 20
block 28 20
block 29 20
block 30 20
block 43 20
block 44 20
block 50 20
block 51 20
block 5 21
block 6 21
block 8 21
block 9 21
block 10 21
block 11 21
block 12 21
block 13 21
block 14 21
block 15 21
block 16 21
block 17 21
block 18 21
block 19 21
block 20 21
block 21 21
block 22 21
block 23 21
block 24 21
block 25 21
block 26 21
block 27 21
block 28 21
block 39 21
block 40 21
block 41 21
block 42 21
block 43 21
block 44 21
block 45 21
block 5 22
block 6 22
block 7 22
block 8 22
block 9 22
block 10 22
block 11 22
block 12 22
block 13 22
block 14 22
block 15 22
block 16 22
block 17 22
block 18 22
block 19 22
block 20 22
block 21 22
block 22 22
block 23 22
block 24 22
block 25 22
block 26 22
block 27 22
block 28 22
block 39 22
block 40 22
block 41 22
block 42 22
block 43 22
block 44 22
block 45 22
block 47 22
block 48 22
block 49 22
block 5 23
block 6 23
block 7 23
block 8 23
block 9 23
block 10 23
block 11 23
block 12 23
block 13 23
block 14 23
block 15 23
block 16 23
block 17 23
block 18 23
block 19 23
block 20 23
block 21 23
block 22 23
block 23 23
block 24 23
block 25 23
block 26 23
block 27 23
block 28 23
block 39 23
block 40 23
block 41 23
block 42 23
block 43 23
block 44 23
block 45 23
block 47 23
block 48 23
block 49 23
block 5 24
block 6 24
block 7 24
block 8 24
block 9 24
block 10 24
block 11 24
block 12 24
block 13 24
block 15 24
block 16 24
block 17 24
block 18 24
block 19 24
block 20 24
block 21 24
block 22 24
block 23 24
block 24 24
block 25 24
block 26 24
block 27 24
block 28 24
block 39 24
block 40 24
block 41 24
block 42 24
block 43 24
block 44 24
block 45 24
block 47 24
block 48 24
block 49 24
block 7 25
block 8 25
block 9 25
block 10 25
block 11 25
block 12 25
block 13 25
block 15 25
block 16 25
block 17 25
block 18 25
block 19 25
block 20 25
block 21 25
block 29 25
block 30 25
block 31 25
block 32 25
block 33 25
block 34 25
block 47 25
block 48 25
block 49 25
##BotsAndCoinsInfo
bot_name 0 starter-bot
bot 0 33 5
bot_coins 0 0
coin 26 7
coin 28 15
round 1
bot 0 33 6
round 2
bot 0 33 7
round 3
round 4
round 5
coin 48 12
coin 3 13
round 6
round 7
round 8
round 9
round 10
coin 28 14
coin 23 11
round 11
round 12
round 13
round 14
round 15
coin 14 16
coin 38 9
round 16
round 17
round 18
round 19
round 20
coin 3 15
coin 48 10
round 21
round 22
round 23
round 24
round 25
coin 26 0
coin 25 25
round 26
round 27
round 28
round 29
round 30
coin 9 6
coin 42 19
round 31
round 32
round 33
round 34
round 35
coin 20 4
coin 31 21
round 36
round 37
round 38
round 39
round 40
coin 48 8
coin 3 17
round 41
round 42
round 43
round 44
round 45
coin 11 2
coin 38 23
round 46
round 47
round 48
round 49
round 50
coin 40 17
coin 11 8
round 51
round 52
round 53
round 54
round 55
coin 29 15
coin 22 11
round 56
round 57
round 58
round 59
round 60
coin 51 21
coin 0 4
round 61
round 62
round 63
round 64
round 65
coin 38 5
coin 14 24
round 66
round 67
round 68
round 69
round 70
coin 19 0
coin 32 24
round 71
round 72
round 73
round 74
round 75
coin 38 10
coin 13 15
round 76
round 77
round 78
round 79
round 80
coin 18 6
coin 33 19
round 81
round 82
round 83
round 84
round 85
coin 33 21
coin 18 4
round 86
round 87
round 88
round 89
round 90
coin 32 12
coin 19 14
round 91
round 92
round 93
round 94
round 95
coin 40 10
coin 11 15
round 96
round 97
round 98
round 99
round 100
coin 33 5
coin 19 19
round 101
round 102
round 103
round 104
round 105
coin 47 3
coin 4 22
round 106
round 107
round 108
round 109
round 110
coin 15 2
coin 36 23
round 111
round 112
round 113
round 114
round 115
coin 3 21
coin 48 4
round 116
round 117
round 118
round 119
round 120
coin 1 23
coin 50 2
round 121
round 122
round 123
round 124
round 125
coin 7 18
coin 44 7
round 126
round 127
round 128
round 129
round 130
coin 42 2
coin 7 21
round 131
round 132
round 133
round 134
round 135
coin 40 16
coin 11 9
round 136
round 137
round 138
round 139
round 140
coin 25 13
coin 26 12
round 141
round 142
round 143
round 144
round 145
coin 49 2
coin 2 23
round 146
round 147
round 148
round 149
round 150
coin 45 8
coin 6 18
round 151
round 152
round 153
round 154
round 155
coin 34 7
coin 19 18
round 156
coin_collected 34 7 0
bot_coins 0 1
round 157
round 158
round 159
round 160
coin 50 6
coin 1 18
round 161
round 162
round 163
round 164
round 165
coin 46 15
coin 5 10
round 166
round 167
round 168
round 169
round 170
coin 35 5
coin 16 16
round 171
round 172
round 173
round 174
round 175
coin 7 20
coin 44 5
round 176
round 177
round 178
round 179
round 180
coin 13 13
coin 39 10
round 181
round 182
round 183
round 184
round 185
coin 13 7
coin 38 19
round 186
round 187
round 188
round 189
round 190
coin 42 20
coin 9 5
round 191
round 192
round 193
round 194
round 195
coin 29 21
coin 22 4
round 196
round 197
round 198
round 199
round 200
coin 40 25
coin 10 2
match_over 0
