match
match_id 1639175812487_gd
match_time 1639175812489
num_bots 1
##MatchConfig
mode FRIENDLY
num_rounds 200
random_seed 42
move_time_limit 1000
coin_spawn_period 5
coin_spawn_volume 2
##MapConfig
map_size 62 25
view_radius 5
mining_radius 2
attack_radius 3
block 1 0
block 2 0
block 3 0
block 4 0
block 5 0
block 6 0
block 12 0
block 13 0
block 14 0
block 48 0
block 49 0
block 50 0
block 51 0
block 52 0
block 53 0
block 2 1
block 3 1
block 4 1
block 5 1
block 6 1
block 10 1
block 11 1
block 12 1
block 13 1
block 14 1
block 42 1
block 43 1
block 44 1
block 45 1
block 46 1
block 48 1
block 49 1
block 50 1
block 2 2
block 3 2
block 4 2
block 5 2
block 6 2
block 10 2
block 11 2
block 12 2
block 13 2
block 14 2
block 21 2
block 22 2
block 23 2
block 24 2
block 25 2
block 26 2
block 42 2
block 43 2
block 44 2
block 45 2
block 46 2
block 48 2
block 49 2
block 50 2
block 12 3
block 13 3
block 14 3
block 19 3
block 20 3
block 21 3
block 22 3
block 23 3
block 24 3
block 25 3
block 26 3
block 27 3
block 28 3
block 29 3
block 30 3
block 42 3
block 43 3
block 44 3
block 45 3
block 46 3
block 48 3
block 49 3
block 50 3
block 19 4
block 20 4
block 21 4
block 22 4
block 23 4
block 24 4
block 25 4
block 26 4
block 27 4
block 28 4
block 29 4
block 30 4
block 42 4
block 43 4
block 44 4
block 45 4
block 46 4
block 19 5
block 20 5
block 21 5
block 24 5
block 25 5
block 26 5
block 27 5
block 28 5
block 29 5
block 30 5
block 42 5
block 43 5
block 44 5
block 45 5
block 46 5
block 4 6
block 5 6
block 6 6
block 7 6
block 8 6
block 19 6
block 20 6
block 21 6
block 24 6
block 25 6
block 26 6
block 27 6
block 28 6
block 29 6
block 30 6
block 42 6
block 43 6
block 44 6
block 45 6
block 46 6
block 4 7
block 5 7
block 6 7
block 7 7
block 8 7
block 24 7
block 25 7
block 26 7
block 27 7
block 28 7
block 29 7
block 30 7
block 4 8
block 5 8
block 6 8
block 7 8
block 8 8
block 24 8
block 25 8
block 26 8
block 27 8
block 28 8
block 29 8
block 30 8
block 24 9
block 25 9
block 26 9
block 27 9
block 28 9
block 29 9
block 30 9
block 31 9
block 40 9
block 41 9
block 42 9
block 43 9
block 44 9
block 45 9
block 23 10
block 24 10
block 25 10
block 26 10
block 27 10
block 28 10
block 29 10
block 30 10
block 31 10
block 40 10
block 41 10
block 42 10
block 43 10
block 44 10
block 45 10
block 49 10
block 50 10
block 23 11
block 24 11
block 25 11
block 26 11
block 27 11
block 28 11
block 29 11
block 30 11
block 31 11
block 38 11
block 39 11
block 40 11
block 41 11
block 42 11
block 43 11
block 44 11
block 45 11
block 49 11
block 50 11
block 23 12
block 24 12
block 25 12
block 26 12
block 36 12
block 37 12
block 38 12
block 39 12
block 40 12
block 41 12
block 42 12
block 43 12
block 44 12
block 45 12
block 49 12
block 50 12
block 36 13
block 37 13
block 38 13
block 39 13
block 40 13
block 41 13
block 42 13
block 43 13
block 44 13
block 45 13
block 49 13
block 50 13
block 36 14
block 37 14
block 40 14
block 41 14
block 42 14
block 43 14
block 44 14
block 45 14
block 49 14
block 50 14
block 36 15
block 37 15
block 49 15
block 50 15
block 54 16
block 55 16
block 56 16
block 57 16
block 58 16
block 34 17
block 35 17
block 36 17
block 37 17
block 38 17
block 54 17
block 55 17
block 56 17
block 57 17
block 58 17
block 34 18
block 35 18
block 36 18
block 37 18
block 38 18
block 54 18
block 55 18
block 56 18
block 57 18
block 58 18
block 34 19
block 35 19
block 36 19
block 37 19
block 38 19
block 54 19
block 55 19
block 56 19
block 57 19
block 58 19
block 34 20
block 35 20
block 36 20
block 37 20
block 38 20
block 54 20
block 55 20
block 56 20
block 57 20
block 58 20
block 2 21
block 3 21
block 4 21
block 5 21
block 6 21
block 34 21
block 35 21
block 36 21
block 37 21
block 38 21
block 51 21
block 52 21
block 53 21
block 2 22
block 3 22
block 4 22
block 5 22
block 6 22
block 34 22
block 35 22
block 51 22
block 52 22
block 53 22
block 1 23
block 2 23
block 3 23
block 4 23
block 5 23
block 6 23
block 12 23
block 13 23
block 14 23
block 34 23
block 35 23
block 51 23
block 52 23
block 53 23
block 1 24
block 2 24
block 3 24
block 4 24
block 5 24
block 6 24
block 12 24
block 13 24
block 14 24
block 48 24
block 49 24
block 50 24
block 51 24
block 52 24
block 53 24
##BotsAndCoinsInfo
bot_name 0 starter-bot
bot 0 8 11
bot_coins 0 0
coin 6 13
coin 55 11
round 1
bot 0 8 12
round 2
bot 0 8 13
coin_collected 6 13 0
bot_coins 0 1
round 3
bot 0 8 14
round 4
bot 0 8 15
round 5
bot 0 8 16
coin 34 9
coin 27 15
round 6
bot 0 8 17
round 7
bot 0 8 18
round 8
bot 0 8 19
round 9
bot 0 8 20
round 10
bot 0 8 21
coin 1 1
coin 60 23
round 11
bot 0 8 22
round 12
bot 0 8 23
round 13
bot 0 8 24
round 14
bot 0 8 0
round 15
bot 0 7 24
coin 3 18
coin 58 6
round 16
bot 0 7 23
round 17
bot 0 7 22
round 18
bot 0 7 21
round 19
bot 0 7 20
round 20
bot 0 7 19
coin 23 18
coin 38 6
round 21
bot 0 7 18
round 22
bot 0 7 17
round 23
bot 0 7 16
round 24
bot 0 7 15
round 25
bot 0 7 14
coin 34 2
coin 27 22
round 26
bot 0 7 13
round 27
bot 0 7 12
round 28
bot 0 7 11
round 29
bot 0 7 10
round 30
bot 0 7 9
coin 12 17
coin 49 7
round 31
round 32
round 33
round 34
round 35
coin 58 7
coin 3 17
round 36
round 37
round 38
round 39
round 40
coin 14 20
coin 47 4
round 41
round 42
round 43
round 44
round 45
coin 49 9
coin 12 15
round 46
round 47
round 48
round 49
round 50
coin 14 13
coin 47 11
round 51
round 52
round 53
round 54
round 55
coin 58 13
coin 3 11
round 56
round 57
round 58
round 59
round 60
coin 55 15
coin 6 9
round 61
coin_collected 6 9 0
bot_coins 0 2
round 62
round 63
round 64
round 65
coin 6 9
coin 54 15
round 66
coin_collected 6 9 0
bot_coins 0 3
round 67
round 68
round 69
round 70
coin 51 20
coin 10 4
round 71
round 72
round 73
round 74
round 75
coin 54 6
coin 7 18
round 76
round 77
round 78
round 79
round 80
coin 22 10
coin 39 14
round 81
round 82
round 83
round 84
round 85
coin 13 4
coin 48 20
round 86
round 87
round 88
round 89
round 90
coin 4 18
coin 57 6
round 91
round 92
round 93
round 94
round 95
coin 25 14
coin 36 10
round 96
round 97
round 98
round 99
round 100
coin 53 15
coin 8 9
round 101
coin_collected 8 9 0
bot_coins 0 4
round 102
round 103
round 104
round 105
coin 25 13
coin 36 11
round 106
round 107
round 108
round 109
round 110
coin 23 9
coin 38 15
round 111
round 112
round 113
round 114
round 115
coin 23 8
coin 38 16
round 116
round 117
round 118
round 119
round 120
coin 21 18
coin 40 6
round 121
round 122
round 123
round 124
round 125
coin 49 16
coin 12 8
round 126
round 127
round 128
round 129
round 130
coin 6 5
coin 53 19
round 131
round 132
round 133
round 134
round 135
coin 34 10
coin 27 14
round 136
round 137
round 138
round 139
round 140
coin 31 8
coin 30 16
round 141
round 142
round 143
round 144
round 145
coin 15 3
coin 46 21
round 146
round 147
round 148
round 149
round 150
coin 61 19
coin 0 5
round 151
round 152
round 153
round 154
round 155
coin 18 1
coin 43 23
round 156
round 157
round 158
round 159
round 160
coin 42 19
coin 18 5
round 161
round 162
round 163
round 164
round 165
coin 43 19
coin 18 4
round 166
round 167
round 168
round 169
round 170
coin 15 24
coin 46 0
round 171
round 172
round 173
round 174
round 175
coin 52 1
coin 9 23
round 176
round 177
round 178
round 179
round 180
coin 59 4
coin 2 20
round 181
round 182
round 183
round 184
round 185
coin 27 12
coin 34 12
round 186
round 187
round 188
round 189
round 190
coin 56 10
coin 5 14
round 191
round 192
round 193
round 194
round 195
coin 27 18
coin 34 6
round 196
round 197
round 198
round 199
round 200
coin 52 19
coin 9 5
match_over 0
