match
match_id 1639181024512_jo
match_time 1639181024514
num_bots 1
##MatchConfig
mode FRIENDLY
num_rounds 200
random_seed 42
move_time_limit 1000
coin_spawn_period 5
coin_spawn_volume 2
##MapConfig
map_size 50 23
view_radius 6
mining_radius 2
attack_radius 3
block 28 0
block 29 0
block 30 0
block 31 0
block 32 0
block 36 0
block 37 0
block 38 0
block 39 0
block 40 0
block 41 0
block 42 0
block 14 1
block 15 1
block 36 1
block 37 1
block 38 1
block 39 1
block 40 1
block 41 1
block 42 1
block 14 2
block 15 2
block 36 2
block 37 2
block 38 2
block 39 2
block 40 2
block 41 2
block 42 2
block 14 3
block 15 3
block 36 3
block 37 3
block 38 3
block 39 3
block 40 3
block 41 3
block 42 3
block 45 3
block 46 3
block 47 3
block 48 3
block 14 4
block 15 4
block 36 4
block 37 4
block 38 4
block 39 4
block 40 4
block 41 4
block 42 4
block 45 4
block 46 4
block 47 4
block 48 4
block 14 5
block 15 5
block 36 5
block 37 5
block 38 5
block 39 5
block 40 5
block 41 5
block 42 5
block 45 5
block 46 5
block 47 5
block 48 5
block 14 6
block 15 6
block 36 6
block 37 6
block 38 6
block 39 6
block 40 6
block 41 6
block 42 6
block 45 6
block 46 6
block 47 6
block 48 6
block 14 7
block 15 7
block 45 7
block 46 7
block 47 7
block 48 7
block 41 8
block 42 8
block 43 8
block 44 8
block 45 8
block 46 8
block 47 8
block 48 8
block 41 9
block 42 9
block 43 9
block 44 9
block 45 9
block 46 9
block 47 9
block 48 9
block 9 10
block 10 10
block 11 10
block 12 10
block 13 10
block 14 10
block 15 10
block 41 10
block 42 10
block 43 10
block 44 10
block 45 10
block 46 10
block 9 11
block 10 11
block 11 11
block 12 11
block 13 11
block 14 11
block 15 11
block 41 11
block 42 11
block 43 11
block 44 11
block 45 11
block 46 11
block 9 12
block 10 12
block 11 12
block 12 12
block 13 12
block 14 12
block 15 12
block 41 12
block 42 12
block 43 12
block 44 12
block 45 12
block 46 12
block 9 13
block 10 13
block 11 13
block 12 13
block 13 13
block 14 13
block 15 13
block 41 13
block 42 13
block 43 13
block 44 13
block 45 13
block 46 13
block 9 14
block 10 14
block 11 14
block 12 14
block 13 14
block 14 14
block 15 14
block 9 15
block 10 15
block 11 15
block 12 15
block 13 15
block 14 15
block 15 15
block 3 16
block 4 16
block 5 16
block 6 16
block 7 16
block 9 16
block 10 16
block 11 16
block 12 16
block 13 16
block 14 16
block 15 16
block 3 17
block 4 17
block 5 17
block 6 17
block 7 17
block 3 18
block 4 18
block 5 18
block 6 18
block 7 18
block 43 18
block 44 18
block 45 18
block 46 18
block 47 18
block 48 18
block 49 18
block 28 19
block 29 19
block 30 19
block 31 19
block 32 19
block 43 19
block 44 19
block 45 19
block 46 19
block 47 19
block 48 19
block 49 19
block 28 20
block 29 20
block 30 20
block 31 20
block 32 20
block 43 20
block 44 20
block 45 20
block 46 20
block 47 20
block 48 20
block 49 20
block 28 21
block 29 21
block 30 21
block 31 21
block 32 21
block 43 21
block 44 21
block 45 21
block 46 21
block 47 21
block 48 21
block 49 21
block 28 22
block 29 22
block 30 22
block 31 22
block 32 22
##BotsAndCoinsInfo
bot_name 0 starter-bot
bot 0 28 2
bot_coins 0 0
coin 30 4
coin 19 18
round 1
bot 0 28 3
round 2
bot 0 28 4
coin_collected 30 4 0
bot_coins 0 1
round 3
bot 0 28 5
round 4
bot 0 28 6
round 5
bot 0 28 7
coin 48 10
coin 1 12
round 6
bot 0 28 8
round 7
bot 0 28 9
round 8
bot 0 28 10
round 9
bot 0 28 11
round 10
bot 0 28 12
coin 20 4
coin 29 18
round 11
bot 0 28 13
round 12
bot 0 28 14
round 13
bot 0 28 15
round 14
bot 0 28 16
round 15
bot 0 28 17
coin_collected 29 18 0
bot_coins 0 2
coin 5 20
coin 44 2
round 16
bot 0 28 18
round 17
round 18
round 19
round 20
coin 19 14
coin 30 8
round 21
round 22
round 23
round 24
round 25
coin 32 15
coin 17 7
round 26
round 27
round 28
round 29
round 30
coin 26 21
coin 23 1
round 31
round 32
round 33
round 34
round 35
coin 26 6
coin 23 16
round 36
round 37
round 38
round 39
round 40
coin 6 15
coin 43 7
round 41
round 42
round 43
round 44
round 45
coin 43 16
coin 6 6
round 46
round 47
round 48
round 49
round 50
coin 0 22
coin 49 0
round 51
round 52
round 53
round 54
round 55
coin 26 22
coin 23 0
round 56
round 57
round 58
round 59
round 60
coin 43 0
coin 6 22
round 61
round 62
round 63
round 64
round 65
coin 30 18
coin 19 4
round 66
coin_collected 30 18 0
bot_coins 0 3
round 67
round 68
round 69
round 70
coin 37 11
coin 12 9
round 71
round 72
round 73
round 74
round 75
coin 30 4
coin 20 18
round 76
round 77
round 78
round 79
round 80
coin 30 5
coin 19 17
round 81
round 82
round 83
round 84
round 85
coin 17 18
coin 32 4
round 86
round 87
round 88
round 89
round 90
coin 12 8
coin 37 14
round 91
round 92
round 93
round 94
round 95
coin 13 1
coin 36 21
round 96
round 97
round 98
round 99
round 100
coin 29 16
coin 20 6
round 101
round 102
round 103
round 104
round 105
coin 23 22
coin 26 0
round 106
round 107
round 108
round 109
round 110
coin 25 14
coin 24 8
round 111
round 112
round 113
round 114
round 115
coin 8 16
coin 41 7
round 116
round 117
round 118
round 119
round 120
coin 7 3
coin 42 19
round 121
round 122
round 123
round 124
round 125
match_over 0
coin 43 3
coin 6 19
round 126
