match
match_id 1639146618756_ak
match_time 1639146618757
num_bots 1
##MatchConfig
mode FRIENDLY
num_rounds 200
random_seed 42
move_time_limit 1000
coin_spawn_period 5
coin_spawn_volume 2
##MapConfig
map_size 49 20
view_radius 5
mining_radius 1
attack_radius 3
block 0 0
block 1 0
block 2 0
block 3 0
block 4 0
block 33 3
block 34 3
block 35 3
block 36 3
block 37 3
block 38 3
block 39 3
block 0 4
block 33 4
block 34 4
block 35 4
block 36 4
block 37 4
block 38 4
block 39 4
block 47 4
block 48 4
block 0 5
block 28 5
block 29 5
block 30 5
block 31 5
block 33 5
block 34 5
block 35 5
block 36 5
block 37 5
block 38 5
block 39 5
block 47 5
block 48 5
block 0 6
block 28 6
block 29 6
block 30 6
block 31 6
block 47 6
block 48 6
block 0 7
block 1 7
block 2 7
block 3 7
block 4 7
block 5 7
block 12 7
block 13 7
block 14 7
block 15 7
block 16 7
block 17 7
block 18 7
block 19 7
block 20 7
block 28 7
block 29 7
block 30 7
block 31 7
block 47 7
block 48 7
block 0 8
block 1 8
block 2 8
block 3 8
block 4 8
block 5 8
block 6 8
block 7 8
block 8 8
block 12 8
block 13 8
block 14 8
block 15 8
block 16 8
block 17 8
block 18 8
block 19 8
block 20 8
block 47 8
block 48 8
block 0 9
block 1 9
block 2 9
block 3 9
block 4 9
block 5 9
block 6 9
block 7 9
block 8 9
block 12 9
block 13 9
block 14 9
block 15 9
block 16 9
block 17 9
block 18 9
block 19 9
block 20 9
block 48 9
block 0 10
block 1 10
block 2 10
block 3 10
block 4 10
block 5 10
block 6 10
block 7 10
block 8 10
block 12 10
block 13 10
block 14 10
block 15 10
block 16 10
block 17 10
block 18 10
block 19 10
block 20 10
block 48 10
block 0 11
block 1 11
block 2 11
block 3 11
block 4 11
block 5 11
block 6 11
block 7 11
block 8 11
block 12 11
block 13 11
block 14 11
block 15 11
block 16 11
block 17 11
block 18 11
block 19 11
block 20 11
block 48 11
block 0 12
block 1 12
block 2 12
block 3 12
block 4 12
block 5 12
block 12 12
block 13 12
block 14 12
block 15 12
block 16 12
block 17 12
block 18 12
block 19 12
block 20 12
block 48 12
block 0 13
block 1 13
block 2 13
block 3 13
block 4 13
block 5 13
block 16 13
block 17 13
block 18 13
block 19 13
block 20 13
block 48 13
block 0 14
block 1 14
block 2 14
block 3 14
block 4 14
block 0 15
block 1 15
block 2 15
block 3 15
block 4 15
block 0 16
block 1 16
block 2 16
block 3 16
block 4 16
block 15 16
block 16 16
block 17 16
block 18 16
block 0 17
block 1 17
block 2 17
block 3 17
block 4 17
block 15 17
block 16 17
block 17 17
block 18 17
block 0 18
block 1 18
block 2 18
block 3 18
block 4 18
block 0 19
block 1 19
block 2 19
block 3 19
block 4 19
##BotsAndCoinsInfo
bot_name 0 starter-bot
bot 0 28 8
bot_coins 0 0
coin 29 3
coin 19 16
round 1
bot 0 29 9
round 2
bot 0 30 10
round 3
bot 0 31 11
round 4
bot 0 32 12
round 5
bot 0 33 13
coin 34 6
coin 14 13
round 6
bot 0 34 14
round 7
bot 0 35 15
round 8
bot 0 36 16
round 9
bot 0 37 17
round 10
bot 0 38 16
coin 19 5
coin 29 14
round 11
bot 0 39 15
round 12
bot 0 40 14
round 13
bot 0 41 13
round 14
bot 0 42 12
round 15
bot 0 43 11
coin 48 18
coin 0 1
round 16
bot 0 44 10
round 17
bot 0 45 9
round 18
round 19
round 20
coin 48 14
coin 1 5
round 21
round 22
round 23
round 24
round 25
coin 3 2
coin 45 17
round 26
bot 0 44 8
round 27
bot 0 43 7
round 28
bot 0 42 6
round 29
bot 0 41 5
round 30
bot 0 40 4
coin 28 12
coin 20 6
round 31
round 32
round 33
round 34
round 35
coin 15 13
coin 33 6
round 36
round 37
round 38
round 39
round 40
coin 28 10
coin 21 9
round 41
round 42
round 43
round 44
round 45
coin 47 9
coin 47 10
round 46
round 47
bot 0 41 3
round 48
bot 0 42 2
round 49
bot 0 43 1
round 50
bot 0 44 0
coin 40 3
coin 8 16
round 51
bot 0 45 19
round 52
bot 0 46 18
round 53
bot 0 47 17
round 54
bot 0 48 16
round 55
coin 15 14
coin 32 5
round 56
round 57
round 58
round 59
round 60
coin 28 1
coin 20 18
round 61
round 62
round 63
round 64
round 65
coin 35 18
coin 13 1
round 66
round 67
round 68
round 69
bot 0 47 17
round 70
bot 0 46 18
coin 11 6
coin 37 13
round 71
bot 0 45 19
round 72
bot 0 44 0
round 73
bot 0 43 1
round 74
bot 0 42 2
round 75
bot 0 41 3
coin_collected 40 3 0
bot_coins 0 1
coin 26 16
coin 22 3
round 76
bot 0 41 2
round 77
bot 0 41 1
round 78
bot 0 41 0
round 79
bot 0 41 19
round 80
bot 0 41 18
coin 44 5
coin 5 14
round 81
bot 0 41 17
round 82
bot 0 41 16
round 83
bot 0 41 15
round 84
bot 0 41 14
round 85
bot 0 40 13
coin 10 7
coin 38 12
round 86
bot 0 39 12
coin_collected 38 12 0
bot_coins 0 2
round 87
bot 0 38 11
round 88
bot 0 37 10
round 89
bot 0 36 9
round 90
bot 0 35 8
coin 19 14
coin 29 4
round 91
bot 0 34 7
coin_collected 34 6 0
bot_coins 0 3
round 92
bot 0 34 6
coin_collected 33 6 0
bot_coins 0 4
round 93
round 94
round 95
coin 21 4
coin 27 15
round 96
round 97
round 98
round 99
bot 0 34 7
round 100
bot 0 34 8
coin 41 5
coin 7 14
round 101
bot 0 34 9
round 102
bot 0 34 10
round 103
bot 0 34 11
round 104
bot 0 34 12
round 105
bot 0 34 13
coin 48 17
coin 0 2
round 106
bot 0 34 14
round 107
bot 0 35 13
round 108
bot 0 36 12
round 109
bot 0 37 11
round 110
bot 0 38 10
coin 10 14
coin 38 6
round 111
bot 0 39 9
round 112
bot 0 40 8
round 113
bot 0 41 7
round 114
bot 0 42 6
round 115
bot 0 42 7
coin 6 15
coin 42 4
round 116
bot 0 42 8
round 117
bot 0 42 9
round 118
bot 0 42 10
round 119
bot 0 42 11
round 120
bot 0 42 12
coin 48 3
coin 48 16
round 121
bot 0 42 13
round 122
bot 0 42 14
round 123
bot 0 41 15
round 124
bot 0 40 16
round 125
bot 0 39 17
coin 12 0
coin 36 19
round 126
bot 0 38 18
round 127
bot 0 37 19
coin_collected 36 19 0
bot_coins 0 5
round 128
bot 0 36 0
round 129
bot 0 37 0
round 130
bot 0 38 0
coin 37 16
coin 11 3
round 131
bot 0 39 0
round 132
bot 0 40 0
round 133
bot 0 41 0
round 134
bot 0 42 0
round 135
bot 0 43 0
coin 16 14
coin 32 4
round 136
bot 0 43 1
round 137
bot 0 43 2
round 138
bot 0 43 3
round 139
bot 0 43 4
coin_collected 42 4 0
bot_coins 0 6
round 140
bot 0 43 5
coin_collected 44 5 0
bot_coins 0 7
coin 42 19
coin 6 0
round 141
bot 0 43 6
round 142
bot 0 43 7
round 143
bot 0 43 8
round 144
bot 0 43 9
round 145
bot 0 43 10
coin 43 3
coin 5 16
round 146
bot 0 43 11
round 147
bot 0 43 12
round 148
bot 0 43 13
round 149
bot 0 43 14
round 150
bot 0 43 15
coin 48 19
coin 48 0
round 151
bot 0 43 16
round 152
bot 0 44 17
coin_collected 45 17 0
bot_coins 0 8
round 153
bot 0 45 18
round 154
bot 0 46 19
round 155
bot 0 47 0
coin_collected 48 0 0
bot_coins 0 9
coin 46 1
coin 5 18
round 156
bot 0 48 1
coin_collected 0 1 0
bot_coins 0 10
round 157
bot 0 0 2
coin_collected 0 2 0
bot_coins 0 11
round 158
bot 0 1 3
round 159
bot 0 2 2
coin_collected 3 2 0
bot_coins 0 12
round 160
bot 0 3 1
coin 48 15
coin 1 4
round 161
round 162
round 163
round 164
round 165
coin 34 19
coin 14 0
round 166
round 167
bot 0 3 2
round 168
bot 0 3 3
round 169
bot 0 3 4
round 170
bot 0 3 5
coin 35 19
coin 13 0
round 171
bot 0 3 6
round 172
round 173
round 174
round 175
coin 31 1
coin 17 18
round 176
round 177
round 178
round 179
round 180
coin 6 7
coin 42 12
round 181
round 182
round 183
round 184
round 185
coin 14 14
coin 34 6
round 186
round 187
round 188
round 189
round 190
bot 0 3 5
coin 5 0
coin 43 19
round 191
bot 0 3 4
round 192
bot 0 3 3
round 193
bot 0 3 2
round 194
bot 0 3 1
round 195
coin 10 13
coin 37 6
round 196
round 197
bot 0 2 1
round 198
bot 0 1 1
round 199
bot 0 0 1
round 200
bot 0 48 1
coin 23 14
coin 25 5
match_over 0
