match
match_id 1639146612124_aj
match_time 1639146612129
num_bots 1
##MatchConfig
mode FRIENDLY
num_rounds 200
random_seed 42
move_time_limit 1000
coin_spawn_period 5
coin_spawn_volume 2
##MapConfig
map_size 54 34
view_radius 6
mining_radius 2
attack_radius 4
block 15 0
block 16 0
block 17 0
block 18 0
block 19 0
block 22 0
block 23 0
block 24 0
block 25 0
block 26 0
block 33 0
block 34 0
block 35 0
block 51 0
block 52 0
block 53 0
block 15 1
block 16 1
block 17 1
block 18 1
block 19 1
block 22 1
block 23 1
block 24 1
block 25 1
block 26 1
block 33 1
block 34 1
block 35 1
block 40 1
block 41 1
block 42 1
block 43 1
block 51 1
block 52 1
block 53 1
block 14 2
block 15 2
block 16 2
block 17 2
block 18 2
block 19 2
block 20 2
block 22 2
block 23 2
block 24 2
block 25 2
block 26 2
block 33 2
block 34 2
block 35 2
block 40 2
block 41 2
block 42 2
block 43 2
block 51 2
block 52 2
block 53 2
block 9 3
block 10 3
block 11 3
block 12 3
block 13 3
block 14 3
block 15 3
block 16 3
block 17 3
block 18 3
block 19 3
block 20 3
block 22 3
block 23 3
block 24 3
block 25 3
block 26 3
block 33 3
block 34 3
block 35 3
block 40 3
block 41 3
block 42 3
block 43 3
block 51 3
block 52 3
block 53 3
block 9 4
block 10 4
block 11 4
block 12 4
block 13 4
block 14 4
block 15 4
block 16 4
block 17 4
block 18 4
block 19 4
block 22 4
block 23 4
block 24 4
block 25 4
block 26 4
block 33 4
block 34 4
block 35 4
block 40 4
block 41 4
block 42 4
block 43 4
block 45 4
block 46 4
block 47 4
block 48 4
block 49 4
block 9 5
block 10 5
block 11 5
block 12 5
block 13 5
block 14 5
block 22 5
block 23 5
block 24 5
block 25 5
block 26 5
block 33 5
block 34 5
block 35 5
block 40 5
block 41 5
block 42 5
block 43 5
block 45 5
block 46 5
block 47 5
block 48 5
block 49 5
block 45 6
block 46 6
block 47 6
block 48 6
block 49 6
block 45 7
block 46 7
block 47 7
block 48 7
block 49 7
block 45 8
block 46 8
block 47 8
block 48 8
block 49 8
block 40 10
block 41 10
block 42 10
block 40 11
block 41 11
block 42 11
block 40 12
block 41 12
block 42 12
block 40 13
block 41 13
block 42 13
block 43 14
block 44 14
block 45 14
block 46 14
block 47 14
block 48 14
block 43 15
block 44 15
block 45 15
block 46 15
block 47 15
block 48 15
block 43 16
block 44 16
block 45 16
block 46 16
block 47 16
block 48 16
block 43 17
block 44 17
block 45 17
block 46 17
block 47 17
block 48 17
block 43 18
block 44 18
block 45 18
block 46 18
block 47 18
block 48 18
block 33 19
block 34 19
block 35 19
block 36 19
block 37 19
block 38 19
block 43 19
block 44 19
block 45 19
block 46 19
block 47 19
block 48 19
block 33 20
block 34 20
block 35 20
block 36 20
block 37 20
block 38 20
block 43 20
block 44 20
block 45 20
block 46 20
block 47 20
block 48 20
block 33 21
block 34 21
block 35 21
block 36 21
block 37 21
block 38 21
block 40 21
block 41 21
block 33 22
block 34 22
block 35 22
block 36 22
block 37 22
block 38 22
block 40 22
block 41 22
block 33 23
block 34 23
block 35 23
block 36 23
block 37 23
block 38 23
block 39 23
block 40 23
block 41 23
block 21 24
block 22 24
block 23 24
block 24 24
block 25 24
block 26 24
block 27 24
block 36 24
block 37 24
block 38 24
block 39 24
block 40 24
block 41 24
block 21 25
block 22 25
block 23 25
block 24 25
block 25 25
block 26 25
block 27 25
block 36 25
block 37 25
block 38 25
block 39 25
block 40 25
block 41 25
block 21 26
block 22 26
block 23 26
block 24 26
block 25 26
block 26 26
block 27 26
block 36 26
block 37 26
block 38 26
block 39 26
block 40 26
block 41 26
block 21 27
block 22 27
block 23 27
block 24 27
block 25 27
block 26 27
block 27 27
block 21 28
block 22 28
block 23 28
block 24 28
block 25 28
block 26 28
block 27 28
block 21 29
block 22 29
block 23 29
block 24 29
block 25 29
block 26 29
block 27 29
block 22 33
block 23 33
block 24 33
block 25 33
block 26 33
block 33 33
block 34 33
block 35 33
block 51 33
block 52 33
block 53 33
##BotsAndCoinsInfo
bot_name 0 starter-bot
bot 0 0 14
bot_coins 0 0
coin 44 11
coin 9 22
round 1
bot 0 53 13
round 2
bot 0 52 12
round 3
bot 0 51 11
round 4
bot 0 50 10
round 5
bot 0 49 9
coin 36 12
coin 17 21
round 6
round 7
round 8
round 9
round 10
coin 36 9
coin 17 24
round 11
round 12
round 13
round 14
round 15
coin 41 14
coin 12 19
round 16
round 17
round 18
round 19
round 20
coin 43 7
coin 10 26
round 21
round 22
round 23
bot 0 48 10
round 24
bot 0 47 11
round 25
bot 0 46 12
coin 20 12
coin 32 21
round 26
bot 0 45 13
round 27
round 28
round 29
round 30
bot 0 45 12
coin_collected 44 11 0
bot_coins 0 1
coin 24 14
coin 29 19
round 31
bot 0 45 11
round 32
bot 0 45 10
round 33
bot 0 45 9
round 34
round 35
coin 44 13
coin 9 20
round 36
round 37
round 38
bot 0 44 10
round 39
bot 0 43 11
round 40
coin 6 8
coin 47 25
round 41
round 42
round 43
round 44
round 45
coin 19 15
coin 34 18
round 46
round 47
round 48
round 49
round 50
coin 50 11
coin 3 22
round 51
round 52
bot 0 43 12
coin_collected 44 13 0
bot_coins 0 2
round 53
bot 0 43 13
round 54
round 55
coin 8 33
coin 45 0
round 56
round 57
round 58
round 59
bot 0 42 14
coin_collected 41 14 0
bot_coins 0 3
round 60
bot 0 41 15
coin 21 1
coin 32 32
round 61
bot 0 40 16
round 62
bot 0 39 17
round 63
bot 0 38 18
round 64
round 65
coin 32 20
coin 21 13
round 66
round 67
bot 0 39 18
round 68
bot 0 40 18
round 69
bot 0 41 18
round 70
bot 0 42 18
coin 37 32
coin 16 33
round 71
round 72
round 73
round 74
round 75
coin 40 14
coin 13 19
round 76
round 77
round 78
round 79
round 80
coin 2 25
coin 51 8
round 81
round 82
round 83
round 84
round 85
coin 11 27
coin 42 6
round 86
round 87
round 88
round 89
round 90
bot 0 41 17
coin 12 9
coin 42 24
round 91
bot 0 40 16
coin_collected 40 14 0
bot_coins 0 4
round 92
bot 0 39 15
round 93
bot 0 38 14
round 94
bot 0 37 13
coin_collected 36 12 0
bot_coins 0 5
round 95
bot 0 36 12
coin 7 2
coin 46 31
round 96
bot 0 35 11
round 97
bot 0 35 10
coin_collected 36 9 0
bot_coins 0 6
round 98
bot 0 35 9
round 99
bot 0 35 8
round 100
bot 0 35 7
coin 5 31
coin 48 2
round 101
bot 0 35 6
round 102
round 103
round 104
round 105
coin 53 29
coin 0 4
round 106
round 107
round 108
round 109
round 110
coin 5 10
coin 48 23
round 111
round 112
round 113
round 114
round 115
bot 0 34 7
coin 49 19
coin 4 14
round 116
bot 0 33 8
round 117
bot 0 32 9
round 118
bot 0 31 10
round 119
bot 0 30 11
round 120
bot 0 29 12
coin 19 9
coin 34 24
round 121
bot 0 28 13
round 122
bot 0 27 14
round 123
bot 0 26 13
round 124
bot 0 25 12
round 125
bot 0 24 11
coin 49 9
coin 4 24
round 126
bot 0 23 10
round 127
bot 0 22 9
round 128
bot 0 21 8
round 129
bot 0 20 7
round 130
bot 0 19 6
coin 8 14
coin 45 21
round 131
bot 0 18 5
round 132
round 133
round 134
round 135
coin 8 20
coin 45 13
round 136
round 137
round 138
bot 0 19 5
round 139
bot 0 20 5
round 140
bot 0 21 5
coin 20 1
coin 33 32
round 141
round 142
round 143
round 144
round 145
coin 39 22
coin 14 11
round 146
bot 0 20 4
round 147
round 148
round 149
round 150
coin 37 7
coin 16 26
round 151
round 152
round 153
round 154
bot 0 21 5
round 155
bot 0 22 6
coin 20 9
coin 33 24
round 156
bot 0 23 7
round 157
bot 0 24 8
round 158
bot 0 25 9
round 159
bot 0 26 10
round 160
bot 0 27 11
coin 27 2
coin 26 31
round 161
bot 0 28 12
round 162
bot 0 29 13
round 163
bot 0 30 14
round 164
bot 0 31 13
round 165
bot 0 32 12
coin 15 11
coin 39 21
round 166
bot 0 33 11
round 167
bot 0 34 10
round 168
bot 0 35 9
round 169
bot 0 36 8
coin_collected 37 7 0
bot_coins 0 7
round 170
coin 3 3
coin 50 30
round 171
round 172
round 173
round 174
round 175
coin 28 7
coin 25 23
round 176
bot 0 37 7
round 177
bot 0 38 6
round 178
bot 0 39 5
round 179
round 180
coin 31 3
coin 22 30
round 181
round 182
round 183
round 184
bot 0 39 4
round 185
bot 0 39 3
coin 42 7
coin 11 26
round 186
bot 0 39 2
round 187
bot 0 39 1
round 188
bot 0 39 0
round 189
bot 0 39 33
round 190
bot 0 39 32
coin_collected 37 32 0
bot_coins 0 8
coin 50 22
coin 3 11
round 191
bot 0 39 31
round 192
bot 0 40 30
round 193
bot 0 41 29
round 194
bot 0 42 28
round 195
bot 0 43 27
coin 29 13
coin 24 20
round 196
bot 0 44 26
round 197
bot 0 45 25
coin_collected 47 25 0
bot_coins 0 9
round 198
bot 0 46 24
round 199
bot 0 47 23
coin_collected 48 23 0
bot_coins 0 10
round 200
bot 0 48 22
coin_collected 50 22 0
bot_coins 0 11
coin 48 23
coin 4 10
match_over 0
