match
match_id 1639214460769_lj
match_time 1639214460772
num_bots 1
##MatchConfig
mode FRIENDLY
num_rounds 200
random_seed 42
move_time_limit 1000
coin_spawn_period 5
coin_spawn_volume 2
##MapConfig
map_size 62 31
view_radius 6
mining_radius 2
attack_radius 4
block 18 0
block 19 0
block 20 0
block 21 0
block 22 0
block 30 0
block 31 0
block 44 0
block 45 0
block 46 0
block 47 0
block 48 0
block 49 0
block 50 0
block 18 1
block 19 1
block 20 1
block 21 1
block 22 1
block 30 1
block 31 1
block 18 2
block 19 2
block 20 2
block 21 2
block 22 2
block 30 2
block 31 2
block 18 3
block 19 3
block 20 3
block 21 3
block 22 3
block 50 3
block 51 3
block 52 3
block 53 3
block 54 3
block 55 3
block 56 3
block 18 4
block 19 4
block 20 4
block 21 4
block 22 4
block 50 4
block 51 4
block 52 4
block 53 4
block 54 4
block 55 4
block 56 4
block 50 5
block 51 5
block 52 5
block 53 5
block 54 5
block 55 5
block 56 5
block 10 6
block 11 6
block 12 6
block 13 6
block 14 6
block 15 6
block 16 6
block 51 6
block 52 6
block 10 7
block 11 7
block 12 7
block 13 7
block 14 7
block 15 7
block 16 7
block 51 7
block 52 7
block 10 8
block 11 8
block 12 8
block 13 8
block 14 8
block 15 8
block 16 8
block 51 8
block 52 8
block 5 9
block 6 9
block 7 9
block 8 9
block 9 9
block 10 9
block 11 9
block 12 9
block 13 9
block 14 9
block 15 9
block 16 9
block 17 9
block 18 9
block 46 9
block 47 9
block 48 9
block 49 9
block 50 9
block 51 9
block 52 9
block 5 10
block 6 10
block 7 10
block 8 10
block 9 10
block 10 10
block 11 10
block 12 10
block 13 10
block 14 10
block 15 10
block 16 10
block 17 10
block 18 10
block 42 10
block 43 10
block 46 10
block 47 10
block 48 10
block 49 10
block 50 10
block 51 10
block 5 11
block 6 11
block 7 11
block 8 11
block 9 11
block 15 11
block 16 11
block 17 11
block 18 11
block 42 11
block 43 11
block 46 11
block 47 11
block 48 11
block 49 11
block 50 11
block 51 11
block 5 12
block 6 12
block 7 12
block 8 12
block 9 12
block 15 12
block 16 12
block 17 12
block 18 12
block 42 12
block 43 12
block 46 12
block 47 12
block 48 12
block 49 12
block 50 12
block 51 12
block 5 13
block 6 13
block 7 13
block 8 13
block 9 13
block 15 13
block 16 13
block 17 13
block 18 13
block 42 13
block 43 13
block 46 13
block 47 13
block 48 13
block 49 13
block 50 13
block 51 13
block 5 14
block 6 14
block 7 14
block 8 14
block 9 14
block 42 14
block 43 14
block 46 14
block 47 14
block 48 14
block 49 14
block 50 14
block 51 14
block 0 15
block 1 15
block 5 15
block 6 15
block 7 15
block 8 15
block 9 15
block 14 15
block 15 15
block 16 15
block 17 15
block 18 15
block 39 15
block 40 15
block 61 15
block 0 16
block 1 16
block 14 16
block 15 16
block 16 16
block 17 16
block 18 16
block 39 16
block 40 16
block 49 16
block 50 16
block 51 16
block 61 16
block 0 17
block 1 17
block 10 17
block 11 17
block 12 17
block 14 17
block 15 17
block 16 17
block 17 17
block 18 17
block 48 17
block 49 17
block 50 17
block 51 17
block 52 17
block 61 17
block 10 18
block 11 18
block 12 18
block 14 18
block 15 18
block 16 18
block 17 18
block 18 18
block 37 18
block 38 18
block 39 18
block 40 18
block 48 18
block 49 18
block 50 18
block 51 18
block 52 18
block 10 19
block 11 19
block 12 19
block 14 19
block 15 19
block 16 19
block 17 19
block 18 19
block 37 19
block 38 19
block 39 19
block 40 19
block 48 19
block 49 19
block 50 19
block 51 19
block 52 19
block 0 20
block 10 20
block 11 20
block 12 20
block 37 20
block 38 20
block 39 20
block 40 20
block 48 20
block 49 20
block 50 20
block 51 20
block 52 20
block 61 20
block 0 21
block 10 21
block 11 21
block 12 21
block 48 21
block 49 21
block 50 21
block 51 21
block 52 21
block 61 21
block 0 22
block 10 22
block 11 22
block 12 22
block 19 22
block 20 22
block 21 22
block 48 22
block 49 22
block 50 22
block 51 22
block 52 22
block 61 22
block 0 23
block 19 23
block 20 23
block 21 23
block 61 23
block 0 24
block 1 24
block 19 24
block 20 24
block 21 24
block 57 24
block 58 24
block 59 24
block 60 24
block 61 24
block 0 25
block 1 25
block 19 25
block 20 25
block 21 25
block 44 25
block 45 25
block 46 25
block 47 25
block 48 25
block 49 25
block 50 25
block 57 25
block 58 25
block 59 25
block 60 25
block 61 25
block 0 26
block 1 26
block 44 26
block 45 26
block 46 26
block 47 26
block 48 26
block 49 26
block 50 26
block 57 26
block 58 26
block 59 26
block 60 26
block 61 26
block 0 27
block 1 27
block 44 27
block 45 27
block 46 27
block 47 27
block 48 27
block 49 27
block 50 27
block 57 27
block 58 27
block 59 27
block 60 27
block 61 27
block 0 28
block 1 28
block 33 28
block 34 28
block 35 28
block 36 28
block 44 28
block 45 28
block 46 28
block 47 28
block 48 28
block 49 28
block 50 28
block 57 28
block 58 28
block 59 28
block 60 28
block 61 28
block 0 29
block 1 29
block 30 29
block 31 29
block 33 29
block 34 29
block 35 29
block 36 29
block 44 29
block 45 29
block 46 29
block 47 29
block 48 29
block 49 29
block 50 29
block 59 29
block 60 29
block 61 29
block 0 30
block 1 30
block 18 30
block 19 30
block 20 30
block 21 30
block 22 30
block 30 30
block 31 30
block 33 30
block 34 30
block 35 30
block 36 30
block 44 30
block 45 30
block 46 30
block 47 30
block 48 30
block 49 30
block 50 30
block 59 30
block 60 30
block 61 30
##BotsAndCoinsInfo
bot_name 0 starter-bot
bot 0 33 14
bot_coins 0 0
coin 4 10
coin 57 20
round 1
bot 0 33 15
round 2
bot 0 33 16
round 3
bot 0 33 17
round 4
bot 0 33 18
round 5
bot 0 33 19
coin 34 23
coin 27 7
round 6
bot 0 33 20
round 7
bot 0 33 21
round 8
bot 0 33 22
coin_collected 34 23 0
bot_coins 0 1
round 9
bot 0 33 23
round 10
bot 0 33 24
coin 2 28
coin 59 2
round 11
bot 0 33 25
round 12
bot 0 33 26
round 13
bot 0 33 27
round 14
round 15
coin 3 1
coin 58 29
round 16
round 17
round 18
round 19
round 20
coin 23 3
coin 38 27
round 21
round 22
round 23
round 24
round 25
coin 34 0
coin 27 30
round 26
round 27
round 28
round 29
round 30
coin 12 27
coin 49 3
round 31
round 32
round 33
round 34
round 35
coin 58 19
coin 3 11
round 36
round 37
round 38
round 39
round 40
coin 14 21
coin 47 8
round 41
round 42
round 43
round 44
round 45
coin 47 19
coin 14 11
round 46
round 47
round 48
round 49
round 50
coin 14 5
coin 47 24
round 51
round 52
round 53
round 54
round 55
coin 58 18
coin 3 12
round 56
round 57
round 58
round 59
round 60
coin 55 18
coin 4 12
round 61
round 62
round 63
round 64
round 65
coin 6 18
coin 55 12
round 66
round 67
round 68
round 69
round 70
coin 51 23
coin 9 7
round 71
round 72
round 73
round 74
round 75
coin 54 26
coin 7 4
round 76
round 77
round 78
round 79
round 80
coin 22 17
coin 39 13
round 81
round 82
round 83
round 84
round 85
coin 13 22
coin 48 8
round 86
round 87
round 88
round 89
round 90
coin 4 20
coin 57 10
round 91
round 92
round 93
round 94
round 95
coin 25 24
coin 36 6
round 96
round 97
round 98
round 99
round 100
match_over 0
coin 53 19
coin 10 11
round 101
