match
match_id 1639436193586_af
match_time 1639436193593
num_bots 1
##MatchConfig
mode FRIENDLY
num_rounds 200
random_seed 42
move_time_limit 1000
coin_spawn_period 5
coin_spawn_volume 2
##MapConfig
map_size 73 39
view_radius 5
mining_radius 1
attack_radius 3
block 4 2
block 5 2
block 6 2
block 7 2
block 8 2
block 9 2
block 10 2
block 4 3
block 5 3
block 6 3
block 7 3
block 8 3
block 9 3
block 10 3
block 40 3
block 41 3
block 48 3
block 49 3
block 4 4
block 5 4
block 6 4
block 7 4
block 8 4
block 9 4
block 10 4
block 14 4
block 15 4
block 16 4
block 17 4
block 18 4
block 19 4
block 40 4
block 41 4
block 44 4
block 45 4
block 46 4
block 48 4
block 49 4
block 4 5
block 5 5
block 6 5
block 7 5
block 8 5
block 9 5
block 10 5
block 14 5
block 15 5
block 16 5
block 17 5
block 18 5
block 19 5
block 44 5
block 45 5
block 46 5
block 48 5
block 49 5
block 4 6
block 5 6
block 6 6
block 7 6
block 8 6
block 9 6
block 10 6
block 11 6
block 12 6
block 13 6
block 14 6
block 15 6
block 16 6
block 17 6
block 18 6
block 19 6
block 44 6
block 45 6
block 46 6
block 48 6
block 49 6
block 4 7
block 5 7
block 6 7
block 7 7
block 8 7
block 9 7
block 10 7
block 11 7
block 12 7
block 13 7
block 14 7
block 15 7
block 16 7
block 17 7
block 18 7
block 19 7
block 44 7
block 45 7
block 46 7
block 4 8
block 5 8
block 6 8
block 7 8
block 8 8
block 9 8
block 10 8
block 11 8
block 12 8
block 13 8
block 14 8
block 15 8
block 16 8
block 17 8
block 18 8
block 19 8
block 33 8
block 34 8
block 35 8
block 36 8
block 37 8
block 38 8
block 39 8
block 44 8
block 45 8
block 46 8
block 14 9
block 15 9
block 16 9
block 17 9
block 18 9
block 19 9
block 33 9
block 34 9
block 35 9
block 36 9
block 37 9
block 38 9
block 39 9
block 44 9
block 45 9
block 46 9
block 5 10
block 6 10
block 7 10
block 8 10
block 9 10
block 33 10
block 34 10
block 35 10
block 36 10
block 37 10
block 38 10
block 39 10
block 44 10
block 45 10
block 46 10
block 5 11
block 6 11
block 7 11
block 8 11
block 9 11
block 33 11
block 34 11
block 35 11
block 36 11
block 37 11
block 38 11
block 39 11
block 5 12
block 6 12
block 7 12
block 8 12
block 9 12
block 33 12
block 34 12
block 35 12
block 36 12
block 37 12
block 38 12
block 39 12
block 5 13
block 6 13
block 7 13
block 8 13
block 9 13
block 33 13
block 34 13
block 35 13
block 36 13
block 37 13
block 38 13
block 5 14
block 6 14
block 7 14
block 8 14
block 9 14
block 33 14
block 34 14
block 35 14
block 36 14
block 37 14
block 38 14
block 42 14
block 43 14
block 44 14
block 45 14
block 46 14
block 47 14
block 24 15
block 25 15
block 26 15
block 27 15
block 28 15
block 29 15
block 33 15
block 34 15
block 35 15
block 36 15
block 37 15
block 38 15
block 42 15
block 43 15
block 44 15
block 45 15
block 46 15
block 47 15
block 24 16
block 25 16
block 26 16
block 27 16
block 28 16
block 29 16
block 33 16
block 34 16
block 35 16
block 36 16
block 37 16
block 38 16
block 42 16
block 43 16
block 44 16
block 45 16
block 46 16
block 47 16
block 59 16
block 60 16
block 0 17
block 1 17
block 2 17
block 3 17
block 4 17
block 5 17
block 24 17
block 25 17
block 26 17
block 27 17
block 28 17
block 29 17
block 33 17
block 34 17
block 35 17
block 36 17
block 37 17
block 38 17
block 42 17
block 43 17
block 44 17
block 45 17
block 46 17
block 47 17
block 59 17
block 60 17
block 0 18
block 1 18
block 2 18
block 3 18
block 4 18
block 5 18
block 13 18
block 14 18
block 15 18
block 16 18
block 17 18
block 18 18
block 24 18
block 25 18
block 26 18
block 27 18
block 28 18
block 29 18
block 33 18
block 34 18
block 35 18
block 36 18
block 37 18
block 38 18
block 42 18
block 43 18
block 44 18
block 45 18
block 46 18
block 47 18
block 59 18
block 60 18
block 0 19
block 1 19
block 2 19
block 3 19
block 4 19
block 5 19
block 13 19
block 14 19
block 15 19
block 16 19
block 17 19
block 18 19
block 24 19
block 25 19
block 26 19
block 27 19
block 28 19
block 29 19
block 46 19
block 47 19
block 59 19
block 60 19
block 0 20
block 1 20
block 2 20
block 3 20
block 4 20
block 5 20
block 13 20
block 14 20
block 15 20
block 16 20
block 17 20
block 18 20
block 24 20
block 25 20
block 26 20
block 27 20
block 28 20
block 29 20
block 46 20
block 47 20
block 48 20
block 49 20
block 50 20
block 51 20
block 59 20
block 60 20
block 0 21
block 1 21
block 2 21
block 3 21
block 4 21
block 5 21
block 24 21
block 25 21
block 26 21
block 27 21
block 28 21
block 29 21
block 35 21
block 36 21
block 37 21
block 38 21
block 39 21
block 40 21
block 41 21
block 48 21
block 49 21
block 50 21
block 51 21
block 59 21
block 60 21
block 0 22
block 1 22
block 2 22
block 3 22
block 4 22
block 5 22
block 25 22
block 26 22
block 27 22
block 35 22
block 36 22
block 37 22
block 38 22
block 39 22
block 40 22
block 41 22
block 59 22
block 60 22
block 0 23
block 1 23
block 2 23
block 3 23
block 4 23
block 5 23
block 25 23
block 26 23
block 27 23
block 35 23
block 36 23
block 37 23
block 38 23
block 39 23
block 40 23
block 41 23
block 66 23
block 67 23
block 68 23
block 69 23
block 11 24
block 12 24
block 35 24
block 36 24
block 37 24
block 38 24
block 39 24
block 40 24
block 41 24
block 43 24
block 44 24
block 45 24
block 46 24
block 47 24
block 66 24
block 67 24
block 68 24
block 69 24
block 11 25
block 12 25
block 24 25
block 25 25
block 26 25
block 27 25
block 28 25
block 29 25
block 30 25
block 43 25
block 44 25
block 45 25
block 46 25
block 47 25
block 66 25
block 67 25
block 68 25
block 69 25
block 11 26
block 12 26
block 19 26
block 20 26
block 21 26
block 22 26
block 24 26
block 25 26
block 26 26
block 27 26
block 28 26
block 29 26
block 30 26
block 37 26
block 38 26
block 39 26
block 40 26
block 41 26
block 66 26
block 67 26
block 68 26
block 69 26
block 11 27
block 12 27
block 19 27
block 20 27
block 21 27
block 22 27
block 37 27
block 38 27
block 39 27
block 40 27
block 41 27
block 11 28
block 12 28
block 19 28
block 20 28
block 21 28
block 22 28
block 23 28
block 24 28
block 37 28
block 38 28
block 39 28
block 40 28
block 41 28
block 19 29
block 20 29
block 21 29
block 22 29
block 23 29
block 24 29
block 37 29
block 38 29
block 39 29
block 40 29
block 41 29
block 19 30
block 20 30
block 21 30
block 22 30
block 23 30
block 24 30
block 37 30
block 38 30
block 39 30
block 40 30
block 41 30
block 19 31
block 20 31
block 21 31
block 22 31
block 23 31
block 24 31
block 37 31
block 38 31
block 39 31
block 40 31
block 41 31
block 21 32
block 22 32
block 23 32
block 24 32
block 37 32
block 38 32
block 39 32
block 40 32
block 41 32
block 21 33
block 22 33
block 23 33
block 24 33
block 21 34
block 22 34
block 23 34
block 24 34
block 22 35
block 23 35
block 53 35
block 54 35
block 55 35
block 56 35
block 57 35
block 58 35
block 53 36
block 54 36
block 55 36
block 56 36
block 57 36
block 58 36
##BotsAndCoinsInfo
bot_name 0 starter-bot
bot 0 50 37
bot_coins 0 0
coin 12 33
coin 60 5
round 1
bot 0 50 38
round 2
bot 0 49 37
round 3
bot 0 49 36
round 4
bot 0 49 35
round 5
bot 0 49 34
coin 16 38
coin 56 0
round 6
bot 0 49 33
round 7
bot 0 49 32
round 8
bot 0 49 31
round 9
bot 0 49 30
round 10
bot 0 49 29
coin 30 4
coin 42 34
round 11
bot 0 49 28
round 12
bot 0 49 27
round 13
bot 0 49 26
round 14
bot 0 49 25
round 15
bot 0 49 24
coin 36 29
coin 36 7
round 16
bot 0 49 23
round 17
bot 0 49 22
round 18
bot 0 48 22
round 19
bot 0 47 22
round 20
bot 0 47 21
coin 53 2
coin 19 36
round 21
bot 0 46 21
round 22
bot 0 45 21
round 23
bot 0 45 20
round 24
bot 0 45 19
round 25
bot 0 44 19
coin 65 26
coin 4 12
round 26
bot 0 43 19
round 27
bot 0 42 19
round 28
bot 0 41 19
round 29
bot 0 41 18
round 30
bot 0 41 17
coin 30 6
coin 42 32
round 31
bot 0 41 16
round 32
bot 0 41 15
round 33
bot 0 41 14
round 34
bot 0 41 13
round 35
bot 0 41 12
coin 10 17
coin 62 21
round 36
bot 0 41 11
round 37
bot 0 41 10
round 38
bot 0 41 9
round 39
bot 0 41 8
round 40
bot 0 41 7
coin 65 21
coin 7 17
round 41
bot 0 41 6
round 42
bot 0 41 5
round 43
bot 0 40 5
round 44
bot 0 39 5
round 45
coin 49 38
coin 23 0
round 46
round 47
round 48
round 49
round 50
coin 54 4
coin 18 34
round 51
round 52
round 53
round 54
round 55
coin 69 30
coin 3 8
round 56
round 57
round 58
round 59
round 60
coin 72 21
coin 72 17
round 61
round 62
round 63
round 64
round 65
coin 31 19
coin 41 19
round 66
round 67
round 68
round 69
round 70
coin 29 24
coin 43 13
round 71
round 72
round 73
round 74
round 75
coin 56 37
coin 16 1
round 76
round 77
round 78
round 79
round 80
coin 15 21
coin 57 17
round 81
round 82
round 83
round 84
round 85
coin 57 8
coin 15 30
round 86
round 87
round 88
round 89
round 90
coin 57 37
coin 15 1
round 91
round 92
round 93
round 94
round 95
coin 51 36
coin 21 2
round 96
round 97
bot 0 38 6
round 98
bot 0 37 7
coin_collected 36 7 0
bot_coins 0 1
round 99
bot 0 36 6
round 100
bot 0 35 7
coin 36 31
coin 36 7
round 101
bot 0 36 6
coin_collected 36 7 0
bot_coins 0 2
round 102
bot 0 35 7
round 103
round 104
round 105
match_over 0
coin 52 16
coin 20 22
round 106
