match
match_id 1639216271179_mv
match_time 1639216271181
num_bots 1
##MatchConfig
mode FRIENDLY
num_rounds 200
random_seed 42
move_time_limit 1000
coin_spawn_period 5
coin_spawn_volume 2
##MapConfig
map_size 58 29
view_radius 5
mining_radius 1
attack_radius 4
block 0 0
block 1 0
block 2 0
block 3 0
block 8 0
block 9 0
block 0 1
block 1 1
block 2 1
block 3 1
block 8 1
block 9 1
block 0 2
block 1 2
block 2 2
block 3 2
block 8 2
block 9 2
block 13 2
block 14 2
block 0 3
block 1 3
block 2 3
block 3 3
block 13 3
block 14 3
block 41 3
block 42 3
block 0 4
block 1 4
block 2 4
block 3 4
block 13 4
block 14 4
block 20 4
block 21 4
block 22 4
block 23 4
block 29 4
block 30 4
block 31 4
block 32 4
block 33 4
block 34 4
block 41 4
block 42 4
block 57 4
block 0 5
block 13 5
block 14 5
block 15 5
block 16 5
block 17 5
block 20 5
block 21 5
block 22 5
block 23 5
block 29 5
block 30 5
block 31 5
block 32 5
block 33 5
block 34 5
block 57 5
block 0 6
block 13 6
block 14 6
block 15 6
block 16 6
block 17 6
block 20 6
block 21 6
block 22 6
block 23 6
block 29 6
block 30 6
block 31 6
block 32 6
block 33 6
block 34 6
block 57 6
block 0 7
block 15 7
block 16 7
block 17 7
block 20 7
block 21 7
block 22 7
block 23 7
block 24 7
block 25 7
block 26 7
block 27 7
block 28 7
block 29 7
block 39 7
block 40 7
block 57 7
block 0 8
block 1 8
block 2 8
block 20 8
block 21 8
block 22 8
block 23 8
block 24 8
block 25 8
block 26 8
block 27 8
block 28 8
block 29 8
block 39 8
block 40 8
block 55 8
block 56 8
block 57 8
block 0 9
block 1 9
block 2 9
block 3 9
block 4 9
block 5 9
block 6 9
block 20 9
block 21 9
block 22 9
block 23 9
block 24 9
block 25 9
block 26 9
block 27 9
block 28 9
block 29 9
block 39 9
block 40 9
block 48 9
block 49 9
block 50 9
block 55 9
block 56 9
block 57 9
block 0 10
block 1 10
block 2 10
block 3 10
block 4 10
block 5 10
block 6 10
block 16 10
block 17 10
block 18 10
block 19 10
block 20 10
block 21 10
block 22 10
block 23 10
block 24 10
block 25 10
block 26 10
block 27 10
block 28 10
block 29 10
block 39 10
block 40 10
block 48 10
block 49 10
block 50 10
block 55 10
block 56 10
block 57 10
block 0 11
block 1 11
block 2 11
block 3 11
block 4 11
block 5 11
block 6 11
block 16 11
block 17 11
block 18 11
block 19 11
block 20 11
block 21 11
block 22 11
block 23 11
block 24 11
block 25 11
block 26 11
block 27 11
block 28 11
block 29 11
block 39 11
block 40 11
block 48 11
block 49 11
block 50 11
block 55 11
block 56 11
block 57 11
block 0 12
block 1 12
block 2 12
block 3 12
block 4 12
block 5 12
block 6 12
block 16 12
block 17 12
block 18 12
block 19 12
block 20 12
block 21 12
block 22 12
block 23 12
block 24 12
block 25 12
block 26 12
block 27 12
block 28 12
block 29 12
block 39 12
block 40 12
block 48 12
block 49 12
block 50 12
block 55 12
block 56 12
block 57 12
block 0 13
block 1 13
block 2 13
block 3 13
block 4 13
block 5 13
block 6 13
block 17 13
block 18 13
block 20 13
block 21 13
block 22 13
block 23 13
block 24 13
block 25 13
block 26 13
block 27 13
block 28 13
block 29 13
block 48 13
block 49 13
block 50 13
block 55 13
block 56 13
block 57 13
block 0 14
block 1 14
block 2 14
block 3 14
block 4 14
block 5 14
block 6 14
block 17 14
block 18 14
block 20 14
block 21 14
block 22 14
block 23 14
block 24 14
block 55 14
block 56 14
block 57 14
block 17 15
block 18 15
block 20 15
block 21 15
block 22 15
block 23 15
block 24 15
block 6 16
block 7 16
block 8 16
block 17 16
block 18 16
block 43 16
block 44 16
block 45 16
block 46 16
block 47 16
block 53 16
block 54 16
block 55 16
block 0 17
block 1 17
block 2 17
block 3 17
block 5 17
block 6 17
block 7 17
block 8 17
block 9 17
block 10 17
block 43 17
block 44 17
block 45 17
block 46 17
block 47 17
block 53 17
block 54 17
block 55 17
block 56 17
block 57 17
block 0 18
block 1 18
block 2 18
block 3 18
block 5 18
block 6 18
block 7 18
block 8 18
block 9 18
block 10 18
block 47 18
block 48 18
block 53 18
block 54 18
block 55 18
block 56 18
block 57 18
block 0 19
block 1 19
block 2 19
block 3 19
block 6 19
block 7 19
block 8 19
block 22 19
block 23 19
block 24 19
block 47 19
block 48 19
block 53 19
block 54 19
block 55 19
block 56 19
block 57 19
block 0 20
block 1 20
block 2 20
block 3 20
block 6 20
block 7 20
block 8 20
block 22 20
block 23 20
block 24 20
block 25 20
block 47 20
block 48 20
block 53 20
block 54 20
block 55 20
block 56 20
block 57 20
block 0 21
block 1 21
block 2 21
block 3 21
block 6 21
block 7 21
block 8 21
block 22 21
block 23 21
block 24 21
block 25 21
block 39 21
block 40 21
block 47 21
block 48 21
block 53 21
block 54 21
block 55 21
block 56 21
block 57 21
block 0 22
block 1 22
block 2 22
block 3 22
block 6 22
block 7 22
block 8 22
block 22 22
block 23 22
block 24 22
block 25 22
block 39 22
block 40 22
block 47 22
block 48 22
block 56 22
block 57 22
block 24 23
block 25 23
block 39 23
block 40 23
block 47 23
block 48 23
block 13 24
block 14 24
block 15 24
block 16 24
block 17 24
block 18 24
block 19 24
block 39 24
block 40 24
block 41 24
block 42 24
block 43 24
block 47 24
block 48 24
block 8 25
block 9 25
block 13 25
block 14 25
block 15 25
block 16 25
block 17 25
block 18 25
block 19 25
block 33 25
block 34 25
block 35 25
block 36 25
block 39 25
block 40 25
block 41 25
block 42 25
block 43 25
block 8 26
block 9 26
block 13 26
block 14 26
block 15 26
block 16 26
block 17 26
block 18 26
block 19 26
block 33 26
block 34 26
block 35 26
block 36 26
block 39 26
block 40 26
block 41 26
block 42 26
block 43 26
block 0 27
block 1 27
block 2 27
block 3 27
block 8 27
block 9 27
block 33 27
block 34 27
block 35 27
block 36 27
block 39 27
block 40 27
block 41 27
block 42 27
block 43 27
block 0 28
block 1 28
block 2 28
block 3 28
block 8 28
block 9 28
block 33 28
block 34 28
block 35 28
block 36 28
##BotsAndCoinsInfo
bot_name 0 starter-bot
bot 0 50 22
bot_coins 0 0
coin 44 9
coin 13 19
round 1
bot 0 50 23
round 2
bot 0 50 24
round 3
bot 0 50 25
round 4
bot 0 50 26
round 5
bot 0 50 27
coin 38 15
coin 19 13
round 6
bot 0 50 28
round 7
bot 0 49 27
round 8
bot 0 49 26
round 9
bot 0 49 25
round 10
bot 0 49 24
coin 42 23
coin 15 4
round 11
bot 0 49 23
round 12
bot 0 49 22
round 13
bot 0 49 21
round 14
bot 0 49 20
round 15
bot 0 49 19
coin 27 6
coin 30 22
round 16
bot 0 49 18
round 17
bot 0 49 17
round 18
bot 0 49 16
round 19
bot 0 49 15
round 20
bot 0 49 14
coin 31 25
coin 26 3
round 21
round 22
round 23
round 24
round 25
coin 26 22
coin 31 7
round 26
round 27
round 28
round 29
round 30
coin 19 15
coin 38 13
round 31
round 32
round 33
round 34
round 35
coin 20 20
coin 37 8
round 36
round 37
round 38
round 39
round 40
coin 20 1
coin 37 27
round 41
round 42
round 43
round 44
round 45
coin 7 2
coin 50 26
round 46
round 47
round 48
round 49
round 50
coin 48 27
coin 10 1
round 51
round 52
round 53
round 54
round 55
coin 28 19
coin 30 9
round 56
round 57
round 58
round 59
round 60
coin 5 19
coin 52 9
round 61
round 62
round 63
round 64
round 65
coin 34 8
coin 23 18
round 66
round 67
round 68
round 69
round 70
coin 9 11
coin 48 17
round 71
round 72
round 73
round 74
round 75
coin 30 1
coin 27 27
round 76
round 77
round 78
round 79
round 80
coin 2 16
coin 54 12
round 81
round 82
round 83
round 84
round 85
coin 47 8
coin 10 20
round 86
round 87
round 88
round 89
round 90
coin 10 27
coin 47 1
round 91
round 92
round 93
round 94
round 95
coin 51 22
coin 6 6
round 96
round 97
round 98
round 99
round 100
coin 43 22
coin 14 7
round 101
round 102
round 103
round 104
round 105
coin 23 23
coin 35 5
round 106
round 107
round 108
round 109
round 110
coin 11 15
coin 46 13
round 111
round 112
round 113
round 114
round 115
coin 21 0
coin 37 28
round 116
round 117
round 118
round 119
round 120
coin 33 14
coin 25 14
round 121
round 122
round 123
round 124
round 125
coin 57 2
coin 0 26
round 126
round 127
round 128
round 129
round 130
coin 10 10
coin 46 18
round 131
round 132
round 133
round 134
round 135
coin 26 19
coin 31 9
round 136
round 137
round 138
round 139
round 140
coin 26 23
coin 31 3
round 141
round 142
round 143
round 144
round 145
coin 19 5
coin 38 23
round 146
round 147
round 148
round 149
round 150
coin 55 6
coin 2 23
round 151
round 152
round 153
round 154
round 155
coin 52 20
coin 5 8
round 156
round 157
round 158
round 159
round 160
coin 19 14
coin 38 14
round 161
round 162
round 163
round 164
round 165
coin 10 25
coin 47 3
round 166
round 167
round 168
round 169
round 170
coin 3 5
coin 54 23
round 171
round 172
round 173
round 174
round 175
coin 44 18
coin 13 10
round 176
round 177
round 178
round 179
round 180
coin 43 5
coin 14 23
round 181
round 182
round 183
round 184
round 185
coin 49 24
coin 8 4
round 186
round 187
round 188
round 189
round 190
coin 46 6
coin 11 22
round 191
round 192
round 193
round 194
round 195
coin 30 11
coin 27 17
round 196
round 197
round 198
round 199
round 200
coin 2 5
coin 55 23
match_over 0
