match
match_id 1639432223050_ad
match_time 1639432223052
num_bots 1
##MatchConfig
mode FRIENDLY
num_rounds 200
random_seed 42
move_time_limit 1000
coin_spawn_period 5
coin_spawn_volume 2
##MapConfig
map_size 50 21
view_radius 6
mining_radius 1
attack_radius 4
block 23 0
block 24 0
block 25 0
block 26 0
block 27 0
block 28 0
block 29 0
block 42 0
block 43 0
block 44 0
block 45 0
block 46 0
block 47 0
block 0 1
block 1 1
block 2 1
block 5 1
block 6 1
block 7 1
block 8 1
block 9 1
block 23 1
block 24 1
block 25 1
block 26 1
block 27 1
block 28 1
block 29 1
block 42 1
block 43 1
block 44 1
block 45 1
block 46 1
block 47 1
block 49 1
block 0 2
block 1 2
block 2 2
block 5 2
block 6 2
block 7 2
block 8 2
block 9 2
block 21 2
block 22 2
block 23 2
block 24 2
block 25 2
block 26 2
block 27 2
block 28 2
block 29 2
block 33 2
block 34 2
block 49 2
block 0 3
block 1 3
block 2 3
block 5 3
block 6 3
block 7 3
block 8 3
block 9 3
block 21 3
block 22 3
block 23 3
block 24 3
block 25 3
block 26 3
block 27 3
block 28 3
block 29 3
block 33 3
block 34 3
block 49 3
block 0 4
block 1 4
block 2 4
block 5 4
block 6 4
block 7 4
block 8 4
block 9 4
block 21 4
block 22 4
block 23 4
block 24 4
block 25 4
block 33 4
block 34 4
block 49 4
block 0 5
block 1 5
block 2 5
block 21 5
block 22 5
block 23 5
block 24 5
block 25 5
block 33 5
block 34 5
block 47 5
block 48 5
block 49 5
block 0 6
block 1 6
block 2 6
block 21 6
block 22 6
block 23 6
block 24 6
block 25 6
block 33 6
block 34 6
block 47 6
block 48 6
block 49 6
block 33 7
block 34 7
block 35 7
block 36 7
block 33 8
block 34 8
block 35 8
block 36 8
block 37 8
block 38 8
block 44 8
block 45 8
block 46 8
block 9 9
block 10 9
block 11 9
block 12 9
block 13 9
block 14 9
block 15 9
block 35 9
block 36 9
block 37 9
block 38 9
block 44 9
block 45 9
block 46 9
block 4 10
block 5 10
block 6 10
block 7 10
block 9 10
block 10 10
block 11 10
block 12 10
block 13 10
block 14 10
block 15 10
block 35 10
block 36 10
block 37 10
block 38 10
block 44 10
block 45 10
block 46 10
block 4 11
block 5 11
block 6 11
block 7 11
block 9 11
block 10 11
block 11 11
block 12 11
block 13 11
block 14 11
block 15 11
block 16 11
block 17 11
block 35 11
block 36 11
block 37 11
block 38 11
block 0 12
block 1 12
block 2 12
block 4 12
block 5 12
block 6 12
block 7 12
block 9 12
block 10 12
block 11 12
block 12 12
block 13 12
block 14 12
block 15 12
block 16 12
block 17 12
block 35 12
block 36 12
block 37 12
block 38 12
block 48 12
block 49 12
block 0 13
block 1 13
block 2 13
block 4 13
block 5 13
block 6 13
block 7 13
block 9 13
block 10 13
block 11 13
block 12 13
block 13 13
block 14 13
block 15 13
block 35 13
block 36 13
block 37 13
block 38 13
block 48 13
block 49 13
block 0 14
block 4 14
block 5 14
block 6 14
block 7 14
block 8 14
block 9 14
block 10 14
block 11 14
block 12 14
block 13 14
block 14 14
block 15 14
block 35 14
block 36 14
block 37 14
block 38 14
block 49 14
block 0 15
block 4 15
block 5 15
block 6 15
block 7 15
block 8 15
block 9 15
block 10 15
block 11 15
block 12 15
block 13 15
block 14 15
block 15 15
block 19 15
block 20 15
block 21 15
block 22 15
block 23 15
block 24 15
block 25 15
block 49 15
block 4 16
block 5 16
block 6 16
block 7 16
block 8 16
block 9 16
block 10 16
block 11 16
block 12 16
block 13 16
block 14 16
block 15 16
block 19 16
block 20 16
block 21 16
block 22 16
block 23 16
block 24 16
block 25 16
block 42 16
block 43 16
block 44 16
block 45 16
block 46 16
block 47 16
block 8 17
block 9 17
block 10 17
block 11 17
block 12 17
block 13 17
block 14 17
block 15 17
block 19 17
block 20 17
block 21 17
block 22 17
block 23 17
block 24 17
block 25 17
block 42 17
block 43 17
block 44 17
block 45 17
block 46 17
block 47 17
block 8 18
block 9 18
block 10 18
block 11 18
block 19 18
block 20 18
block 21 18
block 22 18
block 23 18
block 24 18
block 25 18
block 40 18
block 41 18
block 42 18
block 43 18
block 44 18
block 45 18
block 46 18
block 47 18
block 10 19
block 11 19
block 19 19
block 20 19
block 21 19
block 22 19
block 23 19
block 24 19
block 25 19
block 40 19
block 41 19
block 42 19
block 43 19
block 44 19
block 45 19
block 46 19
block 47 19
block 23 20
block 24 20
block 25 20
block 26 20
block 27 20
block 28 20
block 29 20
block 42 20
block 43 20
block 44 20
block 45 20
block 46 20
block 47 20
##BotsAndCoinsInfo
bot_name 0 starter-bot
bot 0 43 8
bot_coins 0 0
coin 30 12
coin 19 8
round 1
bot 0 43 9
round 2
bot 0 43 10
round 3
bot 0 43 11
round 4
bot 0 43 12
round 5
bot 0 43 13
coin 48 17
coin 3 3
round 6
bot 0 43 14
round 7
round 8
round 9
round 10
coin 20 4
coin 29 16
round 11
bot 0 44 15
round 12
bot 0 43 15
round 13
bot 0 42 15
round 14
bot 0 41 15
round 15
bot 0 41 16
coin 5 17
coin 44 3
round 16
bot 0 41 17
round 17
bot 0 40 17
round 18
bot 0 39 17
round 19
bot 0 39 18
round 20
bot 0 39 19
coin 18 17
coin 31 3
round 21
bot 0 39 20
round 22
bot 0 38 20
round 23
bot 0 37 20
round 24
bot 0 36 20
round 25
bot 0 35 20
coin 32 11
coin 17 9
round 26
bot 0 34 19
round 27
bot 0 33 18
round 28
bot 0 32 17
round 29
round 30
coin 26 19
coin 22 1
round 31
match_over 0
round 32
