match
match_id 1639335771808_aj
match_time 1639335771812
num_bots 1
##MatchConfig
mode FRIENDLY
num_rounds 200
random_seed 42
move_time_limit 1000
coin_spawn_period 5
coin_spawn_volume 2
##MapConfig
map_size 49 33
view_radius 5
mining_radius 2
attack_radius 3
block 12 0
block 13 0
block 28 0
block 29 0
block 12 1
block 13 1
block 17 2
block 18 2
block 19 2
block 20 2
block 21 2
block 0 3
block 1 3
block 2 3
block 3 3
block 4 3
block 17 3
block 18 3
block 19 3
block 20 3
block 21 3
block 48 3
block 0 4
block 1 4
block 2 4
block 3 4
block 4 4
block 17 4
block 18 4
block 19 4
block 20 4
block 21 4
block 48 4
block 0 5
block 1 5
block 2 5
block 3 5
block 4 5
block 17 5
block 18 5
block 19 5
block 20 5
block 21 5
block 26 5
block 27 5
block 28 5
block 29 5
block 30 5
block 31 5
block 32 5
block 33 5
block 48 5
block 0 6
block 1 6
block 2 6
block 3 6
block 4 6
block 17 6
block 18 6
block 19 6
block 20 6
block 21 6
block 26 6
block 27 6
block 28 6
block 29 6
block 30 6
block 31 6
block 32 6
block 33 6
block 43 6
block 44 6
block 45 6
block 46 6
block 47 6
block 48 6
block 0 7
block 1 7
block 2 7
block 3 7
block 4 7
block 17 7
block 18 7
block 19 7
block 20 7
block 21 7
block 26 7
block 27 7
block 28 7
block 29 7
block 30 7
block 31 7
block 32 7
block 33 7
block 43 7
block 44 7
block 45 7
block 46 7
block 47 7
block 48 7
block 0 8
block 1 8
block 2 8
block 3 8
block 4 8
block 17 8
block 18 8
block 19 8
block 20 8
block 21 8
block 26 8
block 27 8
block 43 8
block 44 8
block 45 8
block 46 8
block 47 8
block 48 8
block 26 9
block 27 9
block 34 9
block 35 9
block 36 9
block 37 9
block 38 9
block 43 9
block 44 9
block 45 9
block 46 9
block 47 9
block 26 10
block 27 10
block 34 10
block 35 10
block 36 10
block 37 10
block 38 10
block 43 10
block 44 10
block 45 10
block 46 10
block 47 10
block 43 11
block 44 11
block 45 11
block 46 11
block 47 11
block 43 12
block 44 12
block 45 12
block 46 12
block 47 12
block 35 13
block 36 13
block 37 13
block 38 13
block 39 13
block 40 13
block 41 13
block 35 14
block 36 14
block 37 14
block 38 14
block 39 14
block 40 14
block 41 14
block 6 15
block 7 15
block 35 15
block 36 15
block 37 15
block 38 15
block 39 15
block 40 15
block 41 15
block 0 16
block 1 16
block 6 16
block 7 16
block 35 16
block 36 16
block 37 16
block 38 16
block 39 16
block 40 16
block 41 16
block 44 16
block 45 16
block 46 16
block 47 16
block 48 16
block 0 17
block 1 17
block 6 17
block 7 17
block 44 17
block 45 17
block 46 17
block 47 17
block 48 17
block 0 18
block 1 18
block 4 18
block 5 18
block 6 18
block 7 18
block 8 18
block 9 18
block 13 18
block 14 18
block 15 18
block 43 18
block 44 18
block 45 18
block 46 18
block 47 18
block 48 18
block 0 19
block 1 19
block 4 19
block 5 19
block 6 19
block 7 19
block 8 19
block 9 19
block 13 19
block 14 19
block 15 19
block 43 19
block 44 19
block 45 19
block 46 19
block 47 19
block 48 19
block 0 20
block 1 20
block 4 20
block 5 20
block 6 20
block 7 20
block 8 20
block 9 20
block 44 20
block 45 20
block 46 20
block 47 20
block 48 20
block 0 21
block 1 21
block 23 21
block 24 21
block 25 21
block 26 21
block 27 21
block 28 21
block 29 21
block 44 21
block 45 21
block 46 21
block 47 21
block 48 21
block 0 22
block 1 22
block 23 22
block 24 22
block 25 22
block 26 22
block 27 22
block 28 22
block 29 22
block 44 22
block 45 22
block 46 22
block 47 22
block 48 22
block 23 23
block 24 23
block 25 23
block 26 23
block 27 23
block 28 23
block 29 23
block 37 23
block 38 23
block 39 23
block 40 23
block 44 23
block 45 23
block 46 23
block 47 23
block 0 24
block 5 24
block 6 24
block 37 24
block 38 24
block 39 24
block 40 24
block 44 24
block 45 24
block 46 24
block 47 24
block 48 24
block 0 25
block 5 25
block 6 25
block 37 25
block 38 25
block 39 25
block 40 25
block 44 25
block 45 25
block 46 25
block 47 25
block 48 25
block 0 26
block 5 26
block 6 26
block 37 26
block 38 26
block 39 26
block 40 26
block 44 26
block 45 26
block 46 26
block 47 26
block 48 26
block 0 27
block 5 27
block 6 27
block 44 27
block 45 27
block 46 27
block 47 27
block 48 27
block 0 28
block 5 28
block 6 28
block 44 28
block 45 28
block 46 28
block 47 28
block 48 28
block 0 29
block 1 29
block 47 29
block 48 29
block 0 30
block 1 30
block 21 30
block 22 30
block 23 30
block 24 30
block 25 30
block 26 30
block 27 30
block 28 30
block 29 30
block 47 30
block 48 30
block 21 31
block 22 31
block 23 31
block 24 31
block 25 31
block 26 31
block 27 31
block 28 31
block 29 31
block 21 32
block 22 32
block 23 32
block 24 32
block 25 32
block 26 32
block 27 32
block 28 32
block 29 32
##BotsAndCoinsInfo
bot_name 0 starter-bot
bot 0 27 29
bot_coins 0 0
coin 29 15
coin 19 17
round 1
round 2
round 3
round 4
round 5
coin 34 5
coin 14 27
round 6
round 7
round 8
round 9
round 10
coin 19 19
coin 29 13
round 11
round 12
round 13
round 14
round 15
coin 1 2
coin 46 30
round 16
round 17
match_over 0
round 18
