match
match_id 1639413743213_dt
match_time 1639413743215
num_bots 1
##MatchConfig
mode FRIENDLY
num_rounds 200
random_seed 42
move_time_limit 1000
coin_spawn_period 5
coin_spawn_volume 2
##MapConfig
map_size 69 23
view_radius 5
mining_radius 1
attack_radius 3
block 12 0
block 13 0
block 14 0
block 15 0
block 25 0
block 26 0
block 40 0
block 41 0
block 42 0
block 43 0
block 52 0
block 53 0
block 54 0
block 55 0
block 56 0
block 12 1
block 13 1
block 14 1
block 15 1
block 25 1
block 26 1
block 40 1
block 41 1
block 42 1
block 43 1
block 49 1
block 50 1
block 51 1
block 52 1
block 53 1
block 54 1
block 55 1
block 56 1
block 12 2
block 13 2
block 14 2
block 15 2
block 40 2
block 41 2
block 42 2
block 43 2
block 44 2
block 45 2
block 46 2
block 47 2
block 49 2
block 50 2
block 51 2
block 52 2
block 53 2
block 42 3
block 43 3
block 44 3
block 45 3
block 46 3
block 47 3
block 49 3
block 50 3
block 51 3
block 52 3
block 53 3
block 10 4
block 11 4
block 16 4
block 17 4
block 18 4
block 19 4
block 20 4
block 21 4
block 42 4
block 43 4
block 44 4
block 45 4
block 46 4
block 47 4
block 49 4
block 50 4
block 51 4
block 52 4
block 53 4
block 8 5
block 9 5
block 10 5
block 11 5
block 16 5
block 17 5
block 18 5
block 19 5
block 20 5
block 21 5
block 39 5
block 40 5
block 42 5
block 43 5
block 44 5
block 45 5
block 46 5
block 47 5
block 52 5
block 53 5
block 8 6
block 9 6
block 16 6
block 17 6
block 18 6
block 19 6
block 20 6
block 21 6
block 39 6
block 40 6
block 42 6
block 43 6
block 44 6
block 45 6
block 46 6
block 47 6
block 5 7
block 6 7
block 7 7
block 8 7
block 9 7
block 10 7
block 16 7
block 17 7
block 18 7
block 19 7
block 20 7
block 21 7
block 39 7
block 40 7
block 42 7
block 43 7
block 44 7
block 45 7
block 46 7
block 47 7
block 5 8
block 6 8
block 7 8
block 8 8
block 9 8
block 10 8
block 39 8
block 40 8
block 42 8
block 43 8
block 44 8
block 45 8
block 46 8
block 47 8
block 5 9
block 6 9
block 7 9
block 8 9
block 9 9
block 10 9
block 0 10
block 35 10
block 36 10
block 37 10
block 38 10
block 40 10
block 41 10
block 42 10
block 43 10
block 50 10
block 51 10
block 52 10
block 59 10
block 60 10
block 61 10
block 62 10
block 63 10
block 64 10
block 65 10
block 68 10
block 0 11
block 17 11
block 18 11
block 19 11
block 35 11
block 36 11
block 37 11
block 38 11
block 40 11
block 41 11
block 42 11
block 43 11
block 50 11
block 51 11
block 52 11
block 59 11
block 60 11
block 61 11
block 62 11
block 63 11
block 64 11
block 65 11
block 68 11
block 0 12
block 17 12
block 18 12
block 19 12
block 21 12
block 22 12
block 23 12
block 24 12
block 31 12
block 32 12
block 40 12
block 41 12
block 42 12
block 43 12
block 50 12
block 51 12
block 52 12
block 59 12
block 60 12
block 61 12
block 62 12
block 63 12
block 64 12
block 65 12
block 68 12
block 0 13
block 17 13
block 18 13
block 19 13
block 21 13
block 22 13
block 23 13
block 24 13
block 31 13
block 32 13
block 40 13
block 41 13
block 42 13
block 43 13
block 50 13
block 51 13
block 52 13
block 56 13
block 57 13
block 58 13
block 59 13
block 60 13
block 61 13
block 68 13
block 0 14
block 1 14
block 2 14
block 3 14
block 4 14
block 5 14
block 17 14
block 18 14
block 19 14
block 21 14
block 22 14
block 23 14
block 24 14
block 31 14
block 32 14
block 56 14
block 57 14
block 58 14
block 59 14
block 60 14
block 61 14
block 68 14
block 0 15
block 1 15
block 2 15
block 3 15
block 4 15
block 5 15
block 17 15
block 18 15
block 19 15
block 21 15
block 22 15
block 23 15
block 24 15
block 31 15
block 32 15
block 59 15
block 60 15
block 61 15
block 62 15
block 63 15
block 64 15
block 68 15
block 0 16
block 1 16
block 2 16
block 3 16
block 4 16
block 5 16
block 17 16
block 18 16
block 19 16
block 21 16
block 22 16
block 23 16
block 24 16
block 31 16
block 32 16
block 59 16
block 60 16
block 61 16
block 62 16
block 63 16
block 64 16
block 68 16
block 17 17
block 18 17
block 19 17
block 21 17
block 22 17
block 23 17
block 24 17
block 25 17
block 26 17
block 27 17
block 50 17
block 51 17
block 61 17
block 62 17
block 63 17
block 64 17
block 22 18
block 23 18
block 24 18
block 25 18
block 26 18
block 27 18
block 50 18
block 51 18
block 61 18
block 62 18
block 63 18
block 64 18
block 22 19
block 23 19
block 24 19
block 25 19
block 26 19
block 27 19
block 50 19
block 51 19
block 61 19
block 62 19
block 63 19
block 64 19
block 12 20
block 13 20
block 14 20
block 15 20
block 22 20
block 23 20
block 24 20
block 25 20
block 26 20
block 27 20
block 40 20
block 41 20
block 42 20
block 43 20
block 44 20
block 45 20
block 46 20
block 50 20
block 51 20
block 12 21
block 13 21
block 14 21
block 15 21
block 40 21
block 41 21
block 42 21
block 43 21
block 44 21
block 45 21
block 46 21
block 50 21
block 51 21
block 53 21
block 54 21
block 55 21
block 56 21
block 12 22
block 13 22
block 14 22
block 15 22
block 25 22
block 26 22
block 40 22
block 41 22
block 42 22
block 43 22
block 52 22
block 53 22
block 54 22
block 55 22
block 56 22
##BotsAndCoinsInfo
bot_name 0 martyn
bot 0 2 1
bot_coins 0 0
coin 29 4
coin 39 18
round 1
bot 0 2 2
round 2
bot 0 2 3
round 3
bot 0 2 4
round 4
bot 0 2 5
round 5
bot 0 2 6
coin 9 10
coin 58 12
round 6
bot 0 2 7
round 7
bot 0 2 8
round 8
bot 0 2 9
round 9
bot 0 2 10
round 10
bot 0 2 11
coin 30 4
coin 38 18
round 11
bot 0 2 12
round 12
bot 0 2 13
round 13
bot 0 1 13
round 14
round 15
bot 0 1 12
coin 5 20
coin 63 2
round 16
bot 0 1 11
round 17
bot 0 1 10
round 18
bot 0 1 9
round 19
bot 0 1 8
round 20
bot 0 1 7
coin 7 14
coin 61 8
round 21
bot 0 1 6
round 22
bot 0 1 5
round 23
bot 0 1 4
round 24
bot 0 1 3
round 25
bot 0 1 2
coin 25 15
coin 41 7
round 26
bot 0 1 1
round 27
bot 0 1 0
round 28
round 29
round 30
coin 48 21
coin 20 1
round 31
bot 0 1 1
round 32
bot 0 0 2
round 33
bot 0 0 3
round 34
bot 0 0 4
round 35
bot 0 0 5
coin 59 6
coin 9 16
round 36
bot 0 0 6
round 37
bot 0 0 7
round 38
bot 0 0 8
round 39
bot 0 0 9
round 40
bot 0 68 9
coin 33 15
coin 35 7
round 41
bot 0 67 9
round 42
bot 0 67 10
round 43
bot 0 67 11
round 44
bot 0 67 12
round 45
bot 0 67 13
coin 46 16
coin 22 6
round 46
bot 0 67 14
round 47
bot 0 67 15
round 48
bot 0 67 16
round 49
bot 0 67 17
round 50
bot 0 67 18
coin 16 22
coin 51 0
round 51
bot 0 67 19
round 52
bot 0 67 20
round 53
bot 0 67 21
round 54
bot 0 67 22
round 55
coin 23 21
coin 45 1
round 56
round 57
round 58
bot 0 66 21
round 59
round 60
coin 27 0
coin 39 22
round 61
round 62
bot 0 65 22
round 63
bot 0 64 21
round 64
bot 0 63 20
round 65
coin 61 20
coin 7 2
round 66
round 67
round 68
round 69
round 70
coin 58 11
coin 10 11
round 71
round 72
bot 0 64 20
round 73
round 74
round 75
coin 41 4
coin 28 18
round 76
bot 0 65 21
round 77
bot 0 64 20
round 78
round 79
round 80
coin 65 5
coin 3 17
round 81
bot 0 65 19
round 82
bot 0 64 20
round 83
round 84
round 85
coin 62 20
coin 6 2
round 86
bot 0 65 21
round 87
bot 0 64 20
round 88
round 89
round 90
coin 41 8
coin 27 14
round 91
bot 0 63 20
coin_collected 62 20 0
bot_coins 0 1
round 92
round 93
round 94
round 95
coin 7 1
coin 61 21
round 96
bot 0 62 21
coin_collected 61 21 0
bot_coins 0 2
round 97
bot 0 61 20
coin_collected 61 20 0
bot_coins 0 3
round 98
bot 0 60 19
round 99
bot 0 60 18
round 100
bot 0 60 17
coin 33 16
coin 35 6
round 101
bot 0 59 17
round 102
bot 0 58 17
round 103
bot 0 58 16
round 104
bot 0 57 15
round 105
bot 0 56 15
coin 16 0
coin 52 21
round 106
bot 0 55 15
round 107
round 108
round 109
round 110
bot 0 55 14
coin 41 14
coin 27 8
round 111
round 112
round 113
round 114
bot 0 54 15
round 115
bot 0 54 14
coin 37 16
coin 31 6
round 116
bot 0 55 13
round 117
bot 0 56 12
round 118
bot 0 57 11
coin_collected 58 11 0
bot_coins 0 4
round 119
bot 0 57 10
round 120
bot 0 58 9
coin 25 3
coin 43 19
round 121
bot 0 59 8
round 122
bot 0 58 7
round 123
bot 0 59 6
coin_collected 59 6 0
bot_coins 0 5
round 124
bot 0 60 7
round 125
bot 0 61 8
coin_collected 61 8 0
bot_coins 0 6
coin 37 3
coin 31 19
round 126
bot 0 61 7
round 127
bot 0 62 6
round 128
bot 0 63 5
round 129
bot 0 64 4
round 130
bot 0 65 5
coin_collected 65 5 0
bot_coins 0 7
coin 32 6
coin 36 16
round 131
bot 0 64 4
round 132
bot 0 63 3
coin_collected 63 2 0
bot_coins 0 8
round 133
bot 0 63 2
round 134
bot 0 63 1
round 135
bot 0 63 0
coin 67 12
coin 1 10
round 136
bot 0 62 1
round 137
bot 0 62 2
round 138
bot 0 62 3
round 139
bot 0 62 4
round 140
bot 0 62 5
coin 28 6
coin 40 16
round 141
bot 0 62 6
round 142
bot 0 62 7
round 143
bot 0 62 8
round 144
bot 0 62 9
round 145
bot 0 61 9
coin 9 22
coin 59 0
round 146
bot 0 60 9
round 147
bot 0 59 9
round 148
bot 0 58 9
round 149
bot 0 57 10
round 150
bot 0 58 11
coin_collected 58 12 0
bot_coins 0 9
coin 4 1
coin 64 21
round 151
bot 0 58 12
round 152
bot 0 57 12
round 153
bot 0 56 12
round 154
bot 0 55 12
round 155
bot 0 55 13
coin 60 17
coin 8 4
round 156
bot 0 55 14
round 157
bot 0 55 15
round 158
bot 0 55 16
round 159
bot 0 55 17
round 160
bot 0 55 18
coin 44 1
coin 24 21
round 161
bot 0 54 19
round 162
bot 0 54 20
round 163
bot 0 53 20
round 164
bot 0 52 20
coin_collected 52 21 0
bot_coins 0 10
round 165
coin 36 6
coin 32 17
round 166
round 167
round 168
bot 0 52 21
round 169
bot 0 51 22
coin_collected 51 0 0
bot_coins 0 11
round 170
coin 44 11
coin 24 11
round 171
round 172
round 173
round 174
round 175
coin 39 10
coin 29 12
round 176
round 177
bot 0 50 22
round 178
bot 0 49 21
coin_collected 48 21 0
bot_coins 0 12
round 179
round 180
coin 67 1
coin 1 21
round 181
round 182
bot 0 48 21
round 183
round 184
round 185
coin 58 19
coin 10 3
round 186
bot 0 49 21
round 187
round 188
round 189
round 190
bot 0 48 22
coin 54 2
coin 14 19
round 191
bot 0 47 21
round 192
round 193
round 194
round 195
bot 0 48 22
coin 23 7
coin 45 15
round 196
bot 0 47 21
round 197
round 198
round 199
round 200
coin 15 11
coin 53 11
match_over 0
