match
match_id 1639213601014_km
match_time 1639213601017
num_bots 1
##MatchConfig
mode FRIENDLY
num_rounds 200
random_seed 42
move_time_limit 1000
coin_spawn_period 5
coin_spawn_volume 2
##MapConfig
map_size 48 33
view_radius 5
mining_radius 1
attack_radius 4
block 14 0
block 15 0
block 16 0
block 17 0
block 41 0
block 42 0
block 43 0
block 44 0
block 45 0
block 46 0
block 47 0
block 3 1
block 4 1
block 5 1
block 6 1
block 7 1
block 14 1
block 15 1
block 16 1
block 17 1
block 18 1
block 19 1
block 20 1
block 42 1
block 43 1
block 44 1
block 45 1
block 46 1
block 47 1
block 3 2
block 4 2
block 5 2
block 6 2
block 7 2
block 10 2
block 11 2
block 12 2
block 13 2
block 14 2
block 15 2
block 16 2
block 17 2
block 18 2
block 19 2
block 20 2
block 40 2
block 41 2
block 3 3
block 4 3
block 5 3
block 6 3
block 7 3
block 10 3
block 11 3
block 12 3
block 13 3
block 14 3
block 15 3
block 16 3
block 17 3
block 18 3
block 19 3
block 20 3
block 29 3
block 30 3
block 31 3
block 32 3
block 33 3
block 40 3
block 41 3
block 3 4
block 4 4
block 5 4
block 6 4
block 7 4
block 10 4
block 11 4
block 12 4
block 13 4
block 14 4
block 15 4
block 16 4
block 17 4
block 29 4
block 30 4
block 31 4
block 32 4
block 33 4
block 10 5
block 11 5
block 12 5
block 13 5
block 14 5
block 15 5
block 16 5
block 29 5
block 30 5
block 31 5
block 32 5
block 33 5
block 37 5
block 38 5
block 39 5
block 40 5
block 41 5
block 42 5
block 43 5
block 10 6
block 11 6
block 12 6
block 13 6
block 14 6
block 15 6
block 16 6
block 17 6
block 18 6
block 19 6
block 20 6
block 21 6
block 29 6
block 30 6
block 31 6
block 32 6
block 33 6
block 37 6
block 38 6
block 39 6
block 40 6
block 41 6
block 42 6
block 43 6
block 15 7
block 16 7
block 17 7
block 18 7
block 19 7
block 20 7
block 21 7
block 22 7
block 23 7
block 24 7
block 25 7
block 26 7
block 27 7
block 29 7
block 30 7
block 31 7
block 32 7
block 33 7
block 39 7
block 40 7
block 41 7
block 15 8
block 16 8
block 17 8
block 18 8
block 19 8
block 20 8
block 21 8
block 22 8
block 23 8
block 24 8
block 25 8
block 26 8
block 27 8
block 29 8
block 30 8
block 31 8
block 32 8
block 33 8
block 39 8
block 40 8
block 41 8
block 15 9
block 16 9
block 17 9
block 18 9
block 19 9
block 20 9
block 21 9
block 22 9
block 23 9
block 24 9
block 25 9
block 26 9
block 27 9
block 29 9
block 30 9
block 31 9
block 32 9
block 33 9
block 39 9
block 40 9
block 41 9
block 15 10
block 16 10
block 17 10
block 18 10
block 19 10
block 20 10
block 21 10
block 22 10
block 23 10
block 24 10
block 25 10
block 26 10
block 27 10
block 28 10
block 29 10
block 39 10
block 40 10
block 41 10
block 22 11
block 23 11
block 24 11
block 25 11
block 26 11
block 27 11
block 28 11
block 29 11
block 39 11
block 40 11
block 41 11
block 22 12
block 23 12
block 24 12
block 25 12
block 26 12
block 27 12
block 28 12
block 29 12
block 22 13
block 23 13
block 24 13
block 25 13
block 26 13
block 27 13
block 28 13
block 29 13
block 34 13
block 35 13
block 36 13
block 26 14
block 27 14
block 28 14
block 29 14
block 34 14
block 35 14
block 36 14
block 19 16
block 20 16
block 21 16
block 22 16
block 19 17
block 20 17
block 21 17
block 22 17
block 19 18
block 20 18
block 21 18
block 22 18
block 19 19
block 20 19
block 21 19
block 22 19
block 19 20
block 20 20
block 21 20
block 22 20
block 19 21
block 20 21
block 21 21
block 22 21
block 0 23
block 1 23
block 2 23
block 3 23
block 4 23
block 5 23
block 47 23
block 0 24
block 1 24
block 2 24
block 3 24
block 4 24
block 5 24
block 47 24
block 0 25
block 1 25
block 2 25
block 3 25
block 4 25
block 5 25
block 47 25
block 0 26
block 1 26
block 2 26
block 3 26
block 4 26
block 5 26
block 10 26
block 11 26
block 12 26
block 13 26
block 14 26
block 47 26
block 0 27
block 1 27
block 2 27
block 3 27
block 4 27
block 5 27
block 6 27
block 7 27
block 10 27
block 11 27
block 12 27
block 13 27
block 14 27
block 47 27
block 0 28
block 1 28
block 2 28
block 3 28
block 4 28
block 5 28
block 6 28
block 7 28
block 42 28
block 43 28
block 44 28
block 45 28
block 46 28
block 47 28
block 0 29
block 1 29
block 2 29
block 3 29
block 4 29
block 5 29
block 6 29
block 41 29
block 42 29
block 43 29
block 44 29
block 45 29
block 46 29
block 47 29
block 4 30
block 5 30
block 6 30
block 41 30
block 42 30
block 43 30
block 44 30
block 45 30
block 46 30
block 47 30
block 4 31
block 5 31
block 6 31
block 41 31
block 42 31
block 43 31
block 44 31
block 45 31
block 46 31
block 47 31
block 4 32
block 5 32
block 6 32
block 14 32
block 15 32
block 16 32
block 17 32
block 41 32
block 42 32
block 43 32
block 44 32
block 45 32
block 46 32
block 47 32
##BotsAndCoinsInfo
bot_name 0 starter-bot
bot 0 15 27
bot_coins 0 0
coin 26 15
coin 23 17
round 1
bot 0 15 28
round 2
bot 0 15 29
round 3
bot 0 15 30
round 4
bot 0 15 31
round 5
coin 0 5
coin 46 27
round 6
round 7
round 8
round 9
round 10
coin 18 19
coin 30 13
round 11
round 12
round 13
round 14
round 15
coin 18 4
coin 29 28
round 16
round 17
round 18
round 19
round 20
coin 31 17
coin 16 15
round 21
round 22
round 23
round 24
round 25
coin 14 29
coin 34 3
round 26
round 27
round 28
round 29
round 30
coin 12 0
coin 35 32
round 31
round 32
round 33
round 34
round 35
coin 44 11
coin 3 21
round 36
round 37
round 38
round 39
round 40
coin 24 6
coin 23 26
round 41
round 42
round 43
round 44
round 45
coin 7 20
coin 40 12
round 46
round 47
round 48
round 49
round 50
coin 8 4
coin 39 28
round 51
round 52
round 53
round 54
round 55
coin 28 9
coin 19 23
round 56
round 57
round 58
round 59
round 60
coin 11 30
coin 36 2
round 61
round 62
round 63
round 64
round 65
coin 45 27
coin 2 5
round 66
round 67
round 68
round 69
round 70
coin 43 18
coin 4 14
round 71
round 72
round 73
round 74
round 75
coin 10 15
coin 37 17
round 76
round 77
round 78
round 79
round 80
coin 13 1
coin 34 31
round 81
round 82
round 83
round 84
round 85
coin 41 14
coin 6 18
round 86
round 87
round 88
round 89
round 90
coin 12 22
coin 35 10
round 91
round 92
round 93
round 94
round 95
coin 25 15
coin 23 18
round 96
round 97
round 98
round 99
round 100
coin 11 25
coin 36 7
round 101
round 102
round 103
round 104
round 105
coin 47 13
coin 0 19
round 106
round 107
round 108
round 109
round 110
coin 23 6
coin 24 26
round 111
round 112
round 113
round 114
round 115
coin 7 5
coin 40 27
round 116
round 117
round 118
round 119
round 120
coin 13 22
coin 34 10
round 121
round 122
round 123
round 124
round 125
coin 25 2
coin 22 30
round 126
round 127
round 128
round 129
round 130
coin 38 4
coin 9 28
round 131
round 132
round 133
round 134
round 135
coin 8 13
coin 39 19
round 136
round 137
round 138
round 139
round 140
coin 1 30
coin 46 2
round 141
round 142
round 143
round 144
round 145
coin 21 15
coin 26 17
round 146
round 147
round 148
round 149
round 150
coin 25 14
coin 23 19
round 151
round 152
round 153
round 154
round 155
coin 32 19
coin 15 13
round 156
round 157
round 158
round 159
round 160
coin 38 26
coin 9 6
round 161
round 162
round 163
round 164
round 165
coin 14 25
coin 34 7
round 166
round 167
round 168
round 169
round 170
coin 15 15
coin 32 17
round 171
round 172
round 173
round 174
round 175
coin 22 2
coin 25 30
round 176
round 177
round 178
round 179
round 180
coin 13 7
coin 34 25
round 181
round 182
round 183
round 184
round 185
coin 36 5
coin 11 28
round 186
round 187
round 188
round 189
round 190
coin 26 19
coin 21 13
round 191
round 192
round 193
round 194
round 195
coin 17 21
coin 30 11
round 196
round 197
round 198
round 199
round 200
coin 24 25
coin 22 6
match_over 0
