match
match_id 1639179704824_jg
match_time 1639179704826
num_bots 1
##MatchConfig
mode FRIENDLY
num_rounds 200
random_seed 42
move_time_limit 1000
coin_spawn_period 5
coin_spawn_volume 2
##MapConfig
map_size 59 27
view_radius 5
mining_radius 2
attack_radius 3
block 2 0
block 3 0
block 2 1
block 3 1
block 38 5
block 39 5
block 38 6
block 39 6
block 38 7
block 39 7
block 38 8
block 39 8
block 51 8
block 52 8
block 53 8
block 54 8
block 55 8
block 38 9
block 39 9
block 51 9
block 52 9
block 53 9
block 54 9
block 55 9
block 35 10
block 36 10
block 38 10
block 39 10
block 51 10
block 52 10
block 53 10
block 54 10
block 55 10
block 35 11
block 36 11
block 51 11
block 52 11
block 53 11
block 54 11
block 55 11
block 56 11
block 57 11
block 58 11
block 35 12
block 36 12
block 51 12
block 52 12
block 53 12
block 54 12
block 55 12
block 56 12
block 57 12
block 58 12
block 25 13
block 26 13
block 35 13
block 36 13
block 51 13
block 52 13
block 53 13
block 54 13
block 55 13
block 56 13
block 57 13
block 58 13
block 25 14
block 26 14
block 35 14
block 36 14
block 54 14
block 55 14
block 56 14
block 57 14
block 58 14
block 25 15
block 26 15
block 35 15
block 36 15
block 25 16
block 26 16
block 25 17
block 26 17
block 11 20
block 12 20
block 13 20
block 14 20
block 15 20
block 11 21
block 12 21
block 13 21
block 14 21
block 15 21
block 11 22
block 12 22
block 13 22
block 14 22
block 15 22
block 0 23
block 1 23
block 2 23
block 3 23
block 57 23
block 58 23
block 0 24
block 1 24
block 2 24
block 3 24
block 57 24
block 58 24
block 0 25
block 1 25
block 2 25
block 3 25
block 57 25
block 58 25
block 2 26
block 3 26
##BotsAndCoinsInfo
bot_name 0 starter-bot
bot 0 38 25
bot_coins 0 0
coin 33 3
coin 25 23
round 1
bot 0 38 26
round 2
bot 0 37 25
round 3
bot 0 37 24
round 4
bot 0 37 23
round 5
bot 0 37 22
coin 15 17
coin 43 9
round 6
bot 0 37 21
round 7
bot 0 37 20
round 8
bot 0 37 19
round 9
bot 0 37 18
round 10
bot 0 37 17
coin 9 16
coin 49 10
round 11
bot 0 37 16
round 12
bot 0 37 15
round 13
bot 0 37 14
round 14
bot 0 37 13
round 15
bot 0 37 12
coin 16 20
coin 42 6
round 16
bot 0 37 11
round 17
bot 0 37 10
round 18
bot 0 37 9
round 19
bot 0 37 8
round 20
bot 0 37 7
coin 48 2
coin 10 24
round 21
bot 0 37 6
round 22
bot 0 37 5
round 23
bot 0 37 4
round 24
bot 0 37 3
round 25
bot 0 37 2
coin 11 26
coin 47 0
round 26
bot 0 37 1
round 27
bot 0 37 0
round 28
bot 0 36 1
round 29
bot 0 36 2
round 30
bot 0 36 3
coin 46 9
coin 12 17
round 31
bot 0 36 4
round 32
bot 0 36 5
round 33
bot 0 36 6
round 34
bot 0 36 7
round 35
bot 0 36 8
coin 2 5
coin 56 21
round 36
bot 0 36 9
round 37
round 38
round 39
round 40
coin 31 6
coin 27 20
round 41
round 42
round 43
round 44
round 45
coin 23 8
coin 35 18
round 46
round 47
round 48
round 49
round 50
coin 38 4
coin 20 22
round 51
round 52
round 53
round 54
round 55
coin 36 24
coin 22 2
round 56
round 57
round 58
round 59
round 60
coin 48 0
coin 10 26
round 61
round 62
round 63
round 64
round 65
coin 41 22
coin 17 4
round 66
round 67
round 68
round 69
round 70
coin 53 3
coin 5 23
round 71
round 72
round 73
round 74
round 75
coin 54 21
coin 4 5
round 76
round 77
round 78
round 79
round 80
coin 55 23
coin 3 3
round 81
round 82
round 83
round 84
round 85
coin 6 14
coin 52 14
round 86
round 87
round 88
round 89
round 90
coin 25 7
coin 33 19
round 91
round 92
round 93
round 94
round 95
coin 31 21
coin 27 5
round 96
round 97
round 98
round 99
round 100
coin 4 22
coin 54 4
round 101
round 102
round 103
round 104
round 105
coin 45 25
coin 13 1
round 106
round 107
round 108
round 109
round 110
coin 17 24
coin 41 2
round 111
round 112
round 113
round 114
round 115
coin 5 20
coin 53 6
round 116
round 117
round 118
round 119
round 120
coin 58 7
coin 0 19
round 121
round 122
round 123
round 124
round 125
coin 32 14
coin 26 12
round 126
round 127
round 128
round 129
round 130
coin 53 4
coin 5 22
round 131
round 132
round 133
round 134
round 135
coin 42 7
coin 16 19
round 136
round 137
round 138
round 139
round 140
coin 11 4
coin 47 22
round 141
round 142
round 143
round 144
round 145
coin 41 18
coin 17 8
round 146
round 147
round 148
round 149
round 150
coin 21 14
coin 37 12
round 151
round 152
round 153
round 154
round 155
coin 13 13
coin 45 13
round 156
round 157
round 158
round 159
round 160
coin 29 23
coin 29 3
round 161
round 162
round 163
round 164
round 165
coin 42 22
coin 16 4
round 166
round 167
round 168
round 169
round 170
coin 21 9
coin 37 17
round 171
round 172
round 173
round 174
round 175
coin 44 5
coin 14 19
round 176
round 177
round 178
round 179
round 180
coin 0 7
coin 58 19
round 181
round 182
round 183
round 184
round 185
coin 19 23
coin 39 3
round 186
round 187
round 188
round 189
round 190
coin 26 25
coin 32 1
round 191
round 192
round 193
round 194
round 195
coin 50 6
coin 8 20
round 196
round 197
round 198
round 199
round 200
coin 54 19
coin 4 7
match_over 0
