match
match_id 1639178431105_ih
match_time 1639178431107
num_bots 1
##MatchConfig
mode FRIENDLY
num_rounds 200
random_seed 42
move_time_limit 1000
coin_spawn_period 5
coin_spawn_volume 2
##MapConfig
map_size 69 28
view_radius 6
mining_radius 2
attack_radius 4
block 9 0
block 10 0
block 11 0
block 12 0
block 13 0
block 14 0
block 17 0
block 18 0
block 19 0
block 20 0
block 21 0
block 22 0
block 43 0
block 44 0
block 45 0
block 58 0
block 59 0
block 60 0
block 61 0
block 62 0
block 63 0
block 9 1
block 10 1
block 11 1
block 12 1
block 13 1
block 14 1
block 17 1
block 18 1
block 19 1
block 20 1
block 21 1
block 22 1
block 23 1
block 43 1
block 44 1
block 45 1
block 58 1
block 59 1
block 60 1
block 61 1
block 62 1
block 63 1
block 9 2
block 10 2
block 11 2
block 12 2
block 13 2
block 14 2
block 17 2
block 18 2
block 19 2
block 20 2
block 21 2
block 22 2
block 23 2
block 31 2
block 32 2
block 33 2
block 46 2
block 47 2
block 48 2
block 58 2
block 59 2
block 60 2
block 61 2
block 62 2
block 63 2
block 17 3
block 18 3
block 19 3
block 20 3
block 21 3
block 22 3
block 23 3
block 24 3
block 25 3
block 26 3
block 31 3
block 32 3
block 33 3
block 46 3
block 47 3
block 48 3
block 21 4
block 22 4
block 23 4
block 24 4
block 25 4
block 26 4
block 30 4
block 31 4
block 32 4
block 33 4
block 34 4
block 46 4
block 47 4
block 48 4
block 21 5
block 22 5
block 23 5
block 24 5
block 25 5
block 26 5
block 30 5
block 31 5
block 32 5
block 33 5
block 34 5
block 46 5
block 47 5
block 48 5
block 21 6
block 22 6
block 23 6
block 24 6
block 25 6
block 26 6
block 30 6
block 31 6
block 32 6
block 33 6
block 34 6
block 46 6
block 47 6
block 48 6
block 21 7
block 22 7
block 23 7
block 24 7
block 25 7
block 26 7
block 16 8
block 17 8
block 18 8
block 22 8
block 23 8
block 24 8
block 16 9
block 17 9
block 18 9
block 22 9
block 23 9
block 24 9
block 16 10
block 17 10
block 18 10
block 22 10
block 23 10
block 24 10
block 16 11
block 17 11
block 18 11
block 22 11
block 23 11
block 24 11
block 39 11
block 40 11
block 41 11
block 42 11
block 43 11
block 44 11
block 45 11
block 16 12
block 17 12
block 18 12
block 22 12
block 23 12
block 24 12
block 38 12
block 39 12
block 40 12
block 41 12
block 42 12
block 43 12
block 44 12
block 45 12
block 55 12
block 56 12
block 67 12
block 68 12
block 16 13
block 17 13
block 18 13
block 38 13
block 39 13
block 40 13
block 41 13
block 42 13
block 43 13
block 44 13
block 45 13
block 55 13
block 56 13
block 67 13
block 68 13
block 27 14
block 28 14
block 29 14
block 30 14
block 31 14
block 32 14
block 38 14
block 39 14
block 40 14
block 41 14
block 42 14
block 43 14
block 44 14
block 45 14
block 55 14
block 56 14
block 67 14
block 68 14
block 22 15
block 23 15
block 27 15
block 28 15
block 29 15
block 30 15
block 31 15
block 32 15
block 38 15
block 39 15
block 40 15
block 41 15
block 42 15
block 43 15
block 44 15
block 45 15
block 46 15
block 47 15
block 48 15
block 49 15
block 50 15
block 51 15
block 55 15
block 56 15
block 57 15
block 67 15
block 68 15
block 22 16
block 23 16
block 38 16
block 39 16
block 40 16
block 41 16
block 42 16
block 43 16
block 44 16
block 45 16
block 46 16
block 47 16
block 48 16
block 49 16
block 50 16
block 51 16
block 55 16
block 56 16
block 57 16
block 67 16
block 68 16
block 22 17
block 23 17
block 33 17
block 34 17
block 35 17
block 36 17
block 39 17
block 40 17
block 41 17
block 42 17
block 43 17
block 44 17
block 45 17
block 46 17
block 47 17
block 48 17
block 49 17
block 50 17
block 51 17
block 55 17
block 56 17
block 57 17
block 28 18
block 29 18
block 30 18
block 32 18
block 33 18
block 34 18
block 35 18
block 36 18
block 37 18
block 38 18
block 46 18
block 47 18
block 48 18
block 49 18
block 50 18
block 51 18
block 56 18
block 57 18
block 28 19
block 29 19
block 30 19
block 32 19
block 33 19
block 34 19
block 35 19
block 36 19
block 37 19
block 38 19
block 46 19
block 47 19
block 48 19
block 49 19
block 50 19
block 51 19
block 56 19
block 57 19
block 6 20
block 7 20
block 8 20
block 9 20
block 10 20
block 32 20
block 33 20
block 34 20
block 35 20
block 36 20
block 37 20
block 38 20
block 59 20
block 60 20
block 61 20
block 62 20
block 63 20
block 64 20
block 65 20
block 0 21
block 1 21
block 2 21
block 6 21
block 7 21
block 8 21
block 9 21
block 10 21
block 59 21
block 60 21
block 61 21
block 62 21
block 63 21
block 64 21
block 65 21
block 67 21
block 68 21
block 0 22
block 1 22
block 2 22
block 59 22
block 60 22
block 61 22
block 62 22
block 63 22
block 64 22
block 65 22
block 67 22
block 68 22
block 0 23
block 1 23
block 2 23
block 59 23
block 60 23
block 61 23
block 62 23
block 63 23
block 64 23
block 65 23
block 67 23
block 68 23
block 43 24
block 44 24
block 45 24
block 43 25
block 44 25
block 45 25
block 58 25
block 59 25
block 60 25
block 61 25
block 62 25
block 63 25
block 9 26
block 10 26
block 11 26
block 12 26
block 13 26
block 14 26
block 43 26
block 44 26
block 45 26
block 58 26
block 59 26
block 60 26
block 61 26
block 62 26
block 63 26
block 9 27
block 10 27
block 11 27
block 12 27
block 13 27
block 14 27
block 17 27
block 18 27
block 19 27
block 20 27
block 21 27
block 22 27
block 43 27
block 44 27
block 45 27
block 58 27
block 59 27
block 60 27
block 61 27
block 62 27
block 63 27
##BotsAndCoinsInfo
bot_name 0 starter-bot
bot 0 3 22
bot_coins 0 0
coin 29 20
coin 39 7
round 1
bot 0 3 23
round 2
bot 0 3 24
round 3
bot 0 3 25
round 4
bot 0 3 26
round 5
bot 0 3 27
coin 9 24
coin 59 3
round 6
bot 0 2 26
round 7
bot 0 2 25
round 8
bot 0 2 24
round 9
round 10
coin 30 25
coin 38 2
round 11
round 12
round 13
round 14
round 15
coin 5 10
coin 63 17
round 16
round 17
round 18
round 19
round 20
coin 7 17
coin 61 10
round 21
round 22
round 23
round 24
round 25
coin 23 18
coin 45 9
round 26
round 27
round 28
round 29
round 30
coin 48 0
coin 20 26
round 31
round 32
round 33
round 34
round 35
coin 59 24
coin 9 3
round 36
round 37
round 38
round 39
round 40
coin 33 26
coin 35 1
round 41
round 42
round 43
round 44
round 45
coin 46 9
coin 22 18
round 46
round 47
round 48
round 49
round 50
coin 14 15
coin 54 12
round 51
round 52
round 53
round 54
round 55
coin 25 9
coin 43 18
round 56
round 57
round 58
round 59
round 60
coin 26 9
coin 42 18
round 61
round 62
round 63
round 64
round 65
coin 61 11
coin 7 16
round 66
round 67
round 68
round 69
round 70
coin 57 26
coin 11 3
round 71
round 72
round 73
round 74
round 75
coin 43 20
coin 25 8
round 76
round 77
round 78
round 79
round 80
coin 65 17
coin 3 10
round 81
round 82
round 83
round 84
round 85
coin 62 11
coin 6 16
round 86
round 87
round 88
round 89
round 90
coin 42 5
coin 26 22
round 91
round 92
round 93
round 94
round 95
coin 7 19
coin 61 8
round 96
round 97
round 98
round 99
round 100
coin 32 7
coin 36 21
round 101
round 102
round 103
round 104
round 105
coin 14 21
coin 54 6
round 106
round 107
round 108
round 109
round 110
coin 41 18
coin 27 9
round 111
round 112
round 113
round 114
round 115
coin 37 23
coin 30 3
round 116
round 117
round 118
round 119
round 120
coin 25 2
coin 42 25
round 121
round 122
round 123
round 124
round 125
coin 37 0
coin 31 27
round 126
round 127
round 128
round 129
round 130
coin 32 8
coin 37 17
round 131
match_over 0
round 132
