match
match_id 1639179459632_jc
match_time 1639179459635
num_bots 1
##MatchConfig
mode FRIENDLY
num_rounds 200
random_seed 42
move_time_limit 1000
coin_spawn_period 5
coin_spawn_volume 2
##MapConfig
map_size 62 34
view_radius 6
mining_radius 1
attack_radius 3
block 5 0
block 6 0
block 7 0
block 8 0
block 9 0
block 10 0
block 11 0
block 18 0
block 19 0
block 20 0
block 21 0
block 22 0
block 23 0
block 24 0
block 47 0
block 48 0
block 18 1
block 19 1
block 20 1
block 21 1
block 22 1
block 23 1
block 24 1
block 25 1
block 26 1
block 27 1
block 28 1
block 29 1
block 18 2
block 19 2
block 20 2
block 21 2
block 22 2
block 23 2
block 24 2
block 25 2
block 26 2
block 27 2
block 28 2
block 29 2
block 18 3
block 19 3
block 20 3
block 21 3
block 22 3
block 23 3
block 24 3
block 25 3
block 26 3
block 27 3
block 28 3
block 29 3
block 30 3
block 31 3
block 24 4
block 25 4
block 26 4
block 27 4
block 28 4
block 29 4
block 30 4
block 31 4
block 36 4
block 37 4
block 38 4
block 39 4
block 40 4
block 57 4
block 58 4
block 24 5
block 25 5
block 26 5
block 27 5
block 28 5
block 29 5
block 30 5
block 31 5
block 36 5
block 37 5
block 38 5
block 39 5
block 40 5
block 57 5
block 58 5
block 27 6
block 28 6
block 29 6
block 30 6
block 31 6
block 36 6
block 37 6
block 38 6
block 39 6
block 40 6
block 57 6
block 58 6
block 28 7
block 29 7
block 30 7
block 31 7
block 36 7
block 37 7
block 38 7
block 39 7
block 40 7
block 57 7
block 58 7
block 7 8
block 8 8
block 9 8
block 10 8
block 11 8
block 28 8
block 29 8
block 30 8
block 31 8
block 36 8
block 37 8
block 38 8
block 39 8
block 40 8
block 57 8
block 58 8
block 7 9
block 8 9
block 9 9
block 10 9
block 11 9
block 28 9
block 29 9
block 30 9
block 31 9
block 36 9
block 37 9
block 38 9
block 39 9
block 40 9
block 57 9
block 58 9
block 29 10
block 30 10
block 31 10
block 32 10
block 33 10
block 34 10
block 35 10
block 29 11
block 30 11
block 31 11
block 32 11
block 33 11
block 34 11
block 35 11
block 29 12
block 30 12
block 31 12
block 32 12
block 33 12
block 34 12
block 35 12
block 5 13
block 6 13
block 7 13
block 8 13
block 9 13
block 10 13
block 11 13
block 12 13
block 13 13
block 14 13
block 15 13
block 29 13
block 30 13
block 31 13
block 32 13
block 33 13
block 34 13
block 35 13
block 5 14
block 6 14
block 7 14
block 8 14
block 9 14
block 10 14
block 11 14
block 12 14
block 13 14
block 14 14
block 15 14
block 29 14
block 30 14
block 31 14
block 32 14
block 33 14
block 34 14
block 35 14
block 5 15
block 6 15
block 7 15
block 8 15
block 9 15
block 10 15
block 11 15
block 12 15
block 13 15
block 14 15
block 15 15
block 23 15
block 24 15
block 25 15
block 26 15
block 27 15
block 28 15
block 29 15
block 30 15
block 31 15
block 32 15
block 33 15
block 34 15
block 35 15
block 5 16
block 6 16
block 7 16
block 8 16
block 9 16
block 10 16
block 11 16
block 12 16
block 13 16
block 14 16
block 15 16
block 23 16
block 24 16
block 25 16
block 26 16
block 27 16
block 28 16
block 5 17
block 6 17
block 7 17
block 8 17
block 9 17
block 10 17
block 11 17
block 12 17
block 13 17
block 14 17
block 15 17
block 23 17
block 24 17
block 25 17
block 26 17
block 27 17
block 28 17
block 5 18
block 6 18
block 7 18
block 8 18
block 9 18
block 10 18
block 11 18
block 12 18
block 13 18
block 14 18
block 15 18
block 23 18
block 24 18
block 25 18
block 26 18
block 27 18
block 28 18
block 23 19
block 24 19
block 25 19
block 26 19
block 27 19
block 28 19
block 23 20
block 24 20
block 25 20
block 26 20
block 27 20
block 28 20
block 22 21
block 23 21
block 24 21
block 25 21
block 26 21
block 27 21
block 28 21
block 29 21
block 30 21
block 31 21
block 22 22
block 23 22
block 24 22
block 28 22
block 29 22
block 30 22
block 31 22
block 22 23
block 23 23
block 24 23
block 28 23
block 29 23
block 30 23
block 31 23
block 22 24
block 23 24
block 24 24
block 28 24
block 29 24
block 30 24
block 31 24
block 54 24
block 55 24
block 5 25
block 6 25
block 7 25
block 8 25
block 12 25
block 13 25
block 14 25
block 15 25
block 16 25
block 17 25
block 18 25
block 22 25
block 23 25
block 24 25
block 28 25
block 29 25
block 30 25
block 31 25
block 46 25
block 47 25
block 48 25
block 49 25
block 50 25
block 51 25
block 54 25
block 55 25
block 5 26
block 6 26
block 7 26
block 8 26
block 12 26
block 13 26
block 14 26
block 15 26
block 16 26
block 17 26
block 18 26
block 46 26
block 47 26
block 48 26
block 49 26
block 50 26
block 51 26
block 54 26
block 55 26
block 5 27
block 6 27
block 7 27
block 8 27
block 14 27
block 15 27
block 16 27
block 17 27
block 46 27
block 47 27
block 48 27
block 49 27
block 50 27
block 51 27
block 54 27
block 55 27
block 5 28
block 6 28
block 7 28
block 8 28
block 14 28
block 15 28
block 16 28
block 17 28
block 46 28
block 47 28
block 48 28
block 49 28
block 50 28
block 51 28
block 54 28
block 55 28
block 5 29
block 6 29
block 7 29
block 8 29
block 9 29
block 10 29
block 11 29
block 46 29
block 47 29
block 48 29
block 49 29
block 50 29
block 51 29
block 54 29
block 55 29
block 5 30
block 6 30
block 7 30
block 8 30
block 9 30
block 10 30
block 11 30
block 54 30
block 55 30
block 5 31
block 6 31
block 7 31
block 8 31
block 9 31
block 10 31
block 11 31
block 47 31
block 48 31
block 5 32
block 6 32
block 7 32
block 8 32
block 9 32
block 10 32
block 11 32
block 18 32
block 19 32
block 20 32
block 21 32
block 22 32
block 23 32
block 24 32
block 47 32
block 48 32
block 5 33
block 6 33
block 7 33
block 8 33
block 9 33
block 10 33
block 11 33
block 18 33
block 19 33
block 20 33
block 21 33
block 22 33
block 23 33
block 24 33
block 47 33
block 48 33
##BotsAndCoinsInfo
bot_name 0 starter-bot
bot 0 53 19
bot_coins 0 0
coin 6 11
coin 55 22
round 1
bot 0 53 20
round 2
bot 0 53 21
round 3
bot 0 53 22
round 4
bot 0 53 23
round 5
bot 0 53 24
coin 36 12
coin 25 22
round 6
bot 0 53 25
round 7
bot 0 53 26
round 8
bot 0 53 27
round 9
bot 0 53 28
round 10
bot 0 53 29
coin 2 9
coin 59 24
round 11
bot 0 53 30
round 12
bot 0 53 31
round 13
bot 0 53 32
round 14
bot 0 53 33
round 15
bot 0 52 32
coin 3 12
coin 58 21
round 16
bot 0 52 31
round 17
bot 0 52 30
round 18
bot 0 52 29
round 19
bot 0 52 28
round 20
bot 0 52 27
coin 23 7
coin 38 26
round 21
bot 0 52 26
round 22
bot 0 52 25
round 23
bot 0 52 24
round 24
bot 0 52 23
round 25
bot 0 52 22
coin 36 11
coin 25 23
round 26
bot 0 52 21
round 27
bot 0 52 20
round 28
bot 0 52 19
round 29
bot 0 52 18
round 30
bot 0 52 17
coin 12 12
coin 49 21
round 31
bot 0 52 16
round 32
bot 0 52 15
round 33
bot 0 52 14
round 34
bot 0 52 13
round 35
bot 0 52 12
coin 58 14
coin 3 19
round 36
bot 0 52 11
round 37
bot 0 52 10
round 38
bot 0 52 9
round 39
bot 0 52 8
round 40
bot 0 52 7
coin 14 8
coin 47 24
round 41
bot 0 52 6
round 42
bot 0 52 5
round 43
bot 0 52 4
round 44
bot 0 52 3
round 45
bot 0 52 2
coin 49 15
coin 12 19
round 46
bot 0 52 1
round 47
bot 0 52 0
round 48
bot 0 51 1
round 49
bot 0 51 2
round 50
bot 0 51 3
coin 14 11
coin 47 22
round 51
bot 0 51 4
round 52
bot 0 51 5
round 53
bot 0 51 6
round 54
bot 0 51 7
round 55
bot 0 51 8
coin 58 33
coin 3 0
round 56
bot 0 51 9
round 57
bot 0 51 10
round 58
bot 0 51 11
round 59
bot 0 51 12
round 60
bot 0 51 13
coin 55 1
coin 4 32
round 61
bot 0 51 14
round 62
bot 0 51 15
round 63
bot 0 51 16
round 64
bot 0 51 17
round 65
bot 0 51 18
coin 6 20
coin 55 13
round 66
bot 0 51 19
round 67
bot 0 51 20
round 68
bot 0 51 21
round 69
bot 0 51 22
round 70
bot 0 51 23
coin 51 32
coin 10 1
round 71
bot 0 51 24
round 72
round 73
round 74
round 75
coin 54 14
coin 7 19
round 76
round 77
round 78
round 79
round 80
coin 22 26
coin 41 7
round 81
round 82
round 83
round 84
round 85
coin 13 27
coin 48 6
round 86
round 87
round 88
round 89
round 90
coin 4 9
coin 57 24
round 91
round 92
round 93
round 94
round 95
coin 25 0
coin 36 33
round 96
round 97
round 98
round 99
round 100
coin 53 31
coin 8 2
round 101
round 102
round 103
round 104
round 105
coin 25 29
coin 35 4
round 106
round 107
round 108
round 109
round 110
coin 25 10
coin 36 23
round 111
round 112
round 113
round 114
round 115
coin 22 19
coin 39 14
round 116
round 117
round 118
round 119
round 120
coin 21 9
coin 40 24
round 121
round 122
round 123
round 124
round 125
coin 49 8
coin 11 25
round 126
round 127
round 128
round 129
round 130
coin 4 14
coin 57 19
round 131
round 132
round 133
round 134
round 135
coin 34 20
coin 27 13
round 136
round 137
round 138
round 139
round 140
coin 31 1
coin 30 32
round 141
round 142
round 143
round 144
round 145
coin 15 23
coin 46 10
round 146
round 147
round 148
round 149
round 150
coin 61 7
coin 0 26
round 151
round 152
round 153
round 154
round 155
coin 18 9
coin 43 24
round 156
round 157
match_over 0
round 158
