match
match_id 1639175651136_fq
match_time 1639175651141
num_bots 1
##MatchConfig
mode FRIENDLY
num_rounds 200
random_seed 42
move_time_limit 1000
coin_spawn_period 5
coin_spawn_volume 2
##MapConfig
map_size 55 21
view_radius 6
mining_radius 2
attack_radius 3
block 0 0
block 1 0
block 2 0
block 12 0
block 13 0
block 14 0
block 15 0
block 16 0
block 17 0
block 42 0
block 43 0
block 44 0
block 45 0
block 46 0
block 51 0
block 52 0
block 53 0
block 54 0
block 0 1
block 1 1
block 2 1
block 12 1
block 13 1
block 14 1
block 15 1
block 16 1
block 17 1
block 51 1
block 52 1
block 53 1
block 54 1
block 0 2
block 1 2
block 2 2
block 10 2
block 11 2
block 51 2
block 52 2
block 53 2
block 54 2
block 0 3
block 1 3
block 2 3
block 3 3
block 4 3
block 5 3
block 6 3
block 7 3
block 8 3
block 10 3
block 11 3
block 25 3
block 26 3
block 27 3
block 28 3
block 51 3
block 52 3
block 53 3
block 54 3
block 2 4
block 3 4
block 4 4
block 5 4
block 6 4
block 7 4
block 8 4
block 10 4
block 11 4
block 14 4
block 15 4
block 16 4
block 17 4
block 18 4
block 19 4
block 20 4
block 25 4
block 26 4
block 27 4
block 28 4
block 2 5
block 3 5
block 4 5
block 5 5
block 6 5
block 7 5
block 8 5
block 10 5
block 11 5
block 14 5
block 15 5
block 16 5
block 17 5
block 18 5
block 19 5
block 20 5
block 10 6
block 11 6
block 14 6
block 15 6
block 16 6
block 17 6
block 18 6
block 19 6
block 20 6
block 13 7
block 14 7
block 15 7
block 16 7
block 17 7
block 18 7
block 19 7
block 20 7
block 21 7
block 22 7
block 23 7
block 24 7
block 25 7
block 26 7
block 27 7
block 28 7
block 29 7
block 30 7
block 13 8
block 14 8
block 15 8
block 16 8
block 17 8
block 18 8
block 19 8
block 20 8
block 21 8
block 22 8
block 23 8
block 24 8
block 25 8
block 26 8
block 27 8
block 28 8
block 29 8
block 30 8
block 31 8
block 32 8
block 33 8
block 13 9
block 14 9
block 20 9
block 21 9
block 22 9
block 23 9
block 24 9
block 25 9
block 26 9
block 31 9
block 32 9
block 33 9
block 13 10
block 14 10
block 20 10
block 21 10
block 22 10
block 23 10
block 24 10
block 25 10
block 26 10
block 31 10
block 32 10
block 33 10
block 13 11
block 14 11
block 31 11
block 32 11
block 33 11
block 31 12
block 32 12
block 33 12
block 48 12
block 49 12
block 50 12
block 51 12
block 52 12
block 31 13
block 32 13
block 33 13
block 39 13
block 40 13
block 41 13
block 42 13
block 43 13
block 48 13
block 49 13
block 50 13
block 51 13
block 52 13
block 31 14
block 32 14
block 33 14
block 39 14
block 40 14
block 41 14
block 42 14
block 43 14
block 44 14
block 45 14
block 46 14
block 48 14
block 49 14
block 50 14
block 51 14
block 52 14
block 32 15
block 33 15
block 39 15
block 40 15
block 41 15
block 42 15
block 43 15
block 44 15
block 45 15
block 46 15
block 48 15
block 49 15
block 50 15
block 51 15
block 52 15
block 39 16
block 40 16
block 41 16
block 42 16
block 43 16
block 44 16
block 45 16
block 46 16
block 48 16
block 49 16
block 50 16
block 51 16
block 52 16
block 0 17
block 1 17
block 2 17
block 3 17
block 4 17
block 12 17
block 13 17
block 14 17
block 15 17
block 16 17
block 17 17
block 39 17
block 40 17
block 41 17
block 42 17
block 43 17
block 44 17
block 45 17
block 46 17
block 48 17
block 49 17
block 50 17
block 51 17
block 52 17
block 0 18
block 1 18
block 2 18
block 3 18
block 4 18
block 12 18
block 13 18
block 14 18
block 15 18
block 16 18
block 17 18
block 39 18
block 40 18
block 41 18
block 42 18
block 43 18
block 44 18
block 45 18
block 46 18
block 0 19
block 1 19
block 2 19
block 3 19
block 4 19
block 12 19
block 13 19
block 14 19
block 15 19
block 16 19
block 17 19
block 18 19
block 19 19
block 20 19
block 21 19
block 22 19
block 23 19
block 39 19
block 40 19
block 41 19
block 42 19
block 43 19
block 44 19
block 45 19
block 46 19
block 12 20
block 13 20
block 14 20
block 15 20
block 16 20
block 17 20
block 18 20
block 19 20
block 20 20
block 21 20
block 22 20
block 23 20
block 41 20
block 42 20
block 43 20
block 44 20
block 45 20
block 46 20
##BotsAndCoinsInfo
bot_name 0 starter-bot
bot 0 21 14
bot_coins 0 0
coin 40 12
coin 15 9
round 1
bot 0 21 15
round 2
bot 0 21 16
round 3
bot 0 21 17
round 4
bot 0 21 18
round 5
coin 8 17
coin 46 3
round 6
round 7
round 8
round 9
round 10
coin 25 5
coin 29 15
round 11
round 12
round 13
round 14
round 15
coin 47 17
coin 7 2
round 16
round 17
round 18
round 19
round 20
coin 54 17
coin 0 4
round 21
round 22
round 23
round 24
round 25
coin 22 11
coin 30 9
round 26
round 27
round 28
round 29
round 30
coin 46 1
coin 8 19
round 31
round 32
round 33
round 34
round 35
coin 47 18
coin 7 1
round 36
round 37
round 38
round 39
round 40
coin 26 12
coin 28 9
round 41
round 42
round 43
round 44
round 45
coin 33 2
coin 22 18
round 46
coin_collected 22 18 0
bot_coins 0 1
round 47
round 48
round 49
round 50
coin 10 1
coin 47 19
round 51
round 52
round 53
round 54
round 55
coin 36 9
coin 18 11
round 56
round 57
round 58
round 59
round 60
coin 23 11
coin 30 10
round 61
round 62
round 63
round 64
round 65
coin 10 10
coin 44 10
round 66
round 67
round 68
round 69
round 70
coin 37 12
coin 17 9
round 71
round 72
round 73
round 74
round 75
coin 0 6
coin 54 14
round 76
round 77
round 78
round 79
round 80
coin 47 16
coin 7 6
round 81
round 82
round 83
round 84
round 85
coin 30 11
coin 24 11
round 86
round 87
round 88
round 89
round 90
coin 32 19
coin 22 1
round 91
round 92
round 93
round 94
round 95
coin 43 6
coin 11 14
round 96
round 97
round 98
round 99
round 100
coin 24 19
coin 30 1
round 101
round 102
round 103
round 104
round 105
coin 23 6
coin 31 15
round 106
round 107
round 108
round 109
round 110
coin 10 0
coin 44 1
round 111
round 112
round 113
round 114
round 115
coin 12 2
coin 40 20
round 116
round 117
round 118
round 119
round 120
coin 7 10
coin 47 10
round 121
round 122
round 123
round 124
round 125
coin 47 14
coin 6 6
round 126
round 127
round 128
round 129
round 130
coin 8 1
coin 47 20
round 131
round 132
round 133
round 134
round 135
coin 35 7
coin 19 13
round 136
round 137
round 138
round 139
round 140
coin 33 7
coin 21 13
round 141
round 142
round 143
round 144
round 145
coin 16 3
coin 38 17
round 146
round 147
round 148
round 149
round 150
coin 12 5
coin 44 13
round 151
round 152
round 153
round 154
round 155
coin 37 16
coin 17 3
round 156
round 157
round 158
round 159
round 160
coin 4 2
coin 50 18
round 161
round 162
round 163
round 164
round 165
coin 38 4
coin 16 16
round 166
round 167
round 168
round 169
round 170
coin 45 12
coin 9 8
round 171
round 172
round 173
round 174
round 175
coin 5 8
coin 49 11
round 176
round 177
round 178
round 179
round 180
coin 13 6
coin 41 12
round 181
round 182
round 183
round 184
round 185
coin 23 5
coin 31 16
round 186
round 187
round 188
round 189
round 190
coin 51 7
coin 3 13
round 191
round 192
round 193
round 194
round 195
coin 9 0
coin 45 1
round 196
round 197
round 198
round 199
round 200
coin 9 1
coin 47 0
match_over 0
