match
match_id 1639553085347_aa
match_time 1639553085408
num_bots 1
##MatchConfig
mode FRIENDLY
num_rounds 200
random_seed 42
move_time_limit 1000
coin_spawn_period 5
coin_spawn_volume 2
##MapConfig
map_size 79 38
view_radius 5
mining_radius 1
attack_radius 3
block 16 0
block 17 0
block 18 0
block 19 0
block 23 0
block 24 0
block 25 0
block 16 1
block 17 1
block 18 1
block 19 1
block 23 1
block 24 1
block 25 1
block 64 1
block 65 1
block 66 1
block 67 1
block 16 2
block 17 2
block 18 2
block 19 2
block 23 2
block 24 2
block 25 2
block 64 2
block 65 2
block 66 2
block 67 2
block 16 3
block 17 3
block 18 3
block 19 3
block 23 3
block 24 3
block 25 3
block 16 4
block 17 4
block 18 4
block 19 4
block 23 4
block 24 4
block 25 4
block 58 4
block 59 4
block 60 4
block 20 5
block 21 5
block 22 5
block 58 5
block 59 5
block 60 5
block 20 6
block 21 6
block 22 6
block 26 6
block 27 6
block 28 6
block 29 6
block 30 6
block 58 6
block 59 6
block 60 6
block 1 7
block 2 7
block 3 7
block 4 7
block 20 7
block 21 7
block 22 7
block 26 7
block 27 7
block 28 7
block 29 7
block 30 7
block 58 7
block 59 7
block 60 7
block 1 8
block 2 8
block 3 8
block 4 8
block 5 8
block 20 8
block 21 8
block 22 8
block 26 8
block 27 8
block 28 8
block 29 8
block 30 8
block 58 8
block 59 8
block 60 8
block 1 9
block 2 9
block 3 9
block 4 9
block 5 9
block 20 9
block 21 9
block 22 9
block 26 9
block 27 9
block 28 9
block 29 9
block 30 9
block 42 9
block 43 9
block 72 9
block 73 9
block 74 9
block 75 9
block 76 9
block 77 9
block 1 10
block 2 10
block 3 10
block 4 10
block 5 10
block 20 10
block 21 10
block 22 10
block 26 10
block 27 10
block 28 10
block 29 10
block 30 10
block 42 10
block 43 10
block 72 10
block 73 10
block 74 10
block 75 10
block 76 10
block 77 10
block 1 11
block 2 11
block 3 11
block 4 11
block 5 11
block 26 11
block 27 11
block 28 11
block 29 11
block 30 11
block 42 11
block 43 11
block 63 11
block 64 11
block 65 11
block 66 11
block 72 11
block 73 11
block 74 11
block 75 11
block 76 11
block 77 11
block 1 12
block 2 12
block 3 12
block 4 12
block 5 12
block 26 12
block 27 12
block 28 12
block 29 12
block 30 12
block 42 12
block 43 12
block 63 12
block 64 12
block 65 12
block 66 12
block 72 12
block 73 12
block 74 12
block 75 12
block 76 12
block 77 12
block 1 13
block 2 13
block 3 13
block 4 13
block 5 13
block 63 13
block 64 13
block 65 13
block 66 13
block 13 14
block 14 14
block 15 14
block 33 14
block 34 14
block 35 14
block 63 14
block 64 14
block 65 14
block 66 14
block 13 15
block 14 15
block 15 15
block 33 15
block 34 15
block 35 15
block 63 15
block 64 15
block 65 15
block 66 15
block 69 15
block 70 15
block 71 15
block 72 15
block 73 15
block 74 15
block 13 16
block 14 16
block 15 16
block 33 16
block 34 16
block 35 16
block 48 16
block 49 16
block 50 16
block 51 16
block 52 16
block 53 16
block 54 16
block 69 16
block 70 16
block 71 16
block 72 16
block 73 16
block 74 16
block 13 17
block 14 17
block 15 17
block 33 17
block 34 17
block 35 17
block 48 17
block 49 17
block 50 17
block 51 17
block 52 17
block 53 17
block 54 17
block 69 17
block 70 17
block 71 17
block 72 17
block 73 17
block 74 17
block 13 18
block 14 18
block 15 18
block 33 18
block 34 18
block 35 18
block 69 18
block 70 18
block 71 18
block 72 18
block 73 18
block 74 18
block 13 19
block 14 19
block 15 19
block 33 19
block 34 19
block 35 19
block 69 19
block 70 19
block 71 19
block 72 19
block 73 19
block 74 19
block 13 20
block 14 20
block 15 20
block 32 20
block 33 20
block 34 20
block 35 20
block 36 20
block 37 20
block 38 20
block 69 20
block 70 20
block 71 20
block 72 20
block 73 20
block 74 20
block 32 21
block 33 21
block 34 21
block 35 21
block 36 21
block 37 21
block 38 21
block 69 21
block 70 21
block 71 21
block 72 21
block 73 21
block 74 21
block 0 22
block 1 22
block 2 22
block 10 22
block 11 22
block 25 22
block 26 22
block 27 22
block 28 22
block 32 22
block 33 22
block 34 22
block 35 22
block 36 22
block 37 22
block 38 22
block 78 22
block 0 23
block 1 23
block 2 23
block 10 23
block 11 23
block 25 23
block 26 23
block 27 23
block 28 23
block 32 23
block 33 23
block 34 23
block 35 23
block 36 23
block 37 23
block 38 23
block 68 23
block 69 23
block 70 23
block 71 23
block 78 23
block 10 24
block 11 24
block 25 24
block 26 24
block 27 24
block 28 24
block 32 24
block 33 24
block 34 24
block 35 24
block 36 24
block 37 24
block 38 24
block 62 24
block 63 24
block 64 24
block 65 24
block 66 24
block 67 24
block 68 24
block 69 24
block 70 24
block 71 24
block 20 25
block 21 25
block 25 25
block 26 25
block 27 25
block 28 25
block 32 25
block 33 25
block 34 25
block 35 25
block 36 25
block 37 25
block 38 25
block 62 25
block 63 25
block 64 25
block 65 25
block 66 25
block 67 25
block 68 25
block 69 25
block 70 25
block 71 25
block 18 26
block 19 26
block 20 26
block 21 26
block 22 26
block 32 26
block 33 26
block 34 26
block 35 26
block 36 26
block 37 26
block 38 26
block 62 26
block 63 26
block 64 26
block 65 26
block 66 26
block 67 26
block 68 26
block 69 26
block 70 26
block 71 26
block 18 27
block 19 27
block 20 27
block 21 27
block 22 27
block 62 27
block 63 27
block 64 27
block 65 27
block 66 27
block 67 27
block 68 27
block 69 27
block 70 27
block 71 27
block 6 28
block 7 28
block 8 28
block 9 28
block 10 28
block 20 28
block 21 28
block 62 28
block 63 28
block 64 28
block 6 29
block 7 29
block 8 29
block 9 29
block 10 29
block 23 29
block 24 29
block 25 29
block 26 29
block 6 30
block 7 30
block 8 30
block 9 30
block 10 30
block 23 30
block 24 30
block 25 30
block 26 30
block 6 31
block 7 31
block 8 31
block 9 31
block 10 31
block 23 31
block 24 31
block 25 31
block 26 31
block 6 32
block 7 32
block 8 32
block 9 32
block 10 32
block 16 36
block 17 36
block 18 36
block 19 36
block 16 37
block 17 37
block 18 37
block 19 37
block 23 37
block 24 37
block 25 37
##BotsAndCoinsInfo
bot_name 0 starter-bot
bot 0 12 20
bot_coins 0 0
coin 19 9
coin 59 28
round 1
bot 0 12 21
round 2
bot 0 12 22
round 3
bot 0 12 23
round 4
bot 0 12 24
round 5
bot 0 12 25
coin 23 6
coin 55 31
round 6
bot 0 12 26
round 7
bot 0 12 27
round 8
bot 0 12 28
round 9
bot 0 12 29
round 10
bot 0 12 30
coin 75 15
coin 3 22
round 11
bot 0 12 31
round 12
bot 0 12 32
round 13
bot 0 12 33
round 14
bot 0 12 34
round 15
bot 0 12 35
coin 62 29
coin 16 8
round 16
bot 0 12 36
round 17
bot 0 12 37
round 18
bot 0 11 36
round 19
bot 0 11 35
round 20
bot 0 11 34
coin 1 17
coin 77 20
round 21
bot 0 11 33
round 22
bot 0 11 32
round 23
bot 0 11 31
round 24
bot 0 11 30
round 25
bot 0 11 29
coin 16 14
coin 62 23
round 26
bot 0 11 28
round 27
bot 0 11 27
round 28
bot 0 11 26
round 29
bot 0 11 25
round 30
bot 0 12 24
coin 26 34
coin 52 3
round 31
bot 0 12 23
round 32
bot 0 12 22
round 33
bot 0 12 21
round 34
bot 0 12 20
round 35
bot 0 12 19
coin 68 36
coin 10 1
round 36
bot 0 12 18
round 37
bot 0 12 17
round 38
bot 0 12 16
round 39
bot 0 12 15
round 40
bot 0 12 14
coin 27 36
coin 51 1
round 41
bot 0 12 13
round 42
bot 0 12 12
round 43
bot 0 12 11
round 44
bot 0 12 10
round 45
bot 0 12 9
coin 65 37
coin 13 0
round 46
bot 0 12 8
round 47
bot 0 12 7
round 48
bot 0 12 6
round 49
bot 0 12 5
round 50
bot 0 12 4
coin 37 13
coin 41 24
round 51
bot 0 11 3
round 52
bot 0 10 2
coin_collected 10 1 0
bot_coins 0 1
round 53
bot 0 11 1
round 54
bot 0 12 0
coin_collected 13 0 0
bot_coins 0 2
round 55
bot 0 11 1
coin 27 5
coin 51 32
round 56
bot 0 11 2
round 57
bot 0 11 3
round 58
bot 0 11 4
round 59
bot 0 11 5
round 60
bot 0 11 6
coin 35 13
coin 43 24
round 61
bot 0 11 7
round 62
bot 0 11 8
round 63
bot 0 11 9
round 64
bot 0 11 10
round 65
bot 0 11 11
coin 47 6
coin 31 31
round 66
bot 0 11 12
round 67
bot 0 11 13
round 68
bot 0 11 14
round 69
bot 0 11 15
round 70
bot 0 11 16
coin 6 22
coin 72 14
round 71
bot 0 11 17
round 72
bot 0 11 18
round 73
bot 0 11 19
round 74
bot 0 11 20
round 75
bot 0 11 21
coin 24 5
coin 54 32
round 76
bot 0 10 21
round 77
bot 0 9 21
round 78
bot 0 8 22
round 79
bot 0 8 23
round 80
bot 0 7 22
coin_collected 6 22 0
bot_coins 0 3
coin 52 33
coin 26 4
round 81
bot 0 7 21
round 82
bot 0 7 20
round 83
bot 0 7 19
round 84
bot 0 7 18
round 85
bot 0 7 17
coin 6 37
coin 72 0
round 86
bot 0 7 16
round 87
bot 0 7 15
round 88
bot 0 7 14
round 89
bot 0 7 13
round 90
bot 0 7 12
coin 30 17
coin 48 20
round 91
bot 0 7 11
round 92
bot 0 7 10
round 93
bot 0 7 9
round 94
bot 0 7 8
round 95
bot 0 7 7
coin 69 6
coin 11 31
round 96
bot 0 7 6
round 97
bot 0 7 5
round 98
bot 0 7 4
round 99
bot 0 7 3
round 100
bot 0 7 2
coin 47 31
coin 31 6
round 101
bot 0 6 3
round 102
bot 0 6 4
round 103
bot 0 6 5
round 104
bot 0 6 6
round 105
bot 0 6 7
coin 45 11
coin 33 27
round 106
bot 0 6 8
round 107
bot 0 6 9
round 108
bot 0 6 10
round 109
bot 0 6 11
round 110
bot 0 6 12
coin 25 10
coin 53 27
round 111
bot 0 6 13
round 112
bot 0 6 14
round 113
bot 0 6 15
round 114
bot 0 6 16
round 115
bot 0 6 17
coin 58 23
coin 20 14
round 116
bot 0 6 18
round 117
bot 0 6 19
round 118
bot 0 6 20
round 119
bot 0 5 21
round 120
bot 0 4 22
coin_collected 3 22 0
bot_coins 0 4
coin 49 35
coin 29 2
round 121
bot 0 4 23
round 122
bot 0 4 24
round 123
bot 0 4 25
round 124
bot 0 4 26
round 125
bot 0 4 27
coin 11 6
coin 67 31
round 126
bot 0 4 28
round 127
bot 0 4 29
round 128
bot 0 4 30
round 129
bot 0 4 31
round 130
bot 0 4 32
coin 8 12
coin 72 25
round 131
bot 0 4 33
round 132
bot 0 4 34
round 133
bot 0 5 35
round 134
bot 0 6 36
coin_collected 6 37 0
bot_coins 0 5
round 135
bot 0 6 37
coin 21 4
coin 57 33
round 136
bot 0 5 36
round 137
bot 0 5 35
round 138
bot 0 5 34
round 139
bot 0 5 33
round 140
bot 0 5 32
coin 53 21
coin 25 16
round 141
bot 0 5 31
round 142
bot 0 5 30
round 143
bot 0 5 29
round 144
bot 0 5 28
round 145
bot 0 5 27
coin 63 35
coin 15 2
round 146
bot 0 5 26
round 147
bot 0 5 25
round 148
bot 0 5 24
round 149
bot 0 5 23
round 150
bot 0 5 22
coin 75 31
coin 3 6
round 151
bot 0 5 21
round 152
bot 0 5 20
round 153
bot 0 5 19
round 154
bot 0 5 18
round 155
bot 0 5 17
coin 68 7
coin 11 30
round 156
bot 0 5 16
round 157
bot 0 5 15
round 158
bot 0 5 14
round 159
bot 0 6 13
round 160
bot 0 7 12
coin_collected 8 12 0
bot_coins 0 6
coin 22 34
coin 56 3
round 161
bot 0 7 11
round 162
bot 0 7 10
round 163
bot 0 7 9
round 164
bot 0 7 8
round 165
bot 0 7 7
coin 24 21
coin 54 15
round 166
bot 0 7 6
round 167
bot 0 7 5
round 168
bot 0 7 4
round 169
bot 0 7 3
round 170
bot 0 7 2
coin 58 17
coin 20 20
round 171
bot 0 7 1
round 172
bot 0 7 0
round 173
bot 0 6 1
round 174
bot 0 6 2
round 175
bot 0 6 3
coin 26 3
coin 52 34
round 176
bot 0 6 4
round 177
bot 0 5 5
round 178
bot 0 4 6
coin_collected 3 6 0
bot_coins 0 7
round 179
bot 0 3 6
round 180
bot 0 2 6
coin 63 23
coin 15 13
round 181
bot 0 1 6
round 182
bot 0 0 6
round 183
bot 0 0 7
round 184
bot 0 0 8
round 185
bot 0 0 9
coin 71 9
coin 7 27
round 186
bot 0 0 10
round 187
bot 0 0 11
round 188
bot 0 0 12
round 189
bot 0 0 13
round 190
bot 0 0 14
coin 70 14
coin 8 23
round 191
bot 0 0 15
round 192
bot 0 0 16
round 193
bot 0 0 17
coin_collected 1 17 0
bot_coins 0 8
round 194
bot 0 1 18
round 195
bot 0 2 19
coin 33 35
coin 45 2
round 196
bot 0 2 20
round 197
bot 0 2 21
round 198
bot 0 1 21
round 199
bot 0 0 21
round 200
bot 0 78 21
coin 37 2
coin 41 35
match_over 0
