match
match_id 1639215176594_me
match_time 1639215176597
num_bots 1
##MatchConfig
mode FRIENDLY
num_rounds 200
random_seed 42
move_time_limit 1000
coin_spawn_period 5
coin_spawn_volume 2
##MapConfig
map_size 78 29
view_radius 6
mining_radius 1
attack_radius 3
block 0 0
block 39 0
block 40 0
block 41 0
block 42 0
block 43 0
block 55 0
block 56 0
block 74 0
block 75 0
block 76 0
block 77 0
block 0 1
block 39 1
block 40 1
block 41 1
block 42 1
block 43 1
block 54 1
block 55 1
block 56 1
block 57 1
block 58 1
block 74 1
block 75 1
block 76 1
block 77 1
block 0 2
block 24 2
block 25 2
block 26 2
block 27 2
block 39 2
block 40 2
block 41 2
block 42 2
block 43 2
block 54 2
block 55 2
block 56 2
block 57 2
block 58 2
block 65 2
block 66 2
block 67 2
block 68 2
block 69 2
block 70 2
block 71 2
block 74 2
block 75 2
block 76 2
block 77 2
block 0 3
block 24 3
block 25 3
block 26 3
block 27 3
block 65 3
block 66 3
block 67 3
block 68 3
block 69 3
block 70 3
block 71 3
block 74 3
block 75 3
block 76 3
block 77 3
block 24 4
block 25 4
block 26 4
block 27 4
block 24 5
block 25 5
block 26 5
block 27 5
block 24 6
block 25 6
block 26 6
block 27 6
block 70 6
block 71 6
block 72 6
block 73 6
block 74 6
block 75 6
block 46 7
block 47 7
block 48 7
block 49 7
block 50 7
block 51 7
block 70 7
block 71 7
block 72 7
block 73 7
block 74 7
block 75 7
block 46 8
block 47 8
block 48 8
block 49 8
block 50 8
block 51 8
block 70 8
block 71 8
block 72 8
block 73 8
block 74 8
block 75 8
block 46 9
block 47 9
block 48 9
block 49 9
block 50 9
block 51 9
block 0 10
block 1 10
block 2 10
block 3 10
block 76 10
block 77 10
block 0 11
block 1 11
block 2 11
block 3 11
block 42 11
block 43 11
block 44 11
block 45 11
block 46 11
block 76 11
block 77 11
block 0 12
block 1 12
block 2 12
block 3 12
block 5 12
block 6 12
block 7 12
block 8 12
block 42 12
block 43 12
block 44 12
block 45 12
block 46 12
block 76 12
block 77 12
block 0 13
block 1 13
block 2 13
block 3 13
block 5 13
block 6 13
block 7 13
block 8 13
block 42 13
block 43 13
block 44 13
block 45 13
block 46 13
block 76 13
block 77 13
block 0 14
block 1 14
block 2 14
block 3 14
block 5 14
block 6 14
block 7 14
block 8 14
block 11 14
block 12 14
block 13 14
block 14 14
block 15 14
block 16 14
block 42 14
block 43 14
block 44 14
block 45 14
block 46 14
block 76 14
block 77 14
block 0 15
block 1 15
block 2 15
block 3 15
block 5 15
block 6 15
block 7 15
block 8 15
block 11 15
block 12 15
block 13 15
block 14 15
block 15 15
block 16 15
block 42 15
block 43 15
block 44 15
block 45 15
block 46 15
block 76 15
block 77 15
block 5 16
block 6 16
block 7 16
block 8 16
block 11 16
block 12 16
block 13 16
block 14 16
block 15 16
block 16 16
block 29 16
block 30 16
block 31 16
block 11 17
block 12 17
block 13 17
block 14 17
block 15 17
block 16 17
block 19 17
block 20 17
block 21 17
block 22 17
block 23 17
block 24 17
block 25 17
block 29 17
block 30 17
block 31 17
block 11 18
block 12 18
block 13 18
block 14 18
block 15 18
block 16 18
block 19 18
block 20 18
block 21 18
block 22 18
block 23 18
block 24 18
block 25 18
block 29 18
block 30 18
block 31 18
block 63 18
block 64 18
block 65 18
block 66 18
block 67 18
block 68 18
block 69 18
block 19 19
block 20 19
block 21 19
block 22 19
block 23 19
block 24 19
block 25 19
block 29 19
block 30 19
block 31 19
block 54 19
block 55 19
block 56 19
block 57 19
block 58 19
block 59 19
block 63 19
block 64 19
block 65 19
block 66 19
block 67 19
block 68 19
block 69 19
block 19 20
block 20 20
block 21 20
block 22 20
block 23 20
block 24 20
block 25 20
block 29 20
block 30 20
block 31 20
block 54 20
block 55 20
block 56 20
block 57 20
block 58 20
block 59 20
block 63 20
block 64 20
block 65 20
block 66 20
block 67 20
block 68 20
block 69 20
block 13 21
block 14 21
block 15 21
block 16 21
block 19 21
block 20 21
block 21 21
block 22 21
block 23 21
block 24 21
block 25 21
block 29 21
block 30 21
block 31 21
block 54 21
block 55 21
block 56 21
block 57 21
block 58 21
block 59 21
block 13 22
block 14 22
block 15 22
block 16 22
block 13 23
block 14 23
block 15 23
block 16 23
block 38 23
block 39 23
block 40 23
block 41 23
block 42 23
block 13 24
block 14 24
block 15 24
block 16 24
block 23 24
block 24 24
block 25 24
block 26 24
block 27 24
block 28 24
block 29 24
block 38 24
block 39 24
block 40 24
block 41 24
block 42 24
block 13 25
block 14 25
block 15 25
block 16 25
block 23 25
block 24 25
block 25 25
block 26 25
block 27 25
block 28 25
block 29 25
block 38 25
block 39 25
block 40 25
block 41 25
block 42 25
block 43 25
block 0 26
block 13 26
block 14 26
block 15 26
block 16 26
block 38 26
block 39 26
block 40 26
block 41 26
block 42 26
block 43 26
block 76 26
block 77 26
block 0 27
block 39 27
block 40 27
block 41 27
block 42 27
block 43 27
block 76 27
block 77 27
block 0 28
block 39 28
block 40 28
block 41 28
block 42 28
block 43 28
block 55 28
block 56 28
block 74 28
block 75 28
block 76 28
block 77 28
##BotsAndCoinsInfo
bot_name 0 starter-bot
bot 0 34 22
bot_coins 0 0
coin 26 9
coin 51 19
round 1
bot 0 34 23
round 2
bot 0 34 24
round 3
bot 0 34 25
round 4
bot 0 34 26
round 5
bot 0 34 27
coin 48 15
coin 29 13
round 6
bot 0 34 28
round 7
bot 0 33 27
round 8
bot 0 33 26
round 9
bot 0 33 25
round 10
bot 0 33 24
coin 0 23
coin 77 5
round 11
bot 0 33 23
round 12
bot 0 33 22
round 13
bot 0 33 21
round 14
bot 0 33 20
round 15
bot 0 33 19
coin 65 8
coin 12 20
round 16
bot 0 33 18
round 17
bot 0 33 17
round 18
bot 0 33 16
round 19
bot 0 33 15
round 20
bot 0 33 14
coin 55 25
coin 22 3
round 21
bot 0 33 13
round 22
bot 0 33 12
round 23
bot 0 33 11
round 24
bot 0 33 10
round 25
bot 0 33 9
coin 26 22
coin 51 6
round 26
bot 0 33 8
round 27
bot 0 33 7
round 28
bot 0 33 6
round 29
bot 0 33 5
round 30
bot 0 33 4
coin 60 15
coin 17 13
round 31
bot 0 33 3
round 32
bot 0 33 2
round 33
bot 0 33 1
round 34
bot 0 33 0
round 35
bot 0 32 1
coin 18 20
coin 59 8
round 36
bot 0 32 2
round 37
bot 0 32 3
round 38
bot 0 32 4
round 39
bot 0 32 5
round 40
bot 0 32 6
coin 48 1
coin 29 27
round 41
bot 0 32 7
round 42
bot 0 32 8
round 43
bot 0 32 9
round 44
bot 0 32 10
round 45
bot 0 32 11
coin 37 2
coin 38 27
round 46
bot 0 32 12
round 47
bot 0 32 13
round 48
bot 0 32 14
round 49
bot 0 32 15
round 50
bot 0 32 16
coin 14 27
coin 63 1
round 51
bot 0 32 17
round 52
bot 0 32 18
round 53
bot 0 32 19
round 54
bot 0 32 20
round 55
bot 0 32 21
coin 26 19
coin 51 10
round 56
bot 0 32 22
round 57
bot 0 32 23
round 58
bot 0 32 24
round 59
bot 0 32 25
round 60
bot 0 32 26
coin 77 19
coin 0 9
round 61
bot 0 32 27
round 62
bot 0 32 28
round 63
bot 0 31 27
round 64
bot 0 31 26
round 65
bot 0 31 25
coin 64 8
coin 13 20
round 66
bot 0 31 24
round 67
bot 0 31 23
round 68
bot 0 31 22
round 69
round 70
coin 19 11
coin 58 17
round 71
round 72
round 73
round 74
round 75
coin 64 1
coin 13 27
round 76
round 77
round 78
round 79
round 80
coin 44 16
coin 33 12
round 81
round 82
round 83
round 84
round 85
coin 59 9
coin 18 19
round 86
round 87
round 88
round 89
round 90
coin 6 27
coin 71 1
round 91
round 92
round 93
round 94
round 95
coin 67 22
coin 10 6
round 96
round 97
round 98
round 99
round 100
coin 5 22
coin 72 5
round 101
round 102
round 103
round 104
round 105
coin 47 23
coin 30 5
round 106
round 107
round 108
round 109
round 110
coin 41 15
coin 36 13
round 111
round 112
round 113
round 114
round 115
coin 54 0
coin 23 28
round 116
round 117
round 118
round 119
round 120
coin 1 16
coin 75 12
round 121
round 122
round 123
round 124
round 125
coin 61 2
coin 16 27
round 126
round 127
round 128
round 129
round 130
coin 68 10
coin 9 18
round 131
round 132
round 133
round 134
round 135
coin 14 19
coin 63 9
round 136
round 137
round 138
round 139
round 140
coin 25 22
coin 52 6
round 141
round 142
round 143
round 144
round 145
coin 75 5
coin 2 23
round 146
round 147
round 148
round 149
round 150
coin 19 6
coin 58 22
round 151
round 152
round 153
round 154
round 155
coin 32 20
coin 45 8
round 156
round 157
round 158
round 159
round 160
coin 50 13
coin 27 15
round 161
round 162
round 163
round 164
round 165
coin 20 25
coin 57 3
round 166
round 167
round 168
round 169
round 170
coin 9 5
coin 68 23
round 171
round 172
round 173
round 174
round 175
coin 58 18
coin 19 10
round 176
round 177
round 178
round 179
round 180
coin 13 5
coin 64 23
round 181
round 182
round 183
round 184
round 185
coin 12 24
coin 65 4
round 186
round 187
round 188
round 189
round 190
coin 68 6
coin 9 22
round 191
round 192
round 193
round 194
round 195
coin 29 11
coin 48 17
round 196
round 197
round 198
round 199
round 200
coin 66 4
coin 11 24
match_over 0
