match
match_id 1639215255508_mn
match_time 1639215255510
num_bots 1
##MatchConfig
mode FRIENDLY
num_rounds 200
random_seed 42
move_time_limit 1000
coin_spawn_period 5
coin_spawn_volume 2
##MapConfig
map_size 50 25
view_radius 5
mining_radius 2
attack_radius 3
block 22 0
block 23 0
block 24 0
block 25 0
block 13 1
block 14 1
block 15 1
block 16 1
block 17 1
block 18 1
block 19 1
block 22 1
block 23 1
block 24 1
block 25 1
block 13 2
block 14 2
block 15 2
block 16 2
block 17 2
block 18 2
block 19 2
block 20 2
block 21 2
block 22 2
block 23 2
block 24 2
block 25 2
block 13 3
block 14 3
block 15 3
block 16 3
block 17 3
block 18 3
block 19 3
block 20 3
block 21 3
block 22 3
block 23 3
block 13 4
block 14 4
block 15 4
block 16 4
block 17 4
block 18 4
block 19 4
block 20 4
block 21 4
block 22 4
block 23 4
block 13 5
block 14 5
block 15 5
block 16 5
block 17 5
block 18 5
block 19 5
block 15 7
block 16 7
block 17 7
block 18 7
block 19 7
block 20 7
block 15 8
block 16 8
block 17 8
block 18 8
block 19 8
block 20 8
block 27 13
block 28 13
block 27 14
block 28 14
block 34 14
block 35 14
block 36 14
block 37 14
block 38 14
block 39 14
block 34 15
block 35 15
block 36 15
block 37 15
block 38 15
block 39 15
block 34 16
block 35 16
block 36 16
block 37 16
block 38 16
block 39 16
block 34 17
block 35 17
block 36 17
block 37 17
block 38 17
block 39 17
block 34 18
block 35 18
block 36 18
block 37 18
block 38 18
block 39 18
block 34 19
block 35 19
block 36 19
block 37 19
block 38 19
block 39 19
block 22 21
block 23 21
block 24 21
block 6 22
block 7 22
block 8 22
block 19 22
block 20 22
block 21 22
block 22 22
block 23 22
block 24 22
block 6 23
block 7 23
block 8 23
block 19 23
block 20 23
block 21 23
block 22 24
block 23 24
block 24 24
block 25 24
##BotsAndCoinsInfo
bot_name 0 starter-bot
bot 0 2 7
bot_coins 0 0
coin 30 13
coin 19 11
round 1
bot 0 2 8
round 2
bot 0 2 9
round 3
bot 0 2 10
round 4
bot 0 2 11
round 5
bot 0 2 12
coin 48 9
coin 1 15
round 6
bot 0 2 13
round 7
bot 0 2 14
coin_collected 1 15 0
bot_coins 0 1
round 8
bot 0 2 15
round 9
bot 0 2 16
round 10
bot 0 2 17
coin 20 0
coin 29 24
round 11
bot 0 2 18
round 12
bot 0 2 19
round 13
bot 0 2 20
round 14
bot 0 2 21
round 15
bot 0 2 22
coin 5 18
coin 44 6
round 16
bot 0 2 23
round 17
bot 0 2 24
round 18
bot 0 1 23
round 19
bot 0 1 22
round 20
bot 0 1 21
coin 19 18
coin 30 6
round 21
bot 0 1 20
round 22
bot 0 1 19
round 23
bot 0 1 18
round 24
bot 0 1 17
round 25
bot 0 1 16
coin 32 2
coin 17 22
round 26
bot 0 1 15
round 27
bot 0 1 14
round 28
bot 0 1 13
round 29
bot 0 1 12
round 30
bot 0 1 11
coin 26 17
coin 23 7
round 31
bot 0 1 10
round 32
bot 0 1 9
round 33
bot 0 1 8
round 34
bot 0 1 7
round 35
bot 0 1 6
coin 26 7
coin 23 17
round 36
bot 0 1 5
round 37
bot 0 1 4
round 38
bot 0 1 3
round 39
bot 0 1 2
round 40
bot 0 1 1
coin 6 20
coin 43 4
round 41
bot 0 1 0
round 42
bot 0 0 1
round 43
bot 0 0 2
round 44
bot 0 0 3
round 45
bot 0 0 4
coin 43 9
coin 6 15
round 46
bot 0 0 5
round 47
bot 0 0 6
round 48
bot 0 0 7
round 49
bot 0 0 8
round 50
bot 0 0 9
coin_collected 48 9 0
bot_coins 0 2
coin 0 13
coin 49 11
round 51
bot 0 0 10
coin_collected 49 11 0
bot_coins 0 3
round 52
bot 0 0 11
coin_collected 0 13 0
bot_coins 0 4
round 53
bot 0 0 12
round 54
bot 0 0 13
round 55
bot 0 0 14
coin 26 13
coin 23 11
round 56
bot 0 0 15
round 57
bot 0 0 16
round 58
bot 0 0 17
round 59
bot 0 0 18
round 60
bot 0 0 19
coin 43 16
coin 6 8
round 61
bot 0 0 20
round 62
bot 0 0 21
round 63
bot 0 0 22
round 64
bot 0 0 23
round 65
bot 0 0 24
coin 30 8
coin 19 16
round 66
bot 0 49 23
round 67
bot 0 49 22
round 68
bot 0 49 21
round 69
bot 0 49 20
round 70
bot 0 49 19
coin 37 21
coin 12 3
round 71
bot 0 49 18
round 72
bot 0 49 17
round 73
bot 0 49 16
round 74
bot 0 49 15
round 75
bot 0 49 14
coin 31 6
coin 18 18
round 76
bot 0 49 13
round 77
bot 0 49 12
round 78
bot 0 49 11
round 79
bot 0 49 10
round 80
bot 0 49 9
coin 30 10
coin 19 14
round 81
bot 0 49 8
round 82
bot 0 49 7
round 83
bot 0 49 6
round 84
bot 0 49 5
round 85
bot 0 49 4
coin 17 0
coin 32 24
round 86
bot 0 49 3
round 87
bot 0 49 2
round 88
bot 0 49 1
round 89
bot 0 49 0
round 90
bot 0 48 1
coin 12 18
coin 37 6
round 91
bot 0 48 2
round 92
bot 0 48 3
round 93
bot 0 48 4
round 94
bot 0 48 5
round 95
bot 0 48 6
coin 13 14
coin 36 10
round 96
bot 0 48 7
round 97
bot 0 48 8
round 98
bot 0 48 9
round 99
bot 0 48 10
round 100
bot 0 48 11
coin 29 15
coin 20 9
round 101
bot 0 48 12
round 102
bot 0 48 13
round 103
bot 0 48 14
round 104
bot 0 48 15
round 105
bot 0 48 16
coin 23 12
coin 26 12
round 106
bot 0 48 17
round 107
bot 0 48 18
round 108
bot 0 48 19
round 109
bot 0 48 20
round 110
bot 0 48 21
coin 25 9
coin 24 15
round 111
bot 0 48 22
round 112
bot 0 48 23
round 113
bot 0 48 24
round 114
bot 0 47 23
round 115
bot 0 47 22
coin 7 10
coin 42 14
round 116
bot 0 47 21
round 117
bot 0 47 20
round 118
bot 0 47 19
round 119
bot 0 47 18
round 120
bot 0 47 17
coin 7 18
coin 42 6
round 121
bot 0 47 16
round 122
bot 0 47 15
round 123
bot 0 47 14
round 124
bot 0 47 13
round 125
bot 0 47 12
coin 43 15
coin 6 9
round 126
bot 0 47 11
round 127
bot 0 47 10
round 128
bot 0 47 9
round 129
bot 0 47 8
round 130
bot 0 47 7
coin 8 6
coin 41 18
round 131
bot 0 47 6
round 132
bot 0 47 5
round 133
bot 0 47 4
round 134
bot 0 47 3
round 135
bot 0 47 2
coin 10 10
coin 39 13
round 136
bot 0 47 1
round 137
bot 0 47 0
round 138
bot 0 46 1
round 139
bot 0 46 2
round 140
bot 0 46 3
coin 13 9
coin 36 13
round 141
bot 0 46 4
round 142
bot 0 46 5
round 143
bot 0 46 6
coin_collected 44 6 0
bot_coins 0 5
round 144
bot 0 46 7
round 145
bot 0 46 8
coin 11 3
coin 38 21
round 146
bot 0 46 9
round 147
bot 0 46 10
round 148
bot 0 46 11
round 149
bot 0 46 12
round 150
bot 0 46 13
coin 47 19
coin 2 5
round 151
bot 0 46 14
round 152
bot 0 46 15
round 153
bot 0 46 16
round 154
bot 0 46 17
round 155
bot 0 46 18
coin_collected 47 19 0
bot_coins 0 6
coin 2 1
coin 47 23
round 156
bot 0 46 19
round 157
bot 0 46 20
round 158
bot 0 46 21
round 159
bot 0 46 22
coin_collected 47 23 0
bot_coins 0 7
round 160
bot 0 46 23
coin 44 19
coin 5 5
round 161
bot 0 46 24
round 162
bot 0 45 23
round 163
bot 0 45 22
round 164
bot 0 45 21
round 165
bot 0 45 20
coin_collected 44 19 0
bot_coins 0 8
coin 48 19
coin 1 5
round 166
bot 0 45 19
round 167
bot 0 45 18
round 168
bot 0 45 17
round 169
bot 0 45 16
coin_collected 43 16 0
bot_coins 0 9
round 170
bot 0 45 15
coin_collected 43 15 0
bot_coins 0 10
coin 26 24
coin 23 23
round 171
bot 0 45 14
round 172
bot 0 45 13
round 173
bot 0 45 12
round 174
bot 0 45 11
round 175
bot 0 45 10
coin 40 1
coin 9 23
round 176
bot 0 45 9
coin_collected 43 9 0
bot_coins 0 11
round 177
bot 0 45 8
round 178
bot 0 45 7
round 179
bot 0 45 6
round 180
bot 0 45 5
coin 3 4
coin 46 20
round 181
bot 0 45 4
coin_collected 43 4 0
bot_coins 0 12
round 182
bot 0 45 3
round 183
bot 0 45 2
round 184
bot 0 45 1
round 185
bot 0 45 0
coin 23 8
coin 26 16
round 186
bot 0 44 1
round 187
bot 0 44 2
round 188
bot 0 44 3
round 189
bot 0 44 4
round 190
bot 0 44 5
coin 36 11
coin 13 13
round 191
bot 0 44 6
coin_collected 42 6 0
bot_coins 0 13
round 192
bot 0 44 7
round 193
bot 0 44 8
round 194
bot 0 44 9
round 195
bot 0 44 10
coin 25 18
coin 24 6
round 196
bot 0 44 11
round 197
bot 0 44 12
round 198
bot 0 44 13
round 199
bot 0 44 14
coin_collected 42 14 0
bot_coins 0 14
round 200
bot 0 44 15
coin 0 19
coin 49 5
match_over 0
