match
match_id 1639337898435_ai
match_time 1639337898439
num_bots 1
##MatchConfig
mode FRIENDLY
num_rounds 200
random_seed 42
move_time_limit 1000
coin_spawn_period 5
coin_spawn_volume 2
##MapConfig
map_size 79 22
view_radius 6
mining_radius 2
attack_radius 4
block 29 2
block 30 2
block 29 3
block 30 3
block 31 3
block 32 3
block 33 3
block 34 3
block 68 3
block 69 3
block 70 3
block 71 3
block 29 4
block 30 4
block 31 4
block 32 4
block 33 4
block 34 4
block 68 4
block 69 4
block 70 4
block 71 4
block 29 5
block 30 5
block 31 5
block 32 5
block 33 5
block 34 5
block 68 5
block 69 5
block 70 5
block 71 5
block 28 6
block 29 6
block 30 6
block 31 6
block 32 6
block 33 6
block 34 6
block 41 6
block 42 6
block 43 6
block 44 6
block 45 6
block 68 6
block 69 6
block 70 6
block 71 6
block 28 7
block 29 7
block 30 7
block 31 7
block 32 7
block 33 7
block 34 7
block 41 7
block 42 7
block 43 7
block 44 7
block 45 7
block 68 7
block 69 7
block 70 7
block 71 7
block 28 8
block 29 8
block 30 8
block 31 8
block 32 8
block 33 8
block 34 8
block 41 8
block 42 8
block 43 8
block 44 8
block 45 8
block 28 9
block 29 9
block 30 9
block 31 9
block 32 9
block 33 9
block 34 9
block 41 9
block 42 9
block 43 9
block 44 9
block 45 9
block 28 10
block 29 10
block 46 12
block 47 12
block 48 12
block 31 13
block 32 13
block 33 13
block 34 13
block 35 13
block 36 13
block 37 13
block 46 13
block 47 13
block 48 13
block 31 14
block 32 14
block 33 14
block 34 14
block 35 14
block 36 14
block 37 14
block 41 14
block 42 14
block 43 14
block 46 14
block 47 14
block 48 14
block 10 15
block 11 15
block 12 15
block 13 15
block 14 15
block 15 15
block 41 15
block 42 15
block 43 15
block 46 15
block 47 15
block 48 15
block 53 15
block 54 15
block 55 15
block 56 15
block 57 15
block 10 16
block 11 16
block 12 16
block 13 16
block 14 16
block 15 16
block 41 16
block 42 16
block 43 16
block 46 16
block 47 16
block 48 16
block 53 16
block 54 16
block 55 16
block 56 16
block 57 16
block 10 17
block 11 17
block 12 17
block 13 17
block 14 17
block 15 17
block 41 17
block 42 17
block 43 17
block 44 17
block 46 17
block 47 17
block 48 17
block 53 17
block 54 17
block 55 17
block 56 17
block 57 17
block 10 18
block 11 18
block 12 18
block 13 18
block 14 18
block 15 18
block 41 18
block 42 18
block 43 18
block 44 18
block 53 18
block 54 18
block 55 18
block 56 18
block 57 18
block 10 19
block 11 19
block 12 19
block 13 19
block 14 19
block 15 19
block 42 19
block 43 19
block 44 19
block 53 19
block 54 19
block 55 19
block 56 19
block 57 19
block 42 20
block 43 20
block 44 20
block 51 20
block 52 20
block 53 20
block 54 20
block 55 20
block 56 20
block 57 20
block 51 21
block 52 21
block 53 21
##BotsAndCoinsInfo
bot_name 0 starter-bot
bot 0 57 10
bot_coins 0 0
coin 19 15
coin 59 6
round 1
bot 0 57 11
round 2
bot 0 57 12
round 3
bot 0 57 13
round 4
bot 0 57 14
round 5
coin 22 16
coin 56 5
round 6
round 7
round 8
round 9
bot 0 56 14
round 10
bot 0 55 14
coin 74 19
coin 4 2
round 11
bot 0 54 14
round 12
bot 0 53 14
round 13
bot 0 52 14
round 14
bot 0 52 15
round 15
bot 0 52 16
coin 62 2
coin 16 19
round 16
bot 0 52 17
round 17
bot 0 52 18
round 18
bot 0 52 19
round 19
bot 0 51 19
round 20
bot 0 50 19
coin 1 17
coin 77 4
round 21
bot 0 50 20
round 22
bot 0 50 21
round 23
bot 0 49 20
round 24
bot 0 49 19
round 25
bot 0 49 18
coin 16 18
coin 62 3
round 26
bot 0 49 17
round 27
bot 0 49 16
round 28
bot 0 49 15
round 29
bot 0 49 14
round 30
bot 0 49 13
coin 26 0
coin 52 0
round 31
bot 0 49 12
round 32
bot 0 49 11
round 33
bot 0 49 10
round 34
bot 0 49 9
round 35
bot 0 49 8
coin 68 0
coin 10 21
round 36
bot 0 49 7
round 37
bot 0 49 6
round 38
bot 0 49 5
round 39
bot 0 49 4
round 40
bot 0 49 3
coin 27 20
coin 51 1
round 41
bot 0 49 2
round 42
bot 0 49 1
coin_collected 51 1 0
bot_coins 0 1
round 43
bot 0 49 0
round 44
bot 0 48 1
round 45
bot 0 48 2
coin 65 9
coin 13 12
round 46
bot 0 48 3
round 47
bot 0 48 4
round 48
bot 0 48 5
round 49
bot 0 48 6
round 50
bot 0 48 7
coin 37 15
coin 40 6
round 51
bot 0 48 8
round 52
bot 0 48 9
round 53
bot 0 48 10
round 54
bot 0 48 11
round 55
bot 0 47 11
coin 27 9
coin 51 12
round 56
bot 0 46 11
round 57
bot 0 45 11
round 58
bot 0 45 12
round 59
bot 0 45 13
round 60
bot 0 45 14
coin 35 19
coin 43 2
round 61
bot 0 45 15
round 62
bot 0 45 16
round 63
bot 0 45 17
round 64
bot 0 45 18
round 65
bot 0 45 19
coin 47 6
coin 31 15
round 66
bot 0 45 20
round 67
bot 0 45 21
round 68
round 69
bot 0 44 0
round 70
bot 0 43 21
coin 6 18
coin 72 3
round 71
bot 0 42 0
round 72
bot 0 41 21
round 73
bot 0 40 0
round 74
bot 0 39 21
round 75
bot 0 38 0
coin 24 4
coin 52 17
round 76
bot 0 37 21
round 77
bot 0 36 0
round 78
bot 0 35 21
coin_collected 35 19 0
bot_coins 0 2
round 79
bot 0 34 0
round 80
bot 0 33 21
coin 52 13
coin 26 8
round 81
bot 0 32 0
round 82
round 83
round 84
match_over 0
round 85
