match
match_id 1639216508109_na
match_time 1639216508110
num_bots 1
##MatchConfig
mode FRIENDLY
num_rounds 200
random_seed 42
move_time_limit 1000
coin_spawn_period 5
coin_spawn_volume 2
##MapConfig
map_size 55 23
view_radius 6
mining_radius 1
attack_radius 4
block 25 0
block 26 0
block 27 0
block 28 0
block 29 0
block 29 6
block 30 6
block 29 7
block 30 7
block 5 8
block 6 8
block 21 8
block 22 8
block 23 8
block 24 8
block 25 8
block 5 9
block 6 9
block 21 9
block 22 9
block 23 9
block 24 9
block 25 9
block 5 10
block 6 10
block 21 10
block 22 10
block 23 10
block 24 10
block 25 10
block 32 10
block 33 10
block 34 10
block 5 11
block 6 11
block 32 11
block 33 11
block 34 11
block 5 12
block 6 12
block 28 12
block 29 12
block 30 12
block 31 12
block 32 12
block 33 12
block 34 12
block 5 13
block 6 13
block 28 13
block 29 13
block 30 13
block 31 13
block 32 13
block 33 13
block 34 13
block 51 13
block 52 13
block 53 13
block 5 14
block 6 14
block 28 14
block 29 14
block 30 14
block 31 14
block 32 14
block 33 14
block 34 14
block 51 14
block 52 14
block 53 14
block 5 15
block 6 15
block 23 15
block 24 15
block 51 15
block 52 15
block 53 15
block 5 16
block 6 16
block 23 16
block 24 16
block 51 16
block 52 16
block 53 16
block 5 17
block 6 17
block 23 17
block 24 17
block 35 17
block 36 17
block 37 17
block 38 17
block 39 17
block 40 17
block 41 17
block 51 17
block 52 17
block 53 17
block 5 18
block 6 18
block 18 18
block 19 18
block 20 18
block 21 18
block 35 18
block 36 18
block 37 18
block 38 18
block 39 18
block 40 18
block 41 18
block 51 18
block 52 18
block 53 18
block 18 19
block 19 19
block 20 19
block 21 19
block 25 19
block 26 19
block 27 19
block 28 19
block 29 19
block 35 19
block 36 19
block 37 19
block 38 19
block 39 19
block 40 19
block 41 19
block 18 20
block 19 20
block 20 20
block 21 20
block 25 20
block 26 20
block 27 20
block 28 20
block 29 20
block 18 21
block 19 21
block 20 21
block 21 21
block 25 21
block 26 21
block 27 21
block 28 21
block 29 21
block 18 22
block 19 22
block 20 22
block 21 22
block 25 22
block 26 22
block 27 22
block 28 22
block 29 22
##BotsAndCoinsInfo
bot_name 0 starter-bot
bot 0 8 6
bot_coins 0 0
coin 40 4
coin 14 18
round 1
bot 0 8 7
round 2
bot 0 8 8
round 3
bot 0 8 9
round 4
bot 0 8 10
round 5
bot 0 8 11
coin 8 10
coin 46 12
round 6
bot 0 8 12
round 7
bot 0 8 13
round 8
bot 0 8 14
round 9
bot 0 8 15
round 10
bot 0 8 16
coin 25 4
coin 29 18
round 11
bot 0 8 17
round 12
bot 0 8 18
round 13
bot 0 8 19
round 14
bot 0 8 20
round 15
bot 0 8 21
coin 45 20
coin 9 2
round 16
bot 0 8 22
round 17
bot 0 7 21
round 18
bot 0 7 20
round 19
bot 0 7 19
round 20
bot 0 7 18
coin 54 14
coin 0 8
round 21
bot 0 7 17
round 22
bot 0 7 16
round 23
bot 0 7 15
round 24
bot 0 7 14
round 25
bot 0 7 13
coin 22 15
coin 32 7
round 26
bot 0 7 12
round 27
bot 0 7 11
round 28
bot 0 7 10
coin_collected 8 10 0
bot_coins 0 1
round 29
bot 0 7 9
round 30
bot 0 7 8
coin 46 21
coin 8 1
round 31
bot 0 7 7
round 32
bot 0 7 6
round 33
bot 0 7 5
round 34
bot 0 7 4
round 35
bot 0 7 3
coin 46 6
coin 8 16
round 36
bot 0 7 2
round 37
bot 0 7 1
coin_collected 8 1 0
bot_coins 0 2
round 38
bot 0 7 0
round 39
bot 0 6 1
round 40
bot 0 6 2
coin 26 15
coin 28 7
round 41
bot 0 6 3
round 42
bot 0 6 4
round 43
bot 0 6 5
round 44
bot 0 6 6
round 45
bot 0 6 7
coin 33 16
coin 21 6
round 46
round 47
round 48
round 49
round 50
coin 10 22
coin 44 0
round 51
round 52
round 53
round 54
round 55
coin 36 21
coin 18 1
round 56
round 57
round 58
round 59
round 60
coin 23 0
coin 31 22
round 61
round 62
round 63
round 64
round 65
coin 10 20
coin 44 2
round 66
round 67
round 68
round 69
round 70
coin 37 11
coin 17 11
round 71
round 72
round 73
round 74
round 75
coin 0 4
coin 54 18
round 76
round 77
round 78
round 79
round 80
coin 45 5
coin 9 17
round 81
round 82
round 83
round 84
round 85
coin 32 18
coin 22 4
round 86
round 87
round 88
round 89
round 90
coin 32 8
coin 22 14
round 91
round 92
round 93
round 94
round 95
coin 43 1
coin 11 21
round 96
round 97
round 98
round 99
round 100
coin 25 16
coin 28 6
round 101
round 102
round 103
round 104
round 105
coin 23 22
coin 31 0
round 106
round 107
round 108
round 109
round 110
coin 10 14
coin 44 8
round 111
round 112
round 113
round 114
round 115
coin 12 16
coin 42 6
round 116
round 117
round 118
round 119
round 120
coin 7 3
coin 47 19
round 121
round 122
round 123
round 124
round 125
coin 48 3
coin 6 19
round 126
round 127
round 128
round 129
round 130
coin 8 6
coin 46 16
round 131
round 132
round 133
round 134
round 135
coin 35 12
coin 19 10
round 136
round 137
round 138
round 139
round 140
coin 33 6
coin 21 16
round 141
round 142
round 143
round 144
round 145
coin 16 22
coin 38 0
round 146
round 147
round 148
round 149
round 150
coin 12 1
coin 42 21
round 151
round 152
round 153
round 154
round 155
coin 37 16
coin 17 6
round 156
round 157
round 158
round 159
round 160
coin 4 1
coin 50 21
round 161
round 162
round 163
round 164
round 165
coin 38 6
coin 16 16
round 166
round 167
round 168
round 169
round 170
coin 45 11
coin 9 11
round 171
round 172
round 173
round 174
round 175
coin 4 10
coin 50 12
round 176
round 177
round 178
round 179
round 180
coin 13 1
coin 41 21
round 181
round 182
round 183
round 184
round 185
coin 23 19
coin 31 3
round 186
round 187
round 188
round 189
round 190
coin 51 2
coin 3 20
round 191
round 192
round 193
round 194
round 195
coin 10 7
coin 44 15
round 196
round 197
round 198
round 199
round 200
coin 10 11
coin 44 11
match_over 0
