match
match_id 1639432228970_ae
match_time 1639432228974
num_bots 1
##MatchConfig
mode FRIENDLY
num_rounds 200
random_seed 42
move_time_limit 1000
coin_spawn_period 5
coin_spawn_volume 2
##MapConfig
map_size 56 25
view_radius 5
mining_radius 2
attack_radius 3
block 0 0
block 1 0
block 2 0
block 3 0
block 15 0
block 16 0
block 17 0
block 18 0
block 19 0
block 20 0
block 28 0
block 29 0
block 30 0
block 31 0
block 32 0
block 36 0
block 37 0
block 38 0
block 39 0
block 40 0
block 42 0
block 43 0
block 55 0
block 35 1
block 36 1
block 37 1
block 38 1
block 39 1
block 40 1
block 41 1
block 42 1
block 43 1
block 35 2
block 36 2
block 37 2
block 38 2
block 39 2
block 40 2
block 41 2
block 42 2
block 43 2
block 11 3
block 12 3
block 15 3
block 16 3
block 17 3
block 35 3
block 36 3
block 37 3
block 38 3
block 39 3
block 40 3
block 41 3
block 42 3
block 43 3
block 11 4
block 12 4
block 15 4
block 16 4
block 17 4
block 39 4
block 40 4
block 41 4
block 42 4
block 11 5
block 12 5
block 11 6
block 12 6
block 33 6
block 34 6
block 35 6
block 36 6
block 37 6
block 38 6
block 11 7
block 12 7
block 24 7
block 25 7
block 26 7
block 33 7
block 34 7
block 35 7
block 36 7
block 37 7
block 38 7
block 24 8
block 25 8
block 26 8
block 33 8
block 34 8
block 35 8
block 36 8
block 37 8
block 38 8
block 5 9
block 6 9
block 13 9
block 14 9
block 15 9
block 16 9
block 24 9
block 25 9
block 26 9
block 33 9
block 34 9
block 35 9
block 36 9
block 37 9
block 38 9
block 5 10
block 6 10
block 13 10
block 14 10
block 15 10
block 16 10
block 24 10
block 25 10
block 26 10
block 33 10
block 34 10
block 35 10
block 36 10
block 37 10
block 38 10
block 5 11
block 6 11
block 13 11
block 14 11
block 15 11
block 16 11
block 5 12
block 6 12
block 12 12
block 13 12
block 14 12
block 15 12
block 16 12
block 5 13
block 6 13
block 12 13
block 13 13
block 14 13
block 15 13
block 16 13
block 20 13
block 21 13
block 22 13
block 23 13
block 24 13
block 46 13
block 47 13
block 48 13
block 49 13
block 5 14
block 6 14
block 13 14
block 14 14
block 15 14
block 16 14
block 18 14
block 19 14
block 20 14
block 21 14
block 22 14
block 23 14
block 24 14
block 46 14
block 47 14
block 48 14
block 49 14
block 0 15
block 1 15
block 2 15
block 3 15
block 5 15
block 6 15
block 13 15
block 14 15
block 15 15
block 16 15
block 18 15
block 19 15
block 20 15
block 21 15
block 22 15
block 46 15
block 47 15
block 48 15
block 49 15
block 53 15
block 54 15
block 55 15
block 0 16
block 1 16
block 2 16
block 3 16
block 18 16
block 19 16
block 20 16
block 21 16
block 22 16
block 53 16
block 54 16
block 55 16
block 0 17
block 1 17
block 2 17
block 3 17
block 4 17
block 20 17
block 21 17
block 22 17
block 30 17
block 31 17
block 32 17
block 33 17
block 53 17
block 54 17
block 55 17
block 0 18
block 1 18
block 2 18
block 3 18
block 4 18
block 30 18
block 31 18
block 32 18
block 33 18
block 53 18
block 54 18
block 55 18
block 0 19
block 1 19
block 2 19
block 3 19
block 4 19
block 8 19
block 9 19
block 10 19
block 30 19
block 31 19
block 32 19
block 33 19
block 53 19
block 54 19
block 55 19
block 0 20
block 1 20
block 2 20
block 3 20
block 4 20
block 8 20
block 9 20
block 10 20
block 30 20
block 31 20
block 32 20
block 33 20
block 34 20
block 35 20
block 36 20
block 37 20
block 38 20
block 39 20
block 53 20
block 54 20
block 55 20
block 0 21
block 1 21
block 2 21
block 3 21
block 4 21
block 28 21
block 29 21
block 30 21
block 31 21
block 32 21
block 33 21
block 34 21
block 35 21
block 36 21
block 37 21
block 38 21
block 39 21
block 53 21
block 54 21
block 55 21
block 0 22
block 1 22
block 2 22
block 3 22
block 4 22
block 15 22
block 16 22
block 17 22
block 18 22
block 19 22
block 20 22
block 28 22
block 29 22
block 30 22
block 31 22
block 32 22
block 48 22
block 49 22
block 50 22
block 51 22
block 53 22
block 54 22
block 55 22
block 0 23
block 1 23
block 2 23
block 3 23
block 4 23
block 15 23
block 16 23
block 17 23
block 18 23
block 19 23
block 20 23
block 28 23
block 29 23
block 30 23
block 31 23
block 32 23
block 42 23
block 43 23
block 48 23
block 49 23
block 50 23
block 51 23
block 53 23
block 54 23
block 55 23
block 0 24
block 1 24
block 2 24
block 3 24
block 15 24
block 16 24
block 17 24
block 18 24
block 19 24
block 20 24
block 28 24
block 29 24
block 30 24
block 31 24
block 32 24
block 42 24
block 43 24
block 53 24
block 54 24
block 55 24
##BotsAndCoinsInfo
bot_name 0 starter-bot
bot 0 14 24
bot_coins 0 0
coin 50 13
coin 4 11
round 1
bot 0 13 24
round 2
bot 0 12 24
round 3
bot 0 11 24
round 4
bot 0 10 24
round 5
bot 0 9 24
coin 48 9
coin 7 15
round 6
bot 0 8 24
round 7
bot 0 7 24
round 8
bot 0 6 24
round 9
bot 0 5 24
round 10
bot 0 4 24
coin 26 0
coin 29 1
round 11
bot 0 5 23
round 12
bot 0 5 22
round 13
bot 0 5 21
round 14
bot 0 5 20
round 15
bot 0 5 19
coin 4 16
coin 51 8
round 16
round 17
round 18
round 19
bot 0 5 20
round 20
coin 52 18
coin 3 6
round 21
round 22
round 23
round 24
round 25
coin 38 4
coin 17 20
round 26
bot 0 6 19
round 27
bot 0 5 18
round 28
round 29
round 30
coin 28 17
coin 27 7
round 31
bot 0 6 19
round 32
bot 0 5 18
round 33
round 34
round 35
coin 36 5
coin 19 19
round 36
bot 0 5 19
round 37
round 38
round 39
round 40
bot 0 6 19
coin 52 20
coin 3 4
round 41
bot 0 5 18
round 42
round 43
round 44
round 45
bot 0 5 19
coin 7 9
coin 48 16
round 46
round 47
round 48
round 49
bot 0 5 20
round 50
coin 40 13
coin 17 11
round 51
round 52
round 53
bot 0 6 19
round 54
bot 0 5 19
round 55
coin 50 14
coin 4 10
round 56
round 57
round 58
bot 0 5 18
round 59
round 60
coin 35 16
coin 20 8
round 61
round 62
round 63
round 64
round 65
coin 14 8
coin 41 16
round 66
round 67
round 68
round 69
round 70
bot 0 6 19
coin 11 21
coin 44 3
round 71
bot 0 5 18
round 72
round 73
round 74
round 75
bot 0 5 19
coin 26 6
coin 29 18
round 76
round 77
round 78
round 79
bot 0 5 18
round 80
coin 30 10
coin 25 14
round 81
round 82
round 83
bot 0 6 17
round 84
bot 0 5 16
coin_collected 4 16 0
bot_coins 0 1
round 85
coin 17 2
coin 38 22
round 86
round 87
round 88
round 89
round 90
coin 12 18
coin 43 6
round 91
round 92
round 93
round 94
round 95
coin 50 15
coin 4 9
round 96
bot 0 6 16
coin_collected 7 15 0
bot_coins 0 2
round 97
bot 0 5 16
round 98
bot 0 4 16
round 99
bot 0 4 15
round 100
bot 0 3 14
coin 27 15
coin 28 9
round 101
bot 0 4 13
coin_collected 4 11 0
bot_coins 0 3
round 102
bot 0 3 12
round 103
bot 0 4 11
coin_collected 4 9 0
bot_coins 0 4
coin_collected 4 10 0
bot_coins 0 5
round 104
round 105
coin 7 12
coin 48 12
round 106
round 107
bot 0 3 11
round 108
bot 0 4 12
round 109
round 110
coin 31 9
coin 24 15
round 111
round 112
bot 0 3 12
round 113
bot 0 4 11
round 114
round 115
coin 55 10
coin 0 14
round 116
bot 0 3 11
round 117
bot 0 2 12
round 118
bot 0 1 13
coin_collected 0 14 0
bot_coins 0 6
round 119
bot 0 2 12
round 120
bot 0 1 12
coin 13 18
coin 42 6
round 121
bot 0 2 11
round 122
bot 0 3 10
round 123
bot 0 4 11
round 124
round 125
coin 33 15
coin 22 9
round 126
round 127
round 128
bot 0 4 10
round 129
round 130
coin 30 6
coin 25 18
round 131
round 132
round 133
round 134
round 135
coin 17 10
coin 38 14
round 136
bot 0 3 9
round 137
bot 0 2 9
round 138
bot 0 3 10
round 139
bot 0 4 11
round 140
coin 49 9
coin 6 16
round 141
round 142
round 143
bot 0 3 10
round 144
bot 0 4 11
round 145
coin 29 3
coin 26 21
round 146
round 147
round 148
round 149
round 150
coin 49 19
coin 6 5
round 151
round 152
bot 0 4 10
round 153
round 154
round 155
coin 32 1
coin 23 23
round 156
bot 0 3 10
round 157
bot 0 4 11
round 158
round 159
round 160
coin 22 19
coin 33 5
round 161
bot 0 3 11
round 162
bot 0 4 12
round 163
round 164
round 165
coin 6 19
coin 49 5
round 166
bot 0 4 13
round 167
round 168
round 169
bot 0 4 14
round 170
coin 54 0
coin 1 1
round 171
round 172
round 173
bot 0 4 15
round 174
bot 0 5 16
coin_collected 6 16 0
bot_coins 0 7
round 175
bot 0 6 17
coin_collected 6 19 0
bot_coins 0 8
coin 38 24
coin 17 1
round 176
bot 0 5 17
round 177
bot 0 5 16
round 178
round 179
bot 0 5 17
round 180
bot 0 5 16
coin 53 4
coin 5 20
round 181
round 182
round 183
round 184
bot 0 4 16
round 185
bot 0 4 15
coin 29 8
coin 26 16
round 186
round 187
bot 0 4 14
round 188
round 189
round 190
coin 27 10
coin 28 14
round 191
bot 0 3 14
round 192
bot 0 4 13
round 193
round 194
round 195
coin 17 18
coin 38 5
round 196
bot 0 3 14
round 197
bot 0 4 13
round 198
round 199
round 200
coin 16 19
coin 39 5
match_over 0
