match
match_id 1639404380408_bq
match_time 1639404380410
num_bots 1
##MatchConfig
mode FRIENDLY
num_rounds 200
random_seed 42
move_time_limit 1000
coin_spawn_period 5
coin_spawn_volume 2
##MapConfig
map_size 51 22
view_radius 5
mining_radius 2
attack_radius 3
block 27 0
block 28 0
block 29 0
block 31 0
block 32 0
block 33 0
block 34 0
block 27 1
block 28 1
block 29 1
block 27 2
block 28 2
block 29 2
block 0 3
block 27 3
block 28 3
block 29 3
block 50 3
block 0 4
block 27 4
block 28 4
block 29 4
block 50 4
block 28 7
block 29 7
block 30 7
block 31 7
block 32 7
block 33 7
block 34 7
block 28 8
block 29 8
block 30 8
block 31 8
block 32 8
block 33 8
block 34 8
block 3 9
block 4 9
block 5 9
block 6 9
block 28 9
block 29 9
block 30 9
block 31 9
block 32 9
block 33 9
block 34 9
block 3 10
block 4 10
block 5 10
block 6 10
block 28 10
block 29 10
block 30 10
block 31 10
block 32 10
block 33 10
block 34 10
block 3 11
block 4 11
block 5 11
block 6 11
block 28 11
block 29 11
block 30 11
block 31 11
block 32 11
block 33 11
block 34 11
block 3 12
block 4 12
block 5 12
block 6 12
block 28 12
block 29 12
block 30 12
block 31 12
block 32 12
block 33 12
block 34 12
block 3 13
block 4 13
block 5 13
block 6 13
block 28 13
block 29 13
block 30 13
block 31 13
block 32 13
block 33 13
block 34 13
block 42 15
block 43 15
block 31 16
block 32 16
block 33 16
block 34 16
block 42 16
block 43 16
block 31 17
block 32 17
block 33 17
block 34 17
block 30 18
block 31 18
block 32 18
block 33 18
block 34 18
block 35 18
block 30 19
block 31 19
block 32 19
block 33 19
block 34 19
block 35 19
block 30 20
block 31 20
block 32 20
block 33 20
block 34 20
block 35 20
block 27 21
block 28 21
block 29 21
block 31 21
block 32 21
block 33 21
block 34 21
##BotsAndCoinsInfo
bot_name 0 starter-bot
bot 0 7 13
bot_coins 0 0
coin 26 15
coin 24 6
round 1
bot 0 7 14
round 2
bot 0 7 15
round 3
bot 0 7 16
round 4
bot 0 7 17
round 5
bot 0 7 18
coin 0 16
coin 50 5
round 6
bot 0 7 19
round 7
bot 0 7 20
round 8
bot 0 7 21
round 9
bot 0 6 20
round 10
bot 0 6 19
coin 9 19
coin 41 2
round 11
bot 0 7 18
round 12
bot 0 8 19
coin_collected 9 19 0
bot_coins 0 1
round 13
bot 0 8 18
round 14
bot 0 8 17
round 15
bot 0 8 16
coin 17 2
coin 35 21
round 16
bot 0 8 15
round 17
bot 0 8 14
round 18
bot 0 8 13
round 19
bot 0 8 12
round 20
bot 0 8 11
coin 1 17
coin 49 4
round 21
bot 0 8 10
round 22
bot 0 8 9
round 23
bot 0 8 8
round 24
bot 0 8 7
round 25
bot 0 8 6
coin 14 18
coin 36 3
round 26
bot 0 8 5
round 27
bot 0 8 4
round 28
bot 0 8 3
round 29
bot 0 8 2
round 30
bot 0 8 1
coin 42 0
coin 8 21
round 31
bot 0 9 2
round 32
bot 0 9 1
round 33
bot 0 8 2
round 34
bot 0 7 3
round 35
bot 0 8 4
coin 8 0
coin 42 21
round 36
bot 0 8 3
round 37
bot 0 7 4
round 38
bot 0 7 3
round 39
bot 0 8 4
round 40
bot 0 8 3
coin 3 20
coin 47 1
round 41
bot 0 7 4
round 42
bot 0 7 3
round 43
bot 0 8 4
round 44
bot 0 8 3
round 45
bot 0 7 4
coin 40 9
coin 10 12
round 46
bot 0 7 3
round 47
bot 0 8 4
round 48
bot 0 8 3
round 49
bot 0 7 4
round 50
bot 0 7 3
coin 35 15
coin 15 6
round 51
bot 0 8 4
round 52
bot 0 8 3
round 53
bot 0 7 4
round 54
bot 0 7 3
round 55
bot 0 8 4
coin 23 9
coin 27 12
round 56
bot 0 8 3
round 57
bot 0 7 4
round 58
bot 0 7 3
round 59
bot 0 8 4
round 60
bot 0 8 3
coin 2 19
coin 48 2
round 61
bot 0 7 4
round 62
bot 0 7 3
round 63
bot 0 8 4
round 64
bot 0 8 3
round 65
bot 0 7 4
coin 7 6
coin 43 14
round 66
bot 0 7 3
round 67
bot 0 8 4
round 68
bot 0 8 3
round 69
bot 0 7 4
coin_collected 7 6 0
bot_coins 0 2
round 70
bot 0 7 3
coin 19 18
coin 31 3
round 71
bot 0 8 4
round 72
bot 0 8 3
round 73
bot 0 7 4
round 74
bot 0 7 3
round 75
bot 0 8 4
coin 28 5
coin 22 16
round 76
bot 0 8 3
round 77
bot 0 7 4
round 78
bot 0 7 3
round 79
bot 0 8 4
round 80
bot 0 8 3
coin 38 13
coin 12 8
round 81
bot 0 7 4
round 82
bot 0 7 3
round 83
bot 0 8 4
round 84
bot 0 8 3
round 85
bot 0 7 4
coin 41 3
coin 9 18
round 86
bot 0 7 3
round 87
bot 0 8 4
round 88
bot 0 8 3
round 89
bot 0 7 4
round 90
bot 0 7 3
coin 42 11
coin 8 10
round 91
bot 0 8 4
round 92
bot 0 8 3
round 93
bot 0 7 4
round 94
bot 0 7 3
round 95
bot 0 8 4
coin 1 4
coin 49 17
round 96
bot 0 8 3
round 97
bot 0 7 4
round 98
bot 0 7 3
round 99
bot 0 8 4
round 100
bot 0 8 3
coin 23 3
coin 27 18
round 101
bot 0 7 4
round 102
bot 0 7 3
round 103
bot 0 8 4
round 104
bot 0 8 3
round 105
bot 0 7 4
coin 29 14
coin 21 7
round 106
bot 0 7 3
round 107
bot 0 8 4
round 108
bot 0 8 3
round 109
bot 0 7 4
round 110
bot 0 7 3
coin 14 6
coin 36 15
round 111
bot 0 8 4
round 112
bot 0 8 3
round 113
bot 0 7 4
round 114
bot 0 7 3
round 115
bot 0 8 4
coin 28 6
coin 22 15
round 116
bot 0 8 3
round 117
bot 0 7 4
round 118
bot 0 7 3
round 119
bot 0 8 4
round 120
bot 0 8 3
coin 13 11
coin 37 10
round 121
bot 0 7 4
round 122
bot 0 7 3
round 123
bot 0 8 4
round 124
bot 0 8 3
round 125
bot 0 7 4
coin 22 2
coin 28 19
round 126
bot 0 7 3
round 127
bot 0 8 4
round 128
bot 0 8 3
round 129
bot 0 7 4
round 130
bot 0 7 3
coin 5 4
coin 45 17
round 131
bot 0 8 4
round 132
bot 0 8 3
round 133
bot 0 7 4
coin_collected 5 4 0
bot_coins 0 3
round 134
bot 0 7 3
round 135
bot 0 8 4
coin 23 2
coin 27 19
round 136
bot 0 8 3
round 137
bot 0 7 4
round 138
bot 0 7 3
round 139
bot 0 8 4
round 140
bot 0 8 3
coin 35 17
coin 15 4
round 141
bot 0 7 4
round 142
bot 0 7 3
round 143
bot 0 8 4
round 144
bot 0 8 3
round 145
bot 0 7 4
coin 41 15
coin 9 6
round 146
bot 0 7 3
round 147
bot 0 8 4
round 148
bot 0 9 5
coin_collected 9 6 0
bot_coins 0 4
round 149
bot 0 9 4
round 150
bot 0 9 3
coin 46 3
coin 4 18
round 151
bot 0 8 4
round 152
bot 0 8 3
round 153
bot 0 7 4
round 154
bot 0 7 3
round 155
bot 0 8 4
coin 20 19
coin 30 2
round 156
bot 0 8 3
round 157
bot 0 7 4
round 158
bot 0 7 3
round 159
bot 0 8 4
round 160
bot 0 8 3
coin 38 4
coin 12 17
round 161
bot 0 7 4
round 162
bot 0 7 3
round 163
bot 0 8 4
round 164
bot 0 8 3
round 165
bot 0 7 4
coin 20 3
coin 29 18
round 166
bot 0 7 3
round 167
bot 0 8 4
round 168
bot 0 8 3
round 169
bot 0 7 4
round 170
bot 0 7 3
coin 0 15
coin 50 6
round 171
bot 0 8 4
round 172
bot 0 8 3
round 173
bot 0 7 4
round 174
bot 0 7 3
round 175
bot 0 8 4
coin 49 13
coin 1 8
round 176
bot 0 8 3
round 177
bot 0 7 4
round 178
bot 0 7 3
round 179
bot 0 8 4
round 180
bot 0 8 3
coin 13 15
coin 37 6
round 181
bot 0 7 4
round 182
bot 0 7 3
round 183
bot 0 8 4
round 184
bot 0 8 3
round 185
bot 0 7 4
coin 22 5
coin 28 16
round 186
bot 0 7 3
round 187
bot 0 8 4
round 188
bot 0 8 3
round 189
bot 0 7 4
round 190
bot 0 7 3
coin 47 8
coin 3 14
round 191
bot 0 8 4
round 192
bot 0 8 3
round 193
bot 0 7 4
round 194
bot 0 7 3
round 195
bot 0 8 4
coin 38 21
coin 12 0
round 196
bot 0 8 3
round 197
bot 0 7 4
round 198
bot 0 7 3
round 199
bot 0 8 4
round 200
bot 0 8 3
coin 24 14
coin 26 7
match_over 0
