match
match_id 1639340148909_aq
match_time 1639340148912
num_bots 1
##MatchConfig
mode FRIENDLY
num_rounds 200
random_seed 42
move_time_limit 1000
coin_spawn_period 5
coin_spawn_volume 2
##MapConfig
map_size 64 30
view_radius 5
mining_radius 1
attack_radius 3
block 0 0
block 1 0
block 13 0
block 14 0
block 15 0
block 31 0
block 32 0
block 33 0
block 34 0
block 35 0
block 36 0
block 37 0
block 59 0
block 60 0
block 61 0
block 62 0
block 63 0
block 0 1
block 1 1
block 13 1
block 14 1
block 15 1
block 31 1
block 32 1
block 33 1
block 34 1
block 35 1
block 36 1
block 37 1
block 59 1
block 60 1
block 61 1
block 62 1
block 63 1
block 0 2
block 1 2
block 13 2
block 14 2
block 15 2
block 59 2
block 60 2
block 61 2
block 62 2
block 63 2
block 0 3
block 1 3
block 59 3
block 60 3
block 61 3
block 62 3
block 63 3
block 27 8
block 28 8
block 27 9
block 28 9
block 42 9
block 43 9
block 44 9
block 45 9
block 46 9
block 47 9
block 48 9
block 27 10
block 28 10
block 42 10
block 43 10
block 44 10
block 45 10
block 46 10
block 47 10
block 48 10
block 0 11
block 1 11
block 2 11
block 27 11
block 28 11
block 42 11
block 43 11
block 44 11
block 45 11
block 46 11
block 47 11
block 48 11
block 49 11
block 50 11
block 62 11
block 63 11
block 0 12
block 1 12
block 2 12
block 42 12
block 43 12
block 44 12
block 45 12
block 46 12
block 47 12
block 48 12
block 49 12
block 50 12
block 57 12
block 58 12
block 59 12
block 62 12
block 63 12
block 0 13
block 1 13
block 2 13
block 13 13
block 14 13
block 15 13
block 16 13
block 17 13
block 24 13
block 25 13
block 26 13
block 30 13
block 31 13
block 32 13
block 33 13
block 34 13
block 42 13
block 43 13
block 44 13
block 45 13
block 46 13
block 47 13
block 48 13
block 49 13
block 50 13
block 57 13
block 58 13
block 59 13
block 62 13
block 63 13
block 0 14
block 1 14
block 2 14
block 13 14
block 14 14
block 15 14
block 16 14
block 17 14
block 22 14
block 23 14
block 24 14
block 25 14
block 26 14
block 30 14
block 31 14
block 32 14
block 33 14
block 34 14
block 42 14
block 43 14
block 44 14
block 45 14
block 46 14
block 47 14
block 48 14
block 49 14
block 50 14
block 57 14
block 58 14
block 59 14
block 62 14
block 63 14
block 0 15
block 1 15
block 2 15
block 13 15
block 14 15
block 15 15
block 16 15
block 17 15
block 22 15
block 23 15
block 24 15
block 25 15
block 30 15
block 31 15
block 32 15
block 33 15
block 34 15
block 44 15
block 45 15
block 46 15
block 47 15
block 48 15
block 49 15
block 50 15
block 51 15
block 52 15
block 53 15
block 54 15
block 57 15
block 58 15
block 59 15
block 62 15
block 63 15
block 13 16
block 14 16
block 15 16
block 16 16
block 17 16
block 22 16
block 23 16
block 24 16
block 25 16
block 30 16
block 31 16
block 32 16
block 33 16
block 34 16
block 44 16
block 45 16
block 46 16
block 47 16
block 48 16
block 49 16
block 50 16
block 51 16
block 52 16
block 53 16
block 54 16
block 57 16
block 58 16
block 59 16
block 13 17
block 14 17
block 15 17
block 16 17
block 17 17
block 22 17
block 23 17
block 24 17
block 25 17
block 30 17
block 31 17
block 32 17
block 33 17
block 34 17
block 44 17
block 45 17
block 46 17
block 47 17
block 48 17
block 49 17
block 50 17
block 57 17
block 58 17
block 59 17
block 22 18
block 23 18
block 24 18
block 25 18
block 22 19
block 23 19
block 24 19
block 25 19
block 8 20
block 9 20
block 10 20
block 11 20
block 22 20
block 23 20
block 24 20
block 25 20
block 35 20
block 36 20
block 8 21
block 9 21
block 10 21
block 11 21
block 35 21
block 36 21
block 0 22
block 8 22
block 9 22
block 10 22
block 11 22
block 35 22
block 36 22
block 61 22
block 62 22
block 63 22
block 0 23
block 8 23
block 9 23
block 10 23
block 11 23
block 61 23
block 62 23
block 63 23
block 0 24
block 8 24
block 9 24
block 10 24
block 11 24
block 61 24
block 62 24
block 63 24
block 0 25
block 8 25
block 9 25
block 10 25
block 11 25
block 61 25
block 62 25
block 63 25
block 8 26
block 9 26
block 10 26
block 11 26
block 31 26
block 32 26
block 33 26
block 34 26
block 35 26
block 36 26
block 37 26
block 21 27
block 22 27
block 23 27
block 24 27
block 31 27
block 32 27
block 33 27
block 34 27
block 35 27
block 36 27
block 37 27
block 0 28
block 1 28
block 21 28
block 22 28
block 23 28
block 24 28
block 31 28
block 32 28
block 33 28
block 34 28
block 35 28
block 36 28
block 37 28
block 59 28
block 60 28
block 61 28
block 62 28
block 63 28
block 0 29
block 1 29
block 21 29
block 22 29
block 23 29
block 24 29
block 31 29
block 32 29
block 33 29
block 34 29
block 35 29
block 36 29
block 37 29
block 59 29
block 60 29
block 61 29
block 62 29
block 63 29
##BotsAndCoinsInfo
bot_name 0 starter-bot
bot 0 9 10
bot_coins 0 0
coin 46 3
coin 17 26
round 1
bot 0 9 11
round 2
bot 0 9 12
round 3
bot 0 9 13
round 4
bot 0 9 14
round 5
bot 0 9 15
coin 43 15
coin 20 14
round 6
bot 0 9 16
round 7
bot 0 9 17
round 8
bot 0 9 18
round 9
bot 0 9 19
round 10
bot 0 8 19
coin 19 25
coin 44 4
round 11
bot 0 7 19
round 12
bot 0 7 20
round 13
bot 0 7 21
round 14
bot 0 7 22
round 15
bot 0 7 23
coin 17 8
coin 46 21
round 16
bot 0 7 24
round 17
bot 0 7 25
round 18
bot 0 7 26
round 19
bot 0 7 27
round 20
bot 0 7 28
coin 42 23
coin 21 6
round 21
bot 0 7 29
round 22
bot 0 6 28
round 23
bot 0 6 27
round 24
bot 0 6 26
round 25
bot 0 6 25
coin 57 2
coin 6 27
round 26
bot 0 6 24
round 27
bot 0 6 23
round 28
bot 0 6 22
round 29
bot 0 6 21
round 30
bot 0 6 20
coin 23 12
coin 40 17
round 31
bot 0 6 19
round 32
bot 0 6 18
round 33
bot 0 6 17
round 34
bot 0 6 16
round 35
bot 0 6 15
coin 17 2
coin 46 27
round 36
bot 0 6 14
round 37
bot 0 6 13
round 38
bot 0 6 12
round 39
bot 0 6 11
round 40
bot 0 6 10
coin 29 0
coin 34 2
round 41
bot 0 6 9
round 42
bot 0 6 8
round 43
bot 0 6 7
round 44
bot 0 6 6
round 45
bot 0 6 5
coin 50 29
coin 12 0
round 46
bot 0 6 4
round 47
bot 0 6 3
round 48
bot 0 6 2
round 49
bot 0 6 1
round 50
bot 0 6 0
coin 56 13
coin 7 16
round 51
bot 0 5 1
round 52
bot 0 5 2
round 53
bot 0 5 3
round 54
bot 0 5 4
round 55
bot 0 5 5
coin 27 3
coin 36 25
round 56
bot 0 5 6
round 57
bot 0 5 7
round 58
bot 0 5 8
round 59
bot 0 5 9
round 60
bot 0 5 10
coin 47 21
coin 16 8
round 61
bot 0 5 11
round 62
bot 0 5 12
round 63
bot 0 5 13
round 64
bot 0 5 14
round 65
bot 0 5 15
coin 25 28
coin 38 1
round 66
bot 0 5 16
round 67
bot 0 5 17
round 68
bot 0 5 18
round 69
bot 0 5 19
round 70
bot 0 5 20
coin 11 6
coin 52 23
round 71
bot 0 5 21
round 72
bot 0 5 22
round 73
bot 0 5 23
round 74
bot 0 5 24
round 75
bot 0 5 25
coin 38 6
coin 25 23
round 76
bot 0 5 26
round 77
bot 0 5 27
coin_collected 6 27 0
bot_coins 0 1
round 78
bot 0 5 28
round 79
bot 0 5 29
round 80
bot 0 4 28
coin 13 5
coin 50 24
round 81
bot 0 4 27
round 82
bot 0 4 26
round 83
bot 0 4 25
round 84
bot 0 4 24
round 85
bot 0 4 23
coin 52 17
coin 11 12
round 86
bot 0 4 22
round 87
bot 0 4 21
round 88
bot 0 4 20
round 89
bot 0 4 19
round 90
bot 0 4 18
coin 11 13
coin 53 17
round 91
bot 0 4 17
round 92
bot 0 4 16
round 93
bot 0 4 15
round 94
bot 0 4 14
round 95
bot 0 4 13
coin 37 24
coin 26 5
round 96
bot 0 4 12
round 97
bot 0 4 11
round 98
bot 0 4 10
round 99
bot 0 4 9
round 100
bot 0 4 8
coin 48 25
coin 15 4
round 101
bot 0 4 7
round 102
bot 0 4 6
round 103
bot 0 4 5
round 104
bot 0 4 4
round 105
bot 0 4 3
coin 36 7
coin 27 22
round 106
bot 0 4 2
round 107
bot 0 4 1
round 108
bot 0 4 0
round 109
bot 0 3 1
round 110
bot 0 3 2
coin 37 25
coin 26 4
round 111
bot 0 3 3
round 112
bot 0 3 4
round 113
bot 0 3 5
round 114
bot 0 3 6
round 115
bot 0 3 7
coin 48 5
coin 15 24
round 116
bot 0 3 8
round 117
bot 0 3 9
round 118
bot 0 3 10
round 119
bot 0 3 11
round 120
bot 0 3 12
coin 3 13
coin 60 16
round 121
bot 0 3 13
coin_collected 3 13 0
bot_coins 0 2
round 122
bot 0 3 14
round 123
bot 0 3 15
round 124
bot 0 3 16
round 125
bot 0 3 17
coin 21 20
coin 41 9
round 126
bot 0 3 18
round 127
bot 0 3 19
round 128
bot 0 3 20
round 129
bot 0 3 21
round 130
bot 0 3 22
coin 51 17
coin 12 12
round 131
bot 0 3 23
round 132
bot 0 3 24
round 133
bot 0 3 25
round 134
bot 0 3 26
round 135
bot 0 3 27
coin 26 10
coin 37 19
round 136
bot 0 3 28
round 137
bot 0 3 29
round 138
bot 0 2 28
round 139
bot 0 2 27
round 140
bot 0 2 26
coin 62 19
coin 1 10
round 141
bot 0 2 25
round 142
bot 0 2 24
round 143
bot 0 2 23
round 144
bot 0 2 22
round 145
bot 0 2 21
coin 45 3
coin 18 26
round 146
bot 0 2 20
round 147
bot 0 2 19
round 148
bot 0 2 18
round 149
bot 0 2 17
round 150
bot 0 2 16
coin 30 29
coin 33 2
round 151
bot 0 1 16
round 152
bot 0 0 16
round 153
bot 0 63 16
round 154
bot 0 62 16
round 155
bot 0 61 16
coin_collected 60 16 0
bot_coins 0 3
coin 18 1
coin 45 28
round 156
bot 0 61 15
round 157
bot 0 61 14
round 158
bot 0 61 13
round 159
bot 0 61 12
round 160
bot 0 61 11
coin 60 14
coin 3 15
round 161
bot 0 61 10
round 162
bot 0 61 9
round 163
bot 0 61 8
round 164
bot 0 61 7
round 165
bot 0 61 6
coin 52 19
coin 11 10
round 166
bot 0 61 5
round 167
bot 0 61 4
round 168
bot 0 60 4
round 169
bot 0 59 4
round 170
bot 0 58 4
coin 40 9
coin 23 21
round 171
bot 0 58 3
round 172
bot 0 58 2
coin_collected 57 2 0
bot_coins 0 4
round 173
bot 0 58 1
round 174
bot 0 58 0
round 175
bot 0 57 1
coin 23 11
coin 40 18
round 176
bot 0 57 2
round 177
bot 0 57 3
round 178
bot 0 57 4
round 179
bot 0 57 5
round 180
bot 0 57 6
coin 21 19
coin 41 10
round 181
bot 0 57 7
round 182
bot 0 57 8
round 183
bot 0 57 9
round 184
bot 0 57 10
round 185
bot 0 57 11
coin 27 23
coin 36 6
round 186
bot 0 56 11
round 187
bot 0 56 12
coin_collected 56 13 0
bot_coins 0 5
round 188
bot 0 56 13
round 189
bot 0 56 14
round 190
bot 0 56 15
coin 29 10
coin 34 19
round 191
bot 0 56 16
round 192
bot 0 56 17
round 193
bot 0 56 18
round 194
bot 0 56 19
round 195
bot 0 56 20
coin 30 3
coin 33 25
round 196
bot 0 56 21
round 197
bot 0 56 22
round 198
bot 0 56 23
round 199
bot 0 56 24
round 200
bot 0 56 25
coin 30 4
coin 34 25
match_over 0
