match
match_id 1639178524763_ip
match_time 1639178524767
num_bots 1
##MatchConfig
mode FRIENDLY
num_rounds 200
random_seed 42
move_time_limit 1000
coin_spawn_period 5
coin_spawn_volume 2
##MapConfig
map_size 66 39
view_radius 6
mining_radius 1
attack_radius 3
block 3 0
block 4 0
block 5 0
block 6 0
block 7 0
block 8 0
block 3 1
block 4 1
block 5 1
block 6 1
block 7 1
block 8 1
block 3 2
block 4 2
block 5 2
block 6 2
block 7 2
block 8 2
block 3 3
block 4 3
block 5 3
block 6 3
block 7 3
block 8 3
block 9 3
block 10 3
block 3 4
block 4 4
block 5 4
block 6 4
block 7 4
block 8 4
block 9 4
block 10 4
block 7 5
block 8 5
block 9 5
block 10 5
block 7 6
block 8 6
block 9 6
block 10 6
block 44 7
block 45 7
block 46 7
block 44 8
block 45 8
block 46 8
block 44 9
block 45 9
block 46 9
block 44 10
block 45 10
block 46 10
block 44 11
block 45 11
block 46 11
block 44 12
block 45 12
block 46 12
block 46 18
block 47 18
block 48 18
block 49 18
block 50 18
block 46 19
block 47 19
block 48 19
block 49 19
block 50 19
block 46 20
block 47 20
block 48 20
block 49 20
block 50 20
block 64 20
block 65 20
block 46 21
block 47 21
block 48 21
block 49 21
block 50 21
block 64 21
block 65 21
block 64 22
block 65 22
block 64 23
block 65 23
block 12 24
block 13 24
block 14 24
block 64 24
block 65 24
block 12 25
block 13 25
block 14 25
block 11 29
block 12 29
block 11 30
block 12 30
block 11 31
block 12 31
block 11 32
block 12 32
block 11 33
block 12 33
block 11 34
block 12 34
block 11 35
block 12 35
block 3 38
block 4 38
block 5 38
block 6 38
block 7 38
block 8 38
##BotsAndCoinsInfo
bot_name 0 starter-bot
bot 0 41 38
bot_coins 0 0
coin 62 33
coin 3 5
round 1
bot 0 40 37
round 2
bot 0 40 36
round 3
bot 0 40 35
round 4
bot 0 40 34
round 5
bot 0 40 33
coin 30 38
coin 35 0
round 6
bot 0 40 32
round 7
bot 0 40 31
round 8
bot 0 40 30
round 9
bot 0 40 29
round 10
bot 0 40 28
coin 36 4
coin 29 34
round 11
bot 0 40 27
round 12
bot 0 40 26
round 13
bot 0 40 25
round 14
bot 0 40 24
round 15
bot 0 40 23
coin 23 29
coin 42 9
round 16
bot 0 40 22
round 17
bot 0 40 21
round 18
bot 0 40 20
round 19
bot 0 40 19
round 20
bot 0 40 18
coin 43 2
coin 22 36
round 21
bot 0 40 17
round 22
bot 0 40 16
round 23
bot 0 40 15
round 24
bot 0 40 14
round 25
bot 0 40 13
coin 44 26
coin 21 12
round 26
bot 0 40 12
round 27
bot 0 40 11
round 28
bot 0 40 10
round 29
bot 0 40 9
round 30
bot 0 40 8
coin 24 6
coin 41 32
round 31
bot 0 40 7
round 32
bot 0 40 6
round 33
bot 0 40 5
round 34
bot 0 40 4
round 35
bot 0 40 3
coin 2 17
coin 63 21
round 36
bot 0 40 2
round 37
bot 0 40 1
round 38
bot 0 40 0
round 39
bot 0 39 1
round 40
bot 0 39 2
coin 48 22
coin 17 16
round 41
bot 0 39 3
round 42
bot 0 39 4
round 43
bot 0 39 5
round 44
bot 0 39 6
round 45
bot 0 39 7
coin 55 38
coin 10 0
round 46
bot 0 39 8
round 47
bot 0 39 9
round 48
bot 0 39 10
round 49
bot 0 39 11
round 50
bot 0 39 12
coin 32 4
coin 33 34
round 51
bot 0 39 13
round 52
bot 0 39 14
round 53
bot 0 39 15
round 54
bot 0 39 16
round 55
bot 0 39 17
coin 14 30
coin 51 8
round 56
bot 0 39 18
round 57
bot 0 39 19
round 58
bot 0 39 20
round 59
bot 0 39 21
round 60
bot 0 39 22
coin 23 21
coin 42 17
round 61
bot 0 39 23
round 62
bot 0 39 24
round 63
bot 0 39 25
round 64
bot 0 39 26
round 65
bot 0 39 27
coin 10 19
coin 55 19
round 66
bot 0 39 28
round 67
bot 0 39 29
round 68
bot 0 39 30
round 69
bot 0 39 31
round 70
bot 0 39 32
coin 37 24
coin 28 14
round 71
bot 0 39 33
round 72
bot 0 39 34
round 73
bot 0 39 35
round 74
bot 0 39 36
round 75
bot 0 39 37
coin 22 37
coin 43 1
round 76
bot 0 39 38
round 77
bot 0 38 37
round 78
bot 0 38 36
round 79
bot 0 38 35
round 80
bot 0 38 34
coin 56 20
coin 9 18
round 81
bot 0 38 33
round 82
bot 0 38 32
round 83
bot 0 38 31
round 84
bot 0 38 30
round 85
bot 0 38 29
coin 65 8
coin 0 30
round 86
bot 0 38 28
round 87
bot 0 38 27
round 88
bot 0 38 26
round 89
bot 0 38 25
round 90
bot 0 38 24
coin_collected 37 24 0
bot_coins 0 1
coin 54 37
coin 11 1
round 91
bot 0 38 23
round 92
bot 0 38 22
round 93
bot 0 38 21
round 94
bot 0 38 20
round 95
bot 0 38 19
coin 43 36
coin 22 2
round 96
bot 0 38 18
round 97
bot 0 38 17
round 98
bot 0 38 16
round 99
bot 0 38 15
round 100
bot 0 38 14
coin 35 31
coin 30 7
round 101
bot 0 38 13
round 102
bot 0 38 12
round 103
bot 0 38 11
round 104
bot 0 38 10
round 105
bot 0 38 9
coin 23 16
coin 42 22
round 106
bot 0 38 8
round 107
bot 0 38 7
round 108
bot 0 38 6
round 109
bot 0 38 5
round 110
bot 0 38 4
coin 65 15
coin 0 23
round 111
bot 0 38 3
round 112
bot 0 38 2
round 113
bot 0 38 1
round 114
bot 0 38 0
round 115
bot 0 37 1
coin 1 8
coin 64 30
round 116
bot 0 37 2
round 117
bot 0 37 3
round 118
bot 0 37 4
coin_collected 36 4 0
bot_coins 0 2
round 119
bot 0 37 5
round 120
bot 0 37 6
coin 7 10
coin 58 28
round 121
bot 0 37 7
round 122
bot 0 37 8
round 123
bot 0 37 9
round 124
bot 0 37 10
round 125
bot 0 37 11
coin 37 5
coin 28 33
round 126
bot 0 37 12
round 127
bot 0 37 13
round 128
bot 0 37 14
round 129
bot 0 37 15
round 130
bot 0 37 16
coin 8 28
coin 57 10
round 131
bot 0 37 17
round 132
bot 0 37 18
round 133
bot 0 37 19
round 134
bot 0 37 20
round 135
bot 0 37 21
coin 2 16
coin 63 22
round 136
bot 0 37 22
round 137
bot 0 37 23
round 138
bot 0 37 24
round 139
bot 0 37 25
round 140
bot 0 37 26
coin 55 28
coin 10 10
round 141
bot 0 37 27
round 142
bot 0 37 28
round 143
bot 0 37 29
round 144
bot 0 37 30
round 145
bot 0 37 31
coin 27 27
coin 38 11
round 146
bot 0 37 32
round 147
bot 0 37 33
round 148
bot 0 37 34
round 149
bot 0 37 35
round 150
bot 0 37 36
coin 1 35
coin 64 3
round 151
bot 0 37 37
round 152
bot 0 37 38
round 153
bot 0 36 37
round 154
bot 0 36 36
round 155
bot 0 36 35
coin 26 22
coin 39 16
round 156
bot 0 36 34
round 157
bot 0 36 33
round 158
bot 0 36 32
round 159
bot 0 36 31
coin_collected 35 31 0
bot_coins 0 3
round 160
bot 0 36 30
coin 26 32
coin 39 6
round 161
bot 0 36 29
round 162
bot 0 36 28
round 163
bot 0 36 27
round 164
bot 0 36 26
round 165
bot 0 36 25
coin 38 28
coin 27 10
round 166
bot 0 36 24
round 167
bot 0 36 23
round 168
bot 0 36 22
round 169
bot 0 36 21
round 170
bot 0 36 20
coin 45 18
coin 20 20
round 171
bot 0 36 19
round 172
bot 0 36 18
round 173
bot 0 36 17
round 174
bot 0 36 16
round 175
bot 0 36 15
coin 16 8
coin 49 30
round 176
bot 0 36 14
round 177
bot 0 36 13
round 178
bot 0 36 12
round 179
bot 0 36 11
round 180
bot 0 36 10
coin 13 13
coin 52 25
round 181
bot 0 36 9
round 182
bot 0 36 8
round 183
bot 0 36 7
round 184
bot 0 36 6
round 185
bot 0 36 5
coin_collected 37 5 0
bot_coins 0 4
coin 1 20
coin 64 18
round 186
bot 0 36 4
round 187
bot 0 36 3
round 188
bot 0 36 2
round 189
bot 0 36 1
round 190
bot 0 36 0
coin_collected 35 0 0
bot_coins 0 5
coin 62 7
coin 3 31
round 191
bot 0 35 1
round 192
bot 0 35 2
round 193
bot 0 35 3
round 194
bot 0 35 4
round 195
bot 0 35 5
coin 0 21
coin 65 17
round 196
bot 0 35 6
round 197
bot 0 35 7
round 198
bot 0 35 8
round 199
bot 0 35 9
round 200
bot 0 35 10
coin 55 37
coin 10 1
match_over 0
