match
match_id 1639414215232_dx
match_time 1639414215235
num_bots 1
##MatchConfig
mode FRIENDLY
num_rounds 200
random_seed 42
move_time_limit 1000
coin_spawn_period 5
coin_spawn_volume 2
##MapConfig
map_size 61 34
view_radius 5
mining_radius 1
attack_radius 4
block 33 8
block 34 8
block 35 8
block 33 9
block 34 9
block 35 9
block 33 10
block 34 10
block 35 10
block 33 11
block 34 11
block 35 11
block 12 12
block 13 12
block 14 12
block 33 12
block 34 12
block 35 12
block 12 13
block 13 13
block 14 13
block 12 14
block 13 14
block 14 14
block 14 19
block 15 19
block 16 19
block 17 19
block 18 19
block 19 19
block 20 19
block 14 20
block 15 20
block 16 20
block 17 20
block 18 20
block 19 20
block 20 20
block 14 21
block 15 21
block 16 21
block 17 21
block 18 21
block 19 21
block 20 21
block 5 22
block 6 22
block 7 22
block 14 22
block 15 22
block 16 22
block 17 22
block 18 22
block 19 22
block 20 22
block 5 23
block 6 23
block 7 23
block 14 23
block 15 23
block 16 23
block 17 23
block 18 23
block 19 23
block 20 23
block 14 24
block 15 24
block 16 24
block 17 24
block 18 24
block 19 24
block 20 24
block 23 25
block 24 25
block 22 26
block 23 26
block 24 26
block 25 26
block 26 26
block 27 26
block 28 26
block 22 27
block 23 27
block 24 27
block 25 27
block 26 27
block 27 27
block 28 27
block 22 28
block 23 28
block 24 28
block 25 28
block 26 28
block 27 28
block 28 28
block 22 29
block 23 29
block 24 29
block 25 29
block 26 29
block 27 29
block 28 29
block 22 30
block 23 30
block 24 30
block 25 30
block 26 30
block 27 30
block 28 30
block 30 30
block 31 30
block 32 30
block 22 31
block 23 31
block 24 31
block 25 31
block 26 31
block 27 31
block 28 31
block 30 31
block 31 31
block 32 31
block 25 32
block 26 32
block 27 32
block 28 32
block 29 32
block 30 32
block 31 32
block 32 32
block 25 33
block 26 33
block 27 33
block 28 33
block 29 33
block 30 33
block 31 33
block 32 33
##BotsAndCoinsInfo
bot_name 0 martyn
bot 0 41 21
bot_coins 0 0
coin 5 11
coin 55 22
round 1
round 2
round 3
match_over 0
round 4
