match
match_id 1639176845748_hc
match_time 1639176845750
num_bots 1
##MatchConfig
mode FRIENDLY
num_rounds 200
random_seed 42
move_time_limit 1000
coin_spawn_period 5
coin_spawn_volume 2
##MapConfig
map_size 54 22
view_radius 6
mining_radius 2
attack_radius 3
block 39 0
block 40 0
block 41 0
block 42 0
block 0 1
block 1 1
block 2 1
block 50 1
block 51 1
block 52 1
block 53 1
block 0 2
block 1 2
block 2 2
block 50 2
block 51 2
block 52 2
block 53 2
block 0 3
block 1 3
block 2 3
block 50 3
block 51 3
block 52 3
block 53 3
block 0 4
block 1 4
block 2 4
block 50 4
block 51 4
block 52 4
block 53 4
block 0 5
block 1 5
block 2 5
block 50 5
block 51 5
block 52 5
block 53 5
block 0 6
block 1 6
block 2 6
block 3 6
block 4 6
block 5 6
block 22 6
block 23 6
block 24 6
block 25 6
block 26 6
block 50 6
block 51 6
block 52 6
block 53 6
block 3 7
block 4 7
block 5 7
block 22 7
block 23 7
block 24 7
block 25 7
block 26 7
block 3 8
block 4 8
block 5 8
block 22 8
block 23 8
block 24 8
block 25 8
block 26 8
block 3 9
block 4 9
block 5 9
block 22 9
block 23 9
block 24 9
block 25 9
block 26 9
block 3 10
block 4 10
block 5 10
block 16 10
block 17 10
block 18 10
block 19 10
block 20 10
block 3 11
block 4 11
block 5 11
block 16 11
block 17 11
block 18 11
block 19 11
block 20 11
block 3 12
block 4 12
block 5 12
block 16 12
block 17 12
block 18 12
block 19 12
block 20 12
block 16 13
block 17 13
block 18 13
block 19 13
block 20 13
block 16 14
block 17 14
block 18 14
block 19 14
block 20 14
block 16 15
block 17 15
block 18 15
block 19 15
block 20 15
block 16 16
block 17 16
block 18 16
block 19 16
block 20 16
block 39 16
block 40 16
block 41 16
block 42 16
block 49 16
block 50 16
block 51 16
block 52 16
block 53 16
block 39 17
block 40 17
block 41 17
block 42 17
block 49 17
block 50 17
block 51 17
block 52 17
block 53 17
block 20 18
block 21 18
block 22 18
block 23 18
block 24 18
block 39 18
block 40 18
block 41 18
block 42 18
block 20 19
block 21 19
block 22 19
block 23 19
block 24 19
block 39 19
block 40 19
block 41 19
block 42 19
block 20 20
block 21 20
block 22 20
block 23 20
block 24 20
block 39 20
block 40 20
block 41 20
block 42 20
block 39 21
block 40 21
block 41 21
block 42 21
##BotsAndCoinsInfo
bot_name 0 starter-bot
bot 0 45 11
bot_coins 0 0
coin 44 15
coin 9 6
round 1
bot 0 45 12
round 2
bot 0 45 13
round 3
bot 0 45 14
coin_collected 44 15 0
bot_coins 0 1
round 4
bot 0 45 15
round 5
bot 0 45 16
coin 36 16
coin 17 5
round 6
bot 0 45 17
round 7
bot 0 45 18
round 8
bot 0 45 19
round 9
bot 0 45 20
round 10
bot 0 45 21
coin 36 19
coin 17 2
round 11
bot 0 45 0
round 12
bot 0 44 21
round 13
bot 0 44 20
round 14
bot 0 44 19
round 15
bot 0 44 18
coin 41 2
coin 12 19
round 16
bot 0 44 17
round 17
bot 0 44 16
round 18
bot 0 44 15
round 19
bot 0 44 14
round 20
bot 0 44 13
coin 43 17
coin 10 4
round 21
bot 0 44 12
round 22
bot 0 44 11
round 23
bot 0 44 10
round 24
round 25
coin 20 17
coin 33 4
round 26
match_over 0
round 27
