match
match_id 1639213902706_kt
match_time 1639213902710
num_bots 1
##MatchConfig
mode FRIENDLY
num_rounds 200
random_seed 42
move_time_limit 1000
coin_spawn_period 5
coin_spawn_volume 2
##MapConfig
map_size 66 27
view_radius 6
mining_radius 1
attack_radius 4
block 0 0
block 1 0
block 2 0
block 3 0
block 5 0
block 6 0
block 7 0
block 8 0
block 9 0
block 10 0
block 11 0
block 13 0
block 14 0
block 15 0
block 16 0
block 17 0
block 18 0
block 19 0
block 20 0
block 21 0
block 22 0
block 23 0
block 24 0
block 25 0
block 26 0
block 30 0
block 31 0
block 32 0
block 38 0
block 39 0
block 40 0
block 41 0
block 42 0
block 43 0
block 52 0
block 53 0
block 54 0
block 55 0
block 56 0
block 57 0
block 58 0
block 64 0
block 65 0
block 0 1
block 1 1
block 2 1
block 3 1
block 5 1
block 6 1
block 7 1
block 8 1
block 9 1
block 10 1
block 11 1
block 12 1
block 13 1
block 14 1
block 15 1
block 16 1
block 17 1
block 18 1
block 19 1
block 20 1
block 21 1
block 22 1
block 23 1
block 24 1
block 25 1
block 26 1
block 35 1
block 36 1
block 37 1
block 38 1
block 39 1
block 40 1
block 41 1
block 42 1
block 43 1
block 52 1
block 53 1
block 54 1
block 55 1
block 56 1
block 57 1
block 58 1
block 64 1
block 65 1
block 0 2
block 1 2
block 2 2
block 3 2
block 5 2
block 6 2
block 7 2
block 8 2
block 9 2
block 10 2
block 11 2
block 12 2
block 13 2
block 14 2
block 15 2
block 16 2
block 17 2
block 18 2
block 19 2
block 20 2
block 21 2
block 22 2
block 23 2
block 24 2
block 25 2
block 26 2
block 35 2
block 36 2
block 37 2
block 38 2
block 39 2
block 40 2
block 41 2
block 42 2
block 43 2
block 64 2
block 65 2
block 5 3
block 6 3
block 7 3
block 8 3
block 9 3
block 10 3
block 11 3
block 12 3
block 32 3
block 33 3
block 34 3
block 35 3
block 36 3
block 37 3
block 38 3
block 5 4
block 6 4
block 7 4
block 8 4
block 9 4
block 10 4
block 11 4
block 12 4
block 32 4
block 33 4
block 34 4
block 35 4
block 36 4
block 37 4
block 38 4
block 57 4
block 58 4
block 5 5
block 6 5
block 7 5
block 8 5
block 9 5
block 10 5
block 11 5
block 12 5
block 57 5
block 58 5
block 8 6
block 9 6
block 10 6
block 11 6
block 12 6
block 57 6
block 58 6
block 28 7
block 29 7
block 30 7
block 31 7
block 32 7
block 33 7
block 44 7
block 45 7
block 46 7
block 47 7
block 51 7
block 52 7
block 53 7
block 54 7
block 57 7
block 58 7
block 28 8
block 29 8
block 30 8
block 31 8
block 32 8
block 33 8
block 44 8
block 45 8
block 46 8
block 47 8
block 51 8
block 52 8
block 53 8
block 54 8
block 57 8
block 58 8
block 28 9
block 29 9
block 30 9
block 31 9
block 32 9
block 33 9
block 43 9
block 44 9
block 45 9
block 46 9
block 47 9
block 51 9
block 52 9
block 53 9
block 54 9
block 57 9
block 58 9
block 14 10
block 15 10
block 16 10
block 17 10
block 18 10
block 19 10
block 20 10
block 28 10
block 29 10
block 30 10
block 31 10
block 32 10
block 33 10
block 43 10
block 44 10
block 45 10
block 46 10
block 47 10
block 51 10
block 52 10
block 53 10
block 54 10
block 14 11
block 15 11
block 16 11
block 17 11
block 18 11
block 19 11
block 20 11
block 28 11
block 29 11
block 30 11
block 31 11
block 32 11
block 33 11
block 43 11
block 44 11
block 45 11
block 46 11
block 47 11
block 51 11
block 52 11
block 53 11
block 54 11
block 14 12
block 15 12
block 16 12
block 17 12
block 18 12
block 19 12
block 20 12
block 33 12
block 34 12
block 35 12
block 43 12
block 44 12
block 45 12
block 46 12
block 47 12
block 59 12
block 60 12
block 61 12
block 62 12
block 14 13
block 15 13
block 16 13
block 17 13
block 18 13
block 19 13
block 20 13
block 33 13
block 34 13
block 35 13
block 59 13
block 60 13
block 61 13
block 62 13
block 14 14
block 15 14
block 16 14
block 17 14
block 18 14
block 19 14
block 20 14
block 33 14
block 34 14
block 35 14
block 55 14
block 56 14
block 57 14
block 58 14
block 59 14
block 60 14
block 61 14
block 62 14
block 63 14
block 11 15
block 12 15
block 13 15
block 14 15
block 15 15
block 16 15
block 17 15
block 18 15
block 19 15
block 20 15
block 33 15
block 34 15
block 35 15
block 36 15
block 37 15
block 38 15
block 39 15
block 55 15
block 56 15
block 57 15
block 58 15
block 59 15
block 60 15
block 61 15
block 62 15
block 63 15
block 11 16
block 12 16
block 13 16
block 14 16
block 15 16
block 16 16
block 17 16
block 18 16
block 19 16
block 20 16
block 33 16
block 34 16
block 35 16
block 36 16
block 37 16
block 38 16
block 39 16
block 55 16
block 56 16
block 57 16
block 58 16
block 59 16
block 60 16
block 61 16
block 62 16
block 63 16
block 11 17
block 12 17
block 13 17
block 14 17
block 15 17
block 24 17
block 25 17
block 26 17
block 27 17
block 28 17
block 33 17
block 34 17
block 35 17
block 36 17
block 37 17
block 38 17
block 39 17
block 55 17
block 56 17
block 57 17
block 58 17
block 59 17
block 60 17
block 61 17
block 62 17
block 24 18
block 25 18
block 26 18
block 27 18
block 28 18
block 35 18
block 36 18
block 37 18
block 38 18
block 39 18
block 55 18
block 56 18
block 57 18
block 58 18
block 59 18
block 60 18
block 24 19
block 25 19
block 26 19
block 27 19
block 28 19
block 35 19
block 36 19
block 37 19
block 38 19
block 39 19
block 55 19
block 56 19
block 57 19
block 58 19
block 59 19
block 60 19
block 24 20
block 25 20
block 26 20
block 27 20
block 28 20
block 0 21
block 24 21
block 25 21
block 26 21
block 27 21
block 28 21
block 65 21
block 0 22
block 24 22
block 25 22
block 26 22
block 27 22
block 28 22
block 65 22
block 0 23
block 1 23
block 2 23
block 3 23
block 20 23
block 21 23
block 22 23
block 23 23
block 24 23
block 25 23
block 26 23
block 27 23
block 28 23
block 64 23
block 65 23
block 0 24
block 1 24
block 2 24
block 3 24
block 20 24
block 21 24
block 22 24
block 23 24
block 24 24
block 25 24
block 26 24
block 30 24
block 31 24
block 32 24
block 64 24
block 65 24
block 0 25
block 1 25
block 2 25
block 3 25
block 20 25
block 21 25
block 22 25
block 23 25
block 24 25
block 25 25
block 26 25
block 30 25
block 31 25
block 32 25
block 52 25
block 53 25
block 54 25
block 55 25
block 56 25
block 57 25
block 58 25
block 64 25
block 65 25
block 0 26
block 1 26
block 2 26
block 3 26
block 5 26
block 6 26
block 7 26
block 8 26
block 9 26
block 10 26
block 11 26
block 20 26
block 21 26
block 22 26
block 23 26
block 24 26
block 25 26
block 26 26
block 30 26
block 31 26
block 32 26
block 38 26
block 39 26
block 40 26
block 41 26
block 42 26
block 43 26
block 52 26
block 53 26
block 54 26
block 55 26
block 56 26
block 57 26
block 58 26
block 64 26
block 65 26
##BotsAndCoinsInfo
bot_name 0 starter-bot
bot 0 4 23
bot_coins 0 0
coin 62 3
coin 3 22
round 1
bot 0 4 24
round 2
bot 0 4 25
round 3
bot 0 4 26
round 4
bot 0 4 25
round 5
bot 0 4 24
coin 30 17
coin 35 9
round 6
bot 0 4 23
round 7
bot 0 4 22
coin_collected 3 22 0
bot_coins 0 1
round 8
bot 0 3 22
round 9
bot 0 2 22
round 10
bot 0 1 22
coin 36 14
coin 29 12
round 11
bot 0 1 21
round 12
bot 0 1 20
round 13
bot 0 0 20
round 14
bot 0 65 20
round 15
bot 0 64 20
coin 23 20
coin 42 6
round 16
bot 0 63 19
round 17
bot 0 63 18
round 18
bot 0 63 17
round 19
round 20
coin 43 3
coin 22 22
round 21
round 22
round 23
round 24
round 25
coin 44 26
coin 19 26
round 26
round 27
round 28
round 29
round 30
coin 24 9
coin 41 17
round 31
round 32
round 33
round 34
round 35
coin 2 5
coin 63 21
round 36
round 37
round 38
round 39
round 40
coin 48 6
coin 17 20
round 41
round 42
round 43
round 44
round 45
coin 55 8
coin 10 18
round 46
round 47
round 48
round 49
round 50
coin 31 4
coin 34 22
round 51
round 52
round 53
round 54
round 55
coin 14 24
coin 51 2
round 56
round 57
round 58
round 59
round 60
coin 23 3
coin 42 23
round 61
round 62
round 63
round 64
round 65
coin 10 22
coin 55 4
round 66
round 67
round 68
round 69
round 70
coin 39 3
coin 27 24
round 71
round 72
round 73
round 74
round 75
coin 22 21
coin 43 5
round 76
round 77
round 78
round 79
round 80
coin 56 23
coin 7 6
round 81
round 82
round 83
round 84
round 85
coin 65 14
coin 0 12
round 86
round 87
round 88
round 89
round 90
coin 54 6
coin 11 20
round 91
round 92
round 93
round 94
round 95
coin 43 21
coin 22 5
round 96
round 97
round 98
round 99
round 100
coin 35 22
coin 30 4
round 101
round 102
round 103
round 104
round 105
coin 23 22
coin 42 4
round 106
round 107
round 108
round 109
round 110
coin 63 24
coin 2 3
round 111
round 112
round 113
round 114
round 115
coin 1 20
coin 64 6
round 116
round 117
round 118
round 119
round 120
coin 7 7
coin 58 20
round 121
round 122
round 123
round 124
round 125
coin 37 14
coin 28 12
round 126
round 127
round 128
round 129
round 130
coin 6 6
coin 59 20
round 131
round 132
round 133
round 134
round 135
coin 2 7
coin 63 19
round 136
round 137
round 138
round 139
round 140
coin 54 4
coin 11 22
round 141
round 142
round 143
round 144
round 145
coin 27 16
coin 38 10
round 146
round 147
round 148
round 149
round 150
coin 1 14
coin 64 12
round 151
round 152
round 153
round 154
round 155
coin 26 13
coin 39 13
round 156
round 157
round 158
round 159
round 160
coin 28 24
coin 37 0
round 161
round 162
round 163
round 164
round 165
coin 38 22
coin 27 4
round 166
round 167
round 168
round 169
round 170
coin 43 8
coin 22 18
round 171
round 172
round 173
round 174
round 175
coin 16 5
coin 49 21
round 176
round 177
round 178
round 179
round 180
coin 13 7
coin 52 19
round 181
round 182
round 183
round 184
round 185
coin 1 22
coin 64 4
round 186
round 187
round 188
round 189
round 190
coin 62 25
coin 4 1
round 191
round 192
round 193
round 194
round 195
coin 65 6
coin 0 20
round 196
round 197
round 198
round 199
round 200
coin 54 19
coin 11 7
match_over 0
