match
match_id 1639215250779_mm
match_time 1639215250783
num_bots 1
##MatchConfig
mode FRIENDLY
num_rounds 200
random_seed 42
move_time_limit 1000
coin_spawn_period 5
coin_spawn_volume 2
##MapConfig
map_size 76 34
view_radius 5
mining_radius 1
attack_radius 3
block 53 0
block 54 0
block 55 0
block 56 0
block 60 5
block 61 5
block 60 6
block 61 6
block 60 7
block 61 7
block 41 8
block 42 8
block 60 8
block 61 8
block 41 9
block 42 9
block 60 9
block 61 9
block 62 9
block 63 9
block 64 9
block 65 9
block 60 10
block 61 10
block 62 10
block 63 10
block 64 10
block 65 10
block 62 11
block 63 11
block 64 11
block 65 11
block 32 12
block 33 12
block 34 12
block 62 12
block 63 12
block 64 12
block 65 12
block 32 13
block 33 13
block 34 13
block 62 13
block 63 13
block 64 13
block 65 13
block 20 14
block 21 14
block 32 14
block 33 14
block 34 14
block 20 15
block 21 15
block 32 15
block 33 15
block 34 15
block 20 16
block 21 16
block 32 16
block 33 16
block 34 16
block 20 17
block 21 17
block 33 23
block 34 23
block 35 23
block 36 23
block 37 23
block 38 23
block 33 24
block 34 24
block 35 24
block 36 24
block 37 24
block 38 24
block 33 25
block 34 25
block 35 25
block 36 25
block 37 25
block 38 25
block 52 25
block 53 25
block 54 25
block 55 25
block 56 25
block 57 25
block 58 25
block 33 26
block 34 26
block 35 26
block 36 26
block 37 26
block 38 26
block 52 26
block 53 26
block 54 26
block 55 26
block 56 26
block 57 26
block 58 26
block 33 27
block 34 27
block 35 27
block 36 27
block 37 27
block 38 27
block 52 27
block 53 27
block 54 27
block 55 27
block 56 27
block 57 27
block 58 27
block 33 28
block 34 28
block 35 28
block 36 28
block 37 28
block 38 28
block 52 28
block 53 28
block 54 28
block 55 28
block 56 28
block 57 28
block 58 28
block 52 29
block 53 29
block 54 29
block 55 29
block 56 29
block 57 29
block 58 29
block 52 30
block 53 30
block 54 30
block 55 30
block 56 30
block 57 30
block 58 30
block 52 31
block 53 31
block 54 31
block 55 31
block 56 31
block 57 31
block 58 31
block 53 32
block 54 32
block 55 32
block 56 32
block 53 33
block 54 33
block 55 33
block 56 33
##BotsAndCoinsInfo
bot_name 0 starter-bot
bot 0 22 19
bot_coins 0 0
coin 26 11
coin 49 22
round 1
bot 0 22 20
round 2
bot 0 22 21
round 3
bot 0 22 22
round 4
bot 0 22 23
round 5
bot 0 22 24
coin 12 12
coin 63 21
round 6
bot 0 22 25
round 7
bot 0 22 26
round 8
bot 0 22 27
round 9
bot 0 22 28
round 10
bot 0 22 29
coin 6 9
coin 69 24
round 11
bot 0 22 30
round 12
bot 0 22 31
round 13
bot 0 22 32
round 14
bot 0 22 33
round 15
bot 0 21 32
coin 25 12
coin 50 21
round 16
bot 0 21 31
round 17
bot 0 21 30
round 18
bot 0 21 29
round 19
bot 0 21 28
round 20
bot 0 21 27
coin 51 7
coin 24 26
round 21
bot 0 21 26
round 22
bot 0 21 25
round 23
bot 0 21 24
round 24
bot 0 21 23
round 25
bot 0 21 22
coin 42 12
coin 33 21
round 26
bot 0 21 21
round 27
bot 0 21 20
round 28
bot 0 21 19
round 29
bot 0 21 18
round 30
coin 12 14
coin 63 19
round 31
round 32
round 33
round 34
round 35
coin 64 14
coin 11 19
round 36
round 37
round 38
round 39
round 40
coin 68 8
coin 7 25
round 41
round 42
round 43
round 44
round 45
coin 11 15
coin 64 18
round 46
round 47
round 48
round 49
round 50
coin 40 11
coin 35 22
round 51
round 52
round 53
round 54
round 55
coin 52 33
coin 23 0
round 56
round 57
round 58
round 59
round 60
coin 47 1
coin 28 32
round 61
round 62
round 63
round 64
round 65
coin 6 20
coin 69 13
round 66
round 67
round 68
round 69
round 70
coin 67 32
coin 8 1
round 71
round 72
round 73
round 74
round 75
coin 38 14
coin 37 19
round 76
round 77
round 78
round 79
round 80
coin 62 25
coin 13 8
round 81
round 82
round 83
round 84
round 85
coin 25 27
coin 50 6
round 86
round 87
round 88
round 89
round 90
coin 59 9
coin 16 24
round 91
round 92
match_over 0
round 93
