match
match_id 1639215270995_mo
match_time 1639215270997
num_bots 1
##MatchConfig
mode FRIENDLY
num_rounds 200
random_seed 42
move_time_limit 1000
coin_spawn_period 5
coin_spawn_volume 2
##MapConfig
map_size 57 32
view_radius 5
mining_radius 2
attack_radius 4
block 0 0
block 1 0
block 2 0
block 3 0
block 4 0
block 5 0
block 6 0
block 26 0
block 27 0
block 28 0
block 29 0
block 30 0
block 31 0
block 33 0
block 34 0
block 35 0
block 42 0
block 43 0
block 44 0
block 45 0
block 46 0
block 47 0
block 48 0
block 52 0
block 53 0
block 54 0
block 55 0
block 0 1
block 1 1
block 2 1
block 3 1
block 4 1
block 5 1
block 6 1
block 24 1
block 25 1
block 26 1
block 27 1
block 28 1
block 29 1
block 30 1
block 33 1
block 34 1
block 35 1
block 42 1
block 43 1
block 44 1
block 45 1
block 46 1
block 47 1
block 48 1
block 24 2
block 25 2
block 26 2
block 27 2
block 28 2
block 29 2
block 30 2
block 33 2
block 34 2
block 35 2
block 43 2
block 44 2
block 45 2
block 5 3
block 6 3
block 7 3
block 8 3
block 9 3
block 10 3
block 24 3
block 25 3
block 26 3
block 27 3
block 28 3
block 29 3
block 30 3
block 33 3
block 34 3
block 35 3
block 43 3
block 44 3
block 45 3
block 4 4
block 5 4
block 6 4
block 7 4
block 8 4
block 9 4
block 10 4
block 24 4
block 25 4
block 26 4
block 27 4
block 28 4
block 29 4
block 30 4
block 33 4
block 34 4
block 35 4
block 43 4
block 44 4
block 45 4
block 4 5
block 5 5
block 6 5
block 7 5
block 8 5
block 9 5
block 10 5
block 24 5
block 25 5
block 26 5
block 27 5
block 33 5
block 34 5
block 35 5
block 4 6
block 5 6
block 6 6
block 7 6
block 8 6
block 9 6
block 10 6
block 4 7
block 5 7
block 6 7
block 7 7
block 8 7
block 9 7
block 10 7
block 4 8
block 5 8
block 6 8
block 7 8
block 8 8
block 9 8
block 10 8
block 11 8
block 4 9
block 5 9
block 6 9
block 7 9
block 8 9
block 9 9
block 10 9
block 11 9
block 4 10
block 5 10
block 6 10
block 7 10
block 8 10
block 10 10
block 11 10
block 18 10
block 19 10
block 20 10
block 21 10
block 22 10
block 23 10
block 44 10
block 45 10
block 46 10
block 47 10
block 48 10
block 49 10
block 10 11
block 11 11
block 18 11
block 19 11
block 20 11
block 21 11
block 22 11
block 23 11
block 44 11
block 45 11
block 46 11
block 47 11
block 48 11
block 49 11
block 10 12
block 11 12
block 18 12
block 19 12
block 20 12
block 21 12
block 22 12
block 23 12
block 44 12
block 45 12
block 46 12
block 47 12
block 48 12
block 49 12
block 18 13
block 19 13
block 20 13
block 21 13
block 22 13
block 23 13
block 44 13
block 45 13
block 46 13
block 47 13
block 48 13
block 49 13
block 3 14
block 4 14
block 5 14
block 6 14
block 7 14
block 8 14
block 44 14
block 45 14
block 46 14
block 47 14
block 48 14
block 49 14
block 3 15
block 4 15
block 5 15
block 6 15
block 7 15
block 8 15
block 44 15
block 45 15
block 46 15
block 47 15
block 48 15
block 49 15
block 3 16
block 4 16
block 5 16
block 6 16
block 7 16
block 8 16
block 46 16
block 47 16
block 48 16
block 3 17
block 4 17
block 5 17
block 6 17
block 7 17
block 8 17
block 46 17
block 47 17
block 48 17
block 49 17
block 50 17
block 3 18
block 4 18
block 5 18
block 6 18
block 7 18
block 8 18
block 46 18
block 47 18
block 48 18
block 49 18
block 50 18
block 3 19
block 4 19
block 5 19
block 6 19
block 7 19
block 8 19
block 46 19
block 47 19
block 48 19
block 49 19
block 50 19
block 3 20
block 4 20
block 5 20
block 6 20
block 7 20
block 8 20
block 16 20
block 17 20
block 18 20
block 46 20
block 47 20
block 48 20
block 49 20
block 50 20
block 16 21
block 17 21
block 18 21
block 46 21
block 47 21
block 48 21
block 49 21
block 50 21
block 16 22
block 17 22
block 18 22
block 16 23
block 17 23
block 18 23
block 16 24
block 17 24
block 18 24
block 24 24
block 25 24
block 26 24
block 27 24
block 4 25
block 5 25
block 6 25
block 16 25
block 17 25
block 18 25
block 19 25
block 20 25
block 21 25
block 22 25
block 23 25
block 24 25
block 25 25
block 26 25
block 27 25
block 47 25
block 48 25
block 49 25
block 4 26
block 5 26
block 6 26
block 17 26
block 18 26
block 19 26
block 20 26
block 21 26
block 22 26
block 23 26
block 47 26
block 48 26
block 49 26
block 3 27
block 4 27
block 5 27
block 6 27
block 7 27
block 17 27
block 18 27
block 19 27
block 20 27
block 21 27
block 22 27
block 23 27
block 47 27
block 48 27
block 49 27
block 3 28
block 4 28
block 5 28
block 6 28
block 7 28
block 17 28
block 18 28
block 19 28
block 20 28
block 21 28
block 22 28
block 23 28
block 25 28
block 26 28
block 27 28
block 28 28
block 29 28
block 30 28
block 31 28
block 47 28
block 48 28
block 49 28
block 3 29
block 4 29
block 5 29
block 6 29
block 7 29
block 17 29
block 18 29
block 19 29
block 20 29
block 21 29
block 22 29
block 23 29
block 25 29
block 26 29
block 27 29
block 28 29
block 29 29
block 30 29
block 31 29
block 42 29
block 43 29
block 44 29
block 45 29
block 46 29
block 47 29
block 48 29
block 3 30
block 4 30
block 5 30
block 6 30
block 7 30
block 17 30
block 18 30
block 19 30
block 20 30
block 21 30
block 22 30
block 23 30
block 25 30
block 26 30
block 27 30
block 28 30
block 29 30
block 30 30
block 31 30
block 42 30
block 43 30
block 44 30
block 45 30
block 46 30
block 47 30
block 48 30
block 52 30
block 53 30
block 54 30
block 55 30
block 0 31
block 1 31
block 2 31
block 3 31
block 4 31
block 5 31
block 6 31
block 7 31
block 26 31
block 27 31
block 28 31
block 29 31
block 30 31
block 31 31
block 42 31
block 43 31
block 44 31
block 45 31
block 46 31
block 47 31
block 48 31
block 52 31
block 53 31
block 54 31
block 55 31
##BotsAndCoinsInfo
bot_name 0 starter-bot
bot 0 2 13
bot_coins 0 0
coin 25 0
coin 32 31
round 1
bot 0 2 14
round 2
bot 0 2 15
round 3
bot 0 2 16
round 4
bot 0 2 17
round 5
bot 0 2 18
coin 12 1
coin 44 28
round 6
bot 0 2 19
round 7
bot 0 2 20
round 8
bot 0 2 21
round 9
bot 0 2 22
round 10
bot 0 2 23
coin 8 30
coin 49 1
round 11
bot 0 2 24
round 12
bot 0 2 25
round 13
bot 0 2 26
round 14
bot 0 2 27
round 15
bot 0 2 28
coin 44 22
coin 12 9
round 16
bot 0 2 29
round 17
bot 0 2 30
round 18
round 19
round 20
coin 13 2
coin 43 28
round 21
round 22
round 23
round 24
round 25
coin 23 14
coin 33 17
round 26
round 27
round 28
round 29
round 30
coin 12 12
coin 44 19
round 31
round 32
round 33
round 34
round 35
coin 26 22
coin 30 9
round 36
round 37
round 38
round 39
round 40
coin 30 24
coin 26 7
round 41
round 42
round 43
round 44
round 45
coin 49 31
coin 7 0
round 46
round 47
round 48
round 49
round 50
coin 2 4
coin 54 27
round 51
round 52
round 53
round 54
round 55
coin 35 14
coin 21 17
round 56
round 57
round 58
round 59
round 60
coin 46 28
coin 11 3
round 61
round 62
round 63
round 64
round 65
coin 25 26
coin 31 5
round 66
round 67
round 68
round 69
round 70
coin 11 4
coin 45 27
round 71
round 72
round 73
round 74
round 75
coin 19 9
coin 37 22
round 76
round 77
round 78
round 79
round 80
coin 3 8
coin 53 23
round 81
round 82
round 83
round 84
round 85
coin 43 11
coin 13 20
round 86
round 87
round 88
round 89
round 90
coin 3 5
coin 53 26
round 91
round 92
round 93
round 94
round 95
coin 1 8
coin 55 23
round 96
round 97
round 98
round 99
round 100
coin 9 20
coin 47 9
round 101
round 102
round 103
round 104
round 105
coin 56 2
coin 0 29
round 106
round 107
round 108
round 109
round 110
coin 50 2
coin 8 29
round 111
round 112
round 113
round 114
round 115
match_over 0
coin 26 26
coin 30 5
round 116
