match
match_id 1639431227971_an
match_time 1639431227974
num_bots 1
##MatchConfig
mode FRIENDLY
num_rounds 200
random_seed 42
move_time_limit 1000
coin_spawn_period 5
coin_spawn_volume 2
##MapConfig
map_size 50 26
view_radius 5
mining_radius 1
attack_radius 4
block 0 0
block 1 0
block 2 0
block 3 0
block 26 0
block 27 0
block 28 0
block 37 0
block 38 0
block 39 0
block 44 0
block 45 0
block 48 0
block 49 0
block 0 1
block 1 1
block 2 1
block 3 1
block 26 1
block 27 1
block 28 1
block 31 1
block 32 1
block 37 1
block 38 1
block 39 1
block 44 1
block 45 1
block 48 1
block 49 1
block 0 2
block 1 2
block 2 2
block 3 2
block 14 2
block 15 2
block 26 2
block 27 2
block 28 2
block 31 2
block 32 2
block 37 2
block 38 2
block 39 2
block 44 2
block 45 2
block 48 2
block 49 2
block 3 3
block 4 3
block 5 3
block 14 3
block 15 3
block 31 3
block 32 3
block 37 3
block 38 3
block 39 3
block 3 4
block 4 4
block 5 4
block 14 4
block 15 4
block 31 4
block 32 4
block 37 4
block 38 4
block 39 4
block 3 5
block 4 5
block 5 5
block 14 5
block 15 5
block 16 5
block 17 5
block 18 5
block 19 5
block 20 5
block 21 5
block 22 5
block 31 5
block 32 5
block 37 5
block 38 5
block 39 5
block 3 6
block 4 6
block 5 6
block 8 6
block 9 6
block 10 6
block 16 6
block 17 6
block 18 6
block 19 6
block 20 6
block 21 6
block 22 6
block 31 6
block 32 6
block 3 7
block 4 7
block 5 7
block 8 7
block 9 7
block 10 7
block 16 7
block 17 7
block 18 7
block 31 7
block 32 7
block 3 8
block 4 8
block 5 8
block 8 8
block 9 8
block 10 8
block 16 8
block 17 8
block 18 8
block 3 9
block 4 9
block 5 9
block 16 9
block 17 9
block 18 9
block 13 10
block 14 10
block 16 10
block 17 10
block 18 10
block 19 10
block 20 10
block 13 11
block 14 11
block 16 11
block 17 11
block 18 11
block 19 11
block 20 11
block 23 11
block 24 11
block 25 11
block 12 12
block 13 12
block 14 12
block 15 12
block 16 12
block 17 12
block 18 12
block 19 12
block 20 12
block 23 12
block 24 12
block 25 12
block 12 13
block 13 13
block 14 13
block 15 13
block 16 13
block 17 13
block 18 13
block 19 13
block 20 13
block 21 13
block 22 13
block 23 13
block 24 13
block 25 13
block 0 14
block 12 14
block 13 14
block 14 14
block 15 14
block 16 14
block 17 14
block 18 14
block 19 14
block 20 14
block 21 14
block 22 14
block 23 14
block 24 14
block 25 14
block 47 14
block 48 14
block 49 14
block 0 15
block 13 15
block 14 15
block 19 15
block 20 15
block 21 15
block 22 15
block 23 15
block 24 15
block 25 15
block 47 15
block 48 15
block 49 15
block 0 16
block 19 16
block 20 16
block 21 16
block 22 16
block 23 16
block 24 16
block 25 16
block 26 16
block 27 16
block 28 16
block 29 16
block 30 16
block 31 16
block 44 16
block 45 16
block 47 16
block 48 16
block 49 16
block 0 17
block 23 17
block 24 17
block 25 17
block 26 17
block 27 17
block 28 17
block 29 17
block 30 17
block 31 17
block 44 17
block 45 17
block 47 17
block 48 17
block 49 17
block 0 18
block 14 18
block 15 18
block 16 18
block 17 18
block 18 18
block 19 18
block 20 18
block 21 18
block 25 18
block 26 18
block 27 18
block 28 18
block 29 18
block 30 18
block 31 18
block 44 18
block 45 18
block 47 18
block 48 18
block 49 18
block 0 19
block 14 19
block 15 19
block 16 19
block 17 19
block 18 19
block 19 19
block 20 19
block 21 19
block 25 19
block 26 19
block 27 19
block 28 19
block 29 19
block 30 19
block 31 19
block 44 19
block 45 19
block 47 19
block 48 19
block 49 19
block 0 20
block 19 20
block 20 20
block 21 20
block 28 20
block 29 20
block 30 20
block 31 20
block 32 20
block 33 20
block 47 20
block 48 20
block 49 20
block 0 21
block 1 21
block 2 21
block 19 21
block 20 21
block 21 21
block 28 21
block 29 21
block 30 21
block 31 21
block 32 21
block 33 21
block 46 21
block 47 21
block 48 21
block 49 21
block 0 22
block 1 22
block 2 22
block 19 22
block 20 22
block 21 22
block 28 22
block 29 22
block 30 22
block 31 22
block 32 22
block 33 22
block 40 22
block 41 22
block 42 22
block 44 22
block 45 22
block 46 22
block 47 22
block 48 22
block 49 22
block 0 23
block 1 23
block 2 23
block 19 23
block 20 23
block 21 23
block 23 23
block 24 23
block 25 23
block 26 23
block 27 23
block 28 23
block 40 23
block 41 23
block 42 23
block 44 23
block 45 23
block 46 23
block 47 23
block 48 23
block 49 23
block 0 24
block 1 24
block 2 24
block 3 24
block 19 24
block 20 24
block 21 24
block 23 24
block 24 24
block 25 24
block 26 24
block 27 24
block 28 24
block 40 24
block 41 24
block 42 24
block 44 24
block 45 24
block 48 24
block 49 24
block 0 25
block 1 25
block 2 25
block 3 25
block 26 25
block 27 25
block 28 25
block 37 25
block 38 25
block 39 25
block 44 25
block 45 25
block 48 25
block 49 25
##BotsAndCoinsInfo
bot_name 0 starter-bot
bot 0 35 7
bot_coins 0 0
coin 30 7
coin 19 17
round 1
round 2
round 3
round 4
round 5
coin 48 12
coin 1 13
round 6
round 7
round 8
round 9
bot 0 35 8
round 10
bot 0 35 9
coin 20 17
coin 29 8
round 11
bot 0 35 10
round 12
bot 0 35 11
round 13
bot 0 35 12
round 14
bot 0 35 13
round 15
bot 0 35 14
coin 5 16
coin 44 9
round 16
bot 0 35 15
round 17
bot 0 35 16
round 18
bot 0 35 17
round 19
bot 0 35 18
round 20
bot 0 35 19
coin 18 15
coin 31 10
round 21
bot 0 35 20
round 22
bot 0 35 21
round 23
bot 0 35 22
round 24
bot 0 35 23
round 25
bot 0 35 24
coin 32 0
coin 17 25
round 26
bot 0 34 23
round 27
bot 0 35 24
round 28
bot 0 34 23
round 29
bot 0 33 23
round 30
bot 0 32 24
coin 26 6
coin 23 19
round 31
bot 0 31 23
round 32
bot 0 31 24
round 33
bot 0 32 23
round 34
round 35
bot 0 33 23
coin 26 4
coin 23 21
round 36
bot 0 34 24
round 37
bot 0 33 23
round 38
bot 0 33 24
round 39
bot 0 32 23
round 40
bot 0 32 24
coin 6 8
coin 43 17
round 41
bot 0 31 23
round 42
round 43
bot 0 30 24
round 44
bot 0 31 23
round 45
bot 0 32 24
coin 43 25
coin 6 0
round 46
bot 0 31 23
round 47
bot 0 31 24
round 48
bot 0 32 23
round 49
bot 0 33 23
round 50
bot 0 34 24
coin 1 17
coin 48 8
round 51
bot 0 33 23
round 52
bot 0 32 23
round 53
bot 0 32 24
round 54
bot 0 31 24
round 55
bot 0 32 23
coin 26 15
coin 23 10
round 56
bot 0 33 23
round 57
bot 0 34 22
round 58
bot 0 35 22
round 59
bot 0 35 23
round 60
bot 0 34 22
coin 43 21
coin 6 4
round 61
bot 0 35 23
round 62
bot 0 34 22
round 63
bot 0 35 21
round 64
bot 0 35 22
round 65
bot 0 35 23
coin 30 6
coin 18 20
round 66
round 67
bot 0 34 22
round 68
round 69
bot 0 35 21
round 70
bot 0 35 22
coin 37 24
coin 12 1
round 71
bot 0 34 23
round 72
bot 0 35 24
round 73
bot 0 36 23
round 74
bot 0 37 24
coin_collected 37 24 0
bot_coins 0 1
round 75
bot 0 36 24
coin 30 10
coin 18 16
round 76
bot 0 35 23
round 77
bot 0 34 22
round 78
bot 0 35 22
round 79
bot 0 35 23
round 80
bot 0 34 22
coin 29 7
coin 21 17
round 81
bot 0 34 23
round 82
bot 0 33 24
round 83
bot 0 32 23
round 84
bot 0 31 24
round 85
bot 0 30 25
coin 17 21
coin 33 4
round 86
bot 0 31 24
round 87
bot 0 32 23
round 88
bot 0 33 23
round 89
round 90
bot 0 34 23
coin 12 11
coin 37 14
round 91
round 92
round 93
round 94
bot 0 35 24
round 95
bot 0 35 23
coin 12 10
coin 37 15
round 96
round 97
bot 0 34 22
round 98
bot 0 34 21
round 99
bot 0 34 20
round 100
bot 0 34 19
coin 29 5
coin 22 20
round 101
bot 0 33 19
round 102
bot 0 32 19
round 103
bot 0 32 18
round 104
bot 0 32 17
round 105
bot 0 32 16
coin 23 3
coin 26 22
round 106
bot 0 32 15
round 107
bot 0 31 15
round 108
bot 0 30 15
round 109
bot 0 29 15
round 110
bot 0 28 14
coin 25 2
coin 24 22
round 111
bot 0 29 13
round 112
bot 0 30 12
round 113
bot 0 29 11
round 114
round 115
coin 7 21
coin 42 4
round 116
match_over 0
round 117
