match
match_id 1639168201447_bj
match_time 1639168201450
num_bots 1
##MatchConfig
mode FRIENDLY
num_rounds 200
random_seed 42
move_time_limit 1000
coin_spawn_period 5
coin_spawn_volume 2
##MapConfig
map_size 52 22
view_radius 5
mining_radius 2
attack_radius 3
block 10 0
block 11 0
block 12 0
block 13 0
block 14 0
block 29 0
block 30 0
block 31 0
block 32 0
block 33 0
block 34 0
block 35 0
block 36 0
block 37 0
block 38 0
block 39 0
block 40 0
block 41 0
block 44 0
block 45 0
block 46 0
block 47 0
block 10 1
block 11 1
block 12 1
block 33 1
block 34 1
block 35 1
block 36 1
block 37 1
block 38 1
block 39 1
block 40 1
block 41 1
block 44 1
block 45 1
block 46 1
block 47 1
block 48 1
block 10 2
block 11 2
block 12 2
block 33 2
block 34 2
block 35 2
block 36 2
block 37 2
block 38 2
block 39 2
block 40 2
block 41 2
block 44 2
block 45 2
block 46 2
block 47 2
block 48 2
block 5 3
block 6 3
block 7 3
block 10 3
block 11 3
block 12 3
block 36 3
block 37 3
block 38 3
block 39 3
block 40 3
block 41 3
block 45 3
block 46 3
block 47 3
block 48 3
block 0 4
block 5 4
block 6 4
block 7 4
block 8 4
block 9 4
block 10 4
block 11 4
block 12 4
block 17 4
block 18 4
block 19 4
block 20 4
block 21 4
block 22 4
block 23 4
block 47 4
block 48 4
block 49 4
block 50 4
block 51 4
block 0 5
block 5 5
block 6 5
block 7 5
block 8 5
block 9 5
block 10 5
block 11 5
block 12 5
block 17 5
block 18 5
block 19 5
block 20 5
block 21 5
block 22 5
block 23 5
block 47 5
block 48 5
block 49 5
block 50 5
block 51 5
block 0 6
block 5 6
block 6 6
block 7 6
block 8 6
block 9 6
block 10 6
block 11 6
block 12 6
block 21 6
block 22 6
block 28 6
block 29 6
block 30 6
block 31 6
block 32 6
block 33 6
block 34 6
block 47 6
block 48 6
block 51 6
block 0 7
block 5 7
block 6 7
block 7 7
block 8 7
block 9 7
block 10 7
block 11 7
block 12 7
block 13 7
block 21 7
block 22 7
block 28 7
block 29 7
block 30 7
block 31 7
block 32 7
block 33 7
block 34 7
block 51 7
block 0 8
block 5 8
block 6 8
block 7 8
block 8 8
block 9 8
block 10 8
block 11 8
block 12 8
block 13 8
block 21 8
block 22 8
block 28 8
block 29 8
block 30 8
block 31 8
block 32 8
block 33 8
block 34 8
block 51 8
block 0 9
block 7 9
block 8 9
block 9 9
block 10 9
block 11 9
block 12 9
block 13 9
block 14 9
block 15 9
block 16 9
block 21 9
block 22 9
block 28 9
block 29 9
block 30 9
block 31 9
block 32 9
block 33 9
block 34 9
block 38 9
block 39 9
block 40 9
block 41 9
block 42 9
block 46 9
block 47 9
block 48 9
block 49 9
block 50 9
block 51 9
block 0 10
block 7 10
block 8 10
block 9 10
block 10 10
block 11 10
block 12 10
block 13 10
block 14 10
block 15 10
block 16 10
block 21 10
block 22 10
block 28 10
block 29 10
block 30 10
block 31 10
block 32 10
block 33 10
block 34 10
block 38 10
block 39 10
block 40 10
block 41 10
block 42 10
block 46 10
block 47 10
block 48 10
block 49 10
block 50 10
block 51 10
block 0 11
block 11 11
block 12 11
block 13 11
block 14 11
block 15 11
block 16 11
block 21 11
block 22 11
block 28 11
block 29 11
block 30 11
block 31 11
block 32 11
block 33 11
block 34 11
block 35 11
block 36 11
block 37 11
block 38 11
block 39 11
block 40 11
block 41 11
block 42 11
block 51 11
block 11 12
block 12 12
block 13 12
block 14 12
block 15 12
block 16 12
block 28 12
block 29 12
block 30 12
block 31 12
block 32 12
block 33 12
block 34 12
block 35 12
block 36 12
block 37 12
block 38 12
block 39 12
block 40 12
block 41 12
block 42 12
block 33 13
block 34 13
block 35 13
block 36 13
block 37 13
block 38 13
block 39 13
block 40 13
block 41 13
block 42 13
block 33 14
block 34 14
block 35 14
block 36 14
block 37 14
block 38 14
block 39 14
block 40 14
block 41 14
block 42 14
block 47 14
block 48 14
block 49 14
block 50 14
block 13 15
block 14 15
block 33 15
block 34 15
block 35 15
block 36 15
block 37 15
block 47 15
block 48 15
block 49 15
block 50 15
block 13 16
block 14 16
block 27 16
block 28 16
block 29 16
block 30 16
block 31 16
block 32 16
block 33 16
block 34 16
block 35 16
block 36 16
block 37 16
block 10 17
block 11 17
block 12 17
block 13 17
block 14 17
block 15 17
block 16 17
block 17 17
block 22 17
block 23 17
block 24 17
block 25 17
block 26 17
block 27 17
block 28 17
block 29 17
block 30 17
block 31 17
block 32 17
block 33 17
block 44 17
block 45 17
block 46 17
block 47 17
block 10 18
block 11 18
block 12 18
block 13 18
block 14 18
block 15 18
block 16 18
block 17 18
block 22 18
block 23 18
block 24 18
block 25 18
block 26 18
block 27 18
block 28 18
block 29 18
block 30 18
block 31 18
block 32 18
block 33 18
block 38 18
block 39 18
block 40 18
block 41 18
block 44 18
block 45 18
block 46 18
block 47 18
block 10 19
block 11 19
block 12 19
block 13 19
block 14 19
block 15 19
block 16 19
block 17 19
block 22 19
block 23 19
block 24 19
block 25 19
block 26 19
block 27 19
block 28 19
block 29 19
block 30 19
block 31 19
block 32 19
block 33 19
block 34 19
block 35 19
block 36 19
block 37 19
block 38 19
block 39 19
block 40 19
block 41 19
block 44 19
block 45 19
block 46 19
block 47 19
block 10 20
block 11 20
block 12 20
block 13 20
block 14 20
block 22 20
block 23 20
block 24 20
block 25 20
block 26 20
block 27 20
block 28 20
block 29 20
block 30 20
block 31 20
block 32 20
block 33 20
block 34 20
block 35 20
block 36 20
block 37 20
block 38 20
block 39 20
block 40 20
block 41 20
block 44 20
block 45 20
block 46 20
block 47 20
block 10 21
block 11 21
block 12 21
block 13 21
block 14 21
block 24 21
block 25 21
block 26 21
block 27 21
block 28 21
block 29 21
block 30 21
block 31 21
block 32 21
block 33 21
block 34 21
block 35 21
block 36 21
block 37 21
block 38 21
block 39 21
block 40 21
block 41 21
block 44 21
block 45 21
block 46 21
block 47 21
##BotsAndCoinsInfo
bot_name 0 starter-bot
bot 0 27 14
bot_coins 0 0
coin 26 15
coin 25 6
round 1
bot 0 27 15
coin_collected 26 15 0
bot_coins 0 1
round 2
round 3
round 4
round 5
coin 48 16
coin 3 5
round 6
round 7
round 8
round 9
round 10
coin 26 16
coin 25 5
round 11
coin_collected 26 16 0
bot_coins 0 2
round 12
round 13
round 14
round 15
coin 13 2
coin 37 18
round 16
round 17
round 18
round 19
round 20
coin 3 17
coin 49 3
round 21
round 22
round 23
round 24
round 25
coin 26 16
coin 26 5
round 26
coin_collected 26 16 0
bot_coins 0 3
round 27
round 28
round 29
round 30
coin 8 0
coin 43 21
round 31
round 32
round 33
round 34
round 35
coin 20 0
coin 31 1
round 36
round 37
round 38
round 39
round 40
coin 48 20
coin 3 1
round 41
round 42
round 43
round 44
round 45
coin 10 11
coin 41 8
round 46
round 47
round 48
round 49
round 50
coin 40 15
coin 13 6
round 51
round 52
round 53
round 54
round 55
coin 26 9
coin 25 12
round 56
round 57
round 58
round 59
round 60
coin 51 19
coin 0 2
round 61
round 62
round 63
round 64
round 65
coin 38 6
coin 12 15
round 66
round 67
round 68
round 69
round 70
coin 19 18
coin 32 3
round 71
round 72
round 73
round 74
round 75
coin 38 4
coin 12 16
round 76
round 77
round 78
round 79
round 80
coin 18 13
coin 35 8
round 81
round 82
round 83
round 84
round 85
coin 33 3
coin 18 18
round 86
round 87
round 88
round 89
round 90
coin 32 13
coin 19 8
round 91
round 92
round 93
round 94
round 95
coin 41 4
coin 9 17
round 96
round 97
round 98
round 99
round 100
coin 31 3
coin 20 18
round 101
round 102
round 103
round 104
round 105
coin 47 13
coin 4 8
round 106
round 107
round 108
round 109
round 110
coin 15 6
coin 36 17
round 111
round 112
round 113
round 114
round 115
coin 2 5
coin 49 16
round 116
round 117
round 118
round 119
round 120
coin 1 11
coin 50 11
round 121
round 122
round 123
round 124
round 125
coin 9 2
coin 42 19
round 126
round 127
round 128
round 129
round 130
coin 42 4
coin 9 16
round 131
round 132
round 133
round 134
round 135
coin 42 2
coin 9 19
round 136
round 137
round 138
round 139
round 140
coin 25 16
coin 27 5
round 141
round 142
round 143
round 144
round 145
coin 50 16
coin 1 5
round 146
round 147
round 148
round 149
round 150
coin 44 3
coin 7 18
round 151
round 152
round 153
round 154
round 155
coin 34 18
coin 17 3
round 156
round 157
round 158
round 159
round 160
coin 50 3
coin 1 18
round 161
round 162
round 163
round 164
round 165
coin 46 4
coin 5 17
round 166
round 167
round 168
round 169
round 170
coin 35 17
coin 16 4
round 171
round 172
round 173
round 174
round 175
coin 6 13
coin 45 8
round 176
round 177
round 178
round 179
round 180
coin 13 14
coin 38 7
round 181
round 182
round 183
round 184
round 185
coin 13 5
coin 38 16
round 186
round 187
round 188
round 189
round 190
coin 42 8
coin 9 13
round 191
round 192
round 193
round 194
round 195
coin 28 0
coin 23 21
round 196
round 197
round 198
round 199
round 200
coin 41 15
coin 9 3
match_over 0
