match
match_id 1639337939980_ao
match_time 1639337939983
num_bots 1
##MatchConfig
mode FRIENDLY
num_rounds 200
random_seed 42
move_time_limit 1000
coin_spawn_period 5
coin_spawn_volume 2
##MapConfig
map_size 74 25
view_radius 6
mining_radius 1
attack_radius 4
block 21 0
block 22 0
block 23 0
block 26 0
block 27 0
block 28 0
block 29 0
block 30 0
block 31 0
block 32 0
block 33 0
block 42 0
block 43 0
block 44 0
block 45 0
block 46 0
block 47 0
block 48 0
block 51 0
block 52 0
block 53 0
block 54 0
block 55 0
block 56 0
block 57 0
block 26 1
block 27 1
block 28 1
block 29 1
block 30 1
block 31 1
block 32 1
block 33 1
block 42 1
block 43 1
block 44 1
block 45 1
block 46 1
block 47 1
block 48 1
block 26 2
block 27 2
block 28 2
block 29 2
block 30 2
block 31 2
block 32 2
block 33 2
block 38 2
block 39 2
block 40 2
block 42 2
block 43 2
block 44 2
block 45 2
block 46 2
block 47 2
block 48 2
block 26 3
block 27 3
block 28 3
block 29 3
block 30 3
block 31 3
block 37 3
block 38 3
block 39 3
block 40 3
block 42 3
block 43 3
block 44 3
block 45 3
block 46 3
block 47 3
block 48 3
block 49 3
block 50 3
block 22 4
block 23 4
block 24 4
block 37 4
block 38 4
block 39 4
block 40 4
block 44 4
block 45 4
block 46 4
block 47 4
block 48 4
block 49 4
block 50 4
block 22 5
block 23 5
block 24 5
block 37 5
block 38 5
block 39 5
block 40 5
block 44 5
block 45 5
block 46 5
block 47 5
block 48 5
block 49 5
block 50 5
block 56 5
block 57 5
block 58 5
block 59 5
block 60 5
block 61 5
block 62 5
block 22 6
block 23 6
block 24 6
block 34 6
block 35 6
block 36 6
block 37 6
block 38 6
block 39 6
block 40 6
block 44 6
block 45 6
block 46 6
block 47 6
block 48 6
block 49 6
block 50 6
block 56 6
block 57 6
block 58 6
block 59 6
block 60 6
block 61 6
block 62 6
block 22 7
block 23 7
block 24 7
block 25 7
block 34 7
block 35 7
block 36 7
block 37 7
block 38 7
block 39 7
block 40 7
block 44 7
block 45 7
block 46 7
block 47 7
block 48 7
block 49 7
block 50 7
block 56 7
block 57 7
block 58 7
block 59 7
block 60 7
block 61 7
block 62 7
block 64 7
block 65 7
block 66 7
block 67 7
block 68 7
block 69 7
block 70 7
block 22 8
block 23 8
block 24 8
block 25 8
block 34 8
block 35 8
block 36 8
block 37 8
block 38 8
block 39 8
block 40 8
block 44 8
block 45 8
block 46 8
block 47 8
block 48 8
block 49 8
block 50 8
block 56 8
block 57 8
block 58 8
block 59 8
block 60 8
block 61 8
block 62 8
block 64 8
block 65 8
block 66 8
block 67 8
block 68 8
block 69 8
block 70 8
block 22 9
block 23 9
block 24 9
block 25 9
block 34 9
block 35 9
block 36 9
block 37 9
block 38 9
block 56 9
block 57 9
block 58 9
block 59 9
block 60 9
block 61 9
block 62 9
block 64 9
block 65 9
block 66 9
block 67 9
block 68 9
block 69 9
block 70 9
block 23 10
block 24 10
block 25 10
block 34 10
block 35 10
block 36 10
block 56 10
block 57 10
block 58 10
block 59 10
block 60 10
block 61 10
block 62 10
block 64 10
block 65 10
block 66 10
block 67 10
block 68 10
block 69 10
block 70 10
block 23 11
block 24 11
block 25 11
block 34 11
block 35 11
block 36 11
block 23 12
block 24 12
block 25 12
block 34 12
block 35 12
block 36 12
block 0 13
block 18 13
block 19 13
block 20 13
block 71 13
block 72 13
block 73 13
block 0 14
block 10 14
block 11 14
block 12 14
block 13 14
block 14 14
block 15 14
block 16 14
block 18 14
block 19 14
block 20 14
block 71 14
block 72 14
block 73 14
block 0 15
block 10 15
block 11 15
block 12 15
block 13 15
block 14 15
block 15 15
block 16 15
block 18 15
block 19 15
block 20 15
block 67 15
block 68 15
block 69 15
block 70 15
block 71 15
block 72 15
block 73 15
block 0 16
block 10 16
block 11 16
block 12 16
block 13 16
block 14 16
block 15 16
block 16 16
block 18 16
block 19 16
block 20 16
block 67 16
block 68 16
block 69 16
block 70 16
block 71 16
block 72 16
block 73 16
block 0 17
block 7 17
block 8 17
block 9 17
block 10 17
block 11 17
block 12 17
block 13 17
block 14 17
block 15 17
block 16 17
block 18 17
block 19 17
block 20 17
block 30 17
block 31 17
block 32 17
block 33 17
block 34 17
block 35 17
block 57 17
block 58 17
block 59 17
block 60 17
block 67 17
block 68 17
block 69 17
block 70 17
block 71 17
block 72 17
block 73 17
block 0 18
block 2 18
block 3 18
block 4 18
block 5 18
block 7 18
block 8 18
block 9 18
block 10 18
block 11 18
block 12 18
block 13 18
block 14 18
block 15 18
block 16 18
block 18 18
block 19 18
block 20 18
block 29 18
block 30 18
block 31 18
block 32 18
block 33 18
block 34 18
block 35 18
block 57 18
block 58 18
block 59 18
block 60 18
block 71 18
block 72 18
block 73 18
block 0 19
block 2 19
block 3 19
block 4 19
block 5 19
block 7 19
block 8 19
block 9 19
block 10 19
block 11 19
block 12 19
block 13 19
block 14 19
block 15 19
block 16 19
block 29 19
block 30 19
block 31 19
block 32 19
block 33 19
block 34 19
block 35 19
block 71 19
block 72 19
block 73 19
block 2 20
block 3 20
block 4 20
block 5 20
block 9 20
block 10 20
block 11 20
block 12 20
block 13 20
block 14 20
block 15 20
block 16 20
block 29 20
block 30 20
block 9 21
block 10 21
block 11 21
block 12 21
block 13 21
block 14 21
block 29 21
block 30 21
block 33 21
block 34 21
block 35 21
block 36 21
block 9 22
block 10 22
block 11 22
block 12 22
block 13 22
block 14 22
block 29 22
block 30 22
block 33 22
block 34 22
block 35 22
block 36 22
block 51 22
block 52 22
block 53 22
block 54 22
block 55 22
block 56 22
block 57 22
block 21 23
block 22 23
block 23 23
block 26 23
block 27 23
block 28 23
block 29 23
block 30 23
block 31 23
block 32 23
block 33 23
block 34 23
block 35 23
block 36 23
block 51 23
block 52 23
block 53 23
block 54 23
block 55 23
block 56 23
block 57 23
block 21 24
block 22 24
block 23 24
block 26 24
block 27 24
block 28 24
block 29 24
block 30 24
block 31 24
block 32 24
block 33 24
block 51 24
block 52 24
block 53 24
block 54 24
block 55 24
block 56 24
block 57 24
##BotsAndCoinsInfo
bot_name 0 starter-bot
bot 0 50 12
bot_coins 0 0
coin 14 13
coin 59 11
round 1
bot 0 50 13
round 2
bot 0 50 14
round 3
bot 0 50 15
round 4
bot 0 50 16
round 5
bot 0 50 17
coin 2 9
coin 70 14
round 6
bot 0 50 18
round 7
bot 0 50 19
round 8
bot 0 50 20
round 9
bot 0 50 21
round 10
bot 0 50 22
coin 48 24
coin 25 0
round 11
bot 0 50 23
round 12
bot 0 50 24
round 13
bot 0 49 23
round 14
bot 0 49 22
round 15
bot 0 49 21
coin 9 16
coin 63 8
round 16
bot 0 49 20
round 17
bot 0 49 19
round 18
bot 0 49 18
round 19
bot 0 49 17
round 20
bot 0 49 16
coin 56 18
coin 17 6
round 21
bot 0 49 15
round 22
bot 0 49 14
round 23
bot 0 49 13
round 24
bot 0 49 12
round 25
bot 0 49 11
coin 64 2
coin 9 23
round 26
bot 0 49 10
round 27
bot 0 49 9
round 28
bot 0 48 9
round 29
bot 0 47 9
round 30
bot 0 46 9
coin 24 17
coin 49 9
round 31
bot 0 45 9
round 32
bot 0 44 9
round 33
bot 0 43 9
round 34
bot 0 43 8
round 35
bot 0 43 7
coin 48 9
coin 25 15
round 36
bot 0 43 6
round 37
bot 0 43 5
round 38
bot 0 43 4
round 39
bot 0 42 4
round 40
bot 0 41 4
coin 31 20
coin 42 4
round 41
bot 0 41 3
round 42
bot 0 41 2
round 43
bot 0 41 1
round 44
bot 0 41 0
round 45
bot 0 40 1
coin 63 9
coin 9 15
round 46
bot 0 39 1
round 47
bot 0 38 1
round 48
bot 0 37 1
round 49
bot 0 37 2
round 50
bot 0 36 2
coin 62 13
coin 11 11
round 51
bot 0 36 3
round 52
bot 0 36 4
round 53
bot 0 36 5
round 54
bot 0 35 5
round 55
bot 0 34 5
coin 40 13
coin 33 11
round 56
bot 0 33 5
round 57
bot 0 33 6
round 58
bot 0 33 7
round 59
bot 0 33 8
round 60
bot 0 33 9
coin 7 16
coin 66 6
round 61
bot 0 33 10
coin_collected 33 11 0
bot_coins 0 1
round 62
bot 0 33 11
round 63
bot 0 33 12
round 64
bot 0 33 13
round 65
bot 0 33 14
coin 44 9
coin 29 15
round 66
bot 0 33 15
round 67
bot 0 33 16
round 68
bot 0 32 16
round 69
bot 0 31 16
round 70
bot 0 30 16
coin 19 21
coin 54 3
round 71
bot 0 29 16
coin_collected 29 15 0
bot_coins 0 2
round 72
bot 0 29 17
round 73
bot 0 28 17
round 74
bot 0 28 18
round 75
bot 0 28 19
coin 68 6
coin 5 17
round 76
bot 0 28 20
round 77
bot 0 28 21
round 78
bot 0 28 22
round 79
bot 0 27 22
round 80
bot 0 26 22
coin 20 10
coin 53 14
round 81
bot 0 25 22
round 82
bot 0 25 23
round 83
bot 0 25 24
coin_collected 25 0 0
bot_coins 0 3
round 84
bot 0 24 23
round 85
bot 0 24 22
coin 37 2
coin 37 22
round 86
bot 0 24 21
round 87
bot 0 24 20
round 88
bot 0 24 19
round 89
bot 0 24 18
coin_collected 24 17 0
bot_coins 0 4
round 90
bot 0 24 17
coin 8 20
coin 65 4
round 91
bot 0 24 16
round 92
bot 0 24 15
coin_collected 25 15 0
bot_coins 0 5
round 93
bot 0 24 14
round 94
bot 0 24 13
round 95
bot 0 23 13
coin 59 14
coin 14 10
round 96
bot 0 22 13
round 97
bot 0 22 12
round 98
bot 0 22 11
round 99
bot 0 22 10
round 100
bot 0 21 10
coin_collected 20 10 0
bot_coins 0 6
coin 23 15
coin 50 9
round 101
bot 0 21 9
round 102
bot 0 21 8
round 103
bot 0 21 7
round 104
bot 0 21 6
round 105
bot 0 21 5
coin 17 12
coin 56 12
round 106
bot 0 21 4
round 107
bot 0 21 3
round 108
bot 0 21 2
round 109
bot 0 21 1
round 110
bot 0 20 1
coin 1 9
coin 70 13
round 111
bot 0 20 0
round 112
bot 0 19 1
round 113
bot 0 19 2
round 114
bot 0 19 3
round 115
bot 0 19 4
coin 57 11
coin 16 13
round 116
bot 0 19 5
round 117
bot 0 19 6
round 118
bot 0 19 7
round 119
bot 0 19 8
round 120
bot 0 19 9
coin 65 18
coin 8 6
round 121
bot 0 19 10
round 122
bot 0 19 11
round 123
bot 0 19 12
round 124
bot 0 18 12
coin_collected 17 12 0
bot_coins 0 7
round 125
bot 0 17 12
coin 69 14
coin 4 10
round 126
bot 0 17 13
coin_collected 16 13 0
bot_coins 0 8
round 127
bot 0 17 14
round 128
bot 0 17 15
round 129
bot 0 17 16
round 130
bot 0 17 17
coin 41 6
coin 32 20
round 131
bot 0 17 18
round 132
bot 0 17 19
round 133
bot 0 17 20
round 134
bot 0 17 21
round 135
bot 0 17 22
coin 72 10
coin 1 14
round 136
bot 0 17 23
round 137
bot 0 17 24
round 138
bot 0 16 23
round 139
bot 0 16 22
round 140
bot 0 16 21
coin 51 9
coin 22 15
round 141
bot 0 15 21
round 142
bot 0 16 21
round 143
bot 0 15 21
round 144
bot 0 16 21
round 145
bot 0 15 21
coin 43 4
coin 31 21
round 146
bot 0 16 21
round 147
bot 0 15 21
round 148
bot 0 16 21
round 149
bot 0 15 21
round 150
bot 0 16 21
coin 67 19
coin 6 5
round 151
bot 0 15 21
round 152
bot 0 16 21
round 153
bot 0 15 21
round 154
bot 0 16 21
round 155
bot 0 15 21
coin 62 1
coin 11 23
round 156
bot 0 16 21
round 157
bot 0 15 21
round 158
bot 0 16 21
round 159
bot 0 15 21
round 160
bot 0 16 21
coin 56 19
coin 17 5
round 161
bot 0 15 21
round 162
bot 0 16 21
round 163
bot 0 15 21
round 164
bot 0 16 21
round 165
bot 0 15 21
coin 36 19
coin 36 5
round 166
bot 0 16 21
round 167
bot 0 15 21
round 168
bot 0 16 21
round 169
bot 0 15 21
round 170
bot 0 16 21
coin 31 22
coin 41 2
round 171
bot 0 15 21
round 172
bot 0 16 21
round 173
bot 0 15 21
round 174
bot 0 16 21
round 175
bot 0 15 21
coin 14 1
coin 59 23
round 176
bot 0 16 21
round 177
bot 0 15 21
round 178
bot 0 16 21
round 179
bot 0 15 21
round 180
bot 0 16 21
coin 17 4
coin 56 20
round 181
bot 0 15 21
round 182
bot 0 16 21
round 183
bot 0 15 21
round 184
bot 0 16 21
round 185
bot 0 15 21
coin 9 8
coin 64 16
round 186
bot 0 16 21
round 187
bot 0 15 21
round 188
bot 0 16 21
round 189
bot 0 15 21
round 190
bot 0 16 21
coin 50 10
coin 23 14
round 191
bot 0 15 21
round 192
bot 0 16 21
round 193
bot 0 15 21
round 194
bot 0 16 21
round 195
bot 0 15 21
coin 64 18
coin 9 6
round 196
bot 0 16 21
round 197
bot 0 15 21
round 198
bot 0 16 21
round 199
bot 0 15 21
round 200
bot 0 16 21
coin 57 19
coin 16 5
match_over 0
