match
match_id 1639178473225_in
match_time 1639178473227
num_bots 1
##MatchConfig
mode FRIENDLY
num_rounds 200
random_seed 42
move_time_limit 1000
coin_spawn_period 5
coin_spawn_volume 2
##MapConfig
map_size 52 31
view_radius 6
mining_radius 2
attack_radius 4
block 25 0
block 26 0
block 27 0
block 28 0
block 29 0
block 30 0
block 31 0
block 32 0
block 25 1
block 26 1
block 27 1
block 28 1
block 29 1
block 30 1
block 31 1
block 32 1
block 25 2
block 26 2
block 27 2
block 28 2
block 29 2
block 30 2
block 31 2
block 32 2
block 25 3
block 26 3
block 27 3
block 28 3
block 29 3
block 30 3
block 31 3
block 32 3
block 0 5
block 1 5
block 2 5
block 49 5
block 50 5
block 51 5
block 0 6
block 1 6
block 2 6
block 49 6
block 50 6
block 51 6
block 18 7
block 19 7
block 20 7
block 21 7
block 22 7
block 18 8
block 19 8
block 20 8
block 21 8
block 22 8
block 18 9
block 19 9
block 20 9
block 21 9
block 22 9
block 14 10
block 15 10
block 16 10
block 18 10
block 19 10
block 20 10
block 21 10
block 22 10
block 23 10
block 37 10
block 38 10
block 39 10
block 40 10
block 41 10
block 42 10
block 14 11
block 15 11
block 16 11
block 18 11
block 19 11
block 20 11
block 21 11
block 22 11
block 23 11
block 37 11
block 38 11
block 39 11
block 40 11
block 41 11
block 42 11
block 14 12
block 15 12
block 16 12
block 18 12
block 19 12
block 20 12
block 21 12
block 22 12
block 23 12
block 14 13
block 15 13
block 16 13
block 18 13
block 19 13
block 20 13
block 21 13
block 22 13
block 23 13
block 14 14
block 15 14
block 16 14
block 18 14
block 19 14
block 20 14
block 21 14
block 22 14
block 23 14
block 14 15
block 15 15
block 16 15
block 18 15
block 19 15
block 20 15
block 21 15
block 22 15
block 23 15
block 40 15
block 41 15
block 42 15
block 43 15
block 44 15
block 45 15
block 46 15
block 14 16
block 15 16
block 16 16
block 40 16
block 41 16
block 42 16
block 43 16
block 44 16
block 45 16
block 46 16
block 5 17
block 6 17
block 40 17
block 41 17
block 42 17
block 43 17
block 44 17
block 45 17
block 46 17
block 5 18
block 6 18
block 40 18
block 41 18
block 42 18
block 43 18
block 44 18
block 45 18
block 46 18
block 5 19
block 6 19
block 40 19
block 41 19
block 42 19
block 43 19
block 44 19
block 45 19
block 46 19
block 5 20
block 6 20
block 5 21
block 6 21
block 5 22
block 6 22
block 23 25
block 24 25
block 23 26
block 24 26
block 23 27
block 24 27
block 19 28
block 20 28
block 23 28
block 24 28
block 25 28
block 26 28
block 27 28
block 28 28
block 19 29
block 20 29
block 23 29
block 24 29
block 25 29
block 26 29
block 27 29
block 28 29
block 23 30
block 24 30
block 25 30
block 26 30
block 27 30
block 28 30
##BotsAndCoinsInfo
bot_name 0 starter-bot
bot 0 39 13
bot_coins 0 0
coin 26 10
coin 25 20
round 1
bot 0 39 14
round 2
bot 0 39 15
round 3
bot 0 39 16
round 4
bot 0 39 17
round 5
bot 0 39 18
coin 48 23
coin 3 7
round 6
bot 0 39 19
round 7
bot 0 39 20
round 8
bot 0 39 21
round 9
bot 0 39 22
round 10
bot 0 39 23
coin 26 27
coin 25 4
round 11
bot 0 39 24
round 12
bot 0 39 25
round 13
bot 0 39 26
round 14
bot 0 39 27
round 15
bot 0 39 28
coin 13 1
coin 38 29
round 16
bot 0 39 29
coin_collected 38 29 0
bot_coins 0 1
round 17
bot 0 39 30
round 18
bot 0 38 29
round 19
bot 0 38 28
round 20
bot 0 38 27
coin 3 3
coin 48 27
round 21
bot 0 38 26
round 22
bot 0 38 25
round 23
bot 0 38 24
round 24
bot 0 38 23
round 25
bot 0 38 22
coin 24 0
coin 29 30
round 26
bot 0 38 21
round 27
bot 0 38 20
round 28
bot 0 38 19
round 29
bot 0 38 18
round 30
bot 0 38 17
coin 8 27
coin 43 3
round 31
bot 0 38 16
round 32
bot 0 38 15
round 33
bot 0 38 14
round 34
bot 0 38 13
round 35
bot 0 38 12
coin 20 19
coin 31 11
round 36
round 37
round 38
round 39
round 40
coin 48 21
coin 3 9
round 41
round 42
round 43
round 44
round 45
coin 11 19
coin 40 12
round 46
coin_collected 40 12 0
bot_coins 0 2
round 47
round 48
round 49
round 50
coin 40 8
coin 11 22
round 51
round 52
round 53
round 54
round 55
coin 26 18
coin 25 12
round 56
round 57
round 58
round 59
round 60
coin 51 18
coin 0 12
round 61
round 62
round 63
round 64
round 65
coin 38 18
coin 13 12
round 66
round 67
round 68
round 69
round 70
coin 19 21
coin 32 9
round 71
round 72
round 73
round 74
round 75
coin 38 26
coin 13 4
round 76
round 77
round 78
round 79
round 80
coin 18 17
coin 33 13
round 81
round 82
round 83
round 84
round 85
coin 33 22
coin 17 8
round 86
round 87
round 88
round 89
round 90
coin 32 20
coin 17 10
round 91
round 92
round 93
round 94
round 95
coin 41 24
coin 10 6
round 96
round 97
round 98
round 99
round 100
coin 31 19
coin 17 11
round 101
round 102
round 103
round 104
round 105
coin 47 6
coin 4 24
round 106
round 107
round 108
round 109
round 110
coin 17 12
coin 34 18
round 111
round 112
round 113
round 114
round 115
coin 3 29
coin 48 1
round 116
round 117
round 118
round 119
round 120
coin 1 4
coin 50 26
round 121
round 122
round 123
round 124
round 125
coin 9 30
coin 42 0
round 126
round 127
round 128
round 129
round 130
coin 42 1
coin 9 29
round 131
round 132
round 133
round 134
round 135
coin 40 12
coin 11 18
round 136
coin_collected 40 12 0
bot_coins 0 3
round 137
round 138
round 139
round 140
coin 25 22
coin 26 8
round 141
round 142
round 143
round 144
round 145
coin 49 14
coin 2 16
round 146
round 147
round 148
round 149
round 150
coin 45 22
coin 6 8
round 151
round 152
round 153
round 154
round 155
coin 32 22
coin 19 6
round 156
round 157
round 158
round 159
round 160
coin 50 27
coin 1 3
round 161
round 162
round 163
round 164
round 165
coin 46 7
coin 5 23
round 166
round 167
round 168
round 169
round 170
coin 35 4
coin 16 26
round 171
round 172
round 173
round 174
round 175
coin 6 16
coin 45 14
round 176
round 177
round 178
round 179
round 180
coin 13 2
coin 38 28
round 181
round 182
round 183
round 184
round 185
coin 13 30
coin 38 0
round 186
round 187
round 188
round 189
round 190
coin 42 13
coin 9 17
round 191
round 192
round 193
round 194
round 195
coin 29 20
coin 23 9
round 196
round 197
round 198
round 199
round 200
coin 40 22
coin 11 8
match_over 0
