match
match_id 1639214496115_lo
match_time 1639214496118
num_bots 1
##MatchConfig
mode FRIENDLY
num_rounds 200
random_seed 42
move_time_limit 1000
coin_spawn_period 5
coin_spawn_volume 2
##MapConfig
map_size 76 33
view_radius 5
mining_radius 2
attack_radius 4
block 56 0
block 57 0
block 58 0
block 59 0
block 60 0
block 61 0
block 57 1
block 58 1
block 59 1
block 60 1
block 61 1
block 62 1
block 57 2
block 58 2
block 59 2
block 60 2
block 61 2
block 62 2
block 49 3
block 50 3
block 51 3
block 52 3
block 57 3
block 58 3
block 59 3
block 60 3
block 61 3
block 62 3
block 49 4
block 50 4
block 51 4
block 52 4
block 57 4
block 58 4
block 59 4
block 60 4
block 61 4
block 62 4
block 49 5
block 50 5
block 51 5
block 52 5
block 72 5
block 73 5
block 74 5
block 49 6
block 50 6
block 51 6
block 52 6
block 72 6
block 73 6
block 74 6
block 30 7
block 31 7
block 32 7
block 33 7
block 34 7
block 35 7
block 36 7
block 49 7
block 50 7
block 51 7
block 52 7
block 72 7
block 73 7
block 74 7
block 3 8
block 4 8
block 5 8
block 6 8
block 7 8
block 9 8
block 10 8
block 30 8
block 31 8
block 32 8
block 33 8
block 34 8
block 35 8
block 36 8
block 49 8
block 50 8
block 51 8
block 52 8
block 72 8
block 73 8
block 74 8
block 3 9
block 4 9
block 5 9
block 6 9
block 7 9
block 9 9
block 10 9
block 72 9
block 73 9
block 74 9
block 3 10
block 4 10
block 5 10
block 6 10
block 7 10
block 9 10
block 10 10
block 72 10
block 73 10
block 74 10
block 3 11
block 4 11
block 5 11
block 6 11
block 7 11
block 9 11
block 10 11
block 72 11
block 73 11
block 74 11
block 3 12
block 4 12
block 5 12
block 6 12
block 7 12
block 9 12
block 10 12
block 49 12
block 50 12
block 3 13
block 4 13
block 5 13
block 6 13
block 7 13
block 9 13
block 10 13
block 27 13
block 28 13
block 29 13
block 49 13
block 50 13
block 3 14
block 4 14
block 5 14
block 6 14
block 7 14
block 9 14
block 10 14
block 27 14
block 28 14
block 29 14
block 49 14
block 50 14
block 27 15
block 28 15
block 29 15
block 49 15
block 50 15
block 27 16
block 28 16
block 29 16
block 49 16
block 50 16
block 27 17
block 28 17
block 29 17
block 49 17
block 50 17
block 27 18
block 28 18
block 29 18
block 30 18
block 31 18
block 49 18
block 50 18
block 27 19
block 28 19
block 29 19
block 30 19
block 31 19
block 28 20
block 29 20
block 30 20
block 31 20
block 28 21
block 29 21
block 30 21
block 31 21
block 28 22
block 29 22
block 30 22
block 31 22
block 28 23
block 29 23
block 30 23
block 31 23
block 13 24
block 14 24
block 15 24
block 16 24
block 17 24
block 28 24
block 29 24
block 30 24
block 31 24
block 13 25
block 14 25
block 15 25
block 16 25
block 17 25
block 13 26
block 14 26
block 15 26
block 16 26
block 17 26
block 56 30
block 57 30
block 58 30
block 59 30
block 60 30
block 61 30
block 56 31
block 57 31
block 58 31
block 59 31
block 60 31
block 61 31
block 56 32
block 57 32
block 58 32
block 59 32
block 60 32
block 61 32
##BotsAndCoinsInfo
bot_name 0 starter-bot
bot 0 6 5
bot_coins 0 0
coin 26 15
coin 48 17
round 1
bot 0 6 6
round 2
bot 0 6 7
round 3
round 4
round 5
coin 12 5
coin 63 27
round 6
round 7
round 8
round 9
round 10
coin 6 19
coin 69 13
round 11
round 12
round 13
round 14
round 15
coin 25 2
coin 50 30
round 16
round 17
round 18
round 19
round 20
coin 51 17
coin 24 15
round 21
round 22
round 23
round 24
round 25
coin 42 29
coin 33 3
round 26
round 27
round 28
round 29
round 30
coin 12 0
coin 63 32
round 31
round 32
round 33
round 34
round 35
coin 64 11
coin 11 21
round 36
round 37
round 38
round 39
round 40
coin 68 9
coin 7 23
round 41
round 42
round 43
round 44
round 45
coin 11 20
coin 64 12
round 46
round 47
round 48
round 49
round 50
coin 40 4
coin 35 28
round 51
round 52
round 53
round 54
round 55
coin 54 9
coin 21 23
round 56
round 57
round 58
round 59
round 60
coin 47 30
coin 28 2
round 61
round 62
round 63
round 64
round 65
coin 6 28
coin 69 4
round 66
round 67
round 68
round 69
round 70
coin 67 18
coin 8 14
round 71
round 72
round 73
round 74
round 75
coin 38 15
coin 37 17
round 76
round 77
round 78
round 79
round 80
coin 63 2
coin 12 30
round 81
round 82
round 83
round 84
round 85
coin 25 14
coin 51 18
round 86
round 87
round 88
round 89
round 90
coin 60 22
coin 15 10
round 91
round 92
round 93
round 94
round 95
coin 1 15
coin 74 17
round 96
round 97
round 98
round 99
round 100
coin 27 25
coin 48 7
round 101
round 102
round 103
round 104
round 105
coin 75 13
coin 0 19
round 106
round 107
round 108
round 109
round 110
coin 31 6
coin 44 26
round 111
round 112
round 113
round 114
round 115
coin 63 5
coin 12 27
round 116
round 117
round 118
round 119
round 120
coin 17 22
coin 58 10
round 121
round 122
round 123
round 124
match_over 0
round 125
