match
match_id 1639178892102_it
match_time 1639178892104
num_bots 1
##MatchConfig
mode FRIENDLY
num_rounds 200
random_seed 42
move_time_limit 1000
coin_spawn_period 5
coin_spawn_volume 2
##MapConfig
map_size 65 37
view_radius 5
mining_radius 2
attack_radius 3
block 9 0
block 10 0
block 11 0
block 12 0
block 13 0
block 14 0
block 9 1
block 10 1
block 11 1
block 12 1
block 13 1
block 14 1
block 9 2
block 10 2
block 11 2
block 12 2
block 13 2
block 14 2
block 48 6
block 49 6
block 50 6
block 48 7
block 49 7
block 50 7
block 48 8
block 49 8
block 50 8
block 0 9
block 1 9
block 64 9
block 0 10
block 1 10
block 64 10
block 0 11
block 1 11
block 64 11
block 27 12
block 28 12
block 29 12
block 30 12
block 14 13
block 15 13
block 27 13
block 28 13
block 29 13
block 30 13
block 14 14
block 15 14
block 28 14
block 29 14
block 30 14
block 14 15
block 15 15
block 55 15
block 56 15
block 57 15
block 14 16
block 15 16
block 55 16
block 56 16
block 57 16
block 14 17
block 15 17
block 24 17
block 25 17
block 26 17
block 27 17
block 28 17
block 29 17
block 30 17
block 55 17
block 56 17
block 57 17
block 24 18
block 25 18
block 26 18
block 27 18
block 28 18
block 29 18
block 30 18
block 55 18
block 56 18
block 57 18
block 24 19
block 25 19
block 26 19
block 27 19
block 28 19
block 29 19
block 30 19
block 55 19
block 56 19
block 57 19
block 24 20
block 25 20
block 26 20
block 27 20
block 28 20
block 29 20
block 30 20
block 38 20
block 39 20
block 40 20
block 41 20
block 42 20
block 38 21
block 39 21
block 40 21
block 41 21
block 42 21
block 9 22
block 10 22
block 9 23
block 10 23
block 59 23
block 60 23
block 61 23
block 62 23
block 9 24
block 10 24
block 59 24
block 60 24
block 61 24
block 62 24
block 9 25
block 10 25
block 39 25
block 40 25
block 41 25
block 42 25
block 43 25
block 59 25
block 60 25
block 61 25
block 62 25
block 39 26
block 40 26
block 41 26
block 42 26
block 43 26
block 59 26
block 60 26
block 61 26
block 62 26
block 39 27
block 40 27
block 41 27
block 42 27
block 43 27
block 59 27
block 60 27
block 61 27
block 62 27
block 59 28
block 60 28
block 61 28
block 62 28
block 59 29
block 60 29
block 61 29
block 62 29
block 19 30
block 20 30
block 21 30
block 19 31
block 20 31
block 21 31
block 19 32
block 20 32
block 21 32
block 9 33
block 10 33
block 11 33
block 12 33
block 13 33
block 14 33
block 19 33
block 20 33
block 21 33
block 9 34
block 10 34
block 11 34
block 12 34
block 13 34
block 14 34
block 19 34
block 20 34
block 21 34
block 9 35
block 10 35
block 11 35
block 12 35
block 13 35
block 14 35
block 9 36
block 10 36
block 11 36
block 12 36
block 13 36
block 14 36
##BotsAndCoinsInfo
bot_name 0 starter-bot
bot 0 34 30
bot_coins 0 0
coin 0 14
coin 64 22
round 1
bot 0 34 31
round 2
bot 0 34 32
round 3
bot 0 34 33
round 4
bot 0 34 34
round 5
bot 0 34 35
coin 48 10
coin 16 26
round 6
bot 0 34 36
round 7
bot 0 33 35
round 8
bot 0 33 34
round 9
bot 0 33 33
round 10
bot 0 33 32
coin 0 8
coin 64 28
round 11
bot 0 33 31
round 12
bot 0 33 30
round 13
bot 0 33 29
round 14
bot 0 33 28
round 15
bot 0 33 27
coin 0 13
coin 64 23
round 16
bot 0 33 26
round 17
bot 0 33 25
round 18
bot 0 33 24
round 19
bot 0 33 23
round 20
bot 0 33 22
coin 29 0
coin 35 36
round 21
bot 0 33 21
round 22
bot 0 33 20
round 23
bot 0 33 19
round 24
bot 0 33 18
round 25
bot 0 33 17
coin 52 21
coin 12 15
round 26
bot 0 33 16
round 27
bot 0 33 15
round 28
bot 0 33 14
round 29
bot 0 33 13
round 30
bot 0 33 12
coin 21 18
coin 43 18
round 31
bot 0 33 11
round 32
bot 0 33 10
round 33
bot 0 33 9
round 34
bot 0 33 8
round 35
bot 0 33 7
coin 46 9
coin 18 27
round 36
bot 0 33 6
round 37
bot 0 33 5
round 38
bot 0 33 4
round 39
bot 0 33 3
round 40
bot 0 33 2
coin 61 14
coin 3 22
round 41
bot 0 33 1
round 42
bot 0 33 0
round 43
bot 0 32 1
round 44
bot 0 32 2
round 45
bot 0 32 3
coin 63 1
coin 1 35
round 46
bot 0 32 4
round 47
bot 0 32 5
round 48
bot 0 32 6
round 49
bot 0 32 7
round 50
bot 0 32 8
coin 40 36
coin 24 0
round 51
bot 0 32 9
round 52
bot 0 32 10
round 53
bot 0 32 11
round 54
bot 0 32 12
round 55
bot 0 32 13
coin 26 25
coin 38 11
round 56
bot 0 32 14
round 57
bot 0 32 15
round 58
bot 0 32 16
round 59
bot 0 32 17
round 60
bot 0 32 18
coin 38 16
coin 26 21
round 61
bot 0 32 19
round 62
bot 0 32 20
round 63
bot 0 32 21
round 64
bot 0 32 22
round 65
bot 0 32 23
coin 25 0
coin 39 36
round 66
bot 0 32 24
round 67
bot 0 32 25
round 68
bot 0 32 26
round 69
bot 0 32 27
round 70
bot 0 32 28
coin 32 16
coin 32 20
round 71
bot 0 32 29
round 72
bot 0 32 30
round 73
bot 0 32 31
round 74
bot 0 32 32
round 75
bot 0 32 33
coin 25 31
coin 39 5
round 76
bot 0 32 34
round 77
bot 0 32 35
round 78
bot 0 32 36
round 79
bot 0 31 35
round 80
bot 0 31 34
coin 5 26
coin 59 10
round 81
bot 0 31 33
round 82
bot 0 31 32
round 83
bot 0 31 31
round 84
bot 0 31 30
round 85
bot 0 31 29
coin 7 23
coin 57 13
round 86
bot 0 31 28
round 87
bot 0 31 27
round 88
bot 0 31 26
round 89
bot 0 31 25
round 90
bot 0 31 24
coin 32 31
coin 32 5
round 91
bot 0 31 23
round 92
bot 0 31 22
round 93
bot 0 31 21
coin_collected 32 20 0
bot_coins 0 1
round 94
bot 0 31 20
round 95
bot 0 31 19
coin 28 16
coin 36 20
round 96
bot 0 31 18
round 97
bot 0 31 17
coin_collected 32 16 0
bot_coins 0 2
round 98
bot 0 31 16
round 99
bot 0 31 15
round 100
bot 0 31 14
coin 44 24
coin 20 12
round 101
bot 0 31 13
round 102
bot 0 31 12
round 103
bot 0 31 11
round 104
bot 0 31 10
round 105
bot 0 31 9
coin 8 26
coin 56 10
round 106
bot 0 31 8
round 107
bot 0 31 7
round 108
bot 0 31 6
coin_collected 32 5 0
bot_coins 0 3
round 109
bot 0 31 5
round 110
bot 0 31 4
coin 15 22
coin 49 14
round 111
bot 0 31 3
round 112
bot 0 31 2
round 113
bot 0 31 1
round 114
bot 0 31 0
coin_collected 29 0 0
bot_coins 0 4
round 115
bot 0 30 1
coin 42 2
coin 22 34
round 116
bot 0 30 2
round 117
bot 0 30 3
round 118
bot 0 30 4
round 119
bot 0 30 5
round 120
bot 0 30 6
coin 27 21
coin 37 15
round 121
bot 0 30 7
round 122
bot 0 30 8
round 123
bot 0 30 9
round 124
bot 0 30 10
round 125
bot 0 30 11
coin 48 22
coin 16 14
round 126
round 127
round 128
round 129
round 130
coin 3 26
coin 61 10
round 131
round 132
round 133
round 134
round 135
coin 40 0
coin 24 36
round 136
round 137
round 138
round 139
round 140
coin 38 29
coin 26 7
round 141
round 142
round 143
round 144
round 145
coin 36 34
coin 28 2
round 146
round 147
round 148
round 149
round 150
coin 32 12
coin 32 24
round 151
round 152
round 153
round 154
round 155
coin 32 18
coin 33 18
round 156
round 157
round 158
round 159
round 160
coin 24 22
coin 40 14
round 161
round 162
round 163
round 164
round 165
coin 33 10
coin 31 26
round 166
round 167
round 168
round 169
round 170
coin 35 19
coin 29 16
round 171
round 172
round 173
round 174
round 175
coin 45 21
coin 19 15
round 176
round 177
round 178
round 179
bot 0 29 11
round 180
bot 0 28 11
coin 13 18
coin 51 18
round 181
round 182
round 183
match_over 0
round 184
