match
match_id 1639216763037_nr
match_time 1639216763040
num_bots 1
##MatchConfig
mode FRIENDLY
num_rounds 200
random_seed 42
move_time_limit 1000
coin_spawn_period 5
coin_spawn_volume 2
##MapConfig
map_size 75 26
view_radius 5
mining_radius 2
attack_radius 3
block 14 0
block 15 0
block 16 0
block 17 0
block 18 0
block 19 0
block 43 0
block 44 0
block 45 0
block 46 0
block 47 0
block 48 0
block 14 1
block 15 1
block 16 1
block 17 1
block 18 1
block 19 1
block 43 1
block 44 1
block 45 1
block 46 1
block 47 1
block 48 1
block 22 2
block 23 2
block 24 2
block 25 2
block 26 2
block 27 2
block 43 2
block 44 2
block 45 2
block 46 2
block 47 2
block 48 2
block 4 3
block 5 3
block 22 3
block 23 3
block 24 3
block 25 3
block 26 3
block 27 3
block 4 4
block 5 4
block 22 4
block 23 4
block 24 4
block 25 4
block 26 4
block 27 4
block 28 4
block 29 4
block 48 4
block 49 4
block 50 4
block 51 4
block 52 4
block 57 4
block 58 4
block 59 4
block 60 4
block 61 4
block 16 5
block 17 5
block 18 5
block 19 5
block 20 5
block 22 5
block 23 5
block 24 5
block 25 5
block 26 5
block 27 5
block 28 5
block 29 5
block 48 5
block 49 5
block 50 5
block 51 5
block 52 5
block 57 5
block 58 5
block 59 5
block 60 5
block 61 5
block 16 6
block 17 6
block 18 6
block 19 6
block 20 6
block 22 6
block 23 6
block 24 6
block 25 6
block 26 6
block 27 6
block 28 6
block 29 6
block 48 6
block 49 6
block 50 6
block 51 6
block 52 6
block 56 6
block 57 6
block 58 6
block 59 6
block 60 6
block 61 6
block 62 6
block 16 7
block 17 7
block 18 7
block 19 7
block 20 7
block 27 7
block 28 7
block 29 7
block 48 7
block 49 7
block 50 7
block 51 7
block 52 7
block 56 7
block 57 7
block 58 7
block 59 7
block 60 7
block 61 7
block 62 7
block 0 8
block 16 8
block 17 8
block 18 8
block 19 8
block 20 8
block 27 8
block 28 8
block 29 8
block 48 8
block 49 8
block 50 8
block 51 8
block 52 8
block 57 8
block 58 8
block 59 8
block 60 8
block 61 8
block 72 8
block 73 8
block 74 8
block 0 9
block 16 9
block 17 9
block 18 9
block 19 9
block 20 9
block 27 9
block 28 9
block 29 9
block 31 9
block 32 9
block 33 9
block 34 9
block 35 9
block 48 9
block 49 9
block 50 9
block 51 9
block 52 9
block 57 9
block 58 9
block 59 9
block 60 9
block 61 9
block 72 9
block 73 9
block 74 9
block 0 10
block 16 10
block 17 10
block 18 10
block 19 10
block 20 10
block 31 10
block 32 10
block 33 10
block 34 10
block 35 10
block 48 10
block 49 10
block 50 10
block 51 10
block 52 10
block 57 10
block 58 10
block 59 10
block 60 10
block 61 10
block 72 10
block 73 10
block 74 10
block 0 11
block 31 11
block 32 11
block 33 11
block 34 11
block 35 11
block 48 11
block 49 11
block 50 11
block 51 11
block 52 11
block 57 11
block 58 11
block 72 11
block 73 11
block 74 11
block 0 12
block 31 12
block 32 12
block 33 12
block 34 12
block 35 12
block 48 12
block 49 12
block 50 12
block 51 12
block 52 12
block 57 12
block 58 12
block 72 12
block 73 12
block 74 12
block 2 13
block 3 13
block 31 13
block 32 13
block 33 13
block 34 13
block 35 13
block 36 13
block 37 13
block 38 13
block 39 13
block 40 13
block 41 13
block 57 13
block 58 13
block 2 14
block 3 14
block 31 14
block 32 14
block 33 14
block 34 14
block 35 14
block 36 14
block 37 14
block 38 14
block 39 14
block 40 14
block 41 14
block 57 14
block 58 14
block 2 15
block 3 15
block 35 15
block 36 15
block 37 15
block 38 15
block 39 15
block 40 15
block 41 15
block 57 15
block 58 15
block 2 16
block 3 16
block 35 16
block 36 16
block 37 16
block 38 16
block 39 16
block 40 16
block 41 16
block 50 16
block 51 16
block 52 16
block 53 16
block 54 16
block 55 16
block 2 17
block 3 17
block 35 17
block 36 17
block 37 17
block 38 17
block 39 17
block 40 17
block 41 17
block 50 17
block 51 17
block 52 17
block 53 17
block 54 17
block 55 17
block 0 18
block 1 18
block 2 18
block 3 18
block 4 18
block 5 18
block 30 18
block 31 18
block 32 18
block 33 18
block 34 18
block 35 18
block 36 18
block 37 18
block 38 18
block 39 18
block 40 18
block 41 18
block 50 18
block 51 18
block 52 18
block 53 18
block 54 18
block 55 18
block 74 18
block 0 19
block 1 19
block 2 19
block 3 19
block 4 19
block 5 19
block 18 19
block 19 19
block 30 19
block 31 19
block 32 19
block 33 19
block 34 19
block 50 19
block 51 19
block 52 19
block 53 19
block 54 19
block 55 19
block 74 19
block 0 20
block 1 20
block 2 20
block 3 20
block 4 20
block 5 20
block 18 20
block 19 20
block 72 20
block 73 20
block 74 20
block 0 21
block 1 21
block 2 21
block 3 21
block 4 21
block 5 21
block 18 21
block 19 21
block 72 21
block 73 21
block 74 21
block 2 22
block 3 22
block 4 22
block 5 22
block 14 22
block 15 22
block 16 22
block 17 22
block 18 22
block 19 22
block 72 22
block 73 22
block 74 22
block 2 23
block 3 23
block 4 23
block 5 23
block 14 23
block 15 23
block 16 23
block 17 23
block 18 23
block 19 23
block 72 23
block 73 23
block 74 23
block 2 24
block 3 24
block 4 24
block 5 24
block 14 24
block 15 24
block 16 24
block 17 24
block 18 24
block 19 24
block 72 24
block 73 24
block 74 24
block 2 25
block 3 25
block 4 25
block 5 25
block 14 25
block 15 25
block 16 25
block 17 25
block 18 25
block 19 25
block 72 25
block 73 25
block 74 25
##BotsAndCoinsInfo
bot_name 0 starter-bot
bot 0 6 9
bot_coins 0 0
coin 5 7
coin 69 18
round 1
bot 0 6 10
round 2
bot 0 6 11
round 3
bot 0 6 12
round 4
bot 0 6 13
round 5
bot 0 6 14
coin 47 12
coin 27 13
round 6
bot 0 6 15
round 7
bot 0 6 16
round 8
bot 0 6 17
round 9
bot 0 6 18
round 10
bot 0 6 19
coin 45 17
coin 30 8
round 11
bot 0 6 20
round 12
bot 0 6 21
round 13
bot 0 6 22
round 14
bot 0 6 23
round 15
bot 0 6 24
coin 5 16
coin 69 9
round 16
bot 0 6 25
round 17
bot 0 6 24
round 18
bot 0 6 23
round 19
bot 0 6 22
round 20
bot 0 6 21
coin 19 15
coin 55 10
round 21
bot 0 6 20
round 22
bot 0 6 19
round 23
bot 0 6 18
round 24
bot 0 6 17
coin_collected 5 16 0
bot_coins 0 1
round 25
bot 0 5 17
coin 32 0
coin 42 25
round 26
bot 0 4 17
round 27
bot 0 4 16
round 28
bot 0 4 15
round 29
bot 0 4 14
round 30
bot 0 4 13
coin 53 6
coin 21 19
round 31
bot 0 4 12
round 32
bot 0 3 12
round 33
bot 0 2 12
round 34
bot 0 1 12
round 35
bot 0 1 11
coin 28 3
coin 46 22
round 36
bot 0 1 10
round 37
bot 0 1 9
round 38
bot 0 1 8
round 39
bot 0 1 7
round 40
bot 0 0 7
coin 6 8
coin 68 17
round 41
bot 0 74 7
round 42
bot 0 73 7
round 43
bot 0 72 7
round 44
bot 0 71 7
round 45
bot 0 70 7
coin 43 25
coin 31 0
round 46
bot 0 69 7
coin_collected 69 9 0
bot_coins 0 2
round 47
bot 0 68 7
round 48
bot 0 67 7
round 49
bot 0 66 7
round 50
bot 0 65 7
coin 49 17
coin 25 8
round 51
bot 0 64 7
round 52
bot 0 63 7
round 53
bot 0 63 6
round 54
bot 0 63 5
round 55
bot 0 62 5
coin 26 17
coin 47 8
round 56
bot 0 62 4
round 57
bot 0 62 3
round 58
bot 0 61 3
round 59
bot 0 60 3
round 60
bot 0 59 3
coin 68 21
coin 6 4
round 61
bot 0 58 2
round 62
bot 0 58 1
round 63
bot 0 58 0
round 64
bot 0 57 1
round 65
bot 0 57 2
coin 55 6
coin 19 18
round 66
bot 0 57 3
round 67
round 68
round 69
round 70
coin 37 24
coin 37 1
round 71
round 72
round 73
round 74
round 75
coin 56 10
coin 18 15
round 76
round 77
round 78
round 79
round 80
coin 4 7
coin 70 18
round 81
round 82
round 83
round 84
round 85
coin 17 21
coin 56 4
round 86
coin_collected 56 4 0
bot_coins 0 3
round 87
round 88
round 89
round 90
coin 12 11
coin 62 14
round 91
round 92
round 93
round 94
round 95
coin 13 10
coin 61 15
round 96
round 97
round 98
round 99
round 100
coin 30 5
coin 44 20
round 101
round 102
round 103
round 104
round 105
coin 23 1
coin 51 24
round 106
round 107
round 108
round 109
round 110
coin 50 2
coin 24 23
round 111
round 112
round 113
round 114
round 115
coin 7 21
coin 67 4
round 116
round 117
round 118
round 119
round 120
coin 7 23
coin 67 2
round 121
round 122
round 123
round 124
round 125
coin 43 18
coin 31 7
round 126
round 127
round 128
round 129
round 130
coin 8 2
coin 66 23
round 131
round 132
round 133
round 134
round 135
coin 34 16
coin 40 9
round 136
round 137
round 138
round 139
round 140
coin 13 15
coin 61 11
round 141
round 142
round 143
round 144
round 145
coin 36 1
coin 38 24
round 146
round 147
round 148
round 149
round 150
coin 22 9
coin 52 15
round 151
round 152
round 153
round 154
round 155
coin 2 9
coin 72 16
round 156
round 157
round 158
round 159
round 160
coin 44 6
coin 29 19
round 161
round 162
round 163
round 164
round 165
coin 23 15
coin 53 10
round 166
round 167
round 168
round 169
round 170
coin 0 5
coin 73 19
round 171
round 172
round 173
round 174
round 175
coin 40 21
coin 34 4
round 176
round 177
round 178
round 179
round 180
coin 28 13
coin 46 12
round 181
round 182
round 183
round 184
round 185
coin 73 7
coin 1 17
round 186
round 187
round 188
round 189
round 190
coin 11 20
coin 63 5
round 191
round 192
round 193
round 194
round 195
coin 50 21
coin 24 1
round 196
round 197
round 198
round 199
round 200
coin 0 24
coin 74 1
match_over 0
