match
match_id 1639430698585_ad
match_time 1639430698589
num_bots 1
##MatchConfig
mode FRIENDLY
num_rounds 200
random_seed 42
move_time_limit 1000
coin_spawn_period 5
coin_spawn_volume 2
##MapConfig
map_size 60 33
view_radius 6
mining_radius 2
attack_radius 4
block 0 1
block 57 1
block 58 1
block 59 1
block 0 2
block 57 2
block 58 2
block 59 2
block 17 4
block 18 4
block 19 4
block 20 4
block 21 4
block 17 5
block 18 5
block 19 5
block 20 5
block 21 5
block 47 5
block 48 5
block 18 6
block 19 6
block 20 6
block 21 6
block 22 6
block 23 6
block 44 6
block 45 6
block 46 6
block 47 6
block 48 6
block 18 7
block 19 7
block 20 7
block 21 7
block 22 7
block 23 7
block 44 7
block 45 7
block 46 7
block 18 8
block 19 8
block 20 8
block 21 8
block 22 8
block 23 8
block 34 8
block 35 8
block 36 8
block 37 8
block 38 8
block 39 8
block 44 8
block 45 8
block 46 8
block 1 9
block 2 9
block 3 9
block 4 9
block 5 9
block 6 9
block 7 9
block 18 9
block 19 9
block 20 9
block 21 9
block 22 9
block 23 9
block 34 9
block 35 9
block 36 9
block 37 9
block 38 9
block 39 9
block 1 10
block 2 10
block 3 10
block 4 10
block 5 10
block 6 10
block 7 10
block 18 10
block 19 10
block 20 10
block 21 10
block 22 10
block 23 10
block 34 10
block 35 10
block 36 10
block 37 10
block 38 10
block 39 10
block 1 11
block 2 11
block 3 11
block 4 11
block 5 11
block 6 11
block 7 11
block 34 11
block 35 11
block 36 11
block 37 11
block 38 11
block 39 11
block 1 12
block 2 12
block 3 12
block 4 12
block 5 12
block 6 12
block 7 12
block 34 12
block 35 12
block 36 12
block 37 12
block 38 12
block 39 12
block 6 13
block 7 13
block 8 13
block 9 13
block 10 13
block 23 13
block 24 13
block 25 13
block 26 13
block 27 13
block 34 13
block 35 13
block 36 13
block 37 13
block 38 13
block 39 13
block 42 13
block 43 13
block 44 13
block 45 13
block 46 13
block 47 13
block 49 13
block 50 13
block 51 13
block 52 13
block 58 13
block 59 13
block 6 14
block 7 14
block 8 14
block 9 14
block 10 14
block 23 14
block 24 14
block 25 14
block 26 14
block 27 14
block 34 14
block 35 14
block 36 14
block 37 14
block 38 14
block 39 14
block 42 14
block 43 14
block 44 14
block 45 14
block 46 14
block 47 14
block 49 14
block 50 14
block 51 14
block 52 14
block 58 14
block 59 14
block 18 15
block 19 15
block 20 15
block 23 15
block 24 15
block 25 15
block 26 15
block 27 15
block 42 15
block 43 15
block 44 15
block 45 15
block 46 15
block 47 15
block 49 15
block 50 15
block 51 15
block 52 15
block 58 15
block 59 15
block 18 16
block 19 16
block 20 16
block 23 16
block 24 16
block 25 16
block 26 16
block 27 16
block 58 16
block 59 16
block 23 17
block 24 17
block 25 17
block 26 17
block 27 17
block 23 18
block 24 18
block 25 18
block 26 18
block 27 18
block 1 20
block 2 20
block 3 20
block 4 20
block 10 20
block 11 20
block 12 20
block 13 20
block 14 20
block 15 20
block 1 21
block 2 21
block 3 21
block 4 21
block 10 21
block 11 21
block 12 21
block 13 21
block 14 21
block 15 21
block 2 22
block 3 22
block 33 22
block 34 22
block 35 22
block 36 22
block 33 23
block 34 23
block 35 23
block 36 23
block 33 24
block 34 24
block 35 24
block 36 24
block 33 25
block 34 25
block 35 25
block 36 25
block 45 25
block 46 25
block 47 25
block 48 25
block 49 25
block 50 25
block 51 25
block 26 26
block 27 26
block 28 26
block 29 26
block 45 26
block 46 26
block 47 26
block 48 26
block 49 26
block 50 26
block 51 26
block 26 27
block 27 27
block 28 27
block 29 27
block 36 27
block 37 27
block 38 27
block 45 27
block 46 27
block 47 27
block 48 27
block 49 27
block 50 27
block 51 27
block 52 27
block 53 27
block 54 27
block 26 28
block 27 28
block 28 28
block 29 28
block 36 28
block 37 28
block 38 28
block 45 28
block 46 28
block 47 28
block 48 28
block 49 28
block 50 28
block 51 28
block 52 28
block 53 28
block 54 28
block 26 29
block 27 29
block 28 29
block 29 29
block 36 29
block 37 29
block 38 29
block 49 29
block 50 29
block 51 29
block 52 29
block 53 29
block 54 29
block 26 30
block 27 30
block 28 30
block 29 30
block 36 30
block 37 30
block 38 30
block 26 31
block 27 31
block 28 31
block 29 31
block 26 32
block 27 32
block 28 32
block 29 32
##BotsAndCoinsInfo
bot_name 0 starter-bot
bot 0 52 18
bot_coins 0 0
coin 50 16
coin 9 16
round 1
bot 0 51 17
coin_collected 50 16 0
bot_coins 0 1
round 2
bot 0 51 18
round 3
bot 0 51 19
round 4
bot 0 51 20
round 5
bot 0 51 21
coin 49 5
coin 10 27
round 6
bot 0 51 22
round 7
bot 0 51 23
round 8
bot 0 51 24
round 9
bot 0 50 24
round 10
bot 0 49 24
coin 30 19
coin 29 13
round 11
bot 0 48 24
round 12
bot 0 47 24
round 13
bot 0 46 24
round 14
bot 0 45 24
round 15
bot 0 44 24
coin 5 2
coin 54 30
round 16
bot 0 44 25
round 17
bot 0 44 26
round 18
bot 0 44 27
round 19
bot 0 44 28
round 20
bot 0 44 29
coin 19 17
coin 40 15
round 21
bot 0 44 30
round 22
bot 0 44 31
round 23
bot 0 44 32
round 24
bot 0 43 31
round 25
bot 0 43 30
coin 2 29
coin 57 3
round 26
bot 0 43 29
round 27
bot 0 43 28
round 28
bot 0 43 27
round 29
bot 0 43 26
round 30
bot 0 43 25
coin 36 0
coin 23 32
round 31
bot 0 43 24
round 32
bot 0 43 23
round 33
bot 0 43 22
round 34
bot 0 43 21
round 35
bot 0 43 20
coin 56 11
coin 4 22
round 36
bot 0 42 19
round 37
bot 0 41 18
round 38
bot 0 40 17
coin_collected 40 15 0
bot_coins 0 2
round 39
bot 0 40 16
round 40
bot 0 40 15
coin 36 7
coin 23 25
round 41
bot 0 40 14
round 42
bot 0 40 13
round 43
bot 0 40 12
round 44
bot 0 40 11
round 45
bot 0 40 12
coin 43 20
coin 16 12
round 46
bot 0 40 11
round 47
bot 0 40 12
round 48
bot 0 40 11
round 49
round 50
bot 0 40 12
coin 20 3
coin 39 29
round 51
round 52
bot 0 40 11
round 53
round 54
round 55
coin 26 9
coin 32 23
round 56
bot 0 40 12
round 57
bot 0 40 11
round 58
bot 0 41 11
round 59
bot 0 41 10
round 60
bot 0 40 9
coin 23 30
coin 36 2
round 61
bot 0 41 9
round 62
bot 0 40 8
round 63
bot 0 39 7
round 64
bot 0 38 6
round 65
bot 0 37 5
coin 10 28
coin 49 4
round 66
bot 0 36 4
coin_collected 36 2 0
bot_coins 0 3
round 67
bot 0 35 3
round 68
bot 0 36 2
coin_collected 36 0 0
bot_coins 0 4
round 69
bot 0 35 3
round 70
bot 0 36 4
coin 7 18
coin 53 14
round 71
bot 0 35 5
round 72
bot 0 36 6
coin_collected 36 7 0
bot_coins 0 5
round 73
bot 0 36 5
round 74
bot 0 36 4
round 75
bot 0 36 3
coin 10 15
coin 49 17
round 76
bot 0 36 2
round 77
bot 0 36 1
round 78
bot 0 37 2
round 79
bot 0 37 1
round 80
bot 0 38 2
coin 50 2
coin 9 30
round 81
bot 0 38 1
round 82
bot 0 39 2
round 83
bot 0 39 1
round 84
bot 0 38 2
round 85
bot 0 38 1
coin 17 14
coin 42 18
round 86
bot 0 39 2
round 87
bot 0 39 1
round 88
bot 0 38 2
round 89
bot 0 38 1
round 90
bot 0 39 2
coin 12 22
coin 47 10
round 91
bot 0 39 1
round 92
bot 0 38 2
round 93
bot 0 39 1
round 94
bot 0 39 0
round 95
bot 0 38 1
coin 13 15
coin 46 17
round 96
bot 0 38 0
round 97
bot 0 39 1
round 98
bot 0 38 2
round 99
bot 0 37 3
round 100
bot 0 37 4
coin 59 25
coin 0 7
round 101
bot 0 37 5
round 102
bot 0 37 6
round 103
bot 0 37 7
round 104
bot 0 36 7
round 105
bot 0 35 7
coin 23 12
coin 36 20
round 106
bot 0 34 7
round 107
bot 0 33 7
round 108
bot 0 33 8
round 109
bot 0 33 9
round 110
bot 0 32 10
coin 35 6
coin 24 26
round 111
bot 0 33 9
round 112
round 113
bot 0 33 8
round 114
bot 0 34 7
coin_collected 35 6 0
bot_coins 0 6
round 115
bot 0 33 7
coin 7 5
coin 52 26
round 116
bot 0 33 8
round 117
bot 0 33 9
round 118
bot 0 32 10
round 119
bot 0 31 11
round 120
bot 0 30 12
coin_collected 29 13 0
bot_coins 0 7
coin 37 22
coin 22 11
round 121
bot 0 29 11
round 122
bot 0 28 10
round 123
bot 0 27 11
round 124
bot 0 26 10
coin_collected 26 9 0
bot_coins 0 8
round 125
bot 0 25 11
coin 13 2
coin 46 30
round 126
bot 0 24 10
round 127
bot 0 23 11
coin_collected 23 12 0
bot_coins 0 9
coin_collected 22 11 0
bot_coins 0 10
round 128
bot 0 23 12
round 129
bot 0 22 12
round 130
bot 0 21 13
coin 38 4
coin 21 28
round 131
bot 0 20 14
round 132
bot 0 19 14
coin_collected 17 14 0
bot_coins 0 11
round 133
bot 0 18 14
round 134
bot 0 17 14
round 135
bot 0 18 13
coin 20 13
coin 39 19
round 136
bot 0 19 14
coin_collected 20 13 0
bot_coins 0 12
round 137
bot 0 18 14
round 138
bot 0 17 14
round 139
round 140
bot 0 17 13
coin_collected 16 12 0
bot_coins 0 13
coin 13 28
coin 46 4
round 141
bot 0 18 14
round 142
bot 0 17 14
round 143
bot 0 18 13
round 144
bot 0 19 14
round 145
bot 0 18 14
coin 21 15
coin 38 17
round 146
round 147
bot 0 17 14
round 148
bot 0 16 15
round 149
bot 0 17 16
round 150
bot 0 18 17
coin_collected 19 17 0
bot_coins 0 14
coin 37 15
coin 22 17
round 151
bot 0 18 18
round 152
bot 0 19 17
round 153
bot 0 18 17
round 154
bot 0 17 17
round 155
bot 0 18 17
coin 32 19
coin 28 13
round 156
bot 0 17 17
round 157
bot 0 16 18
round 158
bot 0 17 17
round 159
bot 0 16 16
round 160
bot 0 17 15
coin 14 26
coin 45 5
round 161
round 162
round 163
round 164
bot 0 17 16
round 165
bot 0 18 17
coin 38 25
coin 22 5
round 166
bot 0 19 17
round 167
bot 0 20 18
round 168
bot 0 21 17
coin_collected 21 15 0
bot_coins 0 15
coin_collected 22 17 0
bot_coins 0 16
round 169
bot 0 21 18
round 170
bot 0 21 19
coin 15 15
coin 44 17
round 171
bot 0 21 20
round 172
bot 0 22 21
round 173
bot 0 23 22
round 174
bot 0 24 23
round 175
bot 0 23 24
coin_collected 23 25 0
bot_coins 0 17
coin 10 2
coin 49 30
round 176
bot 0 22 25
round 177
bot 0 21 26
coin_collected 21 28 0
bot_coins 0 18
round 178
bot 0 22 27
round 179
bot 0 23 28
coin_collected 23 30 0
bot_coins 0 19
round 180
bot 0 22 29
coin 13 4
coin 46 29
round 181
bot 0 23 30
coin_collected 23 32 0
bot_coins 0 20
round 182
bot 0 24 29
round 183
bot 0 23 28
round 184
bot 0 24 27
coin_collected 24 26 0
bot_coins 0 21
round 185
bot 0 24 28
coin 13 5
coin 44 27
round 186
bot 0 24 29
round 187
bot 0 24 30
round 188
bot 0 24 31
round 189
bot 0 24 32
round 190
bot 0 23 31
coin 26 19
coin 33 13
round 191
bot 0 22 30
round 192
bot 0 21 29
round 193
bot 0 21 28
round 194
bot 0 21 27
round 195
bot 0 21 26
coin 5 21
coin 54 11
round 196
bot 0 21 25
round 197
bot 0 21 24
round 198
bot 0 21 23
round 199
bot 0 21 22
round 200
bot 0 22 21
coin 0 25
coin 59 7
match_over 0
