match
match_id 1639436183668_ae
match_time 1639436183676
num_bots 1
##MatchConfig
mode FRIENDLY
num_rounds 200
random_seed 42
move_time_limit 1000
coin_spawn_period 5
coin_spawn_volume 2
##MapConfig
map_size 49 30
view_radius 5
mining_radius 1
attack_radius 4
block 10 0
block 11 0
block 12 0
block 25 0
block 26 0
block 27 0
block 28 0
block 10 1
block 11 1
block 12 1
block 25 1
block 26 1
block 27 1
block 28 1
block 11 3
block 12 3
block 11 4
block 12 4
block 18 10
block 19 10
block 20 10
block 21 10
block 37 10
block 38 10
block 39 10
block 40 10
block 41 10
block 42 10
block 18 11
block 19 11
block 20 11
block 21 11
block 37 11
block 38 11
block 39 11
block 40 11
block 41 11
block 42 11
block 5 12
block 6 12
block 7 12
block 8 12
block 9 12
block 37 12
block 38 12
block 39 12
block 40 12
block 41 12
block 42 12
block 5 13
block 6 13
block 7 13
block 8 13
block 9 13
block 37 13
block 38 13
block 39 13
block 40 13
block 41 13
block 42 13
block 5 14
block 6 14
block 7 14
block 8 14
block 9 14
block 37 14
block 38 14
block 39 14
block 40 14
block 41 14
block 42 14
block 5 15
block 6 15
block 7 15
block 8 15
block 9 15
block 37 15
block 38 15
block 39 15
block 40 15
block 41 15
block 42 15
block 5 16
block 6 16
block 7 16
block 8 16
block 9 16
block 37 16
block 38 16
block 39 16
block 40 16
block 41 16
block 42 16
block 5 17
block 6 17
block 7 17
block 8 17
block 9 17
block 5 18
block 6 18
block 7 18
block 8 18
block 9 18
block 38 18
block 39 18
block 40 18
block 41 18
block 42 18
block 38 19
block 39 19
block 40 19
block 41 19
block 42 19
block 19 20
block 20 20
block 21 20
block 22 20
block 23 20
block 24 20
block 38 20
block 39 20
block 40 20
block 41 20
block 42 20
block 19 21
block 20 21
block 21 21
block 22 21
block 23 21
block 24 21
block 19 22
block 20 22
block 21 22
block 22 22
block 23 22
block 24 22
block 19 23
block 20 23
block 21 23
block 22 23
block 23 23
block 24 23
block 19 24
block 20 24
block 21 24
block 22 24
block 23 24
block 24 24
block 19 25
block 20 25
block 21 25
block 22 25
block 23 25
block 24 25
block 19 26
block 20 26
block 21 26
block 22 26
block 23 26
block 24 26
block 10 27
block 11 27
block 12 27
block 10 28
block 11 28
block 12 28
block 10 29
block 11 29
block 12 29
block 25 29
block 26 29
block 27 29
block 28 29
##BotsAndCoinsInfo
bot_name 0 starter-bot
bot 0 48 14
bot_coins 0 0
coin 29 3
coin 18 26
round 1
bot 0 48 15
round 2
bot 0 48 16
round 3
bot 0 48 17
round 4
bot 0 48 18
round 5
bot 0 48 19
coin 34 14
coin 14 15
round 6
bot 0 48 20
round 7
bot 0 48 21
round 8
bot 0 48 22
round 9
bot 0 48 23
round 10
bot 0 48 24
coin 18 25
coin 30 4
round 11
bot 0 48 25
round 12
bot 0 48 26
round 13
bot 0 48 27
round 14
bot 0 48 28
round 15
bot 0 48 29
coin 1 8
coin 47 21
round 16
bot 0 47 28
round 17
bot 0 47 27
round 18
bot 0 47 26
round 19
bot 0 47 25
round 20
bot 0 46 24
coin 48 23
coin 0 6
round 21
bot 0 47 23
coin_collected 48 23 0
bot_coins 0 1
round 22
bot 0 46 22
round 23
bot 0 47 21
coin_collected 47 21 0
bot_coins 0 2
round 24
bot 0 47 20
round 25
bot 0 47 19
coin 3 2
coin 45 27
round 26
bot 0 47 18
round 27
bot 0 47 17
round 28
bot 0 47 16
round 29
bot 0 47 15
round 30
bot 0 47 14
coin 28 12
coin 20 17
round 31
bot 0 47 13
round 32
bot 0 47 12
round 33
bot 0 47 11
round 34
bot 0 46 10
round 35
bot 0 45 9
coin 15 2
coin 33 27
round 36
bot 0 45 8
round 37
bot 0 45 7
round 38
bot 0 44 6
round 39
bot 0 44 5
round 40
bot 0 44 4
coin 29 0
coin 19 29
round 41
bot 0 44 3
round 42
bot 0 44 2
round 43
bot 0 44 1
round 44
bot 0 45 2
round 45
bot 0 45 1
coin 0 29
coin 48 0
round 46
bot 0 44 2
round 47
bot 0 44 1
round 48
bot 0 45 2
round 49
bot 0 45 1
round 50
bot 0 44 2
coin 43 13
coin 4 16
round 51
bot 0 44 1
round 52
bot 0 45 2
round 53
bot 0 45 1
round 54
bot 0 44 2
round 55
bot 0 45 2
coin 15 3
coin 33 26
round 56
round 57
bot 0 45 1
round 58
bot 0 44 1
round 59
bot 0 45 0
round 60
bot 0 44 1
coin 28 21
coin 20 8
round 61
bot 0 45 2
round 62
round 63
round 64
bot 0 45 1
round 65
bot 0 45 2
coin 35 28
coin 13 1
round 66
bot 0 45 3
round 67
bot 0 45 4
round 68
bot 0 45 5
round 69
bot 0 45 6
round 70
bot 0 45 7
coin 11 6
coin 37 23
round 71
bot 0 45 8
round 72
bot 0 45 9
round 73
bot 0 45 10
round 74
bot 0 45 11
round 75
bot 0 45 12
coin 26 6
coin 25 23
round 76
bot 0 45 13
round 77
bot 0 45 14
round 78
bot 0 45 15
round 79
bot 0 45 16
round 80
bot 0 45 17
coin 44 5
coin 4 24
round 81
bot 0 45 18
round 82
bot 0 45 19
round 83
bot 0 45 20
round 84
bot 0 45 21
round 85
bot 0 45 22
coin 10 17
coin 36 12
round 86
bot 0 45 23
round 87
bot 0 45 24
round 88
bot 0 45 25
round 89
bot 0 45 26
coin_collected 45 27 0
bot_coins 0 3
round 90
bot 0 45 27
coin 19 13
coin 29 16
round 91
bot 0 45 28
round 92
bot 0 45 29
round 93
bot 0 45 0
round 94
bot 0 45 1
round 95
bot 0 45 2
coin 21 27
coin 27 2
round 96
bot 0 45 3
round 97
bot 0 45 4
round 98
bot 0 45 5
coin_collected 44 5 0
bot_coins 0 4
round 99
bot 0 45 6
round 100
bot 0 45 7
coin 41 25
coin 7 4
round 101
bot 0 45 8
round 102
bot 0 45 9
round 103
bot 0 45 10
round 104
bot 0 45 11
round 105
bot 0 45 12
coin 0 7
coin 48 22
round 106
bot 0 45 13
round 107
bot 0 45 14
round 108
bot 0 45 15
round 109
bot 0 45 16
round 110
bot 0 45 17
coin 10 24
coin 38 5
round 111
bot 0 45 18
round 112
bot 0 45 19
round 113
bot 0 45 20
round 114
bot 0 45 21
round 115
bot 0 45 22
coin 6 5
coin 42 24
round 116
bot 0 45 23
round 117
bot 0 45 24
round 118
bot 0 45 25
round 119
bot 0 45 26
round 120
bot 0 45 27
coin 48 13
coin 0 16
round 121
bot 0 45 28
round 122
bot 0 45 29
round 123
bot 0 45 0
round 124
bot 0 45 1
round 125
bot 0 45 2
coin 12 20
coin 36 9
round 126
bot 0 45 3
round 127
bot 0 45 4
round 128
bot 0 45 5
round 129
bot 0 45 6
round 130
bot 0 45 7
coin 37 17
coin 11 12
round 131
bot 0 45 8
round 132
bot 0 45 9
round 133
bot 0 46 9
round 134
bot 0 46 10
round 135
bot 0 46 11
coin 16 10
coin 32 19
round 136
bot 0 46 12
round 137
bot 0 46 13
round 138
bot 0 46 14
round 139
bot 0 46 15
round 140
bot 0 46 16
coin 43 19
coin 5 10
round 141
bot 0 46 17
round 142
bot 0 46 18
round 143
bot 0 46 19
round 144
bot 0 46 20
round 145
bot 0 46 21
coin 43 3
coin 5 26
round 146
bot 0 46 22
round 147
bot 0 46 23
round 148
bot 0 46 24
round 149
bot 0 46 25
round 150
bot 0 46 26
coin 0 28
coin 48 1
round 151
bot 0 46 27
round 152
bot 0 46 28
round 153
bot 0 46 29
round 154
bot 0 46 0
round 155
bot 0 46 1
coin 46 0
coin 2 29
round 156
bot 0 46 2
round 157
bot 0 46 3
round 158
bot 0 46 4
round 159
bot 0 46 5
round 160
bot 0 46 6
coin 1 14
coin 47 15
round 161
bot 0 46 7
round 162
bot 0 46 8
round 163
bot 0 46 9
round 164
bot 0 46 10
round 165
bot 0 46 11
coin 34 19
coin 14 10
round 166
bot 0 46 12
round 167
bot 0 46 13
round 168
bot 0 46 14
round 169
bot 0 46 15
coin_collected 47 15 0
bot_coins 0 5
round 170
bot 0 46 16
coin 34 9
coin 14 20
round 171
bot 0 46 17
round 172
bot 0 46 18
round 173
bot 0 46 19
round 174
bot 0 46 20
round 175
bot 0 46 21
coin 31 11
coin 17 18
round 176
bot 0 46 22
round 177
bot 0 46 23
round 178
bot 0 46 24
round 179
bot 0 46 25
round 180
bot 0 46 26
coin 4 19
coin 44 10
round 181
bot 0 46 27
round 182
bot 0 46 28
round 183
bot 0 46 29
coin_collected 46 0 0
bot_coins 0 6
round 184
bot 0 46 0
round 185
bot 0 46 1
coin 15 23
coin 33 6
round 186
bot 0 46 2
round 187
bot 0 46 3
round 188
bot 0 46 4
round 189
bot 0 46 5
round 190
bot 0 46 6
coin 6 10
coin 43 20
round 191
bot 0 46 7
round 192
bot 0 46 8
round 193
bot 0 46 9
round 194
bot 0 46 10
round 195
bot 0 47 9
coin 10 3
coin 38 26
round 196
bot 0 47 10
round 197
bot 0 47 11
round 198
bot 0 47 12
round 199
bot 0 47 13
coin_collected 48 13 0
bot_coins 0 7
round 200
bot 0 47 14
coin 23 4
coin 25 25
match_over 0
