match
match_id 1639214537490_lr
match_time 1639214537493
num_bots 1
##MatchConfig
mode FRIENDLY
num_rounds 200
random_seed 42
move_time_limit 1000
coin_spawn_period 5
coin_spawn_volume 2
##MapConfig
map_size 66 29
view_radius 5
mining_radius 1
attack_radius 3
block 0 0
block 1 0
block 2 0
block 15 0
block 16 0
block 17 0
block 18 0
block 30 0
block 31 0
block 32 0
block 33 0
block 64 0
block 65 0
block 0 1
block 1 1
block 2 1
block 30 1
block 31 1
block 32 1
block 33 1
block 42 1
block 43 1
block 44 1
block 45 1
block 46 1
block 47 1
block 64 1
block 65 1
block 0 2
block 1 2
block 2 2
block 30 2
block 31 2
block 32 2
block 33 2
block 42 2
block 43 2
block 44 2
block 45 2
block 46 2
block 47 2
block 64 2
block 65 2
block 42 3
block 43 3
block 44 3
block 45 3
block 46 3
block 47 3
block 42 4
block 43 4
block 44 4
block 45 4
block 46 4
block 47 4
block 45 5
block 46 5
block 45 6
block 46 6
block 45 7
block 46 7
block 52 7
block 53 7
block 54 7
block 55 7
block 56 7
block 57 7
block 0 8
block 1 8
block 2 8
block 3 8
block 4 8
block 5 8
block 36 8
block 37 8
block 38 8
block 39 8
block 40 8
block 41 8
block 42 8
block 45 8
block 46 8
block 52 8
block 53 8
block 54 8
block 55 8
block 56 8
block 57 8
block 65 8
block 0 9
block 1 9
block 2 9
block 3 9
block 4 9
block 5 9
block 36 9
block 37 9
block 38 9
block 39 9
block 40 9
block 41 9
block 42 9
block 43 9
block 45 9
block 46 9
block 52 9
block 53 9
block 54 9
block 55 9
block 56 9
block 57 9
block 58 9
block 59 9
block 60 9
block 61 9
block 62 9
block 63 9
block 65 9
block 1 10
block 2 10
block 3 10
block 4 10
block 36 10
block 37 10
block 38 10
block 39 10
block 40 10
block 41 10
block 42 10
block 43 10
block 45 10
block 46 10
block 58 10
block 59 10
block 60 10
block 61 10
block 62 10
block 63 10
block 1 11
block 2 11
block 3 11
block 4 11
block 37 11
block 38 11
block 39 11
block 40 11
block 41 11
block 42 11
block 43 11
block 58 11
block 59 11
block 60 11
block 61 11
block 62 11
block 63 11
block 1 12
block 2 12
block 3 12
block 4 12
block 37 12
block 38 12
block 39 12
block 40 12
block 41 12
block 42 12
block 43 12
block 58 12
block 59 12
block 60 12
block 61 12
block 62 12
block 63 12
block 1 13
block 2 13
block 3 13
block 4 13
block 31 13
block 32 13
block 37 13
block 38 13
block 39 13
block 40 13
block 41 13
block 42 13
block 43 13
block 44 13
block 45 13
block 58 13
block 59 13
block 60 13
block 61 13
block 62 13
block 63 13
block 1 14
block 2 14
block 3 14
block 4 14
block 31 14
block 32 14
block 37 14
block 38 14
block 39 14
block 40 14
block 41 14
block 42 14
block 43 14
block 44 14
block 45 14
block 1 15
block 2 15
block 3 15
block 4 15
block 31 15
block 32 15
block 37 15
block 38 15
block 39 15
block 40 15
block 41 15
block 42 15
block 43 15
block 44 15
block 45 15
block 1 16
block 2 16
block 3 16
block 4 16
block 19 16
block 20 16
block 21 16
block 22 16
block 31 16
block 32 16
block 19 17
block 20 17
block 21 17
block 22 17
block 19 18
block 20 18
block 21 18
block 22 18
block 51 18
block 52 18
block 15 19
block 16 19
block 17 19
block 18 19
block 19 19
block 20 19
block 21 19
block 22 19
block 32 19
block 33 19
block 34 19
block 35 19
block 36 19
block 37 19
block 38 19
block 51 19
block 52 19
block 58 19
block 59 19
block 60 19
block 61 19
block 5 20
block 6 20
block 7 20
block 15 20
block 16 20
block 17 20
block 18 20
block 19 20
block 20 20
block 21 20
block 22 20
block 32 20
block 33 20
block 34 20
block 35 20
block 36 20
block 37 20
block 38 20
block 51 20
block 52 20
block 58 20
block 59 20
block 60 20
block 61 20
block 5 21
block 6 21
block 7 21
block 15 21
block 16 21
block 17 21
block 18 21
block 19 21
block 32 21
block 33 21
block 34 21
block 35 21
block 36 21
block 37 21
block 38 21
block 51 21
block 52 21
block 53 21
block 54 21
block 55 21
block 56 21
block 58 21
block 59 21
block 60 21
block 61 21
block 5 22
block 6 22
block 7 22
block 15 22
block 16 22
block 17 22
block 18 22
block 19 22
block 32 22
block 33 22
block 34 22
block 35 22
block 36 22
block 37 22
block 38 22
block 51 22
block 52 22
block 53 22
block 54 22
block 55 22
block 56 22
block 5 23
block 6 23
block 7 23
block 15 23
block 16 23
block 17 23
block 18 23
block 23 23
block 24 23
block 25 23
block 26 23
block 32 23
block 33 23
block 34 23
block 35 23
block 36 23
block 37 23
block 38 23
block 51 23
block 52 23
block 5 24
block 6 24
block 7 24
block 15 24
block 16 24
block 17 24
block 18 24
block 23 24
block 24 24
block 25 24
block 26 24
block 32 24
block 33 24
block 34 24
block 35 24
block 36 24
block 37 24
block 38 24
block 51 24
block 52 24
block 5 25
block 6 25
block 7 25
block 15 25
block 16 25
block 17 25
block 18 25
block 23 25
block 24 25
block 25 25
block 26 25
block 32 25
block 33 25
block 34 25
block 35 25
block 36 25
block 37 25
block 38 25
block 0 26
block 1 26
block 2 26
block 5 26
block 6 26
block 7 26
block 15 26
block 16 26
block 17 26
block 18 26
block 32 26
block 33 26
block 34 26
block 35 26
block 36 26
block 64 26
block 65 26
block 0 27
block 1 27
block 2 27
block 15 27
block 16 27
block 17 27
block 18 27
block 32 27
block 33 27
block 34 27
block 35 27
block 36 27
block 64 27
block 65 27
block 0 28
block 1 28
block 2 28
block 15 28
block 16 28
block 17 28
block 18 28
block 32 28
block 33 28
block 34 28
block 35 28
block 36 28
block 64 28
block 65 28
##BotsAndCoinsInfo
bot_name 0 starter-bot
bot 0 64 18
bot_coins 0 0
coin 62 8
coin 3 20
round 1
bot 0 64 19
round 2
bot 0 64 20
round 3
bot 0 64 21
round 4
bot 0 64 22
round 5
bot 0 64 23
coin 30 15
coin 35 13
round 6
bot 0 64 24
round 7
bot 0 64 25
round 8
round 9
round 10
coin 39 23
coin 26 5
round 11
round 12
round 13
round 14
round 15
coin 23 8
coin 42 20
round 16
round 17
round 18
round 19
round 20
coin 43 25
coin 22 3
round 21
round 22
round 23
round 24
round 25
coin 44 22
coin 21 6
round 26
round 27
round 28
round 29
round 30
coin 24 15
coin 41 16
round 31
round 32
round 33
round 34
round 35
coin 2 20
coin 63 8
round 36
round 37
round 38
round 39
round 40
coin 48 1
coin 19 27
round 41
round 42
round 43
round 44
round 45
coin 55 2
coin 10 26
round 46
round 47
round 48
round 49
round 50
coin 31 27
coin 34 1
round 51
round 52
round 53
round 54
round 55
coin 14 19
coin 51 9
round 56
round 57
round 58
round 59
round 60
coin 23 19
coin 43 8
round 61
round 62
round 63
round 64
round 65
coin 10 8
coin 55 20
round 66
round 67
round 68
round 69
round 70
coin 36 11
coin 29 17
round 71
round 72
round 73
round 74
round 75
coin 22 1
coin 43 27
round 76
round 77
round 78
round 79
round 80
coin 56 16
coin 9 12
round 81
round 82
round 83
round 84
round 85
coin 65 7
coin 0 21
round 86
round 87
round 88
round 89
round 90
coin 54 27
coin 11 1
round 91
round 92
round 93
round 94
round 95
coin 43 22
coin 22 6
round 96
round 97
round 98
round 99
round 100
coin 39 22
coin 26 6
round 101
round 102
round 103
round 104
round 105
coin 23 22
coin 42 6
round 106
round 107
round 108
round 109
round 110
coin 65 15
coin 0 13
round 111
round 112
round 113
round 114
round 115
coin 3 0
coin 62 28
round 116
round 117
round 118
round 119
round 120
coin 7 14
coin 58 14
round 121
round 122
round 123
round 124
round 125
coin 37 2
coin 28 26
round 126
round 127
round 128
round 129
round 130
coin 8 10
coin 57 18
round 131
round 132
round 133
round 134
round 135
coin 2 19
coin 64 9
round 136
round 137
round 138
round 139
round 140
coin 55 23
coin 10 5
round 141
round 142
round 143
round 144
round 145
coin 27 5
coin 39 24
round 146
round 147
round 148
round 149
round 150
coin 1 6
coin 64 22
round 151
round 152
round 153
round 154
round 155
coin 26 20
coin 39 7
round 156
round 157
round 158
round 159
round 160
coin 26 13
coin 39 16
round 161
round 162
round 163
round 164
round 165
coin 38 26
coin 27 2
round 166
round 167
round 168
round 169
round 170
coin 44 5
coin 21 23
round 171
round 172
round 173
round 174
round 175
coin 16 18
coin 49 10
round 176
round 177
round 178
round 179
round 180
coin 13 5
coin 53 23
round 181
round 182
round 183
round 184
round 185
coin 1 24
coin 64 4
round 186
round 187
round 188
round 189
round 190
coin 62 6
coin 3 22
round 191
round 192
round 193
round 194
round 195
coin 65 11
coin 0 17
round 196
round 197
round 198
round 199
round 200
coin 54 4
coin 11 24
match_over 0
