match
match_id 1639149623472_ap
match_time 1639149623482
num_bots 1
##MatchConfig
mode FRIENDLY
num_rounds 200
random_seed 42
move_time_limit 1000
coin_spawn_period 5
coin_spawn_volume 2
##MapConfig
map_size 53 35
view_radius 5
mining_radius 1
attack_radius 4
block 2 0
block 3 0
block 4 0
block 5 0
block 6 0
block 33 0
block 34 0
block 2 1
block 3 1
block 4 1
block 5 1
block 6 1
block 33 1
block 34 1
block 33 2
block 34 2
block 33 3
block 34 3
block 47 3
block 48 3
block 49 3
block 50 3
block 51 3
block 52 3
block 47 4
block 48 4
block 49 4
block 50 4
block 51 4
block 52 4
block 44 5
block 45 5
block 47 5
block 48 5
block 49 5
block 50 5
block 51 5
block 52 5
block 44 6
block 45 6
block 47 6
block 48 6
block 49 6
block 50 6
block 51 6
block 52 6
block 3 7
block 4 7
block 5 7
block 6 7
block 7 7
block 8 7
block 9 7
block 43 7
block 44 7
block 45 7
block 46 7
block 47 7
block 48 7
block 49 7
block 50 7
block 51 7
block 52 7
block 3 8
block 4 8
block 5 8
block 6 8
block 7 8
block 8 8
block 9 8
block 43 8
block 44 8
block 45 8
block 46 8
block 47 8
block 48 8
block 49 8
block 50 8
block 51 8
block 52 8
block 8 9
block 9 9
block 43 9
block 44 9
block 45 9
block 46 9
block 47 9
block 48 9
block 8 10
block 9 10
block 7 11
block 8 11
block 9 11
block 7 12
block 8 12
block 9 12
block 33 12
block 34 12
block 7 13
block 8 13
block 9 13
block 33 13
block 34 13
block 7 14
block 8 14
block 33 14
block 34 14
block 0 15
block 1 15
block 7 15
block 8 15
block 33 15
block 34 15
block 52 15
block 0 16
block 1 16
block 7 16
block 8 16
block 33 16
block 34 16
block 52 16
block 0 17
block 1 17
block 52 17
block 0 18
block 1 18
block 47 18
block 48 18
block 49 18
block 50 18
block 51 18
block 52 18
block 0 19
block 1 19
block 22 19
block 23 19
block 46 19
block 47 19
block 48 19
block 49 19
block 50 19
block 51 19
block 52 19
block 0 20
block 1 20
block 22 20
block 23 20
block 46 20
block 47 20
block 48 20
block 49 20
block 50 20
block 51 20
block 52 20
block 22 21
block 23 21
block 47 21
block 48 21
block 49 21
block 50 21
block 51 21
block 52 21
block 22 22
block 23 22
block 22 23
block 23 23
block 10 24
block 11 24
block 12 24
block 13 24
block 14 24
block 22 24
block 23 24
block 10 25
block 11 25
block 12 25
block 13 25
block 14 25
block 10 26
block 11 26
block 12 26
block 13 26
block 14 26
block 10 27
block 11 27
block 12 27
block 13 27
block 14 27
block 45 27
block 46 27
block 47 27
block 48 27
block 10 28
block 11 28
block 12 28
block 13 28
block 14 28
block 45 28
block 46 28
block 47 28
block 48 28
block 45 29
block 46 29
block 47 29
block 48 29
block 45 30
block 46 30
block 47 30
block 48 30
block 45 31
block 46 31
block 47 31
block 48 31
block 2 32
block 3 32
block 4 32
block 5 32
block 6 32
block 33 32
block 34 32
block 45 32
block 46 32
block 47 32
block 48 32
block 2 33
block 3 33
block 4 33
block 5 33
block 6 33
block 33 33
block 34 33
block 45 33
block 46 33
block 47 33
block 48 33
block 2 34
block 3 34
block 4 34
block 5 34
block 6 34
block 33 34
block 34 34
##BotsAndCoinsInfo
bot_name 0 starter-bot
bot 0 2 9
bot_coins 0 0
coin 35 33
coin 17 1
round 1
round 2
round 3
round 4
round 5
coin 5 24
coin 47 10
round 6
round 7
round 8
round 9
bot 0 1 10
round 10
bot 0 0 11
coin 19 25
coin 33 9
round 11
bot 0 52 12
round 12
bot 0 51 13
round 13
bot 0 50 14
round 14
bot 0 49 15
round 15
bot 0 48 16
coin 45 3
coin 7 31
round 16
bot 0 47 17
round 17
round 18
round 19
round 20
coin 14 3
coin 38 31
round 21
round 22
round 23
bot 0 48 16
round 24
bot 0 49 15
round 25
bot 0 50 14
coin 3 31
coin 49 2
round 26
bot 0 51 13
round 27
bot 0 52 12
round 28
bot 0 0 11
round 29
bot 0 1 10
round 30
bot 0 2 9
coin 20 7
coin 32 27
round 31
bot 0 1 10
round 32
bot 0 0 11
round 33
bot 0 52 12
round 34
bot 0 51 13
round 35
bot 0 50 14
coin 34 17
coin 18 17
round 36
bot 0 49 15
round 37
bot 0 48 16
round 38
bot 0 48 17
round 39
round 40
coin 34 5
coin 18 29
round 41
round 42
round 43
round 44
round 45
bot 0 49 16
coin 40 9
coin 12 23
round 46
bot 0 50 15
round 47
bot 0 51 14
round 48
bot 0 52 13
round 49
bot 0 0 12
round 50
bot 0 1 11
coin 39 8
coin 15 26
round 51
bot 0 2 10
round 52
bot 0 3 9
round 53
round 54
round 55
coin 21 23
coin 31 11
round 56
round 57
round 58
round 59
round 60
coin 42 16
coin 10 18
round 61
bot 0 2 10
round 62
bot 0 1 11
round 63
bot 0 0 12
round 64
bot 0 52 13
round 65
bot 0 51 14
coin 35 3
coin 17 31
round 66
bot 0 50 15
round 67
bot 0 49 16
round 68
bot 0 48 17
round 69
round 70
bot 0 49 17
coin 27 26
coin 25 8
round 71
bot 0 50 17
round 72
bot 0 51 17
round 73
round 74
round 75
coin 24 6
coin 28 28
round 76
round 77
round 78
round 79
round 80
coin 43 10
coin 9 24
round 81
round 82
round 83
round 84
round 85
coin 26 32
coin 26 2
round 86
round 87
round 88
round 89
round 90
coin 46 34
coin 7 0
round 91
round 92
round 93
round 94
round 95
coin 30 34
coin 22 0
round 96
bot 0 50 17
round 97
bot 0 49 17
round 98
bot 0 48 17
round 99
bot 0 47 17
round 100
bot 0 46 17
coin 32 5
coin 20 29
round 101
bot 0 45 17
round 102
bot 0 44 17
round 103
bot 0 43 17
round 104
bot 0 42 17
coin_collected 42 16 0
bot_coins 0 1
round 105
bot 0 41 17
coin 27 7
coin 25 27
round 106
bot 0 41 16
round 107
bot 0 41 15
round 108
bot 0 41 14
round 109
bot 0 41 13
round 110
bot 0 41 12
coin 6 14
coin 45 20
round 111
bot 0 41 11
round 112
bot 0 41 10
round 113
bot 0 41 9
coin_collected 40 9 0
bot_coins 0 2
round 114
bot 0 42 8
round 115
coin 0 30
coin 0 4
round 116
round 117
round 118
round 119
round 120
coin 44 3
coin 8 31
round 121
round 122
round 123
round 124
round 125
coin 46 0
coin 7 34
round 126
round 127
round 128
bot 0 42 9
round 129
bot 0 42 10
coin_collected 43 10 0
bot_coins 0 3
round 130
bot 0 42 11
coin 49 1
coin 1 33
round 131
bot 0 42 12
round 132
bot 0 42 13
round 133
bot 0 42 14
round 134
bot 0 42 15
round 135
bot 0 42 16
coin 19 0
coin 32 34
round 136
round 137
round 138
match_over 0
round 139
