match
match_id 1639171325405_de
match_time 1639171325406
num_bots 1
##MatchConfig
mode FRIENDLY
num_rounds 200
random_seed 42
move_time_limit 1000
coin_spawn_period 5
coin_spawn_volume 2
##MapConfig
map_size 65 22
view_radius 5
mining_radius 1
attack_radius 4
block 26 0
block 27 0
block 28 0
block 29 0
block 30 0
block 31 0
block 32 0
block 26 1
block 27 1
block 28 1
block 29 1
block 30 1
block 31 1
block 32 1
block 27 2
block 28 2
block 29 2
block 30 2
block 31 2
block 15 3
block 16 3
block 17 3
block 27 3
block 28 3
block 29 3
block 30 3
block 31 3
block 45 3
block 46 3
block 47 3
block 48 3
block 49 3
block 14 4
block 15 4
block 16 4
block 17 4
block 18 4
block 27 4
block 28 4
block 29 4
block 30 4
block 31 4
block 45 4
block 46 4
block 47 4
block 48 4
block 49 4
block 14 5
block 15 5
block 16 5
block 17 5
block 18 5
block 27 5
block 28 5
block 29 5
block 30 5
block 31 5
block 45 5
block 46 5
block 47 5
block 48 5
block 49 5
block 14 6
block 15 6
block 16 6
block 17 6
block 18 6
block 30 6
block 31 6
block 45 6
block 46 6
block 47 6
block 48 6
block 49 6
block 14 7
block 15 7
block 16 7
block 17 7
block 18 7
block 30 7
block 31 7
block 45 7
block 46 7
block 47 7
block 48 7
block 49 7
block 14 8
block 15 8
block 16 8
block 17 8
block 18 8
block 45 8
block 46 8
block 47 8
block 48 8
block 49 8
block 51 8
block 52 8
block 53 8
block 14 9
block 15 9
block 16 9
block 17 9
block 45 9
block 46 9
block 47 9
block 48 9
block 49 9
block 50 9
block 51 9
block 52 9
block 53 9
block 54 9
block 14 10
block 15 10
block 16 10
block 17 10
block 48 10
block 49 10
block 50 10
block 51 10
block 52 10
block 53 10
block 54 10
block 14 11
block 15 11
block 16 11
block 17 11
block 48 11
block 49 11
block 50 11
block 51 11
block 52 11
block 53 11
block 54 11
block 14 12
block 15 12
block 16 12
block 17 12
block 48 12
block 49 12
block 50 12
block 51 12
block 52 12
block 53 12
block 54 12
block 14 13
block 15 13
block 16 13
block 17 13
block 48 13
block 49 13
block 50 13
block 51 13
block 52 13
block 53 13
block 54 13
block 48 14
block 49 14
block 50 14
block 51 14
block 52 14
block 53 14
block 54 14
block 25 15
block 26 15
block 27 15
block 28 15
block 29 15
block 30 15
block 31 15
block 48 15
block 49 15
block 50 15
block 51 15
block 52 15
block 53 15
block 54 15
block 25 16
block 26 16
block 27 16
block 28 16
block 29 16
block 30 16
block 31 16
block 25 17
block 26 17
block 27 17
block 28 17
block 29 17
block 30 17
block 31 17
block 29 18
block 30 18
block 31 18
block 32 18
block 29 19
block 30 19
block 31 19
block 32 19
block 26 20
block 27 20
block 28 20
block 29 20
block 30 20
block 31 20
block 32 20
block 26 21
block 27 21
block 28 21
block 29 21
block 30 21
block 31 21
block 32 21
##BotsAndCoinsInfo
bot_name 0 starter-bot
bot 0 13 6
bot_coins 0 0
coin 0 15
coin 64 6
round 1
bot 0 13 7
round 2
bot 0 13 8
round 3
bot 0 13 9
round 4
bot 0 13 10
round 5
bot 0 13 11
coin 48 16
coin 14 3
round 6
bot 0 13 12
round 7
bot 0 13 13
round 8
bot 0 13 14
round 9
bot 0 13 15
round 10
bot 0 13 16
coin 0 19
coin 64 2
round 11
bot 0 13 17
round 12
bot 0 13 18
round 13
bot 0 13 19
round 14
bot 0 13 20
round 15
bot 0 13 21
coin 0 2
coin 64 19
round 16
bot 0 12 21
round 17
bot 0 11 21
round 18
round 19
round 20
match_over 0
coin 28 18
coin 36 3
round 21
