match
match_id 1639177025947_hn
match_time 1639177025950
num_bots 1
##MatchConfig
mode FRIENDLY
num_rounds 200
random_seed 42
move_time_limit 1000
coin_spawn_period 5
coin_spawn_volume 2
##MapConfig
map_size 61 21
view_radius 6
mining_radius 2
attack_radius 3
block 10 0
block 11 0
block 12 0
block 13 0
block 14 0
block 15 0
block 16 0
block 17 0
block 18 0
block 19 0
block 43 0
block 44 0
block 45 0
block 10 1
block 11 1
block 12 1
block 13 1
block 14 1
block 15 1
block 16 1
block 17 1
block 18 1
block 19 1
block 43 1
block 44 1
block 45 1
block 15 2
block 16 2
block 17 2
block 18 2
block 19 2
block 30 2
block 31 2
block 32 2
block 43 2
block 44 2
block 45 2
block 15 3
block 16 3
block 17 3
block 18 3
block 19 3
block 30 3
block 31 3
block 32 3
block 43 3
block 44 3
block 45 3
block 15 4
block 16 4
block 17 4
block 18 4
block 19 4
block 30 4
block 31 4
block 32 4
block 43 4
block 44 4
block 45 4
block 52 4
block 53 4
block 54 4
block 55 4
block 5 5
block 6 5
block 7 5
block 8 5
block 9 5
block 15 5
block 16 5
block 17 5
block 18 5
block 19 5
block 30 5
block 31 5
block 32 5
block 43 5
block 44 5
block 45 5
block 52 5
block 53 5
block 54 5
block 55 5
block 5 6
block 6 6
block 7 6
block 8 6
block 9 6
block 30 6
block 31 6
block 32 6
block 43 6
block 44 6
block 52 6
block 53 6
block 54 6
block 55 6
block 5 7
block 6 7
block 7 7
block 8 7
block 9 7
block 30 7
block 31 7
block 32 7
block 43 7
block 44 7
block 5 8
block 6 8
block 7 8
block 8 8
block 9 8
block 30 8
block 31 8
block 32 8
block 43 8
block 44 8
block 5 9
block 6 9
block 7 9
block 8 9
block 9 9
block 15 9
block 16 9
block 30 9
block 31 9
block 43 9
block 44 9
block 1 10
block 2 10
block 3 10
block 4 10
block 5 10
block 6 10
block 7 10
block 8 10
block 9 10
block 15 10
block 16 10
block 30 10
block 31 10
block 1 11
block 2 11
block 3 11
block 4 11
block 5 11
block 6 11
block 7 11
block 15 11
block 16 11
block 30 11
block 31 11
block 1 12
block 2 12
block 3 12
block 4 12
block 5 12
block 6 12
block 7 12
block 8 12
block 9 12
block 10 12
block 11 12
block 12 12
block 14 12
block 15 12
block 16 12
block 17 12
block 18 12
block 19 12
block 20 12
block 30 12
block 31 12
block 1 13
block 2 13
block 3 13
block 4 13
block 5 13
block 6 13
block 7 13
block 8 13
block 9 13
block 10 13
block 11 13
block 12 13
block 14 13
block 15 13
block 16 13
block 17 13
block 18 13
block 19 13
block 20 13
block 30 13
block 31 13
block 32 13
block 38 13
block 39 13
block 52 13
block 53 13
block 54 13
block 55 13
block 56 13
block 57 13
block 58 13
block 59 13
block 0 14
block 1 14
block 2 14
block 3 14
block 4 14
block 5 14
block 6 14
block 7 14
block 8 14
block 9 14
block 10 14
block 11 14
block 12 14
block 14 14
block 15 14
block 16 14
block 17 14
block 18 14
block 19 14
block 20 14
block 30 14
block 31 14
block 32 14
block 38 14
block 39 14
block 52 14
block 53 14
block 54 14
block 55 14
block 56 14
block 57 14
block 58 14
block 59 14
block 60 14
block 0 15
block 1 15
block 2 15
block 3 15
block 4 15
block 5 15
block 6 15
block 7 15
block 8 15
block 9 15
block 10 15
block 11 15
block 12 15
block 14 15
block 15 15
block 16 15
block 17 15
block 18 15
block 19 15
block 20 15
block 38 15
block 39 15
block 52 15
block 53 15
block 54 15
block 55 15
block 56 15
block 57 15
block 58 15
block 59 15
block 60 15
block 0 16
block 1 16
block 2 16
block 3 16
block 4 16
block 5 16
block 6 16
block 7 16
block 10 16
block 11 16
block 12 16
block 38 16
block 39 16
block 59 16
block 60 16
block 0 17
block 1 17
block 10 17
block 11 17
block 12 17
block 35 17
block 36 17
block 37 17
block 38 17
block 39 17
block 40 17
block 41 17
block 59 17
block 60 17
block 0 18
block 1 18
block 10 18
block 11 18
block 12 18
block 13 18
block 14 18
block 15 18
block 16 18
block 17 18
block 35 18
block 36 18
block 37 18
block 38 18
block 39 18
block 40 18
block 41 18
block 46 18
block 47 18
block 48 18
block 49 18
block 59 18
block 60 18
block 0 19
block 1 19
block 10 19
block 11 19
block 12 19
block 13 19
block 14 19
block 15 19
block 16 19
block 17 19
block 35 19
block 36 19
block 37 19
block 38 19
block 39 19
block 40 19
block 41 19
block 46 19
block 47 19
block 48 19
block 49 19
block 59 19
block 60 19
block 10 20
block 11 20
block 12 20
block 13 20
block 14 20
block 15 20
block 16 20
block 17 20
block 18 20
block 19 20
block 35 20
block 36 20
block 37 20
block 38 20
block 39 20
block 40 20
block 41 20
block 43 20
block 44 20
block 45 20
block 46 20
block 47 20
block 48 20
block 49 20
##BotsAndCoinsInfo
bot_name 0 starter-bot
bot 0 14 7
bot_coins 0 0
coin 8 11
coin 52 9
round 1
bot 0 14 8
round 2
bot 0 14 9
round 3
bot 0 14 10
round 4
bot 0 14 11
round 5
coin 25 17
coin 35 3
round 6
round 7
round 8
round 9
round 10
coin 10 4
coin 50 16
round 11
round 12
round 13
round 14
round 15
coin 55 17
coin 5 3
round 16
round 17
round 18
round 19
round 20
coin 21 17
coin 39 3
round 21
round 22
round 23
round 24
round 25
coin 38 11
coin 22 9
round 26
round 27
round 28
round 29
round 30
coin 23 0
coin 37 0
round 31
round 32
round 33
round 34
round 35
coin 22 17
coin 38 3
round 36
round 37
round 38
round 39
round 40
coin 35 12
coin 25 8
round 41
round 42
round 43
round 44
round 45
coin 41 2
coin 19 18
round 46
round 47
round 48
round 49
round 50
coin 7 1
coin 53 19
round 51
round 52
round 53
round 54
round 55
coin 55 9
coin 4 9
round 56
round 57
round 58
round 59
round 60
coin 19 9
coin 41 11
round 61
round 62
round 63
round 64
round 65
coin 19 10
coin 41 10
round 66
round 67
round 68
round 69
round 70
coin 21 12
coin 39 8
round 71
round 72
round 73
round 74
round 75
coin 50 6
coin 9 16
round 76
round 77
round 78
round 79
round 80
coin 57 17
coin 3 3
round 81
round 82
round 83
round 84
round 85
coin 39 11
coin 21 9
round 86
round 87
round 88
round 89
round 90
coin 20 19
coin 40 1
round 91
round 92
round 93
round 94
round 95
coin 38 6
coin 22 14
round 96
round 97
round 98
round 99
round 100
coin 34 19
coin 26 1
round 101
round 102
round 103
round 104
round 105
coin 48 7
coin 13 13
round 106
round 107
round 108
round 109
round 110
coin 22 0
coin 38 0
round 111
round 112
round 113
round 114
round 115
coin 20 2
coin 42 18
round 116
round 117
round 118
round 119
round 120
coin 10 10
coin 50 10
round 121
round 122
round 123
round 124
round 125
coin 48 14
coin 12 6
round 126
round 127
round 128
round 129
round 130
coin 3 1
coin 57 19
round 131
round 132
round 133
round 134
round 135
coin 37 7
coin 23 13
round 136
round 137
round 138
round 139
round 140
coin 28 7
coin 33 13
round 141
round 142
round 143
round 144
round 145
coin 24 3
coin 36 16
round 146
round 147
round 148
round 149
round 150
coin 20 5
coin 40 15
round 151
round 152
round 153
round 154
round 155
coin 48 16
coin 12 4
round 156
round 157
round 158
round 159
round 160
coin 21 2
coin 40 16
round 161
round 162
round 163
round 164
round 165
coin 51 4
coin 8 16
round 166
round 167
round 168
round 169
round 170
coin 47 12
coin 13 8
round 171
round 172
round 173
round 174
round 175
coin 17 8
coin 43 12
round 176
round 177
round 178
round 179
round 180
coin 47 7
coin 13 14
round 181
round 182
round 183
round 184
round 185
coin 22 5
coin 37 15
round 186
round 187
round 188
round 189
round 190
coin 18 7
coin 42 13
round 191
round 192
round 193
round 194
round 195
coin 56 0
coin 4 20
round 196
round 197
round 198
round 199
round 200
coin 47 1
coin 13 17
match_over 0
