match
match_id 1639181432129_jq
match_time 1639181432132
num_bots 1
##MatchConfig
mode FRIENDLY
num_rounds 200
random_seed 42
move_time_limit 1000
coin_spawn_period 5
coin_spawn_volume 2
##MapConfig
map_size 66 26
view_radius 6
mining_radius 1
attack_radius 3
block 7 0
block 8 0
block 9 0
block 10 0
block 11 0
block 53 0
block 54 0
block 55 0
block 56 0
block 57 0
block 58 0
block 59 0
block 60 0
block 61 0
block 62 0
block 63 0
block 64 0
block 7 1
block 8 1
block 9 1
block 10 1
block 11 1
block 7 2
block 8 2
block 9 2
block 10 2
block 11 2
block 7 3
block 8 3
block 9 3
block 10 3
block 11 3
block 7 4
block 8 4
block 9 4
block 10 4
block 11 4
block 60 4
block 61 4
block 62 4
block 63 4
block 64 4
block 65 4
block 7 5
block 8 5
block 9 5
block 10 5
block 11 5
block 60 5
block 61 5
block 62 5
block 63 5
block 64 5
block 65 5
block 60 6
block 61 6
block 62 6
block 63 6
block 64 6
block 65 6
block 38 7
block 39 7
block 40 7
block 41 7
block 42 7
block 43 7
block 19 8
block 20 8
block 21 8
block 22 8
block 38 8
block 39 8
block 40 8
block 41 8
block 42 8
block 43 8
block 19 9
block 20 9
block 21 9
block 22 9
block 38 9
block 39 9
block 40 9
block 41 9
block 42 9
block 43 9
block 19 10
block 20 10
block 21 10
block 22 10
block 38 10
block 39 10
block 40 10
block 41 10
block 42 10
block 43 10
block 18 11
block 19 11
block 20 11
block 21 11
block 22 11
block 23 11
block 24 11
block 38 11
block 39 11
block 40 11
block 41 11
block 42 11
block 43 11
block 14 12
block 15 12
block 16 12
block 17 12
block 18 12
block 19 12
block 20 12
block 21 12
block 22 12
block 23 12
block 24 12
block 38 12
block 39 12
block 40 12
block 41 12
block 42 12
block 43 12
block 14 13
block 15 13
block 16 13
block 17 13
block 18 13
block 19 13
block 20 13
block 21 13
block 22 13
block 23 13
block 24 13
block 38 13
block 39 13
block 40 13
block 41 13
block 42 13
block 43 13
block 18 14
block 19 14
block 20 14
block 21 14
block 22 14
block 23 14
block 24 14
block 21 15
block 22 15
block 8 18
block 9 18
block 10 18
block 11 18
block 12 18
block 8 19
block 9 19
block 10 19
block 11 19
block 12 19
block 8 20
block 9 20
block 10 20
block 11 20
block 12 20
block 53 20
block 54 20
block 55 20
block 56 20
block 57 20
block 8 21
block 9 21
block 10 21
block 11 21
block 12 21
block 53 21
block 54 21
block 55 21
block 56 21
block 57 21
block 8 22
block 9 22
block 10 22
block 11 22
block 12 22
block 21 22
block 22 22
block 23 22
block 24 22
block 25 22
block 53 22
block 54 22
block 55 22
block 56 22
block 57 22
block 8 23
block 9 23
block 10 23
block 11 23
block 12 23
block 21 23
block 22 23
block 23 23
block 24 23
block 25 23
block 42 23
block 43 23
block 44 23
block 45 23
block 46 23
block 53 23
block 54 23
block 55 23
block 56 23
block 57 23
block 58 23
block 59 23
block 60 23
block 61 23
block 62 23
block 63 23
block 64 23
block 42 24
block 43 24
block 44 24
block 45 24
block 46 24
block 53 24
block 54 24
block 55 24
block 56 24
block 57 24
block 58 24
block 59 24
block 60 24
block 61 24
block 62 24
block 63 24
block 64 24
block 7 25
block 8 25
block 9 25
block 10 25
block 11 25
block 53 25
block 54 25
block 55 25
block 56 25
block 57 25
block 58 25
block 59 25
block 60 25
block 61 25
block 62 25
block 63 25
block 64 25
##BotsAndCoinsInfo
bot_name 0 starter-bot
bot 0 32 25
bot_coins 0 0
coin 62 7
coin 3 18
round 1
bot 0 31 24
round 2
bot 0 31 23
round 3
bot 0 31 22
round 4
bot 0 31 21
round 5
bot 0 31 20
coin 30 12
coin 35 13
round 6
bot 0 31 19
round 7
bot 0 31 18
round 8
bot 0 31 17
round 9
bot 0 31 16
round 10
bot 0 31 15
coin 36 17
coin 29 8
round 11
bot 0 31 14
round 12
bot 0 31 13
round 13
bot 0 31 12
coin_collected 30 12 0
bot_coins 0 1
round 14
bot 0 31 11
round 15
bot 0 31 10
coin 23 16
coin 44 9
round 16
bot 0 31 9
round 17
bot 0 31 8
round 18
bot 0 31 7
round 19
bot 0 31 6
round 20
bot 0 31 5
coin 43 15
coin 23 10
round 21
bot 0 31 4
round 22
bot 0 31 3
round 23
bot 0 31 2
round 24
bot 0 31 1
round 25
bot 0 31 0
coin 44 0
coin 21 25
round 26
bot 0 30 1
round 27
bot 0 30 2
round 28
bot 0 30 3
round 29
bot 0 30 4
round 30
bot 0 30 5
coin 24 6
coin 41 19
round 31
bot 0 30 6
round 32
bot 0 30 7
round 33
bot 0 30 8
coin_collected 29 8 0
bot_coins 0 2
round 34
bot 0 30 9
round 35
bot 0 30 10
coin 2 4
coin 63 21
round 36
bot 0 30 11
round 37
bot 0 30 12
round 38
bot 0 30 13
round 39
bot 0 30 14
round 40
bot 0 30 15
coin 48 8
coin 17 17
round 41
bot 0 30 16
round 42
bot 0 30 17
round 43
bot 0 30 18
round 44
bot 0 30 19
round 45
bot 0 30 20
coin 55 1
coin 10 24
round 46
bot 0 30 21
round 47
bot 0 30 22
round 48
bot 0 30 23
round 49
bot 0 30 24
round 50
bot 0 30 25
coin 32 17
coin 33 8
round 51
bot 0 29 24
round 52
bot 0 29 23
round 53
bot 0 29 22
round 54
bot 0 29 21
round 55
bot 0 29 20
coin 14 17
coin 51 8
round 56
bot 0 29 19
round 57
bot 0 29 18
round 58
bot 0 29 17
round 59
bot 0 29 16
round 60
bot 0 29 15
coin 23 21
coin 42 4
round 61
bot 0 29 14
round 62
bot 0 29 13
round 63
bot 0 29 12
round 64
bot 0 29 11
round 65
bot 0 29 10
coin 10 6
coin 55 19
round 66
bot 0 29 9
round 67
bot 0 29 8
round 68
bot 0 29 7
round 69
bot 0 29 6
round 70
bot 0 29 5
coin 37 24
coin 28 1
round 71
bot 0 29 4
round 72
bot 0 29 3
round 73
bot 0 29 2
round 74
bot 0 29 1
coin_collected 28 1 0
bot_coins 0 3
round 75
bot 0 29 0
coin 23 9
coin 42 16
round 76
bot 0 28 1
round 77
bot 0 28 2
round 78
bot 0 28 3
round 79
bot 0 28 4
round 80
bot 0 28 5
coin 56 7
coin 9 17
round 81
bot 0 28 6
round 82
bot 0 28 7
round 83
bot 0 28 8
round 84
bot 0 28 9
round 85
bot 0 28 10
coin 65 21
coin 0 4
round 86
bot 0 28 11
round 87
bot 0 28 12
round 88
bot 0 28 13
round 89
bot 0 28 14
round 90
bot 0 28 15
coin 54 11
coin 11 14
round 91
bot 0 28 16
round 92
bot 0 28 17
round 93
bot 0 28 18
round 94
bot 0 28 19
round 95
bot 0 28 20
coin 44 10
coin 20 15
round 96
bot 0 28 21
round 97
bot 0 28 22
round 98
bot 0 28 23
round 99
bot 0 28 24
round 100
bot 0 28 25
coin 35 5
coin 30 20
round 101
bot 0 27 24
round 102
bot 0 27 23
round 103
bot 0 27 22
round 104
bot 0 27 21
round 105
bot 0 27 20
coin 23 3
coin 42 22
round 106
bot 0 27 19
round 107
bot 0 27 18
round 108
bot 0 27 17
round 109
bot 0 27 16
round 110
bot 0 27 15
coin 65 2
coin 0 23
round 111
bot 0 27 14
round 112
bot 0 27 13
round 113
bot 0 27 12
round 114
bot 0 27 11
round 115
bot 0 27 10
coin 1 21
coin 64 3
round 116
bot 0 27 9
round 117
bot 0 27 8
round 118
bot 0 27 7
round 119
bot 0 27 6
round 120
bot 0 27 5
coin 7 23
coin 58 2
round 121
bot 0 27 4
round 122
bot 0 27 3
round 123
bot 0 27 2
round 124
bot 0 27 1
round 125
bot 0 27 0
coin 37 18
coin 28 7
round 126
bot 0 26 1
round 127
bot 0 26 2
round 128
bot 0 26 3
round 129
bot 0 26 4
round 130
bot 0 26 5
coin 6 2
coin 59 22
round 131
bot 0 26 6
round 132
bot 0 26 7
round 133
bot 0 26 8
round 134
bot 0 26 9
round 135
bot 0 26 10
coin 2 16
coin 63 9
round 136
bot 0 26 11
round 137
bot 0 26 12
round 138
bot 0 26 13
round 139
bot 0 26 14
round 140
bot 0 26 15
coin 55 15
coin 10 10
round 141
bot 0 26 16
round 142
bot 0 26 17
round 143
bot 0 26 18
round 144
bot 0 26 19
round 145
bot 0 26 20
coin 27 1
coin 38 24
round 146
bot 0 26 21
round 147
bot 0 26 22
round 148
bot 0 26 23
round 149
bot 0 26 24
round 150
bot 0 26 25
coin 1 9
coin 64 16
round 151
bot 0 25 24
round 152
round 153
round 154
round 155
coin 26 9
coin 39 16
round 156
round 157
round 158
round 159
round 160
coin 26 6
coin 39 19
round 161
round 162
round 163
round 164
round 165
coin 38 15
coin 27 10
round 166
round 167
round 168
round 169
round 170
coin 45 5
coin 20 20
round 171
round 172
round 173
round 174
round 175
coin 16 21
coin 49 4
round 176
round 177
round 178
round 179
round 180
coin 13 13
coin 52 12
round 181
round 182
round 183
round 184
round 185
coin 1 7
coin 64 18
round 186
round 187
round 188
round 189
round 190
coin 62 20
coin 3 5
round 191
round 192
round 193
round 194
round 195
coin 0 21
coin 65 3
round 196
round 197
round 198
round 199
round 200
coin 52 24
coin 13 1
match_over 0
