match
match_id 1639325756057_ak
match_time 1639325756060
num_bots 1
##MatchConfig
mode FRIENDLY
num_rounds 200
random_seed 42
move_time_limit 1000
coin_spawn_period 5
coin_spawn_volume 2
##MapConfig
map_size 68 22
view_radius 6
mining_radius 1
attack_radius 4
block 39 0
block 40 0
block 41 0
block 42 0
block 43 0
block 44 0
block 45 0
block 55 0
block 56 0
block 57 0
block 58 0
block 17 1
block 18 1
block 19 1
block 20 1
block 21 1
block 22 1
block 23 1
block 29 1
block 30 1
block 31 1
block 32 1
block 33 1
block 34 1
block 39 1
block 40 1
block 41 1
block 42 1
block 43 1
block 44 1
block 45 1
block 17 2
block 18 2
block 19 2
block 20 2
block 21 2
block 22 2
block 23 2
block 29 2
block 30 2
block 31 2
block 32 2
block 33 2
block 34 2
block 39 2
block 40 2
block 41 2
block 42 2
block 43 2
block 44 2
block 45 2
block 46 2
block 47 2
block 48 2
block 49 2
block 50 2
block 52 2
block 53 2
block 54 2
block 55 2
block 56 2
block 57 2
block 58 2
block 2 3
block 3 3
block 4 3
block 5 3
block 17 3
block 18 3
block 19 3
block 20 3
block 21 3
block 22 3
block 23 3
block 29 3
block 30 3
block 31 3
block 32 3
block 33 3
block 34 3
block 39 3
block 40 3
block 41 3
block 42 3
block 43 3
block 44 3
block 45 3
block 46 3
block 47 3
block 48 3
block 49 3
block 50 3
block 52 3
block 53 3
block 54 3
block 55 3
block 56 3
block 57 3
block 58 3
block 2 4
block 3 4
block 4 4
block 5 4
block 17 4
block 18 4
block 19 4
block 20 4
block 21 4
block 22 4
block 23 4
block 29 4
block 30 4
block 31 4
block 32 4
block 33 4
block 34 4
block 39 4
block 40 4
block 41 4
block 42 4
block 43 4
block 44 4
block 45 4
block 46 4
block 47 4
block 48 4
block 49 4
block 50 4
block 52 4
block 53 4
block 54 4
block 55 4
block 56 4
block 57 4
block 58 4
block 2 5
block 3 5
block 4 5
block 5 5
block 29 5
block 30 5
block 31 5
block 32 5
block 33 5
block 34 5
block 35 5
block 36 5
block 39 5
block 40 5
block 41 5
block 42 5
block 43 5
block 44 5
block 45 5
block 46 5
block 47 5
block 48 5
block 49 5
block 50 5
block 52 5
block 53 5
block 54 5
block 55 5
block 56 5
block 57 5
block 58 5
block 2 6
block 3 6
block 4 6
block 5 6
block 34 6
block 35 6
block 36 6
block 39 6
block 40 6
block 41 6
block 42 6
block 43 6
block 44 6
block 45 6
block 46 6
block 47 6
block 48 6
block 49 6
block 50 6
block 61 6
block 62 6
block 63 6
block 64 6
block 65 6
block 66 6
block 2 7
block 3 7
block 4 7
block 5 7
block 34 7
block 35 7
block 36 7
block 46 7
block 47 7
block 48 7
block 49 7
block 50 7
block 61 7
block 62 7
block 63 7
block 64 7
block 65 7
block 66 7
block 8 8
block 9 8
block 10 8
block 11 8
block 12 8
block 13 8
block 34 8
block 35 8
block 36 8
block 46 8
block 47 8
block 48 8
block 49 8
block 50 8
block 61 8
block 62 8
block 63 8
block 64 8
block 65 8
block 66 8
block 8 9
block 9 9
block 10 9
block 11 9
block 12 9
block 13 9
block 34 9
block 35 9
block 36 9
block 61 9
block 62 9
block 63 9
block 64 9
block 65 9
block 66 9
block 8 10
block 9 10
block 10 10
block 11 10
block 12 10
block 13 10
block 34 10
block 35 10
block 36 10
block 38 10
block 39 10
block 40 10
block 41 10
block 61 10
block 62 10
block 63 10
block 64 10
block 65 10
block 66 10
block 8 11
block 9 11
block 10 11
block 11 11
block 12 11
block 13 11
block 33 11
block 34 11
block 35 11
block 36 11
block 37 11
block 38 11
block 39 11
block 40 11
block 41 11
block 61 11
block 62 11
block 63 11
block 64 11
block 65 11
block 66 11
block 8 12
block 9 12
block 10 12
block 11 12
block 12 12
block 13 12
block 33 12
block 34 12
block 35 12
block 36 12
block 37 12
block 38 12
block 39 12
block 8 13
block 9 13
block 10 13
block 11 13
block 12 13
block 13 13
block 33 13
block 34 13
block 35 13
block 36 13
block 37 13
block 38 13
block 39 13
block 41 13
block 42 13
block 43 13
block 44 13
block 45 13
block 46 13
block 6 14
block 7 14
block 8 14
block 9 14
block 10 14
block 11 14
block 12 14
block 13 14
block 33 14
block 34 14
block 35 14
block 36 14
block 37 14
block 38 14
block 39 14
block 41 14
block 42 14
block 43 14
block 44 14
block 45 14
block 46 14
block 6 15
block 7 15
block 8 15
block 9 15
block 10 15
block 11 15
block 12 15
block 41 15
block 42 15
block 43 15
block 44 15
block 45 15
block 46 15
block 56 15
block 57 15
block 58 15
block 59 15
block 60 15
block 61 15
block 62 15
block 6 16
block 7 16
block 8 16
block 9 16
block 10 16
block 11 16
block 12 16
block 41 16
block 42 16
block 43 16
block 44 16
block 45 16
block 46 16
block 55 16
block 56 16
block 57 16
block 58 16
block 59 16
block 60 16
block 61 16
block 62 16
block 6 17
block 7 17
block 8 17
block 9 17
block 10 17
block 11 17
block 12 17
block 41 17
block 42 17
block 43 17
block 44 17
block 45 17
block 46 17
block 55 17
block 56 17
block 57 17
block 58 17
block 6 18
block 7 18
block 8 18
block 9 18
block 10 18
block 11 18
block 12 18
block 41 18
block 42 18
block 43 18
block 44 18
block 45 18
block 46 18
block 55 18
block 56 18
block 57 18
block 58 18
block 6 19
block 7 19
block 8 19
block 9 19
block 10 19
block 11 19
block 12 19
block 14 19
block 15 19
block 16 19
block 17 19
block 18 19
block 19 19
block 55 19
block 56 19
block 57 19
block 58 19
block 14 20
block 15 20
block 16 20
block 17 20
block 18 20
block 19 20
block 55 20
block 56 20
block 57 20
block 58 20
block 55 21
block 56 21
block 57 21
block 58 21
##BotsAndCoinsInfo
bot_name 0 starter-bot
bot 0 27 20
bot_coins 0 0
coin 26 15
coin 41 7
round 1
bot 0 27 21
round 2
bot 0 26 20
round 3
bot 0 26 19
round 4
bot 0 26 18
round 5
bot 0 26 17
coin 0 16
coin 67 5
round 6
bot 0 26 16
coin_collected 26 15 0
bot_coins 0 1
round 7
bot 0 26 15
round 8
bot 0 26 14
round 9
bot 0 26 13
round 10
bot 0 26 12
coin 26 19
coin 38 2
round 11
bot 0 26 11
round 12
bot 0 26 10
round 13
bot 0 26 9
round 14
bot 0 26 8
round 15
bot 0 26 7
coin 16 2
coin 51 19
round 16
bot 0 26 6
round 17
bot 0 26 5
round 18
bot 0 26 4
round 19
bot 0 26 3
round 20
bot 0 26 2
coin 35 17
coin 32 6
round 21
bot 0 26 1
round 22
bot 0 26 0
round 23
bot 0 25 1
round 24
bot 0 25 2
round 25
bot 0 25 3
coin 14 18
coin 51 3
round 26
bot 0 25 4
round 27
bot 0 25 5
round 28
bot 0 25 6
round 29
bot 0 25 7
round 30
bot 0 25 8
coin 8 0
coin 59 21
round 31
bot 0 25 9
round 32
bot 0 25 10
round 33
bot 0 25 11
round 34
bot 0 25 12
round 35
bot 0 25 13
coin 8 21
coin 59 0
round 36
bot 0 25 14
round 37
bot 0 25 15
round 38
bot 0 25 16
round 39
bot 0 25 17
round 40
bot 0 25 18
coin 20 20
coin 47 1
round 41
bot 0 25 19
coin_collected 26 19 0
bot_coins 0 2
round 42
bot 0 25 20
round 43
bot 0 25 21
round 44
bot 0 24 20
round 45
bot 0 24 19
coin 23 9
coin 44 12
round 46
bot 0 24 18
round 47
bot 0 24 17
round 48
bot 0 24 16
round 49
bot 0 24 15
round 50
bot 0 24 14
coin 52 15
coin 15 6
round 51
bot 0 24 13
round 52
bot 0 24 12
round 53
bot 0 24 11
round 54
bot 0 24 10
round 55
bot 0 24 9
coin_collected 23 9 0
bot_coins 0 3
coin 6 9
coin 61 12
round 56
bot 0 24 8
round 57
bot 0 24 7
round 58
bot 0 24 6
round 59
bot 0 24 5
round 60
bot 0 24 4
coin 20 19
coin 46 1
round 61
bot 0 24 3
round 62
bot 0 24 2
round 63
bot 0 24 1
round 64
bot 0 24 0
round 65
coin 58 6
coin 7 13
round 66
bot 0 23 21
round 67
bot 0 22 0
round 68
bot 0 21 21
round 69
bot 0 20 0
round 70
bot 0 19 21
coin 19 18
coin 48 1
round 71
bot 0 18 0
round 72
bot 0 17 21
round 73
bot 0 16 0
round 74
bot 0 15 21
round 75
bot 0 14 0
coin 62 4
coin 5 17
round 76
bot 0 13 21
round 77
bot 0 12 0
round 78
bot 0 11 21
round 79
bot 0 10 0
round 80
bot 0 9 21
coin_collected 8 21 0
bot_coins 0 4
coin 38 15
coin 29 6
round 81
bot 0 8 0
coin_collected 8 0 0
bot_coins 0 5
round 82
bot 0 7 21
round 83
bot 0 6 0
round 84
bot 0 5 21
round 85
bot 0 4 0
coin 38 3
coin 29 18
round 86
bot 0 3 21
round 87
bot 0 2 0
round 88
bot 0 1 21
round 89
bot 0 0 0
round 90
bot 0 67 21
coin 7 11
coin 60 10
round 91
bot 0 66 0
round 92
bot 0 65 21
round 93
bot 0 64 0
round 94
bot 0 63 21
round 95
bot 0 62 0
coin 1 4
coin 66 17
round 96
bot 0 61 21
round 97
bot 0 60 0
coin_collected 59 0 0
bot_coins 0 6
round 98
bot 0 59 21
coin_collected 59 21 0
bot_coins 0 7
round 99
bot 0 59 0
round 100
bot 0 59 1
coin 24 3
coin 43 19
round 101
round 102
bot 0 59 2
round 103
bot 0 59 3
round 104
bot 0 59 4
round 105
bot 0 59 5
coin 63 13
coin 4 8
round 106
bot 0 59 6
coin_collected 58 6 0
bot_coins 0 8
round 107
bot 0 59 7
round 108
bot 0 59 8
round 109
bot 0 59 9
round 110
bot 0 59 10
coin_collected 60 10 0
bot_coins 0 9
coin 31 6
coin 36 15
round 111
bot 0 59 11
round 112
bot 0 59 12
round 113
bot 0 59 13
round 114
bot 0 59 14
round 115
coin 11 5
coin 55 15
round 116
round 117
round 118
round 119
round 120
coin 14 11
coin 53 10
round 121
round 122
round 123
round 124
round 125
coin 5 2
coin 62 19
round 126
round 127
round 128
round 129
round 130
coin 22 5
coin 47 16
round 131
round 132
round 133
round 134
round 135
coin 38 1
coin 29 20
round 136
round 137
round 138
round 139
round 140
coin 17 17
coin 51 4
round 141
round 142
round 143
round 144
round 145
coin 25 15
coin 42 7
round 146
round 147
round 148
round 149
round 150
coin 28 3
coin 39 18
round 151
round 152
round 153
round 154
round 155
coin 21 19
coin 46 0
round 156
round 157
round 158
round 159
round 160
coin 38 4
coin 29 17
round 161
round 162
round 163
round 164
round 165
coin 54 1
coin 13 20
round 166
round 167
round 168
round 169
round 170
coin 51 15
coin 16 6
round 171
round 172
round 173
round 174
round 175
coin 66 13
coin 1 8
round 176
round 177
round 178
round 179
round 180
coin 13 15
coin 54 6
round 181
round 182
round 183
round 184
round 185
coin 6 5
coin 61 17
round 186
round 187
round 188
round 189
round 190
coin 30 8
coin 37 15
round 191
round 192
round 193
round 194
round 195
coin 21 21
coin 46 21
round 196
round 197
round 198
round 199
round 200
coin 24 14
coin 43 7
match_over 0
