match
match_id 1639178395278_if
match_time 1639178395282
num_bots 1
##MatchConfig
mode FRIENDLY
num_rounds 200
random_seed 42
move_time_limit 1000
coin_spawn_period 5
coin_spawn_volume 2
##MapConfig
map_size 75 38
view_radius 6
mining_radius 1
attack_radius 3
block 0 0
block 1 0
block 2 0
block 3 0
block 16 0
block 17 0
block 18 0
block 36 0
block 37 0
block 38 0
block 39 0
block 40 0
block 41 0
block 72 0
block 73 0
block 74 0
block 0 1
block 1 1
block 2 1
block 3 1
block 16 1
block 17 1
block 18 1
block 36 1
block 37 1
block 38 1
block 39 1
block 40 1
block 41 1
block 72 1
block 73 1
block 74 1
block 16 2
block 17 2
block 18 2
block 36 2
block 37 2
block 38 2
block 39 2
block 40 2
block 41 2
block 16 3
block 17 3
block 18 3
block 36 3
block 37 3
block 38 3
block 39 3
block 40 3
block 41 3
block 43 3
block 44 3
block 16 4
block 17 4
block 18 4
block 43 4
block 44 4
block 43 5
block 44 5
block 43 6
block 44 6
block 17 7
block 18 7
block 19 7
block 17 8
block 18 8
block 19 8
block 20 8
block 21 8
block 22 8
block 39 8
block 40 8
block 17 9
block 18 9
block 19 9
block 20 9
block 21 9
block 22 9
block 39 9
block 40 9
block 17 10
block 18 10
block 19 10
block 39 10
block 40 10
block 17 11
block 18 11
block 19 11
block 39 11
block 40 11
block 64 11
block 65 11
block 3 12
block 4 12
block 5 12
block 17 12
block 18 12
block 19 12
block 39 12
block 40 12
block 64 12
block 65 12
block 3 13
block 4 13
block 5 13
block 39 13
block 40 13
block 64 13
block 65 13
block 71 13
block 72 13
block 73 13
block 3 14
block 4 14
block 5 14
block 12 14
block 13 14
block 14 14
block 15 14
block 16 14
block 17 14
block 48 14
block 49 14
block 50 14
block 71 14
block 72 14
block 73 14
block 3 15
block 4 15
block 5 15
block 12 15
block 13 15
block 14 15
block 15 15
block 16 15
block 17 15
block 48 15
block 49 15
block 50 15
block 71 15
block 72 15
block 73 15
block 12 16
block 13 16
block 14 16
block 15 16
block 16 16
block 17 16
block 42 16
block 43 16
block 48 16
block 49 16
block 50 16
block 12 17
block 13 17
block 14 17
block 15 17
block 16 17
block 17 17
block 42 17
block 43 17
block 48 17
block 49 17
block 50 17
block 53 19
block 54 19
block 55 19
block 56 19
block 57 19
block 58 19
block 48 20
block 49 20
block 50 20
block 53 20
block 54 20
block 55 20
block 56 20
block 57 20
block 58 20
block 48 21
block 49 21
block 50 21
block 53 21
block 54 21
block 55 21
block 56 21
block 57 21
block 58 21
block 48 22
block 49 22
block 50 22
block 53 22
block 54 22
block 55 22
block 56 22
block 57 22
block 58 22
block 48 23
block 49 23
block 50 23
block 53 23
block 54 23
block 55 23
block 56 23
block 57 23
block 58 23
block 48 24
block 49 24
block 50 24
block 53 24
block 54 24
block 55 24
block 56 24
block 57 24
block 58 24
block 48 25
block 49 25
block 50 25
block 53 25
block 54 25
block 55 25
block 56 25
block 57 25
block 58 25
block 64 25
block 65 25
block 66 25
block 67 25
block 68 25
block 69 25
block 16 26
block 17 26
block 59 26
block 60 26
block 61 26
block 64 26
block 65 26
block 66 26
block 67 26
block 68 26
block 69 26
block 16 27
block 17 27
block 59 27
block 60 27
block 61 27
block 64 27
block 65 27
block 66 27
block 67 27
block 68 27
block 69 27
block 16 28
block 17 28
block 59 28
block 60 28
block 61 28
block 65 28
block 66 28
block 67 28
block 68 28
block 59 29
block 60 29
block 61 29
block 65 29
block 66 29
block 67 29
block 68 29
block 59 30
block 60 30
block 61 30
block 59 31
block 60 31
block 61 31
block 59 32
block 60 32
block 61 32
block 64 33
block 65 33
block 66 33
block 67 33
block 68 33
block 69 33
block 70 33
block 0 34
block 1 34
block 2 34
block 3 34
block 64 34
block 65 34
block 66 34
block 67 34
block 68 34
block 69 34
block 70 34
block 72 34
block 73 34
block 74 34
block 0 35
block 1 35
block 2 35
block 3 35
block 36 35
block 37 35
block 38 35
block 39 35
block 40 35
block 41 35
block 64 35
block 65 35
block 66 35
block 67 35
block 68 35
block 69 35
block 70 35
block 72 35
block 73 35
block 74 35
block 0 36
block 1 36
block 2 36
block 3 36
block 36 36
block 37 36
block 38 36
block 39 36
block 40 36
block 41 36
block 64 36
block 65 36
block 66 36
block 67 36
block 68 36
block 69 36
block 70 36
block 72 36
block 73 36
block 74 36
block 0 37
block 1 37
block 2 37
block 3 37
block 16 37
block 17 37
block 18 37
block 36 37
block 37 37
block 38 37
block 39 37
block 40 37
block 41 37
block 64 37
block 65 37
block 66 37
block 67 37
block 68 37
block 69 37
block 70 37
block 72 37
block 73 37
block 74 37
##BotsAndCoinsInfo
bot_name 0 starter-bot
bot 0 65 8
bot_coins 0 0
coin 5 9
coin 69 28
round 1
bot 0 65 9
round 2
bot 0 65 10
round 3
round 4
round 5
coin 48 6
coin 26 31
round 6
round 7
round 8
round 9
round 10
coin 45 15
coin 29 22
round 11
round 12
round 13
round 14
round 15
coin 5 28
coin 69 9
round 16
round 17
round 18
round 19
round 20
coin 19 17
coin 55 18
round 21
round 22
round 23
round 24
round 25
coin 32 14
coin 42 23
round 26
round 27
round 28
round 29
round 30
coin 51 34
coin 23 3
round 31
round 32
round 33
round 34
round 35
coin 26 36
coin 48 1
round 36
round 37
round 38
round 39
round 40
coin 6 36
coin 68 1
round 41
round 42
round 43
round 44
round 45
coin 43 37
coin 31 0
round 46
round 47
round 48
round 49
round 50
coin 50 13
coin 24 24
round 51
round 52
round 53
round 54
round 55
coin 26 7
coin 48 30
round 56
round 57
round 58
round 59
round 60
coin 68 13
coin 6 24
round 61
round 62
round 63
round 64
round 65
coin 55 6
coin 19 31
round 66
round 67
round 68
round 69
round 70
coin 37 22
coin 37 15
round 71
round 72
round 73
round 74
round 75
coin 55 4
coin 19 33
round 76
round 77
round 78
round 79
round 80
coin 5 33
coin 69 4
round 81
round 82
round 83
round 84
round 85
coin 17 36
coin 57 1
round 86
round 87
round 88
round 89
round 90
coin 11 17
coin 63 20
round 91
round 92
round 93
round 94
round 95
coin 13 6
coin 62 31
round 96
round 97
round 98
round 99
round 100
coin 29 31
coin 45 6
round 101
round 102
round 103
round 104
round 105
coin 23 11
coin 51 26
round 106
round 107
round 108
round 109
round 110
coin 50 10
coin 24 27
round 111
round 112
round 113
round 114
round 115
coin 7 23
coin 67 14
round 116
round 117
round 118
round 119
round 120
coin 7 35
coin 67 2
round 121
round 122
round 123
round 124
round 125
coin 42 6
coin 32 31
round 126
round 127
round 128
round 129
round 130
coin 8 12
coin 66 24
round 131
round 132
round 133
round 134
round 135
coin 35 4
coin 39 33
round 136
round 137
round 138
round 139
round 140
coin 13 21
coin 61 16
round 141
round 142
round 143
round 144
round 145
coin 36 34
coin 38 4
round 146
round 147
round 148
round 149
round 150
coin 22 31
coin 52 6
round 151
round 152
round 153
round 154
round 155
coin 2 7
coin 72 30
round 156
round 157
round 158
round 159
round 160
coin 44 34
coin 30 3
round 161
round 162
round 163
round 164
round 165
coin 23 21
coin 51 16
round 166
round 167
round 168
round 169
round 170
coin 0 17
coin 74 20
round 171
round 172
round 173
round 174
round 175
coin 40 4
coin 34 33
round 176
round 177
round 178
round 179
round 180
coin 28 23
coin 46 14
round 181
round 182
round 183
round 184
round 185
coin 73 9
coin 1 28
round 186
round 187
round 188
round 189
round 190
coin 11 14
coin 63 23
round 191
round 192
round 193
round 194
round 195
coin 50 35
coin 24 2
round 196
round 197
round 198
round 199
round 200
coin 0 2
coin 74 33
match_over 0
