match
match_id 1639174530046_eo
match_time 1639174530049
num_bots 1
##MatchConfig
mode FRIENDLY
num_rounds 200
random_seed 42
move_time_limit 1000
coin_spawn_period 5
coin_spawn_volume 2
##MapConfig
map_size 48 35
view_radius 5
mining_radius 2
attack_radius 3
block 3 0
block 4 0
block 5 0
block 6 0
block 7 0
block 8 0
block 27 0
block 28 0
block 29 0
block 30 0
block 33 0
block 34 0
block 35 0
block 40 0
block 41 0
block 42 0
block 43 0
block 44 0
block 45 0
block 46 0
block 3 1
block 4 1
block 5 1
block 6 1
block 7 1
block 8 1
block 27 1
block 28 1
block 29 1
block 30 1
block 33 1
block 34 1
block 35 1
block 40 1
block 41 1
block 42 1
block 43 1
block 44 1
block 45 1
block 46 1
block 33 2
block 34 2
block 35 2
block 40 2
block 41 2
block 42 2
block 43 2
block 44 2
block 45 2
block 46 2
block 13 3
block 14 3
block 33 3
block 34 3
block 35 3
block 40 3
block 41 3
block 42 3
block 43 3
block 44 3
block 45 3
block 46 3
block 13 4
block 14 4
block 33 4
block 34 4
block 35 4
block 33 5
block 34 5
block 35 5
block 5 8
block 6 8
block 7 8
block 8 8
block 9 8
block 5 9
block 6 9
block 7 9
block 8 9
block 9 9
block 5 10
block 6 10
block 7 10
block 8 10
block 9 10
block 0 11
block 1 11
block 2 11
block 3 11
block 5 11
block 6 11
block 7 11
block 8 11
block 9 11
block 47 11
block 0 12
block 1 12
block 2 12
block 3 12
block 5 12
block 6 12
block 7 12
block 8 12
block 9 12
block 35 12
block 36 12
block 37 12
block 38 12
block 39 12
block 40 12
block 47 12
block 0 13
block 1 13
block 2 13
block 3 13
block 5 13
block 6 13
block 7 13
block 8 13
block 9 13
block 17 13
block 18 13
block 19 13
block 20 13
block 21 13
block 35 13
block 36 13
block 37 13
block 38 13
block 39 13
block 40 13
block 47 13
block 0 14
block 1 14
block 2 14
block 3 14
block 5 14
block 6 14
block 7 14
block 8 14
block 9 14
block 17 14
block 18 14
block 19 14
block 20 14
block 21 14
block 35 14
block 36 14
block 37 14
block 38 14
block 39 14
block 40 14
block 47 14
block 0 15
block 1 15
block 2 15
block 3 15
block 5 15
block 6 15
block 7 15
block 8 15
block 17 15
block 18 15
block 19 15
block 20 15
block 21 15
block 29 15
block 30 15
block 31 15
block 32 15
block 35 15
block 36 15
block 37 15
block 38 15
block 47 15
block 1 16
block 2 16
block 5 16
block 6 16
block 7 16
block 8 16
block 29 16
block 30 16
block 31 16
block 32 16
block 35 16
block 36 16
block 37 16
block 38 16
block 1 17
block 2 17
block 5 17
block 6 17
block 7 17
block 8 17
block 35 17
block 36 17
block 37 17
block 38 17
block 1 18
block 2 18
block 35 18
block 36 18
block 37 18
block 38 18
block 1 19
block 2 19
block 17 19
block 18 19
block 19 19
block 20 19
block 41 19
block 42 19
block 43 19
block 44 19
block 45 19
block 46 19
block 1 20
block 2 20
block 14 20
block 15 20
block 16 20
block 17 20
block 18 20
block 19 20
block 20 20
block 41 20
block 42 20
block 43 20
block 44 20
block 45 20
block 46 20
block 14 21
block 15 21
block 16 21
block 17 21
block 18 21
block 19 21
block 20 21
block 41 21
block 42 21
block 43 21
block 44 21
block 45 21
block 46 21
block 14 22
block 15 22
block 16 22
block 17 22
block 18 22
block 19 22
block 20 22
block 41 22
block 42 22
block 43 22
block 44 22
block 45 22
block 46 22
block 41 23
block 42 23
block 43 23
block 44 23
block 45 23
block 46 23
block 41 24
block 42 24
block 43 24
block 44 24
block 45 24
block 46 24
block 0 25
block 3 25
block 4 25
block 5 25
block 6 25
block 47 25
block 0 26
block 3 26
block 4 26
block 5 26
block 6 26
block 34 26
block 35 26
block 36 26
block 37 26
block 38 26
block 39 26
block 47 26
block 0 27
block 3 27
block 4 27
block 5 27
block 6 27
block 34 27
block 35 27
block 36 27
block 37 27
block 38 27
block 39 27
block 47 27
block 3 28
block 4 28
block 5 28
block 6 28
block 43 28
block 44 28
block 3 29
block 4 29
block 5 29
block 6 29
block 43 29
block 44 29
block 3 30
block 4 30
block 5 30
block 6 30
block 27 30
block 28 30
block 29 30
block 30 30
block 43 30
block 44 30
block 27 31
block 28 31
block 29 31
block 30 31
block 43 31
block 44 31
block 27 32
block 28 32
block 29 32
block 30 32
block 43 32
block 44 32
block 3 33
block 4 33
block 5 33
block 6 33
block 7 33
block 8 33
block 27 33
block 28 33
block 29 33
block 30 33
block 3 34
block 4 34
block 5 34
block 6 34
block 7 34
block 8 34
block 27 34
block 28 34
block 29 34
block 30 34
##BotsAndCoinsInfo
bot_name 0 starter-bot
bot 0 38 29
bot_coins 0 0
coin 26 33
coin 21 1
round 1
bot 0 38 30
round 2
bot 0 38 31
round 3
bot 0 38 32
round 4
bot 0 38 33
round 5
bot 0 38 34
coin 0 24
coin 47 10
round 6
bot 0 37 33
round 7
bot 0 37 32
round 8
bot 0 37 31
round 9
bot 0 37 30
round 10
bot 0 37 29
coin 18 25
coin 29 9
round 11
bot 0 37 28
round 12
round 13
round 14
round 15
coin 17 3
coin 31 31
round 16
round 17
round 18
round 19
round 20
coin 31 3
coin 16 31
round 21
round 22
round 23
round 24
round 25
coin 14 32
coin 32 2
round 26
round 27
round 28
round 29
round 30
coin 12 7
coin 35 28
round 31
coin_collected 35 28 0
bot_coins 0 1
round 32
round 33
round 34
round 35
coin 44 17
coin 3 17
round 36
round 37
round 38
round 39
round 40
coin 24 5
coin 23 29
round 41
round 42
round 43
round 44
round 45
coin 7 7
coin 40 27
round 46
round 47
round 48
round 49
round 50
coin 8 7
coin 39 28
round 51
coin_collected 39 28 0
bot_coins 0 2
round 52
round 53
round 54
round 55
coin 26 23
coin 21 11
round 56
round 57
round 58
round 59
round 60
coin 11 16
coin 36 19
round 61
round 62
round 63
round 64
round 65
coin 47 3
coin 0 31
round 66
round 67
round 68
round 69
round 70
coin 43 26
coin 4 8
round 71
round 72
round 73
round 74
round 75
coin 10 6
coin 37 29
round 76
coin_collected 37 29 0
bot_coins 0 3
round 77
round 78
round 79
round 80
coin 14 10
coin 33 24
round 81
round 82
round 83
round 84
round 85
coin 41 32
coin 6 2
round 86
round 87
round 88
round 89
round 90
coin 12 33
coin 36 1
round 91
round 92
round 93
round 94
round 95
coin 25 34
coin 22 0
round 96
round 97
round 98
round 99
round 100
coin 11 5
coin 36 29
round 101
coin_collected 36 29 0
bot_coins 0 4
round 102
round 103
round 104
round 105
coin 47 7
coin 0 28
round 106
round 107
round 108
round 109
round 110
coin 23 14
coin 24 20
round 111
round 112
round 113
round 114
round 115
coin 7 30
coin 40 4
round 116
round 117
round 118
round 119
round 120
coin 12 3
coin 35 31
round 121
round 122
round 123
round 124
round 125
coin 25 0
coin 22 34
round 126
round 127
round 128
round 129
round 130
coin 38 1
coin 9 33
round 131
round 132
round 133
round 134
round 135
coin 9 0
coin 38 34
round 136
round 137
round 138
round 139
round 140
coin 0 16
coin 47 18
round 141
round 142
round 143
round 144
round 145
coin 21 3
coin 26 31
round 146
round 147
round 148
round 149
round 150
coin 25 19
coin 22 15
round 151
round 152
round 153
round 154
round 155
coin 32 17
coin 15 17
round 156
round 157
round 158
round 159
round 160
coin 38 9
coin 9 25
round 161
round 162
round 163
round 164
round 165
coin 15 4
coin 32 30
round 166
round 167
round 168
round 169
round 170
coin 15 19
coin 32 14
round 171
round 172
round 173
round 174
round 175
coin 22 1
coin 25 33
round 176
round 177
round 178
round 179
round 180
coin 13 14
coin 34 20
round 181
round 182
round 183
round 184
round 185
coin 37 33
coin 10 1
round 186
round 187
round 188
round 189
round 190
coin 26 0
coin 21 34
round 191
round 192
round 193
round 194
round 195
coin 17 28
coin 30 6
round 196
round 197
round 198
round 199
round 200
coin 24 29
coin 23 5
match_over 0
