match
match_id 1639414397039_ef
match_time 1639414397041
num_bots 1
##MatchConfig
mode FRIENDLY
num_rounds 200
random_seed 42
move_time_limit 1000
coin_spawn_period 5
coin_spawn_volume 2
##MapConfig
map_size 53 27
view_radius 6
mining_radius 2
attack_radius 4
block 24 0
block 25 0
block 26 0
block 27 0
block 28 0
block 29 0
block 13 1
block 14 1
block 24 1
block 25 1
block 26 1
block 27 1
block 28 1
block 29 1
block 4 2
block 5 2
block 6 2
block 13 2
block 14 2
block 24 2
block 25 2
block 26 2
block 27 2
block 28 2
block 29 2
block 4 3
block 5 3
block 6 3
block 7 3
block 8 3
block 9 3
block 13 3
block 14 3
block 24 3
block 25 3
block 26 3
block 27 3
block 28 3
block 29 3
block 4 4
block 5 4
block 6 4
block 7 4
block 8 4
block 9 4
block 24 4
block 25 4
block 26 4
block 27 4
block 28 4
block 29 4
block 30 4
block 31 4
block 4 5
block 5 5
block 6 5
block 7 5
block 8 5
block 9 5
block 26 5
block 27 5
block 28 5
block 29 5
block 30 5
block 31 5
block 32 5
block 33 5
block 34 5
block 46 5
block 47 5
block 48 5
block 49 5
block 50 5
block 51 5
block 0 6
block 4 6
block 5 6
block 6 6
block 7 6
block 8 6
block 9 6
block 26 6
block 27 6
block 28 6
block 29 6
block 30 6
block 31 6
block 32 6
block 33 6
block 34 6
block 46 6
block 47 6
block 48 6
block 49 6
block 50 6
block 51 6
block 52 6
block 0 7
block 1 7
block 2 7
block 3 7
block 6 7
block 7 7
block 8 7
block 9 7
block 26 7
block 27 7
block 28 7
block 29 7
block 30 7
block 31 7
block 32 7
block 33 7
block 34 7
block 50 7
block 51 7
block 52 7
block 0 8
block 1 8
block 2 8
block 3 8
block 26 8
block 27 8
block 28 8
block 29 8
block 30 8
block 31 8
block 32 8
block 33 8
block 34 8
block 50 8
block 51 8
block 52 8
block 0 9
block 1 9
block 2 9
block 3 9
block 19 9
block 20 9
block 26 9
block 27 9
block 28 9
block 29 9
block 30 9
block 31 9
block 32 9
block 33 9
block 34 9
block 35 9
block 50 9
block 51 9
block 52 9
block 0 10
block 19 10
block 20 10
block 26 10
block 27 10
block 28 10
block 29 10
block 30 10
block 31 10
block 32 10
block 33 10
block 34 10
block 35 10
block 50 10
block 51 10
block 52 10
block 19 11
block 20 11
block 27 11
block 28 11
block 29 11
block 30 11
block 31 11
block 32 11
block 33 11
block 34 11
block 7 12
block 8 12
block 9 12
block 10 12
block 27 12
block 28 12
block 29 12
block 30 12
block 31 12
block 7 13
block 8 13
block 9 13
block 10 13
block 3 14
block 4 14
block 5 14
block 6 14
block 7 14
block 8 14
block 9 14
block 10 14
block 38 14
block 39 14
block 40 14
block 3 15
block 4 15
block 5 15
block 6 15
block 7 15
block 8 15
block 9 15
block 10 15
block 38 15
block 39 15
block 40 15
block 3 16
block 4 16
block 5 16
block 6 16
block 7 16
block 8 16
block 9 16
block 10 16
block 11 16
block 12 16
block 38 16
block 39 16
block 40 16
block 3 17
block 4 17
block 5 17
block 6 17
block 9 17
block 10 17
block 11 17
block 12 17
block 38 17
block 39 17
block 40 17
block 3 18
block 4 18
block 5 18
block 6 18
block 9 18
block 10 18
block 11 18
block 12 18
block 36 18
block 37 18
block 38 18
block 39 18
block 40 18
block 41 18
block 9 19
block 10 19
block 11 19
block 12 19
block 36 19
block 37 19
block 38 19
block 39 19
block 40 19
block 41 19
block 45 19
block 46 19
block 47 19
block 48 19
block 49 19
block 50 19
block 51 19
block 9 20
block 10 20
block 11 20
block 12 20
block 36 20
block 37 20
block 38 20
block 39 20
block 40 20
block 41 20
block 45 20
block 46 20
block 47 20
block 48 20
block 49 20
block 50 20
block 51 20
block 36 21
block 37 21
block 38 21
block 39 21
block 40 21
block 41 21
block 43 21
block 44 21
block 45 21
block 46 21
block 47 21
block 48 21
block 49 21
block 50 21
block 51 21
block 36 22
block 37 22
block 38 22
block 39 22
block 40 22
block 41 22
block 43 22
block 44 22
block 45 22
block 46 22
block 47 22
block 48 22
block 49 22
block 50 22
block 51 22
block 36 23
block 37 23
block 38 23
block 39 23
block 40 23
block 41 23
block 43 23
block 44 23
block 45 23
block 46 23
block 47 23
block 48 23
block 49 23
block 50 23
block 51 23
block 24 26
block 25 26
block 26 26
block 27 26
block 28 26
block 29 26
##BotsAndCoinsInfo
bot_name 0 martyn
bot 0 4 1
bot_coins 0 0
coin 34 3
coin 18 23
round 1
bot 0 3 1
round 2
bot 0 3 2
round 3
bot 0 3 3
round 4
bot 0 3 4
round 5
bot 0 3 5
coin 5 19
coin 47 7
round 6
bot 0 3 6
round 7
bot 0 2 6
round 8
bot 0 1 6
round 9
bot 0 0 5
round 10
bot 0 52 5
coin 19 16
coin 33 12
round 11
bot 0 51 4
round 12
bot 0 50 4
round 13
bot 0 49 4
round 14
bot 0 48 4
round 15
bot 0 47 4
coin 44 20
coin 10 6
round 16
bot 0 46 4
round 17
bot 0 45 4
round 18
round 19
round 20
coin 15 2
coin 37 24
round 21
round 22
round 23
round 24
round 25
coin 3 26
coin 49 0
round 26
round 27
round 28
round 29
bot 0 44 5
round 30
bot 0 45 6
coin 21 9
coin 31 17
round 31
bot 0 46 7
coin_collected 47 7 0
bot_coins 0 1
round 32
bot 0 46 8
round 33
bot 0 46 9
round 34
bot 0 46 10
round 35
bot 0 46 11
coin 34 4
coin 18 22
round 36
bot 0 46 12
round 37
bot 0 46 13
round 38
bot 0 46 14
round 39
bot 0 46 15
round 40
bot 0 45 16
coin 35 6
coin 17 20
round 41
bot 0 44 17
round 42
bot 0 43 18
round 43
bot 0 44 19
coin_collected 44 20 0
bot_coins 0 2
round 44
bot 0 44 20
round 45
bot 0 43 20
coin 40 8
coin 13 18
round 46
bot 0 42 20
round 47
bot 0 42 21
round 48
round 49
round 50
coin 39 4
coin 13 22
round 51
round 52
round 53
round 54
round 55
coin 21 24
coin 31 2
round 56
round 57
round 58
round 59
round 60
coin 42 0
coin 10 26
round 61
bot 0 42 22
round 62
round 63
round 64
round 65
coin 34 22
coin 18 4
round 66
round 67
round 68
round 69
round 70
coin 25 5
coin 27 21
round 71
round 72
round 73
round 74
round 75
coin 24 21
coin 30 3
round 76
round 77
bot 0 42 21
round 78
bot 0 42 22
round 79
round 80
coin 42 23
coin 10 3
round 81
bot 0 42 23
coin_collected 42 23 0
bot_coins 0 3
round 82
round 83
round 84
round 85
bot 0 43 24
coin 26 14
coin 26 12
round 86
bot 0 42 23
round 87
round 88
round 89
round 90
coin 46 7
coin 6 19
round 91
round 92
round 93
round 94
bot 0 41 24
round 95
bot 0 42 23
coin 30 21
coin 22 5
round 96
round 97
round 98
round 99
round 100
coin 32 22
coin 20 4
round 101
round 102
round 103
round 104
round 105
coin 27 25
coin 23 1
round 106
round 107
round 108
round 109
round 110
coin 6 24
coin 46 2
round 111
bot 0 43 24
round 112
bot 0 42 23
round 113
round 114
round 115
coin 0 20
coin 52 5
round 116
round 117
round 118
round 119
round 120
bot 0 42 24
coin 44 7
coin 8 19
round 121
round 122
round 123
round 124
bot 0 42 23
round 125
coin 46 14
coin 6 12
round 126
round 127
round 128
bot 0 42 22
round 129
bot 0 42 23
round 130
coin 49 4
coin 3 22
round 131
round 132
round 133
round 134
round 135
coin 19 7
coin 33 19
round 136
round 137
round 138
round 139
round 140
coin 47 4
coin 5 22
round 141
round 142
round 143
round 144
round 145
bot 0 42 22
coin 32 18
coin 20 8
round 146
round 147
round 148
round 149
bot 0 42 21
round 150
coin 39 13
coin 13 13
round 151
bot 0 42 22
round 152
round 153
round 154
round 155
coin 52 13
coin 0 13
round 156
round 157
round 158
round 159
round 160
coin 2 23
coin 50 3
round 161
round 162
round 163
round 164
round 165
coin 7 22
coin 45 4
round 166
round 167
round 168
round 169
round 170
coin 15 9
coin 37 17
round 171
round 172
round 173
round 174
round 175
coin 25 6
coin 27 20
round 176
round 177
round 178
round 179
bot 0 42 23
round 180
coin 25 7
coin 27 19
round 181
round 182
round 183
bot 0 43 24
round 184
bot 0 42 23
round 185
coin 0 23
coin 52 3
round 186
round 187
round 188
bot 0 41 24
round 189
bot 0 42 23
round 190
coin 49 25
coin 3 1
round 191
round 192
round 193
round 194
round 195
coin 16 6
coin 35 20
round 196
round 197
round 198
round 199
round 200
coin 52 19
coin 1 6
match_over 0
