match
match_id 1639169280970_bx
match_time 1639169280972
num_bots 1
##MatchConfig
mode FRIENDLY
num_rounds 200
random_seed 42
move_time_limit 1000
coin_spawn_period 5
coin_spawn_volume 2
##MapConfig
map_size 68 20
view_radius 6
mining_radius 2
attack_radius 3
block 14 0
block 15 0
block 16 0
block 17 0
block 18 0
block 38 0
block 39 0
block 40 0
block 41 0
block 42 0
block 43 0
block 44 0
block 65 0
block 66 0
block 14 1
block 15 1
block 16 1
block 17 1
block 18 1
block 39 1
block 40 1
block 41 1
block 42 1
block 43 1
block 44 1
block 65 1
block 66 1
block 14 2
block 15 2
block 16 2
block 17 2
block 18 2
block 39 2
block 40 2
block 41 2
block 42 2
block 43 2
block 44 2
block 65 2
block 66 2
block 14 3
block 15 3
block 16 3
block 17 3
block 18 3
block 39 3
block 40 3
block 41 3
block 42 3
block 43 3
block 44 3
block 14 4
block 15 4
block 16 4
block 17 4
block 18 4
block 39 4
block 40 4
block 41 4
block 42 4
block 43 4
block 44 4
block 7 6
block 8 6
block 9 6
block 10 6
block 11 6
block 25 6
block 26 6
block 27 6
block 28 6
block 61 6
block 62 6
block 63 6
block 64 6
block 65 6
block 66 6
block 67 6
block 7 7
block 8 7
block 9 7
block 10 7
block 11 7
block 25 7
block 26 7
block 27 7
block 28 7
block 61 7
block 62 7
block 63 7
block 64 7
block 65 7
block 66 7
block 67 7
block 22 8
block 23 8
block 24 8
block 25 8
block 26 8
block 27 8
block 28 8
block 61 8
block 62 8
block 63 8
block 64 8
block 65 8
block 66 8
block 67 8
block 22 9
block 23 9
block 24 9
block 25 9
block 26 9
block 27 9
block 28 9
block 54 9
block 55 9
block 56 9
block 57 9
block 61 9
block 62 9
block 63 9
block 64 9
block 65 9
block 66 9
block 67 9
block 22 10
block 23 10
block 24 10
block 25 10
block 26 10
block 27 10
block 28 10
block 29 10
block 30 10
block 54 10
block 55 10
block 56 10
block 57 10
block 22 11
block 23 11
block 24 11
block 25 11
block 26 11
block 27 11
block 28 11
block 29 11
block 30 11
block 26 12
block 27 12
block 28 12
block 29 12
block 30 12
block 26 13
block 27 13
block 28 13
block 29 13
block 30 13
block 44 15
block 45 15
block 46 15
block 47 15
block 48 15
block 38 16
block 39 16
block 40 16
block 41 16
block 42 16
block 44 16
block 45 16
block 46 16
block 47 16
block 48 16
block 65 16
block 66 16
block 38 17
block 39 17
block 40 17
block 41 17
block 42 17
block 44 17
block 45 17
block 46 17
block 47 17
block 48 17
block 65 17
block 66 17
block 38 18
block 39 18
block 40 18
block 41 18
block 42 18
block 43 18
block 44 18
block 61 18
block 62 18
block 63 18
block 64 18
block 65 18
block 66 18
block 14 19
block 15 19
block 16 19
block 17 19
block 18 19
block 38 19
block 39 19
block 40 19
block 41 19
block 42 19
block 43 19
block 44 19
block 61 19
block 62 19
block 63 19
block 64 19
block 65 19
block 66 19
##BotsAndCoinsInfo
bot_name 0 starter-bot
bot 0 27 17
bot_coins 0 0
coin 26 3
coin 41 15
round 1
bot 0 27 18
round 2
bot 0 27 19
round 3
round 4
round 5
coin 0 4
coin 67 15
round 6
round 7
round 8
round 9
round 10
coin 26 5
coin 41 14
round 11
round 12
round 13
round 14
round 15
coin 17 18
coin 50 1
round 16
round 17
round 18
round 19
round 20
coin 35 13
coin 32 6
round 21
round 22
round 23
round 24
round 25
coin 13 2
coin 54 17
round 26
round 27
round 28
round 29
round 30
coin 8 12
coin 59 7
round 31
round 32
round 33
round 34
round 35
coin 9 12
coin 58 7
round 36
round 37
round 38
round 39
round 40
coin 20 10
coin 47 9
round 41
round 42
round 43
round 44
round 45
coin 23 7
coin 44 12
round 46
round 47
round 48
round 49
round 50
coin 52 3
coin 15 16
round 51
round 52
round 53
round 54
round 55
coin 6 13
coin 60 6
round 56
round 57
round 58
round 59
round 60
coin 19 1
coin 48 18
round 61
round 62
round 63
round 64
round 65
coin 58 18
coin 9 1
round 66
round 67
round 68
round 69
round 70
coin 19 6
coin 48 13
round 71
round 72
round 73
round 74
round 75
coin 62 16
coin 5 3
round 76
round 77
round 78
round 79
round 80
coin 38 5
coin 29 14
round 81
round 82
round 83
round 84
round 85
coin 41 7
coin 25 12
round 86
round 87
round 88
round 89
round 90
coin 8 13
coin 59 6
round 91
round 92
round 93
round 94
round 95
coin 1 4
coin 66 15
round 96
round 97
round 98
round 99
round 100
coin 23 5
coin 44 14
round 101
round 102
round 103
round 104
round 105
coin 63 17
coin 4 2
round 106
round 107
round 108
round 109
round 110
coin 31 14
coin 36 5
round 111
round 112
round 113
round 114
round 115
coin 11 15
coin 56 4
round 116
round 117
round 118
round 119
round 120
coin 13 3
coin 54 16
round 121
round 122
round 123
round 124
round 125
coin 5 0
coin 62 0
round 126
round 127
round 128
round 129
round 130
coin 22 16
coin 45 3
round 131
round 132
round 133
round 134
round 135
coin 40 10
coin 29 9
round 136
round 137
round 138
round 139
round 140
coin 18 18
coin 49 1
round 141
round 142
round 143
round 144
round 145
coin 25 3
coin 43 16
round 146
round 147
round 148
round 149
round 150
coin 29 19
coin 38 1
round 151
coin_collected 29 19 0
bot_coins 0 1
round 152
round 153
round 154
round 155
coin 20 1
coin 47 18
round 156
round 157
round 158
round 159
round 160
coin 38 14
coin 29 5
round 161
round 162
round 163
round 164
round 165
coin 54 19
coin 13 0
round 166
round 167
round 168
round 169
round 170
coin 51 19
coin 16 18
round 171
round 172
round 173
round 174
round 175
coin 67 1
coin 0 18
round 176
round 177
round 178
round 179
round 180
coin 13 9
coin 53 10
round 181
round 182
round 183
round 184
round 185
coin 5 13
coin 62 5
round 186
round 187
round 188
round 189
round 190
coin 30 0
coin 37 19
round 191
round 192
round 193
round 194
round 195
coin 21 13
coin 46 6
round 196
round 197
round 198
round 199
round 200
coin 24 14
coin 43 5
match_over 0
