match
match_id 1639335737052_ae
match_time 1639335737055
num_bots 1
##MatchConfig
mode FRIENDLY
num_rounds 200
random_seed 42
move_time_limit 1000
coin_spawn_period 5
coin_spawn_volume 2
##MapConfig
map_size 71 32
view_radius 5
mining_radius 2
attack_radius 4
block 0 0
block 1 0
block 2 0
block 3 0
block 4 0
block 5 0
block 6 0
block 7 0
block 44 0
block 45 0
block 46 0
block 47 0
block 48 0
block 49 0
block 50 0
block 51 0
block 52 0
block 53 0
block 68 0
block 69 0
block 70 0
block 2 1
block 3 1
block 4 1
block 5 1
block 6 1
block 7 1
block 49 1
block 50 1
block 51 1
block 52 1
block 53 1
block 2 2
block 3 2
block 4 2
block 5 2
block 6 2
block 7 2
block 49 2
block 50 2
block 51 2
block 52 2
block 53 2
block 59 2
block 60 2
block 61 2
block 62 2
block 49 3
block 50 3
block 51 3
block 52 3
block 53 3
block 59 3
block 60 3
block 61 3
block 62 3
block 8 4
block 9 4
block 10 4
block 11 4
block 12 4
block 13 4
block 14 4
block 49 4
block 50 4
block 51 4
block 52 4
block 53 4
block 59 4
block 60 4
block 61 4
block 62 4
block 8 5
block 9 5
block 10 5
block 11 5
block 12 5
block 13 5
block 14 5
block 49 5
block 50 5
block 51 5
block 52 5
block 53 5
block 8 6
block 9 6
block 10 6
block 11 6
block 12 6
block 13 6
block 14 6
block 0 7
block 1 7
block 2 7
block 3 7
block 4 7
block 8 7
block 9 7
block 10 7
block 11 7
block 12 7
block 13 7
block 14 7
block 0 8
block 1 8
block 2 8
block 3 8
block 4 8
block 8 8
block 9 8
block 10 8
block 11 8
block 12 8
block 13 8
block 14 8
block 0 9
block 1 9
block 2 9
block 3 9
block 4 9
block 0 10
block 1 10
block 2 10
block 3 10
block 4 10
block 37 10
block 38 10
block 39 10
block 40 10
block 45 10
block 46 10
block 51 10
block 52 10
block 37 11
block 38 11
block 39 11
block 40 11
block 45 11
block 46 11
block 51 11
block 52 11
block 56 11
block 57 11
block 58 11
block 59 11
block 60 11
block 63 11
block 64 11
block 65 11
block 37 12
block 38 12
block 39 12
block 40 12
block 56 12
block 57 12
block 58 12
block 59 12
block 60 12
block 63 12
block 64 12
block 65 12
block 44 13
block 45 13
block 46 13
block 47 13
block 48 13
block 56 13
block 57 13
block 58 13
block 59 13
block 60 13
block 64 13
block 65 13
block 66 13
block 44 14
block 45 14
block 46 14
block 47 14
block 48 14
block 56 14
block 57 14
block 58 14
block 59 14
block 60 14
block 64 14
block 65 14
block 66 14
block 67 14
block 68 14
block 69 14
block 44 15
block 45 15
block 46 15
block 47 15
block 48 15
block 56 15
block 57 15
block 58 15
block 59 15
block 60 15
block 64 15
block 65 15
block 66 15
block 67 15
block 68 15
block 69 15
block 34 16
block 35 16
block 36 16
block 37 16
block 38 16
block 39 16
block 40 16
block 44 16
block 45 16
block 46 16
block 47 16
block 48 16
block 53 16
block 54 16
block 55 16
block 56 16
block 57 16
block 58 16
block 59 16
block 60 16
block 64 16
block 65 16
block 66 16
block 67 16
block 68 16
block 69 16
block 0 17
block 34 17
block 35 17
block 36 17
block 37 17
block 38 17
block 39 17
block 40 17
block 44 17
block 45 17
block 46 17
block 47 17
block 48 17
block 53 17
block 54 17
block 55 17
block 56 17
block 57 17
block 58 17
block 59 17
block 60 17
block 64 17
block 65 17
block 66 17
block 67 17
block 68 17
block 69 17
block 70 17
block 0 18
block 17 18
block 18 18
block 19 18
block 20 18
block 34 18
block 35 18
block 36 18
block 37 18
block 38 18
block 39 18
block 40 18
block 44 18
block 45 18
block 46 18
block 47 18
block 48 18
block 53 18
block 54 18
block 55 18
block 56 18
block 64 18
block 65 18
block 66 18
block 67 18
block 68 18
block 69 18
block 70 18
block 0 19
block 17 19
block 18 19
block 19 19
block 20 19
block 33 19
block 34 19
block 35 19
block 36 19
block 37 19
block 38 19
block 39 19
block 40 19
block 53 19
block 54 19
block 55 19
block 56 19
block 64 19
block 65 19
block 66 19
block 67 19
block 68 19
block 69 19
block 70 19
block 0 20
block 33 20
block 34 20
block 35 20
block 36 20
block 53 20
block 54 20
block 55 20
block 56 20
block 66 20
block 67 20
block 68 20
block 69 20
block 70 20
block 0 21
block 33 21
block 34 21
block 35 21
block 36 21
block 38 21
block 39 21
block 40 21
block 41 21
block 42 21
block 43 21
block 44 21
block 52 21
block 53 21
block 54 21
block 55 21
block 56 21
block 57 21
block 58 21
block 59 21
block 69 21
block 70 21
block 0 22
block 38 22
block 39 22
block 40 22
block 41 22
block 42 22
block 43 22
block 44 22
block 52 22
block 53 22
block 54 22
block 55 22
block 56 22
block 57 22
block 58 22
block 59 22
block 69 22
block 70 22
block 0 23
block 10 23
block 11 23
block 12 23
block 38 23
block 39 23
block 40 23
block 41 23
block 42 23
block 43 23
block 44 23
block 52 23
block 53 23
block 54 23
block 55 23
block 56 23
block 57 23
block 58 23
block 59 23
block 69 23
block 70 23
block 10 24
block 11 24
block 12 24
block 38 24
block 39 24
block 40 24
block 41 24
block 42 24
block 43 24
block 44 24
block 52 24
block 53 24
block 54 24
block 55 24
block 56 24
block 10 25
block 11 25
block 12 25
block 40 26
block 41 26
block 42 26
block 43 26
block 44 26
block 45 26
block 40 27
block 41 27
block 42 27
block 43 27
block 44 27
block 45 27
block 46 27
block 47 27
block 48 27
block 49 27
block 40 28
block 41 28
block 42 28
block 43 28
block 44 28
block 45 28
block 46 28
block 47 28
block 48 28
block 49 28
block 42 29
block 43 29
block 44 29
block 45 29
block 46 29
block 47 29
block 48 29
block 49 29
block 44 30
block 45 30
block 46 30
block 47 30
block 48 30
block 49 30
block 0 31
block 1 31
block 2 31
block 3 31
block 44 31
block 45 31
block 46 31
block 47 31
block 48 31
block 49 31
block 50 31
block 51 31
block 52 31
block 53 31
block 68 31
block 69 31
block 70 31
##BotsAndCoinsInfo
bot_name 0 starter-bot
bot 0 37 27
bot_coins 0 0
coin 18 1
coin 52 30
round 1
bot 0 37 28
round 2
bot 0 37 29
round 3
bot 0 37 30
round 4
bot 0 37 31
round 5
bot 0 36 30
coin 11 1
coin 59 30
round 6
bot 0 36 29
round 7
bot 0 36 28
round 8
bot 0 36 27
round 9
bot 0 36 26
round 10
bot 0 36 25
coin 15 30
coin 55 1
round 11
bot 0 36 24
round 12
bot 0 36 23
round 13
bot 0 36 22
round 14
round 15
coin 41 20
coin 29 11
round 16
round 17
round 18
round 19
round 20
coin 30 2
coin 40 29
round 21
round 22
round 23
round 24
round 25
coin 20 14
coin 50 17
round 26
round 27
round 28
round 29
round 30
coin 47 12
coin 23 19
round 31
round 32
round 33
round 34
round 35
coin 51 22
coin 19 9
round 36
round 37
round 38
round 39
round 40
coin 5 24
coin 65 7
round 41
round 42
round 43
round 44
round 45
coin 32 31
coin 38 0
round 46
round 47
round 48
round 49
round 50
coin 64 4
coin 6 27
round 51
round 52
round 53
round 54
round 55
coin 32 14
coin 38 15
round 56
round 57
round 58
round 59
round 60
coin 35 29
coin 35 2
round 61
round 62
round 63
round 64
round 65
coin 43 25
coin 27 6
round 66
round 67
round 68
round 69
round 70
coin 44 4
coin 26 27
round 71
round 72
round 73
round 74
round 75
coin 25 10
coin 45 21
round 76
round 77
round 78
round 79
round 80
coin 7 8
coin 63 23
round 81
round 82
round 83
round 84
round 85
coin 18 11
coin 52 20
round 86
round 87
round 88
round 89
round 90
coin 46 5
coin 24 26
round 91
round 92
round 93
round 94
round 95
coin 59 8
coin 11 22
round 96
round 97
round 98
round 99
round 100
coin 57 20
coin 13 11
round 101
round 102
round 103
round 104
round 105
coin 34 2
coin 36 29
round 106
round 107
round 108
round 109
round 110
coin 8 2
coin 62 29
round 111
round 112
round 113
round 114
round 115
coin 65 25
coin 5 6
round 116
round 117
round 118
round 119
round 120
coin 64 10
coin 6 21
round 121
round 122
round 123
round 124
round 125
coin 7 6
coin 63 25
round 126
round 127
round 128
round 129
round 130
coin 39 0
coin 31 31
round 131
round 132
round 133
round 134
round 135
coin 9 24
coin 61 7
round 136
round 137
round 138
round 139
round 140
coin 38 2
coin 32 29
round 141
round 142
round 143
round 144
round 145
coin 59 18
coin 11 13
round 146
round 147
round 148
round 149
round 150
coin 1 27
coin 69 4
round 151
round 152
round 153
round 154
round 155
coin 58 7
coin 13 24
round 156
round 157
round 158
round 159
round 160
coin 39 20
coin 31 11
round 161
round 162
round 163
round 164
round 165
coin 69 6
coin 1 25
round 166
round 167
round 168
round 169
round 170
coin 36 12
coin 33 18
round 171
round 172
round 173
round 174
round 175
coin 50 6
coin 20 25
round 176
round 177
round 178
round 179
round 180
coin 35 13
coin 33 17
round 181
round 182
round 183
round 184
round 185
coin 16 20
coin 54 11
round 186
round 187
round 188
round 189
round 190
coin 40 20
coin 30 11
round 191
round 192
round 193
round 194
round 195
coin 4 30
coin 66 1
round 196
round 197
round 198
round 199
round 200
coin 60 18
coin 10 13
match_over 0
