match
match_id 1639406937747_ct
match_time 1639406937749
num_bots 1
##MatchConfig
mode FRIENDLY
num_rounds 200
random_seed 42
move_time_limit 1000
coin_spawn_period 5
coin_spawn_volume 2
##MapConfig
map_size 50 23
view_radius 5
mining_radius 1
attack_radius 3
block 15 0
block 16 0
block 17 0
block 18 0
block 19 0
block 20 0
block 21 0
block 22 0
block 23 0
block 24 0
block 25 0
block 26 0
block 32 0
block 33 0
block 34 0
block 35 0
block 36 0
block 37 0
block 38 0
block 15 1
block 16 1
block 17 1
block 18 1
block 19 1
block 20 1
block 21 1
block 22 1
block 23 1
block 24 1
block 25 1
block 26 1
block 32 1
block 33 1
block 34 1
block 35 1
block 36 1
block 37 1
block 38 1
block 15 2
block 16 2
block 17 2
block 18 2
block 19 2
block 20 2
block 21 2
block 32 2
block 33 2
block 34 2
block 35 2
block 36 2
block 37 2
block 38 2
block 18 3
block 19 3
block 20 3
block 21 3
block 32 3
block 33 3
block 34 3
block 35 3
block 36 3
block 37 3
block 38 3
block 16 4
block 17 4
block 18 4
block 19 4
block 20 4
block 21 4
block 35 4
block 36 4
block 37 4
block 38 4
block 39 4
block 40 4
block 0 5
block 1 5
block 2 5
block 16 5
block 17 5
block 18 5
block 19 5
block 20 5
block 21 5
block 35 5
block 36 5
block 37 5
block 38 5
block 39 5
block 40 5
block 46 5
block 47 5
block 48 5
block 49 5
block 0 6
block 1 6
block 2 6
block 16 6
block 17 6
block 18 6
block 19 6
block 20 6
block 21 6
block 22 6
block 23 6
block 24 6
block 25 6
block 35 6
block 36 6
block 37 6
block 38 6
block 39 6
block 40 6
block 46 6
block 47 6
block 48 6
block 49 6
block 0 7
block 1 7
block 2 7
block 16 7
block 17 7
block 18 7
block 19 7
block 20 7
block 21 7
block 22 7
block 23 7
block 24 7
block 25 7
block 35 7
block 36 7
block 37 7
block 38 7
block 39 7
block 40 7
block 46 7
block 47 7
block 48 7
block 49 7
block 0 8
block 1 8
block 2 8
block 16 8
block 17 8
block 18 8
block 19 8
block 20 8
block 21 8
block 22 8
block 23 8
block 24 8
block 25 8
block 35 8
block 36 8
block 37 8
block 38 8
block 39 8
block 40 8
block 46 8
block 47 8
block 48 8
block 49 8
block 0 9
block 1 9
block 2 9
block 3 9
block 4 9
block 5 9
block 6 9
block 16 9
block 17 9
block 18 9
block 19 9
block 20 9
block 21 9
block 22 9
block 23 9
block 24 9
block 25 9
block 35 9
block 36 9
block 37 9
block 38 9
block 39 9
block 40 9
block 46 9
block 47 9
block 48 9
block 49 9
block 0 10
block 1 10
block 2 10
block 3 10
block 4 10
block 5 10
block 6 10
block 16 10
block 17 10
block 18 10
block 19 10
block 20 10
block 21 10
block 22 10
block 23 10
block 24 10
block 25 10
block 28 10
block 29 10
block 30 10
block 31 10
block 32 10
block 35 10
block 36 10
block 37 10
block 38 10
block 39 10
block 40 10
block 46 10
block 47 10
block 48 10
block 49 10
block 1 11
block 2 11
block 3 11
block 4 11
block 5 11
block 6 11
block 19 11
block 20 11
block 21 11
block 22 11
block 23 11
block 24 11
block 25 11
block 28 11
block 29 11
block 30 11
block 31 11
block 32 11
block 1 12
block 2 12
block 3 12
block 4 12
block 5 12
block 6 12
block 15 12
block 16 12
block 17 12
block 18 12
block 19 12
block 20 12
block 21 12
block 22 12
block 23 12
block 24 12
block 25 12
block 34 12
block 35 12
block 36 12
block 1 13
block 2 13
block 3 13
block 4 13
block 5 13
block 6 13
block 15 13
block 16 13
block 17 13
block 18 13
block 19 13
block 20 13
block 21 13
block 34 13
block 35 13
block 36 13
block 1 14
block 2 14
block 3 14
block 4 14
block 5 14
block 6 14
block 13 14
block 14 14
block 15 14
block 16 14
block 17 14
block 18 14
block 19 14
block 20 14
block 21 14
block 34 14
block 35 14
block 36 14
block 0 15
block 1 15
block 2 15
block 3 15
block 13 15
block 14 15
block 15 15
block 16 15
block 17 15
block 18 15
block 19 15
block 20 15
block 21 15
block 34 15
block 35 15
block 36 15
block 45 15
block 46 15
block 47 15
block 48 15
block 49 15
block 0 16
block 1 16
block 2 16
block 3 16
block 15 16
block 16 16
block 17 16
block 18 16
block 19 16
block 20 16
block 21 16
block 25 16
block 26 16
block 34 16
block 35 16
block 36 16
block 41 16
block 42 16
block 43 16
block 45 16
block 46 16
block 47 16
block 48 16
block 49 16
block 0 17
block 1 17
block 2 17
block 3 17
block 4 17
block 5 17
block 6 17
block 7 17
block 8 17
block 9 17
block 10 17
block 15 17
block 16 17
block 17 17
block 18 17
block 19 17
block 20 17
block 21 17
block 25 17
block 26 17
block 41 17
block 42 17
block 43 17
block 48 17
block 49 17
block 0 18
block 1 18
block 2 18
block 3 18
block 4 18
block 5 18
block 6 18
block 7 18
block 8 18
block 9 18
block 10 18
block 11 18
block 25 18
block 26 18
block 39 18
block 40 18
block 41 18
block 42 18
block 43 18
block 44 18
block 48 18
block 49 18
block 0 19
block 1 19
block 2 19
block 3 19
block 4 19
block 5 19
block 6 19
block 7 19
block 8 19
block 9 19
block 10 19
block 11 19
block 15 19
block 16 19
block 17 19
block 18 19
block 19 19
block 20 19
block 25 19
block 26 19
block 39 19
block 40 19
block 41 19
block 42 19
block 43 19
block 44 19
block 48 19
block 49 19
block 0 20
block 1 20
block 2 20
block 3 20
block 4 20
block 5 20
block 6 20
block 7 20
block 8 20
block 9 20
block 10 20
block 11 20
block 15 20
block 16 20
block 17 20
block 18 20
block 19 20
block 20 20
block 23 20
block 24 20
block 25 20
block 26 20
block 39 20
block 40 20
block 41 20
block 42 20
block 43 20
block 44 20
block 48 20
block 49 20
block 0 21
block 1 21
block 2 21
block 3 21
block 4 21
block 5 21
block 6 21
block 7 21
block 8 21
block 9 21
block 10 21
block 11 21
block 15 21
block 16 21
block 17 21
block 18 21
block 19 21
block 20 21
block 23 21
block 24 21
block 25 21
block 26 21
block 39 21
block 40 21
block 41 21
block 42 21
block 43 21
block 44 21
block 48 21
block 49 21
block 0 22
block 1 22
block 2 22
block 3 22
block 15 22
block 16 22
block 17 22
block 18 22
block 19 22
block 20 22
block 21 22
block 22 22
block 23 22
block 24 22
block 25 22
block 26 22
block 39 22
block 40 22
block 41 22
block 42 22
block 43 22
block 44 22
block 48 22
block 49 22
##BotsAndCoinsInfo
bot_name 0 starter-bot
bot 0 29 22
bot_coins 0 0
coin 30 4
coin 19 18
round 1
bot 0 28 21
round 2
bot 0 28 20
round 3
bot 0 28 19
round 4
bot 0 28 18
round 5
bot 0 28 17
coin 48 11
coin 0 11
round 6
bot 0 28 16
round 7
bot 0 28 15
round 8
bot 0 28 14
round 9
bot 0 28 13
round 10
bot 0 28 12
coin 22 4
coin 27 18
round 11
bot 0 27 12
round 12
bot 0 27 11
round 13
bot 0 27 10
round 14
bot 0 27 9
round 15
bot 0 27 8
coin 5 22
coin 44 0
round 16
bot 0 27 7
round 17
bot 0 28 6
round 18
bot 0 29 5
round 19
bot 0 30 4
coin_collected 30 4 0
bot_coins 0 1
round 20
bot 0 30 3
coin 22 14
coin 27 8
round 21
bot 0 30 2
round 22
bot 0 30 1
round 23
bot 0 30 0
round 24
bot 0 29 1
round 25
bot 0 29 2
coin 32 15
coin 15 7
round 26
bot 0 29 3
round 27
bot 0 29 4
round 28
bot 0 29 5
round 29
bot 0 28 6
round 30
bot 0 27 7
coin_collected 27 8 0
bot_coins 0 2
coin 27 21
coin 22 2
round 31
bot 0 27 8
round 32
bot 0 27 9
round 33
bot 0 27 10
round 34
bot 0 27 11
round 35
bot 0 27 12
coin 26 6
coin 23 16
round 36
bot 0 27 13
round 37
bot 0 27 14
round 38
bot 0 26 15
round 39
bot 0 25 15
round 40
bot 0 24 15
coin 6 15
coin 43 7
round 41
bot 0 23 16
coin_collected 23 16 0
bot_coins 0 3
round 42
bot 0 23 17
round 43
bot 0 22 16
round 44
round 45
coin 44 16
coin 5 6
round 46
round 47
round 48
round 49
round 50
coin 0 0
coin 49 0
round 51
round 52
round 53
round 54
round 55
coin 27 22
coin 22 21
round 56
round 57
round 58
round 59
round 60
coin 43 0
coin 6 22
round 61
round 62
round 63
round 64
round 65
coin 30 20
coin 17 3
round 66
round 67
round 68
round 69
round 70
coin 37 11
coin 12 11
round 71
round 72
round 73
round 74
round 75
coin 30 4
coin 18 18
round 76
round 77
round 78
round 79
round 80
coin 30 5
coin 20 18
round 81
round 82
round 83
round 84
round 85
coin 17 18
coin 32 4
round 86
round 87
round 88
round 89
round 90
coin 12 8
coin 37 14
round 91
round 92
round 93
round 94
round 95
coin 13 1
coin 36 21
round 96
round 97
round 98
round 99
round 100
coin 29 16
coin 22 5
round 101
round 102
round 103
round 104
round 105
coin 22 20
coin 27 2
round 106
round 107
round 108
round 109
round 110
coin 25 14
coin 26 8
round 111
round 112
round 113
round 114
round 115
coin 7 16
coin 42 6
round 116
round 117
round 118
round 119
round 120
coin 7 3
coin 44 17
round 121
round 122
round 123
round 124
round 125
coin 43 3
coin 6 16
round 126
round 127
round 128
round 129
round 130
coin 8 6
coin 41 15
round 131
round 132
round 133
round 134
round 135
coin 10 12
coin 39 11
round 136
round 137
round 138
round 139
round 140
coin 13 6
coin 37 16
round 141
round 142
round 143
round 144
round 145
coin 11 22
coin 38 22
round 146
round 147
round 148
round 149
round 150
coin 47 1
coin 2 0
round 151
round 152
round 153
round 154
round 155
coin 4 16
coin 45 6
round 156
round 157
round 158
round 159
round 160
coin 44 1
coin 4 22
round 161
round 162
round 163
round 164
round 165
coin 48 4
coin 47 18
round 166
round 167
round 168
round 169
round 170
coin 26 11
coin 23 13
round 171
round 172
round 173
round 174
round 175
coin 41 10
coin 8 12
round 176
round 177
round 178
round 179
round 180
coin 3 1
coin 46 21
round 181
round 182
round 183
round 184
round 185
coin 23 19
coin 26 3
round 186
round 187
round 188
round 189
round 190
coin 34 4
coin 15 18
round 191
round 192
round 193
round 194
round 195
coin 26 7
coin 23 15
round 196
round 197
round 198
round 199
round 200
coin 49 11
coin 0 12
match_over 0
