match
match_id 1639176227193_gv
match_time 1639176227195
num_bots 1
##MatchConfig
mode FRIENDLY
num_rounds 200
random_seed 42
move_time_limit 1000
coin_spawn_period 5
coin_spawn_volume 2
##MapConfig
map_size 54 23
view_radius 6
mining_radius 1
attack_radius 4
block 5 0
block 6 0
block 7 0
block 8 0
block 9 0
block 10 0
block 11 0
block 7 1
block 8 1
block 9 1
block 10 1
block 7 2
block 8 2
block 9 2
block 10 2
block 15 4
block 16 4
block 22 4
block 23 4
block 24 4
block 25 4
block 26 4
block 27 4
block 28 4
block 15 5
block 16 5
block 18 5
block 19 5
block 20 5
block 22 5
block 23 5
block 24 5
block 25 5
block 26 5
block 27 5
block 28 5
block 15 6
block 16 6
block 18 6
block 19 6
block 20 6
block 22 6
block 23 6
block 24 6
block 25 6
block 26 6
block 27 6
block 28 6
block 18 7
block 19 7
block 20 7
block 22 7
block 23 7
block 24 7
block 25 7
block 26 7
block 27 7
block 28 7
block 0 8
block 1 8
block 2 8
block 18 8
block 19 8
block 20 8
block 0 9
block 1 9
block 2 9
block 18 9
block 19 9
block 20 9
block 0 10
block 1 10
block 2 10
block 18 10
block 19 10
block 20 10
block 0 11
block 1 11
block 2 11
block 18 11
block 19 11
block 20 11
block 0 12
block 1 12
block 2 12
block 18 15
block 19 15
block 20 15
block 21 15
block 22 15
block 23 15
block 24 15
block 44 15
block 45 15
block 46 15
block 47 15
block 48 15
block 18 16
block 19 16
block 20 16
block 21 16
block 22 16
block 23 16
block 24 16
block 44 16
block 45 16
block 46 16
block 47 16
block 48 16
block 5 17
block 6 17
block 7 17
block 8 17
block 9 17
block 10 17
block 11 17
block 12 17
block 13 17
block 14 17
block 15 17
block 18 17
block 19 17
block 20 17
block 21 17
block 22 17
block 23 17
block 24 17
block 44 17
block 45 17
block 46 17
block 47 17
block 48 17
block 5 18
block 6 18
block 7 18
block 8 18
block 9 18
block 10 18
block 11 18
block 12 18
block 13 18
block 14 18
block 15 18
block 44 18
block 45 18
block 46 18
block 47 18
block 48 18
block 5 19
block 6 19
block 7 19
block 8 19
block 9 19
block 10 19
block 11 19
block 12 19
block 13 19
block 14 19
block 15 19
block 44 19
block 45 19
block 46 19
block 47 19
block 48 19
block 5 20
block 6 20
block 7 20
block 8 20
block 9 20
block 10 20
block 11 20
block 12 20
block 13 20
block 14 20
block 15 20
block 20 20
block 21 20
block 5 21
block 6 21
block 7 21
block 8 21
block 9 21
block 10 21
block 11 21
block 12 21
block 13 21
block 14 21
block 15 21
block 20 21
block 21 21
block 5 22
block 6 22
block 7 22
block 8 22
block 9 22
block 10 22
block 11 22
block 12 22
block 13 22
block 14 22
block 15 22
##BotsAndCoinsInfo
bot_name 0 starter-bot
bot 0 13 8
bot_coins 0 0
coin 44 4
coin 9 16
round 1
bot 0 13 9
round 2
bot 0 13 10
round 3
bot 0 13 11
round 4
bot 0 13 12
round 5
bot 0 13 13
coin 36 10
coin 17 12
round 6
bot 0 13 14
round 7
bot 0 13 15
round 8
bot 0 13 16
round 9
round 10
coin 36 4
coin 17 18
round 11
round 12
round 13
round 14
round 15
coin 41 20
coin 12 2
round 16
round 17
round 18
round 19
round 20
coin 43 14
coin 10 8
round 21
round 22
round 23
round 24
round 25
coin 20 14
coin 33 8
round 26
round 27
round 28
round 29
round 30
coin 24 21
coin 29 1
round 31
round 32
round 33
round 34
round 35
coin 44 6
coin 10 16
round 36
round 37
round 38
round 39
round 40
coin 6 15
coin 47 7
round 41
round 42
round 43
round 44
round 45
coin 19 14
coin 34 8
round 46
round 47
round 48
round 49
round 50
coin 50 22
coin 3 0
round 51
round 52
round 53
round 54
round 55
coin 6 1
coin 47 21
round 56
round 57
round 58
round 59
round 60
coin 23 0
coin 30 22
round 61
round 62
round 63
round 64
round 65
coin 34 20
coin 19 2
round 66
round 67
round 68
round 69
round 70
coin 37 11
coin 16 11
round 71
round 72
round 73
round 74
round 75
coin 40 4
coin 12 16
round 76
coin_collected 12 16 0
bot_coins 0 1
round 77
round 78
round 79
round 80
coin 2 5
coin 51 17
round 81
round 82
round 83
round 84
round 85
coin 11 16
coin 42 6
round 86
round 87
round 88
round 89
round 90
coin 12 8
coin 41 14
round 91
round 92
round 93
round 94
round 95
coin 6 2
coin 47 20
round 96
round 97
round 98
round 99
round 100
coin 5 16
coin 48 6
round 101
round 102
round 103
round 104
round 105
coin 53 22
coin 0 0
round 106
round 107
round 108
round 109
round 110
coin 5 14
coin 48 8
round 111
round 112
round 113
round 114
round 115
coin 49 16
coin 4 6
round 116
round 117
round 118
round 119
round 120
coin 19 3
coin 34 19
round 121
round 122
round 123
round 124
round 125
coin 49 3
coin 4 19
round 126
round 127
round 128
round 129
round 130
coin 8 6
coin 43 16
round 131
round 132
round 133
round 134
round 135
coin 8 12
coin 45 10
round 136
round 137
round 138
round 139
round 140
coin 19 4
coin 34 18
round 141
round 142
round 143
round 144
round 145
coin 39 22
coin 14 0
round 146
round 147
round 148
round 149
round 150
coin 37 1
coin 16 21
round 151
round 152
round 153
round 154
round 155
coin 20 18
coin 33 4
round 156
round 157
round 158
round 159
round 160
coin 26 1
coin 27 21
round 161
round 162
round 163
round 164
round 165
coin 14 6
coin 39 16
round 166
round 167
round 168
round 169
round 170
coin 3 11
coin 50 11
round 171
round 172
round 173
round 174
round 175
coin 28 10
coin 25 12
round 176
round 177
round 178
round 179
round 180
coin 31 1
coin 22 21
round 181
round 182
round 183
round 184
round 185
coin 43 19
coin 10 3
round 186
round 187
round 188
round 189
round 190
coin 50 2
coin 3 20
round 191
round 192
round 193
round 194
round 195
coin 29 7
coin 24 14
round 196
round 197
round 198
round 199
round 200
coin 48 11
coin 5 11
match_over 0
