match
match_id 1639213558658_kj
match_time 1639213558660
num_bots 1
##MatchConfig
mode FRIENDLY
num_rounds 200
random_seed 42
move_time_limit 1000
coin_spawn_period 5
coin_spawn_volume 2
##MapConfig
map_size 65 22
view_radius 5
mining_radius 2
attack_radius 3
block 0 0
block 1 0
block 2 0
block 12 0
block 13 0
block 14 0
block 15 0
block 16 0
block 17 0
block 18 0
block 49 0
block 50 0
block 51 0
block 60 0
block 61 0
block 62 0
block 63 0
block 64 0
block 0 1
block 1 1
block 3 1
block 4 1
block 5 1
block 6 1
block 7 1
block 8 1
block 9 1
block 12 1
block 13 1
block 14 1
block 15 1
block 16 1
block 17 1
block 18 1
block 49 1
block 50 1
block 51 1
block 60 1
block 61 1
block 62 1
block 63 1
block 64 1
block 0 2
block 1 2
block 3 2
block 4 2
block 5 2
block 6 2
block 7 2
block 8 2
block 9 2
block 12 2
block 13 2
block 14 2
block 15 2
block 16 2
block 17 2
block 18 2
block 60 2
block 61 2
block 62 2
block 63 2
block 64 2
block 3 3
block 4 3
block 5 3
block 6 3
block 7 3
block 8 3
block 9 3
block 12 3
block 13 3
block 14 3
block 15 3
block 16 3
block 17 3
block 18 3
block 3 4
block 4 4
block 5 4
block 6 4
block 7 4
block 8 4
block 9 4
block 12 4
block 13 4
block 14 4
block 15 4
block 16 4
block 17 4
block 18 4
block 35 4
block 36 4
block 37 4
block 38 4
block 5 5
block 6 5
block 7 5
block 8 5
block 9 5
block 10 5
block 11 5
block 12 5
block 13 5
block 14 5
block 15 5
block 16 5
block 17 5
block 18 5
block 35 5
block 36 5
block 37 5
block 38 5
block 41 5
block 42 5
block 43 5
block 44 5
block 45 5
block 46 5
block 47 5
block 3 6
block 4 6
block 5 6
block 6 6
block 7 6
block 8 6
block 9 6
block 10 6
block 11 6
block 12 6
block 13 6
block 14 6
block 15 6
block 35 6
block 36 6
block 37 6
block 38 6
block 41 6
block 42 6
block 43 6
block 44 6
block 45 6
block 46 6
block 47 6
block 3 7
block 4 7
block 5 7
block 6 7
block 7 7
block 8 7
block 9 7
block 10 7
block 11 7
block 12 7
block 13 7
block 14 7
block 15 7
block 23 7
block 24 7
block 25 7
block 35 7
block 36 7
block 37 7
block 38 7
block 41 7
block 42 7
block 43 7
block 44 7
block 45 7
block 46 7
block 47 7
block 3 8
block 4 8
block 5 8
block 18 8
block 19 8
block 20 8
block 21 8
block 22 8
block 23 8
block 24 8
block 25 8
block 35 8
block 36 8
block 37 8
block 38 8
block 41 8
block 42 8
block 43 8
block 44 8
block 45 8
block 46 8
block 47 8
block 3 9
block 4 9
block 5 9
block 18 9
block 19 9
block 20 9
block 21 9
block 22 9
block 23 9
block 24 9
block 25 9
block 35 9
block 36 9
block 37 9
block 38 9
block 41 9
block 42 9
block 43 9
block 44 9
block 45 9
block 46 9
block 47 9
block 3 10
block 4 10
block 5 10
block 18 10
block 19 10
block 20 10
block 21 10
block 22 10
block 23 10
block 24 10
block 25 10
block 41 10
block 42 10
block 43 10
block 44 10
block 45 10
block 46 10
block 47 10
block 50 10
block 51 10
block 2 11
block 3 11
block 4 11
block 5 11
block 6 11
block 7 11
block 8 11
block 13 11
block 14 11
block 15 11
block 16 11
block 18 11
block 19 11
block 20 11
block 21 11
block 22 11
block 23 11
block 41 11
block 42 11
block 43 11
block 44 11
block 45 11
block 46 11
block 47 11
block 50 11
block 51 11
block 2 12
block 3 12
block 4 12
block 5 12
block 6 12
block 7 12
block 8 12
block 9 12
block 13 12
block 14 12
block 15 12
block 16 12
block 18 12
block 19 12
block 20 12
block 21 12
block 22 12
block 23 12
block 50 12
block 51 12
block 2 13
block 3 13
block 4 13
block 5 13
block 6 13
block 7 13
block 8 13
block 9 13
block 13 13
block 14 13
block 15 13
block 18 13
block 19 13
block 20 13
block 21 13
block 22 13
block 23 13
block 2 14
block 3 14
block 4 14
block 5 14
block 6 14
block 7 14
block 8 14
block 13 14
block 14 14
block 15 14
block 18 14
block 19 14
block 20 14
block 21 14
block 22 14
block 23 14
block 60 14
block 61 14
block 62 14
block 63 14
block 2 15
block 3 15
block 4 15
block 5 15
block 6 15
block 7 15
block 8 15
block 39 15
block 40 15
block 41 15
block 42 15
block 53 15
block 54 15
block 56 15
block 57 15
block 58 15
block 60 15
block 61 15
block 62 15
block 63 15
block 2 16
block 3 16
block 4 16
block 5 16
block 6 16
block 7 16
block 8 16
block 39 16
block 40 16
block 41 16
block 42 16
block 53 16
block 54 16
block 56 16
block 57 16
block 58 16
block 60 16
block 61 16
block 62 16
block 63 16
block 2 17
block 3 17
block 4 17
block 5 17
block 6 17
block 7 17
block 8 17
block 39 17
block 40 17
block 41 17
block 42 17
block 53 17
block 54 17
block 56 17
block 57 17
block 58 17
block 60 17
block 61 17
block 62 17
block 63 17
block 39 18
block 40 18
block 41 18
block 42 18
block 49 18
block 50 18
block 51 18
block 53 18
block 54 18
block 60 18
block 61 18
block 62 18
block 63 18
block 0 19
block 1 19
block 39 19
block 40 19
block 41 19
block 42 19
block 49 19
block 50 19
block 51 19
block 53 19
block 54 19
block 60 19
block 61 19
block 62 19
block 63 19
block 64 19
block 0 20
block 1 20
block 2 20
block 39 20
block 40 20
block 41 20
block 42 20
block 49 20
block 50 20
block 51 20
block 60 20
block 61 20
block 62 20
block 63 20
block 64 20
block 0 21
block 1 21
block 2 21
block 12 21
block 13 21
block 14 21
block 15 21
block 16 21
block 17 21
block 18 21
block 39 21
block 40 21
block 41 21
block 42 21
block 49 21
block 50 21
block 51 21
block 60 21
block 61 21
block 62 21
block 63 21
block 64 21
##BotsAndCoinsInfo
bot_name 0 starter-bot
bot 0 60 13
bot_coins 0 0
coin 0 15
coin 64 6
round 1
round 2
round 3
round 4
round 5
coin 48 16
coin 16 6
round 6
round 7
round 8
round 9
round 10
coin 0 18
coin 64 3
round 11
round 12
round 13
round 14
round 15
coin 0 3
coin 64 18
round 16
round 17
round 18
round 19
round 20
coin 29 17
coin 34 4
round 21
round 22
round 23
round 24
round 25
coin 52 18
coin 11 3
round 26
round 27
round 28
round 29
round 30
coin 21 0
coin 43 21
round 31
round 32
round 33
round 34
round 35
coin 46 0
coin 19 21
round 36
round 37
round 38
round 39
round 40
coin 59 20
coin 5 0
round 41
round 42
round 43
round 44
round 45
coin 63 9
coin 1 12
round 46
round 47
round 48
round 49
round 50
coin 40 14
coin 24 6
round 51
round 52
round 53
round 54
round 55
coin 26 9
coin 38 12
round 56
round 57
round 58
round 59
round 60
coin 38 19
coin 26 2
round 61
round 62
round 63
round 64
round 65
coin 25 6
coin 38 15
round 66
round 67
round 68
round 69
round 70
coin 32 18
coin 32 3
round 71
round 72
round 73
round 74
round 75
coin 25 4
coin 38 17
round 76
round 77
round 78
round 79
round 80
coin 6 10
coin 58 11
round 81
round 82
round 83
round 84
round 85
coin 7 0
coin 57 21
round 86
round 87
round 88
round 89
round 90
coin 32 11
coin 32 10
round 91
round 92
round 93
round 94
round 95
coin 28 4
coin 36 17
round 96
round 97
round 98
round 99
round 100
coin 44 3
coin 20 18
round 101
round 102
round 103
round 104
round 105
coin 9 14
coin 55 7
round 106
round 107
round 108
round 109
round 110
coin 16 7
coin 48 14
round 111
round 112
round 113
round 114
round 115
coin 42 4
coin 22 17
round 116
round 117
round 118
round 119
round 120
coin 27 11
coin 37 10
round 121
round 122
round 123
round 124
round 125
coin 48 2
coin 16 19
round 126
round 127
round 128
round 129
round 130
coin 2 4
coin 64 17
round 131
round 132
round 133
round 134
round 135
coin 40 2
coin 24 19
round 136
round 137
match_over 0
round 138
