match
match_id 1639324688730_ac
match_time 1639324688733
num_bots 1
##MatchConfig
mode FRIENDLY
num_rounds 200
random_seed 42
move_time_limit 1000
coin_spawn_period 5
coin_spawn_volume 2
##MapConfig
map_size 62 34
view_radius 5
mining_radius 2
attack_radius 4
block 30 0
block 31 0
block 32 0
block 33 0
block 34 0
block 30 1
block 31 1
block 32 1
block 33 1
block 34 1
block 30 2
block 31 2
block 32 2
block 33 2
block 34 2
block 13 5
block 14 5
block 15 5
block 16 5
block 30 5
block 31 5
block 32 5
block 43 5
block 44 5
block 45 5
block 46 5
block 47 5
block 13 6
block 14 6
block 15 6
block 16 6
block 30 6
block 31 6
block 32 6
block 43 6
block 44 6
block 45 6
block 46 6
block 47 6
block 13 7
block 14 7
block 15 7
block 16 7
block 30 7
block 31 7
block 32 7
block 43 7
block 44 7
block 45 7
block 46 7
block 47 7
block 13 8
block 14 8
block 15 8
block 16 8
block 17 8
block 18 8
block 19 8
block 46 8
block 47 8
block 15 9
block 16 9
block 17 9
block 18 9
block 19 9
block 35 9
block 36 9
block 37 9
block 46 9
block 47 9
block 59 9
block 60 9
block 35 10
block 36 10
block 37 10
block 59 10
block 60 10
block 35 11
block 36 11
block 37 11
block 59 11
block 60 11
block 23 12
block 24 12
block 35 12
block 36 12
block 37 12
block 59 12
block 60 12
block 23 13
block 24 13
block 59 13
block 60 13
block 59 14
block 60 14
block 44 15
block 45 15
block 46 15
block 47 15
block 48 15
block 59 15
block 60 15
block 44 16
block 45 16
block 46 16
block 47 16
block 48 16
block 44 17
block 45 17
block 46 17
block 47 17
block 48 17
block 44 18
block 45 18
block 46 18
block 47 18
block 48 18
block 13 19
block 14 19
block 15 19
block 16 19
block 17 19
block 18 19
block 44 19
block 45 19
block 46 19
block 47 19
block 48 19
block 13 20
block 14 20
block 15 20
block 16 20
block 17 20
block 18 20
block 44 20
block 45 20
block 46 20
block 47 20
block 48 20
block 13 21
block 14 21
block 15 21
block 16 21
block 17 21
block 18 21
block 23 21
block 24 21
block 25 21
block 26 21
block 27 21
block 13 22
block 14 22
block 15 22
block 16 22
block 17 22
block 18 22
block 20 22
block 21 22
block 22 22
block 23 22
block 24 22
block 25 22
block 26 22
block 27 22
block 28 22
block 29 22
block 51 22
block 52 22
block 53 22
block 54 22
block 55 22
block 56 22
block 13 23
block 14 23
block 15 23
block 16 23
block 17 23
block 18 23
block 20 23
block 21 23
block 22 23
block 23 23
block 24 23
block 25 23
block 26 23
block 27 23
block 28 23
block 29 23
block 51 23
block 52 23
block 53 23
block 54 23
block 55 23
block 56 23
block 13 24
block 14 24
block 15 24
block 16 24
block 17 24
block 18 24
block 20 24
block 21 24
block 22 24
block 23 24
block 24 24
block 28 24
block 29 24
block 49 24
block 50 24
block 51 24
block 52 24
block 53 24
block 54 24
block 55 24
block 56 24
block 12 25
block 13 25
block 14 25
block 15 25
block 16 25
block 17 25
block 18 25
block 20 25
block 21 25
block 22 25
block 23 25
block 24 25
block 28 25
block 29 25
block 49 25
block 50 25
block 51 25
block 52 25
block 53 25
block 54 25
block 55 25
block 56 25
block 12 26
block 13 26
block 14 26
block 20 26
block 21 26
block 22 26
block 23 26
block 24 26
block 28 26
block 29 26
block 49 26
block 50 26
block 51 26
block 52 26
block 53 26
block 54 26
block 55 26
block 28 27
block 29 27
block 41 27
block 42 27
block 43 27
block 44 27
block 45 27
block 46 27
block 49 27
block 50 27
block 51 27
block 52 27
block 53 27
block 54 27
block 55 27
block 15 28
block 16 28
block 17 28
block 18 28
block 19 28
block 20 28
block 21 28
block 28 28
block 29 28
block 31 28
block 32 28
block 33 28
block 34 28
block 41 28
block 42 28
block 43 28
block 44 28
block 45 28
block 46 28
block 49 28
block 50 28
block 51 28
block 52 28
block 53 28
block 54 28
block 55 28
block 15 29
block 16 29
block 17 29
block 18 29
block 19 29
block 20 29
block 21 29
block 31 29
block 32 29
block 33 29
block 34 29
block 15 30
block 16 30
block 17 30
block 18 30
block 19 30
block 20 30
block 21 30
block 31 30
block 32 30
block 33 30
block 34 30
block 15 31
block 16 31
block 17 31
block 18 31
block 19 31
block 20 31
block 21 31
block 31 31
block 32 31
block 33 31
block 34 31
block 15 32
block 16 32
block 17 32
block 18 32
block 19 32
block 20 32
block 21 32
block 31 32
block 32 32
block 33 32
block 34 32
block 31 33
block 32 33
block 33 33
block 34 33
##BotsAndCoinsInfo
bot_name 0 starter-bot
bot 0 35 4
bot_coins 0 0
coin 6 11
coin 55 21
round 1
round 2
round 3
match_over 0
round 4
