match
match_id 1639413636961_ds
match_time 1639413636964
num_bots 1
##MatchConfig
mode FRIENDLY
num_rounds 200
random_seed 42
move_time_limit 1000
coin_spawn_period 5
coin_spawn_volume 2
##MapConfig
map_size 52 33
view_radius 6
mining_radius 2
attack_radius 4
block 0 0
block 1 0
block 2 0
block 9 0
block 10 0
block 11 0
block 12 0
block 13 0
block 14 0
block 45 0
block 46 0
block 47 0
block 48 0
block 49 0
block 50 0
block 51 0
block 0 1
block 1 1
block 2 1
block 27 1
block 28 1
block 29 1
block 30 1
block 31 1
block 32 1
block 33 1
block 45 1
block 46 1
block 47 1
block 48 1
block 49 1
block 50 1
block 51 1
block 0 2
block 1 2
block 2 2
block 8 2
block 9 2
block 10 2
block 27 2
block 28 2
block 29 2
block 30 2
block 31 2
block 32 2
block 33 2
block 34 2
block 35 2
block 36 2
block 49 2
block 50 2
block 51 2
block 0 3
block 1 3
block 2 3
block 8 3
block 9 3
block 10 3
block 32 3
block 33 3
block 34 3
block 35 3
block 36 3
block 49 3
block 50 3
block 51 3
block 8 4
block 9 4
block 10 4
block 31 4
block 32 4
block 33 4
block 34 4
block 35 4
block 36 4
block 8 5
block 9 5
block 10 5
block 31 5
block 32 5
block 33 5
block 34 5
block 35 5
block 36 5
block 38 5
block 39 5
block 40 5
block 8 6
block 9 6
block 10 6
block 31 6
block 32 6
block 33 6
block 34 6
block 35 6
block 36 6
block 38 6
block 39 6
block 40 6
block 41 6
block 42 6
block 43 6
block 44 6
block 8 7
block 9 7
block 10 7
block 31 7
block 32 7
block 33 7
block 34 7
block 35 7
block 36 7
block 38 7
block 39 7
block 40 7
block 41 7
block 42 7
block 43 7
block 44 7
block 1 8
block 2 8
block 3 8
block 13 8
block 14 8
block 15 8
block 16 8
block 17 8
block 31 8
block 32 8
block 33 8
block 34 8
block 38 8
block 39 8
block 40 8
block 41 8
block 42 8
block 43 8
block 44 8
block 0 9
block 1 9
block 2 9
block 3 9
block 13 9
block 14 9
block 15 9
block 16 9
block 17 9
block 38 9
block 39 9
block 40 9
block 41 9
block 42 9
block 43 9
block 44 9
block 51 9
block 0 10
block 1 10
block 2 10
block 3 10
block 13 10
block 14 10
block 15 10
block 16 10
block 17 10
block 41 10
block 42 10
block 43 10
block 44 10
block 51 10
block 0 11
block 1 11
block 2 11
block 3 11
block 13 11
block 14 11
block 15 11
block 16 11
block 17 11
block 41 11
block 42 11
block 43 11
block 44 11
block 51 11
block 0 12
block 1 12
block 2 12
block 3 12
block 13 12
block 14 12
block 15 12
block 16 12
block 17 12
block 51 12
block 0 13
block 1 13
block 13 13
block 14 13
block 15 13
block 16 13
block 17 13
block 51 13
block 0 14
block 1 14
block 9 14
block 10 14
block 11 14
block 12 14
block 13 14
block 14 14
block 15 14
block 16 14
block 17 14
block 51 14
block 9 15
block 10 15
block 11 15
block 12 15
block 13 15
block 14 15
block 9 16
block 10 16
block 11 16
block 12 16
block 13 16
block 14 16
block 9 17
block 10 17
block 11 17
block 12 17
block 13 17
block 14 17
block 9 18
block 10 18
block 11 18
block 12 18
block 13 18
block 14 18
block 48 18
block 49 18
block 48 19
block 49 19
block 48 20
block 49 20
block 48 21
block 49 21
block 48 22
block 49 22
block 39 27
block 40 27
block 41 27
block 42 27
block 43 27
block 44 27
block 39 28
block 40 28
block 41 28
block 42 28
block 43 28
block 44 28
block 45 28
block 46 28
block 47 28
block 48 28
block 49 28
block 39 29
block 40 29
block 41 29
block 42 29
block 43 29
block 44 29
block 45 29
block 46 29
block 47 29
block 48 29
block 49 29
block 39 30
block 40 30
block 41 30
block 42 30
block 43 30
block 44 30
block 45 30
block 46 30
block 47 30
block 48 30
block 49 30
block 9 31
block 10 31
block 11 31
block 12 31
block 13 31
block 14 31
block 45 31
block 46 31
block 47 31
block 48 31
block 49 31
block 0 32
block 1 32
block 2 32
block 9 32
block 10 32
block 11 32
block 12 32
block 13 32
block 14 32
block 45 32
block 46 32
block 47 32
block 48 32
block 49 32
block 50 32
block 51 32
##BotsAndCoinsInfo
bot_name 0 martyn
bot 0 47 8
bot_coins 0 0
coin 26 15
coin 25 17
round 1
bot 0 47 9
round 2
bot 0 47 10
round 3
bot 0 47 11
round 4
bot 0 47 12
round 5
bot 0 47 13
coin 48 5
coin 3 27
round 6
bot 0 47 14
round 7
bot 0 47 15
round 8
bot 0 47 16
round 9
bot 0 47 17
round 10
bot 0 47 18
coin 26 19
coin 25 13
round 11
bot 0 47 19
round 12
bot 0 47 20
round 13
bot 0 47 21
round 14
bot 0 47 22
round 15
bot 0 47 23
coin 13 2
coin 38 30
round 16
bot 0 47 24
round 17
bot 0 47 25
round 18
bot 0 47 26
round 19
bot 0 47 27
round 20
bot 0 46 27
coin 3 17
coin 48 15
round 21
bot 0 45 27
round 22
bot 0 44 26
round 23
bot 0 43 26
round 24
bot 0 42 26
round 25
bot 0 41 26
coin 26 29
coin 25 3
round 26
bot 0 40 26
round 27
bot 0 39 26
round 28
bot 0 38 26
round 29
round 30
coin 8 0
coin 43 32
round 31
round 32
round 33
round 34
round 35
coin 20 11
coin 31 21
round 36
round 37
round 38
round 39
round 40
coin 48 9
coin 3 23
round 41
round 42
round 43
round 44
round 45
coin 11 20
coin 40 12
round 46
round 47
round 48
round 49
round 50
coin 40 4
coin 11 28
round 51
round 52
round 53
round 54
round 55
coin 26 9
coin 25 23
round 56
round 57
round 58
round 59
round 60
coin 51 30
coin 0 4
round 61
round 62
round 63
round 64
round 65
coin 38 28
coin 13 4
round 66
coin_collected 38 28 0
bot_coins 0 1
round 67
round 68
round 69
round 70
coin 19 18
coin 32 14
round 71
round 72
round 73
round 74
round 75
coin 38 15
coin 13 19
round 76
round 77
round 78
round 79
round 80
coin 18 2
coin 33 30
round 81
round 82
round 83
round 84
round 85
coin 33 14
coin 18 18
round 86
round 87
round 88
round 89
round 90
coin 32 22
coin 19 10
round 91
round 92
round 93
round 94
round 95
coin 41 15
coin 8 17
round 96
round 97
round 98
round 99
round 100
coin 31 25
coin 20 7
round 101
round 102
round 103
round 104
round 105
coin 47 13
coin 4 19
round 106
round 107
round 108
round 109
round 110
coin 15 6
coin 36 26
round 111
coin_collected 36 26 0
bot_coins 0 2
round 112
round 113
round 114
round 115
coin 3 5
coin 48 27
round 116
round 117
round 118
round 119
round 120
coin 1 22
coin 50 10
round 121
round 122
round 123
round 124
round 125
coin 9 1
coin 42 31
round 126
round 127
round 128
round 129
bot 0 37 27
round 130
bot 0 36 28
coin 42 4
coin 9 28
round 131
bot 0 35 29
round 132
round 133
round 134
match_over 0
round 135
