match
match_id 1639398254347_bp
match_time 1639398254349
num_bots 1
##MatchConfig
mode FRIENDLY
num_rounds 200
random_seed 42
move_time_limit 1000
coin_spawn_period 5
coin_spawn_volume 2
##MapConfig
map_size 54 27
view_radius 5
mining_radius 2
attack_radius 3
block 3 0
block 4 0
block 8 0
block 9 0
block 3 1
block 4 1
block 8 1
block 9 1
block 3 2
block 4 2
block 8 2
block 9 2
block 2 3
block 3 3
block 4 3
block 5 3
block 6 3
block 35 3
block 36 3
block 37 3
block 38 3
block 2 4
block 3 4
block 4 4
block 5 4
block 6 4
block 20 4
block 21 4
block 22 4
block 23 4
block 35 4
block 36 4
block 37 4
block 38 4
block 2 5
block 3 5
block 4 5
block 5 5
block 6 5
block 20 5
block 21 5
block 22 5
block 23 5
block 35 5
block 36 5
block 37 5
block 38 5
block 2 6
block 3 6
block 4 6
block 5 6
block 6 6
block 20 6
block 21 6
block 22 6
block 23 6
block 35 6
block 36 6
block 37 6
block 38 6
block 20 7
block 21 7
block 22 7
block 23 7
block 7 8
block 8 8
block 9 8
block 10 8
block 20 8
block 21 8
block 22 8
block 23 8
block 7 9
block 8 9
block 9 9
block 10 9
block 20 9
block 21 9
block 22 9
block 23 9
block 7 10
block 8 10
block 9 10
block 10 10
block 11 10
block 20 10
block 21 10
block 22 10
block 23 10
block 7 11
block 8 11
block 9 11
block 10 11
block 11 11
block 7 12
block 8 12
block 9 12
block 10 12
block 11 12
block 15 12
block 16 12
block 17 12
block 18 12
block 19 12
block 20 12
block 8 13
block 9 13
block 10 13
block 11 13
block 15 13
block 16 13
block 17 13
block 18 13
block 19 13
block 20 13
block 8 14
block 9 14
block 10 14
block 11 14
block 15 14
block 16 14
block 17 14
block 18 14
block 19 14
block 20 14
block 8 15
block 9 15
block 10 15
block 11 15
block 15 15
block 16 15
block 17 15
block 18 15
block 19 15
block 20 15
block 15 16
block 16 16
block 17 16
block 18 16
block 19 16
block 20 16
block 13 19
block 14 19
block 15 19
block 16 19
block 17 19
block 13 20
block 14 20
block 15 20
block 16 20
block 17 20
block 12 21
block 13 21
block 14 21
block 15 21
block 16 21
block 17 21
block 12 22
block 13 22
block 14 22
block 15 22
block 16 22
block 17 22
block 32 23
block 33 23
block 34 23
block 35 23
block 3 24
block 4 24
block 32 24
block 33 24
block 34 24
block 35 24
block 3 25
block 4 25
block 32 25
block 33 25
block 34 25
block 35 25
block 3 26
block 4 26
block 8 26
block 9 26
block 32 26
block 33 26
block 34 26
block 35 26
##BotsAndCoinsInfo
bot_name 0 starter-bot
bot 0 18 17
bot_coins 0 0
coin 44 3
coin 9 23
round 1
round 2
round 3
round 4
round 5
coin 36 17
coin 17 9
round 6
round 7
round 8
round 9
round 10
coin 36 16
coin 17 10
round 11
round 12
round 13
bot 0 18 18
round 14
bot 0 18 19
round 15
bot 0 18 20
coin 41 20
coin 12 6
round 16
bot 0 18 21
round 17
bot 0 18 22
round 18
bot 0 18 23
round 19
bot 0 18 24
round 20
bot 0 18 25
coin 43 2
coin 10 24
round 21
bot 0 18 26
round 22
bot 0 17 25
round 23
bot 0 17 24
round 24
bot 0 17 23
round 25
bot 0 16 23
coin 20 26
coin 33 0
round 26
bot 0 15 23
round 27
bot 0 14 23
round 28
bot 0 13 23
round 29
bot 0 12 23
round 30
bot 0 11 23
coin_collected 9 23 0
bot_coins 0 1
coin_collected 10 24 0
bot_coins 0 2
coin 24 9
coin 29 17
round 31
bot 0 11 22
round 32
bot 0 11 21
round 33
bot 0 11 20
round 34
bot 0 11 19
round 35
bot 0 11 18
coin 44 5
coin 9 21
round 36
bot 0 11 17
round 37
bot 0 11 16
round 38
bot 0 10 16
round 39
bot 0 9 16
round 40
bot 0 8 16
coin 7 6
coin 46 20
round 41
bot 0 7 16
round 42
bot 0 7 15
round 43
bot 0 7 14
round 44
bot 0 7 13
round 45
bot 0 6 13
coin 19 8
coin 34 18
round 46
bot 0 6 12
round 47
bot 0 6 11
round 48
bot 0 6 10
round 49
bot 0 6 9
round 50
bot 0 6 8
coin 50 4
coin 3 22
round 51
bot 0 6 7
coin_collected 7 6 0
bot_coins 0 3
round 52
bot 0 5 7
round 53
bot 0 4 7
round 54
bot 0 3 7
round 55
bot 0 2 7
coin 8 24
coin 45 2
round 56
bot 0 1 7
round 57
bot 0 1 6
round 58
bot 0 1 5
round 59
bot 0 1 4
round 60
bot 0 1 3
coin 23 0
coin 30 26
round 61
bot 0 1 2
round 62
bot 0 1 1
round 63
bot 0 1 0
round 64
bot 0 0 1
round 65
bot 0 0 2
coin 34 22
coin 19 4
round 66
bot 0 0 3
round 67
bot 0 0 4
round 68
bot 0 0 5
round 69
bot 0 0 6
round 70
bot 0 0 7
coin 37 2
coin 16 24
round 71
bot 0 0 8
round 72
bot 0 0 9
round 73
bot 0 0 10
round 74
bot 0 0 11
round 75
bot 0 0 12
coin 40 21
coin 13 5
round 76
bot 0 0 13
round 77
bot 0 0 14
round 78
bot 0 0 15
round 79
bot 0 0 16
round 80
bot 0 0 17
coin 2 23
coin 51 3
round 81
bot 0 0 18
round 82
bot 0 0 19
round 83
bot 0 0 20
round 84
bot 0 0 21
round 85
bot 0 0 22
coin 12 14
coin 41 12
round 86
bot 0 0 23
coin_collected 2 23 0
bot_coins 0 4
round 87
bot 0 0 24
round 88
bot 0 0 25
round 89
bot 0 0 26
round 90
bot 0 53 25
coin 12 7
coin 41 19
round 91
bot 0 53 24
round 92
bot 0 53 23
round 93
bot 0 53 22
round 94
bot 0 53 21
round 95
bot 0 53 20
coin 7 21
coin 46 5
round 96
bot 0 53 19
round 97
bot 0 53 18
round 98
bot 0 53 17
round 99
bot 0 53 16
round 100
bot 0 53 15
coin 5 22
coin 48 4
round 101
bot 0 53 14
round 102
bot 0 53 13
round 103
round 104
round 105
match_over 0
coin 53 25
coin 0 1
round 106
