match
match_id 1639214880647_lv
match_time 1639214880650
num_bots 1
##MatchConfig
mode FRIENDLY
num_rounds 200
random_seed 42
move_time_limit 1000
coin_spawn_period 5
coin_spawn_volume 2
##MapConfig
map_size 74 23
view_radius 6
mining_radius 2
attack_radius 3
block 52 1
block 53 1
block 54 1
block 55 1
block 56 1
block 57 1
block 58 1
block 59 1
block 60 1
block 61 1
block 31 2
block 32 2
block 33 2
block 34 2
block 35 2
block 52 2
block 53 2
block 54 2
block 55 2
block 56 2
block 57 2
block 58 2
block 59 2
block 60 2
block 61 2
block 15 3
block 16 3
block 17 3
block 31 3
block 32 3
block 33 3
block 34 3
block 35 3
block 56 3
block 57 3
block 58 3
block 59 3
block 60 3
block 61 3
block 15 4
block 16 4
block 17 4
block 31 4
block 32 4
block 33 4
block 34 4
block 35 4
block 56 4
block 57 4
block 58 4
block 59 4
block 60 4
block 61 4
block 15 5
block 16 5
block 17 5
block 31 5
block 32 5
block 33 5
block 34 5
block 35 5
block 56 5
block 57 5
block 58 5
block 59 5
block 60 5
block 61 5
block 15 6
block 16 6
block 17 6
block 31 6
block 32 6
block 33 6
block 34 6
block 35 6
block 56 6
block 57 6
block 0 7
block 1 7
block 2 7
block 15 7
block 16 7
block 17 7
block 31 7
block 32 7
block 33 7
block 34 7
block 35 7
block 56 7
block 57 7
block 0 8
block 1 8
block 2 8
block 15 8
block 16 8
block 17 8
block 0 9
block 1 9
block 2 9
block 0 10
block 1 10
block 2 10
block 40 10
block 41 10
block 42 10
block 43 10
block 44 10
block 0 11
block 1 11
block 2 11
block 40 11
block 41 11
block 42 11
block 43 11
block 44 11
block 0 12
block 1 12
block 2 12
block 65 13
block 66 13
block 67 13
block 68 13
block 69 13
block 70 13
block 48 14
block 49 14
block 50 14
block 51 14
block 52 14
block 53 14
block 54 14
block 65 14
block 66 14
block 67 14
block 68 14
block 69 14
block 70 14
block 24 15
block 25 15
block 26 15
block 27 15
block 28 15
block 29 15
block 48 15
block 49 15
block 50 15
block 51 15
block 52 15
block 53 15
block 54 15
block 65 15
block 66 15
block 67 15
block 68 15
block 69 15
block 70 15
block 24 16
block 25 16
block 26 16
block 27 16
block 28 16
block 29 16
block 48 16
block 49 16
block 50 16
block 51 16
block 52 16
block 53 16
block 54 16
block 65 16
block 66 16
block 67 16
block 68 16
block 69 16
block 70 16
block 24 17
block 25 17
block 26 17
block 27 17
block 28 17
block 29 17
block 48 17
block 49 17
block 50 17
block 51 17
block 52 17
block 53 17
block 54 17
block 24 18
block 25 18
block 26 18
block 27 18
block 28 18
block 29 18
block 48 18
block 49 18
block 50 18
block 51 18
block 52 18
block 53 18
block 54 18
block 24 19
block 25 19
block 26 19
block 27 19
block 28 19
block 29 19
block 48 19
block 49 19
block 50 19
block 51 19
block 52 19
block 53 19
block 54 19
block 58 19
block 59 19
block 60 19
block 24 20
block 25 20
block 26 20
block 27 20
block 28 20
block 29 20
block 48 20
block 49 20
block 50 20
block 51 20
block 52 20
block 53 20
block 54 20
block 58 20
block 59 20
block 60 20
##BotsAndCoinsInfo
bot_name 0 starter-bot
bot 0 26 13
bot_coins 0 0
coin 14 4
coin 59 18
round 1
bot 0 26 14
round 2
round 3
round 4
round 5
coin 3 10
coin 70 12
round 6
round 7
round 8
round 9
round 10
coin 48 4
coin 23 18
round 11
round 12
round 13
round 14
round 15
coin 11 20
coin 62 2
round 16
round 17
round 18
round 19
round 20
coin 57 14
coin 16 9
round 21
round 22
round 23
round 24
round 25
coin 64 15
coin 9 7
round 26
round 27
round 28
round 29
round 30
coin 24 21
coin 49 1
round 31
round 32
round 33
round 34
round 35
coin 48 6
coin 23 16
round 36
round 37
round 38
round 39
round 40
coin 30 15
coin 43 7
round 41
round 42
round 43
round 44
round 45
coin 65 17
coin 8 5
round 46
round 47
round 48
round 49
round 50
coin 62 22
coin 11 0
round 51
round 52
round 53
round 54
round 55
coin 40 21
coin 33 1
round 56
round 57
round 58
round 59
round 60
coin 7 0
coin 66 22
round 61
round 62
round 63
round 64
round 65
coin 44 20
coin 29 2
round 66
round 67
round 68
round 69
round 70
coin 19 11
coin 54 11
round 71
round 72
round 73
round 74
round 75
coin 68 4
coin 5 18
round 76
round 77
round 78
round 79
round 80
coin 20 5
coin 55 17
round 81
round 82
round 83
round 84
round 85
coin 37 18
coin 36 4
round 86
round 87
round 88
round 89
round 90
coin 10 8
coin 63 14
round 91
round 92
round 93
round 94
round 95
coin 59 0
coin 14 22
round 96
round 97
round 98
round 99
round 100
coin 23 17
coin 50 5
round 101
round 102
round 103
round 104
round 105
coin 17 22
coin 56 0
round 106
round 107
round 108
round 109
round 110
coin 1 14
coin 72 8
round 111
round 112
round 113
round 114
round 115
coin 57 16
coin 14 6
round 116
round 117
round 118
round 119
round 120
coin 65 3
coin 8 19
round 121
round 122
round 123
round 124
round 125
coin 71 3
coin 2 19
round 126
round 127
round 128
round 129
round 130
coin 40 6
coin 33 16
round 131
round 132
round 133
round 134
round 135
coin 72 12
coin 73 10
round 136
round 137
round 138
round 139
round 140
coin 51 6
coin 22 16
round 141
round 142
round 143
round 144
round 145
coin 45 22
coin 28 0
round 146
round 147
round 148
round 149
round 150
coin 67 1
coin 6 21
round 151
round 152
round 153
round 154
round 155
coin 62 17
coin 11 5
round 156
round 157
round 158
round 159
round 160
coin 57 0
coin 16 22
round 161
round 162
round 163
round 164
round 165
coin 36 6
coin 37 16
round 166
round 167
round 168
round 169
round 170
coin 31 11
coin 42 12
round 171
round 172
round 173
round 174
round 175
coin 14 10
coin 59 12
round 176
round 177
round 178
round 179
round 180
coin 17 1
coin 56 21
round 181
round 182
round 183
round 184
round 185
coin 9 19
coin 64 3
round 186
round 187
round 188
round 189
round 190
coin 50 2
coin 23 20
round 191
round 192
round 193
round 194
round 195
coin 65 7
coin 8 15
round 196
round 197
round 198
round 199
round 200
coin 56 11
coin 17 11
match_over 0
