match
match_id 1639213927092_kw
match_time 1639213927095
num_bots 1
##MatchConfig
mode FRIENDLY
num_rounds 200
random_seed 42
move_time_limit 1000
coin_spawn_period 5
coin_spawn_volume 2
##MapConfig
map_size 62 21
view_radius 5
mining_radius 2
attack_radius 3
block 22 0
block 23 0
block 24 0
block 25 0
block 26 0
block 27 0
block 30 0
block 31 0
block 32 0
block 33 0
block 34 0
block 35 0
block 49 0
block 50 0
block 51 0
block 52 0
block 53 0
block 54 0
block 55 0
block 22 1
block 23 1
block 24 1
block 25 1
block 26 1
block 27 1
block 28 1
block 29 1
block 30 1
block 31 1
block 32 1
block 33 1
block 34 1
block 35 1
block 5 2
block 6 2
block 7 2
block 8 2
block 9 2
block 10 2
block 22 2
block 23 2
block 24 2
block 25 2
block 26 2
block 27 2
block 28 2
block 29 2
block 30 2
block 31 2
block 32 2
block 33 2
block 34 2
block 35 2
block 5 3
block 6 3
block 7 3
block 8 3
block 9 3
block 10 3
block 22 3
block 23 3
block 24 3
block 25 3
block 26 3
block 27 3
block 28 3
block 29 3
block 30 3
block 31 3
block 32 3
block 33 3
block 34 3
block 35 3
block 38 3
block 39 3
block 5 4
block 6 4
block 7 4
block 8 4
block 9 4
block 10 4
block 28 4
block 29 4
block 30 4
block 31 4
block 32 4
block 33 4
block 34 4
block 35 4
block 38 4
block 39 4
block 5 5
block 6 5
block 7 5
block 8 5
block 9 5
block 10 5
block 16 5
block 17 5
block 18 5
block 19 5
block 20 5
block 21 5
block 28 5
block 29 5
block 30 5
block 31 5
block 32 5
block 33 5
block 34 5
block 35 5
block 38 5
block 39 5
block 5 6
block 6 6
block 7 6
block 8 6
block 9 6
block 10 6
block 16 6
block 17 6
block 18 6
block 19 6
block 20 6
block 21 6
block 30 6
block 31 6
block 32 6
block 33 6
block 34 6
block 35 6
block 38 6
block 39 6
block 49 6
block 50 6
block 51 6
block 52 6
block 5 7
block 6 7
block 7 7
block 8 7
block 9 7
block 10 7
block 16 7
block 17 7
block 18 7
block 19 7
block 20 7
block 21 7
block 38 7
block 39 7
block 49 7
block 50 7
block 51 7
block 52 7
block 53 7
block 54 7
block 5 8
block 6 8
block 7 8
block 8 8
block 9 8
block 10 8
block 16 8
block 17 8
block 18 8
block 19 8
block 20 8
block 21 8
block 32 8
block 33 8
block 34 8
block 35 8
block 38 8
block 39 8
block 49 8
block 50 8
block 51 8
block 52 8
block 53 8
block 54 8
block 16 9
block 17 9
block 18 9
block 19 9
block 20 9
block 21 9
block 32 9
block 33 9
block 34 9
block 35 9
block 38 9
block 39 9
block 0 10
block 1 10
block 2 10
block 16 10
block 17 10
block 18 10
block 19 10
block 20 10
block 32 10
block 33 10
block 34 10
block 35 10
block 38 10
block 39 10
block 40 10
block 41 10
block 42 10
block 58 10
block 59 10
block 60 10
block 61 10
block 0 11
block 1 11
block 2 11
block 16 11
block 17 11
block 18 11
block 19 11
block 20 11
block 32 11
block 33 11
block 34 11
block 35 11
block 38 11
block 39 11
block 40 11
block 41 11
block 42 11
block 58 11
block 59 11
block 60 11
block 61 11
block 0 12
block 1 12
block 2 12
block 16 12
block 17 12
block 18 12
block 19 12
block 20 12
block 32 12
block 33 12
block 34 12
block 35 12
block 38 12
block 39 12
block 40 12
block 41 12
block 42 12
block 58 12
block 59 12
block 60 12
block 61 12
block 0 13
block 1 13
block 2 13
block 3 13
block 4 13
block 5 13
block 6 13
block 16 13
block 17 13
block 18 13
block 19 13
block 20 13
block 38 13
block 39 13
block 40 13
block 41 13
block 42 13
block 58 13
block 59 13
block 60 13
block 61 13
block 0 14
block 1 14
block 2 14
block 3 14
block 4 14
block 5 14
block 6 14
block 38 14
block 39 14
block 40 14
block 41 14
block 42 14
block 58 14
block 59 14
block 60 14
block 61 14
block 0 15
block 1 15
block 2 15
block 3 15
block 4 15
block 5 15
block 6 15
block 33 15
block 34 15
block 58 15
block 59 15
block 60 15
block 61 15
block 0 16
block 1 16
block 2 16
block 3 16
block 4 16
block 5 16
block 6 16
block 33 16
block 34 16
block 58 16
block 59 16
block 60 16
block 61 16
block 2 17
block 3 17
block 4 17
block 5 17
block 6 17
block 13 17
block 14 17
block 33 17
block 34 17
block 2 18
block 3 18
block 4 18
block 5 18
block 6 18
block 13 18
block 14 18
block 13 19
block 14 19
block 49 19
block 50 19
block 51 19
block 52 19
block 53 19
block 54 19
block 55 19
block 13 20
block 14 20
block 49 20
block 50 20
block 51 20
block 52 20
block 53 20
block 54 20
block 55 20
##BotsAndCoinsInfo
bot_name 0 starter-bot
bot 0 35 15
bot_coins 0 0
coin 6 12
coin 55 8
round 1
bot 0 35 16
round 2
bot 0 35 17
round 3
bot 0 35 18
round 4
bot 0 35 19
round 5
bot 0 35 20
coin 34 18
coin 27 4
round 6
bot 0 34 19
coin_collected 34 18 0
bot_coins 0 1
round 7
bot 0 34 18
round 8
round 9
round 10
coin 2 4
coin 59 17
round 11
round 12
round 13
round 14
round 15
coin 3 19
coin 58 1
round 16
round 17
round 18
round 19
round 20
coin 23 17
coin 37 3
round 21
round 22
round 23
round 24
round 25
coin 34 13
coin 27 7
round 26
round 27
round 28
round 29
round 30
coin 12 0
coin 48 20
round 31
round 32
round 33
round 34
round 35
coin 58 17
coin 3 3
round 36
round 37
round 38
round 39
round 40
coin 14 12
coin 47 8
round 41
round 42
round 43
round 44
round 45
coin 49 2
coin 12 18
round 46
round 47
round 48
round 49
round 50
coin 14 1
coin 47 19
round 51
round 52
round 53
round 54
round 55
coin 58 9
coin 3 11
round 56
round 57
round 58
round 59
round 60
coin 55 9
coin 6 11
round 61
round 62
round 63
round 64
round 65
coin 6 10
coin 55 10
round 66
round 67
round 68
round 69
round 70
coin 51 12
coin 11 8
round 71
round 72
round 73
round 74
round 75
coin 54 6
coin 7 14
round 76
round 77
round 78
round 79
round 80
coin 22 17
coin 39 2
round 81
round 82
round 83
round 84
round 85
coin 13 11
coin 48 9
round 86
round 87
round 88
round 89
round 90
coin 4 19
coin 57 1
round 91
round 92
round 93
round 94
round 95
coin 25 6
coin 36 14
round 96
round 97
round 98
round 99
round 100
coin 53 18
coin 8 1
round 101
round 102
round 103
round 104
round 105
coin 25 7
coin 36 13
round 106
round 107
round 108
round 109
round 110
coin 25 20
coin 36 0
round 111
round 112
round 113
round 114
round 115
coin 25 4
coin 36 16
round 116
round 117
round 118
round 119
round 120
coin 21 10
coin 40 9
round 121
round 122
round 123
round 124
round 125
coin 49 14
coin 12 6
round 126
round 127
round 128
round 129
round 130
coin 6 1
coin 55 18
round 131
round 132
round 133
round 134
round 135
coin 34 7
coin 27 13
round 136
round 137
round 138
round 139
round 140
coin 31 7
coin 30 13
round 141
round 142
match_over 0
round 143
