match
match_id 1639324783234_af
match_time 1639324783237
num_bots 1
##MatchConfig
mode FRIENDLY
num_rounds 200
random_seed 42
move_time_limit 1000
coin_spawn_period 5
coin_spawn_volume 2
##MapConfig
map_size 58 25
view_radius 6
mining_radius 1
attack_radius 3
block 50 0
block 51 0
block 52 0
block 53 0
block 50 1
block 51 1
block 52 1
block 53 1
block 20 5
block 21 5
block 22 5
block 20 6
block 21 6
block 22 6
block 44 9
block 45 9
block 46 9
block 47 9
block 48 9
block 49 9
block 44 10
block 45 10
block 46 10
block 47 10
block 48 10
block 49 10
block 29 11
block 30 11
block 31 11
block 32 11
block 44 11
block 45 11
block 46 11
block 47 11
block 48 11
block 49 11
block 29 12
block 30 12
block 31 12
block 32 12
block 44 12
block 45 12
block 46 12
block 47 12
block 48 12
block 49 12
block 0 13
block 1 13
block 2 13
block 29 13
block 30 13
block 31 13
block 32 13
block 44 13
block 45 13
block 46 13
block 47 13
block 48 13
block 49 13
block 57 13
block 0 14
block 1 14
block 2 14
block 29 14
block 30 14
block 31 14
block 32 14
block 44 14
block 45 14
block 46 14
block 47 14
block 48 14
block 49 14
block 57 14
block 0 15
block 1 15
block 2 15
block 10 15
block 11 15
block 38 15
block 39 15
block 40 15
block 41 15
block 42 15
block 43 15
block 47 15
block 48 15
block 57 15
block 10 16
block 11 16
block 38 16
block 39 16
block 40 16
block 41 16
block 42 16
block 43 16
block 47 16
block 48 16
block 38 17
block 39 17
block 40 17
block 41 17
block 42 17
block 43 17
block 47 17
block 48 17
block 36 18
block 37 18
block 38 18
block 39 18
block 40 18
block 41 18
block 42 18
block 43 18
block 47 18
block 48 18
block 36 19
block 37 19
block 38 19
block 39 19
block 40 19
block 41 19
block 42 19
block 43 19
block 47 19
block 48 19
block 36 20
block 37 20
block 38 20
block 39 20
block 40 20
block 41 20
block 42 20
block 43 20
block 36 21
block 37 21
block 38 21
block 39 21
block 40 21
block 41 21
block 42 21
block 50 23
block 51 23
block 52 23
block 53 23
block 50 24
block 51 24
block 52 24
block 53 24
##BotsAndCoinsInfo
bot_name 0 starter-bot
bot 0 43 7
bot_coins 0 0
coin 43 13
coin 14 11
round 1
bot 0 43 8
round 2
bot 0 43 9
round 3
bot 0 43 10
round 4
bot 0 43 11
round 5
bot 0 43 12
coin_collected 43 13 0
bot_coins 0 1
coin 38 9
coin 19 15
round 6
bot 0 43 13
round 7
bot 0 43 14
round 8
round 9
round 10
coin 42 0
coin 15 24
round 11
round 12
round 13
round 14
round 15
coin 27 18
coin 30 6
round 16
round 17
round 18
round 19
round 20
coin 31 18
coin 26 6
round 21
round 22
round 23
round 24
round 25
coin 26 2
coin 31 22
round 26
round 27
round 28
round 29
round 30
coin 18 17
coin 39 7
round 31
round 32
round 33
round 34
round 35
coin 20 7
coin 37 17
round 36
round 37
round 38
round 39
round 40
coin 20 20
coin 37 4
round 41
round 42
round 43
round 44
round 45
coin 7 9
coin 50 15
round 46
round 47
round 48
round 49
round 50
coin 50 13
coin 7 11
round 51
round 52
round 53
round 54
round 55
coin 28 13
coin 29 10
round 56
round 57
round 58
round 59
round 60
coin 5 16
coin 52 8
round 61
round 62
round 63
round 64
round 65
coin 34 8
coin 23 16
round 66
round 67
round 68
round 69
round 70
coin 9 21
coin 48 3
round 71
round 72
round 73
round 74
round 75
coin 31 6
coin 26 18
round 76
round 77
round 78
round 79
round 80
coin 2 10
coin 55 14
round 81
round 82
round 83
round 84
round 85
coin 47 2
coin 10 22
round 86
round 87
round 88
round 89
round 90
coin 10 18
coin 47 6
round 91
round 92
round 93
round 94
round 95
coin 51 14
coin 6 10
round 96
round 97
round 98
round 99
round 100
coin 44 15
coin 13 9
round 101
round 102
round 103
round 104
round 105
coin 23 12
coin 34 12
round 106
round 107
round 108
round 109
round 110
coin 11 9
coin 46 15
round 111
round 112
round 113
round 114
round 115
coin 21 10
coin 36 14
round 116
round 117
round 118
round 119
round 120
coin 33 18
coin 24 6
round 121
round 122
round 123
round 124
round 125
coin 56 15
coin 1 9
round 126
round 127
round 128
round 129
round 130
coin 10 6
coin 46 18
round 131
round 132
round 133
round 134
round 135
coin 26 10
coin 31 15
round 136
round 137
round 138
round 139
round 140
coin 25 9
coin 32 15
round 141
round 142
round 143
round 144
round 145
coin 21 3
coin 36 22
round 146
round 147
round 148
round 149
round 150
coin 55 19
coin 2 5
round 151
round 152
round 153
round 154
round 155
coin 52 2
coin 5 22
round 156
round 157
round 158
round 159
round 160
coin 18 19
coin 39 5
round 161
round 162
round 163
round 164
round 165
coin 10 19
coin 47 5
round 166
round 167
round 168
round 169
round 170
coin 3 24
coin 54 0
round 171
round 172
round 173
round 174
round 175
coin 44 1
coin 13 23
round 176
round 177
round 178
round 179
round 180
coin 43 4
coin 14 20
round 181
round 182
round 183
round 184
round 185
coin 49 8
coin 8 16
round 186
round 187
round 188
round 189
round 190
coin 46 8
coin 11 17
round 191
round 192
round 193
round 194
round 195
coin 29 18
coin 28 6
round 196
round 197
round 198
round 199
round 200
coin 2 19
coin 55 5
match_over 0
