match
match_id 1639340125346_am
match_time 1639340125349
num_bots 1
##MatchConfig
mode FRIENDLY
num_rounds 200
random_seed 42
move_time_limit 1000
coin_spawn_period 5
coin_spawn_volume 2
##MapConfig
map_size 65 36
view_radius 5
mining_radius 2
attack_radius 4
block 1 0
block 2 0
block 3 0
block 4 0
block 5 0
block 6 0
block 1 1
block 2 1
block 3 1
block 4 1
block 5 1
block 6 1
block 12 1
block 13 1
block 14 1
block 12 2
block 13 2
block 14 2
block 12 3
block 13 3
block 14 3
block 0 4
block 1 4
block 2 4
block 3 4
block 4 4
block 64 4
block 0 5
block 1 5
block 2 5
block 3 5
block 4 5
block 8 5
block 9 5
block 10 5
block 11 5
block 12 5
block 13 5
block 14 5
block 64 5
block 0 6
block 1 6
block 2 6
block 3 6
block 4 6
block 8 6
block 9 6
block 10 6
block 11 6
block 12 6
block 13 6
block 14 6
block 64 6
block 0 7
block 1 7
block 2 7
block 3 7
block 4 7
block 8 7
block 9 7
block 10 7
block 11 7
block 12 7
block 13 7
block 14 7
block 64 7
block 0 8
block 1 8
block 2 8
block 3 8
block 4 8
block 8 8
block 9 8
block 10 8
block 11 8
block 41 8
block 42 8
block 43 8
block 44 8
block 45 8
block 46 8
block 64 8
block 0 9
block 1 9
block 2 9
block 3 9
block 4 9
block 5 9
block 6 9
block 7 9
block 8 9
block 9 9
block 10 9
block 41 9
block 42 9
block 43 9
block 44 9
block 45 9
block 46 9
block 64 9
block 0 10
block 1 10
block 2 10
block 3 10
block 4 10
block 5 10
block 6 10
block 7 10
block 8 10
block 9 10
block 10 10
block 41 10
block 42 10
block 43 10
block 44 10
block 45 10
block 46 10
block 64 10
block 4 11
block 5 11
block 6 11
block 7 11
block 8 11
block 9 11
block 10 11
block 11 11
block 41 11
block 42 11
block 43 11
block 44 11
block 4 12
block 5 12
block 6 12
block 7 12
block 8 12
block 9 12
block 10 12
block 11 12
block 41 12
block 42 12
block 43 12
block 44 12
block 0 13
block 1 13
block 4 13
block 5 13
block 6 13
block 7 13
block 8 13
block 9 13
block 10 13
block 11 13
block 38 13
block 39 13
block 40 13
block 41 13
block 42 13
block 43 13
block 44 13
block 64 13
block 0 14
block 1 14
block 8 14
block 9 14
block 10 14
block 11 14
block 38 14
block 39 14
block 40 14
block 41 14
block 42 14
block 43 14
block 44 14
block 59 14
block 60 14
block 64 14
block 0 15
block 1 15
block 7 15
block 8 15
block 9 15
block 10 15
block 11 15
block 38 15
block 39 15
block 40 15
block 59 15
block 60 15
block 64 15
block 0 16
block 1 16
block 7 16
block 8 16
block 9 16
block 10 16
block 11 16
block 38 16
block 39 16
block 40 16
block 64 16
block 8 17
block 9 17
block 10 17
block 11 17
block 28 17
block 29 17
block 30 17
block 38 17
block 39 17
block 40 17
block 47 17
block 48 17
block 49 17
block 50 17
block 51 17
block 3 18
block 4 18
block 5 18
block 6 18
block 7 18
block 28 18
block 29 18
block 30 18
block 38 18
block 39 18
block 40 18
block 47 18
block 48 18
block 49 18
block 50 18
block 51 18
block 52 18
block 53 18
block 54 18
block 55 18
block 3 19
block 4 19
block 5 19
block 6 19
block 7 19
block 8 19
block 9 19
block 10 19
block 28 19
block 29 19
block 30 19
block 38 19
block 39 19
block 40 19
block 49 19
block 50 19
block 51 19
block 52 19
block 53 19
block 54 19
block 55 19
block 3 20
block 4 20
block 5 20
block 6 20
block 7 20
block 8 20
block 9 20
block 10 20
block 28 20
block 29 20
block 30 20
block 31 20
block 32 20
block 33 20
block 34 20
block 35 20
block 36 20
block 45 20
block 46 20
block 47 20
block 48 20
block 49 20
block 50 20
block 51 20
block 52 20
block 53 20
block 54 20
block 55 20
block 0 21
block 1 21
block 3 21
block 4 21
block 5 21
block 6 21
block 7 21
block 8 21
block 9 21
block 10 21
block 28 21
block 29 21
block 30 21
block 31 21
block 32 21
block 33 21
block 34 21
block 35 21
block 36 21
block 45 21
block 46 21
block 47 21
block 48 21
block 49 21
block 50 21
block 51 21
block 52 21
block 53 21
block 54 21
block 55 21
block 62 21
block 63 21
block 64 21
block 0 22
block 1 22
block 3 22
block 4 22
block 5 22
block 6 22
block 7 22
block 28 22
block 29 22
block 30 22
block 45 22
block 46 22
block 47 22
block 48 22
block 49 22
block 50 22
block 51 22
block 52 22
block 53 22
block 54 22
block 55 22
block 62 22
block 63 22
block 64 22
block 0 23
block 1 23
block 3 23
block 4 23
block 5 23
block 6 23
block 7 23
block 45 23
block 46 23
block 47 23
block 48 23
block 49 23
block 50 23
block 51 23
block 52 23
block 53 23
block 54 23
block 55 23
block 62 23
block 63 23
block 64 23
block 0 24
block 1 24
block 45 24
block 46 24
block 47 24
block 48 24
block 49 24
block 50 24
block 51 24
block 52 24
block 53 24
block 54 24
block 55 24
block 62 24
block 63 24
block 64 24
block 0 25
block 1 25
block 23 25
block 24 25
block 25 25
block 26 25
block 27 25
block 28 25
block 29 25
block 45 25
block 46 25
block 47 25
block 48 25
block 49 25
block 50 25
block 51 25
block 62 25
block 63 25
block 64 25
block 23 26
block 24 26
block 25 26
block 26 26
block 27 26
block 28 26
block 29 26
block 48 26
block 49 26
block 23 27
block 24 27
block 25 27
block 26 27
block 27 27
block 28 27
block 29 27
block 48 27
block 49 27
block 53 31
block 54 31
block 55 31
block 56 31
block 57 31
block 58 31
block 1 32
block 2 32
block 3 32
block 4 32
block 5 32
block 6 32
block 53 32
block 54 32
block 55 32
block 56 32
block 57 32
block 58 32
block 1 33
block 2 33
block 3 33
block 4 33
block 5 33
block 6 33
block 1 34
block 2 34
block 3 34
block 4 34
block 5 34
block 6 34
block 1 35
block 2 35
block 3 35
block 4 35
block 5 35
block 6 35
##BotsAndCoinsInfo
bot_name 0 starter-bot
bot 0 43 15
bot_coins 0 0
coin 0 3
coin 64 32
round 1
bot 0 43 16
round 2
bot 0 43 17
round 3
bot 0 43 18
round 4
bot 0 43 19
round 5
bot 0 43 20
coin 48 8
coin 16 27
round 6
bot 0 43 21
round 7
bot 0 43 22
round 8
bot 0 43 23
round 9
bot 0 43 24
round 10
bot 0 43 25
coin 0 26
coin 63 9
round 11
bot 0 43 26
round 12
bot 0 43 27
round 13
bot 0 43 28
round 14
bot 0 43 29
round 15
bot 0 43 30
coin 0 2
coin 64 33
round 16
bot 0 43 31
round 17
bot 0 43 32
round 18
bot 0 43 33
round 19
bot 0 43 34
round 20
bot 0 43 35
coin 29 29
coin 35 6
round 21
bot 0 42 34
round 22
bot 0 42 33
round 23
bot 0 42 32
round 24
bot 0 42 31
round 25
bot 0 42 30
coin 52 26
coin 12 9
round 26
bot 0 42 29
round 27
bot 0 42 28
round 28
bot 0 42 27
round 29
bot 0 42 26
round 30
bot 0 42 25
coin 21 0
coin 43 35
round 31
bot 0 42 24
round 32
bot 0 42 23
round 33
bot 0 42 22
round 34
bot 0 42 21
round 35
bot 0 42 20
coin 46 32
coin 18 3
round 36
bot 0 42 19
round 37
bot 0 42 18
round 38
bot 0 42 17
round 39
bot 0 42 16
round 40
bot 0 42 15
coin 61 6
coin 3 29
round 41
bot 0 41 15
round 42
round 43
bot 0 41 16
round 44
bot 0 41 17
round 45
bot 0 41 18
coin 63 17
coin 1 18
round 46
bot 0 41 19
round 47
bot 0 41 20
round 48
bot 0 41 21
round 49
bot 0 41 22
round 50
bot 0 41 23
coin 40 31
coin 24 4
round 51
bot 0 41 24
round 52
bot 0 41 25
round 53
bot 0 41 26
round 54
bot 0 41 27
round 55
bot 0 41 28
coin 26 33
coin 38 2
round 56
bot 0 41 29
round 57
bot 0 41 30
coin_collected 40 31 0
bot_coins 0 1
round 58
bot 0 41 31
round 59
bot 0 41 32
round 60
bot 0 41 33
coin 38 9
coin 26 24
round 61
bot 0 41 34
round 62
bot 0 41 35
coin_collected 43 35 0
bot_coins 0 2
round 63
bot 0 40 34
round 64
bot 0 40 33
round 65
bot 0 40 32
coin 25 22
coin 39 12
round 66
bot 0 40 31
round 67
bot 0 40 30
round 68
bot 0 40 29
round 69
bot 0 40 28
round 70
bot 0 40 27
coin 32 30
coin 32 5
round 71
bot 0 40 26
round 72
bot 0 40 25
round 73
bot 0 40 24
round 74
bot 0 40 23
round 75
bot 0 40 22
coin 25 12
coin 39 23
round 76
bot 0 40 21
round 77
bot 0 40 20
round 78
bot 0 39 20
round 79
bot 0 38 20
round 80
bot 0 37 20
coin 5 5
coin 59 30
round 81
bot 0 37 19
round 82
bot 0 37 18
round 83
bot 0 37 17
round 84
bot 0 37 16
round 85
bot 0 37 15
coin 8 23
coin 56 12
round 86
bot 0 37 14
round 87
bot 0 37 13
round 88
bot 0 37 12
coin_collected 39 12 0
bot_coins 0 3
round 89
bot 0 37 11
round 90
bot 0 37 10
coin_collected 38 9 0
bot_coins 0 4
coin 32 25
coin 32 10
round 91
bot 0 37 9
round 92
bot 0 37 8
round 93
bot 0 37 7
round 94
bot 0 37 6
coin_collected 35 6 0
bot_coins 0 5
round 95
bot 0 37 5
coin 28 12
coin 36 23
round 96
bot 0 37 4
round 97
bot 0 37 3
coin_collected 38 2 0
bot_coins 0 6
round 98
bot 0 37 2
round 99
bot 0 37 1
round 100
bot 0 37 0
coin 45 13
coin 19 22
round 101
bot 0 36 1
round 102
bot 0 36 2
round 103
bot 0 36 3
round 104
bot 0 36 4
round 105
bot 0 36 5
coin 8 25
coin 56 10
round 106
bot 0 36 6
round 107
bot 0 36 7
round 108
bot 0 36 8
round 109
bot 0 36 9
round 110
bot 0 36 10
coin 15 6
coin 49 29
round 111
bot 0 36 11
round 112
bot 0 36 12
round 113
bot 0 36 13
round 114
bot 0 36 14
round 115
bot 0 36 15
coin 40 11
coin 24 24
round 116
bot 0 36 16
round 117
bot 0 36 17
round 118
bot 0 36 18
round 119
bot 0 36 19
round 120
bot 0 35 19
coin 27 7
coin 37 28
round 121
bot 0 34 19
round 122
bot 0 33 19
round 123
bot 0 32 19
round 124
bot 0 31 19
round 125
coin 48 32
coin 16 3
round 126
bot 0 31 18
round 127
bot 0 31 17
round 128
bot 0 31 16
round 129
bot 0 31 15
round 130
bot 0 31 14
coin 3 3
coin 61 32
round 131
bot 0 31 13
round 132
bot 0 31 12
round 133
bot 0 31 11
coin_collected 32 10 0
bot_coins 0 7
round 134
bot 0 31 10
round 135
bot 0 31 9
coin 40 34
coin 24 1
round 136
bot 0 31 8
round 137
bot 0 31 7
round 138
bot 0 31 6
coin_collected 32 5 0
bot_coins 0 8
round 139
bot 0 31 5
round 140
bot 0 31 4
coin 38 31
coin 26 4
round 141
bot 0 31 3
round 142
bot 0 31 2
round 143
bot 0 31 1
round 144
bot 0 31 0
round 145
bot 0 30 1
coin 36 27
coin 28 8
round 146
bot 0 30 2
round 147
bot 0 30 3
round 148
bot 0 30 4
round 149
bot 0 30 5
round 150
bot 0 30 6
coin 32 23
coin 32 12
round 151
bot 0 30 7
round 152
bot 0 30 8
coin_collected 28 8 0
bot_coins 0 9
round 153
bot 0 30 9
round 154
bot 0 30 10
round 155
bot 0 30 11
coin 32 13
coin 32 22
round 156
bot 0 30 12
coin_collected 32 12 0
bot_coins 0 10
coin_collected 28 12 0
bot_coins 0 11
round 157
bot 0 30 13
coin_collected 32 13 0
bot_coins 0 12
round 158
bot 0 30 14
round 159
bot 0 30 15
round 160
bot 0 30 16
coin 24 14
coin 40 21
round 161
bot 0 29 16
round 162
bot 0 28 16
round 163
bot 0 27 16
round 164
bot 0 27 17
round 165
bot 0 27 18
coin 33 31
coin 31 4
round 166
bot 0 27 19
round 167
bot 0 27 20
round 168
bot 0 27 21
round 169
bot 0 27 22
coin_collected 25 22 0
bot_coins 0 13
round 170
bot 0 27 23
coin_collected 26 24 0
bot_coins 0 14
coin 35 27
coin 29 8
round 171
bot 0 27 24
round 172
bot 0 26 24
coin_collected 24 24 0
bot_coins 0 15
round 173
bot 0 25 24
round 174
bot 0 24 24
round 175
bot 0 23 24
coin 45 5
coin 19 30
round 176
bot 0 22 24
round 177
bot 0 22 25
round 178
bot 0 22 26
round 179
bot 0 22 27
round 180
bot 0 22 28
coin 13 25
coin 51 10
round 181
bot 0 22 29
round 182
bot 0 22 30
round 183
bot 0 22 31
round 184
bot 0 22 32
round 185
bot 0 22 33
coin 13 4
coin 51 31
round 186
bot 0 22 34
round 187
bot 0 22 35
coin_collected 21 0 0
bot_coins 0 16
round 188
bot 0 21 34
round 189
bot 0 21 33
round 190
bot 0 21 32
coin 16 16
coin 48 19
round 191
bot 0 21 31
round 192
bot 0 21 30
coin_collected 19 30 0
bot_coins 0 17
round 193
bot 0 21 29
round 194
bot 0 21 28
round 195
bot 0 21 27
coin 55 33
coin 9 2
round 196
bot 0 21 26
round 197
bot 0 21 25
round 198
bot 0 21 24
round 199
bot 0 21 23
round 200
bot 0 21 22
coin_collected 19 22 0
bot_coins 0 18
coin 40 10
coin 24 24
match_over 0
