match
match_id 1639336238484_ao
match_time 1639336238486
num_bots 1
##MatchConfig
mode FRIENDLY
num_rounds 200
random_seed 42
move_time_limit 1000
coin_spawn_period 5
coin_spawn_volume 2
##MapConfig
map_size 53 33
view_radius 6
mining_radius 1
attack_radius 3
block 28 0
block 29 0
block 30 0
block 31 0
block 32 0
block 33 0
block 34 0
block 36 0
block 37 0
block 38 0
block 39 0
block 40 0
block 41 0
block 28 1
block 29 1
block 30 1
block 31 1
block 32 1
block 33 1
block 34 1
block 36 1
block 37 1
block 38 1
block 39 1
block 40 1
block 41 1
block 1 4
block 2 4
block 3 4
block 4 4
block 5 4
block 6 4
block 34 4
block 35 4
block 36 4
block 37 4
block 1 5
block 2 5
block 3 5
block 4 5
block 5 5
block 6 5
block 34 5
block 35 5
block 36 5
block 37 5
block 1 6
block 2 6
block 3 6
block 4 6
block 5 6
block 6 6
block 34 6
block 35 6
block 36 6
block 37 6
block 1 7
block 2 7
block 3 7
block 4 7
block 5 7
block 6 7
block 17 7
block 18 7
block 19 7
block 24 7
block 25 7
block 34 7
block 35 7
block 36 7
block 37 7
block 47 7
block 48 7
block 49 7
block 1 8
block 2 8
block 3 8
block 4 8
block 5 8
block 6 8
block 17 8
block 18 8
block 19 8
block 24 8
block 25 8
block 34 8
block 35 8
block 36 8
block 37 8
block 47 8
block 48 8
block 49 8
block 2 9
block 3 9
block 4 9
block 5 9
block 17 9
block 18 9
block 19 9
block 34 9
block 35 9
block 36 9
block 37 9
block 47 9
block 48 9
block 49 9
block 2 10
block 3 10
block 4 10
block 5 10
block 17 10
block 18 10
block 19 10
block 34 10
block 35 10
block 36 10
block 37 10
block 47 10
block 48 10
block 49 10
block 2 11
block 3 11
block 4 11
block 5 11
block 17 11
block 18 11
block 19 11
block 2 12
block 3 12
block 4 12
block 5 12
block 2 13
block 3 13
block 4 13
block 5 13
block 0 16
block 1 16
block 7 16
block 8 16
block 49 16
block 50 16
block 51 16
block 52 16
block 0 17
block 1 17
block 7 17
block 8 17
block 49 17
block 50 17
block 51 17
block 52 17
block 0 18
block 1 18
block 9 18
block 10 18
block 11 18
block 12 18
block 49 18
block 50 18
block 51 18
block 52 18
block 0 19
block 1 19
block 9 19
block 10 19
block 11 19
block 12 19
block 49 19
block 50 19
block 51 19
block 52 19
block 0 20
block 1 20
block 3 20
block 4 20
block 5 20
block 9 20
block 10 20
block 11 20
block 12 20
block 49 20
block 50 20
block 51 20
block 52 20
block 3 21
block 4 21
block 5 21
block 9 21
block 10 21
block 11 21
block 12 21
block 33 21
block 34 21
block 35 21
block 36 21
block 37 21
block 9 22
block 10 22
block 11 22
block 12 22
block 33 22
block 34 22
block 35 22
block 36 22
block 37 22
block 9 23
block 10 23
block 11 23
block 12 23
block 17 23
block 18 23
block 19 23
block 20 23
block 21 23
block 22 23
block 33 23
block 34 23
block 35 23
block 36 23
block 37 23
block 9 24
block 10 24
block 11 24
block 12 24
block 17 24
block 18 24
block 19 24
block 20 24
block 21 24
block 22 24
block 33 24
block 34 24
block 35 24
block 36 24
block 37 24
block 33 25
block 34 25
block 35 25
block 36 25
block 37 25
block 45 25
block 46 25
block 47 25
block 48 25
block 28 26
block 29 26
block 30 26
block 31 26
block 32 26
block 33 26
block 34 26
block 35 26
block 36 26
block 37 26
block 45 26
block 46 26
block 47 26
block 48 26
block 28 27
block 29 27
block 30 27
block 31 27
block 32 27
block 33 27
block 34 27
block 35 27
block 36 27
block 37 27
block 45 27
block 46 27
block 47 27
block 48 27
block 28 28
block 29 28
block 30 28
block 31 28
block 32 28
block 33 28
block 34 28
block 36 28
block 37 28
block 38 28
block 39 28
block 40 28
block 41 28
block 28 29
block 29 29
block 30 29
block 31 29
block 32 29
block 33 29
block 34 29
block 36 29
block 37 29
block 38 29
block 39 29
block 40 29
block 41 29
block 28 30
block 29 30
block 30 30
block 31 30
block 32 30
block 33 30
block 36 30
block 37 30
block 38 30
block 39 30
block 40 30
block 41 30
block 28 31
block 29 31
block 30 31
block 31 31
block 32 31
block 33 31
block 36 31
block 37 31
block 38 31
block 39 31
block 40 31
block 41 31
block 28 32
block 29 32
block 30 32
block 31 32
block 32 32
block 33 32
block 34 32
block 36 32
block 37 32
block 38 32
block 39 32
block 40 32
block 41 32
##BotsAndCoinsInfo
bot_name 0 starter-bot
bot 0 28 25
bot_coins 0 0
coin 34 15
coin 18 17
round 1
bot 0 27 25
round 2
bot 0 27 26
round 3
bot 0 27 27
round 4
bot 0 27 28
round 5
bot 0 27 29
coin 5 3
coin 47 29
round 6
bot 0 27 30
round 7
bot 0 27 31
round 8
bot 0 27 32
round 9
bot 0 26 31
round 10
bot 0 26 30
coin 19 19
coin 33 13
round 11
bot 0 26 29
round 12
bot 0 26 28
round 13
bot 0 26 27
round 14
bot 0 26 26
round 15
bot 0 26 25
coin 45 2
coin 7 30
round 16
bot 0 26 24
round 17
bot 0 26 23
round 18
bot 0 26 22
round 19
bot 0 26 21
round 20
bot 0 26 20
coin 14 17
coin 38 15
round 21
bot 0 26 19
round 22
bot 0 26 18
round 23
bot 0 26 17
round 24
bot 0 26 16
round 25
bot 0 26 15
coin 3 29
coin 49 3
round 26
bot 0 26 14
round 27
bot 0 26 13
round 28
bot 0 26 12
round 29
bot 0 26 11
round 30
bot 0 26 10
coin 20 0
coin 34 31
round 31
bot 0 26 9
round 32
bot 0 26 8
round 33
bot 0 26 7
round 34
bot 0 26 6
round 35
bot 0 26 5
coin 34 11
coin 18 21
round 36
bot 0 26 4
round 37
bot 0 26 3
round 38
bot 0 26 2
round 39
bot 0 26 1
round 40
bot 0 26 0
coin 33 9
coin 19 22
round 41
bot 0 25 1
round 42
bot 0 25 2
round 43
bot 0 25 3
round 44
bot 0 25 4
round 45
bot 0 25 5
coin 40 20
coin 12 12
round 46
bot 0 25 6
round 47
bot 0 24 6
round 48
bot 0 23 6
round 49
bot 0 23 7
round 50
bot 0 23 8
coin 39 4
coin 13 28
round 51
bot 0 23 9
round 52
bot 0 23 10
round 53
bot 0 23 11
round 54
bot 0 23 12
round 55
bot 0 23 13
coin 21 9
coin 31 23
round 56
bot 0 23 14
round 57
bot 0 23 15
round 58
bot 0 23 16
round 59
bot 0 23 17
round 60
bot 0 23 18
coin 42 30
coin 10 2
round 61
bot 0 23 19
round 62
bot 0 23 20
round 63
bot 0 23 21
round 64
bot 0 23 22
round 65
bot 0 23 23
coin 35 28
coin 17 4
round 66
bot 0 23 24
round 67
bot 0 23 25
round 68
bot 0 23 26
round 69
bot 0 23 27
round 70
bot 0 23 28
coin 27 18
coin 25 14
round 71
bot 0 23 29
round 72
bot 0 23 30
round 73
bot 0 23 31
round 74
bot 0 23 32
round 75
bot 0 22 31
coin 24 15
coin 28 17
round 76
bot 0 22 30
round 77
bot 0 22 29
round 78
bot 0 22 28
round 79
bot 0 22 27
round 80
bot 0 22 26
coin 43 2
coin 9 30
round 81
bot 0 22 25
round 82
bot 0 21 25
round 83
bot 0 20 25
round 84
bot 0 19 25
round 85
bot 0 18 25
coin 26 14
coin 26 18
round 86
bot 0 17 25
round 87
bot 0 16 25
round 88
bot 0 16 24
round 89
bot 0 16 23
round 90
bot 0 16 22
coin 46 22
coin 6 10
round 91
bot 0 16 21
round 92
bot 0 16 20
round 93
bot 0 16 19
round 94
bot 0 16 18
round 95
bot 0 16 17
coin 30 15
coin 22 17
round 96
bot 0 16 16
round 97
bot 0 16 15
round 98
bot 0 16 14
round 99
bot 0 16 13
round 100
bot 0 16 12
coin 32 25
coin 20 7
round 101
bot 0 16 11
round 102
bot 0 16 10
round 103
bot 0 16 9
round 104
bot 0 16 8
round 105
bot 0 16 7
coin 27 13
coin 25 19
round 106
bot 0 16 6
round 107
bot 0 16 5
round 108
bot 0 16 4
coin_collected 17 4 0
bot_coins 0 1
round 109
bot 0 16 3
round 110
bot 0 16 2
coin 7 6
coin 44 26
round 111
bot 0 16 1
round 112
bot 0 16 0
round 113
bot 0 15 1
round 114
bot 0 15 2
round 115
bot 0 15 3
coin 0 5
coin 52 27
round 116
bot 0 15 4
round 117
bot 0 15 5
round 118
bot 0 15 6
round 119
bot 0 15 7
round 120
bot 0 15 8
coin 44 22
coin 8 10
round 121
bot 0 15 9
round 122
bot 0 15 10
round 123
bot 0 15 11
round 124
bot 0 15 12
round 125
bot 0 15 13
coin 46 2
coin 6 30
round 126
bot 0 15 14
round 127
bot 0 15 15
round 128
bot 0 15 16
round 129
bot 0 15 17
coin_collected 14 17 0
bot_coins 0 2
round 130
bot 0 15 18
coin 49 4
coin 3 28
round 131
bot 0 15 19
round 132
bot 0 15 20
round 133
bot 0 15 21
round 134
bot 0 15 22
round 135
bot 0 15 23
coin 19 13
coin 33 19
round 136
bot 0 15 24
round 137
bot 0 15 25
round 138
bot 0 15 26
round 139
bot 0 15 27
round 140
bot 0 15 28
coin 47 28
coin 6 3
round 141
bot 0 15 29
round 142
bot 0 15 30
round 143
bot 0 15 31
round 144
bot 0 15 32
round 145
bot 0 14 31
coin 32 15
coin 20 17
round 146
bot 0 14 30
round 147
bot 0 14 29
round 148
bot 0 14 28
coin_collected 13 28 0
bot_coins 0 3
round 149
bot 0 14 27
round 150
bot 0 14 26
coin 39 14
coin 13 18
round 151
bot 0 14 25
round 152
bot 0 14 24
round 153
bot 0 14 23
round 154
bot 0 14 22
round 155
bot 0 14 21
coin 52 21
coin 0 11
round 156
bot 0 14 20
round 157
bot 0 14 19
round 158
bot 0 14 18
coin_collected 13 18 0
bot_coins 0 4
round 159
bot 0 14 17
round 160
bot 0 14 16
coin 2 26
coin 50 6
round 161
bot 0 14 15
round 162
bot 0 14 14
round 163
bot 0 14 13
round 164
bot 0 14 12
round 165
bot 0 14 11
coin 7 25
coin 45 7
round 166
bot 0 14 10
round 167
bot 0 14 9
round 168
bot 0 14 8
round 169
bot 0 14 7
round 170
bot 0 14 6
coin 15 15
coin 37 17
round 171
bot 0 14 5
round 172
bot 0 14 4
round 173
bot 0 14 3
round 174
bot 0 14 2
round 175
bot 0 14 1
coin 27 2
coin 25 30
round 176
bot 0 14 0
round 177
bot 0 13 1
round 178
bot 0 13 2
round 179
bot 0 13 3
round 180
bot 0 13 4
coin 29 4
coin 23 28
round 181
bot 0 13 5
round 182
bot 0 13 6
round 183
bot 0 13 7
round 184
bot 0 13 8
round 185
bot 0 13 9
coin 52 5
coin 0 27
round 186
bot 0 13 10
round 187
bot 0 13 11
round 188
bot 0 13 12
coin_collected 12 12 0
bot_coins 0 5
round 189
bot 0 13 13
round 190
bot 0 13 14
coin 48 19
coin 4 14
round 191
bot 0 13 15
round 192
bot 0 13 16
round 193
bot 0 13 17
round 194
bot 0 13 18
round 195
bot 0 13 19
coin 16 21
coin 36 11
round 196
bot 0 13 20
round 197
bot 0 13 21
round 198
bot 0 13 22
round 199
bot 0 13 23
round 200
bot 0 13 24
coin 52 25
coin 0 7
match_over 0
