match
match_id 1639335778336_ak
match_time 1639335778338
num_bots 1
##MatchConfig
mode FRIENDLY
num_rounds 200
random_seed 42
move_time_limit 1000
coin_spawn_period 5
coin_spawn_volume 2
##MapConfig
map_size 48 26
view_radius 6
mining_radius 2
attack_radius 4
block 28 0
block 29 0
block 30 0
block 31 0
block 17 1
block 18 1
block 19 1
block 20 1
block 21 1
block 28 1
block 29 1
block 30 1
block 31 1
block 17 2
block 18 2
block 19 2
block 20 2
block 21 2
block 28 2
block 29 2
block 30 2
block 31 2
block 17 3
block 18 3
block 19 3
block 20 3
block 21 3
block 28 3
block 29 3
block 30 3
block 31 3
block 17 4
block 18 4
block 19 4
block 20 4
block 21 4
block 28 4
block 29 4
block 30 4
block 31 4
block 17 5
block 18 5
block 19 5
block 20 5
block 21 5
block 32 7
block 33 7
block 34 7
block 32 8
block 33 8
block 34 8
block 32 9
block 33 9
block 34 9
block 32 10
block 33 10
block 34 10
block 32 11
block 33 11
block 34 11
block 32 12
block 33 12
block 34 12
block 33 14
block 34 14
block 35 14
block 39 14
block 40 14
block 41 14
block 33 15
block 34 15
block 35 15
block 39 15
block 40 15
block 41 15
block 25 16
block 26 16
block 27 16
block 28 16
block 33 16
block 34 16
block 35 16
block 36 16
block 37 16
block 38 16
block 39 16
block 40 16
block 41 16
block 25 17
block 26 17
block 27 17
block 28 17
block 33 17
block 34 17
block 35 17
block 36 17
block 37 17
block 38 17
block 39 17
block 40 17
block 41 17
block 25 18
block 26 18
block 27 18
block 28 18
block 39 18
block 40 18
block 41 18
block 25 19
block 26 19
block 27 19
block 28 19
block 39 19
block 40 19
block 41 19
block 25 20
block 26 20
block 27 20
block 28 20
block 42 22
block 43 22
block 44 22
block 45 22
block 42 23
block 43 23
block 44 23
block 45 23
block 42 24
block 43 24
block 44 24
block 45 24
block 28 25
block 29 25
block 30 25
block 31 25
##BotsAndCoinsInfo
bot_name 0 starter-bot
bot 0 41 23
bot_coins 0 0
coin 26 7
coin 21 18
round 1
bot 0 41 24
round 2
bot 0 41 25
round 3
round 4
round 5
coin 0 12
coin 47 13
round 6
round 7
round 8
round 9
round 10
coin 18 17
coin 29 8
round 11
round 12
round 13
round 14
round 15
coin 17 16
coin 30 9
round 16
round 17
round 18
round 19
round 20
coin 31 15
coin 16 10
round 21
round 22
round 23
round 24
round 25
coin 14 0
coin 33 25
round 26
round 27
round 28
round 29
round 30
coin 12 6
coin 35 19
round 31
round 32
round 33
round 34
round 35
coin 44 4
coin 3 21
round 36
round 37
round 38
round 39
round 40
coin 24 8
coin 23 17
round 41
round 42
round 43
round 44
round 45
coin 7 25
coin 40 0
round 46
coin_collected 40 0 0
bot_coins 0 1
round 47
round 48
round 49
round 50
coin 8 17
coin 39 8
round 51
round 52
round 53
round 54
round 55
coin 26 15
coin 21 10
round 56
round 57
round 58
round 59
round 60
coin 11 21
coin 36 4
round 61
round 62
round 63
round 64
round 65
coin 46 6
coin 1 19
round 66
round 67
round 68
round 69
round 70
coin 43 25
coin 4 0
round 71
coin_collected 43 25 0
bot_coins 0 2
round 72
round 73
round 74
round 75
coin 10 10
coin 37 15
round 76
round 77
round 78
round 79
round 80
coin 14 7
coin 33 18
round 81
round 82
round 83
round 84
round 85
coin 41 21
coin 6 4
round 86
round 87
round 88
round 89
round 90
coin 12 11
coin 36 14
round 91
round 92
round 93
round 94
round 95
coin 25 10
coin 22 15
round 96
round 97
round 98
round 99
round 100
coin 11 5
coin 36 20
round 101
round 102
round 103
round 104
round 105
coin 47 3
coin 0 22
round 106
round 107
round 108
round 109
round 110
coin 23 2
coin 24 23
round 111
round 112
round 113
round 114
round 115
coin 7 21
coin 40 4
round 116
round 117
round 118
round 119
round 120
bot 0 40 0
coin 13 23
coin 34 2
round 121
bot 0 39 1
round 122
bot 0 39 0
round 123
bot 0 38 1
round 124
bot 0 38 2
round 125
bot 0 38 3
coin 24 18
coin 23 7
round 126
bot 0 38 4
coin_collected 40 4 0
bot_coins 0 3
coin_collected 36 4 0
bot_coins 0 4
round 127
bot 0 38 5
round 128
bot 0 38 6
round 129
bot 0 38 7
coin_collected 39 8 0
bot_coins 0 5
round 130
bot 0 38 8
coin 38 2
coin 9 23
round 131
bot 0 38 9
round 132
bot 0 38 10
round 133
bot 0 38 11
round 134
bot 0 38 12
round 135
bot 0 38 13
coin 8 16
coin 39 9
round 136
bot 0 38 14
coin_collected 36 14 0
bot_coins 0 6
coin_collected 37 15 0
bot_coins 0 7
round 137
bot 0 38 15
round 138
round 139
round 140
coin 1 15
coin 46 10
round 141
round 142
round 143
round 144
round 145
coin 22 1
coin 25 24
round 146
round 147
round 148
round 149
round 150
coin 25 9
coin 22 16
round 151
round 152
round 153
round 154
round 155
coin 31 9
coin 16 16
round 156
round 157
round 158
round 159
round 160
coin 38 6
coin 9 19
round 161
round 162
round 163
round 164
round 165
coin 14 15
coin 35 10
round 166
round 167
round 168
round 169
round 170
coin 15 5
coin 32 20
round 171
round 172
round 173
round 174
round 175
coin 22 21
coin 25 4
round 176
round 177
round 178
round 179
round 180
coin 13 13
coin 35 12
round 181
round 182
round 183
round 184
round 185
coin 37 7
coin 10 18
round 186
round 187
round 188
round 189
round 190
coin 26 21
coin 22 4
round 191
round 192
round 193
round 194
round 195
coin 17 21
coin 30 5
round 196
round 197
round 198
round 199
round 200
coin 24 24
coin 23 1
match_over 0
