match
match_id 1639337862361_af
match_time 1639337862367
num_bots 1
##MatchConfig
mode FRIENDLY
num_rounds 200
random_seed 42
move_time_limit 1000
coin_spawn_period 5
coin_spawn_volume 2
##MapConfig
map_size 53 28
view_radius 5
mining_radius 1
attack_radius 4
block 10 1
block 11 1
block 12 1
block 13 1
block 14 1
block 10 2
block 11 2
block 12 2
block 13 2
block 14 2
block 15 2
block 16 2
block 17 2
block 10 3
block 11 3
block 12 3
block 13 3
block 14 3
block 15 3
block 16 3
block 17 3
block 10 4
block 11 4
block 12 4
block 13 4
block 14 4
block 15 4
block 16 4
block 17 4
block 10 5
block 11 5
block 12 5
block 13 5
block 14 5
block 15 5
block 16 5
block 17 5
block 41 5
block 42 5
block 1 6
block 2 6
block 3 6
block 4 6
block 5 6
block 6 6
block 16 6
block 17 6
block 18 6
block 19 6
block 20 6
block 41 6
block 42 6
block 1 7
block 2 7
block 3 7
block 4 7
block 5 7
block 6 7
block 16 7
block 17 7
block 18 7
block 19 7
block 20 7
block 41 7
block 42 7
block 1 8
block 2 8
block 3 8
block 4 8
block 5 8
block 6 8
block 16 8
block 17 8
block 18 8
block 19 8
block 20 8
block 41 8
block 42 8
block 1 9
block 2 9
block 3 9
block 4 9
block 5 9
block 6 9
block 16 9
block 17 9
block 18 9
block 19 9
block 20 9
block 41 9
block 42 9
block 21 14
block 22 14
block 21 15
block 22 15
block 17 16
block 18 16
block 19 16
block 20 16
block 21 16
block 22 16
block 23 16
block 11 17
block 12 17
block 13 17
block 14 17
block 15 17
block 16 17
block 17 17
block 18 17
block 19 17
block 20 17
block 21 17
block 22 17
block 23 17
block 11 18
block 12 18
block 13 18
block 14 18
block 15 18
block 16 18
block 17 18
block 18 18
block 19 18
block 20 18
block 11 19
block 12 19
block 13 19
block 14 19
block 15 19
block 16 19
block 17 19
block 18 19
block 19 19
block 20 19
block 11 20
block 12 20
block 13 20
block 14 20
block 15 20
block 16 20
block 17 20
block 18 20
block 19 20
block 20 20
block 11 21
block 12 21
block 13 21
block 14 21
block 15 21
block 16 21
block 17 21
block 18 21
block 19 21
block 20 21
block 11 22
block 12 22
block 13 22
block 14 22
block 15 22
block 16 22
block 17 22
block 18 22
block 19 22
block 20 22
block 2 23
block 3 23
block 4 23
block 12 23
block 13 23
block 14 23
block 15 23
block 16 23
block 17 23
block 18 23
block 19 23
block 20 23
block 2 24
block 3 24
block 4 24
block 12 24
block 13 24
block 14 24
block 15 24
block 16 24
block 2 25
block 3 25
block 4 25
block 12 25
block 13 25
block 14 25
block 15 25
block 16 25
##BotsAndCoinsInfo
bot_name 0 starter-bot
bot 0 49 14
bot_coins 0 0
coin 34 19
coin 18 10
round 1
bot 0 49 15
round 2
bot 0 49 16
round 3
bot 0 49 17
round 4
bot 0 49 18
round 5
bot 0 49 19
coin 5 24
coin 47 3
round 6
bot 0 49 20
round 7
bot 0 49 21
round 8
bot 0 49 22
round 9
bot 0 49 23
round 10
bot 0 49 24
coin 19 25
coin 33 2
round 11
bot 0 49 25
round 12
bot 0 49 26
round 13
bot 0 49 27
round 14
bot 0 48 26
round 15
bot 0 48 25
coin 45 10
coin 7 17
round 16
bot 0 48 24
round 17
bot 0 48 23
round 18
bot 0 48 22
round 19
bot 0 48 21
round 20
bot 0 48 20
coin 14 16
coin 38 11
round 21
bot 0 48 19
round 22
bot 0 48 18
round 23
bot 0 48 17
round 24
bot 0 48 16
round 25
bot 0 48 15
coin 3 18
coin 49 9
round 26
bot 0 48 14
round 27
bot 0 48 13
round 28
bot 0 48 12
round 29
bot 0 48 11
round 30
bot 0 48 10
coin 20 0
coin 32 27
round 31
bot 0 48 9
coin_collected 49 9 0
bot_coins 0 1
round 32
bot 0 48 8
round 33
bot 0 48 7
round 34
bot 0 48 6
round 35
bot 0 48 5
coin 34 24
coin 18 3
round 36
bot 0 48 4
round 37
bot 0 48 3
coin_collected 47 3 0
bot_coins 0 2
round 38
bot 0 48 2
round 39
bot 0 48 1
round 40
bot 0 48 0
coin 34 26
coin 18 1
round 41
bot 0 47 1
round 42
bot 0 47 2
round 43
bot 0 47 3
round 44
bot 0 47 4
round 45
bot 0 47 5
coin 40 9
coin 10 18
round 46
bot 0 47 6
round 47
bot 0 47 7
round 48
bot 0 47 8
round 49
bot 0 47 9
round 50
bot 0 47 10
coin 39 15
coin 13 12
round 51
bot 0 47 11
round 52
bot 0 47 12
round 53
bot 0 47 13
round 54
bot 0 47 14
round 55
bot 0 47 15
coin 21 9
coin 31 18
round 56
bot 0 47 16
round 57
bot 0 47 17
round 58
bot 0 47 18
round 59
bot 0 47 19
round 60
bot 0 47 20
coin 43 9
coin 9 18
round 61
bot 0 47 21
round 62
bot 0 47 22
round 63
bot 0 47 23
round 64
bot 0 47 24
round 65
bot 0 47 25
coin 34 10
coin 18 15
round 66
bot 0 47 26
round 67
bot 0 47 27
round 68
bot 0 46 26
round 69
bot 0 46 25
round 70
bot 0 46 24
coin 27 26
coin 25 1
round 71
bot 0 46 23
round 72
bot 0 46 22
round 73
bot 0 46 21
round 74
bot 0 46 20
round 75
bot 0 46 19
coin 24 20
coin 28 7
round 76
bot 0 46 18
round 77
bot 0 46 17
round 78
bot 0 46 16
round 79
bot 0 46 15
round 80
bot 0 46 14
coin 43 17
coin 9 10
round 81
bot 0 46 13
round 82
bot 0 46 12
round 83
bot 0 46 11
round 84
bot 0 46 10
coin_collected 45 10 0
bot_coins 0 3
round 85
bot 0 46 9
coin 26 11
coin 26 16
round 86
bot 0 46 8
round 87
bot 0 46 7
round 88
bot 0 46 6
round 89
bot 0 46 5
round 90
bot 0 46 4
coin 46 5
coin 6 22
round 91
bot 0 46 3
round 92
bot 0 46 2
round 93
bot 0 46 1
round 94
bot 0 46 0
round 95
bot 0 45 1
coin 30 20
coin 22 7
round 96
bot 0 45 2
round 97
bot 0 45 3
round 98
bot 0 45 4
round 99
bot 0 45 5
coin_collected 46 5 0
bot_coins 0 4
round 100
bot 0 45 6
coin 32 5
coin 21 22
round 101
bot 0 45 7
round 102
bot 0 45 8
round 103
bot 0 45 9
round 104
bot 0 45 10
round 105
bot 0 45 11
coin 27 21
coin 25 6
round 106
bot 0 45 12
round 107
bot 0 45 13
round 108
bot 0 45 14
round 109
bot 0 45 15
round 110
bot 0 45 16
coin 6 14
coin 46 13
round 111
bot 0 45 17
round 112
bot 0 45 18
round 113
bot 0 45 19
round 114
bot 0 45 20
round 115
bot 0 45 21
coin 0 23
coin 52 4
round 116
bot 0 45 22
round 117
bot 0 45 23
round 118
bot 0 45 24
round 119
bot 0 45 25
round 120
bot 0 45 26
coin 44 3
coin 8 24
round 121
bot 0 45 27
round 122
bot 0 44 26
round 123
bot 0 44 25
round 124
bot 0 44 24
round 125
bot 0 44 23
coin 46 0
coin 6 27
round 126
bot 0 44 22
round 127
bot 0 44 21
round 128
bot 0 44 20
round 129
bot 0 44 19
round 130
bot 0 44 18
coin 49 8
coin 3 19
round 131
bot 0 44 17
coin_collected 43 17 0
bot_coins 0 5
round 132
bot 0 44 16
round 133
bot 0 44 15
round 134
bot 0 44 14
round 135
bot 0 44 13
coin 19 14
coin 33 13
round 136
bot 0 44 12
round 137
bot 0 44 11
round 138
bot 0 44 10
round 139
bot 0 44 9
coin_collected 43 9 0
bot_coins 0 6
round 140
bot 0 44 8
coin 47 7
coin 5 20
round 141
bot 0 44 7
round 142
bot 0 44 6
round 143
bot 0 44 5
round 144
bot 0 44 4
coin_collected 44 3 0
bot_coins 0 7
round 145
bot 0 44 3
coin 32 3
coin 20 24
round 146
bot 0 44 2
round 147
bot 0 44 1
round 148
bot 0 44 0
round 149
bot 0 43 1
round 150
bot 0 43 2
coin 39 19
coin 13 8
round 151
bot 0 43 3
round 152
bot 0 43 4
round 153
bot 0 43 5
round 154
bot 0 43 6
round 155
bot 0 43 7
coin 52 9
coin 0 18
round 156
bot 0 43 8
round 157
bot 0 43 9
round 158
bot 0 43 10
round 159
bot 0 43 11
round 160
bot 0 43 12
coin 2 2
coin 50 25
round 161
bot 0 43 13
round 162
bot 0 43 14
round 163
bot 0 43 15
round 164
bot 0 43 16
round 165
bot 0 43 17
coin 7 11
coin 45 16
round 166
bot 0 43 18
round 167
bot 0 43 19
round 168
bot 0 43 20
round 169
bot 0 43 21
round 170
bot 0 43 22
coin 15 16
coin 37 11
round 171
bot 0 43 23
round 172
bot 0 43 24
round 173
bot 0 43 25
round 174
bot 0 43 26
round 175
bot 0 43 27
coin 27 1
coin 25 26
round 176
bot 0 42 26
round 177
bot 0 42 25
round 178
bot 0 42 24
round 179
bot 0 42 23
round 180
bot 0 42 22
coin 29 21
coin 23 6
round 181
bot 0 42 21
round 182
bot 0 42 20
round 183
bot 0 42 19
round 184
bot 0 42 18
round 185
bot 0 42 17
coin 0 5
coin 52 22
round 186
bot 0 42 16
round 187
bot 0 42 15
round 188
bot 0 42 14
round 189
bot 0 42 13
round 190
bot 0 42 12
coin 49 0
coin 3 27
round 191
bot 0 42 11
round 192
bot 0 42 10
round 193
bot 0 41 10
round 194
bot 0 40 10
coin_collected 40 9 0
bot_coins 0 8
round 195
bot 0 40 9
coin 17 24
coin 35 3
round 196
bot 0 40 8
round 197
bot 0 40 7
round 198
bot 0 40 6
round 199
bot 0 40 5
round 200
bot 0 40 4
coin 0 22
coin 52 5
match_over 0
