match
match_id 1639175449182_fg
match_time 1639175449188
num_bots 1
##MatchConfig
mode FRIENDLY
num_rounds 200
random_seed 42
move_time_limit 1000
coin_spawn_period 5
coin_spawn_volume 2
##MapConfig
map_size 58 22
view_radius 5
mining_radius 1
attack_radius 3
block 1 0
block 2 0
block 3 0
block 4 0
block 7 0
block 8 0
block 9 0
block 10 0
block 11 0
block 35 0
block 36 0
block 37 0
block 47 0
block 48 0
block 1 1
block 2 1
block 3 1
block 4 1
block 7 1
block 8 1
block 9 1
block 10 1
block 11 1
block 35 1
block 36 1
block 37 1
block 47 1
block 48 1
block 1 2
block 2 2
block 7 2
block 8 2
block 9 2
block 10 2
block 11 2
block 35 2
block 36 2
block 37 2
block 1 3
block 2 3
block 7 3
block 8 3
block 9 3
block 10 3
block 11 3
block 35 3
block 36 3
block 37 3
block 1 4
block 2 4
block 7 4
block 8 4
block 9 4
block 10 4
block 11 4
block 35 4
block 36 4
block 37 4
block 40 4
block 41 4
block 7 5
block 8 5
block 9 5
block 10 5
block 11 5
block 40 5
block 41 5
block 40 6
block 41 6
block 37 7
block 38 7
block 39 7
block 40 7
block 41 7
block 42 7
block 43 7
block 44 7
block 45 7
block 46 7
block 47 7
block 37 8
block 38 8
block 39 8
block 40 8
block 41 8
block 42 8
block 43 8
block 44 8
block 45 8
block 46 8
block 47 8
block 37 9
block 38 9
block 39 9
block 40 9
block 41 9
block 42 9
block 43 9
block 44 9
block 45 9
block 46 9
block 47 9
block 37 10
block 38 10
block 39 10
block 40 10
block 41 10
block 42 10
block 43 10
block 37 11
block 38 11
block 39 11
block 40 11
block 41 11
block 42 11
block 43 11
block 37 12
block 38 12
block 39 12
block 40 12
block 41 12
block 42 12
block 43 12
block 37 13
block 38 13
block 39 13
block 40 13
block 41 13
block 42 13
block 43 13
block 1 14
block 2 14
block 3 14
block 1 15
block 2 15
block 3 15
block 7 15
block 8 15
block 9 15
block 10 15
block 1 16
block 2 16
block 3 16
block 4 16
block 5 16
block 7 16
block 8 16
block 9 16
block 10 16
block 16 16
block 17 16
block 18 16
block 19 16
block 20 16
block 21 16
block 22 16
block 1 17
block 2 17
block 3 17
block 4 17
block 5 17
block 7 17
block 8 17
block 9 17
block 10 17
block 11 17
block 12 17
block 13 17
block 14 17
block 15 17
block 16 17
block 17 17
block 18 17
block 19 17
block 20 17
block 21 17
block 22 17
block 47 17
block 48 17
block 2 18
block 3 18
block 4 18
block 5 18
block 7 18
block 8 18
block 9 18
block 10 18
block 11 18
block 12 18
block 13 18
block 14 18
block 15 18
block 16 18
block 17 18
block 18 18
block 19 18
block 20 18
block 21 18
block 22 18
block 42 18
block 43 18
block 44 18
block 45 18
block 46 18
block 47 18
block 48 18
block 2 19
block 3 19
block 4 19
block 5 19
block 10 19
block 11 19
block 12 19
block 13 19
block 14 19
block 15 19
block 16 19
block 17 19
block 18 19
block 19 19
block 20 19
block 21 19
block 22 19
block 42 19
block 43 19
block 44 19
block 45 19
block 46 19
block 47 19
block 48 19
block 2 20
block 3 20
block 4 20
block 10 20
block 11 20
block 12 20
block 13 20
block 14 20
block 15 20
block 16 20
block 42 20
block 43 20
block 44 20
block 45 20
block 46 20
block 47 20
block 48 20
block 1 21
block 2 21
block 3 21
block 4 21
block 7 21
block 8 21
block 9 21
block 10 21
block 11 21
block 12 21
block 13 21
block 14 21
block 15 21
block 16 21
block 47 21
block 48 21
##BotsAndCoinsInfo
bot_name 0 starter-bot
bot 0 22 7
bot_coins 0 0
coin 44 15
coin 13 6
round 1
bot 0 22 8
round 2
bot 0 22 9
round 3
bot 0 22 10
round 4
bot 0 22 11
round 5
bot 0 22 12
coin 38 16
coin 19 5
round 6
bot 0 22 13
round 7
bot 0 22 14
round 8
bot 0 22 15
round 9
round 10
coin 41 19
coin 16 2
round 11
round 12
round 13
round 14
round 15
coin 27 2
coin 30 19
round 16
round 17
round 18
round 19
round 20
coin 31 17
coin 26 4
round 21
round 22
round 23
round 24
round 25
coin 26 18
coin 31 3
round 26
round 27
round 28
round 29
round 30
coin 18 0
coin 39 21
round 31
round 32
round 33
round 34
round 35
coin 20 0
coin 37 21
round 36
round 37
round 38
round 39
round 40
coin 20 20
coin 38 1
round 41
round 42
round 43
round 44
round 45
coin 7 9
coin 50 12
round 46
round 47
round 48
round 49
round 50
coin 48 15
coin 9 6
round 51
round 52
round 53
round 54
round 55
coin 28 9
coin 29 12
round 56
round 57
round 58
round 59
round 60
coin 6 19
coin 51 2
round 61
round 62
round 63
round 64
round 65
coin 34 6
coin 23 15
round 66
coin_collected 23 15 0
bot_coins 0 1
round 67
round 68
round 69
round 70
coin 9 19
coin 48 2
round 71
round 72
round 73
round 74
round 75
coin 30 4
coin 27 17
round 76
round 77
round 78
round 79
round 80
coin 2 13
coin 55 8
round 81
round 82
round 83
round 84
round 85
coin 47 3
coin 11 16
round 86
round 87
round 88
round 89
round 90
coin 10 11
coin 47 10
round 91
round 92
round 93
round 94
round 95
coin 51 4
coin 6 17
round 96
round 97
round 98
round 99
round 100
coin 43 3
coin 14 16
round 101
round 102
round 103
round 104
round 105
coin 23 13
coin 34 8
round 106
round 107
round 108
round 109
round 110
coin 11 6
coin 46 15
round 111
round 112
round 113
round 114
round 115
coin 21 5
coin 36 16
round 116
round 117
round 118
round 119
round 120
coin 33 11
coin 24 10
round 121
round 122
round 123
round 124
round 125
coin 57 2
coin 0 19
round 126
round 127
round 128
round 129
round 130
coin 10 6
coin 47 15
round 131
round 132
round 133
round 134
round 135
coin 26 2
coin 31 19
round 136
round 137
round 138
round 139
round 140
coin 25 17
coin 32 4
round 141
round 142
round 143
round 144
round 145
coin 21 15
coin 36 6
round 146
coin_collected 21 15 0
bot_coins 0 2
round 147
round 148
round 149
round 150
coin 55 3
coin 1 18
round 151
round 152
round 153
round 154
round 155
coin 52 19
coin 5 2
round 156
round 157
round 158
round 159
round 160
coin 18 4
coin 39 17
round 161
round 162
round 163
round 164
round 165
coin 12 3
coin 45 17
round 166
round 167
round 168
round 169
round 170
coin 4 15
coin 53 6
round 171
round 172
round 173
round 174
round 175
coin 44 13
coin 13 8
round 176
round 177
round 178
round 179
round 180
coin 43 15
coin 14 6
round 181
round 182
round 183
round 184
round 185
coin 49 5
coin 8 14
round 186
round 187
round 188
round 189
round 190
coin 46 10
coin 11 11
round 191
round 192
round 193
round 194
round 195
coin 29 21
coin 28 0
round 196
round 197
round 198
round 199
round 200
coin 1 13
coin 56 8
match_over 0
