match
match_id 1639402341568_bd
match_time 1639402341572
num_bots 1
##MatchConfig
mode FRIENDLY
num_rounds 200
random_seed 42
move_time_limit 1000
coin_spawn_period 5
coin_spawn_volume 2
##MapConfig
map_size 76 36
view_radius 5
mining_radius 2
attack_radius 3
block 62 0
block 63 0
block 64 0
block 65 0
block 66 0
block 67 0
block 68 0
block 62 1
block 63 1
block 64 1
block 65 1
block 66 1
block 67 1
block 68 1
block 73 2
block 74 2
block 30 3
block 31 3
block 32 3
block 33 3
block 34 3
block 35 3
block 73 3
block 74 3
block 30 4
block 31 4
block 32 4
block 33 4
block 34 4
block 35 4
block 67 4
block 68 4
block 73 4
block 74 4
block 30 5
block 31 5
block 32 5
block 33 5
block 34 5
block 35 5
block 67 5
block 68 5
block 73 5
block 74 5
block 1 6
block 2 6
block 3 6
block 4 6
block 5 6
block 19 6
block 20 6
block 21 6
block 30 6
block 31 6
block 32 6
block 33 6
block 34 6
block 35 6
block 71 6
block 72 6
block 73 6
block 74 6
block 1 7
block 2 7
block 3 7
block 4 7
block 5 7
block 19 7
block 20 7
block 21 7
block 23 7
block 24 7
block 25 7
block 26 7
block 30 7
block 31 7
block 32 7
block 33 7
block 34 7
block 35 7
block 71 7
block 72 7
block 73 7
block 74 7
block 19 8
block 20 8
block 21 8
block 23 8
block 24 8
block 25 8
block 26 8
block 30 8
block 31 8
block 32 8
block 33 8
block 34 8
block 35 8
block 71 8
block 72 8
block 73 8
block 23 9
block 24 9
block 25 9
block 26 9
block 30 9
block 31 9
block 32 9
block 33 9
block 34 9
block 35 9
block 71 9
block 72 9
block 73 9
block 23 10
block 24 10
block 25 10
block 26 10
block 72 10
block 73 10
block 23 11
block 24 11
block 25 11
block 26 11
block 50 11
block 51 11
block 52 11
block 23 12
block 24 12
block 25 12
block 26 12
block 50 12
block 51 12
block 52 12
block 23 13
block 24 13
block 25 13
block 26 13
block 35 17
block 36 17
block 37 17
block 38 17
block 72 17
block 73 17
block 74 17
block 33 18
block 34 18
block 35 18
block 36 18
block 37 18
block 38 18
block 72 18
block 73 18
block 74 18
block 33 19
block 34 19
block 35 19
block 36 19
block 37 19
block 38 19
block 49 19
block 50 19
block 51 19
block 52 19
block 53 19
block 54 19
block 55 19
block 72 19
block 73 19
block 74 19
block 33 20
block 34 20
block 35 20
block 36 20
block 37 20
block 38 20
block 49 20
block 50 20
block 51 20
block 52 20
block 53 20
block 54 20
block 55 20
block 72 20
block 73 20
block 74 20
block 35 21
block 36 21
block 37 21
block 38 21
block 49 21
block 50 21
block 51 21
block 52 21
block 53 21
block 54 21
block 55 21
block 72 21
block 73 21
block 74 21
block 35 22
block 36 22
block 37 22
block 38 22
block 49 22
block 50 22
block 51 22
block 52 22
block 53 22
block 54 22
block 55 22
block 72 22
block 73 22
block 74 22
block 35 23
block 36 23
block 37 23
block 38 23
block 72 23
block 73 23
block 74 23
block 59 24
block 60 24
block 61 24
block 62 24
block 63 24
block 38 25
block 39 25
block 59 25
block 60 25
block 61 25
block 62 25
block 63 25
block 38 26
block 39 26
block 44 26
block 45 26
block 46 26
block 47 26
block 23 27
block 24 27
block 25 27
block 38 27
block 39 27
block 44 27
block 45 27
block 46 27
block 47 27
block 64 27
block 65 27
block 66 27
block 67 27
block 68 27
block 69 27
block 23 28
block 24 28
block 25 28
block 38 28
block 39 28
block 44 28
block 45 28
block 46 28
block 47 28
block 55 28
block 56 28
block 57 28
block 58 28
block 59 28
block 64 28
block 65 28
block 66 28
block 67 28
block 68 28
block 69 28
block 38 29
block 39 29
block 44 29
block 45 29
block 46 29
block 47 29
block 55 29
block 56 29
block 57 29
block 58 29
block 59 29
block 64 29
block 65 29
block 66 29
block 67 29
block 68 29
block 69 29
block 71 29
block 72 29
block 73 29
block 74 29
block 38 30
block 39 30
block 44 30
block 45 30
block 46 30
block 47 30
block 55 30
block 56 30
block 57 30
block 58 30
block 59 30
block 71 30
block 72 30
block 73 30
block 74 30
block 44 31
block 45 31
block 46 31
block 47 31
block 55 31
block 56 31
block 57 31
block 58 31
block 59 31
block 71 31
block 72 31
block 73 31
block 74 31
block 55 32
block 56 32
block 57 32
block 58 32
block 59 32
block 34 33
block 35 33
block 55 33
block 56 33
block 57 33
block 58 33
block 59 33
block 34 34
block 35 34
block 55 34
block 56 34
block 57 34
block 58 34
block 59 34
block 34 35
block 35 35
##BotsAndCoinsInfo
bot_name 0 starter-bot
bot 0 65 7
bot_coins 0 0
coin 26 3
coin 49 32
round 1
bot 0 65 8
round 2
bot 0 65 9
round 3
bot 0 65 10
round 4
bot 0 65 11
round 5
bot 0 65 12
coin 12 8
coin 63 27
round 6
bot 0 65 13
round 7
bot 0 65 14
round 8
bot 0 65 15
round 9
bot 0 65 16
round 10
bot 0 65 17
coin 6 25
coin 69 10
round 11
bot 0 65 18
round 12
bot 0 65 19
round 13
bot 0 65 20
round 14
bot 0 65 21
round 15
bot 0 65 22
coin 25 2
coin 50 33
round 16
bot 0 65 23
round 17
round 18
round 19
round 20
coin 51 29
coin 24 6
round 21
round 22
round 23
round 24
round 25
coin 42 26
coin 33 10
round 26
round 27
round 28
round 29
round 30
coin 12 0
coin 63 35
round 31
round 32
round 33
round 34
round 35
coin 64 32
coin 11 3
round 36
round 37
round 38
round 39
round 40
coin 68 6
coin 7 29
round 41
round 42
round 43
round 44
round 45
coin 11 17
coin 64 18
round 46
round 47
round 48
round 49
round 50
coin 40 31
coin 36 4
round 51
round 52
round 53
round 54
round 55
coin 54 33
coin 21 2
round 56
round 57
round 58
round 59
round 60
coin 47 9
coin 28 26
round 61
round 62
round 63
round 64
round 65
coin 6 22
coin 69 13
round 66
round 67
round 68
round 69
round 70
coin 67 30
coin 8 5
round 71
round 72
round 73
round 74
round 75
coin 38 12
coin 37 24
round 76
round 77
round 78
round 79
round 80
coin 62 5
coin 13 30
round 81
round 82
round 83
round 84
round 85
coin 25 23
coin 49 12
round 86
round 87
round 88
round 89
round 90
coin 60 26
coin 15 9
round 91
round 92
round 93
round 94
round 95
coin 1 12
coin 74 24
round 96
round 97
round 98
round 99
round 100
coin 27 13
coin 48 22
round 101
round 102
round 103
round 104
bot 0 64 24
round 105
coin 75 25
coin 0 10
round 106
match_over 0
round 107
