match
match_id 1639335748754_ah
match_time 1639335748758
num_bots 1
##MatchConfig
mode FRIENDLY
num_rounds 200
random_seed 42
move_time_limit 1000
coin_spawn_period 5
coin_spawn_volume 2
##MapConfig
map_size 64 33
view_radius 5
mining_radius 1
attack_radius 4
block 0 0
block 1 0
block 2 0
block 9 0
block 10 0
block 11 0
block 12 0
block 13 0
block 16 0
block 17 0
block 18 0
block 19 0
block 20 0
block 38 0
block 39 0
block 40 0
block 41 0
block 42 0
block 43 0
block 49 0
block 50 0
block 51 0
block 52 0
block 53 0
block 55 0
block 56 0
block 57 0
block 0 1
block 1 1
block 2 1
block 16 1
block 17 1
block 18 1
block 19 1
block 20 1
block 29 1
block 30 1
block 31 1
block 32 1
block 33 1
block 34 1
block 38 1
block 39 1
block 40 1
block 41 1
block 42 1
block 43 1
block 55 1
block 56 1
block 57 1
block 29 2
block 30 2
block 31 2
block 32 2
block 33 2
block 34 2
block 38 2
block 39 2
block 40 2
block 41 2
block 42 2
block 43 2
block 55 2
block 56 2
block 57 2
block 29 3
block 30 3
block 31 3
block 32 3
block 33 3
block 34 3
block 38 3
block 39 3
block 40 3
block 41 3
block 42 3
block 43 3
block 53 3
block 54 3
block 55 3
block 56 3
block 57 3
block 29 4
block 30 4
block 31 4
block 32 4
block 33 4
block 34 4
block 53 4
block 54 4
block 55 4
block 56 4
block 57 4
block 29 5
block 30 5
block 31 5
block 32 5
block 33 5
block 34 5
block 53 5
block 54 5
block 55 5
block 56 5
block 57 5
block 23 6
block 24 6
block 25 6
block 26 6
block 27 6
block 28 6
block 29 6
block 53 6
block 54 6
block 55 6
block 56 6
block 57 6
block 7 7
block 8 7
block 9 7
block 10 7
block 11 7
block 23 7
block 24 7
block 25 7
block 26 7
block 27 7
block 28 7
block 29 7
block 7 8
block 8 8
block 9 8
block 10 8
block 11 8
block 23 8
block 24 8
block 25 8
block 26 8
block 27 8
block 28 8
block 29 8
block 23 9
block 24 9
block 25 9
block 26 9
block 27 9
block 28 9
block 29 9
block 23 10
block 24 10
block 25 10
block 26 10
block 27 10
block 28 10
block 29 10
block 39 10
block 40 10
block 41 10
block 42 10
block 24 11
block 25 11
block 26 11
block 27 11
block 28 11
block 39 11
block 40 11
block 41 11
block 42 11
block 56 14
block 57 14
block 58 14
block 59 14
block 60 14
block 61 14
block 6 15
block 7 15
block 8 15
block 9 15
block 10 15
block 56 15
block 57 15
block 58 15
block 59 15
block 60 15
block 61 15
block 2 16
block 3 16
block 6 16
block 7 16
block 8 16
block 9 16
block 10 16
block 22 16
block 23 16
block 24 16
block 25 16
block 26 16
block 56 16
block 57 16
block 58 16
block 59 16
block 60 16
block 61 16
block 2 17
block 3 17
block 6 17
block 7 17
block 8 17
block 9 17
block 10 17
block 22 17
block 23 17
block 24 17
block 25 17
block 26 17
block 56 17
block 57 17
block 58 17
block 59 17
block 60 17
block 61 17
block 2 18
block 3 18
block 6 18
block 7 18
block 8 18
block 9 18
block 10 18
block 22 18
block 23 18
block 24 18
block 25 18
block 26 18
block 27 18
block 28 18
block 29 18
block 56 18
block 57 18
block 58 18
block 59 18
block 60 18
block 61 18
block 2 19
block 3 19
block 6 19
block 7 19
block 8 19
block 9 19
block 10 19
block 22 19
block 23 19
block 24 19
block 25 19
block 26 19
block 27 19
block 28 19
block 29 19
block 56 19
block 57 19
block 58 19
block 59 19
block 60 19
block 61 19
block 2 20
block 3 20
block 22 20
block 23 20
block 24 20
block 25 20
block 26 20
block 27 20
block 28 20
block 29 20
block 34 20
block 35 20
block 18 21
block 19 21
block 20 21
block 22 21
block 23 21
block 24 21
block 25 21
block 26 21
block 27 21
block 28 21
block 29 21
block 34 21
block 35 21
block 0 22
block 1 22
block 2 22
block 3 22
block 18 22
block 19 22
block 20 22
block 27 22
block 28 22
block 29 22
block 34 22
block 35 22
block 42 22
block 43 22
block 44 22
block 45 22
block 46 22
block 59 22
block 60 22
block 61 22
block 62 22
block 63 22
block 0 23
block 1 23
block 2 23
block 3 23
block 18 23
block 19 23
block 20 23
block 27 23
block 28 23
block 29 23
block 34 23
block 35 23
block 42 23
block 43 23
block 44 23
block 45 23
block 46 23
block 59 23
block 60 23
block 61 23
block 62 23
block 63 23
block 0 24
block 1 24
block 2 24
block 3 24
block 9 24
block 10 24
block 11 24
block 12 24
block 13 24
block 14 24
block 16 24
block 17 24
block 18 24
block 19 24
block 20 24
block 27 24
block 28 24
block 29 24
block 34 24
block 35 24
block 0 25
block 1 25
block 2 25
block 3 25
block 9 25
block 10 25
block 11 25
block 12 25
block 13 25
block 14 25
block 16 25
block 17 25
block 18 25
block 19 25
block 20 25
block 0 26
block 1 26
block 2 26
block 3 26
block 9 26
block 10 26
block 11 26
block 12 26
block 13 26
block 14 26
block 16 26
block 17 26
block 18 26
block 19 26
block 20 26
block 0 27
block 1 27
block 2 27
block 3 27
block 9 27
block 10 27
block 11 27
block 12 27
block 13 27
block 14 27
block 16 27
block 17 27
block 18 27
block 19 27
block 20 27
block 0 28
block 1 28
block 2 28
block 3 28
block 9 28
block 10 28
block 11 28
block 12 28
block 13 28
block 14 28
block 16 28
block 17 28
block 18 28
block 19 28
block 20 28
block 33 28
block 34 28
block 9 29
block 10 29
block 11 29
block 12 29
block 13 29
block 14 29
block 16 29
block 17 29
block 18 29
block 19 29
block 20 29
block 33 29
block 34 29
block 16 30
block 17 30
block 18 30
block 19 30
block 20 30
block 33 30
block 34 30
block 38 30
block 39 30
block 40 30
block 41 30
block 42 30
block 43 30
block 55 30
block 56 30
block 57 30
block 9 31
block 10 31
block 11 31
block 12 31
block 13 31
block 16 31
block 17 31
block 18 31
block 19 31
block 20 31
block 33 31
block 34 31
block 38 31
block 39 31
block 40 31
block 41 31
block 42 31
block 43 31
block 49 31
block 50 31
block 51 31
block 52 31
block 53 31
block 55 31
block 56 31
block 57 31
block 0 32
block 1 32
block 2 32
block 9 32
block 10 32
block 11 32
block 12 32
block 13 32
block 16 32
block 17 32
block 18 32
block 19 32
block 20 32
block 38 32
block 39 32
block 40 32
block 41 32
block 42 32
block 43 32
block 49 32
block 50 32
block 51 32
block 52 32
block 53 32
block 55 32
block 56 32
block 57 32
##BotsAndCoinsInfo
bot_name 0 starter-bot
bot 0 59 11
bot_coins 0 0
coin 46 15
coin 17 17
round 1
bot 0 59 12
round 2
bot 0 59 13
round 3
round 4
round 5
coin 43 5
coin 21 27
round 6
round 7
round 8
round 9
round 10
coin 19 19
coin 44 13
round 11
round 12
round 13
round 14
round 15
coin 17 2
coin 46 30
round 16
round 17
round 18
round 19
round 20
coin 42 17
coin 21 15
round 21
round 22
round 23
round 24
round 25
coin 57 29
coin 6 3
round 26
round 27
round 28
round 29
round 30
coin 23 0
coin 37 32
round 31
round 32
round 33
round 34
round 35
coin 17 11
coin 46 21
round 36
round 37
round 38
round 39
round 40
coin 30 9
coin 33 23
round 41
round 42
round 43
round 44
round 45
coin 50 20
coin 13 12
round 46
round 47
round 48
round 49
round 50
coin 58 4
coin 5 28
round 51
round 52
round 53
round 54
round 55
coin 29 11
coin 33 21
round 56
round 57
round 58
round 59
round 60
coin 47 30
coin 16 2
round 61
round 62
round 63
round 64
round 65
coin 24 28
coin 39 4
round 66
round 67
round 68
round 69
round 70
coin 11 18
coin 52 14
round 71
round 72
round 73
round 74
round 75
coin 38 15
coin 27 17
round 76
round 77
round 78
round 79
round 80
coin 13 2
coin 50 30
round 81
round 82
round 83
round 84
round 85
coin 53 14
coin 11 19
round 86
round 87
round 88
round 89
round 90
coin 11 22
coin 52 10
round 91
round 92
round 93
round 94
round 95
coin 37 15
coin 27 16
round 96
round 97
round 98
round 99
round 100
coin 48 25
coin 15 7
round 101
round 102
round 103
round 104
round 105
coin 36 13
coin 28 17
round 106
round 107
round 108
round 109
round 110
coin 37 6
coin 26 26
round 111
round 112
round 113
round 114
round 115
coin 48 5
coin 15 27
round 116
round 117
round 118
round 119
round 120
coin 2 21
coin 61 11
round 121
round 122
round 123
round 124
round 125
coin 22 2
coin 41 29
round 126
round 127
round 128
round 129
round 130
coin 52 4
coin 11 30
round 131
round 132
round 133
round 134
round 135
coin 26 13
coin 37 19
round 136
round 137
round 138
round 139
round 140
coin 62 28
coin 1 4
round 141
round 142
round 143
round 144
round 145
coin 45 15
coin 18 17
round 146
round 147
round 148
round 149
round 150
coin 30 14
coin 33 18
round 151
round 152
round 153
round 154
round 155
coin 18 19
coin 45 13
round 156
round 157
round 158
round 159
round 160
coin 60 26
coin 3 6
round 161
round 162
round 163
round 164
round 165
coin 52 25
coin 11 6
round 166
round 167
round 168
round 169
round 170
coin 40 15
coin 21 17
round 171
round 172
round 173
round 174
round 175
coin 23 2
coin 40 29
round 176
round 177
round 178
round 179
round 180
coin 23 4
coin 40 28
round 181
round 182
round 183
round 184
round 185
coin 27 5
coin 36 27
round 186
round 187
round 188
round 189
round 190
coin 30 19
coin 33 13
round 191
round 192
round 193
round 194
round 195
coin 30 21
coin 33 11
round 196
round 197
round 198
round 199
round 200
coin 30 25
coin 33 7
match_over 0
