match
match_id 1639430687507_ac
match_time 1639430687512
num_bots 1
##MatchConfig
mode FRIENDLY
num_rounds 200
random_seed 42
move_time_limit 1000
coin_spawn_period 5
coin_spawn_volume 2
##MapConfig
map_size 78 32
view_radius 6
mining_radius 1
attack_radius 4
block 0 0
block 1 0
block 2 0
block 3 0
block 4 0
block 26 0
block 27 0
block 28 0
block 40 0
block 41 0
block 42 0
block 43 0
block 44 0
block 62 0
block 63 0
block 64 0
block 65 0
block 66 0
block 0 1
block 1 1
block 2 1
block 3 1
block 4 1
block 26 1
block 27 1
block 28 1
block 40 1
block 41 1
block 42 1
block 43 1
block 44 1
block 57 1
block 58 1
block 59 1
block 60 1
block 61 1
block 62 1
block 63 1
block 64 1
block 65 1
block 66 1
block 0 2
block 1 2
block 2 2
block 3 2
block 4 2
block 17 2
block 18 2
block 26 2
block 27 2
block 28 2
block 40 2
block 41 2
block 42 2
block 43 2
block 44 2
block 57 2
block 58 2
block 59 2
block 60 2
block 61 2
block 62 2
block 0 3
block 1 3
block 2 3
block 3 3
block 4 3
block 17 3
block 18 3
block 40 3
block 41 3
block 42 3
block 43 3
block 44 3
block 49 3
block 50 3
block 51 3
block 52 3
block 57 3
block 58 3
block 59 3
block 60 3
block 61 3
block 62 3
block 17 4
block 18 4
block 49 4
block 50 4
block 51 4
block 52 4
block 53 4
block 57 4
block 58 4
block 59 4
block 60 4
block 61 4
block 62 4
block 49 5
block 50 5
block 51 5
block 52 5
block 53 5
block 57 5
block 58 5
block 59 5
block 60 5
block 61 5
block 62 5
block 49 6
block 50 6
block 51 6
block 52 6
block 53 6
block 57 6
block 58 6
block 59 6
block 60 6
block 61 6
block 62 6
block 20 7
block 21 7
block 22 7
block 23 7
block 24 7
block 49 7
block 50 7
block 51 7
block 52 7
block 53 7
block 20 8
block 21 8
block 22 8
block 23 8
block 24 8
block 25 8
block 26 8
block 49 8
block 50 8
block 51 8
block 52 8
block 53 8
block 20 9
block 21 9
block 22 9
block 23 9
block 24 9
block 25 9
block 26 9
block 20 10
block 21 10
block 22 10
block 23 10
block 24 10
block 25 10
block 26 10
block 20 11
block 21 11
block 22 11
block 23 11
block 24 11
block 25 11
block 26 11
block 20 12
block 21 12
block 22 12
block 23 12
block 24 12
block 25 12
block 26 12
block 25 13
block 26 13
block 59 13
block 60 13
block 61 13
block 62 13
block 63 13
block 25 14
block 26 14
block 59 14
block 60 14
block 61 14
block 62 14
block 63 14
block 51 15
block 52 15
block 53 15
block 54 15
block 55 15
block 56 15
block 57 15
block 58 15
block 59 15
block 60 15
block 61 15
block 62 15
block 63 15
block 72 15
block 73 15
block 75 15
block 76 15
block 77 15
block 5 16
block 6 16
block 7 16
block 51 16
block 52 16
block 53 16
block 54 16
block 55 16
block 56 16
block 57 16
block 58 16
block 59 16
block 72 16
block 73 16
block 75 16
block 76 16
block 77 16
block 5 17
block 6 17
block 7 17
block 51 17
block 52 17
block 53 17
block 54 17
block 55 17
block 56 17
block 57 17
block 58 17
block 59 17
block 72 17
block 73 17
block 5 18
block 6 18
block 7 18
block 36 18
block 37 18
block 51 18
block 52 18
block 53 18
block 54 18
block 55 18
block 56 18
block 57 18
block 58 18
block 65 18
block 66 18
block 67 18
block 68 18
block 69 18
block 72 18
block 73 18
block 36 19
block 37 19
block 51 19
block 52 19
block 53 19
block 54 19
block 55 19
block 56 19
block 57 19
block 58 19
block 65 19
block 66 19
block 67 19
block 68 19
block 69 19
block 72 19
block 73 19
block 0 20
block 1 20
block 2 20
block 3 20
block 53 20
block 54 20
block 55 20
block 56 20
block 57 20
block 58 20
block 65 20
block 66 20
block 67 20
block 68 20
block 69 20
block 72 20
block 73 20
block 77 20
block 0 21
block 1 21
block 2 21
block 3 21
block 53 21
block 54 21
block 55 21
block 56 21
block 57 21
block 58 21
block 65 21
block 66 21
block 67 21
block 68 21
block 69 21
block 77 21
block 0 22
block 1 22
block 2 22
block 3 22
block 53 22
block 54 22
block 55 22
block 56 22
block 57 22
block 58 22
block 59 22
block 60 22
block 61 22
block 77 22
block 59 23
block 60 23
block 61 23
block 26 24
block 27 24
block 28 24
block 29 24
block 30 24
block 31 24
block 32 24
block 59 24
block 60 24
block 61 24
block 26 25
block 27 25
block 28 25
block 29 25
block 30 25
block 31 25
block 32 25
block 59 25
block 60 25
block 61 25
block 59 26
block 60 26
block 61 26
block 70 26
block 71 26
block 72 26
block 73 26
block 74 26
block 75 26
block 59 27
block 60 27
block 61 27
block 70 27
block 71 27
block 72 27
block 73 27
block 74 27
block 75 27
block 25 28
block 26 28
block 27 28
block 28 28
block 63 28
block 64 28
block 65 28
block 66 28
block 70 28
block 71 28
block 72 28
block 73 28
block 74 28
block 75 28
block 0 29
block 1 29
block 2 29
block 3 29
block 4 29
block 25 29
block 26 29
block 27 29
block 28 29
block 62 29
block 63 29
block 64 29
block 65 29
block 66 29
block 70 29
block 71 29
block 72 29
block 73 29
block 74 29
block 75 29
block 0 30
block 1 30
block 2 30
block 3 30
block 4 30
block 62 30
block 63 30
block 64 30
block 65 30
block 66 30
block 70 30
block 71 30
block 72 30
block 73 30
block 74 30
block 75 30
block 0 31
block 1 31
block 2 31
block 3 31
block 4 31
block 40 31
block 41 31
block 42 31
block 43 31
block 44 31
block 62 31
block 63 31
block 64 31
block 65 31
block 66 31
##BotsAndCoinsInfo
bot_name 0 starter-bot
bot 0 31 3
bot_coins 0 0
coin 25 1
coin 52 30
round 1
bot 0 31 4
round 2
bot 0 31 5
round 3
bot 0 31 6
round 4
bot 0 31 7
round 5
bot 0 31 8
coin 48 1
coin 29 30
round 6
bot 0 31 9
round 7
bot 0 31 10
round 8
bot 0 31 11
round 9
bot 0 31 12
round 10
bot 0 31 13
coin 77 30
coin 77 1
round 11
bot 0 31 14
round 12
bot 0 31 15
round 13
bot 0 31 16
round 14
bot 0 31 17
round 15
bot 0 31 18
coin 65 22
coin 12 9
round 16
bot 0 31 19
round 17
bot 0 31 20
round 18
bot 0 31 21
round 19
bot 0 31 22
round 20
bot 0 31 23
coin 55 2
coin 22 29
round 21
bot 0 30 23
round 22
bot 0 29 23
round 23
bot 0 28 23
round 24
bot 0 27 23
round 25
bot 0 26 23
coin 26 15
coin 50 16
round 26
bot 0 25 23
round 27
bot 0 25 24
round 28
bot 0 24 25
round 29
bot 0 23 26
round 30
bot 0 22 27
coin 60 12
coin 17 19
round 31
bot 0 21 28
round 32
bot 0 22 29
coin_collected 22 29 0
bot_coins 0 1
round 33
bot 0 23 28
round 34
bot 0 24 27
round 35
bot 0 23 26
coin 20 22
coin 57 9
round 36
bot 0 22 25
round 37
bot 0 21 24
round 38
bot 0 20 23
coin_collected 20 22 0
bot_coins 0 2
round 39
bot 0 19 22
round 40
bot 0 18 21
coin 48 24
coin 29 7
round 41
bot 0 17 20
coin_collected 17 19 0
bot_coins 0 3
round 42
bot 0 17 21
round 43
bot 0 17 22
round 44
bot 0 17 23
round 45
bot 0 17 24
coin 37 31
coin 39 0
round 46
bot 0 17 25
round 47
bot 0 17 26
round 48
bot 0 17 27
round 49
bot 0 17 28
round 50
bot 0 17 29
coin 14 4
coin 63 27
round 51
bot 0 17 30
round 52
bot 0 17 31
round 53
bot 0 16 30
round 54
bot 0 15 29
round 55
bot 0 15 28
coin 27 14
coin 50 17
round 56
bot 0 15 27
round 57
bot 0 15 26
round 58
bot 0 15 25
round 59
bot 0 15 24
round 60
bot 0 15 23
coin 77 29
coin 77 2
round 61
bot 0 15 22
round 62
bot 0 15 21
round 63
bot 0 15 20
round 64
bot 0 15 19
round 65
bot 0 15 18
coin 64 25
coin 13 6
round 66
bot 0 15 17
round 67
bot 0 15 16
round 68
bot 0 15 15
round 69
bot 0 15 14
round 70
bot 0 14 13
coin 19 4
coin 58 27
round 71
bot 0 13 12
round 72
bot 0 12 11
round 73
bot 0 11 10
round 74
bot 0 12 9
coin_collected 12 9 0
bot_coins 0 4
round 75
bot 0 13 8
coin 64 10
coin 13 21
round 76
bot 0 12 7
round 77
bot 0 13 6
coin_collected 13 6 0
bot_coins 0 5
round 78
bot 0 14 5
coin_collected 14 4 0
bot_coins 0 6
round 79
bot 0 15 4
round 80
bot 0 16 3
coin 44 8
coin 33 23
round 81
bot 0 15 2
round 82
bot 0 16 3
round 83
bot 0 15 2
round 84
bot 0 16 3
round 85
coin 59 11
coin 18 20
round 86
bot 0 15 3
round 87
bot 0 16 4
round 88
bot 0 15 5
round 89
bot 0 16 4
round 90
bot 0 16 3
coin 6 5
coin 71 25
round 91
round 92
bot 0 16 4
round 93
bot 0 16 5
round 94
bot 0 16 4
round 95
coin 67 8
coin 10 23
round 96
bot 0 16 5
round 97
bot 0 15 6
round 98
bot 0 16 5
round 99
round 100
bot 0 17 5
coin 5 20
coin 72 11
round 101
bot 0 16 5
round 102
bot 0 15 4
round 103
bot 0 16 3
round 104
bot 0 16 2
round 105
bot 0 17 1
coin 47 2
coin 30 29
round 106
bot 0 17 0
round 107
bot 0 18 1
round 108
bot 0 19 2
round 109
round 110
coin 41 4
coin 36 27
round 111
round 112
round 113
round 114
round 115
coin 55 25
coin 22 6
round 116
bot 0 20 2
round 117
bot 0 21 1
round 118
bot 0 22 0
round 119
bot 0 23 1
round 120
bot 0 24 0
coin 1 10
coin 76 21
round 121
bot 0 25 1
coin_collected 25 1 0
bot_coins 0 7
round 122
round 123
round 124
round 125
bot 0 24 0
coin 61 7
coin 16 24
round 126
bot 0 25 1
round 127
round 128
round 129
round 130
bot 0 25 0
coin 68 0
coin 9 31
round 131
round 132
round 133
round 134
bot 0 24 31
round 135
bot 0 25 30
coin 14 24
coin 63 7
round 136
round 137
round 138
round 139
bot 0 24 30
round 140
coin 25 2
coin 52 29
round 141
round 142
round 143
round 144
round 145
coin 75 17
coin 2 14
round 146
round 147
bot 0 25 30
round 148
bot 0 24 29
round 149
round 150
coin 19 27
coin 56 4
round 151
round 152
round 153
round 154
round 155
coin 32 7
coin 45 24
round 156
bot 0 23 30
round 157
bot 0 24 29
round 158
round 159
round 160
coin 50 19
coin 27 12
round 161
round 162
round 163
round 164
round 165
coin 20 6
coin 57 25
round 166
round 167
round 168
round 169
bot 0 25 30
round 170
bot 0 24 29
coin 9 12
coin 68 17
round 171
round 172
round 173
round 174
bot 0 24 30
round 175
coin 56 5
coin 21 26
round 176
round 177
round 178
round 179
round 180
coin 13 13
coin 64 18
round 181
round 182
bot 0 23 30
round 183
bot 0 24 29
round 184
round 185
coin 13 20
coin 64 11
round 186
round 187
bot 0 23 28
round 188
bot 0 22 27
round 189
bot 0 21 26
coin_collected 21 26 0
bot_coins 0 8
round 190
bot 0 20 25
coin 68 22
coin 9 9
round 191
bot 0 19 24
round 192
bot 0 18 23
round 193
bot 0 17 24
coin_collected 16 24 0
bot_coins 0 9
round 194
bot 0 16 23
round 195
bot 0 15 24
coin_collected 14 24 0
bot_coins 0 10
coin 30 30
coin 47 1
round 196
bot 0 14 23
round 197
bot 0 13 22
coin_collected 13 21 0
bot_coins 0 11
round 198
bot 0 12 23
round 199
bot 0 11 22
round 200
bot 0 10 23
coin_collected 10 23 0
bot_coins 0 12
coin 66 17
coin 11 14
match_over 0
