match
match_id 1639178139554_hu
match_time 1639178139564
num_bots 1
##MatchConfig
mode FRIENDLY
num_rounds 200
random_seed 42
move_time_limit 1000
coin_spawn_period 5
coin_spawn_volume 2
##MapConfig
map_size 60 32
view_radius 5
mining_radius 1
attack_radius 4
block 42 2
block 43 2
block 44 2
block 45 2
block 46 2
block 42 3
block 43 3
block 44 3
block 45 3
block 46 3
block 31 4
block 32 4
block 33 4
block 34 4
block 35 4
block 42 4
block 43 4
block 44 4
block 45 4
block 46 4
block 18 5
block 19 5
block 20 5
block 21 5
block 22 5
block 31 5
block 32 5
block 33 5
block 34 5
block 35 5
block 42 5
block 43 5
block 44 5
block 45 5
block 46 5
block 18 6
block 19 6
block 20 6
block 21 6
block 22 6
block 31 6
block 32 6
block 33 6
block 34 6
block 35 6
block 39 6
block 40 6
block 41 6
block 42 6
block 43 6
block 44 6
block 45 6
block 46 6
block 18 7
block 19 7
block 20 7
block 21 7
block 22 7
block 31 7
block 32 7
block 33 7
block 34 7
block 35 7
block 39 7
block 40 7
block 41 7
block 42 7
block 43 7
block 44 7
block 45 7
block 46 7
block 18 8
block 19 8
block 20 8
block 21 8
block 22 8
block 31 8
block 32 8
block 33 8
block 34 8
block 35 8
block 42 8
block 43 8
block 44 8
block 45 8
block 46 8
block 18 9
block 19 9
block 20 9
block 21 9
block 22 9
block 31 9
block 32 9
block 33 9
block 34 9
block 35 9
block 18 10
block 19 10
block 20 10
block 21 10
block 22 10
block 31 10
block 32 10
block 33 10
block 34 10
block 35 10
block 44 10
block 45 10
block 46 10
block 47 10
block 44 11
block 45 11
block 46 11
block 47 11
block 44 12
block 45 12
block 46 12
block 47 12
block 6 14
block 7 14
block 8 14
block 9 14
block 10 14
block 11 14
block 15 14
block 16 14
block 17 14
block 18 14
block 6 15
block 7 15
block 8 15
block 9 15
block 10 15
block 11 15
block 15 15
block 16 15
block 17 15
block 18 15
block 6 16
block 7 16
block 8 16
block 9 16
block 10 16
block 11 16
block 15 16
block 16 16
block 17 16
block 18 16
block 53 16
block 54 16
block 55 16
block 56 16
block 57 16
block 58 16
block 59 16
block 6 17
block 7 17
block 8 17
block 9 17
block 10 17
block 11 17
block 15 17
block 16 17
block 17 17
block 18 17
block 53 17
block 54 17
block 55 17
block 56 17
block 57 17
block 58 17
block 59 17
block 15 18
block 16 18
block 17 18
block 18 18
block 53 18
block 54 18
block 55 18
block 56 18
block 57 18
block 58 18
block 59 18
block 15 19
block 16 19
block 17 19
block 18 19
block 53 19
block 54 19
block 55 19
block 56 19
block 57 19
block 58 19
block 59 19
block 53 20
block 54 20
block 55 20
block 56 20
block 57 20
block 58 20
block 59 20
block 44 26
block 45 26
block 46 26
block 44 27
block 45 27
block 46 27
block 44 28
block 45 28
block 46 28
block 44 29
block 45 29
block 46 29
block 47 29
block 44 30
block 45 30
block 46 30
block 47 30
block 44 31
block 45 31
block 46 31
block 47 31
##BotsAndCoinsInfo
bot_name 0 starter-bot
bot 0 13 2
bot_coins 0 0
coin 50 1
coin 9 30
round 1
bot 0 13 3
round 2
bot 0 13 4
round 3
bot 0 13 5
round 4
bot 0 13 6
round 5
bot 0 13 7
coin 48 1
coin 11 30
round 6
bot 0 13 8
round 7
bot 0 13 9
round 8
bot 0 13 10
round 9
bot 0 13 11
round 10
bot 0 13 12
coin 30 30
coin 29 1
round 11
bot 0 13 13
round 12
bot 0 13 14
round 13
bot 0 13 15
round 14
bot 0 13 16
round 15
bot 0 13 17
coin 5 22
coin 54 9
round 16
bot 0 13 18
round 17
bot 0 13 19
round 18
bot 0 13 20
round 19
bot 0 13 21
round 20
bot 0 13 22
coin 19 2
coin 40 29
round 21
bot 0 13 23
round 22
bot 0 13 24
round 23
bot 0 13 25
round 24
bot 0 13 26
round 25
bot 0 13 27
coin 2 14
coin 57 15
round 26
bot 0 13 28
round 27
bot 0 13 29
round 28
bot 0 13 30
round 29
bot 0 13 31
round 30
coin 36 12
coin 23 19
round 31
round 32
round 33
round 34
round 35
coin 56 22
coin 3 9
round 36
round 37
round 38
round 39
round 40
coin 36 24
coin 23 7
round 41
round 42
round 43
bot 0 12 31
round 44
bot 0 11 31
coin_collected 11 30 0
bot_coins 0 1
round 45
bot 0 10 31
coin 43 31
coin 16 0
round 46
bot 0 9 31
coin_collected 9 30 0
bot_coins 0 2
round 47
bot 0 8 31
round 48
bot 0 7 31
round 49
round 50
coin 20 4
coin 39 27
round 51
match_over 0
round 52
