match
match_id 1639473630671_ad
match_time 1639473630674
num_bots 1
##MatchConfig
mode FRIENDLY
num_rounds 200
random_seed 42
move_time_limit 1000
coin_spawn_period 5
coin_spawn_volume 2
##MapConfig
map_size 69 21
view_radius 6
mining_radius 2
attack_radius 3
block 2 0
block 3 0
block 4 0
block 6 0
block 7 0
block 8 0
block 9 0
block 10 0
block 11 0
block 12 0
block 13 0
block 14 0
block 15 0
block 16 0
block 17 0
block 20 0
block 21 0
block 22 0
block 23 0
block 24 0
block 49 0
block 50 0
block 51 0
block 52 0
block 53 0
block 57 0
block 58 0
block 59 0
block 60 0
block 61 0
block 62 0
block 10 1
block 11 1
block 12 1
block 13 1
block 14 1
block 15 1
block 57 1
block 58 1
block 59 1
block 60 1
block 61 1
block 62 1
block 1 2
block 2 2
block 3 2
block 4 2
block 5 2
block 39 2
block 40 2
block 41 2
block 42 2
block 43 2
block 1 3
block 2 3
block 3 3
block 4 3
block 5 3
block 39 3
block 40 3
block 41 3
block 42 3
block 43 3
block 1 4
block 2 4
block 3 4
block 4 4
block 5 4
block 39 4
block 40 4
block 41 4
block 42 4
block 43 4
block 1 5
block 2 5
block 3 5
block 4 5
block 5 5
block 39 5
block 40 5
block 41 5
block 42 5
block 43 5
block 39 6
block 40 6
block 41 6
block 42 6
block 43 6
block 54 6
block 55 6
block 56 6
block 0 7
block 1 7
block 2 7
block 3 7
block 39 7
block 40 7
block 41 7
block 42 7
block 43 7
block 54 7
block 55 7
block 56 7
block 0 8
block 1 8
block 2 8
block 3 8
block 4 8
block 5 8
block 6 8
block 25 8
block 26 8
block 27 8
block 28 8
block 29 8
block 30 8
block 31 8
block 32 8
block 48 8
block 49 8
block 54 8
block 55 8
block 56 8
block 57 8
block 58 8
block 59 8
block 60 8
block 61 8
block 62 8
block 1 9
block 2 9
block 3 9
block 4 9
block 5 9
block 6 9
block 25 9
block 26 9
block 27 9
block 28 9
block 29 9
block 30 9
block 31 9
block 32 9
block 48 9
block 49 9
block 54 9
block 55 9
block 56 9
block 57 9
block 58 9
block 59 9
block 60 9
block 61 9
block 62 9
block 1 10
block 2 10
block 3 10
block 4 10
block 5 10
block 6 10
block 7 10
block 8 10
block 9 10
block 10 10
block 25 10
block 26 10
block 27 10
block 28 10
block 29 10
block 30 10
block 31 10
block 32 10
block 48 10
block 49 10
block 56 10
block 57 10
block 58 10
block 59 10
block 60 10
block 61 10
block 62 10
block 1 11
block 2 11
block 3 11
block 4 11
block 5 11
block 6 11
block 7 11
block 8 11
block 9 11
block 10 11
block 25 11
block 26 11
block 27 11
block 28 11
block 29 11
block 30 11
block 48 11
block 49 11
block 56 11
block 57 11
block 58 11
block 59 11
block 60 11
block 61 11
block 62 11
block 63 11
block 64 11
block 65 11
block 66 11
block 67 11
block 25 12
block 26 12
block 27 12
block 28 12
block 29 12
block 30 12
block 48 12
block 49 12
block 62 12
block 63 12
block 64 12
block 65 12
block 66 12
block 67 12
block 68 12
block 48 13
block 49 13
block 62 13
block 63 13
block 64 13
block 65 13
block 66 13
block 67 13
block 68 13
block 62 14
block 63 14
block 64 14
block 65 14
block 66 14
block 67 14
block 68 14
block 20 15
block 21 15
block 22 15
block 23 15
block 24 15
block 54 15
block 55 15
block 56 15
block 57 15
block 58 15
block 59 15
block 62 15
block 63 15
block 64 15
block 65 15
block 66 15
block 67 15
block 68 15
block 6 16
block 7 16
block 8 16
block 9 16
block 10 16
block 11 16
block 20 16
block 21 16
block 22 16
block 23 16
block 24 16
block 54 16
block 55 16
block 56 16
block 57 16
block 58 16
block 59 16
block 62 16
block 63 16
block 64 16
block 65 16
block 66 16
block 67 16
block 68 16
block 6 17
block 7 17
block 8 17
block 9 17
block 10 17
block 11 17
block 20 17
block 21 17
block 22 17
block 23 17
block 24 17
block 25 17
block 26 17
block 54 17
block 55 17
block 56 17
block 57 17
block 58 17
block 59 17
block 62 17
block 63 17
block 64 17
block 65 17
block 66 17
block 67 17
block 68 17
block 6 18
block 7 18
block 8 18
block 9 18
block 10 18
block 11 18
block 12 18
block 13 18
block 14 18
block 15 18
block 16 18
block 17 18
block 20 18
block 21 18
block 22 18
block 23 18
block 24 18
block 25 18
block 26 18
block 54 18
block 55 18
block 56 18
block 57 18
block 58 18
block 59 18
block 6 19
block 7 19
block 8 19
block 9 19
block 10 19
block 11 19
block 12 19
block 13 19
block 14 19
block 15 19
block 16 19
block 17 19
block 20 19
block 21 19
block 22 19
block 23 19
block 24 19
block 25 19
block 26 19
block 54 19
block 55 19
block 56 19
block 57 19
block 58 19
block 59 19
block 2 20
block 3 20
block 4 20
block 6 20
block 7 20
block 8 20
block 9 20
block 10 20
block 11 20
block 12 20
block 13 20
block 14 20
block 15 20
block 16 20
block 17 20
block 20 20
block 21 20
block 22 20
block 23 20
block 24 20
block 49 20
block 50 20
block 51 20
block 52 20
block 53 20
block 57 20
block 58 20
block 59 20
block 60 20
block 61 20
block 62 20
##BotsAndCoinsInfo
bot_name 0 starter-bot
bot 0 35 18
bot_coins 0 0
coin 29 13
coin 39 8
round 1
bot 0 35 19
round 2
bot 0 35 20
round 3
bot 0 34 19
round 4
bot 0 34 18
round 5
bot 0 34 17
coin 9 15
coin 59 5
round 6
bot 0 34 16
round 7
bot 0 34 15
round 8
bot 0 34 14
round 9
bot 0 34 13
round 10
bot 0 34 12
coin 30 4
coin 38 16
round 11
bot 0 34 11
round 12
bot 0 34 10
round 13
bot 0 34 9
round 14
bot 0 34 8
round 15
bot 0 34 7
coin 5 17
coin 63 3
round 16
bot 0 34 6
round 17
bot 0 34 5
round 18
bot 0 34 4
round 19
bot 0 34 3
round 20
bot 0 34 2
coin 7 15
coin 61 5
round 21
bot 0 34 1
round 22
bot 0 34 0
round 23
bot 0 33 1
round 24
bot 0 33 2
round 25
bot 0 33 3
coin 23 11
coin 45 9
round 26
bot 0 33 4
round 27
bot 0 33 5
round 28
bot 0 33 6
round 29
bot 0 33 7
round 30
bot 0 33 8
coin 48 0
coin 19 20
round 31
bot 0 33 9
round 32
bot 0 33 10
round 33
bot 0 33 11
round 34
bot 0 33 12
round 35
bot 0 33 13
coin 60 17
coin 8 3
round 36
bot 0 33 14
round 37
bot 0 33 15
round 38
bot 0 33 16
round 39
bot 0 33 17
round 40
bot 0 33 18
coin 33 12
coin 35 8
round 41
bot 0 33 19
round 42
bot 0 33 20
round 43
bot 0 32 19
round 44
bot 0 32 18
round 45
bot 0 32 17
coin 46 2
coin 19 18
round 46
bot 0 32 16
round 47
bot 0 32 15
round 48
bot 0 32 14
round 49
bot 0 32 13
coin_collected 33 12 0
bot_coins 0 1
round 50
bot 0 32 12
coin 14 2
coin 53 18
round 51
bot 0 32 11
round 52
bot 0 31 11
round 53
round 54
bot 0 31 12
round 55
bot 0 31 13
coin_collected 29 13 0
bot_coins 0 2
coin 23 9
coin 45 11
round 56
bot 0 31 14
round 57
bot 0 31 15
round 58
bot 0 31 16
round 59
bot 0 31 17
round 60
bot 0 31 18
coin 24 9
coin 44 11
round 61
bot 0 31 19
round 62
bot 0 31 20
round 63
bot 0 30 19
round 64
bot 0 30 18
round 65
bot 0 30 17
coin 61 12
coin 7 8
round 66
bot 0 30 16
round 67
bot 0 30 15
round 68
bot 0 30 14
round 69
bot 0 30 13
round 70
bot 0 29 13
coin 58 12
coin 10 8
round 71
bot 0 28 13
round 72
bot 0 27 13
round 73
bot 0 26 13
round 74
bot 0 25 13
round 75
bot 0 24 13
coin 44 6
coin 24 14
round 76
bot 0 23 14
coin_collected 24 14 0
bot_coins 0 3
round 77
bot 0 22 14
round 78
bot 0 21 14
round 79
bot 0 20 14
round 80
bot 0 19 14
coin 65 18
coin 3 1
round 81
bot 0 19 15
round 82
bot 0 19 16
coin_collected 19 18 0
bot_coins 0 4
round 83
bot 0 19 17
round 84
bot 0 19 18
coin_collected 19 20 0
bot_coins 0 5
round 85
bot 0 19 19
coin 63 10
coin 5 12
round 86
bot 0 19 20
round 87
bot 0 18 19
round 88
bot 0 18 18
round 89
bot 0 18 17
round 90
bot 0 18 16
coin 42 19
coin 26 1
round 91
bot 0 18 15
round 92
bot 0 18 14
round 93
bot 0 18 13
round 94
bot 0 18 12
round 95
bot 0 18 11
coin 7 6
coin 61 14
round 96
bot 0 18 10
round 97
bot 0 18 9
round 98
bot 0 18 8
round 99
bot 0 18 7
round 100
bot 0 18 6
coin 32 19
coin 36 1
round 101
bot 0 18 5
round 102
bot 0 18 4
round 103
bot 0 18 3
round 104
bot 0 18 2
round 105
bot 0 18 1
coin 14 7
coin 54 13
round 106
bot 0 18 0
round 107
bot 0 18 1
round 108
round 109
round 110
bot 0 18 0
coin 41 0
coin 27 20
round 111
bot 0 18 1
round 112
round 113
round 114
round 115
bot 0 18 2
coin 37 2
coin 31 18
round 116
round 117
round 118
bot 0 17 3
round 119
round 120
coin 24 10
coin 44 10
round 121
round 122
bot 0 16 3
round 123
round 124
round 125
coin 37 14
coin 31 6
round 126
bot 0 17 3
round 127
round 128
round 129
round 130
bot 0 17 4
coin 32 1
coin 36 19
round 131
round 132
round 133
round 134
bot 0 16 5
round 135
coin 68 7
coin 0 13
round 136
round 137
round 138
bot 0 17 4
round 139
round 140
coin 28 7
coin 40 13
round 141
round 142
bot 0 17 5
round 143
round 144
round 145
coin 9 3
coin 60 18
round 146
bot 0 17 4
round 147
round 148
round 149
round 150
bot 0 16 3
coin 4 6
coin 61 15
round 151
round 152
round 153
round 154
bot 0 16 2
coin_collected 14 2 0
bot_coins 0 6
round 155
coin 61 16
coin 7 4
round 156
round 157
round 158
bot 0 17 2
round 159
round 160
coin 44 2
coin 25 16
round 161
round 162
bot 0 16 1
round 163
round 164
round 165
coin 35 4
coin 33 16
round 166
bot 0 15 2
round 167
round 168
round 169
round 170
bot 0 14 2
coin 42 12
coin 26 7
round 171
round 172
round 173
round 174
round 175
coin 40 8
coin 28 13
round 176
round 177
round 178
round 179
round 180
coin 67 7
coin 1 13
round 181
round 182
bot 0 15 2
round 183
round 184
round 185
coin 58 5
coin 10 15
round 186
bot 0 15 3
round 187
round 188
round 189
round 190
bot 0 15 2
coin 53 7
coin 15 13
round 191
round 192
round 193
round 194
bot 0 16 3
round 195
coin 23 1
coin 45 19
round 196
round 197
round 198
bot 0 17 4
round 199
round 200
coin 15 2
coin 53 17
match_over 0
